4175 4.311084747314453
4175 0.080108642578125
4172 0.07700920104980469
4130 0.0438690185546875
4130 0.07200241088867188
4129 0.09512901306152344
4122 0.04696846008300781
4100 0.12111663818359375
4100 0.08606910705566406
4098 0.11610984802246094
4091 0.07796287536621094
4058 0.07390975952148438
4058 0.03695487976074219
3993 0.04506111145019531
3968 0.04601478576660156
3950 0.04887580871582031
3938 0.06794929504394531
3938 0.03409385681152344
3938 0.05888938903808594
3937 0.08893013000488281
3921 0.03695487976074219
3921 0.030040740966796875
3921 0.048160552978515625
3897 0.06699562072753906
3897 0.07796287536621094
3888 0.0820159912109375
3888 0.054836273193359375
3885 0.06794929504394531
3864 0.04100799560546875
3864 0.10204315185546875
3864 0.09918212890625
3864 0.09202957153320312
3864 0.05793571472167969
3858 0.057220458984375
3858 0.09393692016601562
3858 0.0209808349609375
3858 0.11491775512695312
3806 0.15211105346679688
3806 0.07605552673339844
3769 0.03504753112792969
3757 0.03314018249511719
3721 0.030040740966796875
3721 0.04601478576660156
3714 0.11801719665527344
3714 0.13113021850585938
3714 0.03910064697265625
3712 0.11491775512695312
3712 0.08893013000488281
3712 0.0591278076171875
3704 0.2110004425048828
3704 0.07891654968261719
3704 0.025987625122070312
3704 0.025987625122070312
3697 0.09393692016601562
3613 0.05793571472167969
3613 0.08797645568847656
3588 0.12087821960449219
3584 0.06794929504394531
3567 0.11801719665527344
3544 0.047206878662109375
3532 0.08702278137207031
3520 0.08797645568847656
3520 0.027894973754882812
3496 0.06580352783203125
3495 0.06079673767089844
3495 0.064849853515625
3481 0.08392333984375
3481 0.08797645568847656
3481 0.08606910705566406
3481 0.0400543212890625
3469 0.04696846008300781
3469 0.02002716064453125
3469 0.028848648071289062
3469 0.07486343383789062
3469 0.04696846008300781
3464 0.025033950805664062
3464 0.050067901611328125
3458 0.0209808349609375
3446 0.034809112548828125
3446 0.014781951904296875
3446 0.0782012939453125
3422 0.04982948303222656
3405 0.07200241088867188
3403 0.0629425048828125
3403 0.029087066650390625
3403 0.080108642578125
3403 0.0629425048828125
3399 0.09107589721679688
3397 0.080108642578125
3396 0.07796287536621094
3396 0.04291534423828125
3359 0.09989738464355469
3359 0.0069141387939453125
3348 0.08702278137207031
3348 0.022172927856445312
3335 0.09608268737792969
3335 0.02193450927734375
3335 0.08606910705566406
3335 0.06508827209472656
3323 0.04506111145019531
3323 0.025033950805664062
3323 0.01811981201171875
3323 0.10800361633300781
3323 0.08821487426757812
3323 0.029087066650390625
3282 0.080108642578125
3273 0.03886222839355469
3273 0.025987625122070312
3262 0.09298324584960938
3262 0.07915496826171875
3262 0.08296966552734375
3262 0.0400543212890625
3262 0.03600120544433594
3259 0.08821487426757812
3259 0.0400543212890625
3257 0.06794929504394531
3257 0.10991096496582031
3257 0.06985664367675781
3241 0.048160552978515625
3241 0.02002716064453125
3241 0.08606910705566406
3241 0.016927719116210938
3241 0.04601478576660156
3221 0.03504753112792969
3221 0.06604194641113281
3221 0.051021575927734375
3221 0.09512901306152344
3218 0.041961669921875
3215 0.04601478576660156
3205 0.07605552673339844
3189 0.09393692016601562
3184 0.02002716064453125
3184 0.04100799560546875
3184 0.03695487976074219
3184 0.014066696166992188
3184 0.03409385681152344
3184 0.07510185241699219
3184 0.054836273193359375
3184 0.08702278137207031
3169 0.07891654968261719
3169 0.03814697265625
3169 0.20694732666015625
3169 0.08797645568847656
3169 0.09822845458984375
3169 0.08702278137207031
3169 0.04601478576660156
3169 0.09202957153320312
3169 0.041961669921875
3168 0.09608268737792969
3168 0.07987022399902344
3154 0.032901763916015625
3154 0.19097328186035156
3154 0.11610984802246094
3154 0.19311904907226562
3154 0.17309188842773438
3115 0.09489059448242188
3113 0.2970695495605469
3102 0.11801719665527344
3102 0.053882598876953125
3097 0.19097328186035156
3097 0.06198883056640625
3097 0.04982948303222656
3033 0.07987022399902344
3033 0.07200241088867188
3033 0.030040740966796875
3033 0.04601478576660156
3020 0.010013580322265625
3020 0.06389617919921875
3020 0.17595291137695312
3018 0.05698204040527344
3009 0.16999244689941406
3009 0.04291534423828125
3007 0.06604194641113281
3000 0.029087066650390625
3000 0.030994415283203125
3000 0.018835067749023438
3000 0.05984306335449219
3000 0.028848648071289062
3000 0.13208389282226562
3000 0.05602836608886719
3000 0.05698204040527344
2993 0.06794929504394531
2993 0.03504753112792969
2993 0.029087066650390625
2981 0.11992454528808594
2981 0.032901763916015625
2981 0.1850128173828125
2981 0.13017654418945312
2981 0.15401840209960938
2956 0.17714500427246094
2956 0.028133392333984375
2950 0.05793571472167969
2950 0.1399517059326172
2950 0.11301040649414062
2950 0.1251697540283203
2939 0.04100799560546875
2939 0.03719329833984375
2939 0.054836273193359375
2921 0.1468658447265625
2921 0.033855438232421875
2921 0.1499652862548828
2921 0.0858306884765625
2910 0.09202957153320312
2910 0.04792213439941406
2888 0.030040740966796875
2888 0.04887580871582031
2883 0.17118453979492188
2883 0.17690658569335938
2883 0.07987022399902344
2883 0.13899803161621094
2883 0.08702278137207031
2883 0.1480579376220703
2883 0.02002716064453125
2883 0.18596649169921875
2880 0.12087821960449219
2880 0.04696846008300781
2880 0.13899803161621094
2880 0.050067901611328125
2874 0.030040740966796875
2874 0.14400482177734375
2874 0.031948089599609375
2874 0.0400543212890625
2874 0.029087066650390625
2874 0.05984306335449219
2874 0.051975250244140625
2865 0.052928924560546875
2865 0.04315376281738281
2865 0.15306472778320312
2846 0.09894371032714844
2846 0.06103515625
2815 0.06508827209472656
2810 0.1380443572998047
2810 0.09608268737792969
2810 0.04506111145019531
2810 0.03409385681152344
2810 0.0820159912109375
2810 0.04506111145019531
2810 0.016927719116210938
2810 0.054836273193359375
2810 0.11205673217773438
2810 0.007152557373046875
2809 0.1518726348876953
2809 0.10180473327636719
2809 0.24080276489257812
2809 0.053882598876953125
2809 0.07295608520507812
2809 0.027179718017578125
2809 0.053882598876953125
2805 0.1068115234375
2805 0.11014938354492188
2805 0.09202957153320312
2805 0.11396408081054688
2805 0.11014938354492188
2805 0.09608268737792969
2801 0.1289844512939453
2801 0.028133392333984375
2801 0.0820159912109375
2801 0.102996826171875
2778 0.06914138793945312
2778 0.04100799560546875
2762 0.06318092346191406
2762 0.11587142944335938
2762 0.04792213439941406
2762 0.11801719665527344
2762 0.11396408081054688
2762 0.0400543212890625
2762 0.027894973754882812
2743 0.04410743713378906
2743 0.09512901306152344
2743 0.032901763916015625
2743 0.10418891906738281
2720 0.06890296936035156
2713 0.102996826171875
2713 0.06198883056640625
2713 0.09489059448242188
2711 0.09584426879882812
2700 0.029802322387695312
2700 0.05888938903808594
2700 0.10704994201660156
2681 0.09512901306152344
2681 0.03814697265625
2678 0.11682510375976562
2678 0.032901763916015625
2678 0.08416175842285156
2676 0.08702278137207031
2676 0.08702278137207031
2676 0.09703636169433594
2676 0.09202957153320312
2676 0.07295608520507812
2676 0.09393692016601562
2676 0.024080276489257812
2676 0.015020370483398438
2676 0.11110305786132812
2676 0.08296966552734375
2676 0.03600120544433594
2676 0.029087066650390625
2671 0.07200241088867188
2651 0.11801719665527344
2651 0.09894371032714844
2651 0.06890296936035156
2651 0.07510185241699219
2651 0.025033950805664062
2651 0.04792213439941406
2651 0.11110305786132812
2643 0.06103515625
2628 0.06008148193359375
2628 0.02193450927734375
2628 0.09393692016601562
2628 0.07605552673339844
2628 0.13017654418945312
2626 0.07700920104980469
2585 0.11706352233886719
2585 0.11491775512695312
2574 0.10704994201660156
2574 0.07605552673339844
2553 0.06699562072753906
2553 0.03409385681152344
2511 0.10800361633300781
2511 0.026941299438476562
2511 0.04100799560546875
2511 0.04887580871582031
2505 0.08106231689453125
2491 0.030994415283203125
2491 0.0209808349609375
2491 0.09298324584960938
2474 0.08606910705566406
2474 0.10013580322265625
2474 4.509925842285156
2474 0.3120899200439453
2456 0.2551078796386719
2456 0.09584426879882812
2456 0.04696846008300781
2456 0.2040863037109375
2456 0.5309581756591797
2456 0.07390975952148438
2456 0.07915496826171875
2456 0.20599365234375
2456 0.04887580871582031
2456 0.26297569274902344
2456 0.30493736267089844
2456 0.05698204040527344
2456 0.07390975952148438
2456 0.15306472778320312
2456 0.04696846008300781
2456 0.09989738464355469
2456 0.041961669921875
2445 0.030994415283203125
2445 0.08893013000488281
2445 0.12683868408203125
2445 0.07390975952148438
2428 0.03886222839355469
2420 0.03314018249511719
2409 0.09489059448242188
2409 0.09799003601074219
2404 0.0820159912109375
2401 0.05793571472167969
2401 0.10800361633300781
2401 0.025033950805664062
2398 0.102996826171875
2398 0.06604194641113281
2398 0.09799003601074219
2398 0.08797645568847656
2398 0.07486343383789062
2383 0.0438690185546875
2381 0.0438690185546875
2381 0.024080276489257812
2381 0.030040740966796875
2378 0.030040740966796875
2378 0.029087066650390625
2378 0.080108642578125
2378 0.09489059448242188
2373 0.05817413330078125
2373 0.11014938354492188
2373 0.07200241088867188
2373 0.03504753112792969
2373 0.026941299438476562
2373 0.03719329833984375
2373 0.028848648071289062
2373 0.05078315734863281
2373 0.07915496826171875
2373 0.06508827209472656
2370 0.08392333984375
2358 0.09202957153320312
2358 0.030994415283203125
2351 0.06222724914550781
2337 0.10800361633300781
2317 0.102996826171875
2313 0.04291534423828125
2313 0.053882598876953125
2313 0.11706352233886719
2313 0.09799003601074219
2304 0.1270771026611328
2304 0.04482269287109375
2304 0.04220008850097656
2304 0.03695487976074219
2304 0.08702278137207031
2300 0.08320808410644531
2300 0.04291534423828125
2300 0.07414817810058594
2300 0.04601478576660156
2300 0.10704994201660156
2300 0.053882598876953125
2300 0.07081031799316406
2300 0.11992454528808594
2300 0.1270771026611328
2300 0.03600120544433594
2251 0.11610984802246094
2246 0.025987625122070312
2246 0.02193450927734375
2246 0.05817413330078125
2241 0.02193450927734375
2234 0.22602081298828125
2234 0.04482269287109375
2231 0.10895729064941406
2224 0.12683868408203125
2224 0.05984306335449219
2224 0.04887580871582031
2223 0.13780593872070312
2223 0.03504753112792969
2223 0.1049041748046875
2223 0.08893013000488281
2223 0.07700920104980469
2223 0.11587142944335938
2223 0.1380443572998047
2213 0.1461505889892578
2213 0.12493133544921875
2213 0.2551078796386719
2213 0.13494491577148438
2213 0.14519691467285156
2213 0.04601478576660156
2213 0.028133392333984375
2213 0.04100799560546875
2213 1.1970996856689453
2213 0.12493133544921875
2208 0.034809112548828125
2208 0.049114227294921875
2199 0.07700920104980469
2199 0.041961669921875
2199 0.051975250244140625
2199 0.053882598876953125
2199 0.054836273193359375
2199 0.13113021850585938
2199 0.03719329833984375
2199 0.12302398681640625
2199 0.07605552673339844
2199 0.09799003601074219
2187 0.08511543273925781
2147 0.041961669921875
2136 0.04601478576660156
2136 0.03910064697265625
2136 0.186920166015625
2136 0.10514259338378906
2136 0.1289844512939453
2136 0.08106231689453125
2136 0.04506111145019531
2136 0.05817413330078125
2136 0.03695487976074219
2124 0.05602836608886719
2124 0.125885009765625
2112 0.029087066650390625
2098 0.12302398681640625
2098 0.0591278076171875
2098 0.03409385681152344
2091 0.06008148193359375
2091 0.06604194641113281
2091 0.13709068298339844
2083 0.0629425048828125
2083 0.07295608520507812
2074 0.04410743713378906
2071 0.0438690185546875
2071 0.08893013000488281
2071 0.1010894775390625
2071 0.030040740966796875
2069 0.03504753112792969
2069 0.10895729064941406
2069 0.11706352233886719
2069 0.08916854858398438
2069 0.08106231689453125
2069 0.03910064697265625
2069 0.04291534423828125
2059 0.1220703125
2059 0.1659393310546875
2059 0.03814697265625
2059 0.015974044799804688
2059 0.05412101745605469
2059 0.12683868408203125
2059 0.11706352233886719
2041 0.4730224609375
2041 0.21910667419433594
2035 0.1537799835205078
2035 0.06198883056640625
2035 0.051021575927734375
2035 0.1552104949951172
2035 0.09298324584960938
2035 0.030994415283203125
2035 0.27489662170410156
2035 0.05602836608886719
2035 0.30994415283203125
2035 0.05793571472167969
2035 0.07987022399902344
2035 0.04482269287109375
2035 0.08893013000488281
2035 0.09489059448242188
2035 0.11992454528808594
2035 0.13494491577148438
2035 0.141143798828125
1989 0.19502639770507812
1989 0.048160552978515625
1989 0.04100799560546875
1989 0.21600723266601562
1989 0.013828277587890625
1978 0.16307830810546875
1978 0.14901161193847656
1978 0.03981590270996094
1976 0.13494491577148438
1969 0.38695335388183594
1969 0.13017654418945312
1969 0.23102760314941406
1969 0.050067901611328125
1969 0.0591278076171875
1969 0.26607513427734375
1969 0.03981590270996094
1969 0.04100799560546875
1969 0.1361370086669922
1969 0.07200241088867188
1969 0.14710426330566406
1969 0.2608299255371094
1969 0.14400482177734375
1969 0.09989738464355469
1961 0.1518726348876953
1961 0.2570152282714844
1954 0.11205673217773438
1954 0.15282630920410156
1954 0.1430511474609375
1954 0.11801719665527344
1954 0.13208389282226562
1954 0.08702278137207031
1944 0.05412101745605469
1944 0.14209747314453125
1944 0.09512901306152344
1935 0.03790855407714844
1935 0.10895729064941406
1935 0.01811981201171875
1922 0.09799003601074219
1922 0.06008148193359375
1918 0.09012222290039062
1918 0.04506111145019531
1918 0.07390975952148438
1918 0.125885009765625
1915 0.09202957153320312
1915 0.10204315185546875
1915 0.11014938354492188
1913 0.14400482177734375
1894 0.17905235290527344
1894 0.05793571472167969
1884 0.07390975952148438
1884 0.03504753112792969
1884 0.09012222290039062
1879 0.14710426330566406
1879 0.041961669921875
1879 0.049114227294921875
1879 0.08606910705566406
1879 0.050067901611328125
1879 0.13113021850585938
1879 0.09584426879882812
1879 0.12683868408203125
1879 0.07104873657226562
1879 0.03886222839355469
1879 0.021219253540039062
1879 0.07486343383789062
1879 0.080108642578125
1879 0.04601478576660156
1879 0.10704994201660156
1879 0.03409385681152344
1879 0.11897087097167969
1877 0.028133392333984375
1877 0.014066696166992188
1877 0.019073486328125
1873 0.06794929504394531
1870 0.027179718017578125
1868 0.13685226440429688
1868 0.025987625122070312
1868 0.08702278137207031
1847 0.102996826171875
1847 0.015020370483398438
1836 0.09799003601074219
1836 0.041961669921875
1836 0.024080276489257812
1836 0.033855438232421875
1836 0.12302398681640625
1836 0.11801719665527344
1836 0.07295608520507812
1834 0.06818771362304688
1834 0.08296966552734375
1832 0.08893013000488281
1822 0.05793571472167969
1822 0.03600120544433594
1822 0.03814697265625
1822 0.02288818359375
1818 0.031948089599609375
1818 0.04482269287109375
1818 0.07581710815429688
1818 0.10609626770019531
1814 0.0400543212890625
1813 0.09298324584960938
1813 0.05221366882324219
1813 0.051975250244140625
1807 0.10800361633300781
1807 0.09417533874511719
1793 0.031948089599609375
1780 0.13113021850585938
1780 0.03409385681152344
1780 0.10704994201660156
1767 0.16999244689941406
1767 0.3960132598876953
1767 0.13494491577148438
1767 0.2570152282714844
1765 0.09894371032714844
1765 0.17690658569335938
1762 0.06580352783203125
1762 0.18787384033203125
1762 0.13184547424316406
1762 0.05698204040527344
1757 0.1270771026611328
1757 0.03218650817871094
1757 0.032901763916015625
1747 0.12803077697753906
1747 0.1308917999267578
1747 0.09107589721679688
1740 0.11992454528808594
1740 0.04100799560546875
1735 0.09298324584960938
1735 0.04315376281738281
1735 0.13899803161621094
1735 0.1361370086669922
1735 0.11610984802246094
1735 0.015974044799804688
1728 0.032901763916015625
1728 0.1220703125
1728 0.009059906005859375
1728 0.19097328186035156
1728 0.12087821960449219
1728 0.02193450927734375
1722 0.050067901611328125
1722 0.03910064697265625
1722 0.051021575927734375
1709 0.1270771026611328
1709 0.1327991485595703
1706 0.09298324584960938
1706 0.11801719665527344
1706 0.05698204040527344
1705 0.04601478576660156
1705 0.028133392333984375
1705 0.04887580871582031
1705 0.08893013000488281
1705 0.06008148193359375
1705 0.0069141387939453125
1704 0.04506111145019531
1698 0.1201629638671875
1698 0.03504753112792969
1698 0.09799003601074219
1692 0.10085105895996094
1692 0.08702278137207031
1692 0.05698204040527344
1692 0.09512901306152344
1692 0.13399124145507812
1692 0.13113021850585938
1692 0.051021575927734375
1692 0.054836273193359375
1692 0.10895729064941406
1692 0.0629425048828125
1692 0.02384185791015625
1686 0.033855438232421875
1682 0.07009506225585938
1682 0.03886222839355469
1682 0.13208389282226562
1682 0.1220703125
1679 0.10013580322265625
1679 0.1430511474609375
1673 0.14400482177734375
1673 0.03910064697265625
1673 0.13184547424316406
1673 0.14281272888183594
1673 0.08487701416015625
1660 0.10704994201660156
1645 0.050067901611328125
1645 0.025033950805664062
1645 0.04696846008300781
1643 0.04220008850097656
1633 0.05793571472167969
1633 0.14209747314453125
1633 0.08296966552734375
1633 0.06699562072753906
1633 0.07796287536621094
1633 0.03910064697265625
1629 0.04291534423828125
1629 0.09584426879882812
1627 0.051021575927734375
1616 0.04792213439941406
1616 0.05793571472167969
1616 0.05507469177246094
1616 0.026941299438476562
1616 0.03814697265625
1616 0.04792213439941406
1610 0.09083747863769531
1610 0.10418891906738281
1610 0.04887580871582031
1610 0.03409385681152344
1610 0.08511543273925781
1598 0.1430511474609375
1598 0.06198883056640625
1598 0.047206878662109375
1598 0.07104873657226562
1598 0.02002716064453125
1598 0.04291534423828125
1598 0.08416175842285156
1598 0.08893013000488281
1598 0.05602836608886719
1598 0.08797645568847656
1598 0.09298324584960938
1597 0.0438690185546875
1577 0.09703636169433594
1577 0.13303756713867188
1577 0.09298324584960938
1577 0.12111663818359375
1577 0.19598007202148438
1577 0.0591278076171875
1577 0.05412101745605469
1577 0.08082389831542969
1577 0.07700920104980469
1574 0.13184547424316406
1570 0.13017654418945312
1570 0.09202957153320312
1570 0.06389617919921875
1570 0.07295608520507812
1570 0.0400543212890625
1570 0.04506111145019531
1570 0.02193450927734375
1565 0.05507469177246094
1565 0.03504753112792969
1565 0.09393692016601562
1565 0.10704994201660156
1565 0.09083747863769531
1565 0.04410743713378906
1562 0.11610984802246094
1562 0.02288818359375
1562 0.03695487976074219
1562 0.04506111145019531
1562 0.015020370483398438
1556 0.10395050048828125
1556 0.09608268737792969
1556 0.05793571472167969
1556 0.055789947509765625
1556 0.08082389831542969
1556 0.04100799560546875
1556 0.07796287536621094
1556 0.08893013000488281
1553 0.04291534423828125
1553 0.028133392333984375
1553 0.15401840209960938
1546 0.0820159912109375
1546 0.031948089599609375
1546 0.019073486328125
1546 0.04601478576660156
1546 0.08082389831542969
1546 0.10800361633300781
1546 0.10704994201660156
1546 0.12493133544921875
1544 0.06008148193359375
1544 0.04410743713378906
1544 0.04482269287109375
1544 0.04792213439941406
1544 0.030040740966796875
1544 0.06389617919921875
1544 0.06580352783203125
1544 0.007152557373046875
1544 0.031948089599609375
1544 0.12302398681640625
1544 0.11706352233886719
1544 0.05412101745605469
1544 0.05412101745605469
1544 0.06103515625
1544 0.13685226440429688
1544 0.03409385681152344
1544 0.102996826171875
1544 0.051975250244140625
1544 0.03600120544433594
1541 0.09489059448242188
1541 0.07796287536621094
1541 0.1049041748046875
1541 0.015020370483398438
1541 0.016927719116210938
1541 0.04315376281738281
1541 0.030994415283203125
1541 0.1049041748046875
1541 0.034809112548828125
1541 0.07414817810058594
1538 0.025987625122070312
1538 0.06699562072753906
1538 0.016927719116210938
1538 0.1239776611328125
1538 0.03600120544433594
1534 0.07295608520507812
1534 0.06079673767089844
1534 0.07700920104980469
1534 0.05888938903808594
1534 0.10704994201660156
1534 0.029087066650390625
1534 0.03814697265625
1534 0.04792213439941406
1534 0.11014938354492188
1534 0.0400543212890625
1534 0.02193450927734375
1534 0.02288818359375
1534 0.06508827209472656
1534 0.02193450927734375
1534 0.02002716064453125
1534 0.03695487976074219
1534 0.09894371032714844
1534 0.10514259338378906
1534 0.1919269561767578
1529 0.16307830810546875
1529 0.10395050048828125
1529 0.06794929504394531
1529 0.05888938903808594
1494 0.10585784912109375
1494 0.1850128173828125
1494 0.07796287536621094
1494 0.15115737915039062
1494 0.08702278137207031
1494 0.09107589721679688
1494 0.06794929504394531
1483 0.050067901611328125
1483 0.034809112548828125
1483 0.10204315185546875
1483 0.03504753112792969
1483 0.051021575927734375
1483 0.019073486328125
1483 0.06508827209472656
1478 0.06103515625
1470 0.1289844512939453
1467 0.07700920104980469
1467 0.12993812561035156
1462 0.03790855407714844
1462 0.06103515625
1462 0.03409385681152344
1462 0.1010894775390625
1462 0.027894973754882812
1462 0.034809112548828125
1462 0.014781951904296875
1462 0.12612342834472656
1462 0.12302398681640625
1462 0.0591278076171875
1456 0.10609626770019531
1456 0.053882598876953125
1456 0.02193450927734375
1452 0.0629425048828125
1452 0.04887580871582031
1452 0.1468658447265625
1452 0.04315376281738281
1452 0.052928924560546875
1452 0.03910064697265625
1452 0.0591278076171875
1452 0.09989738464355469
1452 0.10991096496582031
1452 0.07700920104980469
1452 0.11515617370605469
1452 0.027894973754882812
1452 0.11110305786132812
1452 0.030040740966796875
1452 0.13208389282226562
1452 0.08893013000488281
1452 0.04220008850097656
1452 0.05602836608886719
1452 0.04291534423828125
1443 0.11301040649414062
1443 0.0247955322265625
1443 0.0247955322265625
1441 0.02384185791015625
1437 0.09417533874511719
1437 0.11801719665527344
1429 0.13399124145507812
1429 0.10395050048828125
1429 0.051975250244140625
1429 0.027894973754882812
1429 0.0591278076171875
1421 0.12993812561035156
1421 0.11396408081054688
1421 0.030040740966796875
1421 0.04601478576660156
1421 0.11491775512695312
1421 0.13518333435058594
1421 0.04696846008300781
1421 0.10514259338378906
1421 0.11205673217773438
1421 0.09489059448242188
1421 0.09799003601074219
1421 0.06890296936035156
1421 0.07581710815429688
1421 0.09989738464355469
1421 0.1289844512939453
1421 0.06389617919921875
1421 0.09918212890625
1421 0.03695487976074219
1421 0.09202957153320312
1421 0.05412101745605469
1421 0.11396408081054688
1421 0.10895729064941406
1421 0.10204315185546875
1421 0.05793571472167969
1421 0.0591278076171875
1421 0.04601478576660156
1421 0.05793571472167969
1421 0.07486343383789062
1420 0.07605552673339844
1416 0.14519691467285156
1416 0.07081031799316406
1416 0.14591217041015625
1416 0.1938343048095703
1416 0.03695487976074219
1416 0.08893013000488281
1416 0.14209747314453125
1416 0.11301040649414062
1416 0.11181831359863281
1416 0.0629425048828125
1416 0.0400543212890625
1416 0.11014938354492188
1416 0.09202957153320312
1416 0.04100799560546875
1414 0.10800361633300781
1413 0.07104873657226562
1413 0.11110305786132812
1413 0.06103515625
1413 0.11301040649414062
1413 0.024080276489257812
1413 0.10204315185546875
1413 0.10704994201660156
1413 0.21195411682128906
1413 0.07200241088867188
1413 0.07700920104980469
1413 0.1049041748046875
1413 0.10395050048828125
1413 0.1480579376220703
1413 0.06198883056640625
1386 0.04696846008300781
1386 0.04792213439941406
1386 0.06604194641113281
1386 0.030040740966796875
1386 0.03504753112792969
1386 0.11610984802246094
1377 0.10180473327636719
1377 0.015974044799804688
1377 0.030040740966796875
1377 0.032901763916015625
1377 0.05698204040527344
1377 0.11587142944335938
1377 0.051021575927734375
1377 0.031948089599609375
1353 0.11801719665527344
1353 0.11801719665527344
1353 0.03910064697265625
1353 0.1010894775390625
1353 0.05507469177246094
1353 0.031232833862304688
1353 0.11801719665527344
1353 0.09679794311523438
1352 0.04100799560546875
1352 0.017881393432617188
1352 0.1251697540283203
1352 0.033855438232421875
1352 0.08296966552734375
1352 0.07605552673339844
1352 0.102996826171875
1351 0.13494491577148438
1351 0.018835067749023438
1351 0.04100799560546875
1351 0.0171661376953125
1351 0.025033950805664062
1351 0.10585784912109375
1351 0.07414817810058594
1347 0.05888938903808594
1347 0.050067901611328125
1343 0.03504753112792969
1343 0.06699562072753906
1327 0.07891654968261719
1327 0.09703636169433594
1327 0.04982948303222656
1327 0.05698204040527344
1327 0.016927719116210938
1327 0.102996826171875
1327 0.04982948303222656
1327 0.03886222839355469
1327 0.051021575927734375
1327 0.030994415283203125
1327 0.09298324584960938
1327 0.06604194641113281
1327 0.04792213439941406
1327 0.03695487976074219
1327 0.051021575927734375
1327 0.03981590270996094
1327 0.04410743713378906
