0.0120000839233  4272165
0.0130000114441  4252718
0.0130000114441  4237055
0.0130000114441  3932630
0.0130000114441  3606422
0.0130000114441  3241318
0.0130000114441  3231138
0.0130000114441  2965154
0.0130000114441  2955611
0.0130000114441  2936035
0.0130000114441  2935901
0.0130000114441  2863894
0.0130000114441  2667835
0.0139999389648  2607462
0.0150001049042  2596029
0.0150001049042  2538747
0.0150001049042  2529809
0.0150001049042  2514091
0.0150001049042  2513312
0.0150001049042  2355889
0.0160000324249  2337430
0.0160000324249  2326810
0.0160000324249  2262314
0.0160000324249  2198288
0.018000125885  2195042
0.018000125885  2175117
0.018000125885  2170863
0.0239999294281  2141972
0.0250000953674  2138651
0.0260000228882  2125511
0.029000043869  2117566
0.463999986649  2114034
0.730999946594  2091517
0.908999919891  2087055
0.908999919891  2073751
1.24800014496  2072822
1.43400001526  2059358
1.4390001297  2045745
4.88199996948  2044281
7.46600008011  2025073
7.46799993515  2003763
