0.000820159912109375  4936069
0.0008950233459472656  4678121
0.0009310245513916016  4543739
0.0009951591491699219  4535628
0.0010290145874023438  4412065
0.0012102127075195312  3993326
0.0014200210571289062  3698690
0.0014531612396240234  3690614
0.0015480518341064453  3658312
0.0016131401062011719  3467068
0.0017042160034179688  3411417
0.001766204833984375  3400348
0.0017991065979003906  3386999
0.0019850730895996094  3201967
0.0021371841430664062  3080044
0.0027031898498535156  3066130
0.0030930042266845703  3018474
0.0037741661071777344  3008058
0.003840208053588867  2947069
0.004669189453125  2909999
0.005026102066040039  2833891
0.0054721832275390625  2832804
0.00580906867980957  2769865
0.005873203277587891  2725211
0.0059661865234375  2673569
0.006468057632446289  2665875
0.007128000259399414  2648153
0.008308172225952148  2638360
0.008340120315551758  2625073
0.008481025695800781  2576758
0.012493133544921875  2551337
0.015022039413452148  2539619
0.0527651309967041  2514586
0.058091163635253906  2513194
0.06050300598144531  2497369
0.06253600120544434  2491798
0.09313607215881348  2478024
0.09389710426330566  2458842
0.10141706466674805  2454088
0.14413905143737793  2431155
0.14547014236450195  2415414
0.1466221809387207  2369370
0.149522066116333  2367439
0.15019607543945312  2289553
0.1560811996459961  2235545
0.44160008430480957  2233368
0.4473390579223633  2200727
0.44753098487854004  2134415
0.45522403717041016  2119061
0.4552919864654541  2068562
0.8229291439056396  2045745
1.9476191997528076  2003763
