0.018000125885  4107621
0.018000125885  3978569
0.018000125885  3936020
0.018000125885  3800755
0.018000125885  3782206
0.018000125885  3525148
0.018000125885  3506519
0.018000125885  3482611
0.018000125885  3417692
0.018000125885  3370130
0.018000125885  3163057
0.0190000534058  2953237
0.0199999809265  2929448
0.0199999809265  2801448
0.0209999084473  2780751
0.0220000743866  2767014
0.0230000019073  2704468
0.0239999294281  2540936
0.0250000953674  2481309
0.0269999504089  2226145
0.0280001163483  2196879
0.029000043869  2166056
0.0299999713898  2105980
0.0309998989105  2086055
0.0329999923706  2081801
0.0339999198914  2056380
0.0360000133514  2054590
0.0659999847412  2052219
0.117000102997  2023779
0.148000001907  2003763
