0.0249998569489  2987919
0.0249998569489  2957118
0.0249998569489  2937929
0.0249998569489  2844156
0.0249998569489  2824596
0.0249998569489  2820484
0.0249998569489  2771415
0.0249998569489  2761396
0.0249998569489  2729689
0.0249998569489  2704816
0.0269999504089  2696653
0.0269999504089  2654979
0.0269999504089  2498894
0.0269999504089  2491795
0.0269999504089  2487750
0.0269999504089  2481415
0.0269999504089  2445522
0.0269999504089  2440807
0.0269999504089  2236408
0.0269999504089  2225951
0.0269999504089  2207717
0.0269999504089  2205465
0.0269999504089  2191088
0.0299999713898  2181444
0.0299999713898  2088633
0.0299999713898  2087239
0.0299999713898  2052452
0.0299999713898  2042535
0.0299999713898  2026383
0.0299999713898  1988612
0.0299999713898  1986919
0.0299999713898  1985250
0.0299999713898  1975691
0.0299999713898  1966733
0.0299999713898  1906251
0.0299999713898  1902403
0.0319998264313  1899907
0.0319998264313  1885267
0.0319998264313  1875592
0.0319998264313  1865957
0.0319998264313  1821869
0.0319998264313  1791637
0.0319998264313  1784540
0.0319998264313  1784341
0.0319998264313  1783422
0.0349998474121  1780518
0.0349998474121  1778049
0.0349998474121  1777474
0.0349998474121  1772011
0.0349998474121  1706818
0.0349998474121  1682339
0.0349998474121  1677096
0.0349998474121  1664523
0.0349998474121  1662290
0.0369999408722  1621129
0.0369999408722  1619432
0.039999961853  1603207
0.0449998378754  1598010
0.0499999523163  1589569
0.0549998283386  1587165
0.061999797821  1556825
0.066999912262  1551358
0.0719997882843  1475307
0.0769999027252  1459880
0.0849997997284  1447864
0.0899999141693  1447771
0.0969998836517  1440840
0.101999998093  1413300
0.109999895096  1406023
0.115000009537  1374151
0.121999979019  1371952
0.129999876022  1344272
0.129999876022  1324641
0.131999969482  1307933
0.134999990463  1299993
0.136999845505  1297426
0.136999845505  1294698
0.136999845505  1288972
0.136999845505  1287275
0.141999959946  1285092
0.146999835968  1281418
0.151999950409  1271351
0.159999847412  1267209
0.164999961853  1266758
0.169999837875  1265617
0.174999952316  1251043
0.179999828339  1247431
0.18499994278  1239361
0.191999912262  1223310
0.196999788284  1217461
0.201999902725  1200972
0.207000017166  1188302
0.211999893188  1175211
0.219999790192  1163186
0.224999904633  1126953
0.230000019073  1119573
0.236999988556  1113730
0.241999864578  1113520
0.246999979019  1103520
0.254999876022  1092364
0.259999990463  1059995
0.266999959946  1054911
0.274999856949  1034340
0.281999826431  1030600
0.291999816895  1002331
0.301999807358  999522
0.30999994278  971798
0.319999933243  952837
0.329999923706  948431
0.339999914169  940391
0.349999904633  931015
0.361999988556  929593
0.371999979019  925018
0.384999990463  923918
1.07699990273  916670
1.08899998665  915404
1.10099983215  913012
1.1139998436  912879
1.12599992752  911684
1.13800001144  910867
2.59299993515  910789
7.03999996185  904212
8.13499999046  903344
9.12800002098  902515
9.12999987602  900032
9.13499999046  899868
20.4459998608  896276
20.4559998512  895566
20.4679999352  895044
69.5669999123  894087
69.5820000172  893536
