0.0150001049042  2792797
0.0150001049042  2703240
0.0150001049042  2699573
0.0150001049042  2651774
0.0150001049042  2571066
0.0150001049042  2562368
0.0150001049042  2557057
0.0150001049042  2515099
0.0150001049042  2493112
0.0150001049042  2452286
0.0150001049042  2347423
0.0150001049042  2344725
0.0150001049042  2343882
0.0150001049042  2337055
0.0150001049042  2314580
0.0150001049042  2303214
0.0150001049042  2273205
0.0150001049042  2245517
0.0150001049042  2194034
0.0150001049042  2177419
0.0150001049042  2168792
0.0150001049042  2168510
0.0150001049042  2167798
0.0150001049042  2156514
0.0150001049042  2144973
0.0150001049042  2144787
0.0150001049042  2103498
0.0150001049042  2055168
0.0150001049042  1850341
0.0150001049042  1838870
0.0150001049042  1834363
0.0150001049042  1833416
0.0150001049042  1826548
0.0150001049042  1823631
0.0150001049042  1809565
0.0150001049042  1787372
0.0150001049042  1779093
0.0150001049042  1772058
0.0150001049042  1750990
0.0310001373291  1709366
0.0310001373291  1708769
0.0310001373291  1705380
0.0310001373291  1700261
0.0310001373291  1691142
0.0310001373291  1686460
0.0310001373291  1671297
0.0310001373291  1671134
0.0310001373291  1660150
0.0310001373291  1658273
0.0310001373291  1627677
0.0310001373291  1605611
0.0310001373291  1560543
0.0310001373291  1556185
0.0310001373291  1547981
0.0310001373291  1534711
0.0310001373291  1534194
0.0310001373291  1533193
0.0310001373291  1532212
0.0310001373291  1519953
0.0310001373291  1516259
0.0310001373291  1510579
0.0310001373291  1509691
0.0310001373291  1508931
0.0310001373291  1480459
0.0310001373291  1477107
0.0460000038147  1476647
0.0460000038147  1457889
0.0460000038147  1402738
0.0460000038147  1397993
0.0460000038147  1397955
0.0460000038147  1391006
0.0460000038147  1388834
0.0460000038147  1339974
0.0460000038147  1336008
0.0460000038147  1328947
0.0620000362396  1327749
0.0620000362396  1304203
0.0620000362396  1298917
0.0620000362396  1295053
0.0620000362396  1295048
0.0620000362396  1281068
0.0620000362396  1270733
0.0620000362396  1270155
0.0620000362396  1267370
0.0620000362396  1249587
0.0620000362396  1214369
0.0620000362396  1195393
0.0620000362396  1187651
0.0620000362396  1187191
0.0620000362396  1181916
0.0620000362396  1156835
0.0780000686646  1150542
0.140000104904  1145685
0.140000104904  1145134
0.140000104904  1141871
0.140000104904  1141825
0.156000137329  1138491
0.156000137329  1128323
0.156000137329  1126213
0.156000137329  1125691
0.171000003815  1124492
0.18700003624  1123820
0.202000141144  1122516
0.202000141144  1120124
0.202000141144  1119012
0.327000141144  1104235
0.327000141144  1103853
0.327000141144  1102485
0.327000141144  1061084
0.561000108719  1060255
0.561000108719  1048652
0.826000213623  1044249
1.74700021744  1042771
1.74700021744  1038297
1.74700021744  1030488
1.74700021744  1025951
1.74700021744  1017098
3.13700008392  1016019
3.13700008392  1015809
9.84600019455  1013444
9.84600019455  1012226
9.86199998856  1010693
9.86199998856  1009715
9.86199998856  1006289
16.7930002213  1000024
16.8040001392  992860
18.378000021  988834
18.3940000534  987662
18.4090001583  984666
24.8460001945  984165
24.8570001125  980196
25.2650001049  979193
25.2680001259  976465
25.2710001469  976378
55.1520001888  968332
77.8970000744  968326
77.8970000744  967862
77.8970000744  967581
77.8970000744  962756
77.9130001068  953117
