0.0159997940063  234714
0.0159997940063  228851
0.0159997940063  223949
0.0159997940063  221692
0.0159997940063  220261
0.0159997940063  219869
0.0159997940063  210682
0.0159997940063  197701
0.0159997940063  197555
0.0159997940063  192662
0.0159997940063  192109
0.0159997940063  189597
0.0159997940063  187961
0.0159997940063  187779
0.0159997940063  184680
0.0159997940063  184021
0.0159997940063  180511
0.0159997940063  179355
0.0159997940063  175536
0.0309998989105  171111
0.0309998989105  170162
0.0309998989105  168569
0.0309998989105  166343
0.0309998989105  165389
0.0309998989105  165236
0.0309998989105  164165
0.0309998989105  158723
0.0309998989105  158599
0.0309998989105  158146
0.0309998989105  157394
0.0309998989105  156726
0.0309998989105  155673
0.0309998989105  155425
0.0309998989105  155219
0.0309998989105  154660
0.0309998989105  154265
0.0309998989105  152148
0.0309998989105  149720
0.0309998989105  147048
0.0309998989105  144303
0.0309998989105  141137
0.0309998989105  140892
0.0309998989105  140864
0.0309998989105  136013
0.0309998989105  133543
0.0309998989105  131919
0.0309998989105  131420
0.0309998989105  129690
0.0309998989105  127585
0.0309998989105  127014
0.0309998989105  121863
0.0309998989105  121014
0.0309998989105  119595
0.0309998989105  119491
0.0309998989105  118831
0.0309998989105  116390
0.0309998989105  113108
0.0309998989105  112904
0.0309998989105  112652
0.0309998989105  110485
0.0309998989105  108864
0.0309998989105  108843
0.0309998989105  105364
0.0309998989105  104422
0.0309998989105  104219
0.0309998989105  103911
0.0309998989105  95398
0.0309998989105  95387
0.0309998989105  95194
0.0469999313354  94806
0.0469999313354  94776
0.0469999313354  94651
0.0469999313354  94616
0.0469999313354  94441
0.0469999313354  94262
0.0469999313354  93542
0.0469999313354  92703
0.0469999313354  92153
0.0469999313354  90997
0.0469999313354  90617
0.0469999313354  90444
0.0469999313354  89981
0.0469999313354  88973
0.0469999313354  88371
0.0469999313354  88145
0.0629999637604  87448
0.0629999637604  87431
0.0629999637604  87365
0.0629999637604  87130
0.0629999637604  86025
0.0629999637604  85968
0.0629999637604  85829
0.0629999637604  85781
0.0629999637604  85701
0.0629999637604  84830
0.0629999637604  84343
0.0629999637604  83997
0.077999830246  83570
0.077999830246  82725
0.077999830246  82453
0.077999830246  82279
0.077999830246  82057
0.0939998626709  81836
0.0939998626709  81695
0.0939998626709  81626
0.0939998626709  81618
0.108999967575  80951
0.108999967575  80682
0.108999967575  80580
0.125  80330
0.233999967575  79734
0.233999967575  79659
0.233999967575  79630
0.233999967575  79458
0.25  78911
0.25  78757
0.25  78166
0.25  76912
0.25  76522
0.264999866486  76261
0.264999866486  75819
0.264999866486  75748
0.280999898911  75586
0.296999931335  75419
0.311999797821  75053
0.71799993515  74139
2.5759999752  73914
2.59199976921  73864
2.59199976921  73753
2.59199976921  73544
2.59199976921  73489
2.60699987411  73224
2.60699987411  72777
2.60699987411  72699
2.60699987411  72693
2.60699987411  72578
2.62299990654  72288
2.62299990654  72242
2.80999994278  72105
2.80999994278  71899
2.80999994278  71717
2.8259999752  71571
2.8259999752  71277
2.84099984169  71131
2.84099984169  70464
2.84099984169  70053
2.84099984169  69123
2.84099984169  68401
2.84099984169  67835
2.85699987411  67560
2.85699987411  67541
2.87299990654  67293
2.87299990654  67285
2.88799977303  67135
2.88799977303  67043
2.91899991035  66920
2.91899991035  66889
6.81999993324  66739
7.32799983025  66608
7.34399986267  65939
7.35899996758  65785
7.375  65285
7.38999986649  65241
39.0639998913  64760
39.0639998913  64471
39.0789999962  64463
39.0789999962  64100
39.0789999962  64035
39.0789999962  63753
39.0789999962  63565
39.0789999962  63198
39.0789999962  62899
39.0789999962  62322
39.0949997902  62054
39.0949997902  61542
39.1109998226  61352
39.1109998226  60960
39.1259999275  60358
339.297999859  60258
339.312999964  60249
