0.0190000534058  203309
0.0190000534058  201830
0.0190000534058  201010
0.0190000534058  193541
0.0199999809265  190911
0.0199999809265  190148
0.0199999809265  190130
0.0199999809265  188792
0.0199999809265  186835
0.0210001468658  186466
0.0210001468658  183149
0.0210001468658  183041
0.0210001468658  182792
0.0210001468658  182520
0.0220000743866  181757
0.0220000743866  180771
0.0220000743866  180115
0.0220000743866  179937
0.0220000743866  178462
0.0220000743866  173032
0.0230000019073  171761
0.0230000019073  171091
0.0240001678467  170968
0.0240001678467  169914
0.0240001678467  168460
0.0240001678467  168221
0.0250000953674  167799
0.0250000953674  166412
0.0250000953674  165187
0.0250000953674  162699
0.0250000953674  162496
0.0260000228882  161953
0.0260000228882  161422
0.0260000228882  160170
0.0269999504089  158964
0.0280001163483  158815
0.0280001163483  158796
0.029000043869  157437
0.029000043869  156990
0.0299999713898  156610
0.0299999713898  155543
0.0299999713898  151390
0.0299999713898  151317
0.0299999713898  150909
0.0299999713898  150679
0.0299999713898  148472
0.0299999713898  148338
0.0299999713898  147088
0.0310001373291  147054
0.0310001373291  146313
0.0310001373291  145996
0.0310001373291  143946
0.0320000648499  143889
0.0320000648499  143526
0.0329999923706  143248
0.0340001583099  142549
0.0340001583099  142528
0.0340001583099  142457
0.0350000858307  141529
0.0350000858307  138072
0.0360000133514  137065
0.0360000133514  135976
0.0360000133514  125570
0.0360000133514  125449
0.0360000133514  125154
0.039999961853  124701
0.0429999828339  123856
0.0480000972748  123646
0.0529999732971  123552
0.0570001602173  123035
0.0620000362396  122503
0.0670001506805  121303
0.0720000267029  120983
0.0759999752045  120563
0.0810000896454  115626
0.0859999656677  115523
0.0900001525879  115260
0.106000185013  114373
0.121999979019  113192
0.139000177383  112944
0.154000043869  112832
0.170000076294  112551
0.185000181198  106906
0.200000047684  106195
0.215000152588  105156
0.231000185013  105069
0.236000061035  104552
0.241000175476  104533
0.241000175476  104216
0.246000051498  104182
0.251000165939  99235
0.255000114441  99174
0.261000156403  96009
0.266999959946  95925
0.273000001907  95708
0.279000043869  91695
0.285000085831  91340
0.289000034332  90946
0.299000024796  90437
0.310000181198  88717
0.320000171661  88651
0.332000017166  87596
0.34500002861  87167
0.357000112534  86506
0.363000154495  86305
0.368000030518  86193
0.374000072479  85850
0.384000062943  83946
0.394000053406  83378
0.404000043869  83275
0.413000106812  81284
0.423000097275  80967
0.433000087738  80483
0.444000005722  79466
0.453999996185  79127
0.463999986649  78520
0.473000049591  77631
0.483000040054  75826
0.493999958038  75819
0.503999948502  74640
0.514000177383  71355
0.524000167847  70695
0.53400015831  70587
0.544000148773  68933
0.555000066757  68690
0.565999984741  68543
0.578000068665  67076
0.588999986649  66820
0.601000070572  65368
0.614000082016  64389
0.628000020981  64280
0.641000032425  63308
0.65499997139  63122
0.667000055313  63087
0.680999994278  61878
0.696000099182  61476
0.712000131607  61114
0.731000185013  60987
0.753999948502  59698
0.775000095367  58844
0.796000003815  58521
0.818000078201  58330
0.838999986649  58252
0.858999967575  57856
0.887000083923  57186
0.914999961853  56905
0.943000078201  56587
0.97200012207  56400
1.0  56029
1.02900004387  54465
1.06200003624  54431
1.09400010109  54395
3.8789999485  53913
3.91100001335  53278
10.7290000916  53181
14.2720000744  53101
23.1590001583  52994
37.7320001125  52883
119.90199995  52875
304.998000145  52860
