0.0280001163483  534149
0.0280001163483  534059
0.0280001163483  528756
0.0280001163483  524271
0.029000043869  523756
0.029000043869  512975
0.0300002098083  509959
0.0300002098083  507558
0.0300002098083  494969
0.0300002098083  492859
0.0310001373291  492203
0.0320000648499  491300
0.0320000648499  486485
0.0320000648499  480043
0.0340001583099  475315
0.0350000858307  473324
0.0350000858307  462892
0.0350000858307  460328
0.0350000858307  449883
0.0350000858307  449810
0.0370001792908  448249
0.0370001792908  447580
0.0380001068115  445893
0.0400002002716  442698
0.0400002002716  441488
0.0420000553131  440909
0.0450000762939  439844
0.0480000972748  439207
0.0590000152588  437460
0.0710000991821  437317
0.074000120163  437060
0.0840001106262  436308
0.0940001010895  434939
0.105000019073  429501
0.116000175476  416573
0.128000020981  416030
0.128000020981  415926
0.128000020981  415793
0.128000020981  415193
0.141000032425  414293
0.141000032425  414055
0.151000022888  411526
0.151000022888  411228
0.162000179291  410015
0.162000179291  409967
0.172000169754  409819
0.182000160217  408331
0.182000160217  407893
0.193000078201  407698
0.195000171661  407371
0.206000089645  405664
0.216000080109  403349
0.226000070572  398816
0.226000070572  398709
0.226000070572  398576
0.226999998093  397669
0.238000154495  395905
0.25  392809
0.262000083923  391218
0.272000074387  390284
0.285000085831  386514
0.300000190735  384430
0.319000005722  383898
0.331000089645  383677
0.34900021553  382424
0.361000061035  382192
0.37900018692  378760
0.389000177383  378429
0.417999982834  376007
0.447000026703  375847
0.469000101089  375467
0.491000175476  374376
0.522000074387  368862
0.542999982834  368235
0.553000211716  368026
0.571000099182  367805
0.592000007629  367777
0.604000091553  367750
0.621999979019  365995
0.642000198364  365019
0.662000179291  363999
0.685000181198  363332
0.713000059128  361098
0.732000112534  360819
0.742000102997  359787
0.771000146866  358876
0.800000190735  358311
0.828999996185  357660
0.857000112534  354999
0.887000083923  354951
0.915000200272  346955
0.944000005722  346575
0.97200012207  346130
1.00100016594  345794
1.02900004387  333698
1.0600001812  332382
1.09000015259  330702
1.1210000515  322561
1.15300011635  321778
1.18400001526  320747
1.21600008011  315375
1.24699997902  312307
1.25800013542  312071
1.25800013542  311829
1.26900005341  310390
1.26900005341  310097
1.28000020981  309596
1.28000020981  309388
1.29500007629  308496
1.3100001812  307298
1.32600021362  305568
1.33600020409  304991
1.35300016403  304528
1.3630001545  303598
1.38000011444  298726
1.39800000191  294398
1.41600012779  293960
1.43600010872  289544
1.45600008965  286830
1.47300004959  283634
1.492000103  281130
1.50999999046  280934
1.52700018883  280862
1.54800009727  280243
1.56500005722  280102
1.58200001717  279373
1.60000014305  278706
1.62000012398  276233
1.6400001049  269803
1.66000008583  269157
1.68099999428  264056
1.70100021362  263985
1.72100019455  259030
1.74000000954  250302
1.7610001564  250008
1.78000020981  249768
1.80000019073  242308
1.82100009918  240338
1.84200000763  240063
1.8630001545  239041
1.88100004196  238354
1.89800000191  238349
1.91799998283  237648
1.93600010872  235428
1.95300006866  234336
1.97000002861  233518
1.98900008202  233009
2.0070002079  232587
2.02400016785  232445
2.04200005531  232260
2.0600001812  231824
2.07700014114  231638
2.09700012207  231038
2.117000103  230609
2.13700008392  228744
2.15799999237  227405
2.18000006676  226687
2.20100021362  226094
2.22600007057  224566
2.25  223370
2.27500009537  214009
2.30100011826  212992
2.32600021362  212246
2.35000014305  212219
2.37400007248  209512
2.40000009537  208634
2.4240000248  208425
2.45600008965  204651
2.49000000954  202499
2.52300000191  200815
2.55700016022  200382
2.59000015259  200244
2.62400007248  198894
2.65799999237  198233
2.69200015068  196979
2.72600007057  195706
2.76200008392  195003
2.80400013924  194435
2.83500003815  194239
2.867000103  193495
2.90799999237  193223
2.94099998474  193067
2.97600007057  190951
3.01700019836  190331
3.05700016022  189885
3.09600019455  186678
3.13700008392  186292
3.17900013924  185932
3.22200012207  185175
3.26800012589  185165
3.31200003624  184690
3.35600018501  184115
3.40100002289  183854
3.44500017166  182584
3.49000000954  182449
3.53500008583  182259
3.58000016212  181405
3.62400007248  180353
3.66799998283  178238
3.71800017357  177552
3.76200008392  177243
3.80599999428  176193
3.84900021553  175303
3.89300012589  173650
3.93600010872  173262
3.98000001907  171294
4.02400016785  169829
4.0680000782  169052
4.11199998856  168884
4.15799999237  167721
4.20500016212  166685
4.25  165150
4.29600000381  164917
4.34100008011  164834
4.38700008392  164775
4.43200016022  164448
4.48000001907  163673
4.53100013733  163308
4.58000016212  161427
4.63400006294  160835
4.6850001812  160605
4.73699998856  157539
4.78800010681  157164
4.84000015259  154995
4.89200019836  153366
4.94500017166  153155
4.99500012398  151647
5.03700017929  151053
5.07800006866  151000
5.13800001144  150674
5.19900012016  150384
5.25800013542  150316
5.31700015068  149747
5.37700009346  149554
5.43800020218  148704
5.492000103  148633
5.55100011826  148558
5.61199998856  145087
5.67200016975  144253
5.72699999809  144085
5.78600001335  142964
5.85100007057  142590
5.91799998283  142105
5.98500013351  141785
6.05200004578  141433
6.11900019646  140196
6.18400001526  140085
6.2460000515  139952
6.31100010872  139760
6.3820002079  139330
6.45200014114  138247
6.51300001144  137986
6.58600020409  135764
6.65500020981  135584
6.71700000763  134898
6.79299998283  132756
6.86800003052  132606
6.94600009918  132589
7.02400016785  130551
7.10400009155  130494
7.18400001526  129974
7.26300001144  129578
7.34200000763  127528
7.42100000381  125610
7.5  124903
7.58000016212  124403
7.59800004959  123627
7.6210000515  123470
7.64100003242  122564
7.66100001335  122414
7.68099999428  121373
7.70100021362  117840
7.72200012207  116987
7.74400019646  115606
7.76800012589  115062
7.79600000381  114432
7.82500004768  114401
7.85300016403  113859
7.8820002079  113104
7.91300010681  113065
7.94600009918  112847
7.97600007057  112515
8.00800013542  112412
8.03900003433  112374
8.07500004768  112281
8.12199997902  112183
8.16900014877  110596
8.21800017357  109808
8.27100014687  109279
8.3220000267  108097
8.38000011444  107934
8.43800020218  106785
8.49800014496  106507
8.56500005722  105851
16.506000042  104879
63.2750000954  104390
122.11500001  104350
122.219000101  104199
122.325000048  103943
122.429000139  103874
122.532999992  103827
122.638000011  103791
122.744000196  103781
122.84800005  103529
122.953999996  102857
123.060000181  102359
123.164000034  102321
123.271000147  102252
123.378000021  101958
