0.0620000362396  535112
0.0620000362396  532637
0.0620000362396  530971
0.0620000362396  529607
0.0620000362396  525289
0.0620000362396  520669
0.0620000362396  511817
0.0620000362396  507369
0.0620000362396  503685
0.0620000362396  497949
0.0620000362396  497601
0.0620000362396  488952
0.0620000362396  479834
0.0620000362396  464759
0.0620000362396  459880
0.0620000362396  459218
0.0620000362396  451657
0.0620000362396  450043
0.0620000362396  447474
0.0620000362396  446146
0.0620000362396  442884
0.0620000362396  440120
0.0620000362396  439031
0.0620000362396  438584
0.0620000362396  438538
0.0620000362396  435801
0.0620000362396  425543
0.0620000362396  423653
0.0620000362396  418032
0.0620000362396  417567
0.0620000362396  415620
0.0620000362396  407342
0.0620000362396  400393
0.0620000362396  393395
0.0620000362396  381104
0.0620000362396  379828
0.0620000362396  379245
0.0620000362396  378566
0.0620000362396  369964
0.0620000362396  369311
0.0620000362396  367167
0.0620000362396  366065
0.0620000362396  366043
0.0620000362396  364028
0.0620000362396  363046
0.0620000362396  362922
0.0620000362396  361716
0.0620000362396  352116
0.0620000362396  345403
0.0620000362396  343060
0.0620000362396  339568
0.0620000362396  337684
0.0620000362396  337348
0.0620000362396  334101
0.0620000362396  331344
0.0620000362396  328831
0.0620000362396  327576
0.0620000362396  327272
0.0620000362396  325592
0.0620000362396  324982
0.0620000362396  324589
0.0620000362396  320198
0.0620000362396  319911
0.0620000362396  318813
0.0620000362396  317327
0.0620000362396  314140
0.0620000362396  312771
0.0620000362396  312686
0.0620000362396  312635
0.0620000362396  312169
0.077999830246  309729
0.077999830246  306772
0.077999830246  306275
0.077999830246  306234
0.077999830246  305231
0.077999830246  298901
0.077999830246  298765
0.077999830246  298507
0.077999830246  297501
0.077999830246  297124
0.077999830246  296775
0.077999830246  296206
0.077999830246  295223
0.077999830246  293269
0.077999830246  289582
0.077999830246  289168
0.077999830246  289027
0.077999830246  288057
0.077999830246  285162
0.0939998626709  281864
0.0939998626709  281671
0.0939998626709  280425
0.0939998626709  280075
0.0939998626709  273640
0.0939998626709  272347
0.0939998626709  271347
0.0939998626709  271264
0.0939998626709  270981
0.0939998626709  270693
0.0939998626709  270672
0.0939998626709  270217
0.108999967575  269669
0.108999967575  268828
0.108999967575  267845
0.108999967575  267446
0.108999967575  267390
0.108999967575  266401
0.108999967575  266396
0.108999967575  265867
0.108999967575  260907
0.108999967575  260058
0.108999967575  259289
0.125  258847
0.125  258773
0.125  258721
0.125  255247
0.125  254783
0.125  253945
0.125  253623
0.125  252904
0.125  251451
0.125  249365
0.139999866486  244359
0.139999866486  243465
0.139999866486  243376
0.139999866486  243138
0.139999866486  242754
0.139999866486  241507
0.139999866486  240583
0.139999866486  240445
0.155999898911  240134
0.155999898911  239469
0.155999898911  239290
0.155999898911  239062
0.155999898911  238814
0.171999931335  238683
0.171999931335  238664
0.171999931335  237671
0.171999931335  237416
0.171999931335  236597
0.18700003624  236279
0.202999830246  234504
0.202999830246  234495
0.202999830246  232970
0.21799993515  232638
0.21799993515  231065
0.21799993515  228636
0.21799993515  228360
0.233999967575  228229
0.233999967575  227508
0.233999967575  227235
0.233999967575  227178
0.233999967575  226669
0.25  226587
0.25  226483
0.25  226390
0.25  226090
0.264999866486  226039
0.264999866486  225224
0.264999866486  223010
0.264999866486  222975
0.264999866486  222636
0.264999866486  221543
0.264999866486  220068
0.264999866486  219312
0.280999898911  218830
0.280999898911  218461
0.280999898911  218175
0.280999898911  217371
0.296000003815  217011
0.296000003815  216604
0.296000003815  216409
0.296000003815  215939
0.31200003624  215442
0.31200003624  215346
0.31200003624  215076
0.327999830246  214837
0.327999830246  214280
0.327999830246  213543
0.34299993515  213493
0.34299993515  213006
0.358999967575  212525
0.373999834061  211703
0.514999866486  211283
0.52999997139  209293
0.52999997139  208645
0.52999997139  208547
0.52999997139  208210
0.52999997139  207992
0.546000003815  207242
0.546000003815  207062
0.546000003815  207037
0.546000003815  206998
0.56200003624  205881
0.56200003624  205576
0.56200003624  205557
0.576999902725  205484
0.576999902725  205422
0.576999902725  203206
0.576999902725  202924
0.59299993515  201081
0.608000040054  200463
0.608000040054  200113
0.608000040054  199496
0.623999834061  197363
0.623999834061  196859
0.623999834061  196850
0.623999834061  196673
0.639999866486  196509
0.639999866486  194976
0.65499997139  193981
0.65499997139  193959
0.65499997139  193418
0.65499997139  192936
0.671000003815  192250
0.671000003815  191607
0.671000003815  191475
0.701999902725  191343
0.701999902725  191136
0.701999902725  191000
0.71799993515  190141
0.71799993515  189400
0.733000040054  189177
0.733000040054  188076
0.733000040054  187962
0.748999834061  186989
0.748999834061  186849
0.748999834061  185521
0.748999834061  183406
1.04499983788  181831
1.04499983788  180275
1.0609998703  180005
1.0609998703  179640
1.0609998703  179633
1.0759999752  179043
1.0759999752  178913
1.09200000763  178612
1.09200000763  177663
1.10800004005  177435
1.12299990654  177305
1.12299990654  176839
1.13899993896  176807
1.13899993896  176791
1.13899993896  176532
1.13899993896  175653
1.13899993896  174771
1.15400004387  174593
1.16999983788  174407
1.1859998703  174328
1.1859998703  174182
1.1859998703  174160
1.2009999752  173942
1.23199987411  173447
1.23199987411  173230
1.23199987411  171447
1.24799990654  171097
1.24799990654  170280
1.26399993896  169525
1.26399993896  169201
1.26399993896  168818
1.27900004387  168724
1.27900004387  167514
1.29499983788  166777
1.29499983788  166556
1.29499983788  165665
1.30999994278  165268
1.30999994278  165049
1.3259999752  164174
1.3259999752  163945
1.3259999752  163100
1.34200000763  162978
1.35699987411  162787
1.35699987411  161938
1.35699987411  160471
1.35699987411  160236
1.38800001144  160045
1.38800001144  159944
1.38800001144  159792
2.51499986649  158930
2.52999997139  157985
2.54600000381  157582
2.54600000381  157122
2.56299996376  156936
2.58599996567  156275
2.58800005913  155765
2.58800005913  155639
2.60399985313  155438
2.60399985313  155358
2.60399985313  154425
2.60399985313  152993
2.61899995804  152687
2.63499999046  151718
2.63499999046  148779
2.6819999218  148626
23.2939999104  146587
23.2939999104  145980
23.2939999104  145428
23.2939999104  145058
23.3099999428  144589
23.3099999428  144044
23.3099999428  143682
23.3250000477  143448
23.3409998417  143108
23.3409998417  142447
83.6859998703  142275
83.6859998703  142133
