0.31 600924
0.31 601059
0.31 599218
0.31 599023
0.31 599639
0.31 596281
0.32 593517
0.32 592195
0.36 591444
0.36 589324
0.44 588899
0.44 589043
0.46 589025
0.56 588086
0.56 588068
0.75 587707
0.81 587634
0.87 585526
1.06 584775
1.09 582728
15.63 582176
17.22 581943
17.23 578782
17.24 576513
17.24 574696
17.31 573945
17.33 571825
17.46 571544
17.49 571526
17.69 570587
17.70 570569
18.08 570208
18.20 570135
18.32 568027
18.64 567276
18.70 565229
28.84 563964
95.88 563413
179.11 561306
180.74 560041
190.25 559378
205.75 559317
238.54 558338
249.44 557111
251.34 556922
252.14 556726
280.62 555846
292.25 555657
296.19 555461
512.19 553599
514.09 553410
514.88 553214
545.05 553080
