0.0220000743866  6864849
0.0220000743866  6851652
0.0220000743866  6845634
0.0220000743866  6771227
0.0220000743866  6764630
0.0220000743866  6599430
0.0220000743866  6434065
0.0230000019073  6420591
0.0230000019073  6393403
0.0230000019073  6338224
0.0240001678467  6249200
0.0270001888275  6054955
0.0310001373291  6041981
0.0350000858307  6026308
0.0380001068115  6024643
0.0420000553131  5993519
0.0450000762939  5968035
0.0490000247955  5956104
0.0530002117157  5951561
0.0570001602173  5950368
0.0600001811981  5892556
0.0640001296997  5884163
0.0680000782013  5876283
0.0720000267029  5869517
0.076000213623  5759831
0.0789999961853  5740462
0.0830001831055  5712868
0.0880000591278  5679708
0.0920000076294  5645814
0.0950000286102  5594420
0.0990002155304  5360747
0.103000164032  5356111
0.106000185013  5289835
0.110000133514  5285345
0.114000082016  5274652
0.118000030518  5215094
0.123000144958  5169544
0.12900018692  5142642
0.134000062943  5139706
0.140000104904  5137468
0.145000219345  5099617
0.151000022888  5043128
0.160000085831  5034828
0.165000200272  5033766
0.173000097275  4918061
0.182000160217  4880985
0.18700003624  4870439
0.199000120163  4863408
0.212000131607  4840421
0.225000143051  4833985
0.239000082016  4824964
0.25200009346  4818183
0.270000219345  4804881
0.293000221252  4782995
0.305000066757  4782420
0.31500005722  4779343
0.320000171661  4774900
0.333000183105  4774326
0.34600019455  4748916
0.362000226974  4748656
0.37900018692  4747961
0.394000053406  4741276
0.420000076294  4736082
0.444000005722  4661107
0.468000173569  4651789
0.493000030518  4651290
0.520000219345  4516382
0.544000148773  4485755
0.570000171661  4485086
0.594000101089  4477948
0.623000144958  4467735
0.649000167847  4454558
0.675000190735  4447387
0.701000213623  4436731
0.728000164032  4423510
0.753000020981  4422111
0.781000137329  4376583
0.810000181198  4337008
0.835000038147  4332850
0.864000082016  4332149
0.893000125885  4326190
0.922000169754  4317897
0.953000068665  4289469
0.983000040054  4272779
1.0150001049  4254526
1.04500007629  4250013
1.07300019264  4245469
1.10300016403  4231314
1.12800002098  4229736
1.15600013733  4168362
1.18400001526  4157768
1.21300005913  4125233
1.24400019646  4115182
1.27300000191  4109491
1.30300021172  4108930
1.33200001717  4104995
1.36500000954  4099536
1.39700007439  4065419
1.42600011826  4062830
1.45800018311  3945507
1.48700022697  3941120
1.52000021935  3938986
1.55400013924  3916058
1.58600020409  3914955
1.61900019646  3894455
1.65100002289  3864306
1.68000006676  3862854
1.71200013161  3808039
1.74000000954  3802168
1.7650001049  3800920
1.79600000381  3794843
1.83200001717  3774814
1.86800003052  3772000
1.90200018883  3771456
1.93600010872  3745581
1.97100019455  3727675
2.00400018692  3724010
2.03100013733  3723681
2.05700016022  3714537
2.08800005913  3705691
2.11900019646  3688951
2.15400004387  3680342
2.18099999428  3678764
2.20800018311  3667062
2.24000000954  3666335
2.27400016785  3659960
2.30599999428  3658240
2.34200000763  3654594
2.37800002098  3648814
2.41300010681  3535884
2.44100022316  3535568
2.46600008011  3534320
2.49700021744  3520015
2.53400015831  3477438
2.5680000782  3473891
2.60400009155  3258343
2.63800001144  3257822
2.6740000248  3234374
2.71100020409  3135783
2.7460000515  3133324
2.78200006485  3124139
2.82100009918  3104855
2.85800004005  3092603
2.89700007439  3062139
2.93700003624  3052965
2.97500014305  3050484
3.01400017738  3048561
3.05200004578  3040358
3.09100008011  3034541
3.13100004196  2977184
3.17000007629  2974944
3.20900011063  2957916
3.24700021744  2946180
3.28600001335  2936030
3.32400012016  2930748
3.36400008202  2928118
3.40300011635  2923091
3.44400000572  2905364
3.48600006104  2879763
3.52600002289  2871883
3.5640001297  2870995
3.60100007057  2869587
3.6360001564  2865493
3.67500019073  2860408
3.71700000763  2839960
3.75400018692  2837124
3.79000020027  2835208
3.82899999619  2823177
3.87000012398  2823160
3.91100001335  2770796
3.95200014114  2763763
3.99300003052  2759290
4.03500008583  2725516
4.07700014114  2721286
4.11800003052  2718752
4.16100001335  2715230
4.20300006866  2701147
4.24700021744  2694677
4.29000020027  2682684
4.33400011063  2676739
4.37900018692  2669796
4.42300009727  2638182
4.46700000763  2628906
4.51000022888  2623314
4.55400013924  2609984
4.59900021553  2609095
4.64300012589  2573276
4.68700003624  2559220
4.73200011253  2540068
4.77800011635  2528806
4.82400012016  2478086
4.8710000515  2388083
4.91600012779  2384025
4.96200013161  2384007
5.01000022888  2373382
5.05700016022  2370177
5.10300016403  2349832
5.14900016785  2348353
5.19500017166  2331814
5.24100017548  2320171
5.28800010681  2286112
5.33800005913  2285249
5.3900001049  2280967
5.44100022316  2209265
5.49400019646  2196161
5.54500007629  2180537
5.59700012207  2163424
5.65200018883  2158541
5.70500016212  2114663
5.75900006294  2080964
5.80900001526  2015325
5.86000013351  1943753
5.92000007629  1905731
5.98400020599  1902202
6.03900003433  1875227
6.09400010109  1849837
6.15000009537  1799561
6.20700001717  1770113
6.2650001049  1712950
6.3220000267  1703258
6.37700009346  1669886
6.43200016022  1654673
6.48900008202  1648610
6.54700016975  1637887
9.67200016975  1635868
9.72900009155  1625345
9.78500008583  1622406
9.80700016022  1616449
9.83000016212  1615201
9.85600018501  1611718
9.91400003433  1610486
13.3680000305  1607310
13.4260001183  1606447
19.3080000877  1605661
19.4010000229  1595564
19.4800000191  1593415
19.5500001907  1588791
19.609000206  1581761
19.6670000553  1580625
19.7269999981  1574620
19.7860000134  1573981
19.8440001011  1568802
237.832000017  1564501
264.550000191  1562702
480.568000078  1558247
