0.00999999046326  7743771
0.00999999046326  7672076
0.00999999046326  7670629
0.00999999046326  7583215
0.00999999046326  7519697
0.0199999809265  7450554
0.0199999809265  7436595
0.0199999809265  7425110
0.0199999809265  7328488
0.0199999809265  7311743
0.0199999809265  7248596
0.0199999809265  7243310
0.0199999809265  7181963
0.0199999809265  7158482
0.0199999809265  7132851
0.0199999809265  7005244
0.0199999809265  6942911
0.0199999809265  6823574
0.0199999809265  6493113
0.0199999809265  6427784
0.0199999809265  6400820
0.0199999809265  6229808
0.0199999809265  6222772
0.0199999809265  6205178
0.0199999809265  5966275
0.0199999809265  5959827
0.0199999809265  5957257
0.0199999809265  5951591
0.0199999809265  5886978
0.0199999809265  5885586
0.0199999809265  5819580
0.0199999809265  5789639
0.0199999809265  5782076
0.0199999809265  5691988
0.0199999809265  5629164
0.0199999809265  5483509
0.0199999809265  5453831
0.0199999809265  5438492
0.0199999809265  5314915
0.0199999809265  5302276
0.0199999809265  5272922
0.0199999809265  5259176
0.0199999809265  5248797
0.0199999809265  5186138
0.0199999809265  5155477
0.0199999809265  5094580
0.0199999809265  5089385
0.0199999809265  5046124
0.0199999809265  4771863
0.0199999809265  4761015
0.0199999809265  4741250
0.0199999809265  4708530
0.0199999809265  4688745
0.0199999809265  4661912
0.0199999809265  4657647
0.0199999809265  4585761
0.0199999809265  4525393
0.0199999809265  4450879
0.0199999809265  4425421
0.0199999809265  4323649
0.0199999809265  4295379
0.0199999809265  4261315
0.0199999809265  4225928
0.0199999809265  4217693
0.0199999809265  4216814
0.0199999809265  4214229
0.0299999713898  4206247
0.0299999713898  4203771
0.0299999713898  4193129
0.0299999713898  4141090
0.0299999713898  4121955
0.0299999713898  4042102
0.0299999713898  4040208
0.0299999713898  4009263
0.0299999713898  3990326
0.0299999713898  3973783
0.0299999713898  3968307
0.0299999713898  3948443
0.0299999713898  3947198
0.0299999713898  3925936
0.0299999713898  3911357
0.0299999713898  3910971
0.0299999713898  3908004
0.0299999713898  3900751
0.0299999713898  3890938
0.0299999713898  3875585
0.0299999713898  3781195
0.0299999713898  3780771
0.039999961853  3760930
0.039999961853  3758613
0.039999961853  3757677
0.039999961853  3732681
0.039999961853  3641139
0.039999961853  3559357
0.039999961853  3555042
0.039999961853  3542750
0.039999961853  3539561
0.039999961853  3521936
0.039999961853  3521170
0.039999961853  3496157
0.039999961853  3475435
0.039999961853  3462548
0.039999961853  3461745
0.039999961853  3461112
0.039999961853  3460098
0.039999961853  3437654
0.0499999523163  3437569
0.0499999523163  3435916
0.0499999523163  3373887
0.0499999523163  3352149
0.0499999523163  3348689
0.0499999523163  3318119
0.0499999523163  3315640
0.0499999523163  3312614
0.0499999523163  3281018
0.0499999523163  3235394
0.0499999523163  3220820
0.0499999523163  3216340
0.0499999523163  3195339
0.0599999427795  3194477
0.0599999427795  3162308
0.0599999427795  3160184
0.0599999427795  3157653
0.0599999427795  3156697
0.0599999427795  3145261
0.0599999427795  3124315
0.0599999427795  3059400
0.0699999332428  3058240
0.0699999332428  3055621
0.0699999332428  3046398
0.0799999237061  3045648
0.0799999237061  3034704
0.0799999237061  3033019
0.0799999237061  3017125
0.0799999237061  2994976
0.0799999237061  2984606
0.0799999237061  2984520
0.0899999141693  2972459
0.0899999141693  2970560
0.0899999141693  2968636
0.0899999141693  2967057
0.0899999141693  2944468
0.0899999141693  2932479
0.0999999046326  2928835
0.0999999046326  2926930
0.0999999046326  2920037
0.0999999046326  2888383
0.0999999046326  2856668
0.109999895096  2853639
0.109999895096  2852717
0.109999895096  2841306
0.109999895096  2836845
0.109999895096  2833313
0.109999895096  2833078
0.119999885559  2829352
0.119999885559  2826077
0.119999885559  2825063
0.129999876022  2824114
0.129999876022  2820614
0.129999876022  2816112
0.139999866486  2815971
0.149999856949  2759423
0.149999856949  2755843
0.149999856949  2754214
0.159999847412  2750309
0.159999847412  2747254
0.159999847412  2737859
0.159999847412  2732537
0.159999847412  2730797
0.159999847412  2724834
0.171000003815  2695984
0.171999931335  2675569
0.172999858856  2674203
0.172999858856  2658320
0.172999858856  2655247
0.175999879837  2639391
0.178999900818  2630758
0.180999994278  2623283
0.181999921799  2608856
0.1859998703  2586849
0.1859998703  2578253
0.188999891281  2575548
0.197999954224  2570671
0.199999809265  2559439
0.200999975204  2557597
0.214999914169  2556411
0.214999914169  2526530
0.224999904633  2524495
0.224999904633  2517671
0.224999904633  2472964
0.839999914169  2462709
0.849999904633  2460963
0.859999895096  2460950
0.869999885559  2451375
0.889999866486  2445342
0.889999866486  2437302
0.899999856949  2435879
0.909999847412  2431177
0.919999837875  2429877
0.919999837875  2422734
0.929999828339  2417862
0.929999828339  2417309
0.939999818802  2412319
0.939999818802  2405404
0.939999818802  2403119
0.949999809265  2402157
0.960000038147  2399946
0.960000038147  2399930
0.97000002861  2392103
0.980000019073  2391128
0.980000019073  2390419
0.990000009537  2388435
0.990000009537  2387637
0.990000009537  2387174
1.0  2382252
1.00999999046  2381078
1.01999998093  2381071
1.02999997139  2380810
2.15999984741  2380089
2.15999984741  2377794
2.15999984741  2345718
2.16999983788  2342042
2.16999983788  2341001
2.16999983788  2335622
2.17999982834  2334378
2.17999982834  2332967
2.17999982834  2329445
2.1899998188  2290813
3.3599998951  2288178
3.36999988556  2284953
3.36999988556  2265482
3.36999988556  2264988
3.37999987602  2242779
3.37999987602  2242318
3.37999987602  2234585
3.37999987602  2217294
3.38999986649  2188110
3.38999986649  2186150
3.38999986649  2182060
3.39999985695  2178839
3.41999983788  2169564
3.42999982834  2163245
3.42999982834  2162700
3.4399998188  2161200
3.4399998188  2150575
3.44999980927  2148350
3.44999980927  2147480
3.44999980927  2126301
3.46000003815  2125352
3.46000003815  2121455
3.46000003815  2114283
3.47000002861  2108706
3.47000002861  2105442
3.47000002861  2104562
3.47000002861  2101262
3.48000001907  2096436
3.48000001907  2072193
3.48000001907  2062291
3.49000000954  2054497
3.5  2040761
9.33299994469  2038162
9.34299993515  2037947
9.34299993515  2037814
9.34299993515  2028573
9.34299993515  2014536
9.35299992561  2012477
9.35299992561  2010490
9.35299992561  2005862
9.35299992561  1992531
9.36299991608  1991884
9.36299991608  1991037
9.37299990654  1990820
9.382999897  1989581
9.39299988747  1987943
9.40299987793  1983990
9.42299985886  1969523
9.42299985886  1966771
9.42299985886  1961665
9.43299984932  1943015
9.43299984932  1940996
9.44299983978  1936789
9.45299983025  1936530
9.47299981117  1930100
378.189999819  1927889
378.199999809  1927052
378.199999809  1924701
378.210000038  1922804
378.210000038  1922641
378.230000019  1892054
378.230000019  1881165
378.24000001  1874722
