0.0239999294281  3934576
0.0239999294281  3710412
0.0239999294281  3559823
0.0239999294281  3540101
0.0239999294281  3471118
0.0239999294281  3439817
0.0239999294281  3439631
0.0239999294281  3427602
0.0239999294281  3157507
0.0239999294281  3086168
0.0250000953674  2898000
0.0250000953674  2883157
0.0250000953674  2782376
0.0250000953674  2734238
0.0250000953674  2637168
0.0250000953674  2635348
0.0260000228882  2534258
0.0260000228882  2512605
0.0269999504089  2496622
0.0269999504089  2411732
0.0280001163483  2366536
0.0280001163483  2333846
0.029000043869  2309345
0.029000043869  2246655
0.0299999713898  2057492
0.0309998989105  2024717
0.0309998989105  1956491
0.0309998989105  1932997
0.0320000648499  1924549
0.0339999198914  1854806
0.0350000858307  1842353
0.0369999408722  1805000
0.0380001068115  1800980
0.039999961853  1781328
0.0410001277924  1752424
0.0429999828339  1747547
0.0439999103546  1730713
0.0460000038147  1697902
0.0469999313354  1696752
0.0490000247955  1672066
0.0499999523163  1670862
0.0520000457764  1656641
0.0539999008179  1643354
0.0569999217987  1642694
0.0599999427795  1624171
0.0629999637604  1607301
0.0659999847412  1600479
0.069000005722  1587672
0.0720000267029  1580269
0.074000120163  1575012
0.0789999961853  1573254
0.0840001106262  1563412
0.0880000591278  1551998
0.0929999351501  1536749
0.0980000495911  1502994
0.102999925613  1498212
0.108999967575  1466810
0.115000009537  1434389
0.120000123978  1433649
0.528000116348  1431308
0.533999919891  1405947
2.37000012398  1401182
2.37599992752  1400046
2.55599999428  1395981
