0.02 4585416
0.02 4536291
0.03 4527161
0.04 4197784
0.04 4178524
0.04 4173323
0.04 4152073
0.23 4133124
0.23 4129944
0.29 4127294
0.37 4118067
0.37 4114887
0.38 4105418
0.38 4102190
0.91 3936352
0.91 3917092
0.91 3911891
0.91 3890641
0.91 3882522
0.92 3869750
4.08 3821855
4.08 3818675
4.35 3816025
4.63 3806798
4.64 3803618
4.66 3794149
4.67 3790921
9.93 3789186
9.93 3786006
9.96 3776537
9.96 3773309
10.82 3769096
10.82 3765868
24.87 3666199
24.87 3646939
24.87 3641738
24.87 3620488
24.88 3618402
24.90 3576250
24.90 3575689
24.90 3556366
24.91 3550459
24.91 3529915
24.94 3521796
24.95 3509024
35.79 3505009
35.81 3492237
36.73 3490046
39.87 3471872
39.88 3469786
39.90 3449341
39.91 3448780
39.91 3429457
39.91 3423550
39.91 3403006
39.96 3390539
56.52 3381482
56.53 3373363
56.53 3360591
65.47 3312696
65.48 3309516
66.28 3306866
67.22 3297639
67.23 3294459
67.33 3284990
67.33 3281762
80.61 3280027
80.62 3276847
80.72 3267378
80.73 3264150
83.26 3259937
83.27 3256709
362.58 3253235
362.58 3250007
376.41 3243336
376.41 3240108
379.02 3235895
379.03 3232667
