0.0499999523163  4361811
0.0499999523163  4336087
0.0499999523163  4277736
0.0499999523163  4276564
0.0499999523163  4239372
0.0499999523163  4228136
0.0499999523163  4119749
0.0599999427795  4070805
0.0599999427795  3775174
0.0599999427795  3747535
0.0599999427795  3594922
0.0599999427795  3580669
0.0599999427795  3541484
0.0599999427795  3523656
0.0599999427795  3453341
0.0599999427795  3435455
0.0599999427795  3372753
0.0599999427795  3368930
0.0599999427795  3302918
0.0599999427795  3283655
0.0599999427795  2949823
0.0599999427795  2948968
0.0599999427795  2857799
0.0599999427795  2759475
0.0599999427795  2699550
0.0599999427795  2698864
0.0599999427795  2684313
0.0599999427795  2474215
0.0599999427795  2452084
0.0599999427795  2447438
0.0599999427795  2412897
0.0599999427795  2406856
0.0599999427795  2405400
0.0599999427795  2393378
0.0599999427795  2381389
0.0599999427795  2370514
0.0599999427795  2353631
0.0599999427795  2346984
0.0599999427795  2345899
0.0599999427795  2323202
0.0599999427795  2086306
0.0599999427795  2081973
0.0599999427795  2081946
0.0599999427795  2079269
0.0599999427795  2078156
0.0599999427795  2065234
0.0699999332428  2056311
0.0699999332428  2052867
0.0699999332428  2042984
0.0699999332428  2035982
0.0699999332428  2034422
0.0699999332428  2032491
0.0699999332428  2028220
0.0799999237061  1964702
0.0799999237061  1948805
0.0799999237061  1939116
0.0799999237061  1938376
0.0799999237061  1938344
0.0799999237061  1930134
0.0799999237061  1928258
0.0799999237061  1921624
0.110000133514  1920484
0.110000133514  1885927
0.110000133514  1878491
0.120000123978  1866832
0.120000123978  1793333
0.120000123978  1784986
0.120000123978  1781222
0.130000114441  1761615
0.130000114441  1729153
0.130000114441  1714198
0.130000114441  1711985
0.130000114441  1709855
0.130000114441  1702338
0.130000114441  1700477
0.350000143051  1682644
0.350000143051  1610470
0.350000143051  1594353
0.350000143051  1571720
0.360000133514  1565979
0.360000133514  1562916
0.370000123978  1513646
0.950999975204  1494451
0.950999975204  1469090
0.970999956131  1463107
0.980999946594  1462884
2.29299998283  1458572
3.64499998093  1456312
9.2460000515  1443952
9.25600004196  1443053
9.25600004196  1441929
9.25600004196  1440127
9.26600003242  1437827
9.26600003242  1433996
43.5810000896  1415875
77.2039999962  1400857
77.2039999962  1395981
