0.0417511463165  6597682
0.0422041416168  6584576
0.0426800251007  6569035
0.0432720184326  6564329
0.0441360473633  6549266
0.044291973114  6548598
0.044536113739  6541368
0.04643201828  6536438
0.0467960834503  6536422
0.04696393013  6516363
0.0475101470947  6514651
0.047868013382  6502416
0.048033952713  6474914
0.0487620830536  6462211
0.0489130020142  6461246
0.0501019954681  6459372
0.0515389442444  6457689
0.0521910190582  6451727
0.0523519515991  6450432
0.0536730289459  6449578
0.0546469688416  6445947
0.0562169551849  6445536
0.0568540096283  6444027
0.0569961071014  6443909
0.0585949420929  6440780
0.0604479312897  6439509
0.060604095459  6436823
0.062628030777  6431815
0.0647940635681  6431442
0.0649361610413  6423151
0.0654010772705  6422839
0.0676720142365  6420743
0.0721919536591  6417856
0.0724141597748  6410610
0.0732419490814  6407735
0.0734541416168  6403657
0.0745010375977  6385785
0.0746879577637  6385166
0.075010061264  6360431
0.0762870311737  6358291
0.0766289234161  6353272
0.0780429840088  6336510
0.0783050060272  6332499
0.0787570476532  6313877
0.0789229869843  6306244
0.0817439556122  6302389
0.0829470157623  6301446
0.0885729789734  6299902
0.0890281200409  6289944
0.0892190933228  6285494
0.0941159725189  6285272
0.0942840576172  6268261
0.0945439338684  6268242
0.0946991443634  6265280
0.0950930118561  6257039
0.0990760326385  6256706
0.103906154633  6253859
0.105112075806  6253682
0.105255126953  6253249
0.105478048325  6252859
0.106639146805  6248748
0.11110496521  6247686
0.111274957657  6245169
0.116492033005  6243306
0.116680145264  6243263
0.116972923279  6241938
0.122318983078  6241269
0.122485160828  6241118
0.122707128525  6238005
0.127332925797  6236100
0.127489089966  6233736
0.134631156921  6232819
0.134845018387  6193783
0.141607999802  6192233
0.141750097275  6177537
0.142621040344  6177007
0.143289089203  6173670
0.143752098083  6118983
0.143936157227  6100874
0.145137071609  6098536
0.147145032883  6091603
0.147578001022  6080121
0.149282932281  6078275
0.149493932724  6076140
0.151278972626  6074106
0.15146613121  6063627
0.153234004974  6063288
0.160258054733  6061596
0.160426139832  6044850
0.162516117096  6041127
0.162729978561  6039675
0.163180112839  6029813
0.163316011429  6029790
0.163530111313  6029326
0.163861989975  6027215
0.165472984314  6022560
0.173090934753  6021351
0.179998159409  6020317
0.190668106079  6018979
0.190825939178  6004051
0.19123506546  5981538
0.191385984421  5978070
0.192220926285  5977072
0.193778038025  5976080
0.194164037704  5973846
0.194304943085  5971932
0.1945271492  5967764
0.195152044296  5963224
0.196985006332  5962897
0.197595119476  5945761
0.197731018066  5945012
0.206196069717  5942232
0.206340074539  5942220
0.206555128098  5936919
0.217266082764  5935857
0.217461109161  5930803
0.229968070984  5927987
0.230189085007  5927402
0.230523109436  5922012
0.231219053268  5914170
0.231552124023  5894712
0.232125997543  5884595
0.232944965363  5853141
0.233155965805  5851137
0.23467707634  5845555
0.23486995697  5809818
0.245504140854  5808477
0.245648145676  5808439
0.245871067047  5799198
0.255739927292  5797371
0.255882024765  5747599
0.267316102982  5746203
0.267603158951  5737702
0.269129991531  5735498
0.269403934479  5734570
0.270395040512  5697688
0.272063016891  5694268
0.28545999527  5691415
0.285601139069  5691235
0.297265052795  5690171
0.297486066818  5682545
0.310353040695  5679782
0.310495138168  5679767
0.322788000107  5678670
0.334753990173  5678503
0.33497595787  5678120
0.335271120071  5676487
0.347387075424  5676429
0.347528934479  5665006
0.347746133804  5664180
0.348255157471  5664037
0.348675012589  5654717
0.363703012466  5654347
0.377731084824  5653006
0.37818813324  5652713
0.395354986191  5652243
0.396146059036  5652073
0.396618127823  5651892
0.409937143326  5651145
0.426424980164  5650762
0.426823139191  5630527
0.427643060684  5627704
0.428597927094  5627418
0.428911924362  5576394
0.429058074951  5573061
0.430613040924  5572941
0.431098937988  5572796
0.445923089981  5572680
0.465223073959  5572264
0.466588020325  5572223
0.46676492691  5571939
0.467391014099  5571699
0.468503952026  5570046
0.468645095825  5568481
0.468867063522  5561320
0.469897985458  5557919
0.488603115082  5556967
0.506857156754  5556845
0.507028102875  5550985
0.507274150848  5542057
0.507430076599  5534249
0.507763147354  5528155
0.508278131485  5504441
0.509232997894  5502011
0.509477138519  5470642
0.510787963867  5461914
0.511096954346  5451217
0.511526107788  5440518
0.515715122223  5438021
0.515871047974  5436389
0.516204118729  5435554
0.516360044479  5432378
0.517400979996  5429851
0.518224000931  5425953
0.519016981125  5376597
0.519215106964  5335369
0.520380973816  5335075
0.524448156357  5332857
0.532096147537  5331211
0.532323122025  5330826
0.532624959946  5326892
0.536018133163  5326790
0.536240100861  5326310
0.551660060883  5326181
0.552031993866  5266702
0.552482128143  5262842
0.552618980408  5258116
0.553148031235  5245487
0.553754091263  5245483
0.554126024246  5237666
0.554811954498  5236887
0.570240020752  5235870
0.586076021194  5235513
0.602880001068  5234993
0.6030189991  5187860
0.603235006332  5182922
0.603686094284  5176977
0.604213953018  5176975
0.605134963989  5175893
0.60723900795  5172291
0.60816192627  5169485
0.608320951462  5168632
0.608615159988  5168179
0.608752965927  5167292
0.609126091003  5134327
0.610283136368  5130427
0.628234148026  5130172
0.645292043686  5130097
0.645431041718  5128939
0.647458076477  5120490
0.649323940277  5119211
0.651268005371  5118538
0.651405096054  5102645
0.66379904747  5101702
0.669836997986  5100922
0.687226057053  5099281
0.687600135803  5098332
0.704982995987  5098033
0.705121040344  5097592
0.722890138626  5096778
0.723029136658  5096700
0.72324514389  5092546
0.74182009697  5092427
0.742115020752  5089235
0.742252111435  5085426
0.742624998093  5068046
0.742761135101  5068007
0.742978096008  5066699
0.74350810051  5062628
0.743644952774  5024721
0.744173049927  5014261
0.74692606926  5013650
0.74903011322  5009262
0.749166965485  5008665
0.767482995987  5007185
0.786035060883  5007167
0.786329030991  4993038
0.805439949036  4989631
0.824924945831  4988339
0.845315933228  4988329
0.845453977585  4988184
0.88340306282  4986450
0.921993017197  4986398
0.979690074921  4986252
1.04793310165  4985363
1.12054204941  4985328
1.17830896378  4978861
1.23670697212  4977863
1.25595593452  4977781
1.31407499313  4969407
1.31429195404  4969360
1.37468409538  4967689
1.37489914894  4967471
1.39398407936  4967426
1.45125102997  4960685
1.50951600075  4954874
1.50973200798  4954838
1.50986909866  4954736
1.56693792343  4951869
1.56718707085  4951834
1.62776899338  4951259
1.6279900074  4951149
1.68532395363  4945222
1.74654912949  4943500
1.74680995941  4943271
1.76619911194  4943207
1.82278704643  4942131
1.88008499146  4923913
1.9366979599  4919570
1.99590396881  4919374
1.99612092972  4919354
1.99625897408  4919252
2.05302095413  4916928
2.1104850769  4907389
2.16763901711  4906627
2.22500705719  4904662
2.22522211075  4904577
2.28309798241  4904361
2.28331398964  4904315
2.33982801437  4901803
2.39924907684  4900868
2.39946603775  4900833
2.46080708504  4900694
2.46102309227  4900638
2.51849293709  4900629
2.57602405548  4899354
2.63725495338  4896797
2.63749098778  4896688
2.70140194893  4895752
2.70161914825  4895634
2.75820708275  4893229
2.81736302376  4887442
2.87420296669  4886922
2.9421479702  4885969
3.00186395645  4885015
3.06046915054  4878311
3.06068515778  4878067
3.08029913902  4877871
3.13716197014  4875379
3.19482398033  4875236
3.25136208534  4874622
3.34575915337  4869963
3.44029307365  4861338
3.53525805473  4860089
3.65320706367  4852985
3.77742409706  4852745
3.90445208549  4851783
4.01928400993  4851081
4.13449811935  4850611
4.2499320507  4849550
4.36535096169  4849177
4.48325610161  4838165
4.60637307167  4837774
4.7229681015  4834661
4.84910798073  4832715
4.96282410622  4824163
5.07771110535  4821994
5.07818412781  4821681
5.09686207771  4821385
5.09700012207  4807886
5.11687302589  4805318
5.13656902313  4804694
5.15577912331  4800981
5.17518305779  4799574
5.21371006966  4794008
5.25299406052  4790103
5.29418992996  4789684
5.33431100845  4788373
5.41236805916  4786152
5.52065610886  4783991
5.64324593544  4783825
5.75780105591  4783589
5.87836694717  4778116
5.98889899254  4777369
6.08390498161  4774643
6.19823408127  4774032
6.31124615669  4774018
6.41955900192  4773935
6.53469395638  4772862
6.6361451149  4769863
6.74780797958  4767483
6.8653459549  4766336
6.98170900345  4759906
7.10351109505  4759246
7.20816898346  4758340
7.3176240921  4758314
7.43628311157  4754881
7.53376913071  4753714
7.6293900013  4753612
7.72597694397  4753526
7.82219314575  4752572
7.92076206207  4749499
8.02355694771  4749073
8.13911509514  4748047
8.2524740696  4746418
8.36679792404  4745897
8.48152208328  4745706
8.61195111275  4743925
8.68091511726  4743914
8.79828906059  4737385
8.865680933  4736782
8.98750901222  4736679
9.10789394379  4736114
9.21539497375  4735805
9.34303998947  4735768
9.45830702782  4731997
9.58825993538  4731941
9.70370697975  4728532
9.81806111336  4728247
9.98907995224  4723588
10.1622149944  4721589
10.2579679489  4721132
10.3529291153  4721110
10.4470801353  4720927
10.5626540184  4720925
10.7188079357  4719638
10.8736560345  4718579
11.0232131481  4715813
11.1862111092  4715629
11.3371939659  4715570
11.4899320602  4712834
11.6456890106  4712335
11.8014919758  4712088
11.9520039558  4711423
12.1131219864  4710899
12.2806761265  4710846
12.4337739944  4710007
12.5840129852  4705305
12.735337019  4705171
12.886644125  4705164
13.038408041  4703999
13.2030520439  4703940
13.3727271557  4703304
13.5425410271  4699423
13.5432291031  4699382
13.5436010361  4699066
13.5441300869  4699040
13.5447380543  4698983
13.5454230309  4698930
13.6362500191  4698537
13.6514101028  4698279
13.651736021  4697952
13.6521091461  4692608
13.6522459984  4686812
13.6527750492  4674260
13.6565480232  4671041
13.6642160416  4670252
13.6646680832  4660771
13.6648039818  4659478
13.6798870564  4659351
13.6951620579  4658327
13.7296509743  4657393
13.8197209835  4657254
13.9103331566  4656340
14.0017211437  4655996
14.0775170326  4655298
14.1680560112  4655032
14.2588760853  4654682
14.3541719913  4653213
14.4489531517  4648645
14.5493190289  4647444
14.643599987  4636882
14.7391560078  4631737
14.833835125  4624402
14.9291009903  4616030
15.0699491501  4613862
15.2125821114  4612411
15.3584270477  4610085
15.4913930893  4609469
15.623363018  4578320
15.7559549809  4575230
15.8894820213  4574556
16.0223050117  4546268
16.1565749645  4545170
16.2898180485  4544724
16.4225380421  4543979
16.5593459606  4542916
16.6942901611  4541755
16.8269040585  4541114
16.9596850872  4539574
17.0953199863  4538864
17.2296950817  4537231
17.3619301319  4537054
17.4991309643  4535977
17.6367931366  4535763
17.7784450054  4535468
17.9108200073  4535320
18.0439729691  4534357
18.1778559685  4533856
18.3176369667  4533690
18.4513809681  4532772
18.5443980694  4532608
18.6306340694  4532517
18.7108960152  4532513
18.8028759956  4532045
18.895539999  4530593
18.9808819294  4529038
19.0639359951  4527945
19.1508600712  4527768
19.233809948  4527746
19.3096840382  4527509
19.4006249905  4527038
19.5503730774  4523945
19.7004051208  4523139
19.8501210213  4521088
20.021312952  4517501
20.2225279808  4517213
20.4202671051  4516203
20.6310191154  4516187
20.8397331238  4514810
21.0617530346  4513998
21.2928800583  4513358
21.547960043  4512850
21.8125989437  4512795
22.0599720478  4511921
22.3255369663  4510703
22.5841789246  4510309
22.8157861233  4509989
23.092318058  4508279
23.3878679276  4507527
23.5426549911  4506843
23.7488150597  4489768
23.8990550041  4487358
24.1254889965  4482723
24.3575601578  4479745
24.6100289822  4476169
24.8317890167  4476168
25.0861570835  4470079
25.3518619537  4469114
25.5836930275  4468957
25.8625869751  4468404
26.0504209995  4468156
26.2831339836  4467731
26.5523500443  4467477
26.8106701374  4389357
27.0862660408  4388825
27.3476700783  4388203
27.6092231274  4388093
27.8816690445  4387862
28.1695759296  4296784
28.4467279911  4293829
28.7242150307  4290319
29.0004551411  4267977
29.2887611389  4265258
29.5948441029  4265203
29.9078569412  4260277
30.1883399487  4259371
30.4671800137  4257649
30.7461700439  4256434
31.0265750885  4255750
31.3030791283  4254152
31.5805881023  4254019
31.8577570915  4254014
32.138862133  4252555
32.417071104  4199199
32.569026947  4199153
32.7199101448  4198348
32.8702609539  4198268
33.0413961411  4196405
33.2452759743  4196371
33.4676320553  4196306
33.6725699902  4195989
33.8791661263  4195428
34.1044781208  4194432
34.3111829758  4194429
34.5532529354  4166608
34.7588140965  4166210
35.0005381107  4165752
35.2073330879  4165545
35.4513571262  4156058
35.6203961372  4155682
35.7903039455  4155077
35.996573925  4154845
36.2402119637  4154838
36.483716011  4143955
36.7264499664  4141978
36.8029811382  4141936
36.8795700073  4141850
36.9553780556  4141407
37.201736927  4138067
37.2218670845  4138043
37.2415189743  4137732
37.4443941116  4137399
37.4596321583  4137199
37.4751560688  4135340
37.4753730297  4135314
37.4756691456  4135257
37.4760401249  4134601
37.4963541031  4134127
37.5353519917  4133356
37.5938870907  4133272
37.8716211319  4132831
38.1897349358  4131843
38.2857599258  4131165
38.3433699608  4130352
38.438010931  4130321
38.6623821259  4128543
38.9404420853  4128105
39.2555191517  4124364
39.6065621376  4033570
39.9640710354  4033400
40.3436341286  4032964
40.6953179836  4032623
41.080589056  4031760
41.4701550007  4031149
41.9017500877  4030869
42.329223156  4029835
42.6846621037  4029219
43.0331249237  4029174
43.4529111385  3950372
43.8194439411  3950285
44.1735670567  3950119
44.5218889713  3949950
44.9439101219  3947908
45.2748799324  3947905
45.692633152  3943968
45.6944589615  3943900
45.6948311329  3942592
45.6957471371  3942123
45.6972129345  3941807
45.6988370419  3941781
45.7005410194  3941724
45.8576610088  3939848
45.8632619381  3939575
45.8634009361  3937991
45.8636169434  3936659
45.864166975  3935282
45.8826830387  3934240
45.89508605  3934078
45.926030159  3933604
45.9576311111  3932722
45.9766690731  3932529
45.9967460632  3932063
46.0350410938  3931504
46.0923421383  3931200
46.1505920887  3931145
46.2272510529  3929709
46.3772580624  3929110
46.7940680981  3928641
47.211769104  3924016
47.5588510036  3923400
47.9095511436  3923355
48.3366501331  3841602
48.4358301163  3841399
48.5341010094  3841060
48.7028701305  3840443
48.8700230122  3839867
49.0429501534  3838118
49.3075881004  3838096
49.5488450527  3838059
49.737511158  3837058
49.9063000679  3836837
50.1299250126  3835359
50.3632290363  3835284
50.6001811028  3835215
50.8548660278  3834712
51.1408810616  3833737
51.4306621552  3832707
51.7098851204  3830153
51.9918119907  3829401
52.3253600597  3829340
52.6592831612  3825180
52.9987649918  3823700
53.3417010307  3823454
53.6737320423  3822300
54.0014679432  3820507
54.3344061375  3818346
54.6672570705  3815258
54.9620549679  3815214
55.2912449837  3814877
55.6290810108  3813460
55.923402071  3813268
56.2721090317  3813081
56.6268391609  3812390
56.9412870407  3812183
57.2632920742  3812132
57.5861070156  3811327
57.918970108  3811167
58.3110151291  3810632
58.6697149277  3809623
59.0413241386  3765309
59.4361360073  3759902
59.8037600517  3757630
60.1356630325  3757325
60.4648430347  3756488
60.7959799767  3754106
61.1364040375  3753948
61.4663579464  3753218
61.8000700474  3753027
62.1324191093  3752534
62.4632840157  3752416
62.7973060608  3750933
63.1442649364  3750482
63.507805109  3749544
63.8563740253  3746629
64.2048950195  3744027
64.5526320934  3743594
64.5541069508  3743489
64.5722711086  3742923
64.58832407  3742751
64.6044449806  3741757
64.6515860558  3735686
64.694133997  3734729
64.7377431393  3731779
64.7851209641  3730257
64.8425791264  3728924
64.8996889591  3728792
64.957201004  3728155
65.0137751102  3727149
65.0714480877  3724148
65.1308600903  3714209
65.2055671215  3713777
65.221585989  3711425
65.2382531166  3711066
65.4060151577  3710661
65.5755741596  3691298
65.7503349781  3690701
65.9374580383  3683449
66.0883440971  3682455
66.2454819679  3682452
66.4029319286  3681683
66.5765430927  3681335
66.7617199421  3681290
66.9446909428  3676076
67.1157879829  3675528
67.2853960991  3672658
67.4544000626  3671681
67.624735117  3671661
67.7953801155  3670048
67.9695980549  3669959
68.1443221569  3664045
68.338750124  3650118
68.4553620815  3649578
68.5698010921  3649424
68.6797609329  3648626
68.8796410561  3647492
69.0943629742  3644817
69.3108170033  3643995
69.511963129  3630114
69.6993629932  3630088
69.8863430023  3614809
69.9992189407  3613236
70.0746510029  3613225
70.1312160492  3613221
70.1697020531  3613203
70.3572831154  3610951
70.5812430382  3610259
70.7745039463  3610083
70.9989190102  3593576
71.1874670982  3592979
71.4282000065  3592564
71.6707389355  3587685
71.9129469395  3581703
72.1540429592  3567812
72.4180779457  3562384
72.7005209923  3560979
72.9889979362  3560335
73.2316551208  3559465
73.491697073  3559234
73.76989007  3554031
74.0659239292  3546898
74.3593571186  3545650
74.7028870583  3543559
74.998114109  3543045
75.3164520264  3542850
75.5964090824  3542663
75.9315350056  3523529
76.1964080334  3523269
76.4913749695  3519257
76.7892930508  3513777
77.0868909359  3510581
77.3853089809  3506533
77.6823329926  3491294
77.9834420681  3488201
78.2804200649  3482945
78.5781540871  3479644
78.8758180141  3473522
79.1951320171  3469163
79.4925560951  3466385
79.7897760868  3465956
79.8471529484  3465288
79.8484079838  3465241
79.8494851589  3465009
79.8507180214  3464955
79.9647190571  3463962
80.0605199337  3463506
80.1553900242  3462520
80.2933299541  3462284
80.5972480774  3424950
80.9023730755  3341912
80.9038779736  3341806
81.2028620243  3325331
81.204100132  3325289
81.5034561157  3319704
81.7989161015  3318236
81.800153017  3317895
82.0974371433  3296550
82.3939321041  3295263
82.6910591125  3294495
82.9884719849  3278489
83.287997961  3275482
83.2892320156  3275448
83.3469099998  3275283
83.642619133  3274762
83.9380099773  3273526
84.2394330502  3272406
84.5348010063  3270512
84.5926499367  3270450
84.593886137  3270135
84.886726141  3269678
85.188904047  3268861
85.1901490688  3268802
85.4840300083  3268640
85.7825679779  3268315
85.7838079929  3268121
86.0895731449  3267992
86.0908589363  3267849
86.3919761181  3265980
86.3932321072  3265839
86.7459909916  3265755
87.1218750477  3264841
87.4722499847  3264786
87.8606629372  3264324
88.3831191063  3264127
88.8900959492  3261966
89.3284909725  3261866
89.7959070206  3261774
90.3030230999  3225788
90.8072650433  3225653
91.309071064  3225586
91.8128049374  3221720
92.3188800812  3179949
92.7907860279  3179617
93.2968120575  3165020
93.8007230759  3162171
94.280780077  3162089
94.7836129665  3111836
95.2586150169  3111785
95.7662129402  3108999
96.2697441578  3085785
96.791203022  3085279
97.2611269951  3085205
97.7641220093  3029903
98.239716053  3029571
98.7707929611  3007726
99.3608150482  3005047
99.8543701172  3004976
100.304966927  3004925
