0.0392398834229  6816567
0.0397629737854  6778071
0.0399069786072  6681261
0.0400490760803  6667530
0.0403170585632  6659952
0.0407819747925  6658613
0.0411648750305  6640285
0.0413110256195  6638385
0.0416190624237  6627504
0.0419359207153  6625516
0.0421688556671  6620310
0.0428860187531  6615885
0.0434079170227  6613943
0.043557882309  6578210
0.0438499450684  6566558
0.043998003006  6558030
0.0455160140991  6545726
0.0457699298859  6499464
0.0463910102844  6470801
0.0465190410614  6469131
0.0467698574066  6452258
0.0468969345093  6429236
0.0470259189606  6392277
0.0471529960632  6386794
0.0475270748138  6348475
0.0479030609131  6348469
0.0483999252319  6341832
0.0488979816437  6274564
0.0491809844971  6273796
0.0493268966675  6267818
0.0495879650116  6263489
0.0499658584595  6259680
0.0502469539642  6244573
0.0506808757782  6238362
0.0508279800415  6180263
0.0509760379791  6176447
0.0514080524445  6150276
0.0516970157623  6145166
0.0518429279327  6137756
0.05198097229  6133411
0.0530989170074  6132111
0.0534739494324  6131160
0.0538489818573  6125482
0.0543479919434  6123192
0.0549700260162  6123070
0.05522108078  6120800
0.0554728507996  6119402
0.0557239055634  6112686
0.0559740066528  6111484
0.0561008453369  6106381
0.0563519001007  6096351
0.0564789772034  6094326
0.0567290782928  6092756
0.057354927063  6059769
0.0574820041656  6036038
0.0579800605774  6031348
0.0581059455872  5991644
0.0588479042053  5977934
0.0593450069427  5977281
0.0598440170288  5969528
0.0599789619446  5957993
0.0602300167084  5952120
0.0603559017181  5950884
0.0607309341431  5936732
0.0609810352325  5931632
0.0612318515778  5898570
0.0613589286804  5890583
0.0616109371185  5889266
0.0622339248657  5879325
0.0627329349518  5863266
0.0631098747253  5854529
0.0643520355225  5850460
0.0644788742065  5840661
0.0647299289703  5840184
0.0652270317078  5819151
0.0653538703918  5815130
0.0658638477325  5796503
0.0661149024963  5744323
0.067244052887  5721470
0.0687289237976  5684649
0.0688560009003  5684217
0.0691070556641  5682454
0.071084022522  5633005
0.0713338851929  5630929
0.0722010135651  5604902
0.0726969242096  5600897
0.0728240013123  5596974
0.072949886322  5582933
0.0736930370331  5580806
0.0740079879761  5541265
0.0745458602905  5541247
0.0769288539886  5477139
0.0773279666901  5468012
0.0789630413055  5441107
0.0791070461273  5425924
0.0793769359589  5416712
0.0801079273224  5395338
0.0810658931732  5393501
0.081934928894  5390153
0.0826809406281  5389754
0.082808971405  5376230
0.0831830501556  5352288
0.0843029022217  5333723
0.0844309329987  5333459
0.0851769447327  5329701
0.0855510234833  5301064
0.087907075882  5296383
0.0880348682404  5249474
0.0885329246521  5242696
0.0892338752747  5222405
0.0920648574829  5218031
0.0930678844452  5212426
0.0931959152222  5209058
0.0935728549957  5190774
0.0941960811615  5189744
0.0944490432739  5179035
0.0953440666199  5178103
0.0980849266052  5171926
0.0982129573822  5168129
0.098464012146  5167965
0.098837852478  5167844
0.101335048676  5160704
0.101464033127  5158387
0.102459907532  5156013
0.102587938309  5150260
0.103332996368  5026406
0.107382059097  5024508
0.107641935349  5024215
0.108023881912  5016334
0.108279943466  5012063
0.108659982681  5002112
0.10916686058  5000812
0.109550952911  4991146
0.110434055328  4941394
0.111065864563  4936022
0.113129854202  4927097
0.113667011261  4918098
0.113940000534  4917932
0.114748001099  4898062
0.117302894592  4874581
0.118905067444  4873857
0.1195499897  4865068
0.121571063995  4860868
0.121701955795  4859388
0.121830940247  4859030
0.122086048126  4831383
0.124203920364  4827344
0.124585866928  4816519
0.125931978226  4806066
0.12758398056  4801174
0.129045963287  4791935
0.129827976227  4719060
0.130087852478  4709856
0.130472898483  4709733
0.130857944489  4706336
0.13125705719  4702415
0.133442878723  4700712
0.134584903717  4687474
0.135542869568  4684694
0.135885000229  4680076
0.136731863022  4677081
0.137074947357  4672500
0.137727022171  4669164
0.138110876083  4664846
0.138366937637  4664510
0.139252901077  4649942
0.141269922256  4634691
0.142318964005  4629012
0.142827033997  4626792
0.143209934235  4600645
0.144217967987  4598192
0.144845962524  4595658
0.14497590065  4594191
0.14523100853  4571987
0.146864891052  4541213
0.14862704277  4525396
0.149137973785  4520579
0.150522947311  4511556
0.151975870132  4509992
0.152153968811  4508766
0.156890869141  4498348
0.158874988556  4468625
0.161880016327  4463509
0.162327051163  4462837
0.162625074387  4461628
0.162922859192  4451661
0.164631843567  4450182
0.164762020111  4443816
0.164891958237  4434794
0.165899038315  4433193
0.166152954102  4432208
0.166532039642  4426217
0.167801856995  4414794
0.168807983398  4413677
0.16893696785  4409448
0.17364692688  4409239
0.176112890244  4403945
0.177525043488  4399226
0.181552886963  4393792
0.18293595314  4381434
0.184453010559  4328088
0.185215950012  4324575
0.18684887886  4322384
0.186977863312  4320414
0.187983989716  4320351
0.188238859177  4313270
0.188619852066  4309707
0.190856933594  4304231
0.191128969193  4302957
0.193902015686  4302291
0.194642066956  4238963
0.196433067322  4236765
0.19907784462  4230981
0.201026916504  4230499
0.20241689682  4220799
0.204056024551  4205854
0.20658493042  4205741
0.207790851593  4197132
0.209898948669  4180094
0.211416006088  4179808
0.212424993515  4166097
0.212808847427  4163676
0.215077877045  4163244
0.215206861496  4152825
0.215714931488  4147677
0.215973854065  4146931
0.21911406517  4141767
0.219241857529  4103984
0.219372034073  4100479
0.220002889633  4090519
0.220759868622  4058061
0.221145868301  4057097
0.221276044846  4042291
0.222166061401  4041052
0.223054885864  3995017
0.223706007004  3994637
0.224967002869  3870345
0.225475072861  3868503
0.225857973099  3864592
0.226614952087  3863285
0.226871967316  3801659
0.227001905441  3782205
0.227511882782  3780035
0.229553937912  3772830
0.23314499855  3752664
0.233289003372  3751041
0.233732938766  3746605
0.234935045242  3745300
0.235821962357  3743634
0.240089893341  3702238
0.241993904114  3699022
0.242388963699  3695937
0.244035005569  3676086
0.245692968369  3673425
0.248026847839  3670098
0.249170064926  3641465
0.250184059143  3640979
0.251829862595  3637964
0.25372505188  3637399
0.257284879684  3628205
0.262093067169  3627232
0.265388011932  3626435
0.265516996384  3625469
0.26603102684  3618135
0.26616191864  3617172
0.268893003464  3610200
0.269433021545  3609063
0.271494865417  3606970
0.273688077927  3600120
0.273944854736  3599884
0.276345014572  3587177
0.277637958527  3586468
0.279182910919  3581650
0.279957056046  3578940
0.280216932297  3574837
0.28265786171  3568146
0.284072875977  3566112
0.284205913544  3565743
0.285421848297  3564627
0.285682916641  3537979
0.286069869995  3536841
0.286715984344  3535592
0.287616014481  3535582
0.288385868073  3531763
0.290318965912  3530835
0.293632984161  3530538
0.29388999939  3530437
0.303745031357  3522052
0.30448102951  3515037
0.305297851562  3512459
0.30544090271  3509303
0.30584692955  3508771
0.306791067123  3500521
0.308763027191  3499774
0.312417030334  3496747
0.314955949783  3491449
0.324526071548  3490970
0.32897901535  3489977
0.329748868942  3472236
0.334754943848  3467339
0.335273981094  3463637
0.336042881012  3456236
0.339479923248  3405609
0.341516971588  3403704
0.344897985458  3394965
0.346322059631  3394718
0.351804018021  3394536
0.352316856384  3393044
0.352827072144  3385154
0.353210926056  3381391
0.358451843262  3381217
0.358861923218  3378938
0.359387874603  3374895
0.362607002258  3372540
0.364204883575  3372460
0.365524053574  3371487
0.365658998489  3364694
0.366590023041  3326459
0.370135068893  3319421
0.371039867401  3318828
0.371172904968  3312146
0.371304988861  3307714
0.373113870621  3307085
0.374271869659  3297021
0.381996870041  3296351
0.386641025543  3279665
0.388586997986  3276646
0.390127897263  3275900
0.391165971756  3274602
0.391965866089  3271134
0.392231941223  3264347
0.396184921265  3263605
0.397331953049  3257883
0.406668901443  3252818
0.408190965652  3248702
0.409841060638  3246550
0.412384986877  3246277
0.413856983185  3244411
0.418756008148  3237213
0.427042961121  3225599
0.42876291275  3224048
0.429548025131  3211779
0.432646989822  3208690
0.43507194519  3205447
0.437669038773  3204083
0.441565990448  3201056
0.451125860214  3195119
0.454655885696  3194085
0.45479798317  3188547
0.456222057343  3187752
0.460336923599  3187751
0.461603879929  3179258
0.461881875992  3178280
0.463502883911  3165643
0.469377040863  3154380
0.472791910172  3152291
0.474000930786  3147885
0.474958896637  3147861
0.479562044144  3134764
0.484082937241  3129707
0.489485025406  3125823
0.49031496048  3113307
0.490617036819  3112920
0.496338844299  3112564
0.496856927872  3111364
0.508375883102  3108650
0.512326002121  3105509
0.514256000519  3103722
0.522655010223  3099923
0.54048204422  3084633
0.545413970947  3026982
0.552500009537  3019639
0.554538965225  3018611
0.556208848953  3014566
0.559252023697  3011946
0.567100048065  3011047
0.571106910706  3004705
0.572242021561  3003844
0.576511859894  3003772
0.577275037766  3003771
0.583905935287  2997982
0.589032888412  2997922
0.590046882629  2993949
0.592517852783  2991580
0.594263076782  2985547
0.594932079315  2982953
0.599138021469  2982596
0.601284980774  2982183
0.604340076447  2982000
0.606447935104  2981439
0.611700057983  2966957
0.623115062714  2965601
0.632289886475  2964691
0.633203029633  2964438
0.633723974228  2964036
0.636647939682  2962334
0.643966913223  2962255
0.645056009293  2960363
0.667545080185  2959659
0.674434900284  2959632
0.678644895554  2957614
0.682595968246  2949811
0.685684919357  2949800
0.687655925751  2949405
0.695152997971  2948119
0.701220989227  2947840
0.702739953995  2941503
0.709677934647  2939011
0.719395875931  2936814
0.721837043762  2936275
0.722661972046  2934491
0.724530935287  2933781
0.725293874741  2933770
0.732321023941  2932869
0.738956928253  2930727
0.74578499794  2926725
0.756463050842  2926571
0.758841991425  2925423
0.758985042572  2924570
0.759394884109  2919899
0.761911869049  2917083
0.762333869934  2915929
0.771468877792  2915263
0.778308868408  2915062
0.778450965881  2910239
0.782674074173  2907345
0.784806966782  2905642
0.785322904587  2903947
0.786851882935  2902214
0.787868022919  2901177
0.796743869781  2898354
0.798836946487  2898229
0.813431024551  2896435
0.814491987228  2896345
0.828193902969  2895083
0.829733848572  2889855
0.829993009567  2886377
0.83202791214  2882003
0.849004030228  2879915
0.852365970612  2877544
0.866968870163  2877161
0.870215892792  2876810
0.871305942535  2875025
0.871921062469  2867420
0.872906923294  2863607
0.87918305397  2862853
0.884111881256  2851792
0.887085914612  2847184
0.902102947235  2846581
0.90485906601  2841175
0.905436992645  2839318
0.928968906403  2833654
0.929373979568  2832337
0.935198068619  2830517
0.936215877533  2828971
0.945647954941  2828787
0.955852031708  2828349
0.96072602272  2828285
0.963788986206  2822566
0.966682910919  2820250
0.96911907196  2819460
0.972169876099  2812393
0.976495027542  2800303
0.986855983734  2800013
0.990884065628  2795781
0.991031885147  2792008
0.991328001022  2791475
1.00113296509  2789961
1.00187206268  2787949
1.00881695747  2783987
1.01247501373  2782875
1.01580786705  2781752
1.01798605919  2779192
1.02851700783  2777782
1.03410100937  2774448
1.03524804115  2774447
1.04093003273  2774374
1.04850292206  2771214
1.05112791061  2769182
1.05461096764  2768691
1.05626606941  2767149
1.06460905075  2759264
1.06876397133  2733323
1.07195496559  2729582
1.09148192406  2724194
1.09669494629  2722956
1.11015796661  2717312
1.11594796181  2716095
1.1183719635  2715787
1.13132691383  2715239
1.13944506645  2709360
1.14466190338  2703076
1.16177606583  2701593
1.17113089561  2700367
1.17567801476  2699064
1.17912197113  2696485
1.19897007942  2696040
1.20923995972  2677319
1.20949888229  2676121
1.21603989601  2675898
1.22183299065  2675835
1.22694706917  2675273
1.2309679985  2672688
1.23677992821  2663830
1.24399805069  2663385
1.25059199333  2663261
1.25249791145  2662829
1.25424695015  2658150
1.26013803482  2656913
1.2839858532  2654655
1.28938794136  2653261
1.291918993  2652497
1.29373002052  2652444
1.31101703644  2649130
1.31242895126  2643020
1.32256889343  2642796
1.32843089104  2641097
1.33980607986  2639894
1.3416800499  2639881
1.35485005379  2637516
1.3557510376  2637363
1.35601091385  2636566
1.36346101761  2635712
1.37211203575  2631908
1.39910006523  2631805
1.40331506729  2630515
1.40827393532  2630274
1.41028285027  2626795
1.41191506386  2624685
1.41387987137  2622029
1.4171628952  2621966
1.42026400566  2621182
1.42179489136  2619028
1.44546294212  2618151
1.44795584679  2617590
1.4542529583  2615697
1.46175003052  2615506
1.47425603867  2615419
1.47743701935  2615391
1.48361301422  2614601
1.48967289925  2613507
1.49614906311  2613134
1.50363087654  2612976
1.52100586891  2591618
1.52532887459  2590788
1.5259180069  2587505
1.52739906311  2587469
1.53366494179  2587394
1.56608891487  2583718
1.57590007782  2578291
1.57877707481  2578164
1.57952690125  2572453
1.58337688446  2572179
1.59589290619  2570316
1.59728884697  2569195
1.60030198097  2568407
1.60270786285  2567463
1.60404992104  2566109
1.60532593727  2565244
1.61644506454  2554093
1.62503385544  2553383
1.62974596024  2553221
1.64231801033  2553218
1.65328192711  2552342
1.6621670723  2552242
1.67186784744  2541135
1.67215704918  2540424
1.68418097496  2539651
1.70422101021  2534876
1.70502305031  2534088
1.70616197586  2522866
1.74299502373  2522248
1.74905490875  2521410
1.76894402504  2518586
1.77279996872  2495036
1.77440285683  2494139
1.7760310173  2491082
1.77679991722  2488351
1.77695202827  2481149
1.80337095261  2479421
1.8290169239  2478720
1.83621001244  2477801
1.84642195702  2476864
1.85402297974  2476405
1.87465906143  2474097
1.87671089172  2470971
1.88598299026  2470537
1.89522099495  2470202
1.90229797363  2461473
1.93263697624  2454941
1.97460985184  2454923
1.98773193359  2454571
1.99503302574  2450681
2.02433896065  2447765
2.02804088593  2447068
2.03160595894  2446753
2.03188300133  2438110
2.04588699341  2437481
2.04880094528  2437259
2.0661919117  2434275
2.0676009655  2433841
2.06823897362  2433464
2.07127404213  2432798
2.08290290833  2431180
2.08897089958  2421149
2.10206389427  2421138
2.1062040329  2418844
2.10843491554  2417745
2.11561107635  2417627
2.13030791283  2412282
2.13914704323  2411478
2.1441180706  2409981
2.16295289993  2407376
2.16438889503  2407114
2.17067885399  2393849
2.17665195465  2393558
2.18938088417  2392296
2.20212197304  2391395
2.20523405075  2391350
2.2256860733  2390535
2.24859905243  2390087
2.25928592682  2388595
2.25956606865  2387598
2.26667094231  2386443
2.27293896675  2385806
2.28370904922  2385515
2.28523206711  2385495
2.29579496384  2384913
2.32047796249  2384569
2.32954502106  2384341
2.33852505684  2384204
2.34631299973  2377167
2.34710097313  2376645
2.35678601265  2372697
2.36149406433  2372134
2.38155794144  2371972
2.3976650238  2363091
2.41222786903  2362821
2.41853499413  2359917
2.42107605934  2357841
2.42197299004  2355167
2.42302203178  2343419
2.42913103104  2342929
2.44194698334  2342697
2.47441887856  2296083
2.47597002983  2293007
2.49667096138  2291191
2.50391602516  2291172
2.50697398186  2291049
2.52671194077  2286427
2.53972005844  2284382
3.73298501968  2267391
3.7382838726  2265698
3.74344587326  2265283
3.7493929863  2262184
3.74995589256  2260722
3.75436401367  2258496
3.77458190918  2257989
3.77742600441  2256968
3.78001904488  2253752
3.78014993668  2244538
3.7827038765  2243717
3.78372192383  2240122
3.79502296448  2239046
3.80087304115  2238627
3.80889296532  2227486
3.80954289436  2225636
3.8105609417  2225539
3.81285905838  2222931
3.82079696655  2222590
3.82478189468  2221045
3.82815289497  2218073
3.84431600571  2214205
3.86771297455  2207731
3.8751950264  2206035
3.87574386597  2204840
3.87807202339  2203387
3.90422201157  2203166
3.90836906433  2202308
3.90863490105  2202028
3.90954494476  2199614
3.91098093987  2198363
3.92010688782  2196851
3.93234300613  2196600
3.93582892418  2192805
5.81223702431  2170808
5.81366491318  2163467
5.82306289673  2147986
5.82764792442  2147801
5.83883404732  2147237
5.86646199226  2145108
5.88245105743  2140108
5.91232085228  2139631
5.91506886482  2125850
5.91849088669  2123310
5.92368888855  2123149
5.93340706825  2123143
5.94600296021  2122832
5.94614386559  2114312
5.95073699951  2114210
5.95641899109  2113957
5.96746993065  2113194
5.97226691246  2111561
6.00048899651  2111266
6.02973294258  2111210
6.03618502617  2111206
6.05999588966  2110873
6.0808930397  2105098
6.08770799637  2103716
6.08935189247  2103696
6.09471487999  2100108
6.13811206818  2099942
6.14922904968  2099886
6.15172195435  2099778
6.15311288834  2096535
6.16070485115  2084749
6.17001104355  2083429
6.17049598694  2077945
6.17210197449  2077641
6.19150996208  2077633
6.19856786728  2077152
6.20579099655  2076523
6.21401906013  2076181
6.22273588181  2056263
6.23713707924  2054522
6.26519203186  2049343
6.26910305023  2046831
6.28882193565  2046501
6.29367804527  2045970
6.29462194443  2045767
6.32153391838  2045711
6.32194685936  2044933
6.32518196106  2044846
6.33544802666  2043548
6.33723187447  2043199
6.33774900436  2043190
6.34609794617  2041794
6.34788584709  2041686
6.35212898254  2039716
6.37987089157  2039202
6.38162493706  2038508
6.43488502502  2036337
6.44281196594  2035918
6.44814395905  2034436
6.46574187279  2034326
6.4761300087  2033629
6.48591399193  2033133
6.49002790451  2031940
6.50909805298  2031936
6.52103185654  2030988
6.52575397491  2026445
6.57174491882  2025969
6.61863088608  2025759
6.62964987755  2025143
6.64829707146  2024256
6.65176105499  2024097
6.65647602081  2021193
6.67371487617  2021181
6.70309996605  2020550
6.71179795265  2019312
6.71644496918  2011669
6.74493002892  1998059
6.74578595161  1997677
6.77540802956  1996760
6.77690887451  1996675
6.77717804909  1993110
6.77809000015  1992664
6.78654503822  1990780
6.83204984665  1990625
6.85255885124  1989706
6.86140584946  1988945
6.87174987793  1988719
6.87232685089  1988327
6.88357901573  1983919
6.89409399033  1982760
6.89516806602  1982135
6.92135095596  1981236
6.98997998238  1981120
7.00540184975  1980549
7.00572490692  1978316
7.0076110363  1977489
7.01502585411  1977038
7.02321100235  1976682
7.02503490448  1976133
7.03543591499  1976099
7.08628606796  1976077
7.08885192871  1975436
7.09803199768  1974183
7.10728907585  1973854
7.11730289459  1973694
7.12983202934  1971899
7.14390301704  1970752
7.17251205444  1970023
7.17394685745  1963240
7.18130898476  1961499
7.18875002861  1961071
7.23587393761  1958339
7.25207185745  1958307
7.25297403336  1958082
7.25735497475  1956653
7.28448104858  1938733
7.28697299957  1937702
7.29719805717  1937178
7.34352898598  1935986
7.36667299271  1925734
7.39148807526  1924931
7.40156984329  1924846
7.4204890728  1924334
7.42660689354  1920669
7.42900395393  1920598
7.43006706238  1920235
7.43791294098  1919857
7.46015906334  1918060
7.46246099472  1916413
7.48805403709  1916389
7.50821399689  1916290
7.53628897667  1913477
7.54593992233  1908521
7.59915590286  1906257
7.66812586784  1905526
7.68262004852  1904216
7.68948292732  1899659
7.69589495659  1899637
7.72320485115  1889288
7.76428294182  1882030
7.77639985085  1881881
7.78218889236  1881509
7.80893301964  1880894
7.85498905182  1880774
7.85556101799  1880527
7.85811805725  1880124
7.85947203636  1880039
7.864372015  1870772
7.88040590286  1870115
7.93525600433  1867472
7.97624588013  1867450
7.98689198494  1865307
8.03327608109  1865233
8.05279898643  1864907
8.10318088531  1852569
8.11403894424  1851831
8.11510801315  1850081
8.1499838829  1849437
8.16936087608  1848958
8.21169495583  1847336
8.22353601456  1847316
8.23011207581  1847236
8.23367786407  1846930
8.27827191353  1846545
8.28663301468  1846471
33.2801909447  1846418
33.2965300083  1845188
33.3249409199  1845070
33.3482859135  1845041
33.3557598591  1842378
33.3718528748  1836015
33.3993780613  1836008
33.4183330536  1835529
33.4303810596  1833989
33.4481830597  1833935
33.4545109272  1814660
33.4598798752  1814551
33.4657480717  1814411
33.4678468704  1814104
33.4910230637  1813675
33.518846035  1812535
33.5280740261  1811306
33.5361459255  1810378
33.5367949009  1808871
33.5806488991  1808328
33.6121230125  1808045
33.6202669144  1806799
33.6390919685  1806290
33.7041618824  1797051
72.4568319321  1797030
72.4705889225  1796959
72.4769239426  1796710
72.4870629311  1795946
72.505521059  1794558
72.5070488453  1794159
72.5078680515  1793556
72.5123870373  1793453
72.5400710106  1793389
72.5635449886  1788027
72.6022150517  1784867
72.6296858788  1774632
72.6309020519  1772579
72.640474081  1771630
72.6407699585  1771501
72.6613609791  1771445
72.6744170189  1770044
72.7002179623  1767482
72.711083889  1766877
72.7141330242  1766138
72.7217869759  1765337
72.7280728817  1758287
72.7315299511  1757500
72.7673230171  1757342
72.7743709087  1749953
72.778949976  1743701
72.7973639965  1742626
72.8127470016  1741950
72.8216378689  1741146
72.8383419514  1738770
93.7832319736  1737828
93.7906348705  1737306
93.8081159592  1736657
93.8150160313  1736219
93.8319358826  1734982
93.8379049301  1733877
93.8414349556  1732786
93.8477599621  1729628
93.8578739166  1729497
93.8600618839  1727980
93.8827559948  1726278
93.8846640587  1725307
93.8994219303  1724020
93.9265608788  1723000
93.9273300171  1722239
100.549741983  1720232
100.576233864  1719780
100.594012022  1719397
100.611597061  1718400
100.625339985  1717411
100.656740904  1714686
100.659729958  1713852
100.677871943  1713598
100.695857048  1709522
100.714442968  1708383
100.717875004  1708278
100.724516869  1705308
100.733897924  1703840
100.758687973  1702602
100.773900032  1702462
100.776707888  1702196
100.790610075  1701719
100.79496789  1700411
100.805995941  1699620
100.835336924  1699608
100.840504885  1697387
100.873296976  1696676
100.898141861  1693968
100.919631958  1692971
100.923094988  1690112
100.941339016  1690016
100.990936995  1690001
101.030917883  1689811
101.056890965  1689685
101.079733849  1689558
101.123587847  1681671
101.133662939  1679429
224.270123959  1678832
224.2713449  1677524
224.27321291  1677223
224.281378031  1675961
224.322332859  1674913
224.341259956  1674672
224.354572058  1673873
224.412138939  1670851
224.446815968  1670766
224.48337698  1670763
224.508867979  1662555
224.538723946  1662383
239.313017845  1661757
239.314815998  1661337
239.317242861  1658628
239.32536006  1658484
239.328392029  1656576
239.365592957  1656362
239.365737915  1655751
239.380171061  1655746
239.399082899  1654137
239.425544977  1653602
