0.0368049144745  6761048
0.0372378826141  6752692
0.0377488136292  6744801
0.0380718708038  6734733
0.0391478538513  6729057
0.0394239425659  6722757
0.0411438941956  6721053
0.0414760112762  6712597
0.0431339740753  6711888
0.0441889762878  6709857
0.0449140071869  6688500
0.0464220046997  6684155
0.0483989715576  6684067
0.0498838424683  6683132
0.0500338077545  6681477
0.051689863205  6679892
0.0534110069275  6677587
0.0536530017853  6666629
0.0538070201874  6666535
0.0555830001831  6663795
0.0575168132782  6662739
0.0576539039612  6658560
0.0579478740692  6657802
0.0581629276276  6651111
0.0586109161377  6625632
0.0587480068207  6624285
0.0610828399658  6616722
0.0633578300476  6614587
0.0639548301697  6598768
0.0644249916077  6598329
0.0645608901978  6597946
0.0667188167572  6596493
0.0683379173279  6596423
0.0684750080109  6574614
0.069356918335  6574053
0.0700058937073  6558431
0.0714838504791  6555230
0.0730588436127  6553383
0.0746819972992  6551941
0.0772938728333  6549839
0.0777418613434  6548948
0.078428030014  6548887
0.0785639286041  6548585
0.0788238048553  6547653
0.0792438983917  6545743
0.0793979167938  6544637
0.0804369449615  6542608
0.0806798934937  6542491
0.080983877182  6540069
0.0834338665009  6539809
0.085364818573  6534942
0.085501909256  6533458
0.0859899520874  6530179
0.0890460014343  6522017
0.0893399715424  6520244
0.0925409793854  6517923
0.0926768779755  6492906
0.0928919315338  6479690
0.0931839942932  6467819
0.0937089920044  6466531
0.0938458442688  6441044
0.0976428985596  6432349
0.0980169773102  6432235
0.101671934128  6431783
0.101809024811  6414282
0.105376005173  6407328
0.109606027603  6406924
0.11438703537  6406001
0.114523887634  6400970
0.114738941193  6396752
0.115422964096  6395061
0.115581035614  6379648
0.116029977798  6354290
0.120995998383  6350566
0.121330976486  6348855
0.126873016357  6348723
0.127556800842  6340226
0.127693891525  6335827
0.127986907959  6334093
0.13361287117  6332398
0.139751911163  6330692
0.139889001846  6327320
0.140494823456  6326286
0.14665389061  6324978
0.146821022034  6320401
0.153225898743  6318288
0.153673887253  6316573
0.16135597229  6316113
0.161494016647  6288600
0.162232875824  6286434
0.162369966507  6284982
0.162739992142  6284698
0.163033008575  6273842
0.163950920105  6273511
0.164088010788  6272568
0.164613962173  6271299
0.164983987808  6269073
0.165898799896  6264159
0.167019844055  6260996
0.175514936447  6258754
0.175714015961  6257643
0.176009893417  6240741
0.1849629879  6239024
0.185336828232  6238924
0.185629844666  6237825
0.185766935349  6235704
0.186226844788  6233632
0.196002960205  6231573
0.196148872375  6203182
0.204795837402  6201592
0.205036878586  6194369
0.215850830078  6192158
0.216024875641  6192078
0.216275930405  6163945
0.226089954376  6163875
0.226228952408  6161293
0.226678848267  6156398
0.22681593895  6148863
0.227890014648  6148691
0.228281974792  6146900
0.228729963303  6138116
0.228888034821  6135169
0.238613843918  6132981
0.238751888275  6119528
0.248973846436  6118344
0.249188899994  6114203
0.249559879303  6103059
0.249696016312  6102491
0.250300884247  6091134
0.25043797493  6072774
0.250729799271  6069492
0.252588033676  6064397
0.25376200676  6064162
0.264750003815  6062002
0.264891862869  6061248
0.276500940323  6059910
0.287501811981  6058094
0.287662982941  6056949
0.298593997955  6055133
0.298808813095  5925775
0.310086965561  5924688
0.310261011124  5917245
0.31058883667  5916355
0.322614908218  5915083
0.322752952576  5914797
0.323086023331  5903458
0.334777832031  5901987
0.335150957108  5901916
0.34686088562  5900890
0.347859859467  5893439
0.348193883896  5883014
0.359881877899  5882268
0.372162818909  5880939
0.372378826141  5880234
0.384514808655  5877999
0.384807825089  5873497
0.397352933884  5872340
0.397567987442  5868774
0.397703886032  5867300
0.398171901703  5861586
0.398307800293  5859034
0.411983013153  5858950
0.412195920944  5849787
0.412647008896  5846245
0.413394927979  5845115
0.413579940796  5841867
0.416870832443  5841072
0.418258905411  5838689
0.420600891113  5837579
0.434146881104  5837271
0.447916030884  5836047
0.448230028152  5833421
0.448444843292  5831882
0.452513933182  5831313
0.452806949615  5826718
0.453722953796  5826301
0.453858852386  5823932
0.454150915146  5819539
0.45694899559  5819370
0.457085847855  5797966
0.458550930023  5797256
0.462242841721  5796158
0.478114843369  5794436
0.478339910507  5789732
0.47863483429  5789391
0.478771924973  5788888
0.479278802872  5786438
0.480486869812  5783817
0.480646848679  5770237
0.480933904648  5769855
0.481315851212  5768589
0.495515823364  5766263
0.495731830597  5765553
0.510536909103  5763699
0.510674953461  5756933
0.51096701622  5738996
0.526427030563  5736987
0.526563882828  5731330
0.541522026062  5730479
0.541893959045  5721271
0.54203081131  5720855
0.542244911194  5715213
0.557636976242  5712841
0.5578520298  5711809
0.558144807816  5710885
0.574038982391  5710848
0.574333906174  5710545
0.589802026749  5708188
0.605684995651  5706579
0.606132984161  5705837
0.606503009796  5704803
0.606950998306  5683983
0.607087850571  5683381
0.624279022217  5681278
0.624493837357  5679743
0.640733003616  5678778
0.640870809555  5677178
0.657094955444  5676950
0.657232999802  5642469
0.673823833466  5640996
0.673960924149  5639931
0.675489902496  5639238
0.675625801086  5638787
0.675840854645  5637518
0.675976991653  5635921
0.676738977432  5635614
0.677030801773  5581809
0.677402019501  5524422
0.677570819855  5508784
0.678112983704  5505137
0.679651975632  5500402
0.681191921234  5499465
0.682518959045  5499459
0.682654857635  5493451
0.684038877487  5493089
0.68417596817  5492944
0.700656890869  5491019
0.700793981552  5468044
0.717562913895  5466373
0.717934846878  5464346
0.718071937561  5464140
0.736393928528  5462649
0.736531019211  5440831
0.738622903824  5439285
0.738837957382  5437945
0.739130020142  5435849
0.739732980728  5434058
0.74049282074  5431004
0.740707874298  5430494
0.742327928543  5428836
0.759650945663  5427385
0.759788990021  5427233
0.778162002563  5425417
0.797186851501  5424874
0.816488981247  5424052
0.836241960526  5422405
0.855319023132  5420241
0.874231815338  5400869
0.894539833069  5400702
0.913584947586  5397989
0.934612989426  5393029
0.973150014877  5393020
0.992514848709  5386436
1.01274394989  5383493
1.03245782852  5383479
1.05811595917  5382555
1.07728981972  5382425
1.09671282768  5372853
1.128292799  5371362
1.1659989357  5370920
1.18536782265  5370457
1.22301602364  5367849
1.24327087402  5354605
1.2678630352  5354522
1.28786587715  5353314
1.32680797577  5352637
1.34996986389  5351446
1.37020301819  5350250
1.3922188282  5349055
1.41343092918  5349052
1.43564200401  5348967
1.47878479958  5348590
1.53976082802  5343617
1.60550785065  5331752
1.66465592384  5328733
1.72664880753  5328531
1.78393888474  5289351
1.84131097794  5278680
1.90072798729  5276435
1.95967197418  5274154
2.01612997055  5247321
2.07474303246  5245732
2.13759899139  5245658
2.15830397606  5245452
2.1773018837  5239616
2.21068286896  5238567
2.2296359539  5216560
2.24901580811  5208324
2.26873898506  5206566
2.28786683083  5204441
2.30706000328  5201509
2.32622981071  5201413
2.34588289261  5197305
2.37554097176  5197186
2.39486384392  5194668
2.42559885979  5194173
2.44481992722  5192147
2.47493195534  5191194
2.49435901642  5191042
2.51387786865  5190790
2.53329086304  5188815
2.55236101151  5180873
2.58100700378  5180223
2.60573196411  5180219
2.62888884544  5177170
2.66083288193  5177091
2.71350502968  5176889
2.75178980827  5176147
2.79049491882  5175004
2.79063296318  5174943
2.79108095169  5174443
2.79137301445  5174228
2.79205679893  5170927
2.79242682457  5169798
2.83394193649  5167236
2.87588381767  5164763
2.91596484184  5150234
2.9551589489  5148078
2.95529699326  5147845
2.98832583427  5147622
3.00133991241  5147043
3.01569700241  5145639
3.01684999466  5145477
3.01807689667  5144931
3.05269503593  5143643
3.07910585403  5140326
3.10431003571  5138261
3.12389802933  5135141
3.1587870121  5133685
3.21351003647  5133434
3.26701283455  5133173
3.32491493225  5132714
3.38226985931  5132521
3.44001889229  5126336
3.51269698143  5126197
3.58664083481  5125921
3.64439487457  5119628
3.70263791084  5116247
3.75976085663  5097657
3.75997591019  5097115
3.77739596367  5096753
3.79589295387  5096167
3.81534194946  5065023
3.83445596695  5032133
3.85369992256  5025670
3.87317681313  5018411
3.89404582977  4963569
3.91565299034  4940026
3.93456292152  4931527
3.95429182053  4926535
3.98999595642  4926434
4.0103828907  4925695
4.02922487259  4924889
4.04842400551  4924360
4.06792187691  4918320
4.08738994598  4911398
4.10798192024  4910892
4.12788486481  4907804
4.15250492096  4907755
4.17757582664  4905748
4.21090102196  4905372
4.2296898365  4904966
4.32429385185  4903767
4.41941285133  4890905
4.51431798935  4887244
4.60794091225  4869993
4.66523194313  4869344
4.76013493538  4865169
4.77952289581  4864245
4.87739181519  4848768
4.89749383926  4848547
4.93590188026  4848386
5.03223896027  4831728
5.12721180916  4829842
5.22298383713  4828417
5.26104998589  4827769
5.35462880135  4793206
5.4482448101  4775264
5.54380583763  4775184
5.60053992271  4775068
5.69519901276  4770026
5.78985691071  4760103
5.84753298759  4759871
5.94343090057  4747467
5.98158597946  4747206
6.07812380791  4746945
6.11660981178  4746229
6.2130959034  4746142
6.2709479332  4746001
6.36901903152  4745619
6.42574501038  4745223
6.52083992958  4745207
6.61485886574  4728680
6.72724699974  4724447
6.84058380127  4721096
6.95457792282  4719044
7.0689330101  4718982
7.1819589138  4718799
7.31167793274  4711452
7.44309687614  4704911
7.57400584221  4704722
7.71045589447  4703541
7.84739494324  4701413
7.99708580971  4697920
8.15120100975  4695663
8.30119991302  4690482
8.45079684258  4689977
8.47007989883  4688567
8.50684785843  4687822
8.52588391304  4687587
8.56355881691  4687290
8.60141897202  4686810
8.62074685097  4686782
8.63985300064  4686779
8.65872788429  4685644
8.77022099495  4683550
8.78936600685  4683225
8.81164598465  4682672
8.84763598442  4682567
8.88574886322  4682114
8.92928791046  4681895
8.9715988636  4681270
9.01460695267  4680998
9.05819702148  4680552
9.11249780655  4679502
9.15556788445  4678589
9.2040438652  4677645
9.25904202461  4677279
9.31489801407  4676915
9.35448098183  4676003
9.51043891907  4675933
9.65991282463  4675604
9.67932295799  4674227
9.84733581543  4674001
9.8750770092  4673649
10.0062029362  4673616
10.1374208927  4673281
10.2686948776  4669721
10.3065648079  4669549
10.3868198395  4669410
10.4419708252  4669382
10.4808249474  4669191
10.5198879242  4668399
10.5662949085  4667188
10.6050109863  4666871
10.6466228962  4666636
10.6852679253  4665778
10.726708889  4664962
10.766835928  4664135
10.7669739723  4663687
10.804420948  4663101
10.9067058563  4661742
10.9257998466  4660147
11.020154953  4659910
11.11876297  4649497
11.2172698975  4648614
11.3115780354  4626126
11.4053609371  4625489
11.5038309097  4616383
11.5977778435  4616234
11.691879034  4615552
11.7926859856  4615467
11.8002510071  4615140
11.8079278469  4613068
11.8080658913  4613004
11.8085939884  4612802
11.8089649677  4611588
11.9524948597  4611346
12.0840809345  4611139
12.2187039852  4610312
12.40406394  4610117
12.5470919609  4610037
12.6848809719  4609912
12.8404479027  4609390
13.0048918724  4609366
13.1555240154  4605174
13.3219008446  4604903
13.471105814  4595596
13.6202609539  4595125
13.6958289146  4595070
13.7900309563  4594985
13.9447798729  4594797
14.0937709808  4579870
14.1707088947  4579126
14.2457299232  4578625
14.3949708939  4577999
14.5440559387  4575701
14.6938238144  4561228
14.8428668976  4560930
14.9973068237  4560049
15.1507339478  4559626
15.3056058884  4554672
15.4641330242  4552722
15.6191298962  4503267
15.6197428703  4502760
15.6198809147  4502696
15.6331479549  4501761
15.6740098  4491391
15.7122969627  4489027
15.7509088516  4488403
15.7902510166  4488345
15.8281209469  4478415
15.866907835  4478302
15.9063909054  4477476
15.9453089237  4477098
15.9846208096  4476460
16.0235729218  4476316
16.0623438358  4476085
16.1016759872  4473206
16.1426320076  4470894
16.1805419922  4469818
16.2380199432  4469398
16.3493788242  4469344
16.3506708145  4468165
16.4629898071  4467776
16.6119868755  4467218
16.7919538021  4467187
16.9454159737  4466668
17.096752882  4465331
17.2490649223  4460941
17.4338479042  4460896
17.616339922  4459856
17.785326004  4456702
17.9544219971  4452733
18.0864458084  4451214
18.2511968613  4451077
18.3984229565  4450692
18.5496149063  4449765
18.7096049786  4447570
18.8755879402  4447364
19.026376009  4447211
19.1911318302  4447137
19.3759839535  4446946
19.5989499092  4446898
19.7306499481  4446384
19.9187178612  4446134
20.1444900036  4433542
20.3652980328  4430990
20.5503349304  4430786
20.7498040199  4430646
20.8939678669  4430037
21.1740698814  4430023
21.4721648693  4429849
21.8157479763  4429338
21.8343648911  4429176
21.8533170223  4412484
21.8722259998  4407634
21.8919808865  4386470
21.9123988152  4378640
21.9337928295  4377726
21.9526669979  4374300
21.9830229282  4374205
22.0020208359  4371045
22.0300810337  4370590
22.0500369072  4370365
22.0774519444  4370128
22.103497982  4369678
22.1301939487  4369292
22.1491949558  4369016
22.1681678295  4368100
22.1872439384  4365859
22.2061300278  4365537
22.2253890038  4364123
22.2519769669  4363673
22.2708439827  4363374
22.2981657982  4363368
22.3256509304  4363167
22.3536608219  4363077
22.3811898232  4362250
22.4116268158  4362102
22.4309389591  4361438
22.4631359577  4360841
22.4996678829  4360435
22.6628189087  4360321
22.6960718632  4360241
22.8267529011  4358557
22.9581990242  4357074
23.0890419483  4352332
23.2378308773  4347581
23.3886749744  4344916
23.5373418331  4332764
23.6881818771  4330087
23.8004798889  4329826
23.9220728874  4328529
24.0257468224  4328197
24.1196639538  4206817
24.1200349331  4206667
24.1201720238  4206462
24.1388208866  4206197
24.2320079803  4205487
24.3075118065  4205136
24.3451619148  4205024
24.4210779667  4204198
24.4966058731  4203802
24.5342040062  4203520
24.6463778019  4202801
24.7582068443  4202344
24.8705768585  4201349
24.9833488464  4200010
25.0966148376  4199684
25.2086379528  4199145
25.3221418858  4198269
25.4372010231  4196668
25.5492739677  4136979
25.6783769131  4133658
25.8086779118  4131692
25.9395959377  4128929
26.0706028938  4125363
26.2043459415  4124979
26.3484928608  4124801
26.4787108898  4124212
26.6393139362  4124149
26.7806479931  4123793
26.9292669296  4122118
27.0921428204  4121557
27.2252159119  4121222
27.3608279228  4121088
27.4958949089  4120855
27.6300878525  4120562
27.7963089943  4120381
27.9475069046  4044459
28.0982480049  4032439
28.248737812  4029230
28.4022078514  4026515
28.5710389614  3948771
28.7403388023  3942855
28.9117150307  3942528
29.0806648731  3940909
29.2498719692  3940559
29.4299139977  3940122
29.6053278446  3939830
29.7885468006  3939418
29.9591569901  3937788
30.1301348209  3937354
30.2983279228  3936856
30.4865708351  3936599
30.7069559097  3936582
30.9141418934  3935872
31.1365039349  3935505
31.3470828533  3933837
31.5524299145  3933672
31.7579119205  3933203
31.961676836  3931663
32.1768820286  3931138
32.3951208591  3930652
32.5286548138  3930582
32.6622598171  3930539
32.7937479019  3929875
32.9427099228  3929610
33.1434018612  3929091
33.340348959  3929045
33.5452468395  3847317
33.7541418076  3847216
33.9694509506  3847179
34.1801760197  3773635
34.3924198151  3773627
34.599148035  3772049
34.8107910156  3766929
35.0247340202  3763855
35.2315738201  3759168
35.4376308918  3753361
35.6503059864  3751798
35.8625268936  3751260
36.0750949383  3750522
36.2912018299  3750452
36.5092759132  3750106
36.7273609638  3749385
36.9763698578  3749213
37.2299318314  3749098
37.4790139198  3749008
37.7327218056  3747854
37.9875059128  3747528
38.2340269089  3747088
38.422852993  3746962
38.6108858585  3746715
38.856222868  3745210
39.0437419415  3745188
39.2503919601  3744567
39.492317915  3744349
39.7347450256  3744111
39.9782238007  3697311
40.1673009396  3697224
40.3564279079  3696977
40.5991518497  3694632
40.8438329697  3691888
41.0876588821  3680433
41.3305659294  3642546
41.4073498249  3641899
41.4831240177  3641428
41.5212459564  3641400
41.6125679016  3640793
41.6272428036  3640572
41.6274080276  3640540
41.6277019978  3640445
41.6283898354  3637952
41.6433689594  3637382
41.7342848778  3637189
41.7720298767  3637160
41.8486468792  3637152
41.8872070312  3637102
41.9780828953  3636958
42.0697419643  3636887
42.1460409164  3636718
42.2378540039  3635512
42.3299138546  3634537
42.3676259518  3634505
42.4629659653  3634381
42.5767569542  3633623
42.9065318108  3633429
43.0613129139  3633386
43.2664170265  3633210
43.4722440243  3632450
43.7914938927  3630246
44.112432003  3629489
44.3185658455  3629290
44.5588288307  3628920
44.7991168499  3628483
45.0376598835  3626944
45.4163398743  3626114
45.8523609638  3625797
46.2358169556  3625593
46.6291999817  3625465
47.0187118053  3625239
47.4015619755  3624850
47.8506689072  3532060
48.2997248173  3506055
48.7493209839  3505031
49.2082839012  3503750
49.6614098549  3503315
50.1170170307  3500957
50.5733850002  3490439
51.0338408947  3490202
51.5011069775  3490074
51.9752848148  3489985
52.4486029148  3489678
52.9192018509  3489397
53.2724678516  3489361
53.520236969  3488937
53.7614269257  3488720
54.0991108418  3488180
54.4474198818  3487870
54.939139843  3487139
55.424697876  3486560
55.7586138248  3486504
56.0871608257  3486036
56.6228058338  3485058
57.1939129829  3481640
57.7320599556  3479934
58.3006470203  3476017
58.8691658974  3474617
59.4382870197  3467402
59.9748330116  3467110
60.5426898003  3466175
60.7846899033  3465902
61.0152828693  3465416
61.3499138355  3464653
61.6821508408  3463551
62.0224440098  3463543
62.234457016  3463534
62.2429068089  3462632
62.2613048553  3461313
62.319234848  3460676
62.3896648884  3459862
62.5760629177  3459831
62.7824289799  3459806
63.0605180264  3413197
63.3417329788  3361294
63.6210889816  3337968
63.8269689083  3337854
64.0330758095  3337744
64.237694025  3337279
64.4816508293  3336983
64.6884498596  3336958
64.9134569168  3334586
65.1439809799  3334487
65.4182679653  3334112
65.6937599182  3288429
65.9772818089  3285610
66.0394179821  3285545
66.039634943  3285246
66.2671928406  3285025
66.8212349415  3284738
67.0470478535  3284539
67.2915718555  3284202
67.8623399734  3284108
68.4342718124  3283058
69.0068309307  3281911
69.5872859955  3281852
70.1652369499  3228411
70.7449018955  3223109
71.3231790066  3219610
71.9027369022  3176354
72.4831528664  3171147
73.0710098743  3162010
73.6608469486  3160766
74.247879982  3091480
74.8410730362  3081247
75.4883759022  3081082
76.0904788971  3079572
76.681607008  3069718
77.263712883  3068707
77.8460798264  3068552
78.4260628223  3067608
79.033272028  3067559
79.6404910088  3067504
80.2346668243  3060691
80.8382778168  3060487
81.4678049088  3060240
82.097648859  3056995
82.6830649376  3056973
83.3001449108  3056928
83.9912798405  3056180
84.6781599522  3054287
85.3637208939  3053690
86.0586059093  3053056
86.7444598675  3052973
87.425112009  3048518
88.1122009754  3048410
88.8044238091  2978729
89.4880719185  2977694
90.1780738831  2977053
90.8630290031  2976505
91.5477919579  2975319
92.2311749458  2974801
92.9087729454  2974100
93.6005218029  2971896
94.3886349201  2971575
95.2742938995  2971051
96.2306199074  2956546
97.1927788258  2955479
98.0631690025  2955404
98.9506919384  2955312
99.8441059589  2955297
100.74238801  2955017
