0.0404889583588  7362295
0.0410420894623  7360268
0.0419299602509  7350806
0.0423948764801  7348588
0.0427780151367  7346473
0.0435650348663  7338356
0.0437870025635  7330639
0.0442490577698  7318788
0.0456659793854  7316423
0.0459060668945  7302912
0.0465219020844  7287495
0.0466890335083  7259677
0.0480790138245  7251817
0.0482430458069  7249589
0.0497779846191  7247954
0.0499420166016  7232638
0.0519058704376  7225534
0.05206990242  7211962
0.0524940490723  7211206
0.0530068874359  7208740
0.0553359985352  7208541
0.0555129051208  7193904
0.0563020706177  7193202
0.0567269325256  7184762
0.0595710277557  7183636
0.0599989891052  7183555
0.0602600574493  7179644
0.0608909130096  7171282
0.0640499591827  7170404
0.0641989707947  7165843
0.0644218921661  7160265
0.065526008606  7148301
0.0662660598755  7145692
0.0694370269775  7140435
0.0729539394379  7137833
0.0732069015503  7131583
0.0733630657196  7128743
0.0767879486084  7124810
0.080353975296  7122386
0.0808200836182  7105087
0.0812029838562  7099188
0.0813450813293  6973993
0.0815670490265  6973985
0.0817070007324  6973895
0.083055973053  6961491
0.0832130908966  6955454
0.0869200229645  6951410
0.087061882019  6951163
0.0873630046844  6948240
0.091472864151  6945539
0.0916218757629  6915637
0.0930969715118  6909720
0.0945498943329  6906942
0.0946879386902  6901571
0.0949029922485  6875091
0.0953528881073  6871469
0.0954899787903  6865294
0.102324008942  6864127
0.102545022964  6860366
0.108479976654  6858810
0.108751058578  6827259
0.109757900238  6824082
0.110002994537  6821325
0.110637903214  6797463
0.115252971649  6793885
0.115390062332  6785578
0.120440006256  6783901
0.120655059814  6769224
0.120791912079  6768594
0.121021032333  6758443
0.121423959732  6757604
0.121577978134  6681238
0.121820926666  6680695
0.121977090836  6680575
0.123364925385  6656708
0.123579978943  6627150
0.124340057373  6616975
0.125376939774  6616003
0.125514030457  6576683
0.125729084015  6559145
0.126045942307  6548299
0.127561092377  6527762
0.127697944641  6467693
0.127990007401  6401841
0.128127098083  6401815
0.128340959549  6399728
0.130735874176  6394631
0.135952949524  6392016
0.136168003082  6379310
0.141692876816  6376842
0.141910076141  6337510
0.142046928406  6334373
0.147475004196  6330446
0.152904033661  6328786
0.15319609642  6311077
0.153411865234  6305832
0.155580997467  6304274
0.157686948776  6303953
0.163788080215  6302368
0.170199871063  6301753
0.170491933823  6301292
0.176321983337  6300664
0.181883096695  6299791
0.182121992111  6298977
0.182266950607  6296332
0.184377908707  6269595
0.190856933594  6266555
0.191148996353  6264937
0.191617012024  6262001
0.191752910614  6254999
0.192667007446  6253849
0.199583053589  6253270
0.199742078781  6252597
0.199954032898  6247532
0.205612897873  6246659
0.205853939056  6246213
0.206223011017  6237815
0.206747055054  6237527
0.207114934921  6235912
0.207329034805  6234634
0.20792889595  6230626
0.209229946136  6229883
0.21061205864  6229067
0.210748910904  6228313
0.212207078934  6227228
0.218524932861  6226261
0.21866106987  6224306
0.219340085983  6223479
0.226206064224  6220876
0.226422071457  6218957
0.226711988449  6217680
0.233673095703  6216338
0.233829975128  6208507
0.241245031357  6204242
0.241847991943  6202705
0.242063999176  6189399
0.249701023102  6186696
0.249861001968  6173573
0.250170946121  6173352
0.250384092331  6172229
0.250674962997  6153577
0.250811100006  6152250
0.258486032486  6148990
0.258625030518  6142454
0.266882896423  6139945
0.267020940781  6130065
0.271447896957  6129204
0.272728919983  6112230
0.27286696434  6112102
0.279987096786  6108544
0.280229091644  6108124
0.288233041763  6107405
0.296653032303  6105274
0.305948019028  6103144
0.306099891663  6096673
0.306565999985  6090555
0.315783977509  6088999
0.31593298912  6088970
0.316154956818  6063376
0.326013088226  6061625
0.326237916946  6060603
0.326608896255  6057046
0.32713508606  6050389
0.337558984756  6047782
0.337946891785  6029970
0.338088035583  6029880
0.338319063187  6023039
0.338463068008  6021542
0.338773012161  6021147
0.339452028275  6006492
0.339751958847  6004413
0.340611934662  5991267
0.340753078461  5978228
0.341132879257  5977119
0.342537879944  5975110
0.342846870422  5975091
0.343074083328  5974282
0.343478918076  5944814
0.355458974838  5940207
0.355618000031  5930425
0.366287946701  5928304
0.366487026215  5917293
0.377068042755  5914933
0.37720489502  5907423
0.387671947479  5906295
0.391876935959  5905991
0.395267963409  5905907
0.395951986313  5905483
0.396106004715  5902882
0.396785974503  5902722
0.39755487442  5900432
0.40912103653  5898398
0.421210050583  5895814
0.422782897949  5893529
0.422939062119  5892614
0.423918962479  5892286
0.424536943436  5886264
0.425314903259  5884185
0.425456047058  5883316
0.426312923431  5883203
0.426452875137  5882612
0.427516937256  5879611
0.438850879669  5879036
0.454377889633  5879033
0.454614877701  5871927
0.454910039902  5855654
0.455280065536  5855304
0.455415964127  5851902
0.45617890358  5838499
0.45654797554  5829825
0.468163967133  5829255
0.480509996414  5827981
0.484302043915  5826947
0.484828948975  5823749
0.4946808815  5822015
0.499172925949  5820377
0.511504888535  5820195
0.511799097061  5812412
0.523559093475  5812296
0.535607099533  5810097
0.535752058029  5751525
0.548022031784  5750158
0.548160076141  5744991
0.560505867004  5743666
0.560720920563  5737218
0.561325073242  5722816
0.561461925507  5722574
0.561676979065  5718019
0.575350999832  5716037
0.575489044189  5715067
0.588099002838  5712862
0.588237047195  5708125
0.601021051407  5708042
0.601469039917  5705983
0.601605892181  5703151
0.614809036255  5699778
0.628269910812  5697994
0.628407001495  5691452
0.628622055054  5689659
0.628916025162  5681744
0.629755973816  5678513
0.629890918732  5672658
0.630182027817  5660254
0.644739866257  5659222
0.644954919815  5653545
0.645246982574  5648329
0.645617961884  5641016
0.645754098892  5613971
0.646321058273  5610369
0.646534919739  5608449
0.647137880325  5608313
0.647274017334  5577095
0.647878885269  5557400
0.648716926575  5555689
0.649715900421  5554745
0.650165081024  5543162
0.650300979614  5534646
0.650593042374  5533493
0.651669979095  5531767
0.666200876236  5530864
0.680797100067  5530122
0.681636095047  5524985
0.681772947311  5518338
0.682085037231  5517801
0.682298898697  5516552
0.682590961456  5515467
0.683038949966  5514720
0.683173894882  5513178
0.683388948441  5512919
0.683835983276  5511192
0.685878038406  5507080
0.686404943466  5506621
0.686542034149  5506518
0.686755895615  5500468
0.688219070435  5495784
0.688665866852  5491869
0.688879966736  5480741
0.689330101013  5479932
0.692071914673  5479220
0.703322887421  5478498
0.703559875488  5467578
0.707247972488  5464794
0.72004699707  5463233
0.720185041428  5457040
0.726582050323  5456490
0.728205919266  5456141
0.72842001915  5453503
0.733192920685  5452746
0.735862970352  5450582
0.738982915878  5449595
0.745635032654  5449391
0.747164011002  5447282
0.747530937195  5446224
0.747698068619  5435748
0.748337984085  5422575
0.759031057358  5419548
0.77362203598  5417473
0.788640022278  5416694
0.788778066635  5415693
0.803773880005  5413390
0.804535865784  5380471
0.804984092712  5372201
0.805119991302  5372111
0.820760965347  5370017
0.82089805603  5364395
0.821189880371  5347984
0.825928926468  5347449
0.826143980026  5345262
0.826279878616  5343266
0.826885938644  5342885
0.827023029327  5342550
0.827238082886  5342291
0.828233957291  5340765
0.829780101776  5340225
0.829916954041  5339669
0.832803010941  5339268
0.833018064499  5337980
0.837163925171  5336433
0.841325998306  5336153
0.841461896896  5334316
0.845695972443  5332960
0.860596895218  5332551
0.86104798317  5318146
0.86165189743  5313864
0.877944946289  5310928
0.878098011017  5230945
0.878347873688  5212739
0.87880897522  5197027
0.880276918411  5196330
0.880646944046  5195744
0.880907058716  5193972
0.88144493103  5192635
0.881581068039  5189124
0.882051944733  5188678
0.882420063019  5185557
0.88294506073  5179228
0.900188922882  5177694
0.900326013565  5174598
0.900618076324  5173949
0.90114402771  5170476
0.901437044144  5119628
0.90199303627  5119432
0.913249015808  5117285
0.917166948318  5113287
0.921849012375  5110992
0.939984083176  5109618
0.940510988235  5109568
0.940648078918  5106878
0.940941095352  5106642
0.941155910492  5103126
0.941528081894  5094611
0.942290067673  5094278
0.942504882812  5093834
0.942821025848  5092687
0.96115398407  5090585
0.961291074753  5090134
0.97981595993  5087243
0.980031967163  5086356
0.980213880539  5084069
0.980562925339  5078211
0.999780893326  5076504
1.01904988289  5068567
1.03806209564  5063612
1.05897688866  5062829
1.07936787605  5058704
1.09866499901  5036726
1.12664890289  5035815
1.15313005447  5024757
1.18209505081  5023735
1.2301158905  5022393
1.27686190605  5020963
1.31467795372  5019322
1.37116003036  5019205
1.43458604813  5003063
1.53296494484  4999706
1.63531804085  4996332
1.67497801781  4995946
1.77500700951  4995437
1.77539205551  4995270
1.77568697929  4994820
1.86572599411  4994006
1.87707400322  4993733
1.89134907722  4993414
1.90656304359  4992692
1.93701505661  4991259
1.97462296486  4989621
2.07020998001  4986287
2.1654279232  4985252
2.26147508621  4966976
2.35716891289  4961493
2.45229101181  4946260
2.47147297859  4946038
2.49045586586  4945554
2.58593392372  4944450
2.6049580574  4944130
2.64360499382  4942126
2.7432050705  4924228
2.8380188942  4920325
2.85721492767  4920090
2.87629199028  4919606
2.97150993347  4918468
2.990639925  4918341
3.02864193916  4916489
3.1229698658  4910013
3.21783304214  4909974
3.31204199791  4906699
3.41926693916  4903796
3.52720403671  4893805
3.64514708519  4888734
3.73985099792  4885215
3.76047587395  4884980
3.77992606163  4884496
3.87458896637  4883330
3.98042702675  4882833
4.00579810143  4882780
4.01204395294  4882604
4.01225996017  4877081
4.01262998581  4875704
4.01276707649  4870835
4.01298189163  4842383
4.01342892647  4841920
4.01356506348  4839856
4.01409196854  4835329
4.01508307457  4834120
4.02952504158  4832895
4.04876708984  4830700
4.0768930912  4830131
4.11474704742  4829621
4.13361597061  4809756
4.15290904045  4799377
4.17288303375  4799323
4.19282698631  4797453
4.21571707726  4797235
4.25355505943  4793476
4.29338788986  4792701
4.34084010124  4791998
4.37956309319  4791794
4.44555306435  4791642
4.50658297539  4790551
4.56794309616  4789391
4.62495589256  4789228
4.68261909485  4780736
4.75749897957  4780426
4.80913901329  4779994
4.86614203453  4779368
4.88596105576  4779264
4.89284396172  4778583
4.9123980999  4775647
4.93175601959  4773413
4.95116209984  4764282
4.97084498405  4763816
4.9907579422  4754595
5.00974988937  4739495
5.02955889702  4727019
5.04904103279  4726014
5.07353997231  4725832
5.09394693375  4722406
5.11322498322  4720117
5.13501906395  4718439
5.15708398819  4718060
5.17812299728  4704354
5.19843387604  4701444
5.21775007248  4695334
5.23761296272  4679982
5.25652194023  4677206
5.27551198006  4675762
5.29711008072  4658998
5.32012295723  4658418
5.34240293503  4644676
5.36512708664  4643607
5.38532304764  4642595
5.40534806252  4638848
5.42462587357  4636451
5.44412899017  4634685
5.466796875  4629020
5.48978304863  4628574
5.51189303398  4627453
5.53087997437  4570308
5.55053186417  4563425
5.57049393654  4561350
5.59106087685  4561054
5.61078691483  4559753
5.63039588928  4528350
5.65031790733  4525104
5.67063307762  4522630
5.69139409065  4521639
5.71363592148  4521235
5.73960399628  4518579
5.75855207443  4508797
5.78433704376  4508268
5.81115603447  4505361
5.83101296425  4498831
5.85155391693  4493199
5.87056803703  4483610
5.89045095444  4483464
5.91157197952  4480573
5.93753409386  4480431
5.96987891197  4480079
5.98923993111  4472195
6.00895690918  4472180
6.02916097641  4471032
6.04819202423  4462044
6.06801700592  4459391
6.08700108528  4457288
6.10915398598  4457034
6.12968301773  4455166
6.24390101433  4453884
6.37451386452  4449098
6.41311788559  4448786
6.50647187233  4448778
6.68587899208  4388537
6.68654894829  4387821
6.68686890602  4387006
6.6873550415  4384581
6.84900689125  4370543
7.01789689064  4367893
7.01850605011  4365581
7.12681889534  4364783
7.16956686974  4364483
7.20825695992  4364223
7.38619804382  4362378
7.57032299042  4358214
7.73945093155  4351131
7.74032402039  4350368
7.74061703682  4347577
7.77887988091  4347509
7.96448588371  4328386
7.96586894989  4327181
7.9935798645  4326589
8.03608608246  4326185
8.09320402145  4324669
8.11221599579  4323986
8.20352005959  4323003
8.29701900482  4322973
8.37468194962  4322613
8.57433795929  4313251
8.76137089729  4313057
8.95712590218  4311248
9.14327287674  4305100
9.31523108482  4302937
9.51548290253  4301540
9.73818206787  4298205
9.95788788795  4297880
10.1699209213  4286303
10.414689064  4285636
10.6416070461  4283307
10.8917689323  4280934
11.1212470531  4279148
11.3754549026  4278189
11.6166210175  4277171
11.8711950779  4275834
12.1098470688  4275302
12.2915410995  4273626
12.5085148811  4272363
12.7102839947  4271718
12.9031100273  4270255
13.130202055  4269955
13.3462738991  4269045
13.5908989906  4268554
13.8494029045  4265918
14.1094520092  4265200
14.4087769985  4265175
14.7139298916  4264051
14.999366045  4263092
15.2572948933  4262960
15.5434188843  4262956
15.8098590374  4262924
16.0979530811  4261988
16.3597319126  4259389
16.6181230545  4258742
16.8626770973  4258100
17.1253149509  4248190
17.4003050327  4246879
17.6785950661  4246221
17.9352920055  4245820
18.2337810993  4245624
18.5236639977  4243743
18.8129649162  4243315
19.1027610302  4241102
19.3812010288  4240689
19.6480898857  4239979
19.9274148941  4239081
20.1953098774  4238525
20.440433979  4238299
20.690985918  4161869
20.9306678772  4158720
21.1740400791  4062167
21.4131069183  4061809
21.6516568661  4051129
21.8923978806  4050388
22.1325240135  3996426
22.3777530193  3996129
22.6196758747  3924084
22.8610548973  3919419
23.1078839302  3919166
23.3498489857  3916027
23.5913720131  3910552
23.8336029053  3905275
24.0763370991  3824098
24.3165669441  3823150
24.5633308887  3821792
24.8074479103  3820880
25.0531640053  3820389
25.3392109871  3819341
25.6283359528  3818465
25.975069046  3817805
26.2894458771  3746744
26.6010799408  3735500
26.8936870098  3734861
27.1158330441  3734653
27.397439003  3734425
27.619353056  3733051
27.8945529461  3731231
28.1719470024  3729216
28.3937790394  3729089
28.6772749424  3729077
28.900580883  3727908
29.1841630936  3727822
29.4601740837  3725309
29.7360980511  3721328
30.0151290894  3721317
30.3130569458  3719926
30.6201779842  3719519
30.9287219048  3714393
31.2508850098  3711218
31.585901022  3711207
31.8798708916  3709781
32.1650719643  3708306
32.4488608837  3707434
32.6725618839  3707307
32.9501008987  3706684
33.172880888  3706667
33.4669890404  3705731
33.7435820103  3705452
34.0741279125  3629796
34.4066400528  3629232
34.7402360439  3603363
35.0744459629  3597995
35.4066390991  3597166
35.7435719967  3596064
36.0724709034  3465414
36.3311491013  3464508
36.588080883  3464340
36.9342238903  3460080
37.1907351017  3459358
37.501750946  3458953
37.8459119797  3458927
38.1915369034  3456853
38.5447158813  3456815
38.8974819183  3442110
39.2104849815  3442070
39.5637049675  3439643
39.8736639023  3439295
40.2210299969  3438993
40.5760960579  3436375
40.932297945  3433859
41.2887310982  3431258
41.6006369591  3431239
41.948499918  3430639
42.2948729992  3430160
42.6060130596  3430032
42.9613189697  3429926
43.3082568645  3428834
43.6638400555  3427589
44.0373959541  3422797
44.4273760319  3422201
44.8367860317  3421531
45.257158041  3421482
45.6710400581  3420089
46.112762928  3419544
46.586507082  3418562
47.0258340836  3418398
47.4989230633  3416318
48.0054779053  3414955
48.5534598827  3414633
49.0795109272  3412596
49.6031420231  3411123
50.1163880825  3410197
50.6408150196  3410176
51.2112419605  3409954
51.7217540741  3409339
52.2565560341  3409063
52.8067810535  3408962
53.313587904  3408902
53.7830429077  3408684
54.2535910606  3408106
54.7342460155  3407365
55.2501540184  3406917
55.8050599098  3405894
56.3254520893  3402278
56.861164093  3400936
57.4077789783  3399641
57.9142169952  3396158
58.3985490799  3396018
58.9562308788  3393836
59.5359470844  3393440
60.1712100506  3392222
60.7735979557  3392110
61.3355710506  3391879
61.9369330406  3391535
62.4962100983  3390527
63.0478320122  3390499
63.5173640251  3390242
64.0340008736  3390235
64.6020469666  3389626
65.1240699291  3389564
65.7042078972  3389557
66.2811648846  3388818
66.8756489754  3388794
67.4852399826  3388161
68.0978369713  3387981
68.7109630108  3387320
69.3271269798  3386560
69.9409530163  3386209
70.5700790882  3384934
71.1561429501  3384912
71.8045110703  3384597
72.469907999  3384454
73.1300458908  3383590
73.7988269329  3383525
74.4756388664  3383413
75.1126129627  3383135
75.8392419815  3381518
76.5676438808  3381323
77.2979590893  3381090
78.0403299332  3380630
78.7638809681  3379581
79.5054988861  3379573
80.2459518909  3379268
80.9681529999  3379178
81.6881508827  3375826
82.2852358818  3375786
82.7497069836  3374843
83.1323230267  3374644
83.5628559589  3374604
83.9947590828  3373818
84.4435679913  3373503
84.940486908  3372900
85.4024240971  3372579
85.8664720058  3372470
86.493074894  3372286
87.1195070744  3371292
87.7477190495  3371032
88.3765258789  3370866
89.023925066  3369920
89.6549539566  3369436
90.280921936  3368239
90.9548308849  3367129
91.6112990379  3366953
92.3609318733  3365924
93.080935955  3365624
93.792703867  3358674
94.5131750107  3358068
95.2321960926  3356851
95.9489269257  3356364
96.6594970226  3352855
97.3838610649  3352756
98.0954508781  3352715
98.8165609837  3352623
99.5333049297  3352275
100.264754057  3350343
100.987236023  3350210
101.721256018  3350071
102.36441493  3349760
102.975908995  3349000
103.699488878  3348848
104.426277876  3348105
105.07365799  3347844
105.69075799  3347346
106.417811871  3290960
107.052474022  3290424
107.732903004  3290003
108.428538084  3289602
109.157797098  3289082
109.856513977  3289022
110.597496986  3289005
111.335666895  3288020
111.965195894  3286563
112.585694075  3286460
113.219634056  3286280
113.839578867  3285874
114.484915018  3285698
115.209873915  3285547
115.945493937  3285539
116.713155985  3285404
117.483495951  3285060
118.270390987  3284493
119.057449102  3281088
119.839230061  3278158
120.622978926  3277439
121.411695004  3274282
122.200047016  3274173
122.985567093  3271864
123.776263952  3267991
124.562390089  3267990
125.351818085  3266660
126.141311884  3263873
126.926784992  3263385
127.71666193  3252053
128.36322403  3251724
128.982137918  3251615
129.62670207  3251522
130.270631075  3250637
130.98376894  3250464
131.448421955  3249981
131.89526391  3248963
132.342526913  3248938
132.820822001  3248300
133.5011971  3248147
134.188735008  3247759
135.005289078  3247393
135.89376092  3246423
136.707606077  3246338
137.480875969  3246242
138.295595884  3245746
139.178243876  3174348
139.994325876  3172654
140.878232956  3172531
141.707695007  3172199
142.597771883  3167424
143.426616907  3166617
144.31635499  3161696
144.320533037  3158461
144.321059942  3158446
144.322202921  3157031
144.338031054  3153720
144.356867075  3153233
144.375595093  3152092
144.411331892  3151812
144.435261011  3150896
144.497330904  3147651
144.559720993  3145092
144.653543949  3142554
144.746393919  3126646
144.841764927  3125407
144.936184883  3119650
145.032227039  3107828
145.126111031  3092928
145.219906092  3090434
145.313631058  3088238
145.408217907  3082021
145.503716946  3081707
145.599093914  3078947
145.694395065  3075103
145.75037694  3074985
145.837039948  3074624
145.848413944  3073076
145.852041006  3068570
145.85217905  3067656
145.852391958  3060105
145.852837086  3042108
145.856957912  3038737
145.857172012  3032267
145.857461929  3016960
145.858684063  3016849
145.859360933  3011096
145.87074995  3008725
145.890685081  3008583
145.89082098  3008169
145.927944899  3006826
145.946773052  3006748
145.966599941  3005998
145.967820883  3005916
145.987325907  3005787
146.007096052  3005651
146.063961029  3004182
146.085274935  3003347
146.104954958  3003328
146.12448287  3002714
146.18045187  3002596
146.237572908  3002294
146.295597076  3001943
146.351710081  3001173
146.408663988  3000729
146.464622974  2999594
146.684836864  2999228
146.94173789  2998070
147.234078884  2997327
147.544972897  2996649
147.838815928  2996433
148.149386883  2993235
148.441901922  2993047
148.752644062  2993029
149.062489033  2992757
149.373574972  2992661
149.684783936  2992143
149.998892069  2991987
150.32665205  2991947
150.619380951  2991731
150.929887056  2991537
151.256452084  2991355
151.566756964  2991129
151.98049593  2990897
152.395030022  2990269
152.816794872  2862548
153.010704994  2862251
153.019623995  2862147
153.05821991  2861156
153.095926046  2859656
153.256259918  2859366
153.404490948  2843050
153.461828947  2842885
153.574250937  2842564
153.724891901  2840866
153.875914097  2773705
153.932630062  2773416
153.990530014  2773318
154.141053915  2762251
154.291408062  2755183
154.442076921  2755181
154.593770027  2752621
154.743752003  2740013
154.906506062  2739895
154.956136942  2739716
155.006107092  2737972
155.044342041  2735496
155.082486868  2734510
155.269314051  2730638
155.468002081  2727771
155.654296875  2727189
155.840463877  2726464
156.026757956  2696352
156.224011898  2677152
156.422086  2673902
156.607119083  2609776
156.804843903  2596771
156.991540909  2596385
157.178639889  2595744
157.38221097  2594915
157.567564964  2565059
157.75305891  2552968
157.791683912  2552615
157.829266071  2552588
157.96062088  2552136
158.146744013  2545431
158.334522009  2541834
158.521457911  2503181
158.707088947  2503073
158.893222094  2503027
159.080005884  2436815
159.304099083  2429853
159.506083012  2398552
159.713277102  2393885
159.941706896  2375348
160.162950039  2375260
160.384557009  2375125
160.604738951  2374836
160.811313868  2374803
161.032278061  2372837
161.242661953  2371780
161.460218906  2369984
161.685844898  2258070
161.821680069  2257064
162.008606911  2243020
162.056706905  2241880
162.225455999  2240226
162.436306  2240071
162.639882088  2237395
162.860895872  2236941
163.070754051  2232879
163.271385908  2232721
163.493752003  2232580
163.702970982  2201664
163.891426086  2192240
164.080940962  2190612
164.305819988  2185591
164.511682987  2157420
164.747657061  2143185
164.953583002  2128437
165.140014887  2128411
165.327645063  2127632
165.51286006  2127254
165.715826988  2127218
165.900681973  2126838
166.158545971  2123145
166.420362949  2101434
166.609736919  2099802
166.813164949  2099302
167.071594  2097922
167.276268959  2097830
167.498840094  2097610
167.760653973  2096288
167.950265884  2094614
168.155137062  2053366
168.363332987  2050285
168.56939292  2048291
168.773411036  2048005
168.979439974  2033604
169.184549093  2012497
169.392375946  2012097
169.599833012  2001610
169.805335045  2001442
170.029648066  2000987
170.255939007  1980432
170.500720024  1976834
170.744222879  1972290
171.059875965  1971460
171.320173979  1971079
171.579467058  1970321
171.890274048  1968127
172.164650917  1967929
172.422928095  1967893
172.735524893  1964210
172.921583891  1956820
173.107152939  1956440
173.367364883  1951177
173.679748058  1947822
173.992202044  1938637
174.179285049  1938515
174.370586872  1933789
174.62796998  1932351
174.943506002  1893716
175.130752087  1893690
175.317157984  1893291
175.507173061  1892827
175.545491934  1892357
175.584124088  1892330
175.715499878  1891896
175.907443047  1891242
176.099579096  1891023
176.309957027  1890056
176.538121939  1889893
176.783747911  1889334
177.048575878  1889038
177.311923981  1888249
177.625228882  1887503
177.95500493  1887398
178.302243948  1887042
178.668189049  1886965
179.040633917  1886232
179.420953989  1884559
179.819935083  1862506
180.203301907  1858512
180.582715988  1858310
181.03007102  1852356
181.527935982  1839055
182.025126934  1835881
182.544682026  1833373
183.060388088  1832951
183.578089952  1826122
184.094692945  1825756
184.609684944  1799092
185.125484943  1798635
185.675039053  1796887
186.222831964  1796735
186.773660898  1786515
187.323704958  1784325
187.840939999  1783423
188.360673904  1781014
188.929301977  1777333
189.432488918  1774257
189.935532093  1770346
190.438276052  1770037
190.939321041  1768932
191.458714008  1767395
191.975605965  1761193
192.492845058  1755993
193.024276018  1754816
193.579868078  1735989
194.20124197  1732907
194.73872304  1729581
195.363559961  1728579
195.983326912  1720068
196.545695066  1717085
197.22852397  1715187
197.969467878  1673798
198.810577869  1672924
199.567975044  1670800
200.391774893  1668844
201.287642956  1667482
202.115630865  1666229
202.932096004  1660251
203.747771978  1658581
204.578587055  1637440
205.399600029  1625585
206.220308065  1623876
207.038651943  1622956
207.922972918  1622840
208.741353989  1571363
209.611820936  1534818
209.975825071  1534613
210.315120935  1531363
210.670252085  1530601
210.742618084  1530493
210.747478008  1530478
210.771203995  1530112
210.790374041  1527791
210.799019098  1522155
210.800335884  1521559
210.802052975  1521227
210.803533077  1521096
210.807422876  1520522
210.83852005  1519568
210.883444071  1518354
211.00970006  1517843
211.04133606  1516936
211.317080021  1515520
211.600878  1514066
211.960821867  1511936
212.403183937  1457678
212.830650091  1439804
213.314832926  1436752
213.79310894  1434088
214.268804073  1434007
214.750427961  1418781
215.214401007  1418745
215.701128006  1418563
216.188771009  1412096
216.681093931  1410100
217.180303097  1407014
217.654905081  1404390
218.128844976  1404258
218.588892937  1391150
219.062844992  1390464
219.541999102  1329195
220.058269024  1325319
220.575551987  1323009
221.123773098  1321460
221.616785049  1321430
222.123291969  1311970
222.639400005  1310427
223.188133955  1309698
223.77222991  1309278
224.342990875  1309264
224.863746881  1299889
225.455138922  1299881
226.061444044  1299541
226.643028021  1263926
227.213959932  1257084
227.820791006  1256378
228.475709915  1255830
229.049963951  1255109
229.612161875  1251121
230.176363945  1218081
230.705797911  1217528
231.332228899  1211121
231.978491068  1208614
232.635946989  1204991
233.389468908  1204963
234.285830021  1204679
235.094359875  1201582
236.009453058  1200446
237.089931965  1200221
238.160307884  1200130
239.181056023  1199967
240.222853899  1199306
241.341583967  1198513
242.520243883  1198218
243.627074957  1198187
244.805360079  1197722
246.472363949  1196760
248.158324003  1194975
249.916128874  1194582
251.672054052  1193988
253.413830042  1192595
255.135432959  1189418
256.929682016  1189157
258.732840061  1181108
260.475126028  1179865
262.248832941  1179650
264.096217871  1161420
265.951889038  1161248
267.784204006  1160866
269.552834034  1155599
271.32772398  1154648
273.143384933  1154433
274.968826056  1153208
276.797719002  1153029
278.532176971  1152028
280.270368099  1150320
282.059540033  1149934
283.753061056  1149394
285.518461943  1148558
287.257668972  1147111
289.053102016  1146243
290.771915913  1145085
292.479104996  1143219
294.201497078  1143174
295.945832014  1142263
297.640285015  1142008
299.265726089  1142006
301.081041098  1141483
