0.0391499996185  6762786
0.0397410392761  6720763
0.0402410030365  6705659
0.0408961772919  6602212
0.0415070056915  6596810
0.0416460037231  6574188
0.0417990684509  6570391
0.0419340133667  6552337
0.0420701503754  6537605
0.0424711704254  6486118
0.0431230068207  6485573
0.0432631969452  6482848
0.0435831546783  6459738
0.0437550544739  6453478
0.0446720123291  6453455
0.0448160171509  6451680
0.045380115509  6443017
0.0457961559296  6439544
0.0461699962616  6437528
0.0464220046997  6426312
0.046795129776  6417537
0.0470449924469  6341671
0.0472950935364  6332742
0.047669172287  6330439
0.0479180812836  6288398
0.0480442047119  6247332
0.0481700897217  6229495
0.0486660003662  6143027
0.0489161014557  6140863
0.0497682094574  6125146
0.049910068512  6089687
0.0504591464996  6088329
0.050614118576  6029198
0.0507521629333  6007418
0.0511541366577  5980637
0.0516891479492  5944106
0.0519452095032  5943519
0.0535581111908  5942353
0.0536851882935  5928472
0.0545501708984  5917173
0.0546770095825  5852676
0.0548040866852  5817061
0.0550541877747  5809610
0.0553040504456  5807316
0.0565390586853  5802190
0.0566651821136  5802042
0.0567910671234  5801623
0.0569190979004  5797672
0.0571691989899  5789214
0.0575420856476  5755612
0.0582840442657  5751312
0.0589292049408  5732600
0.059602022171  5719979
0.0601119995117  5717399
0.0603911876678  5712414
0.0613930225372  5711541
0.0615410804749  5705287
0.062117099762  5689080
0.0622630119324  5688148
0.062667131424  5658904
0.0630540847778  5657693
0.0633060932159  5655419
0.0636830329895  5650279
0.0638110637665  5626345
0.0655410289764  5620399
0.0657920837402  5613800
0.0670161247253  5612247
0.0673060417175  5599819
0.0687181949615  5594246
0.068855047226  5592724
0.0690031051636  5580843
0.0691511631012  5577098
0.0702390670776  5567442
0.0703701972961  5565718
0.0704979896545  5557473
0.0706250667572  5530232
0.0707521438599  5489347
0.0732200145721  5478878
0.0737171173096  5434663
0.0741200447083  5416854
0.0742571353912  5380341
0.0743911266327  5373784
0.074657201767  5372114
0.0750620365143  5364410
0.0752501487732  5361642
0.0760471820831  5361195
0.0761940479279  5359260
0.0769901275635  5351552
0.0776631832123  5336926
0.0780351161957  5336863
0.0784080028534  5313486
0.0786581039429  5268106
0.0789070129395  5201644
0.0797741413116  5189005
0.0803940296173  5184846
0.0818860530853  5173930
0.0821490287781  5167295
0.0822770595551  5158063
0.0825290679932  5133625
0.0839791297913  5099967
0.0841150283813  5097896
0.0843820571899  5094360
0.0860390663147  5092491
0.0864171981812  5051282
0.0868010520935  5036506
0.08717918396  4974994
0.0888671875  4974962
0.0902240276337  4974895
0.0904760360718  4974060
0.0907270908356  4973213
0.0908541679382  4908336
0.0913670063019  4892851
0.0920310020447  4852167
0.0921740531921  4851973
0.0924181938171  4846175
0.093334197998  4816558
0.0934700965881  4778984
0.0937252044678  4771423
0.0953481197357  4762375
0.0956389904022  4759446
0.0961430072784  4759176
0.0962719917297  4740104
0.0965230464935  4726785
0.096776008606  4721940
0.0972740650177  4702219
0.0974011421204  4700292
0.0977771282196  4695944
0.0993831157684  4694913
0.0996510982513  4690002
0.0997881889343  4667920
0.0999240875244  4656612
0.102704048157  4650400
0.102961063385  4647459
0.103089094162  4635469
0.10322022438  4619616
0.104382038116  4611417
0.104511022568  4605054
0.105010032654  4596509
0.105651140213  4593977
0.10591006279  4593337
0.108050107956  4591887
0.109503030777  4588927
0.111265182495  4586411
0.11167216301  4579963
0.1118080616  4579011
0.112475156784  4572944
0.113900184631  4570390
0.11430811882  4567829
0.116324186325  4557515
0.118374109268  4415822
0.118800163269  4413922
0.120329141617  4405474
0.120840072632  4402344
0.120969057083  4399344
0.123496055603  4395727
0.124164104462  4395065
0.124456167221  4388743
0.124999046326  4383871
0.126178026199  4376833
0.126437187195  4374502
0.127374172211  4367869
0.128137111664  4364642
0.128892183304  4357895
0.130789995193  4298985
0.131174087524  4296776
0.13130402565  4280413
0.131560087204  4267993
0.132105112076  4255563
0.132766008377  4233002
0.135469198227  4232815
0.135858058929  4225312
0.137140035629  4220661
0.137902021408  4220310
0.138343095779  4219816
0.138553142548  4216546
0.139959096909  4215750
0.141468048096  4214463
0.142262220383  4173208
0.14416718483  4135159
0.145555019379  4134894
0.14568400383  4121290
0.146314144135  4117480
0.146958112717  4116082
0.147229194641  4107425
0.151465177536  4099675
0.151851177216  4089556
0.151981115341  4080247
0.153362035751  4067835
0.153491020203  4067638
0.154628038406  4058455
0.15526008606  4035182
0.164453029633  4003330
0.164849996567  4003045
0.165357112885  4002654
0.16743016243  3997097
0.167710065842  3970155
0.168119192123  3966587
0.172062158585  3958124
0.17219209671  3957910
0.172699213028  3954685
0.172828197479  3911326
0.173968076706  3906249
0.174476146698  3899713
0.177417039871  3889582
0.177552223206  3884741
0.177812099457  3837318
0.17794418335  3820304
0.17883014679  3819047
0.180349111557  3818236
0.182128190994  3767017
0.183024168015  3761271
0.183284044266  3746475
0.186575174332  3730391
0.187155008316  3708074
0.188075065613  3701563
0.188333034515  3658150
0.188717126846  3654033
0.188974142075  3646765
0.191870212555  3634381
0.195075035095  3633313
0.19521021843  3624233
0.196351051331  3622614
0.19673705101  3619800
0.198502063751  3615461
0.198631048203  3597041
0.199814081192  3595143
0.200074195862  3584441
0.202225208282  3582737
0.202482223511  3578420
0.205001115799  3575514
0.207716226578  3557303
0.209814071655  3556732
0.209975004196  3555756
0.211515188217  3549712
0.211646080017  3547356
0.211776018143  3539417
0.21647310257  3499401
0.217864990234  3498527
0.223057031631  3488536
0.228484153748  3479573
0.23011803627  3479392
0.230805158615  3467861
0.231456041336  3466774
0.236397027969  3459312
0.23667216301  3453825
0.238081216812  3450815
0.239347219467  3450137
0.239477157593  3444597
0.244049072266  3444262
0.246197223663  3402573
0.256120204926  3385679
0.256633043289  3385495
0.261394023895  3379433
0.264225006104  3376768
0.265242099762  3364138
0.267014026642  3362101
0.27725315094  3360287
0.278273105621  3359642
0.281983137131  3358502
0.282115221024  3355046
0.282885074615  3354746
0.283650159836  3330825
0.285706043243  3330499
0.286730051041  3323365
0.287633180618  3322553
0.288533210754  3312468
0.291079998016  3303741
0.291719198227  3301946
0.292105197906  3287352
0.292747020721  3283681
0.295716047287  3283495
0.296654224396  3282854
0.297190189362  3281590
0.300150156021  3272069
0.303046226501  3244127
0.304342031479  3243701
0.310172080994  3243700
0.310811042786  3237169
0.311264038086  3236929
0.313428163528  3228165
0.313934087753  3223250
0.316313028336  3220183
0.321002006531  3219128
0.322290182114  3203360
0.32293009758  3201275
0.323440074921  3191911
0.324323177338  3190785
0.324578046799  3189055
0.329392194748  3186032
0.329902172089  3176370
0.330409049988  3173551
0.331167221069  3171856
0.333806991577  3137709
0.335649013519  3137697
0.336603164673  3102243
0.343763113022  3029022
0.344280004501  3025285
0.344539165497  3022423
0.34505200386  3021987
0.350874185562  3016251
0.35165309906  3013962
0.352162122726  3013552
0.35557103157  3011017
0.356709003448  3010585
0.359616994858  3006320
0.374260187149  2996069
0.374651193619  2986691
0.375325202942  2985747
0.377950191498  2984903
0.379341125488  2984867
0.381414175034  2977172
0.383424043655  2971582
0.383563995361  2970390
0.38369512558  2969771
0.391218185425  2961752
0.395932197571  2954417
0.396692991257  2949805
0.401502132416  2935423
0.403014183044  2933191
0.406132221222  2925092
0.40817117691  2924401
0.411949157715  2921442
0.414303064346  2917290
0.415726184845  2914419
0.417284011841  2913361
0.420341014862  2903590
0.431066989899  2896881
0.434984207153  2894285
0.437935113907  2893238
0.43990111351  2892817
0.441045045853  2866300
0.451218128204  2855379
0.453170061111  2855134
0.455601215363  2854335
0.456744194031  2854065
0.459210157394  2851142
0.461916208267  2849585
0.46369099617  2844974
0.466666221619  2842316
0.473375082016  2840296
0.473885059357  2839222
0.474014043808  2835174
0.474283218384  2830735
0.47492313385  2829133
0.47607922554  2813077
0.486721992493  2791241
0.489994049072  2714353
0.491348028183  2713718
0.491605997086  2705654
0.492421150208  2705494
0.497408151627  2705181
0.501129150391  2676234
0.503420114517  2670617
0.509833097458  2668256
0.512422084808  2667622
0.512811183929  2666769
0.514125108719  2662504
0.514384031296  2662012
0.516862154007  2661386
0.517401218414  2659301
0.5197930336  2658903
0.526547193527  2649317
0.527140140533  2599231
0.528305053711  2595251
0.529211044312  2584733
0.532171010971  2577269
0.533205032349  2575573
0.537530183792  2575476
0.561261177063  2574502
0.561528205872  2574044
0.56166100502  2573903
0.562306165695  2567687
0.565117120743  2556106
0.573686122894  2547883
0.577253103256  2547008
0.579918146133  2546797
0.580174207687  2546788
0.581193208694  2545421
0.586178064346  2543641
0.589915037155  2543174
0.590054035187  2542695
0.591133117676  2537608
0.598098039627  2536509
0.598612070084  2533545
0.600652217865  2525642
0.601038217545  2521775
0.613500118256  2516214
0.614309072495  2514497
0.626143217087  2510878
0.62789106369  2510401
0.633402109146  2502106
0.633541107178  2478886
0.637664079666  2476599
0.641774177551  2475527
0.643376111984  2473273
0.649381160736  2472814
0.655936002731  2472545
0.660274028778  2463412
0.662708044052  2453426
0.673090219498  2449784
0.680398225784  2441645
0.685422182083  2439835
0.695462226868  2436450
0.698775053024  2433305
0.698907136917  2431982
0.699253082275  2431332
0.699858188629  2427271
0.701415061951  2426542
0.703293085098  2425968
0.707406044006  2421410
0.712731122971  2419004
0.713002204895  2416911
0.720497131348  2414797
0.734726190567  2412699
0.741413116455  2407624
0.743983030319  2404018
0.752077102661  2400590
0.753598213196  2398651
0.754124164581  2398632
0.754783153534  2397433
0.755699157715  2396958
0.75883102417  2396949
0.76024222374  2396115
0.764423131943  2395518
0.766194105148  2394042
0.769352197647  2392219
0.769608020782  2391195
0.772285223007  2390504
0.79835319519  2390171
0.799530029297  2387317
0.807443141937  2377054
0.828095197678  2374879
0.830789089203  2364860
0.833322048187  2360686
0.849058151245  2360040
0.856178998947  2359621
0.870590209961  2357318
0.8723051548  2347206
0.876868009567  2346293
0.88383102417  2346216
0.888323068619  2345745
0.889584064484  2343780
0.890322208405  2342151
0.891805171967  2338241
0.893537998199  2336286
0.895159006119  2333395
0.898761034012  2333024
0.902448177338  2332651
0.908847093582  2330671
0.921532154083  2329908
0.931701183319  2329087
0.945936203003  2327637
0.947389125824  2327540
0.949062108994  2321419
0.95224404335  2321034
0.958329200745  2320274
0.961504220963  2316850
0.965794086456  2316722
0.966188192368  2316354
0.980329990387  2316255
0.994042158127  2316078
0.996630191803  2314240
1.0016272068  2310346
1.01558113098  2308638
1.02388906479  2307443
1.02579021454  2307128
1.02694106102  2304725
1.02719902992  2304334
1.0381321907  2303824
1.04319000244  2302837
1.04523921013  2302631
1.05164313316  2302261
1.06284618378  2301584
1.07379007339  2292175
1.10992217064  2291770
1.1189930439  2291089
1.12017917633  2289078
1.13705015182  2286624
1.14054322243  2278162
1.15834617615  2277930
1.19160318375  2276506
1.19293904305  2275118
1.20146107674  2267695
1.22219800949  2267048
1.22246599197  2266124
1.22815299034  2266046
1.23086214066  2265916
1.24003005028  2264946
1.24465703964  2264553
1.24520301819  2260350
1.27037620544  2259232
1.27079820633  2257517
1.27829504013  2256401
1.29549622536  2255397
1.30847716331  2253061
1.30867409706  2249130
1.32092499733  2246603
1.34264111519  2238393
1.36291408539  2235253
1.37037801743  2234615
1.3711681366  2233808
1.37552118301  2224174
1.3768889904  2223628
1.40117716789  2223540
1.41573619843  2223266
1.41746616364  2222590
1.46888709068  2214219
1.48724412918  2212348
1.5055770874  2210973
1.51479816437  2207617
1.51559400558  2205935
1.53935217857  2203710
1.54326915741  2202953
1.54408812523  2202564
1.55422711372  2200005
1.57949209213  2199731
1.58517313004  2199090
1.59186720848  2194392
1.59716105461  2187049
1.60371422768  2186524
1.61289620399  2185758
1.63525819778  2185027
1.6692211628  2184427
1.6755490303  2184157
1.68978118896  2182306
1.69284915924  2179640
1.69911909103  2176514
1.7025949955  2170836
1.71480607986  2170821
1.71606111526  2169912
1.71883702278  2168591
1.72047615051  2167996
1.73534703255  2167992
1.74303507805  2167920
1.74519205093  2167589
1.76451921463  2166560
1.77488708496  2164657
1.81645011902  2164418
1.81873321533  2164169
1.81887102127  2162511
1.82308912277  2161057
1.82876420021  2159828
1.83043313026  2159624
1.85627007484  2158616
1.8567070961  2155132
1.8970181942  2145026
1.90276002884  2144316
1.9134721756  2144137
1.92911219597  2143889
1.95614314079  2142425
1.95882916451  2142304
1.97267913818  2138642
1.97997307777  2131939
1.98637008667  2131933
1.98862218857  2123600
1.99046111107  2121271
2.02105402946  2120689
2.06500506401  2120500
2.070084095  2119522
2.07932519913  2104390
2.08574008942  2100448
2.09484219551  2099978
2.09879803658  2097661
2.10477399826  2097657
2.11456418037  2096074
2.11484909058  2094302
2.1172041893  2094241
2.14725804329  2093084
2.15543699265  2092309
2.15594911575  2090447
2.17146801949  2089912
2.17185115814  2089502
2.17883610725  2089298
2.20152711868  2089178
2.22038006783  2088584
2.28658914566  2088437
2.29693222046  2087136
2.29805207253  2068109
2.33341813087  2068101
2.34444499016  2067703
2.36646008492  2066796
2.37452816963  2063813
2.40991806984  2058576
2.4189260006  2049464
2.43179702759  2048100
2.4412560463  2048083
2.45273399353  2047851
2.47969603539  2047408
2.48102021217  2046046
2.48861598969  2045854
2.50386118889  2041899
2.516685009  2041778
2.54656720161  2036326
2.55753707886  2036203
2.57138419151  2036112
2.57766699791  2036110
2.58051109314  2032834
2.61790704727  2030745
2.64456319809  2026280
2.64875602722  2025967
2.65314722061  2023096
2.65603113174  2012350
2.66109418869  2006022
2.67325615883  2004581
2.68412518501  2003689
2.68692803383  2003442
2.69543719292  2001548
2.70565700531  1997531
2.72932720184  1997395
2.7297410965  1997386
2.75943112373  1995023
2.75969815254  1993967
2.76613116264  1993746
2.76639509201  1993623
2.7666862011  1992665
2.79685306549  1991808
2.80842113495  1990789
2.85753011703  1978181
2.85900402069  1977895
2.88612318039  1976863
2.90485405922  1976824
2.95540714264  1976782
2.97129011154  1967019
2.9766960144  1966213
3.00846815109  1965570
3.01618719101  1960349
3.05625319481  1959978
3.07460904121  1958861
3.09518909454  1957607
3.09955811501  1955709
3.10802912712  1955702
3.12371015549  1954779
3.14556002617  1952116
3.14963102341  1952113
3.15964508057  1950363
3.18013215065  1945614
3.19410300255  1945520
3.19438505173  1945167
3.1985681057  1942982
3.23559308052  1942940
3.28898310661  1942606
3.3128490448  1942342
3.31751704216  1941715
3.32749199867  1941129
3.3464910984  1939287
3.3605902195  1939061
3.37407016754  1933603
3.38683700562  1930739
3.39121818542  1906233
3.42402219772  1904878
3.4305741787  1904629
3.45249915123  1903394
3.49221920967  1902850
3.53162908554  1900479
3.5683131218  1899515
3.57441711426  1897608
3.59543418884  1897027
3.6003241539  1896340
3.61702203751  1896303
3.6317191124  1895324
3.63483405113  1894606
3.65037822723  1894591
3.65416502953  1887852
3.67634510994  1886272
3.67661905289  1885748
3.69865322113  1882911
3.70737504959  1876774
3.7421541214  1872330
3.74833011627  1872251
3.75466704369  1871734
3.76324701309  1871048
3.76607322693  1870072
3.77409911156  1868584
3.77804017067  1868458
3.79942107201  1868405
3.81675219536  1867855
3.83793115616  1867541
3.84408807755  1866274
3.85196900368  1864247
3.86532616615  1863768
3.8678021431  1863671
3.90633511543  1861826
3.91366505623  1857453
3.93555617332  1856019
3.94844722748  1856016
4.01258516312  1855831
4.01667714119  1853454
4.05458903313  1852346
4.05474114418  1850735
4.05574417114  1796919
4.05801415443  1796345
4.058781147  1795582
4.07611107826  1774669
4.08381509781  1774075
4.09288716316  1749678
4.10875105858  1747714
4.14731621742  1747577
4.17794203758  1746930
4.21527218819  1746680
4.21987605095  1746645
4.23221111298  1744941
4.25033521652  1744913
4.25380921364  1742456
4.29479217529  1742453
4.29935717583  1739880
4.29949116707  1739122
4.30803203583  1737761
4.32801198959  1737739
4.35316610336  1735999
4.40178799629  1734516
4.40603399277  1734201
4.45213508606  1731966
4.4543402195  1720125
4.46214318275  1719255
4.4708480835  1716494
4.51442813873  1715101
4.52530312538  1705449
4.52859210968  1704961
4.54407906532  1703964
36.911149025  1703747
36.9180080891  1690824
36.9198060036  1688591
36.9282560349  1687841
36.9285130501  1685200
36.9546971321  1685169
36.957378149  1683975
36.9593660831  1683170
169.198509216  1675872
169.244774103  1675104
169.251492023  1674824
169.253298998  1674185
169.255628109  1673550
169.25894618  1673365
169.265588999  1673226
169.281177998  1669885
169.296406031  1669317
169.361955166  1668849
169.368123055  1668622
169.372491121  1667953
169.373775005  1667901
169.399215221  1667228
169.417567015  1666503
169.439743042  1665455
169.446703196  1665242
169.454035044  1664547
169.490575075  1660964
169.551127195  1659086
169.576835155  1658499
169.58090806  1658182
169.594082117  1657492
169.656765223  1654959
169.676710129  1647771
169.685692072  1646909
169.687374115  1646895
169.692026138  1646756
169.716289043  1646449
169.733862162  1644840
169.740518093  1644303
169.779437065  1644211
169.806304216  1642126
169.807574034  1638547
169.844286203  1638246
169.855754137  1626239
169.862712145  1621852
169.868430138  1619899
