0.0381059646606  7217417
0.0386929512024  7194276
0.0388300418854  7192787
0.039694070816  7176255
0.0402309894562  7168940
0.040519952774  7117483
0.0412330627441  7116325
0.0416631698608  7110278
0.0418090820312  7108321
0.0419480800629  7108295
0.0420761108398  7096510
0.042328119278  7091033
0.04270195961  7077786
0.0430769920349  6940512
0.043329000473  6894524
0.0435800552368  6808511
0.0440781116486  6799474
0.0442049503326  6781060
0.0444569587708  6780174
0.0449531078339  6777299
0.0454499721527  6738323
0.0455780029297  6734387
0.0463409423828  6684322
0.0467100143433  6678935
0.0473821163177  6674774
0.0475189685822  6643343
0.0476560592651  6529700
0.0482800006866  6396385
0.0486681461334  6384443
0.0490789413452  6370815
0.049497127533  6339796
0.0496261119843  6331581
0.0501251220703  6328549
0.0502531528473  6311267
0.0507500171661  6307033
0.0511240959167  6302900
0.0518670082092  6282794
0.0519931316376  6114433
0.0521199703217  6102389
0.0526180267334  6100249
0.052992105484  6096311
0.0531189441681  6085557
0.0533699989319  6085551
0.0543730258942  6081471
0.0546221733093  6076405
0.0551421642303  6065078
0.0552780628204  6063663
0.0556771755219  6062166
0.0558121204376  6058066
0.0565500259399  6021713
0.0577120780945  5895596
0.0579640865326  5866683
0.0580911636353  5861468
0.05908203125  5860256
0.0593330860138  5839741
0.0595860481262  5838980
0.0597131252289  5821874
0.059839963913  5814707
0.0599670410156  5790449
0.0609610080719  5785147
0.0615830421448  5725639
0.0620801448822  5714901
0.0623321533203  5648544
0.062952041626  5585143
0.0637450218201  5513348
0.0645501613617  5490690
0.0651071071625  5486738
0.066633939743  5467804
0.0673530101776  5454194
0.0680601596832  5454062
0.0697939395905  5450935
0.0701751708984  5440732
0.0705480575562  5402685
0.0710439682007  5402455
0.0711710453033  5389855
0.071298122406  5372903
0.0724811553955  5369118
0.0726261138916  5367203
0.0733880996704  5366937
0.074187040329  5360957
0.0743219852448  5327349
0.0747170448303  5325929
0.0764780044556  5325913
0.0769131183624  5325628
0.0773401260376  5307646
0.0793671607971  5290518
0.0823121070862  5289999
0.0827281475067  5278133
0.0829861164093  5265162
0.0833630561829  5251721
0.0834910869598  5249948
0.0852439403534  5245776
0.0859050750732  5219268
0.0863101482391  5216388
0.0867149829865  5149551
0.0896329879761  5135671
0.0901629924774  5134911
0.0915291309357  5133526
0.0924279689789  5115295
0.0926940441132  5114489
0.0930819511414  5101075
0.0933310985565  5092708
0.0938279628754  5081631
0.0951931476593  5078934
0.095703125  5077376
0.0974700450897  5072736
0.0977420806885  5061258
0.0988790988922  5060453
0.100131988525  5059445
0.100754976273  5058749
0.101254940033  5035949
0.102250099182  5016894
0.102504968643  5010666
0.102880954742  5003873
0.103008985519  4956818
0.105093002319  4951670
0.105720996857  4941393
0.105999946594  4938271
0.108024120331  4932987
0.109440088272  4922683
0.110507965088  4920475
0.113998174667  4910900
0.115261077881  4910321
0.116238117218  4812214
0.116549015045  4803172
0.116837978363  4802247
0.118401050568  4799410
0.118785142899  4797573
0.119415998459  4795531
0.120682001114  4786869
0.121627092361  4785704
0.122220039368  4774859
0.122921943665  4773290
0.123065948486  4771946
0.123497962952  4754245
0.123644113541  4746989
0.123934030533  4708717
0.126044988632  4707261
0.126551151276  4706092
0.127936124802  4694966
0.129450082779  4679075
0.12970495224  4678358
0.131320953369  4654187
0.131870985031  4652575
0.134078025818  4630985
0.134365081787  4629727
0.134514093399  4620482
0.136204004288  4619586
0.13746714592  4604867
0.13797211647  4603227
0.139724969864  4597015
0.140650033951  4581320
0.142442941666  4580836
0.143079996109  4560063
0.143461942673  4559665
0.143845081329  4554227
0.143974065781  4547960
0.144483089447  4546808
0.14474105835  4546444
0.146780967712  4535764
0.147068977356  4535324
0.14862203598  4515915
0.151302099228  4508186
0.151880979538  4501249
0.152169942856  4498490
0.153289079666  4489717
0.154420137405  4473486
0.154932022095  4468357
0.158987998962  4458729
0.16038608551  4456842
0.160644054413  4456457
0.161916971207  4454435
0.163088083267  4451366
0.163504123688  4440058
0.163932085037  4430181
0.164070129395  4419413
0.165439128876  4419179
0.168780088425  4407604
0.169811964035  4324714
0.172961950302  4321066
0.173344135284  4310862
0.173475980759  4310808
0.176818132401  4291267
0.18036699295  4287687
0.181591033936  4287353
0.182130098343  4286800
0.182510137558  4285398
0.183558940887  4274342
0.184226036072  4252487
0.185296058655  4250924
0.186196088791  4239777
0.186336040497  4239188
0.186751127243  4229051
0.189075946808  4219172
0.189491033554  4218942
0.19239616394  4216914
0.19277715683  4119501
0.195952177048  4105055
0.200299978256  4104519
0.204156160355  4088755
0.204924106598  4087479
0.205945014954  4069829
0.206735134125  4066641
0.207748174667  4058110
0.208379030228  4047139
0.211020946503  4045898
0.212526082993  4040765
0.213032007217  4028818
0.214370012283  4025543
0.214509010315  4021073
0.216187953949  4020938
0.218512058258  4014664
0.218770980835  4011708
0.22031712532  4006278
0.221117973328  4005490
0.225754976273  4002214
0.229159116745  3995047
0.231381177902  3964731
0.232661962509  3961669
0.23597407341  3958296
0.23636007309  3955678
0.238633155823  3954448
0.238764047623  3952638
0.238893985748  3949903
0.239150047302  3939663
0.24195098877  3935203
0.24321603775  3915914
0.247744083405  3913334
0.251011133194  3913286
0.251265048981  3909794
0.25214600563  3900565
0.253786087036  3896209
0.257715940475  3890940
0.257992982864  3890718
0.258396148682  3889782
0.258934020996  3889466
0.260406017303  3859519
0.260699987411  3855660
0.260960102081  3851774
0.264206171036  3849105
0.266352176666  3801453
0.269201040268  3793703
0.270935058594  3792320
0.27466917038  3790443
0.277047157288  3786642
0.279026985168  3783795
0.279693126678  3780569
0.281790971756  3773049
0.282145023346  3742325
0.282871007919  3742002
0.284167051315  3741687
0.284754037857  3741229
0.288192987442  3734499
0.291610956192  3729809
0.292757034302  3729570
0.297168016434  3727356
0.297562122345  3715757
0.298099994659  3708980
0.298485994339  3705131
0.30141711235  3700609
0.304337024689  3689294
0.304468154907  3686748
0.304598093033  3685572
0.305776119232  3683888
0.306287050247  3682996
0.311228990555  3674870
0.313830137253  3669987
0.314306974411  3663139
0.316020965576  3655375
0.316157102585  3650859
0.318830966949  3650837
0.31934094429  3650478
0.320986032486  3649975
0.32327413559  3649443
0.326441049576  3645580
0.326949119568  3635001
0.327831983566  3634348
0.330311059952  3630920
0.3348300457  3618504
0.335215091705  3617825
0.336995124817  3569359
0.338781118393  3561883
0.338911056519  3539239
0.339676141739  3538693
0.341828107834  3536868
0.343091011047  3527262
0.34625005722  3514655
0.347069978714  3513618
0.34968495369  3512449
0.353487968445  3511620
0.356307029724  3508986
0.359346151352  3506196
0.364916086197  3505297
0.365561008453  3494683
0.373214960098  3492587
0.375653028488  3492062
0.379323005676  3457603
0.383991003036  3457052
0.384124040604  3439856
0.385009050369  3436042
0.388424158096  3432981
0.38943696022  3432703
0.39254617691  3427957
0.396948099136  3422554
0.399744987488  3418779
0.400509119034  3417491
0.407412052155  3410174
0.417881011963  3409002
0.422744989395  3407235
0.424289941788  3405012
0.424808979034  3404579
0.425699949265  3403913
0.425956010818  3403633
0.42893409729  3396612
0.430215120316  3394368
0.430847167969  3393563
0.431478023529  3392642
0.434674024582  3389848
0.43557715416  3382928
0.436217069626  3382080
0.440623044968  3361907
0.451733112335  3352784
0.451873064041  3350179
0.452386140823  3348512
0.453792095184  3346294
0.465324163437  3346061
0.465460062027  3337852
0.468372106552  3333674
0.475399017334  3333300
0.476597070694  3330908
0.476739168167  3310079
0.477293968201  3308218
0.477434158325  3306560
0.49058008194  3306485
0.490841150284  3300337
0.490971088409  3295951
0.491354942322  3291606
0.49262213707  3289128
0.496174097061  3282077
0.497004032135  3281465
0.497143983841  3279712
0.498231172562  3278655
0.501116991043  3277155
0.510328054428  3275333
0.512793064117  3275178
0.514107942581  3269259
0.528177022934  3266006
0.530143976212  3253047
0.53453207016  3252613
0.534795045853  3250975
0.534927129745  3250757
0.53711605072  3248733
0.541584968567  3246508
0.544106006622  3229799
0.545284986496  3228567
0.548334121704  3228498
0.552988052368  3209174
0.56711602211  3206238
0.568536043167  3205152
0.572139024734  3204514
0.576718091965  3202918
0.579493999481  3202444
0.581588983536  3202074
0.582520008087  3201819
0.583708047867  3194542
0.585941076279  3194332
0.587942123413  3193537
0.588083982468  3193091
0.594913005829  3192245
0.59504699707  3187268
0.599766016006  3184438
0.608037948608  3182810
0.616400003433  3170722
0.617295026779  3166327
0.620476961136  3165303
0.622990131378  3150025
0.625276088715  3147222
0.628041028976  3146989
0.630290031433  3146914
0.630429983139  3146905
0.637525081635  3146661
0.63955116272  3145730
0.642985105515  3139079
0.645540952682  3138557
0.649342060089  3132850
0.656403064728  3126511
0.660350084305  3111362
0.661615133286  3109610
0.663763999939  3109269
0.664849996567  3083846
0.666142940521  3083686
0.667302131653  3080208
0.669634103775  3078315
0.670791149139  3073484
0.671689033508  3072003
0.673092126846  3071474
0.678365945816  3066652
0.680083036423  3064868
0.682088136673  3057832
0.684334993362  3049795
0.68688416481  3047437
0.690680027008  3047006
0.692454099655  3046581
0.692837953568  3046473
0.693724155426  3044408
0.694231033325  3043943
0.699280023575  3042924
0.70266699791  3033106
0.702810049057  3027124
0.703706979752  3025938
0.708759069443  3023200
0.711042165756  3020438
0.718901157379  3019941
0.72959113121  3010104
0.73123216629  3009224
0.732515096664  3008639
0.732897043228  3008071
0.736646175385  3008010
0.742926120758  3004912
0.745000123978  2979631
0.748568058014  2978258
0.753288030624  2977725
0.758105039597  2940321
0.760492086411  2939836
0.761886119843  2935134
0.765570163727  2932796
0.768970966339  2930895
0.773777961731  2929137
0.776450157166  2927560
0.789072036743  2925725
0.7892100811  2922274
0.796518087387  2921719
0.796648025513  2917303
0.798166036606  2915671
0.805915117264  2902561
0.80744099617  2901347
0.81115603447  2900237
0.817924022675  2898635
0.81969499588  2894832
0.823634147644  2878502
0.825282096863  2878412
0.832921981812  2874973
0.834068059921  2874237
0.835840940475  2866603
0.837888002396  2866159
0.839787006378  2850646
0.840933084488  2850611
0.842462062836  2847621
0.843790054321  2846208
0.845366954803  2842167
0.850478172302  2830895
0.859351158142  2727819
0.863566160202  2723805
0.865127086639  2719782
0.8697681427  2717569
0.871315956116  2716517
0.872460126877  2712884
0.874868154526  2710137
0.880227088928  2710020
0.885282993317  2703332
0.889194965363  2697635
0.890608072281  2692047
0.893743991852  2690185
0.896214008331  2686456
0.896474123001  2686218
0.898574113846  2685191
0.899975061417  2683671
0.900582075119  2679448
0.902162075043  2677636
0.902312040329  2677541
0.903625011444  2676430
0.906404018402  2675234
0.914245128632  2590959
0.921534061432  2573545
0.922711133957  2573446
0.927993059158  2547207
0.930192947388  2546343
0.939373016357  2545789
0.940410137177  2543449
0.946367025375  2541311
0.946625947952  2540218
0.95560002327  2538311
0.958866119385  2536277
0.966567993164  2535257
0.968601942062  2534814
0.971511125565  2534538
0.976406097412  2534055
0.977560043335  2532782
0.978708982468  2527235
0.979859113693  2522877
0.984838962555  2521879
0.987112998962  2520696
0.991943120956  2518056
0.995973110199  2507346
1.00617313385  2506581
1.01578617096  2499241
1.01733398438  2498080
1.03164315224  2494562
1.03254508972  2494048
1.03580498695  2488196
1.03707194328  2482748
1.04727315903  2482426
1.05383515358  2480458
1.05818295479  2479029
1.05895495415  2475779
1.06735897064  2473871
1.07226800919  2465712
1.07306814194  2462298
1.07580304146  2461323
1.0764529705  2458791
1.0825741291  2453865
1.08983111382  2453091
1.09401607513  2453018
1.09542512894  2452371
1.10709810257  2449804
1.11633515358  2437726
1.13091397285  2436302
1.13231706619  2432739
1.15121912956  2425103
1.15135717392  2417960
1.15494513512  2416499
1.15697216988  2411819
1.15723204613  2408493
1.15938997269  2407266
1.16273403168  2396722
1.16691303253  2396643
1.19161105156  2395577
1.19449114799  2328864
1.199696064  2325067
1.21086502075  2321446
1.21164608002  2320951
1.21905517578  2314940
1.22203612328  2314914
1.22431206703  2314686
1.22924613953  2308799
1.23137402534  2308789
1.23284697533  2307637
1.233492136  2305512
1.23562598228  2302428
1.23646402359  2302418
1.23757004738  2294532
1.23951506615  2293372
1.24519109726  2293123
1.25469112396  2291270
1.26606106758  2290961
1.26670217514  2287485
1.27796912193  2286031
1.28473496437  2284916
1.28664207458  2283306
1.30273413658  2277543
1.30614495277  2275141
1.30719304085  2267883
1.3221039772  2267813
1.32237100601  2267443
1.32472515106  2267290
1.34876799583  2266180
1.34928703308  2259201
1.35386800766  2227080
1.35969901085  2226898
1.37144112587  2226749
1.37585616112  2224184
1.37731814384  2218384
1.38453602791  2218310
1.40160894394  2216831
1.4031560421  2202639
1.4165251255  2201079
1.42571496964  2200938
1.42723894119  2200378
1.43297600746  2194355
1.44532299042  2193750
1.4522550106  2193680
1.45347213745  2193206
1.46102714539  2191640
1.47760415077  2191301
1.47941398621  2191199
1.48062896729  2181670
1.48550009727  2180649
1.49995017052  2180504
1.50491499901  2178971
1.50969004631  2175761
1.51688313484  2174400
1.52059197426  2171864
1.52843904495  2171726
1.55784797668  2171134
1.5608420372  2169363
1.56599617004  2163301
1.56613707542  2162721
1.57010006905  2162583
1.58250308037  2162257
1.60737514496  2160502
1.61976003647  2160480
1.62659406662  2152119
1.64754104614  2150705
1.65177512169  2150494
1.66023206711  2150282
1.672508955  2149825
1.67328095436  2130971
1.6851849556  2130489
1.68671417236  2126872
1.69447517395  2126586
1.70256614685  2124967
1.71060109138  2124864
3.7260620594  2122127
3.72786211967  2121987
3.76785612106  2121976
3.78370809555  2121435
3.79181909561  2107315
3.80464315414  2105441
3.81252908707  2100161
3.8215200901  2099277
3.82349300385  2099210
3.8440310955  2099022
3.85792899132  2098302
3.86628913879  2096983
3.89189600945  2095616
3.89505314827  2095098
3.90787816048  2094991
3.925563097  2080266
3.93152499199  2079811
3.9778649807  2079243
3.98093700409  2076919
3.99583816528  2076404
4.00564908981  2075291
4.0263979435  2074345
4.04173707962  2070725
4.05228996277  2062269
4.05428695679  2061839
4.05587315559  2058929
4.08952498436  2057674
4.11011195183  2057399
4.11166596413  2056354
4.11245298386  2055996
4.12517499924  2049399
4.12971615791  2048817
4.13327598572  2048554
4.15193796158  2048277
4.17492508888  2046519
4.1836950779  2045784
4.19622612  2038429
4.20800209045  2038406
4.21962594986  2034757
4.22126817703  2034563
4.22182011604  2033164
4.22986316681  2032950
4.25957012177  2026307
4.27757811546  2024501
4.28377699852  2023066
4.29908514023  2022538
4.3043949604  2022527
4.32502508163  2022433
4.32617998123  2017610
4.34350013733  2003040
4.34683513641  2000468
4.34928011894  2000463
4.38488817215  1999950
4.38606500626  1997825
4.41971111298  1997436
4.44567108154  1995318
4.48301815987  1992809
4.48355412483  1992783
4.50074410439  1990304
4.50277805328  1989853
4.50785303116  1983063
4.53433513641  1982860
4.54382610321  1982646
4.55242705345  1982638
4.55268311501  1974358
4.5683619976  1973930
4.57090115547  1973438
4.58340907097  1972739
4.62706613541  1971664
4.66561317444  1962180
4.69192099571  1958858
4.71702814102  1958029
8.69279098511  1954743
8.69420909882  1954414
8.69587111473  1953898
8.72247505188  1953059
8.73355102539  1952597
8.75254797935  1948982
11.8147110939  1947434
11.8342399597  1944819
11.8457529545  1944463
11.8543701172  1941909
11.8698351383  1941736
11.8722810745  1938049
11.8728251457  1937928
11.8881080151  1937363
11.914162159  1937332
11.9170210361  1935600
11.9347720146  1934823
11.9375829697  1934413
11.9426021576  1932575
11.9672470093  1931635
11.9710819721  1925491
11.9738430977  1924926
11.9777510166  1924885
11.9781420231  1922020
11.9949159622  1921662
12.0206611156  1921230
12.0301351547  1919741
12.0367081165  1918521
12.0381109715  1918165
12.0554850101  1917755
20.7781779766  1893915
20.7807509899  1892494
20.7856869698  1891036
20.7928571701  1889338
20.8473520279  1884781
20.8772380352  1884632
20.9156110287  1878736
20.9218120575  1878525
20.938231945  1877267
20.9470281601  1876974
20.9827091694  1876563
20.9998960495  1873314
21.0338339806  1873003
21.0520460606  1869164
21.0640950203  1867477
21.072270155  1866921
21.1028621197  1864679
21.1151969433  1864134
21.12195611  1862876
21.1237981319  1862637
21.1387150288  1862537
21.1642119884  1860579
21.2016000748  1859833
21.241063118  1858377
21.258300066  1848252
21.2708599567  1845857
21.2753260136  1845794
21.2966411114  1841552
21.2987930775  1840054
21.3118369579  1838330
21.3138179779  1831038
21.363065958  1830385
21.4141581059  1829906
21.4291670322  1828081
21.4380970001  1827860
21.4675850868  1826623
21.4842050076  1825126
21.4860329628  1825101
21.4884281158  1823910
21.4946889877  1822282
21.4961440563  1821315
21.5149800777  1820860
21.5171141624  1820384
21.5272879601  1819394
21.5531721115  1815369
21.5661129951  1813512
21.5878231525  1811697
21.5886070728  1810961
21.6084439754  1810763
21.6205010414  1808573
21.683024168  1803914
21.6902661324  1803715
21.6952500343  1800817
21.7554271221  1799695
21.7701480389  1799185
21.7781031132  1798816
21.8200230598  1796776
21.8224999905  1796175
21.8293681145  1795803
21.8391339779  1791581
21.8555159569  1790625
21.8643910885  1786058
21.9113819599  1780015
21.9149401188  1779399
21.9150750637  1763558
21.9275431633  1763518
21.9869010448  1761991
22.0107569695  1761598
22.020678997  1761522
22.0512061119  1760123
22.0608921051  1758751
22.1020929813  1757244
22.1497261524  1757162
22.1621849537  1756201
22.1720890999  1756031
22.1925711632  1755397
22.2002871037  1755334
22.2281661034  1752753
22.2474050522  1752329
22.2942020893  1752294
22.3098061085  1751747
22.3289959431  1751030
22.3877351284  1749722
22.3897311687  1749511
