0.0399069786072  7217417
0.0404829978943  7194276
0.0406301021576  7192787
0.0414779186249  7176255
0.0420680046082  7168940
0.0423550605774  7117483
0.0429859161377  7116325
0.0434138774872  7110278
0.0435519218445  7108321
0.0436880588531  7108295
0.0438239574432  7096510
0.0440919399261  7091033
0.0444850921631  7077786
0.044862985611  6940512
0.0451140403748  6894524
0.0453639030457  6808511
0.0458590984344  6799474
0.0459868907928  6781060
0.046238899231  6780174
0.0467369556427  6777299
0.0472359657288  6738323
0.0473680496216  6734387
0.0481879711151  6684322
0.0485210418701  6678935
0.0494720935822  6674774
0.049614906311  6643343
0.049742937088  6529700
0.0503189563751  6396385
0.0507109165192  6384443
0.0510880947113  6370815
0.0514659881592  6339796
0.0515930652618  6331581
0.0520949363708  6328549
0.0522220134735  6311267
0.0527210235596  6307033
0.0530970096588  6302900
0.0538489818573  6282794
0.0539801120758  6114433
0.0541229248047  6102389
0.0546340942383  6100249
0.0550100803375  6096311
0.0551369190216  6085557
0.0553889274597  6085551
0.0563819408417  6081471
0.0566320419312  6076405
0.0571329593658  6065078
0.0572600364685  6063663
0.0576360225677  6062166
0.0577630996704  6058066
0.0583848953247  6021713
0.0595080852509  5895596
0.0597610473633  5866683
0.0598890781403  5861468
0.0608830451965  5860256
0.0611350536346  5839741
0.0613870620728  5838980
0.0615139007568  5821874
0.0616419315338  5814707
0.0617699623108  5790449
0.0627639293671  5785147
0.0633869171143  5725639
0.0638868808746  5714901
0.0641388893127  5648544
0.0647609233856  5585143
0.0655069351196  5513348
0.0662550926208  5490690
0.06676197052  5486738
0.0679988861084  5467804
0.068619966507  5454194
0.0693809986115  5454062
0.0711300373077  5450935
0.0715088844299  5440732
0.0718851089478  5402685
0.0723850727081  5402455
0.0725150108337  5389855
0.0726430416107  5372903
0.0737729072571  5369118
0.0739018917084  5367203
0.0745239257812  5366937
0.0752780437469  5360957
0.0754060745239  5327349
0.0757999420166  5325929
0.0772540569305  5325913
0.0776550769806  5325628
0.0780510902405  5307646
0.0807240009308  5290518
0.0838139057159  5289999
0.0845839977264  5278133
0.0851130485535  5265162
0.085499048233  5251721
0.0856289863586  5249948
0.0872540473938  5245776
0.0878829956055  5219268
0.0882639884949  5216388
0.0886409282684  5149551
0.0912489891052  5135671
0.0917499065399  5134911
0.0931129455566  5133526
0.0939910411835  5115295
0.0942420959473  5114489
0.0946159362793  5101075
0.0948660373688  5092708
0.0953691005707  5081631
0.0967619419098  5078934
0.0972609519958  5077376
0.0988700389862  5072736
0.0991220474243  5061258
0.100115060806  5060453
0.101353883743  5059445
0.101974010468  5058749
0.102471113205  5035949
0.103463888168  5016894
0.103739976883  5010666
0.104137897491  5003873
0.104273080826  4956818
0.10631608963  4951670
0.106823921204  4941393
0.107081890106  4938271
0.109097957611  4932987
0.110492944717  4922683
0.11150598526  4920475
0.114404916763  4910900
0.115958929062  4910321
0.116777896881  4812214
0.117053985596  4803172
0.117338895798  4802247
0.118813037872  4799410
0.119622945786  4797573
0.120399951935  4795531
0.121854066849  4786869
0.12277007103  4785704
0.123281002045  4774859
0.123914003372  4773290
0.124043941498  4771946
0.124428033829  4754245
0.124557971954  4746989
0.124814987183  4708717
0.126839876175  4707261
0.127348899841  4706092
0.128741025925  4694966
0.130256891251  4679075
0.130513906479  4678358
0.132090091705  4654187
0.133193016052  4652575
0.135893106461  4630985
0.136152029037  4629727
0.136282920837  4620482
0.137809038162  4619586
0.139086008072  4604867
0.139595985413  4603227
0.141241073608  4597015
0.142183065414  4581320
0.143975973129  4580836
0.144615888596  4560063
0.144999027252  4559665
0.145380973816  4554227
0.145509958267  4547960
0.146019935608  4546808
0.146275997162  4546444
0.148340940475  4535764
0.14871096611  4535324
0.150400876999  4515915
0.152471065521  4508186
0.152986049652  4501249
0.153244018555  4498490
0.154398918152  4489717
0.155611038208  4473486
0.156198978424  4468357
0.160729885101  4458729
0.162126064301  4456842
0.162381887436  4456457
0.163647890091  4454435
0.164793968201  4451366
0.165185928345  4440058
0.165594100952  4430181
0.165733098984  4419413
0.167196989059  4419179
0.170284032822  4407604
0.171313047409  4324714
0.174477100372  4321066
0.174860954285  4310862
0.17499089241  4310808
0.178286075592  4291267
0.181571960449  4287687
0.182713985443  4287353
0.183221101761  4286800
0.183603048325  4285398
0.184612989426  4274342
0.185245990753  4252487
0.186260938644  4250924
0.186904907227  4239777
0.187035083771  4239188
0.18741607666  4229051
0.189183950424  4219172
0.189574956894  4218942
0.19269490242  4216914
0.193106889725  4119501
0.197381973267  4105055
0.201669931412  4104519
0.205353975296  4088755
0.206115961075  4087479
0.207130908966  4069829
0.207891941071  4066641
0.208928108215  4058110
0.209594011307  4047139
0.212245941162  4045898
0.213757991791  4040765
0.214267015457  4028818
0.215529918671  4025543
0.215660095215  4021073
0.217174053192  4020938
0.219450950623  4014664
0.219711065292  4011708
0.221226930618  4006278
0.221987009048  4005490
0.225673913956  4002214
0.229228019714  3995047
0.2312541008  3964731
0.232652902603  3961669
0.237044095993  3958296
0.237432003021  3955678
0.239718914032  3954448
0.23985004425  3952638
0.23998093605  3949903
0.240238904953  3939663
0.243025064468  3935203
0.244298934937  3915914
0.248878002167  3913334
0.253736972809  3913286
0.254000902176  3909794
0.254995107651  3900565
0.256714105606  3896209
0.26069688797  3890940
0.260969877243  3890718
0.261365890503  3889782
0.261881113052  3889466
0.262774944305  3859519
0.263036966324  3855660
0.263299942017  3851774
0.266490936279  3849105
0.26806306839  3801453
0.27098107338  3793703
0.273756027222  3792320
0.27774810791  3790443
0.280042886734  3786642
0.281826972961  3783795
0.282495975494  3780569
0.285114049911  3773049
0.28537607193  3742325
0.286019086838  3742002
0.287161111832  3741687
0.287673950195  3741229
0.290987968445  3734499
0.294459104538  3729809
0.295603990555  3729570
0.299546957016  3727356
0.299931049347  3715757
0.300441980362  3708980
0.300826072693  3705131
0.303756952286  3700609
0.30667591095  3689294
0.306807041168  3686748
0.306936979294  3685572
0.308172941208  3683888
0.308722019196  3682996
0.314841985703  3674870
0.31849694252  3669987
0.318885087967  3663139
0.320283889771  3655375
0.320415019989  3650859
0.323231935501  3650837
0.323748111725  3650478
0.325409889221  3649975
0.327773094177  3649443
0.330995082855  3645580
0.33152794838  3635001
0.332487106323  3634348
0.335391998291  3630920
0.339216947556  3618504
0.339601993561  3617825
0.341382026672  3569359
0.343177080154  3561883
0.343307971954  3539239
0.344074964523  3538693
0.346364974976  3536868
0.347712039948  3527262
0.35174202919  3514655
0.352515935898  3513618
0.35483288765  3512449
0.358653068542  3511620
0.3614590168  3508986
0.364515066147  3506196
0.370929956436  3505297
0.37157702446  3494683
0.378365039825  3492587
0.380810976028  3492062
0.38475894928  3457603
0.3901450634  3457052
0.39028096199  3439856
0.39117193222  3436042
0.394593000412  3432981
0.395606994629  3432703
0.398669958115  3427957
0.403948068619  3422554
0.406765937805  3418779
0.407530069351  3417491
0.413660049438  3410174
0.423552036285  3409002
0.429425954819  3407235
0.430974960327  3405012
0.431505918503  3404579
0.432558059692  3403913
0.432910919189  3403633
0.436422109604  3396612
0.437707901001  3394368
0.438348054886  3393563
0.438985109329  3392642
0.442267894745  3389848
0.443171977997  3382928
0.443816900253  3382080
0.44819688797  3361907
0.457623004913  3352784
0.457753896713  3350179
0.458271980286  3348512
0.459677934647  3346294
0.472826004028  3346061
0.472963094711  3337852
0.47589802742  3333674
0.483587026596  3333300
0.484785079956  3330908
0.484920024872  3310079
0.485444068909  3308218
0.485577106476  3306560
0.49794793129  3306485
0.498204946518  3300337
0.498334884644  3295951
0.498717069626  3291606
0.500113964081  3289128
0.504921913147  3282077
0.505937099457  3281465
0.506103038788  3279712
0.507307052612  3278655
0.509474992752  3277155
0.51976108551  3275333
0.522228956223  3275178
0.523519992828  3269259
0.537048101425  3266006
0.53897190094  3253047
0.54354095459  3252613
0.543823957443  3250975
0.543963909149  3250757
0.546521902084  3248733
0.552254915237  3246508
0.554804086685  3229799
0.555994987488  3228567
0.559101104736  3228498
0.563662052155  3209174
0.576955080032  3206238
0.578550100327  3205152
0.583266973495  3204514
0.588252067566  3202918
0.591052055359  3202444
0.593147039413  3202074
0.594081878662  3201819
0.595274925232  3194542
0.597537994385  3194332
0.599490880966  3193537
0.599625110626  3193091
0.605366945267  3192245
0.605496883392  3187268
0.609303951263  3184438
0.617989063263  3182810
0.627268075943  3170722
0.628169059753  3166327
0.631371021271  3165303
0.635852098465  3150025
0.638115882874  3147222
0.640464067459  3146989
0.64256811142  3146914
0.642700910568  3146905
0.649399995804  3146661
0.651447057724  3145730
0.654937982559  3139079
0.657739877701  3138557
0.662838935852  3132850
0.671289920807  3126511
0.675256967545  3111362
0.676534891129  3109610
0.678621053696  3109269
0.679256916046  3083846
0.680416107178  3083686
0.681457042694  3080208
0.684195995331  3078315
0.685365915298  3073484
0.686265945435  3072003
0.687670946121  3071474
0.69286108017  3066652
0.694690942764  3064868
0.696624040604  3057832
0.698843002319  3049795
0.70197892189  3047437
0.705800056458  3047006
0.707581043243  3046581
0.707968950272  3046473
0.708861112595  3044408
0.709368944168  3043943
0.714423894882  3042924
0.717227935791  3033106
0.717358112335  3027124
0.718245983124  3025938
0.723315000534  3023200
0.72560095787  3020438
0.733789920807  3019941
0.745004892349  3010104
0.74667096138  3009224
0.7479429245  3008639
0.748338937759  3008071
0.752949953079  3008010
0.757858037949  3004912
0.759789943695  2979631
0.762727022171  2978258
0.76765203476  2977725
0.774082899094  2940321
0.776614904404  2939836
0.778040885925  2935134
0.781785964966  2932796
0.786586999893  2930895
0.791323900223  2929137
0.793391942978  2927560
0.806422948837  2925725
0.806571960449  2922274
0.814728021622  2921719
0.814863920212  2917303
0.817378997803  2915671
0.825560092926  2902561
0.827142000198  2901347
0.830194950104  2900237
0.835963964462  2898635
0.8377430439  2894832
0.841713905334  2878502
0.843369007111  2878412
0.85226893425  2874973
0.85343003273  2874237
0.855216026306  2866603
0.857266902924  2866159
0.859173059464  2850646
0.860400915146  2850611
0.861943006516  2847621
0.86327290535  2846208
0.864864110947  2842167
0.870246887207  2830895
0.87912106514  2727819
0.883332967758  2723805
0.884850025177  2719782
0.890351057053  2717569
0.892179965973  2716517
0.893378973007  2712884
0.895812034607  2710137
0.902513980865  2710020
0.907110929489  2703332
0.910978078842  2697635
0.912390947342  2692047
0.91553401947  2690185
0.918008089066  2686456
0.918268918991  2686218
0.920063972473  2685191
0.921350955963  2683671
0.921868085861  2679448
0.923652887344  2677636
0.923799037933  2677541
0.925158977509  2676430
0.928723096848  2675234
0.937269926071  2590959
0.944034099579  2573545
0.945064067841  2573446
0.950159072876  2547207
0.952316999435  2546343
0.961308956146  2545789
0.962408065796  2543449
0.970071077347  2541311
0.970336914062  2540218
0.97945690155  2538311
0.98214006424  2536277
0.989228010178  2535257
0.99125790596  2534814
0.99418091774  2534538
0.999480962753  2534055
1.00081205368  2532782
1.00203704834  2527235
1.00371789932  2522877
1.00921988487  2521879
1.01153588295  2520696
1.01654791832  2518056
1.02142691612  2507346
1.03096389771  2506581
1.04237389565  2499241
1.04409408569  2498080
1.05884099007  2494562
1.05936098099  2494048
1.06244492531  2488196
1.06371688843  2482748
1.07449293137  2482426
1.0824110508  2480458
1.08744001389  2479029
1.08821988106  2475779
1.09633708  2473871
1.10070300102  2465712
1.10150289536  2462298
1.10427689552  2461323
1.10493803024  2458791
1.11052799225  2453865
1.11916995049  2453091
1.12342500687  2453018
1.12483906746  2452371
1.13737297058  2449804
1.14576292038  2437726
1.16217207909  2436302
1.16358709335  2432739
1.18212199211  2425103
1.18233895302  2417960
1.18623709679  2416499
1.1882750988  2411819
1.18854594231  2408493
1.19092488289  2407266
1.19502592087  2396722
1.19966506958  2396643
1.22451305389  2395577
1.22699308395  2328864
1.23230195045  2325067
1.24451398849  2321446
1.24531006813  2320951
1.25280404091  2314940
1.25560808182  2314914
1.25788807869  2314686
1.26284003258  2308799
1.26488089561  2308789
1.2661318779  2307637
1.26681900024  2305512
1.27010393143  2302428
1.27104496956  2302418
1.27243900299  2294532
1.27451491356  2293372
1.2801990509  2293123
1.2901070118  2291270
1.30106401443  2290961
1.30169892311  2287485
1.31403803825  2286031
1.32196807861  2284916
1.32396697998  2283306
1.33913493156  2277543
1.34277796745  2275141
1.34389305115  2267883
1.36033987999  2267813
1.36061191559  2267443
1.36316609383  2267290
1.38818788528  2266180
1.38877010345  2259201
1.39362192154  2227080
1.39969611168  2226898
1.4111559391  2226749
1.4155728817  2224184
1.41703796387  2218384
1.42417407036  2218310
1.44213008881  2216831
1.44348406792  2202639
1.45615196228  2201079
1.46764492989  2200938
1.46930503845  2200378
1.47507095337  2194355
1.48675107956  2193750
1.49321699142  2193680
1.49444198608  2193206
1.50314903259  2191640
1.52015805244  2191301
1.52197599411  2191199
1.52312994003  2181670
1.52739906311  2180649
1.54341387749  2180504
1.5484380722  2178971
1.55411195755  2175761
1.56029295921  2174400
1.56383991241  2171864
1.57245802879  2171726
1.60467910767  2171134
1.60768699646  2169363
1.61254811287  2163301
1.61269497871  2162721
1.61764788628  2162583
1.63100099564  2162257
1.65710306168  2160502
1.67001509666  2160480
1.67551898956  2152119
1.69697999954  2150705
1.70228505135  2150494
1.70992493629  2150282
1.72183609009  2149825
1.72261691093  2130971
1.73544096947  2130489
1.7369890213  2126872
1.74458408356  2126586
1.75265407562  2124967
1.76068401337  2124864
3.82256102562  2122127
3.8243598938  2121987
3.86527895927  2121976
3.88216996193  2121435
3.89003896713  2107315
3.90236902237  2105441
3.91027188301  2100161
3.92074298859  2099277
3.92283892632  2099210
3.94371390343  2099022
3.95920610428  2098302
3.96692705154  2096983
3.99341797829  2095616
3.99707508087  2095098
4.01079201698  2094991
4.02824687958  2080266
4.03406310081  2079811
4.08260607719  2079243
4.085916996  2076919
4.10021209717  2076404
4.11040306091  2075291
4.13255095482  2074345
4.14826107025  2070725
4.15963602066  2062269
4.16164207458  2061839
4.16323208809  2058929
4.19738793373  2057674
4.21826505661  2057399
4.21983194351  2056354
4.22062206268  2055996
4.23409700394  2049399
4.238904953  2048817
4.24200987816  2048554
4.26077699661  2048277
4.28334307671  2046519
4.29317092896  2045784
4.30514192581  2038429
4.31857800484  2038406
4.33029508591  2034757
4.33194208145  2034563
4.3325150013  2033164
4.33983302116  2032950
4.3702750206  2026307
4.38901400566  2024501
4.39436602592  2023066
4.41021299362  2022538
4.41485595703  2022527
4.43707203865  2022433
4.43823194504  2017610
4.45547509193  2003040
4.458796978  2000468
4.46093702316  2000463
4.4973449707  1999950
4.49873805046  1997825
4.53389191628  1997436
4.56169390678  1995318
4.59702110291  1992809
4.59756588936  1992783
4.61480689049  1990304
4.61762905121  1989853
4.62297606468  1983063
4.64804697037  1982860
4.65927290916  1982646
4.66884803772  1982638
4.66923904419  1974358
4.68426394463  1973930
4.68680500984  1973438
4.7016119957  1972739
4.74443292618  1971664
4.78377890587  1962180
4.81077098846  1958858
4.835750103  1958029
8.81918406487  1954743
8.82062101364  1954414
8.82229304314  1953898
8.85002708435  1953059
8.86019992828  1952597
8.87996792793  1948982
12.0193068981  1947434
12.0390639305  1944819
12.0510621071  1944463
12.0599749088  1941909
12.0745420456  1941736
12.0775980949  1938049
12.078209877  1937928
12.0949850082  1937363
12.1205739975  1937332
12.1231410503  1935600
12.1401789188  1934823
12.142911911  1934413
12.1481530666  1932575
12.1746940613  1931635
12.1778519154  1925491
12.1805739403  1924926
12.1852090359  1924885
12.1856338978  1922020
12.2038750648  1921662
12.2293241024  1921230
12.2376101017  1919741
12.2440469265  1918521
12.2454500198  1918165
12.2623670101  1917755
21.1311819553  1893915
21.1337330341  1892494
21.1386060715  1891036
21.1468250751  1889338
21.1999540329  1884781
21.2297129631  1884632
21.2676830292  1878736
21.2734150887  1878525
21.2898449898  1877267
21.2999100685  1876974
21.334184885  1876563
21.3519289494  1873314
21.3847579956  1873003
21.4025559425  1869164
21.4146718979  1867477
21.4225449562  1866921
21.4522819519  1864679
21.464951992  1864134
21.4717769623  1862876
21.4736220837  1862637
21.4888660908  1862537
21.5142700672  1860579
21.5519490242  1859833
21.5914070606  1858377
21.6091749668  1848252
21.6218240261  1845857
21.6263129711  1845794
21.6472859383  1841552
21.6494369507  1840054
21.662676096  1838330
21.6645820141  1831038
21.713696003  1830385
21.7656838894  1829906
21.7799289227  1828081
21.7882180214  1827860
21.8183679581  1826623
21.8363099098  1825126
21.8381450176  1825101
21.8405430317  1823910
21.8467950821  1822282
21.8482210636  1821315
21.8671090603  1820860
21.8701200485  1820384
21.8799920082  1819394
21.904861927  1815369
21.9191730022  1813512
21.939095974  1811697
21.9398789406  1810961
21.9614450932  1810763
21.9723329544  1808573
22.0358459949  1803914
22.0430660248  1803715
22.0479540825  1800817
22.1080648899  1799695
22.1218791008  1799185
22.1298429966  1798816
22.1720349789  1796776
22.1750259399  1796175
22.181636095  1795803
22.1904170513  1791581
22.2068560123  1790625
22.2177109718  1786058
22.2648189068  1780015
22.2683908939  1779399
22.2685270309  1763558
22.2802751064  1763518
22.3395960331  1761991
22.3634049892  1761598
22.3735320568  1761522
22.4043979645  1760123
22.4142858982  1758751
22.4549179077  1757244
22.5028400421  1757162
22.5146238804  1756201
22.5255041122  1756031
22.545568943  1755397
22.5524010658  1755334
22.5816390514  1752753
22.6011459827  1752329
22.647133112  1752294
22.6620779037  1751747
22.6821429729  1751030
22.7394270897  1749722
22.7414200306  1749511
