0.0439717769623  7246845
0.0442478656769  7229300
0.0450718402863  7220284
0.0458588600159  7208830
0.0467278957367  7206968
0.0471558570862  7206931
0.0482249259949  7198760
0.0483679771423  7196915
0.0502297878265  7194254
0.0504169464111  7188688
0.0507099628448  7185376
0.0509028434753  7181956
0.0513010025024  7166993
0.0514869689941  7157938
0.0520968437195  7142676
0.0522849559784  7137660
0.0525829792023  7125093
0.0535178184509  7106235
0.0554628372192  7106198
0.0557417869568  7102116
0.0559108257294  7098524
0.0566608905792  7098302
0.0572078227997  7096453
0.057895898819  7062934
0.0595989227295  7061180
0.0619049072266  7060739
0.0621237754822  7054181
0.065792798996  7052492
0.0663058757782  7051740
0.0669178962708  7046325
0.0671048164368  7029311
0.0704829692841  7025769
0.0707190036774  7024750
0.0710427761078  7023967
0.0714747905731  7017865
0.0752058029175  7016369
0.0754308700562  7001824
0.0763559341431  6995839
0.0765409469604  6995424
0.076929807663  6981767
0.0775089263916  6977880
0.0776498317719  6977434
0.0778708457947  6975756
0.0791938304901  6972684
0.0794169902802  6947460
0.0795578956604  6943664
0.0803439617157  6943438
0.0808207988739  6937967
0.0826528072357  6923398
0.0877139568329  6922677
0.0921359062195  6922614
0.0924677848816  6922502
0.096647977829  6917596
0.100475788116  6915615
0.100802898407  6915241
0.103835821152  6914526
0.10480594635  6908928
0.105187892914  6891771
0.105328798294  6870675
0.108949899673  6867324
0.109694004059  6864826
0.110931873322  6859240
0.111153841019  6856644
0.116424798965  6855300
0.11660194397  6850219
0.121357917786  6850039
0.121514797211  6844299
0.121768951416  6836396
0.122383832932  6836366
0.127565860748  6831696
0.133165836334  6829979
0.133401870728  6824630
0.133547782898  6816684
0.134608983994  6797385
0.134920835495  6795646
0.135065793991  6791564
0.135458946228  6789789
0.135936975479  6784067
0.14154791832  6782881
0.149421930313  6780302
0.149585008621  6780295
0.151067972183  6767586
0.151218891144  6766881
0.151440858841  6766673
0.15190577507  6764683
0.152046918869  6764459
0.152917861938  6763530
0.153059005737  6763444
0.154251813889  6763282
0.155323982239  6763235
0.15562582016  6762973
0.156354904175  6759257
0.157665967941  6759194
0.164007902145  6757660
0.171647787094  6755463
0.178988933563  6752674
0.17914390564  6751938
0.180504798889  6751869
0.186978816986  6751258
0.187122821808  6712855
0.187345981598  6698626
0.187728881836  6697068
0.194972991943  6695133
0.204260826111  6693091
0.204434871674  6669562
0.212245941162  6666475
0.212561845779  6665796
0.212704896927  6663441
0.213007926941  6663437
0.213229894638  6660936
0.213611841202  6658298
0.221135854721  6655831
0.221310853958  6622694
0.222018957138  6620792
0.222240924835  6619797
0.222562789917  6603882
0.231485843658  6600765
0.231892824173  6598670
0.23203587532  6582142
0.235015869141  6580601
0.235283851624  6578591
0.235633850098  6577651
0.235783815384  6577209
0.23619389534  6571668
0.238283872604  6570418
0.247725009918  6568083
0.248612880707  6566810
0.249575853348  6565890
0.250228881836  6565412
0.251164913177  6562428
0.261184930801  6561082
0.261340856552  6531894
0.261806964874  6529687
0.274465799332  6527915
0.275342941284  6514308
0.275512933731  6417465
0.276296854019  6414704
0.287654876709  6411749
0.288078784943  6411498
0.288302898407  6410849
0.288619995117  6405912
0.288769960403  6383710
0.289248943329  6382342
0.290339946747  6381621
0.290596961975  6380190
0.290752887726  6380125
0.291541814804  6374804
0.291845798492  6374253
0.292346954346  6372445
0.292538881302  6371611
0.29395198822  6370356
0.29519200325  6368252
0.307383775711  6367872
0.319478988647  6366970
0.319651842117  6364484
0.331786870956  6363253
0.331964969635  6361547
0.332232952118  6356382
0.332535982132  6356199
0.332676887512  6347877
0.333545923233  6327232
0.333766937256  6320795
0.334231853485  6319709
0.334452867508  6311209
0.33499789238  6311131
0.346104860306  6311018
0.346243858337  6310328
0.346537828445  6268647
0.360560894012  6267362
0.361034870148  6259283
0.373399972916  6257072
0.379941940308  6256991
0.380093812943  6256278
0.38033080101  6256149
0.381083965302  6251007
0.381222009659  6189614
0.381514787674  6175010
0.383933782578  6173183
0.385103940964  6170013
0.386573791504  6169642
0.386947870255  6169573
0.387162923813  6168559
0.387534856796  6164733
0.389083862305  6160295
0.393487930298  6158522
0.40456700325  6156087
0.404704809189  6114140
0.416264772415  6111486
0.41640496254  6111402
0.416619777679  6106507
0.429142951965  6105242
0.429513931274  6099770
0.429728984833  6099088
0.429866790771  6098819
0.430238008499  6097771
0.430685997009  6073480
0.431097984314  6060138
0.432427883148  6057710
0.433190822601  6052622
0.445282936096  6051115
0.445419788361  6038790
0.446025848389  6036719
0.446162939072  6025671
0.446533918381  6019617
0.458701848984  6017759
0.458838939667  5985493
0.47145485878  5982640
0.471592903137  5976230
0.483908891678  5973754
0.484045982361  5945645
0.496826887131  5942983
0.497042894363  5941468
0.51034283638  5938920
0.510870933533  5909772
0.51100897789  5903044
0.51139998436  5902014
0.511536836624  5818701
0.511828899384  5816363
0.512199878693  5815155
0.514690876007  5811708
0.515061855316  5807397
0.51696896553  5807143
0.531183958054  5806977
0.531322002411  5806048
0.532398939133  5797702
0.532534837723  5797480
0.532749891281  5785557
0.533512830734  5783011
0.547222852707  5781266
0.54743885994  5779815
0.561294794083  5779770
0.561431884766  5778894
0.561647891998  5750344
0.576506853104  5748839
0.57687997818  5744575
0.57709479332  5739107
0.580573797226  5732650
0.581174850464  5727706
0.585336923599  5725629
0.585671901703  5721222
0.601843833923  5718334
0.601981878281  5717246
0.617363929749  5716663
0.617527961731  5691409
0.633553981781  5688849
0.633719921112  5682442
0.651528835297  5679825
0.651692867279  5679046
0.651930809021  5654676
0.667652845383  5651884
0.667791843414  5651008
0.668085813522  5650503
0.668222904205  5646601
0.668437004089  5640811
0.668807983398  5638500
0.669492006302  5637264
0.669706821442  5636240
0.669998884201  5634573
0.670135974884  5633103
0.685648918152  5630891
0.685786008835  5609533
0.70062494278  5608587
0.701979875565  5606018
0.702117919922  5603008
0.702645778656  5602886
0.702782869339  5602882
0.703074932098  5602115
0.703447818756  5600944
0.704444885254  5599940
0.704658985138  5597236
0.705030918121  5595970
0.705557823181  5595458
0.705695867538  5594488
0.705910921097  5519680
0.70826792717  5519545
0.708873987198  5518812
0.70987200737  5518622
0.713078975677  5510025
0.713371992111  5506276
0.714059829712  5503040
0.715293884277  5502798
0.715977907181  5501942
0.716114997864  5501546
0.717345952988  5500095
0.718894004822  5498239
0.719107866287  5497374
0.720655918121  5497073
0.720793008804  5496791
0.722732782364  5493724
0.722869873047  5491962
0.725044965744  5490988
0.739369869232  5489482
0.740314006805  5488552
0.751035928726  5487326
0.751173973083  5485493
0.75146985054  5485429
0.751607894897  5485037
0.753796815872  5481958
0.756628990173  5481264
0.762229919434  5480813
0.768123865128  5480668
0.784463882446  5480470
0.784608840942  5471962
0.785529851913  5471664
0.785667896271  5467065
0.785883903503  5452618
0.786020994186  5452482
0.786469936371  5442454
0.802263975143  5441258
0.802500009537  5440797
0.802793979645  5440508
0.818677902222  5438333
0.818814992905  5429244
0.83559179306  5427544
0.835729837418  5427122
0.83594584465  5422989
0.853016853333  5420455
0.85315489769  5412827
0.853370904922  5412259
0.853663921356  5411414
0.870485782623  5410952
0.887685775757  5410877
0.88790178299  5409263
0.888194799423  5402165
0.888331890106  5394072
0.889565944672  5391587
0.890093803406  5379546
0.890935897827  5369669
0.907810926437  5368659
0.924831867218  5367894
0.924969911575  5338204
0.943833827972  5336112
0.944285869598  5333922
0.944423913956  5328306
0.944950819016  5322036
0.963033914566  5321308
0.963427782059  5315358
0.963563919067  5300772
0.964013814926  5300693
0.965728998184  5290416
0.966100931168  5284706
0.966351985931  5271193
0.967505931854  5263349
0.973471879959  5262580
0.97677397728  5261935
0.977067947388  5260494
0.977437973022  5254882
0.978043794632  5254353
0.978725910187  5243762
0.979489803314  5243721
0.979640007019  5229197
0.9810090065  5215633
0.983375787735  5215574
0.983597993851  5212206
0.984682798386  5182336
0.98548078537  5166450
0.985774993896  5163356
0.987723827362  5160928
0.993353843689  5160870
0.995965957642  5158730
0.998475790024  5155587
1.01657485962  5153589
1.03504300117  5153011
1.03521490097  5125563
1.0542948246  5123121
1.05443286896  5122102
1.05464792252  5122096
1.05494189262  5121406
1.07476091385  5120140
1.07491087914  5106238
1.07520580292  5100068
1.09405684471  5097293
1.09419488907  5084696
1.11394786835  5067720
1.15311694145  5067647
1.19202494621  5066413
1.23021292686  5066371
1.27265691757  5064721
1.31243395805  5059955
1.35236096382  5053281
1.39270877838  5053133
1.43201398849  5052767
1.48442697525  5052484
1.52550077438  5050935
1.60603094101  5050334
1.6588947773  5049626
1.71213698387  5048675
1.76903700829  5044188
1.82600998878  5040549
1.8263168335  5040444
1.8266108036  5039666
1.82729792595  5034859
1.82790398598  5034145
1.88546299934  5031525
1.90458893776  5031496
1.93534994125  5031398
1.96047592163  5030418
1.9864628315  5029668
2.02429580688  5028163
2.04999399185  5027394
2.11048293114  5026050
2.16801381111  5025734
2.23702478409  5025318
2.29452490807  5025300
2.35174298286  5023951
2.40896677971  5023895
2.47467780113  5023465
2.5367269516  5022557
2.59427690506  5012736
2.65454387665  5010287
2.65476083755  5010182
2.66215586662  5009625
2.6693508625  5007615
2.66956686974  4983096
2.67242097855  4983073
2.67996478081  4982676
2.70370388031  4982250
2.72297286987  4980667
2.74913978577  4980485
2.77308297157  4980276
2.81232094765  4980172
2.81246089935  4979786
2.8333439827  4978888
2.85320878029  4973473
2.87247991562  4967167
2.89341783524  4965976
2.91296577454  4965162
2.93674492836  4964005
2.95723390579  4961307
2.97653079033  4958780
2.99591183662  4958506
3.01510286331  4955826
3.03538179398  4954390
3.09383392334  4950679
3.11290192604  4950466
3.1734058857  4950201
3.24956798553  4946728
3.26868987083  4945640
3.31777596474  4945302
3.32865381241  4943922
3.32879090309  4941349
3.33596277237  4939062
3.3383128643  4936601
3.33845090866  4935119
3.33866691589  4928533
3.33895993233  4864765
3.33940887451  4860329
3.34025287628  4860252
3.3510529995  4859162
3.38081288338  4859143
3.41147089005  4859014
3.4602599144  4858791
3.51761579514  4858661
3.575070858  4858150
3.64740395546  4858059
3.71434879303  4857956
3.78204989433  4857665
3.87681889534  4857503
3.97743487358  4857295
4.06455397606  4857244
4.15116691589  4856901
4.24225187302  4856522
4.32571792603  4856038
4.42224979401  4855114
4.53365683556  4854357
4.59106779099  4853460
4.69526791573  4852988
4.79519581795  4852743
4.89015293121  4852332
4.98495078087  4852221
5.09281587601  4851722
5.18945097923  4850706
5.22791099548  4850660
5.29068589211  4850562
5.32861495018  4850380
5.42816495895  4850221
5.49066877365  4850100
5.59197378159  4850056
5.72551083565  4849714
5.82292079926  4849322
5.95715284348  4828927
6.0892188549  4826684
6.22597193718  4826195
6.40028691292  4825404
6.49546098709  4824529
6.6015048027  4824320
6.71683692932  4822548
6.86151480675  4822435
6.96033596992  4822046
7.09728598595  4821620
7.23857092857  4821264
7.33810281754  4821220
7.48522186279  4819982
7.63736701012  4818459
7.78933978081  4818414
7.94551992416  4817870
8.0947740078  4816692
8.26450490952  4816247
8.42965984344  4806016
8.59486079216  4805111
8.76431894302  4803497
8.9544069767  4802491
9.13164997101  4799316
9.31364393234  4798320
9.49083280563  4798030
9.69482183456  4797150
9.88572382927  4791266
10.0893199444  4790525
