0.0382280349731  7192398
0.0383958816528  7168267
0.0386738777161  7158854
0.0388209819794  7154830
0.0394558906555  7140844
0.0395860671997  7105506
0.0399649143219  7098294
0.0402219295502  7092698
0.0403590202332  7086671
0.0404989719391  7057782
0.040904045105  7052995
0.0411710739136  7038221
0.041307926178  7006380
0.0414369106293  6985050
0.0416910648346  6980383
0.0419449806213  6980202
0.0423240661621  6973867
0.0425820350647  6941154
0.042711019516  6884685
0.042839050293  6883416
0.0430979728699  6868736
0.0434770584106  6864105
0.0439810752869  6863929
0.0441088676453  6829035
0.0444889068604  6814297
0.0448670387268  6799657
0.045245885849  6768858
0.04549908638  6759931
0.0457589626312  6686693
0.0460140705109  6685074
0.0461430549622  6666023
0.0462710857391  6653720
0.0465819835663  6649294
0.0469739437103  6637257
0.0472309589386  6599713
0.0473608970642  6568306
0.0474898815155  6540778
0.0477578639984  6540623
0.0484840869904  6536873
0.0486218929291  6536822
0.0488798618317  6490897
0.0498869419098  6485523
0.0500168800354  6478218
0.0501458644867  6470925
0.0502738952637  6465564
0.050402879715  6439496
0.0510339736938  6435910
0.0514149665833  6433015
0.0515439510345  6431621
0.0518000125885  6413642
0.052304983139  6411449
0.0525600910187  6411235
0.0530660152435  6401788
0.0538289546967  6400570
0.0548388957977  6352499
0.0555980205536  6349310
0.0558528900146  6349266
0.0559830665588  6344013
0.0561130046844  6342577
0.0563719272614  6325810
0.0568780899048  6319862
0.0577609539032  6289387
0.0580160617828  6213214
0.058394908905  6210751
0.058650970459  6140439
0.0589060783386  6057149
0.0590350627899  6053176
0.0591630935669  6034644
0.059417963028  6032802
0.0596718788147  6013869
0.059800863266  6005764
0.0604319572449  5936158
0.0605618953705  5923441
0.0609419345856  5921980
0.0610709190369  5915367
0.0615739822388  5895132
0.062077999115  5892706
0.063581943512  5888745
0.0638349056244  5879179
0.0639638900757  5872044
0.0642189979553  5867299
0.0643479824066  5865637
0.064600944519  5838176
0.0648560523987  5833688
0.0656189918518  5757868
0.0663728713989  5755859
0.0665020942688  5746326
0.0690019130707  5645004
0.069130897522  5641450
0.0697588920593  5641127
0.0707590579987  5640506
0.0716369152069  5634490
0.072016954422  5630025
0.0730209350586  5629403
0.0735230445862  5600221
0.0744009017944  5585149
0.0745298862457  5508466
0.0754079818726  5503852
0.0757858753204  5497110
0.0786159038544  5483950
0.0798859596252  5476515
0.0811450481415  5409152
0.0815250873566  5403637
0.0819048881531  5400618
0.0822839736938  5399573
0.0826630592346  5398224
0.0827910900116  5396053
0.0856659412384  5390069
0.0873630046844  5382721
0.0882148742676  5335959
0.0901010036469  5334895
0.0903570652008  5328471
0.0906150341034  5303096
0.0917499065399  5301886
0.095018863678  5272556
0.097403049469  5265014
0.0989310741425  5254764
0.0990660190582  5207349
0.0991969108582  5195739
0.0994529724121  5182582
0.0995829105377  5175064
0.100086927414  5152471
0.100215911865  5135060
0.100344896317  5126721
0.100599050522  5126693
0.101607084274  5108292
0.101861953735  5103918
0.10224199295  5095780
0.102622032166  5095556
0.103334903717  5087297
0.103728055954  5078141
0.105007886887  5057024
0.105139970779  5012668
0.10591006279  5009801
0.106424093246  5009210
0.106939077377  4998564
0.107325077057  4981633
0.107968091965  4976686
0.108610868454  4951458
0.109378099442  4947345
0.109509944916  4911045
0.110023975372  4908833
0.110409021378  4897502
0.111048936844  4896478
0.111309051514  4885750
0.112205028534  4882382
0.112336874008  4846225
0.113487005234  4700636
0.113617897034  4700203
0.114521980286  4682049
0.117611885071  4681516
0.117876052856  4677509
0.118009090424  4677301
0.118911027908  4674720
0.122364997864  4673217
0.123133897781  4657998
0.123521089554  4654997
0.123651981354  4653969
0.123782873154  4600709
0.124041080475  4592387
0.124171972275  4591614
0.124814987183  4591529
0.12545800209  4589464
0.125971078873  4585704
0.126743078232  4584203
0.12891793251  4570187
0.130069971085  4567406
0.13023686409  4566322
0.133727073669  4489196
0.134979009628  4482895
0.13587808609  4464476
0.136009931564  4455945
0.136523008347  4415291
0.13729095459  4411077
0.138185977936  4410624
0.138570070267  4410528
0.138959884644  4407783
0.140361070633  4401955
0.141272068024  4394312
0.141788959503  4393498
0.142049074173  4384806
0.143071889877  4358433
0.14448094368  4355391
0.144613027573  4335884
0.144743919373  4324761
0.145385026932  4323089
0.145899057388  4320300
0.146285057068  4319537
0.149426937103  4317752
0.151607036591  4313810
0.153521060944  4312584
0.153779983521  4312107
0.154937982559  4310799
0.155704021454  4307735
0.155834913254  4306372
0.155966043472  4303508
0.160309076309  4280326
0.160950899124  4280294
0.161848068237  4264090
0.162613868713  4245715
0.162744998932  4244254
0.165030956268  4243310
0.165162086487  4235036
0.165416955948  4232087
0.167448997498  4224671
0.16859292984  4223340
0.170245885849  4213154
0.172270059586  4212342
0.176076889038  4210044
0.176862955093  4205341
0.177627086639  4191610
0.178504943848  4153891
0.178657054901  4144336
0.182504892349  4142361
0.182807922363  4135518
0.184926986694  4135514
0.185961008072  4134253
0.186094045639  4133269
0.186484098434  4132622
0.18764090538  4131050
0.188154935837  4123582
0.190651893616  4114431
0.194036960602  4113912
0.19417309761  4102295
0.197499990463  4083758
0.198015928268  4081109
0.198147058487  4080367
0.206932067871  4072522
0.207278966904  4070543
0.207581996918  4066889
0.208400964737  4054696
0.209932088852  4049563
0.212609052658  4028937
0.213129997253  4023689
0.213263034821  4021486
0.213527917862  4020886
0.216026067734  4019794
0.218986988068  4016416
0.219120025635  4013973
0.219635009766  4012224
0.219894886017  4012150
0.220027923584  4010130
0.220926046371  4010054
0.222867965698  4009930
0.225940942764  4008612
0.226840019226  4005664
0.227098941803  4005565
0.228895902634  4000130
0.229539871216  3993456
0.230309963226  3934390
0.231594085693  3932376
0.232615947723  3927998
0.233511924744  3911147
0.233644008636  3907645
0.233773946762  3898256
0.235310077667  3898249
0.235441923141  3894356
0.236212015152  3893112
0.237752914429  3885317
0.238400936127  3881859
0.240619897842  3881370
0.241071939468  3881310
0.241801023483  3879626
0.24193406105  3873426
0.242321968079  3871411
0.243983030319  3848678
0.244113922119  3804030
0.244504928589  3803402
0.245284080505  3798924
0.247840881348  3798307
0.248252868652  3797860
0.249242067337  3796947
0.250272035599  3790804
0.25053191185  3790449
0.250665903091  3783794
0.251311063766  3783365
0.252341032028  3774630
0.254523992538  3768854
0.2555539608  3766144
0.265487909317  3757995
0.26731801033  3754436
0.268357992172  3754119
0.27335190773  3739990
0.2736120224  3738874
0.274509906769  3737983
0.275152921677  3737160
0.276056051254  3735447
0.277338027954  3735313
0.278359889984  3734777
0.280535936356  3730903
0.280921936035  3728700
0.281826019287  3726891
0.28540802002  3673941
0.288357019424  3651298
0.292839050293  3650588
0.29335308075  3636352
0.293484926224  3565990
0.294252872467  3556074
0.295530080795  3552606
0.295916080475  3551622
0.298213005066  3550837
0.298853874207  3550729
0.299114942551  3549224
0.299373865128  3538514
0.29950594902  3537775
0.303826093674  3536321
0.304379940033  3526422
0.312105894089  3521459
0.318325042725  3513466
0.320129871368  3511706
0.321848869324  3510583
0.322778940201  3507636
0.331197023392  3505276
0.331456899643  3469382
0.332566022873  3465202
0.334604978561  3463405
0.334869861603  3461748
0.335005998611  3460853
0.336040973663  3458272
0.336173057556  3388323
0.336562871933  3359948
0.340008020401  3355645
0.342051029205  3350480
0.342181921005  3331808
0.342571973801  3329171
0.343851089478  3325064
0.344367027283  3322177
0.3451359272  3317731
0.34539604187  3313015
0.345654964447  3312951
0.354311943054  3312334
0.354966878891  3310911
0.358180046082  3306081
0.358439922333  3305216
0.359718084335  3301767
0.361759901047  3301485
0.36524605751  3300372
0.369176864624  3299520
0.373519897461  3295095
0.381726980209  3288702
0.39451789856  3275520
0.395812988281  3249314
0.396209001541  3248404
0.404284954071  3248387
0.405843019485  3248035
0.407259941101  3245920
0.40741109848  3245894
0.407809972763  3245892
0.410248994827  3241574
0.411539077759  3240858
0.418282032013  3239217
0.419188022614  3239011
0.419449090958  3237155
0.426531076431  3236006
0.429615020752  3235868
0.432678937912  3229828
0.435913085938  3219150
0.439394950867  3218911
0.441251993179  3213668
0.448257923126  3154592
0.454761981964  3147404
0.455482959747  3145697
0.459305047989  3119795
0.459439992905  3117675
0.460208892822  3113393
0.462656021118  3113258
0.472193956375  3112265
0.474884986877  3106179
0.476042032242  3105783
0.478376865387  3103407
0.479850053787  3101734
0.480782032013  3098703
0.487421035767  3096157
0.494752883911  3095643
0.496942996979  3094898
0.498889923096  3091216
0.499026060104  3073599
0.499675989151  3059421
0.500323057175  3057817
0.502768993378  3056762
0.503028869629  3055339
0.510535001755  3054035
0.513485908508  3049702
0.520196914673  3048997
0.524174928665  3048393
0.528433084488  3047427
0.531189918518  3046596
0.531843900681  3046489
0.532367944717  3046235
0.53430891037  3042292
0.535211086273  3040672
0.537901878357  3028115
0.540457010269  3026664
0.546797037125  3026258
0.54762506485  3025655
0.548793077469  3011685
0.54931306839  3010450
0.549957990646  3009425
0.553186893463  3000908
0.553322076797  2996802
0.555020093918  2986528
0.556056022644  2985690
0.57483792305  2984282
0.581832885742  2970682
0.59124994278  2963450
0.596086978912  2963047
0.608095884323  2960237
0.610431909561  2956110
0.61070895195  2954884
0.613295078278  2954159
0.617299079895  2952908
0.627758979797  2952560
0.629643917084  2951395
0.635480880737  2950972
0.646737098694  2950161
0.646868944168  2949765
0.651309013367  2941970
0.656089067459  2941850
0.667954921722  2940877
0.679297924042  2940397
0.683567047119  2937660
0.685945987701  2935238
0.687520980835  2927808
0.689857959747  2923396
0.690583944321  2919943
0.694184064865  2910330
0.694573879242  2909143
0.69727897644  2908939
0.701251983643  2908905
0.701523065567  2904259
0.702456951141  2902825
0.702858924866  2886933
0.708055973053  2883499
0.712548017502  2877471
0.71692609787  2874691
0.727241039276  2874320
0.731222867966  2874302
0.732405900955  2873851
0.737313985825  2872199
0.745919942856  2871806
0.746442079544  2866617
0.747109889984  2862753
0.762433052063  2862362
0.76872086525  2862175
0.780072927475  2862022
0.783183097839  2861007
0.784113883972  2852550
0.798247098923  2852021
0.799602031708  2850300
0.800374984741  2849615
0.805058956146  2845952
0.809993982315  2844145
0.816546916962  2843335
0.822746992111  2842651
0.834717035294  2841883
0.837260961533  2838308
0.837663888931  2837372
0.843188047409  2827996
0.850010871887  2826518
0.852040052414  2826096
0.852447986603  2825905
0.860980033875  2819462
0.865463972092  2803389
0.871649980545  2802768
0.884442090988  2759593
0.892009973526  2752223
0.894083023071  2750519
0.89817905426  2746081
0.902137994766  2744112
0.904205083847  2707507
0.904725074768  2704851
0.904860019684  2703272
0.906426906586  2703213
0.907470941544  2642360
0.911231994629  2640657
0.9189889431  2635538
0.920696020126  2630181
0.927073955536  2621770
0.930363893509  2615228
0.932928085327  2610696
0.941309928894  2607790
0.943568944931  2606992
0.95218205452  2601943
0.955681085587  2599746
0.95875287056  2599509
0.960803031921  2599248
0.961194992065  2592684
0.963499069214  2588210
0.974660873413  2588133
0.97899889946  2583797
0.982965946198  2581039
0.985576868057  2579694
0.99075293541  2577255
0.99459695816  2575818
0.996003866196  2565600
0.996135950089  2565225
0.996522903442  2565053
1.00067305565  2560886
1.00119805336  2560766
1.0019800663  2560124
1.00917005539  2560115
1.01213502884  2559962
1.0146279335  2557754
1.03012490273  2555666
1.0307970047  2555349
1.03238987923  2555226
1.03409695625  2553084
1.03527188301  2545197
1.04286193848  2544841
1.04858708382  2544438
1.05156087875  2544179
1.05225086212  2542724
1.06727290154  2542020
1.06887602806  2539859
1.08267807961  2539837
1.10734605789  2538648
1.10930109024  2536996
1.11047697067  2536307
1.12258791924  2535199
1.1344499588  2534591
1.14899992943  2532540
1.15277886391  2531763
1.15799188614  2529679
1.16055989265  2516380
1.16482806206  2515626
1.16509604454  2507589
1.18571305275  2506515
1.1873998642  2505417
1.19250106812  2505363
1.1992149353  2503048
1.20832204819  2502054
1.20872998238  2501666
1.21305704117  2501309
1.22277593613  2495217
1.22484993935  2491523
1.22653198242  2491059
1.22679400444  2477081
1.2330300808  2476691
1.23867106438  2475166
1.24577188492  2474846
1.24780988693  2474613
1.25243186951  2456197
1.26639008522  2454801
1.26729607582  2454351
1.27522301674  2452403
1.27637791634  2451829
1.28872990608  2451806
1.29834294319  2451508
1.31515789032  2449902
1.32090306282  2449794
1.32202887535  2447911
1.3727080822  2447685
1.37926101685  2446103
1.38934397697  2445958
1.39427495003  2443374
1.40268588066  2443120
1.40806293488  2439968
1.41255903244  2432913
1.41559100151  2423931
1.42314100266  2422408
1.4251999855  2421707
1.42751908302  2415364
1.43335390091  2415348
1.44145894051  2414786
1.45351099968  2414350
1.45587491989  2413291
1.4578230381  2413064
1.46285605431  2411888
1.46637606621  2411362
1.47244691849  2410562
1.48410201073  2409123
1.48682904243  2408569
1.49414896965  2405688
1.49505901337  2403677
1.49878287315  2400958
1.50023198128  2400669
1.50102496147  2398279
1.50861907005  2396291
1.5165438652  2393070
1.51719999313  2391009
1.51861906052  2388643
1.52601099014  2385772
1.54342389107  2385663
1.54589986801  2369903
1.55543994904  2368990
1.55778288841  2368974
1.56561493874  2368651
1.58481693268  2368376
1.58637309074  2365169
1.59288191795  2365062
1.59747695923  2356062
1.6207549572  2352397
1.63267397881  2351321
1.64763092995  2350979
1.65248298645  2350724
1.68311595917  2349164
1.69844794273  2348814
1.70077586174  2317449
1.71059608459  2315996
1.72860908508  2308795
1.74244809151  2308632
1.7461180687  2307664
1.74921989441  2307199
1.75456500053  2306672
1.7645149231  2298595
1.76819396019  2298571
1.78177809715  2297461
1.80484604836  2295342
1.81246304512  2294446
1.84166407585  2293561
1.84791994095  2291207
1.85889005661  2277584
1.8838789463  2276226
1.93489098549  2274411
1.9578499794  2274222
1.99196386337  2272591
2.01595401764  2270543
2.02484989166  2259172
2.02702093124  2255059
2.04084801674  2254795
2.10427904129  2254708
2.11575508118  2253668
2.11968588829  2251333
2.14350295067  2251122
2.1552939415  2249856
2.16630601883  2248784
2.17016100883  2246459
2.17303395271  2244886
2.17574906349  2243493
2.18202590942  2243159
2.18371987343  2240489
2.18668007851  2240236
2.20782399178  2238146
2.21052598953  2236831
2.21920990944  2230737
2.22499489784  2230488
2.22699189186  2229261
2.24468898773  2228301
2.25358104706  2226594
2.28148293495  2226424
2.3254160881  2225740
2.32916808128  2225283
2.33218789101  2224897
2.33862090111  2223529
2.34180688858  2223503
2.35766196251  2217101
2.37392687798  2216746
2.38554096222  2216383
2.42961406708  2216228
2.44959807396  2215170
2.45890688896  2215030
2.47764587402  2214515
2.49197793007  2214122
2.49760699272  2213449
2.51873493195  2212842
2.54999899864  2212553
2.55825591087  2212461
2.56059598923  2212340
2.56503891945  2211660
2.59021902084  2210969
2.61731290817  2210200
2.64431500435  2208642
2.65163993835  2195729
2.66557192802  2194745
2.68290305138  2194289
2.6893620491  2194161
2.69459700584  2193120
2.697879076  2193117
2.70045089722  2192835
2.70206594467  2192438
2.70393300056  2191739
2.70931386948  2190357
2.73093390465  2182703
2.73260807991  2181922
2.76279807091  2180276
2.7727189064  2178183
2.77726602554  2177017
2.78370499611  2173828
2.80730390549  2172156
2.81901597977  2171174
2.83082509041  2171024
2.83621287346  2165105
2.87924289703  2164426
2.9022500515  2164286
2.9150428772  2164194
2.91664004326  2163320
2.93874502182  2162366
2.96368288994  2161659
3.00331497192  2160938
3.02537798882  2160266
3.02993297577  2159964
3.06245994568  2155450
3.07302594185  2155151
3.0860350132  2154423
3.08617687225  2152086
4.45615005493  2150442
4.456553936  2149468
4.46053099632  2145569
4.46182799339  2143305
4.46260809898  2137737
4.46337604523  2136945
4.47535395622  2132660
4.47881007195  2123341
4.48647594452  2123051
4.49012494087  2119352
4.49324893951  2119311
4.49958586693  2118549
4.50405693054  2113237
4.51576900482  2112839
4.51615786552  2109300
4.52326893806  2109090
4.5235350132  2108867
4.52366709709  2108817
4.53237390518  2107831
4.5451900959  2107206
4.55166506767  2105984
4.5574669838  2090875
4.56786298752  2090297
4.57262992859  2089553
4.57813405991  2087471
4.59352087975  2085350
4.59572505951  2073252
4.59611606598  2071159
4.59993195534  2070117
4.61119699478  2068602
4.62039399147  2048699
4.62156486511  2046655
4.63763809204  2044635
4.6495950222  2042817
4.65869808197  2042334
4.65985393524  2042125
4.67081403732  2037111
4.674503088  2035154
4.6763010025  2034435
4.68180608749  2032527
4.68342494965  2025276
4.69121408463  2023334
4.70094394684  2017281
4.70241689682  2017132
4.70839691162  2016425
4.71348190308  2015652
4.72785496712  2012168
4.74596190453  2011011
4.75876307487  2007130
4.76166701317  2001132
4.77807593346  1993907
4.79358005524  1993689
4.79481697083  1989493
4.80532193184  1987828
4.80832004547  1984189
4.81431007385  1983709
4.85107302666  1983308
4.86360096931  1982650
4.86465907097  1982244
4.86972808838  1981945
4.86986088753  1979263
4.87037587166  1978213
4.87505888939  1977954
4.89607095718  1977150
4.89803409576  1972415
4.89951491356  1971843
4.91241288185  1969891
4.91307592392  1969540
4.92337703705  1966676
4.94893598557  1962870
4.976115942  1962248
4.97637987137  1960227
4.9887509346  1959692
4.99043393135  1959074
4.99311089516  1957308
5.01082706451  1956960
5.02085804939  1956268
5.02626895905  1956170
5.03897404671  1956137
5.04944992065  1955744
5.05631804466  1952117
5.0588850975  1950758
5.06970596313  1948035
5.07349705696  1947153
5.08572697639  1946914
5.08817696571  1946739
5.0916659832  1945181
5.09510803223  1944539
5.12134289742  1923216
5.12326788902  1922823
5.13480591774  1922669
5.16277599335  1921589
5.17271089554  1921426
5.17596697807  1921204
5.19646596909  1912271
5.19660305977  1910448
5.20519804955  1910417
5.20718789101  1910358
5.22166609764  1909309
5.22487807274  1909279
5.24248790741  1899814
5.2551240921  1899428
5.27177000046  1899063
5.29373502731  1898043
5.30167198181  1897853
5.30766487122  1894444
5.30895400047  1894439
5.31532001495  1894297
5.31897592545  1891833
5.32361888885  1891245
5.3426990509  1891219
5.3476190567  1881432
5.36762499809  1881172
5.38097286224  1880558
5.38811206818  1876396
5.40227293968  1876270
5.40463399887  1876005
5.41537904739  1875774
5.4156639576  1875410
5.42708802223  1875316
5.44088506699  1874114
5.48368096352  1872764
5.50996208191  1872433
5.52222895622  1870566
5.5249710083  1870402
5.52994298935  1870106
5.531208992  1868425
5.53883099556  1865602
5.60098600388  1864953
5.61067700386  1861157
5.62898302078  1860188
5.64681696892  1859976
5.66269397736  1859337
5.67928600311  1857739
5.70250797272  1854500
5.70963001251  1854194
5.71427106857  1853315
5.72830986977  1852956
5.74871301651  1852821
5.75359106064  1852534
5.76811003685  1851366
5.77185893059  1850701
5.77739286423  1848974
5.78227496147  1848962
5.78496789932  1846375
5.79607391357  1845772
5.80004787445  1841212
5.84495902061  1840781
5.8533949852  1840504
5.86599802971  1839274
5.86919593811  1838909
5.90726995468  1838162
5.93647003174  1837527
5.9416680336  1836292
5.97926402092  1835859
6.01037287712  1825670
6.02954292297  1825561
6.04249787331  1825289
6.05032896996  1824339
6.05293703079  1824001
6.05351686478  1822673
6.07811307907  1822573
6.08775305748  1822449
6.09152889252  1821629
6.1132209301  1818122
6.1367828846  1817928
6.13758587837  1816829
6.13956809044  1816763
6.14062190056  1816513
6.14154005051  1815870
6.17652106285  1815438
6.19034790993  1815342
6.25080490112  1813375
6.25331497192  1811654
6.26090192795  1809764
6.32141709328  1808103
32.0080239773  1807893
32.0639400482  1805075
32.101211071  1804681
32.110984087  1803527
32.1267309189  1799053
32.138725996  1798921
79.7014029026  1781382
79.7077009678  1779918
79.7093799114  1766754
79.7201440334  1765445
79.7448339462  1760557
79.7461900711  1756469
79.7825229168  1755215
79.7885870934  1753946
79.7935230732  1751539
79.8060619831  1749514
79.832654953  1748870
79.8366239071  1748366
79.8462319374  1748271
79.8519358635  1747423
79.8590700626  1745991
79.883603096  1745676
79.8917789459  1745075
79.8982360363  1744979
79.932297945  1740535
79.9550778866  1739338
79.959332943  1738076
79.988255024  1737407
80.0082218647  1726582
80.014332056  1720329
80.0313940048  1720150
80.0757329464  1718410
80.0771760941  1718313
80.0951070786  1717582
80.1083440781  1715888
80.1236960888  1715044
80.1812179089  1715015
80.1942648888  1714464
80.2121589184  1714336
80.2148239613  1713193
80.2264530659  1711861
80.2430620193  1709984
80.2845430374  1709484
539.822557926  1706226
539.836237907  1703865
539.836994886  1703746
539.876791954  1701831
539.907284975  1701157
539.911319017  1700428
539.914052963  1698944
539.939138889  1694510
539.944447041  1692455
539.992974043  1690904
540.004898071  1689431
540.008761883  1689219
540.038503885  1688466
540.041050911  1684902
540.048939943  1684457
540.07467103  1683037
540.103285074  1683008
540.140680075  1679397
540.190026045  1677811
540.196882963  1676915
540.197309017  1676362
540.201312065  1675001
540.211029053  1670866
540.212203026  1670030
540.232793093  1669832
540.247612953  1669314
540.258960962  1668644
540.268780947  1666645
540.274652958  1664744
540.279311895  1663982
540.284780979  1663361
540.321073055  1662951
540.370086908  1662818
540.383312941  1662799
540.397958994  1662691
540.420124054  1660947
540.43740797  1659079
540.457099915  1657940
540.473484039  1657510
540.493539095  1647790
540.494520903  1647109
