0.0388939380646  6762786
0.0394999980927  6720763
0.039990901947  6705659
0.0406448841095  6602212
0.0412919521332  6596810
0.0414569377899  6574188
0.0416197776794  6570391
0.0417759418488  6552337
0.0419228076935  6537605
0.0423557758331  6486118
0.0428719520569  6485573
0.0430018901825  6482848
0.0432558059692  6459738
0.0433847904205  6453478
0.0441370010376  6453455
0.044264793396  6451680
0.0447678565979  6443017
0.0451447963715  6439544
0.0455198287964  6437528
0.0457708835602  6426312
0.0461459159851  6417537
0.0463979244232  6341671
0.046648979187  6332742
0.047022819519  6330439
0.0472748279572  6288398
0.0474019050598  6247332
0.0475289821625  6229495
0.0480279922485  6143027
0.0482788085938  6140863
0.0490257740021  6125146
0.0491528511047  6089687
0.0495278835297  6088329
0.0496859550476  6029198
0.0498459339142  6007418
0.050283908844  5980637
0.0508577823639  5944106
0.0511469841003  5943519
0.0528879165649  5942353
0.0530159473419  5928472
0.0538868904114  5917173
0.0540149211884  5852676
0.0541429519653  5817061
0.0543937683105  5809610
0.0546448230743  5807316
0.0558969974518  5802190
0.0560238361359  5802042
0.0561518669128  5801623
0.0562779903412  5797672
0.0565299987793  5789214
0.0569047927856  5755612
0.057648897171  5751312
0.0582699775696  5732600
0.05876994133  5719979
0.0591459274292  5717399
0.059396982193  5712414
0.0602669715881  5711541
0.0603950023651  5705287
0.0608959197998  5689080
0.0610239505768  5688148
0.0613989830017  5658904
0.0617768764496  5657693
0.062029838562  5655419
0.0624048709869  5650279
0.0625319480896  5626345
0.0642669200897  5620399
0.0645179748535  5613800
0.0656318664551  5612247
0.0658838748932  5599819
0.0671319961548  5594246
0.0672597885132  5592724
0.0673868656158  5580843
0.0675139427185  5577098
0.0685048103333  5567442
0.0686318874359  5565718
0.0687599182129  5557473
0.0688869953156  5530232
0.069014787674  5489347
0.0714988708496  5478878
0.07199883461  5434663
0.0723738670349  5416854
0.0725018978119  5380341
0.0726299285889  5373784
0.0729057788849  5372114
0.0733048915863  5364410
0.0734388828278  5361642
0.0740947723389  5361195
0.0742309093475  5359260
0.0747578144073  5351552
0.0758559703827  5336926
0.0762639045715  5336863
0.0767359733582  5313486
0.0770599842072  5268106
0.0773859024048  5201644
0.0784509181976  5189005
0.0790748596191  5184846
0.0805659294128  5173930
0.0808169841766  5167295
0.080944776535  5158063
0.0811967849731  5133625
0.0825607776642  5099967
0.0826900005341  5097896
0.0829417705536  5094360
0.085147857666  5092491
0.0856168270111  5051282
0.0860078334808  5036506
0.0863859653473  4974994
0.088134765625  4974962
0.0895068645477  4974895
0.0897598266602  4974060
0.0900139808655  4973213
0.0901429653168  4908336
0.0906429290771  4892851
0.0912687778473  4852167
0.0913968086243  4851973
0.0915248394012  4846175
0.0923018455505  4816558
0.0924348831177  4778984
0.0926899909973  4771423
0.0943069458008  4762375
0.0945589542389  4759446
0.0950589179993  4759176
0.0951859951019  4740104
0.0954427719116  4726785
0.0956959724426  4721940
0.096195936203  4702219
0.09632396698  4700292
0.0967009067535  4695944
0.098317861557  4694913
0.0985708236694  4690002
0.0986988544464  4667920
0.0988268852234  4656612
0.101445913315  4650400
0.101698875427  4647459
0.101826906204  4635469
0.101954936981  4619616
0.10307598114  4611417
0.103202819824  4605054
0.103703975677  4596509
0.104342937469  4593977
0.104601860046  4593337
0.106780767441  4591887
0.107925891876  4588927
0.109482765198  4586411
0.109888792038  4579963
0.110024929047  4579011
0.110692977905  4572944
0.112049818039  4570390
0.112486839294  4567829
0.114576816559  4557515
0.116474866867  4415822
0.116861820221  4413922
0.118884801865  4405474
0.119583845139  4402344
0.119721889496  4399344
0.122264862061  4395727
0.122903823853  4395065
0.123164892197  4388743
0.123675823212  4383871
0.124691963196  4376833
0.124948978424  4374502
0.125837802887  4367869
0.126600980759  4364642
0.127362966537  4357895
0.129283905029  4298985
0.129668951035  4296776
0.129799842834  4280413
0.130056858063  4267993
0.13060593605  4255563
0.131240844727  4233002
0.133780002594  4232815
0.134166002274  4225312
0.135432958603  4220661
0.136200904846  4220310
0.136585950851  4219816
0.136715888977  4216546
0.138113975525  4215750
0.139631986618  4214463
0.14039683342  4173208
0.14192199707  4135159
0.143314838409  4134894
0.143444776535  4121290
0.144078969955  4117480
0.144714832306  4116082
0.144972801208  4107425
0.149325847626  4099675
0.149724960327  4089556
0.149870872498  4080247
0.151513814926  4067835
0.151873826981  4067638
0.153283834457  4058455
0.153931856155  4035182
0.162393808365  4003330
0.162779808044  4003045
0.163291931152  4002654
0.165210962296  3997097
0.165469884872  3970155
0.165855884552  3966587
0.169777870178  3958124
0.169907808304  3957910
0.17041683197  3954685
0.170546770096  3911326
0.171689987183  3906249
0.172200918198  3899713
0.174877882004  3889582
0.175008773804  3884741
0.175263881683  3837318
0.175393819809  3820304
0.176284790039  3819047
0.177802801132  3818236
0.179573774338  3767017
0.180460929871  3761271
0.180717945099  3746475
0.183268785477  3730391
0.183809995651  3708074
0.184741973877  3701563
0.185015916824  3658150
0.185817956924  3654033
0.186154842377  3646765
0.189230918884  3634381
0.192263841629  3633313
0.19239282608  3624233
0.193532943726  3622614
0.193916797638  3619800
0.19571185112  3615461
0.195861816406  3597041
0.19701385498  3595143
0.197274923325  3584441
0.199433803558  3582737
0.199693918228  3578420
0.202744960785  3575514
0.205653905869  3557303
0.207056999207  3556732
0.207187891006  3555756
0.20871090889  3549712
0.20884180069  3547356
0.208971977234  3539417
0.213668823242  3499401
0.215062856674  3498527
0.220153808594  3488536
0.224502801895  3479573
0.225975990295  3479392
0.226616859436  3467861
0.227254867554  3466774
0.232201814651  3459312
0.232462882996  3453825
0.23416686058  3450815
0.236041784286  3450137
0.236175775528  3444597
0.240028858185  3444262
0.242205858231  3402573
0.251892805099  3385679
0.252478837967  3385495
0.256219863892  3379433
0.259267807007  3376768
0.260949850082  3364138
0.262858867645  3362101
0.276092767715  3360287
0.277290821075  3359642
0.281181812286  3358502
0.281317949295  3355046
0.282142877579  3354746
0.282980918884  3330825
0.285849809647  3330499
0.287528991699  3323365
0.288695812225  3322553
0.289601802826  3312468
0.292157888412  3303741
0.292881965637  3301946
0.293576955795  3287352
0.294302940369  3283681
0.297852993011  3283495
0.298752784729  3282854
0.29926776886  3281590
0.30172586441  3272069
0.304921865463  3244127
0.306240797043  3243701
0.310963869095  3243700
0.311477899551  3237169
0.311864852905  3236929
0.313908815384  3228165
0.314421892166  3223250
0.316836833954  3220183
0.321246862411  3219128
0.322530984879  3203360
0.323171854019  3201275
0.32368683815  3191911
0.324574947357  3190785
0.324831962585  3189055
0.329671859741  3186032
0.330182790756  3176370
0.330716848373  3173551
0.331525802612  3171856
0.334823846817  3137709
0.336317777634  3137697
0.337362766266  3102243
0.344383955002  3029022
0.344940900803  3025285
0.345217943192  3022423
0.345823764801  3021987
0.35360789299  3016251
0.354463815689  3013962
0.35503077507  3013552
0.359041929245  3011017
0.360619783401  3010585
0.364129781723  3006320
0.379453897476  2996069
0.379852771759  2986691
0.380495786667  2985747
0.382148981094  2984903
0.383426904678  2984867
0.385417938232  2977172
0.38781785965  2971582
0.387952804565  2970390
0.388084888458  2969771
0.395468950272  2961752
0.400259971619  2954417
0.40101981163  2949805
0.406284809113  2935423
0.408463001251  2933191
0.411774873734  2925092
0.413567781448  2924401
0.416745901108  2921442
0.41944694519  2917290
0.420873880386  2914419
0.422405958176  2913361
0.425490856171  2903590
0.435590982437  2896881
0.439525842667  2894285
0.442542791367  2893238
0.445000886917  2892817
0.446445941925  2866300
0.456799983978  2855379
0.458755970001  2855134
0.461185932159  2854335
0.462354898453  2854065
0.464751958847  2851142
0.467433929443  2849585
0.469216823578  2844974
0.47225689888  2842316
0.479010820389  2840296
0.479555845261  2839222
0.479692935944  2835174
0.479962825775  2830735
0.480640888214  2829133
0.482341766357  2813077
0.492642879486  2791241
0.495919942856  2714353
0.497222900391  2713718
0.497355937958  2705654
0.497889995575  2705494
0.502670764923  2705181
0.506673812866  2676234
0.509158849716  2670617
0.515669822693  2668256
0.518942832947  2667622
0.519416809082  2666769
0.520705938339  2662504
0.52096581459  2662012
0.523412942886  2661386
0.52393078804  2659301
0.525707960129  2658903
0.531928777695  2649317
0.532488822937  2599231
0.533710956573  2595251
0.534679889679  2584733
0.53845000267  2577269
0.539497852325  2575573
0.543767929077  2575476
0.566859960556  2574502
0.567193984985  2574044
0.567356824875  2573903
0.56862282753  2567687
0.571444988251  2556106
0.580036878586  2547883
0.583608865738  2547008
0.586298942566  2546797
0.586557865143  2546788
0.587577819824  2545421
0.593170881271  2543641
0.597217798233  2543174
0.597349882126  2542695
0.598378896713  2537608
0.605400800705  2536509
0.605916976929  2533545
0.607965946198  2525642
0.608353853226  2521775
0.620334863663  2516214
0.621141910553  2514497
0.633825778961  2510878
0.635744810104  2510401
0.640652894974  2502106
0.640789985657  2478886
0.644982814789  2476599
0.64910197258  2475527
0.650268793106  2473273
0.656286001205  2472814
0.662874937057  2472545
0.667933940887  2463412
0.670521974564  2453426
0.680205821991  2449784
0.687196969986  2441645
0.692183971405  2439835
0.701524972916  2436450
0.70513677597  2433305
0.705311775208  2431982
0.705609798431  2431332
0.706140995026  2427271
0.707544803619  2426542
0.708978891373  2425968
0.712691783905  2421410
0.717297792435  2419004
0.717560768127  2416911
0.725839853287  2414797
0.740286827087  2412699
0.746981859207  2407624
0.748804807663  2404018
0.757546901703  2400590
0.759088993073  2398651
0.759614944458  2398632
0.760273933411  2397433
0.76119184494  2396958
0.764310836792  2396949
0.76572394371  2396115
0.769939899445  2395518
0.771726846695  2394042
0.774915933609  2392219
0.775174856186  2391195
0.778463840485  2390504
0.803761959076  2390171
0.804957866669  2387317
0.812767982483  2377054
0.833482980728  2374879
0.836174964905  2364860
0.838711977005  2360686
0.85475897789  2360040
0.860780954361  2359621
0.875779867172  2357318
0.877464771271  2347206
0.882030963898  2346293
0.889642953873  2346216
0.893748998642  2345745
0.894797801971  2343780
0.895451784134  2342151
0.896751880646  2338241
0.898043870926  2336286
0.899451971054  2333395
0.903657913208  2333024
0.907523870468  2332651
0.914086818695  2330671
0.927585840225  2329908
0.937204837799  2329087
0.950383901596  2327637
0.951816797256  2327540
0.953492879868  2321419
0.956667900085  2321034
0.96341085434  2320274
0.966841936111  2316850
0.971316814423  2316722
0.971708774567  2316354
0.984964847565  2316255
0.998761892319  2316078
1.00205397606  2314240
1.00632190704  2310346
1.02011585236  2308638
1.028444767  2307443
1.03034996986  2307128
1.03150296211  2304725
1.03176188469  2304334
1.04264783859  2303824
1.04723381996  2302837
1.04930090904  2302631
1.0562608242  2302261
1.06747984886  2301584
1.07816290855  2292175
1.1136059761  2291770
1.12297296524  2291089
1.12414097786  2289078
1.1402759552  2286624
1.14373493195  2278162
1.16210198402  2277930
1.1951417923  2276506
1.19609379768  2275118
1.20466995239  2267695
1.22482681274  2267048
1.22509598732  2266124
1.23054480553  2266046
1.23326086998  2265916
1.24284791946  2264946
1.24722886086  2264553
1.24786281586  2260350
1.27055692673  2259232
1.27095389366  2257517
1.27783799171  2256401
1.29363489151  2255397
1.30645298958  2253061
1.30659079552  2249130
1.31831789017  2246603
1.33960080147  2238393
1.35905385017  2235253
1.365888834  2234615
1.36670398712  2233808
1.37146282196  2224174
1.37249898911  2223628
1.39711999893  2223540
1.41075992584  2223266
1.41239690781  2222590
1.46404099464  2214219
1.48173594475  2212348
1.50046277046  2210973
1.50845789909  2207617
1.50916790962  2205935
1.5331158638  2203710
1.53712177277  2202953
1.53794598579  2202564
1.54712080956  2200005
1.57306480408  2199731
1.57873392105  2199090
1.58449888229  2194392
1.58959078789  2187049
1.5968079567  2186524
1.6056227684  2185758
1.626734972  2185027
1.6597738266  2184427
1.66676688194  2184157
1.68110394478  2182306
1.68419694901  2179640
1.69033885002  2176514
1.69307684898  2170836
1.70555281639  2170821
1.70686388016  2169912
1.70963191986  2168591
1.71128082275  2167996
1.72675490379  2167992
1.73341488838  2167920
1.73519396782  2167589
1.75621390343  2166560
1.76590394974  2164657
1.80794596672  2164418
1.81030678749  2164169
1.81045198441  2162511
1.81549191475  2161057
1.82132482529  2159828
1.82300782204  2159624
1.84734487534  2158616
1.84780097008  2155132
1.8879609108  2145026
1.89368581772  2144316
1.90546894073  2144137
1.91951990128  2143889
1.94812679291  2142425
1.95024085045  2142304
1.96464776993  2138642
1.97172784805  2131939
1.97813081741  2131933
1.98037481308  2123600
1.98223495483  2121271
2.01356983185  2120689
2.05732989311  2120500
2.06166887283  2119522
2.07045888901  2104390
2.07754993439  2100448
2.08715295792  2099978
2.09111976624  2097661
2.09646677971  2097657
2.10490894318  2096074
2.10519099236  2094302
2.10766386986  2094241
2.13778281212  2093084
2.14659976959  2092309
2.14714097977  2090447
2.16351294518  2089912
2.16390299797  2089502
2.17021298409  2089298
2.19354391098  2089178
2.21170687675  2088584
2.27771091461  2088437
2.28681278229  2087136
2.28791999817  2068109
2.32429695129  2068101
2.33615088463  2067703
2.3577439785  2066796
2.36603283882  2063813
2.40039396286  2058576
2.41069197655  2049464
2.42422986031  2048100
2.43287181854  2048083
2.44500589371  2047851
2.4710958004  2047408
2.47241687775  2046046
2.48094987869  2045854
2.49656391144  2041899
2.50841188431  2041778
2.53863883018  2036326
2.54945492744  2036203
2.56376385689  2036112
2.57054781914  2036110
2.57341790199  2032834
2.61011385918  2030745
2.63832378387  2026280
2.64290094376  2025967
2.64756178856  2023096
2.65046477318  2012350
2.65470981598  2006022
2.66799879074  2004581
2.67832589149  2003689
2.68115377426  2003442
2.68918681145  2001548
2.69919586182  1997531
2.7226319313  1997395
2.72303795815  1997386
2.75275397301  1995023
2.75302577019  1993967
2.75952076912  1993746
2.75978899002  1993623
2.76006388664  1992665
2.79135394096  1991808
2.8021337986  1990789
2.85294389725  1978181
2.85441684723  1977895
2.88045191765  1976863
2.89932799339  1976824
2.95041298866  1976782
2.96611976624  1967019
2.97225093842  1966213
3.00497484207  1965570
3.01223492622  1960349
3.05202293396  1959978
3.06939196587  1958861
3.0910859108  1957607
3.09548187256  1955709
3.10310482979  1955702
3.12007284164  1954779
3.14038681984  1952116
3.14496779442  1952113
3.15603399277  1950363
3.17567491531  1945614
3.19048595428  1945520
3.19076991081  1945167
3.19495892525  1942982
3.2317738533  1942940
3.28482699394  1942606
3.30932784081  1942342
3.31401777267  1941715
3.32282590866  1941129
3.34396982193  1939287
3.3571767807  1939061
3.37172198296  1933603
3.38410186768  1930739
3.38849186897  1906233
3.42075490952  1904878
3.42724084854  1904629
3.44879078865  1903394
3.48950195312  1902850
3.52904081345  1900479
3.56584191322  1899515
3.57203793526  1897608
3.59321379662  1897027
3.59812879562  1896340
3.61511683464  1896303
3.62941598892  1895324
3.63253283501  1894606
3.64905881882  1894591
3.65279984474  1887852
3.6751768589  1886272
3.67544984818  1885748
3.6962518692  1882911
3.70639491081  1876774
3.74090600014  1872330
3.74668192863  1872251
3.75359988213  1871734
3.76193189621  1871048
3.76464986801  1870072
3.77204298973  1868584
3.77642083168  1868458
3.79827785492  1868405
3.81495285034  1867855
3.83655285835  1867541
3.84204387665  1866274
3.85082578659  1864247
3.8642809391  1863768
3.86676096916  1863671
3.90525197983  1861826
3.9124557972  1857453
3.93231582642  1856019
3.9452559948  1856016
4.00955295563  1855831
4.01366877556  1853454
4.0519387722  1852346
4.05209183693  1850735
4.05309581757  1796919
4.05537080765  1796345
4.05612277985  1795582
4.07285690308  1774669
4.08009791374  1774075
4.0896089077  1749678
4.10433483124  1747714
4.14261889458  1747577
4.17371177673  1746930
4.21190190315  1746680
4.21650576591  1746645
4.22940683365  1744941
4.24722290039  1744913
4.25076794624  1742456
4.29108786583  1742453
4.29644489288  1739880
4.29658293724  1739122
4.30538582802  1737761
4.32341694832  1737739
4.35003089905  1735999
4.39751696587  1734516
4.40182495117  1734201
4.44863080978  1731966
4.45083880424  1720125
4.45932483673  1719255
4.46715784073  1716494
4.50993895531  1715101
4.52226686478  1705449
4.52475094795  1704961
4.54018688202  1703964
36.952619791  1703747
36.9595618248  1690824
36.9613919258  1688591
36.9700357914  1687841
36.9702978134  1685200
36.9968237877  1685169
36.9995107651  1683975
37.0015227795  1683170
