0.0384628772736  7432725
0.0387659072876  7426624
0.0393259525299  7405422
0.0394718647003  7399541
0.0396158695221  7385169
0.0397598743439  7380746
0.0400450229645  7369548
0.0401899814606  7366638
0.0404748916626  7364399
0.0406188964844  7360904
0.0407638549805  7348022
0.0412859916687  7233320
0.04141497612  7232187
0.0415418148041  7228590
0.0416688919067  7166248
0.0417969226837  7146311
0.0419249534607  7112105
0.0421769618988  7084075
0.0424258708954  7074725
0.0428009033203  7074116
0.042927980423  7054786
0.0430569648743  7043854
0.0433089733124  7030971
0.0434370040894  7019382
0.0435619354248  6978639
0.0440599918365  6949788
0.0444359779358  6894377
0.0446879863739  6890471
0.0448138713837  6885397
0.0449409484863  6802685
0.0453169345856  6744529
0.0454440116882  6731286
0.045569896698  6696546
0.0458209514618  6679046
0.0460720062256  6659569
0.0463259220123  6654023
0.046452999115  6615522
0.0467028617859  6612750
0.0470769405365  6606354
0.0472040176392  6566449
0.0491209030151  6555986
0.0492539405823  6537125
0.0500018596649  6466923
0.0506238937378  6458647
0.0508759021759  6405645
0.0510029792786  6394324
0.0511310100555  6394066
0.0513808727264  6362506
0.0515079498291  6355009
0.051882982254  6268078
0.0529928207397  6247481
0.0531198978424  6239897
0.0532460212708  6239718
0.0533709526062  6202533
0.0539908409119  6201095
0.0541179180145  6197419
0.0544908046722  6185731
0.0546188354492  6179377
0.0549919605255  6172774
0.0552418231964  6137443
0.055615901947  6137066
0.0558648109436  6105671
0.0559918880463  6099847
0.0561189651489  6093164
0.056245803833  6067340
0.0567409992218  6058904
0.0572369098663  6048546
0.0583519935608  6026301
0.0588510036469  6023835
0.0589778423309  6017614
0.0602087974548  5983603
0.0607109069824  5977636
0.0614538192749  5976683
0.0618269443512  5974562
0.0623228549957  5961124
0.0625729560852  5874179
0.062824010849  5863138
0.0630729198456  5847416
0.0635709762573  5846239
0.0642988681793  5840529
0.0654988288879  5795487
0.0660009384155  5790342
0.0671248435974  5786348
0.0673768520355  5757684
0.0685238838196  5757333
0.0689008235931  5746343
0.0696148872375  5737154
0.0703539848328  5736358
0.0704889297485  5707452
0.0717399120331  5690829
0.0721199512482  5682170
0.0723938941956  5648167
0.0726838111877  5641203
0.073187828064  5640948
0.0750889778137  5631886
0.076210975647  5613415
0.07652592659  5612719
0.0773079395294  5605240
0.0781979560852  5598113
0.0794379711151  5584712
0.080897808075  5548756
0.081081867218  5544379
0.0826399326324  5504952
0.0836579799652  5504900
0.0841009616852  5437135
0.0849659442902  5426626
0.0850939750671  5423747
0.0854759216309  5422853
0.0861058235168  5420271
0.0863590240479  5401518
0.0868628025055  5379334
0.0872390270233  5354568
0.0884578227997  5354356
0.0896170139313  5354041
0.0909240245819  5353609
0.0919349193573  5347509
0.092670917511  5342545
0.0930769443512  5336420
0.0946419239044  5336350
0.0948708057404  5295209
0.0952649116516  5294295
0.0963850021362  5240686
0.0966370105743  5239773
0.0975098609924  5235900
0.0982580184937  5207295
0.0995359420776  5191763
0.100054979324  5188446
0.100958824158  5186755
0.101804018021  5179358
0.102880001068  5155626
0.103313922882  5155236
0.103441953659  5140031
0.103735923767  5139306
0.105088949203  5135877
0.105355024338  5133680
0.107372999191  5122073
0.108855009079  5116438
0.109658956528  5084373
0.110211849213  4930019
0.114167928696  4927433
0.114573001862  4927270
0.115406990051  4920069
0.115828990936  4919002
0.116245985031  4918846
0.116415023804  4913912
0.118001937866  4810772
0.118767976761  4809284
0.119151830673  4804199
0.121049880981  4803143
0.121307849884  4798747
0.122066020966  4786672
0.123073816299  4775190
0.124086856842  4767495
0.124972820282  4764422
0.125983953476  4759090
0.126237869263  4655574
0.126367807388  4652351
0.126874923706  4556891
0.127508878708  4554946
0.128273963928  4521896
0.128530979156  4518083
0.129168987274  4500687
0.131035804749  4499357
0.131529808044  4485508
0.132839918137  4473225
0.13688492775  4472707
0.137266874313  4471601
0.138427972794  4437450
0.138556957245  4435413
0.139061927795  4408223
0.139319896698  4405499
0.141212940216  4403000
0.141342878342  4399400
0.142476797104  4395088
0.146993875504  4395035
0.14750289917  4392787
0.147881984711  4358288
0.14995098114  4354591
0.150236845016  4302629
0.150375843048  4289295
0.154352903366  4287684
0.155565977097  4284857
0.157081842422  4232515
0.158098936081  4232207
0.158353805542  4223665
0.159616947174  4221327
0.159747838974  4219638
0.160002946854  4218529
0.160131931305  4208057
0.161020994186  4198306
0.161530971527  4195183
0.162163972855  4194032
0.162672996521  4193181
0.164191007614  4187974
0.16444683075  4183196
0.165845870972  4180260
0.167512893677  4180147
0.168658971786  4178157
0.169427871704  4160031
0.169596910477  4158920
0.169860839844  4158397
0.172634840012  4143964
0.172766923904  4122598
0.174534797668  4118379
0.176599979401  4105293
0.177503824234  4093881
0.180848836899  4090073
0.181288003922  4080600
0.183072805405  4073165
0.183588981628  4073164
0.186015844345  4068034
0.189986944199  4065475
0.192296981812  4058722
0.192754030228  4055944
0.195361852646  4052214
0.197933912277  4051117
0.198319911957  4049626
0.198704957962  4038939
0.198968887329  4035612
0.199734926224  4031153
0.201897859573  4030225
0.20316696167  4010514
0.203296899796  3997934
0.203552961349  3972751
0.203681945801  3957833
0.207226991653  3955776
0.208117008209  3955019
0.209265947342  3954463
0.209780931473  3953468
0.211563825607  3947780
0.213850021362  3947403
0.213984966278  3901428
0.218751907349  3901146
0.219651937485  3900711
0.220920801163  3898905
0.221681833267  3898869
0.221935987473  3879049
0.222064971924  3870611
0.22257399559  3842589
0.223471879959  3840441
0.223857879639  3805894
0.225376844406  3799307
0.225884914398  3799144
0.227252006531  3798018
0.22887802124  3791982
0.229416847229  3791527
0.231019973755  3790628
0.233986854553  3786583
0.234370946884  3763235
0.234752893448  3753402
0.235388994217  3724336
0.236656904221  3717055
0.237041950226  3696967
0.23742890358  3694784
0.240830898285  3693644
0.247493028641  3692473
0.247627019882  3690563
0.250286817551  3689863
0.257129907608  3677419
0.260932922363  3673790
0.269156932831  3672548
0.279048919678  3670467
0.283007860184  3669244
0.285259008408  3668489
0.288513898849  3665754
0.290289878845  3665144
0.292565822601  3663352
0.292719841003  3662343
0.294220924377  3661698
0.29473400116  3661623
0.29714679718  3657998
0.2994389534  3652669
0.300833940506  3648787
0.303479909897  3646716
0.307302951813  3646696
0.310684919357  3618742
0.312649965286  3615048
0.314844846725  3614527
0.314999818802  3610329
0.320784807205  3605211
0.322131872177  3563864
0.323690891266  3561460
0.325134992599  3556640
0.328613996506  3547127
0.328876018524  3539866
0.330754995346  3534917
0.334223985672  3534184
0.337158918381  3508383
0.337294816971  3499567
0.339267969131  3496590
0.340179920197  3496382
0.340874910355  3495471
0.342257022858  3472000
0.347074985504  3468199
0.351082801819  3467853
0.355345964432  3466619
0.360987901688  3462347
0.362911939621  3461639
0.364327907562  3457733
0.364585876465  3457284
0.366362810135  3454107
0.366492986679  3450861
0.366622924805  3435441
0.366876840591  3434673
0.367257833481  3432450
0.368903875351  3418439
0.369923830032  3416568
0.372326850891  3413050
0.372586011887  3411225
0.373095989227  3411165
0.374233961105  3411056
0.375506877899  3390561
0.375636816025  3387323
0.375765800476  3386780
0.376901865005  3380338
0.378671884537  3366623
0.379949808121  3366320
0.382601976395  3358664
0.387501001358  3355485
0.391175031662  3355243
0.393716812134  3334914
0.394354820251  3331147
0.3966319561  3328980
0.403738975525  3313352
0.408804893494  3312950
0.410332918167  3312791
0.411736965179  3311480
0.424190998077  3310865
0.426002979279  3309731
0.42741394043  3308593
0.431828022003  3308539
0.435338973999  3306927
0.44153881073  3302910
0.445079803467  3300603
0.445466995239  3299444
0.449656963348  3294529
0.450546979904  3292022
0.453227996826  3290982
0.461040973663  3288351
0.461714982986  3283215
0.46688079834  3283192
0.472761869431  3273285
0.473409891129  3270778
0.474107980728  3270371
0.479314804077  3268782
0.4799888134  3266558
0.480278968811  3266442
0.481319904327  3264742
0.481467962265  3261779
0.486065864563  3255806
0.486512899399  3255499
0.49622797966  3241342
0.500442028046  3235769
0.507355928421  3233961
0.511789798737  3231916
0.512234926224  3225914
0.514837026596  3219857
0.519218921661  3217773
0.524163007736  3213595
0.527115821838  3213216
0.528105020523  3205564
0.534183979034  3204907
0.543815851212  3199706
0.549615859985  3198297
0.551270961761  3186410
0.554077863693  3184039
0.565691947937  3170031
0.565976858139  3107458
0.567966938019  3107186
0.571400880814  3103955
0.574433803558  3103443
0.576820850372  3102275
0.583424806595  3087713
0.585219860077  3087491
0.586236953735  3087104
0.588289022446  3084733
0.590580940247  3084195
0.595179796219  3081931
0.596580028534  3081180
0.597471952438  3074589
0.599780797958  3074323
0.610664844513  3072834
0.611048936844  3070854
0.61194896698  3070145
0.613133907318  3068540
0.620188951492  3066142
0.622109889984  3066054
0.623262882233  3065022
0.623399972916  3058015
0.623929977417  3057642
0.628880023956  3052110
0.63019490242  3051645
0.636175870895  3051502
0.639745950699  3049049
0.641216993332  3048068
0.642211914062  3046144
0.642346858978  3045341
0.644381999969  3042748
0.645147800446  3040167
0.649876832962  3037687
0.661689996719  3035130
0.663894891739  3033866
0.66428899765  3030922
0.669890880585  3028316
0.670423984528  3027395
0.671229839325  3025991
0.672803878784  3022396
0.675364017487  3020484
0.677047967911  3017711
0.687278032303  3014308
0.689194917679  2994480
0.69007897377  2990375
0.690775871277  2985255
0.693394899368  2985040
0.694696903229  2978910
0.694845914841  2973947
0.701104879379  2970464
0.704820871353  2968282
0.706609964371  2967685
0.71120595932  2965718
0.717409849167  2963929
0.719023942947  2962308
0.719285964966  2959601
0.721072912216  2956996
0.724509954453  2950632
0.737946033478  2948097
0.742370843887  2947268
0.744915008545  2925401
0.754881858826  2924140
0.756412982941  2923437
0.757818937302  2910834
0.758078813553  2910755
0.767552852631  2909482
0.776746988297  2908103
0.778664827347  2907793
0.780584812164  2907733
0.781096935272  2907206
0.786721944809  2907087
0.78950881958  2906316
0.792418956757  2905918
0.794454813004  2905837
0.795382976532  2905188
0.804598808289  2904931
0.807574987411  2903780
0.809736013412  2901889
0.818614959717  2896449
0.820176839828  2895613
0.824513912201  2894329
0.827045917511  2893599
0.834869861603  2889257
0.839375019073  2888475
0.847540855408  2888370
0.852356910706  2887083
0.864456892014  2887055
0.872695922852  2886248
0.873082876205  2881798
0.880412817001  2881570
0.898597955704  2879209
0.902148962021  2878577
0.917335987091  2873868
0.929409980774  2864974
0.93497800827  2863892
0.942905902863  2862192
0.945499897003  2858408
0.947808980942  2856263
0.949182033539  2856034
0.954972982407  2842082
0.955111026764  2839455
0.957368850708  2838563
0.966423988342  2744442
0.969856023788  2743608
0.976475000381  2740301
0.982532978058  2740144
0.985466957092  2738160
0.988865852356  2737416
0.989775896072  2737216
1.00897789001  2733388
1.01774287224  2727262
1.02093791962  2727084
1.02195501328  2723081
1.02475690842  2722624
1.02644491196  2721578
1.03687381744  2718915
1.05120396614  2718213
1.05476784706  2717556
1.05818796158  2717145
1.05881595612  2716624
1.060505867  2715372
1.08046102524  2712455
1.11341190338  2712074
1.11728191376  2711238
1.11778402328  2710663
1.12332081795  2708160
1.12357902527  2706209
1.13676285744  2703232
1.13689899445  2702109
1.13964700699  2701851
1.14055991173  2700930
1.14249587059  2700846
1.15210080147  2700600
1.1543648243  2699521
1.16371798515  2699502
1.16926598549  2696590
1.18606185913  2695694
1.18760895729  2695411
1.19902586937  2695276
1.20072793961  2694404
1.20507383347  2692758
1.22772097588  2692064
1.24080491066  2691227
1.24308085442  2691090
1.26201295853  2690182
1.26304292679  2689048
1.26380896568  2687406
1.26883101463  2687247
1.27769184113  2686479
1.27866387367  2684185
1.28315186501  2681491
1.29216194153  2680880
1.29449295998  2679629
1.29629087448  2678437
1.29839682579  2678304
1.30532979965  2678114
1.30597901344  2677018
1.31249594688  2671429
1.31455492973  2671319
1.3190908432  2669480
1.32317900658  2668201
1.32383584976  2667129
1.32514095306  2665135
1.32566094398  2663381
1.33725690842  2663076
1.33739089966  2662701
1.34646201134  2660461
1.3635020256  2660323
1.36427402496  2659811
1.37375092506  2659172
1.38076901436  2658036
1.39011502266  2656184
1.39188480377  2648362
1.39546585083  2647607
1.39887690544  2646648
1.39965701103  2644860
1.39991784096  2644285
1.41755485535  2644164
1.43141794205  2643851
1.45366001129  2638663
1.45471286774  2637939
1.45778489113  2637652
1.46832990646  2635053
1.47089886665  2633056
1.47423696518  2631654
1.50154185295  2629825
1.51043391228  2628214
1.53814983368  2628035
1.54368782043  2627079
1.55202293396  2623568
1.55626988411  2623136
1.5590429306  2622521
1.5595369339  2613984
1.5736849308  2613938
1.5756688118  2610250
1.62630486488  2609980
1.64176797867  2609831
1.64547491074  2608307
1.67325496674  2605625
1.67480897903  2605394
1.68234300613  2603238
1.71036601067  2597827
1.71684193611  2597646
1.71936988831  2595783
1.72143101692  2595643
1.72381281853  2593527
1.72992181778  2592073
1.73972702026  2589828
1.74022889137  2586772
1.74578285217  2585852
1.74940991402  2584248
1.7565100193  2582576
1.75666594505  2582197
1.75773096085  2582007
1.77047395706  2578642
1.77266788483  2576844
1.7867629528  2576522
1.79504394531  2573970
1.800812006  2571967
1.80254483223  2564524
1.81158089638  2561964
1.82680392265  2561099
1.83018994331  2559880
1.83633780479  2559712
1.83799099922  2558742
1.8544588089  2558463
1.85879683495  2557032
1.86260199547  2557030
1.86775398254  2555746
1.89030599594  2552391
1.90159296989  2552083
1.92074084282  2548039
1.92992186546  2547533
1.93178582191  2547389
1.94198203087  2547136
1.9448428154  2546767
1.94995093346  2546284
1.95648193359  2545946
1.96151399612  2540380
1.97457480431  2538875
1.99724388123  2538814
1.99853086472  2538570
2.00389790535  2537815
2.0109000206  2537160
2.02221679688  2536739
2.02559995651  2536261
2.04567980766  2534561
2.06756401062  2534147
2.08017802238  2533889
2.10349202156  2531550
2.10717701912  2531266
2.11007595062  2529832
2.11785197258  2519652
2.12713694572  2516103
2.1313688755  2514091
2.17717790604  2504353
2.18380498886  2503451
2.2068259716  2500970
2.20982098579  2500536
2.23329901695  2499696
2.23668789864  2499071
2.25149703026  2497945
2.2833468914  2497714
2.28643202782  2493976
2.28832197189  2489751
2.32194280624  2486783
2.32699179649  2482431
2.32982087135  2481865
2.34391093254  2481472
2.34781384468  2478770
2.35321784019  2478762
2.39000797272  2478725
2.39571595192  2477519
2.39848589897  2475466
2.39890193939  2475393
2.40190386772  2472460
2.43726086617  2470750
2.43976283073  2469031
2.45911693573  2467045
2.46281695366  2466298
2.4789659977  2465889
2.49671387672  2460898
2.49764180183  2460785
2.51171302795  2458841
2.52351593971  2456532
2.55892896652  2456425
2.56023693085  2453016
2.56701993942  2452582
2.57150483131  2451402
2.57281184196  2451252
2.59753489494  2449764
2.60893583298  2449354
2.63510990143  2447746
2.64292287827  2418416
2.66786289215  2417731
2.67280888557  2417338
2.67319893837  2415359
2.68272185326  2415290
2.68423080444  2412607
2.68695092201  2412530
2.7064948082  2411927
2.72073197365  2410363
2.74145483971  2404638
2.76262593269  2404487
2.7675538063  2403482
2.7793469429  2402566
2.78363800049  2401820
2.79003190994  2401787
2.79700684547  2399937
2.80518293381  2399678
2.8092880249  2391379
2.81525301933  2391187
2.83584880829  2389926
2.84366703033  2389314
2.85104680061  2388367
2.85512685776  2388365
2.86223387718  2387065
2.88238382339  2384055
2.88252997398  2378903
2.90655589104  2373500
2.90900087357  2370512
2.91232895851  2367684
2.92210102081  2366965
2.93834280968  2366592
2.96604895592  2353662
2.98465299606  2353617
2.99882388115  2353486
2.99988889694  2341149
3.00288486481  2340671
3.01017999649  2338077
3.02715492249  2336069
3.03116393089  2331310
3.03320193291  2331177
3.04916882515  2330792
3.10810995102  2330255
3.11488294601  2329567
3.14353084564  2329079
3.1700630188  2327329
3.1808848381  2326601
3.19863295555  2326594
3.22461986542  2320366
3.25811195374  2319963
3.31302881241  2319296
3.33752298355  2316327
3.35847496986  2315454
3.35890483856  2314972
3.36864900589  2314820
3.38545584679  2312267
3.44007086754  2311602
3.44075083733  2311209
3.44732189178  2308101
3.45677781105  2307004
3.48749279976  2306034
3.52694296837  2301486
3.53033590317  2300987
3.55439782143  2297720
3.55655694008  2297497
3.55946397781  2295577
3.56850886345  2295111
3.57312703133  2290386
3.57605481148  2287404
3.58575797081  2286986
3.58642697334  2285440
3.59272885323  2284060
3.60252785683  2282066
3.61400699615  2282038
3.61974000931  2281250
3.62928700447  2280005
3.65240597725  2278613
3.65705680847  2277135
3.65847182274  2276736
3.66338181496  2276615
3.66699981689  2276160
3.68217182159  2276125
3.68738102913  2275893
3.73261880875  2275651
3.7461168766  2274832
3.76133394241  2274236
3.7828400135  2238856
3.79802584648  2235810
3.82309293747  2235702
3.84006595612  2235287
3.84085488319  2235162
3.84280800819  2235106
3.84319901466  2233566
3.84801197052  2226033
3.84999084473  2225455
3.85561990738  2222069
3.86057591438  2220326
3.86933779716  2219110
3.88986802101  2218646
3.91115498543  2217884
3.9159989357  2217857
3.92384386063  2217808
3.9249420166  2189565
3.94109487534  2189331
3.97054982185  2185727
3.98597598076  2185104
4.00649380684  2169500
4.01800894737  2169359
4.02074980736  2169242
4.02982282639  2168887
4.06104683876  2168391
4.10687589645  2165701
4.11397981644  2163506
4.1270430088  2163413
4.16632294655  2158067
4.17765879631  2157797
4.18113994598  2156624
4.19137692451  2154524
4.19323992729  2146451
4.20915293694  2146323
4.23054599762  2146317
4.24345302582  2145871
4.25401091576  2144436
4.26467394829  2144359
4.27850794792  2144114
4.28699803352  2142964
4.29208898544  2142827
4.29671692848  2142799
4.31804394722  2142748
4.33046483994  2140140
4.3340408802  2138715
4.34499287605  2138145
4.34806895256  2131265
4.355052948  2130610
4.36696982384  2130096
4.38207197189  2125038
4.38220500946  2123663
4.39743494987  2122915
4.41020298004  2120219
4.44326591492  2111962
4.44903802872  2109802
4.46881389618  2109644
4.49528598785  2109616
6.95015096664  2109026
6.95234203339  2108547
6.9649708271  2107440
6.97739386559  2106743
7.01829385757  2106616
7.04529285431  2105249
7.05747795105  2103918
7.07351398468  2102591
7.09249687195  2100659
7.09319186211  2100284
7.09958291054  2095524
7.13375496864  2095211
7.13688087463  2095177
7.16277885437  2095055
7.16382098198  2094352
7.165102005  2093630
7.20516490936  2093384
7.20937991142  2093351
7.22525000572  2092894
7.23134088516  2091827
7.23488783836  2091675
7.24434685707  2090285
7.26762580872  2089168
7.2702229023  2087683
7.28125786781  2085979
7.28310799599  2084940
7.28468298912  2083408
7.28624892235  2081255
7.34163594246  2050982
7.35791802406  2050617
7.35899782181  2050485
7.38788199425  2050465
7.40373182297  2050039
7.41421580315  2049854
7.44303894043  2049377
7.44744086266  2049298
7.45642089844  2048647
7.45922088623  2048586
7.46267700195  2047829
7.51682782173  2043697
7.52805280685  2041219
7.53551888466  2037375
7.54416894913  2017305
7.56687688828  2015282
7.59522485733  2014467
7.60239386559  2012308
7.61636996269  2012219
7.62391090393  2009514
7.69074392319  2009124
7.69664382935  2008177
7.69936680794  2007858
7.70876598358  2007446
7.73281979561  2007188
7.74364590645  2003774
7.75574302673  2003224
7.77817392349  2002595
7.78653383255  1999937
7.79568099976  1988716
18.9896299839  1986278
19.0444839001  1986239
19.0532758236  1985354
19.0901730061  1984704
19.1442348957  1984386
19.2020819187  1984144
19.4158518314  1984053
19.4500408173  1983351
19.6223609447  1982598
19.6568880081  1978656
19.6966769695  1978047
19.7485909462  1977467
19.7605948448  1977190
19.9885528088  1972944
20.0900948048  1972522
20.1360938549  1971794
20.2077519894  1971755
20.2109730244  1971107
20.370693922  1970648
20.3779459  1964488
20.4023458958  1964185
20.4267728329  1961615
20.5122790337  1961184
20.6515138149  1960691
20.7242138386  1958076
20.9181218147  1957133
20.9389638901  1952950
20.9647948742  1952523
20.9924438  1952515
21.0508658886  1951743
21.1094880104  1950385
21.1765270233  1949106
21.3300390244  1948906
21.4045448303  1948850
21.4258899689  1947421
21.4538929462  1945915
21.4584829807  1944153
21.5098118782  1943574
21.5852539539  1942873
21.7435209751  1931348
21.756759882  1931282
21.8474009037  1930778
21.9376029968  1930550
21.9478228092  1930134
22.0332829952  1930001
22.0483119488  1929439
22.0637238026  1926538
22.1015889645  1926454
22.1201689243  1923875
22.206938982  1923780
22.2393598557  1923302
22.3169379234  1922921
22.3793418407  1921253
22.3810019493  1919856
22.4886620045  1918785
22.5683999062  1918553
22.6436548233  1916731
22.7560009956  1916672
50.0187048912  1912592
50.0193898678  1911336
50.0250298977  1910051
50.0396969318  1904663
50.0586349964  1898701
50.0847349167  1898475
50.1006479263  1897902
50.1975138187  1895503
50.2179088593  1891517
50.2656319141  1891014
50.2899827957  1883512
50.315101862  1883232
50.3174479008  1883222
50.3214299679  1882963
50.3374049664  1877516
50.3390209675  1873842
50.3716897964  1873754
50.4227948189  1873017
50.43699193  1872194
50.4395267963  1870904
50.4750080109  1866548
50.5289490223  1865908
50.6223168373  1863843
50.6535480022  1863678
50.6684668064  1863501
50.7129068375  1859048
50.7274138927  1857988
50.7609708309  1856916
50.7986190319  1856758
50.8384468555  1854517
50.8387849331  1854320
50.9017839432  1832589
50.9875249863  1832366
51.0277459621  1831129
51.0779259205  1827259
51.192057848  1825610
51.1940748692  1825302
51.2137880325  1824933
51.222443819  1823279
51.2897548676  1822673
51.3547008038  1822288
51.4484629631  1821764
51.4526078701  1821729
51.4909219742  1821727
63.1569240093  1811676
63.2042398453  1811259
63.2903590202  1810809
