0.0412971973419  7428596
0.0414640903473  7427066
0.0416021347046  7349315
0.0423541069031  7341976
0.0425250530243  7319345
0.0426859855652  7302521
0.0428471565247  7300795
0.0438029766083  7291521
0.0439569950104  7288355
0.0441000461578  7232983
0.0442430973053  7182449
0.0443780422211  7167302
0.0447490215302  7157206
0.045487165451  7153063
0.0457351207733  7150973
0.0459849834442  7131901
0.0462510585785  7131115
0.0463781356812  7128897
0.0466480255127  7122617
0.0470671653748  7091714
0.0474951267242  7088185
0.0477931499481  7074422
0.0485610961914  7047537
0.0491859912872  7047172
0.0493161678314  7046946
0.0495691299438  7037404
0.0512042045593  7032465
0.0514571666718  7031993
0.0519599914551  7024522
0.0523371696472  6958257
0.0527091026306  6946592
0.0528349876404  6810398
0.0529611110687  6809527
0.0530860424042  6755157
0.0539472103119  6631356
0.0541961193085  6628952
0.0546941757202  6598080
0.0548210144043  6595986
0.0550711154938  6595503
0.0551970005035  6592732
0.0554511547089  6592092
0.0555779933929  6545724
0.0557169914246  6529145
0.0562450885773  6490013
0.0565249919891  6441385
0.0567979812622  6441261
0.057195186615  6426706
0.0581970214844  6424013
0.0585691928864  6401850
0.0589420795441  6383267
0.0593152046204  6382558
0.0596861839294  6359716
0.0599360466003  6356839
0.0600621700287  6350430
0.060310125351  6348069
0.0605590343475  6309816
0.060809135437  6306365
0.061182975769  6142752
0.0614321231842  6118020
0.0620510578156  6113758
0.0621771812439  6109952
0.062931060791  6107346
0.0630571842194  6099816
0.0631999969482  6080348
0.0639231204987  6075071
0.0641942024231  6073647
0.064462184906  6000373
0.0647330284119  6000331
0.0657241344452  5993252
0.0658521652222  5959231
0.0662250518799  5955556
0.0663540363312  5953798
0.0674760341644  5903040
0.0678520202637  5899228
0.0681011676788  5895307
0.0683531761169  5886520
0.0687370300293  5881044
0.0689890384674  5844807
0.0691161155701  5819394
0.069365978241  5807156
0.0698611736298  5804794
0.0707290172577  5793476
0.0711011886597  5788376
0.0713541507721  5782824
0.0714821815491  5775741
0.0717360973358  5772256
0.0719871520996  5749207
0.072781085968  5739373
0.0736680030823  5739193
0.0757551193237  5719046
0.0758941173553  5713432
0.0766830444336  5699529
0.0770771503448  5693708
0.0774741172791  5690523
0.0785369873047  5686237
0.0788149833679  5663893
0.0793790817261  5648116
0.0797080993652  5645809
0.0799980163574  5637131
0.0801420211792  5632525
0.0805730819702  5624808
0.0809960365295  5618263
0.0812721252441  5617119
0.0821449756622  5608778
0.0836350917816  5539219
0.0847630500793  5529698
0.0848920345306  5497935
0.0851430892944  5492393
0.0866501331329  5491372
0.0875492095947  5474683
0.0878510475159  5465822
0.0889902114868  5454585
0.0894110202789  5449779
0.0909311771393  5441630
0.0915560722351  5432618
0.0919320583344  5410783
0.0923089981079  5352889
0.0929341316223  5333416
0.0930631160736  5297090
0.0933151245117  5285598
0.0946960449219  5283497
0.0954539775848  5241999
0.0959579944611  5240666
0.0961000919342  5240490
0.0962281227112  5239266
0.0978381633759  5239119
0.0983200073242  5231150
0.0985951423645  5228536
0.0993831157684  5228087
0.0996370315552  5223488
0.101526975632  5207523
0.101656198502  5207087
0.101911067963  5206173
0.10203909874  5174974
0.103038072586  5169263
0.103541135788  5153649
0.104417085648  5114534
0.105169057846  5110723
0.105694055557  5104529
0.10596203804  5087033
0.106099128723  5085256
0.106429100037  5067454
0.106720209122  5066777
0.106990098953  5055935
0.107264041901  5046353
0.10751414299  5036081
0.108146190643  4998044
0.108403205872  4985129
0.109909057617  4984937
0.11305308342  4968581
0.114804983139  4967797
0.115365982056  4947061
0.116101980209  4934054
0.116679191589  4930029
0.116980075836  4929049
0.117603063583  4870866
0.117750167847  4870608
0.119172096252  4867250
0.119601011276  4865302
0.121237039566  4864389
0.121996164322  4862484
0.12239408493  4847463
0.123211145401  4845774
0.123885154724  4810537
0.124022006989  4798227
0.124292135239  4780664
0.125339031219  4774502
0.126219987869  4771077
0.126600027084  4763103
0.127860069275  4735461
0.12824010849  4722812
0.133290052414  4716122
0.134552001953  4707997
0.135812044144  4707990
0.136692047119  4706677
0.137196063995  4702680
0.137326002121  4702492
0.137828111649  4687692
0.137956142426  4675821
0.138761043549  4670028
0.140539169312  4669640
0.141422986984  4669592
0.14243221283  4666411
0.143690109253  4664812
0.144945144653  4660293
0.14519906044  4655435
0.145704030991  4648117
0.146334171295  4641892
0.146463155746  4638922
0.148240089417  4638096
0.15199804306  4624985
0.152862071991  4624886
0.153128147125  4619383
0.153257131577  4584275
0.15527009964  4573594
0.156079053879  4565741
0.157999992371  4554842
0.159507036209  4553053
0.160387039185  4549082
0.160896062851  4498054
0.161026000977  4497010
0.161282062531  4483589
0.165927171707  4481190
0.166364192963  4420677
0.169427156448  4419303
0.169936180115  4412136
0.17006611824  4398121
0.170714139938  4365515
0.172849178314  4358447
0.173106193542  4355948
0.175237178802  4355119
0.176252126694  4350534
0.176760196686  4321345
0.179782152176  4318468
0.180584192276  4317104
0.185126066208  4299025
0.185389995575  4291301
0.187644004822  4289595
0.187781095505  4282796
0.188398122787  4265957
0.190019130707  4256297
0.191148996353  4229726
0.19292807579  4228764
0.194068193436  4209829
0.197179079056  4190201
0.199249982834  4186573
0.201011180878  4182144
0.202512025833  4181766
0.203265190125  4178899
0.206145048141  4175942
0.206524133682  4173207
0.209151983261  4171861
0.209532022476  4166438
0.209910154343  4164313
0.210412979126  4164194
0.211790084839  4161549
0.212291002274  4150741
0.213515996933  4150034
0.215527057648  4147383
0.215922117233  4134021
0.216307163239  4132059
0.217071056366  4129797
0.218590021133  4129354
0.222877979279  4121503
0.22367811203  4120105
0.224742174149  4061628
0.225144147873  4058631
0.22634100914  4057335
0.22664809227  4056991
0.227785110474  4046399
0.228672981262  4024290
0.229057073593  4023981
0.229693174362  4023936
0.23047208786  4021497
0.233403205872  4020316
0.233923196793  4016784
0.234054088593  3974928
0.23557806015  3973801
0.236347198486  3948422
0.239744186401  3945508
0.240751981735  3934917
0.241133213043  3934863
0.243019104004  3931501
0.244531154633  3923427
0.245545148849  3919998
0.247928142548  3915979
0.248818159103  3907228
0.255227088928  3902836
0.255483150482  3900709
0.256492137909  3884235
0.257121086121  3883922
0.258006095886  3883388
0.261147975922  3882440
0.264099121094  3846087
0.264379024506  3844069
0.26465511322  3842671
0.26637005806  3837965
0.267146110535  3836863
0.26916217804  3835627
0.269853115082  3834560
0.27094912529  3833772
0.272176027298  3792533
0.273712158203  3792526
0.273992061615  3783859
0.275264978409  3780993
0.279940128326  3780740
0.286236047745  3773008
0.287214994431  3738154
0.288382053375  3737634
0.291745185852  3735546
0.294741153717  3734053
0.29513001442  3728520
0.300513982773  3726577
0.302918195724  3722134
0.304814100266  3713356
0.306208133698  3709138
0.307991981506  3705761
0.312281131744  3704950
0.312412023544  3703754
0.317361116409  3697272
0.321465015411  3692811
0.323372125626  3676094
0.323629140854  3675120
0.324770212173  3619396
0.327404975891  3617192
0.328544139862  3615042
0.32918214798  3614910
0.332859039307  3613190
0.334058046341  3610715
0.335244178772  3609426
0.342614173889  3609339
0.343248128891  3608611
0.343883991241  3607235
0.345288991928  3604846
0.346304178238  3604120
0.346435070038  3602567
0.346815109253  3594063
0.348137140274  3591746
0.348554134369  3589906
0.351188182831  3580325
0.351834058762  3572695
0.352980136871  3571844
0.35678601265  3560465
0.363245010376  3559239
0.363377094269  3556520
0.364523172379  3555186
0.365535020828  3554032
0.36732006073  3550228
0.367449998856  3540187
0.367959976196  3520957
0.368089199066  3517539
0.368978023529  3509357
0.370724201202  3494896
0.376645088196  3474365
0.38035607338  3474031
0.38076710701  3395895
0.381177186966  3385654
0.3844871521  3319041
0.386317014694  3317285
0.387209177017  3315278
0.387716054916  3310205
0.39088010788  3294848
0.391010046005  3292627
0.391901016235  3292481
0.395554065704  3287349
0.396323204041  3283324
0.397844076157  3282750
0.398225069046  3282311
0.399483203888  3281845
0.403047084808  3279001
0.413547039032  3277127
0.415027141571  3269820
0.418527126312  3263772
0.419417142868  3263753
0.421003103256  3262048
0.428956031799  3260988
0.438519001007  3260093
0.44232416153  3254323
0.443765163422  3246572
0.443906068802  3242920
0.446074008942  3240883
0.446521997452  3239289
0.452490091324  3238748
0.453898191452  3236889
0.454792976379  3236008
0.457101106644  3234330
0.459904193878  3229497
0.467823982239  3229120
0.469488143921  3229106
0.470643043518  3211054
0.478908061981  3210883
0.480301141739  3209575
0.481635093689  3209340
0.482040166855  3189584
0.484335184097  3188986
0.48809504509  3172533
0.489135026932  3170619
0.491064071655  3169280
0.491578102112  3156321
0.493103981018  3143891
0.495007038116  3134401
0.495406150818  3133459
0.495800018311  3112775
0.495934009552  3108812
0.497004032135  3104720
0.497977018356  3103001
0.502932071686  3095072
0.504076004028  3095017
0.505212068558  3092971
0.507249116898  3088979
0.512922048569  3079549
0.517384052277  3076555
0.522528171539  3074875
0.524495124817  3074113
0.525255203247  3073553
0.526012182236  3073541
0.5333340168  3072183
0.534732103348  3071666
0.544828176498  3068344
0.547473192215  3067105
0.554681062698  3064071
0.563669204712  3062068
0.563935041428  3059606
0.568456172943  3059518
0.571967124939  3059271
0.572097063065  3057095
0.574635982513  3049843
0.577053070068  3043292
0.577311992645  3042418
0.581001996994  3040180
0.587260007858  3035509
0.590645074844  3032211
0.591173171997  3020470
0.605318069458  3009830
0.609170198441  3007840
0.60968208313  3007043
0.611087083817  3006689
0.614250183105  3005522
0.640576124191  3001727
0.648833036423  2998317
0.652235031128  2994961
0.654903173447  2990401
0.655162096024  2990242
0.667119026184  2990105
0.669511079788  2989231
0.67160820961  2988081
0.672759056091  2987691
0.67769908905  2982390
0.681380987167  2925143
0.683526039124  2923995
0.690539121628  2920189
0.694593191147  2916650
0.695264101028  2912070
0.698850154877  2907206
0.706530094147  2906314
0.712474107742  2906271
0.717513084412  2905849
0.726350069046  2905195
0.728425979614  2903540
0.731123209  2903064
0.732774019241  2902397
0.7364320755  2901428
0.746750116348  2830541
0.752277135849  2824985
0.753703117371  2822474
0.754741191864  2821339
0.755835056305  2802964
0.758229017258  2775731
0.760288000107  2774802
0.7632791996  2773881
0.76943898201  2772491
0.779566049576  2765607
0.780251979828  2765187
0.781102180481  2759342
0.794557094574  2756732
0.800290107727  2742835
0.803727149963  2737316
0.803984165192  2733816
0.804242134094  2726213
0.805576086044  2724056
0.812892198563  2715646
0.81618309021  2708781
0.823621988297  2707533
0.825903177261  2706942
0.827941179276  2703552
0.828075170517  2702371
0.831431150436  2700602
0.837176084518  2699331
0.841194152832  2682855
0.841850042343  2680247
0.844552993774  2678538
0.845825195312  2674642
0.848795175552  2671464
0.856473207474  2659122
0.865650177002  2654845
0.867624044418  2654386
0.868769168854  2652948
0.870937108994  2651872
0.873915195465  2651434
0.877943992615  2619379
0.881698131561  2618639
0.887200117111  2614815
0.890876054764  2613746
0.892878055573  2610018
0.897935152054  2602983
0.89923620224  2601852
0.903084993362  2601410
0.903604030609  2600592
0.90540099144  2598327
0.907793998718  2597149
0.914702177048  2596257
0.927208185196  2591315
0.929664134979  2590690
0.933067083359  2590500
0.936906099319  2573189
0.939799070358  2570019
0.949382066727  2567938
0.949645996094  2564147
0.957884073257  2562959
0.959179162979  2562954
0.962295055389  2562282
0.970938205719  2561877
0.975831031799  2557481
0.97635602951  2557473
0.98557305336  2556846
0.989087104797  2548933
0.995724201202  2544208
0.996001005173  2543173
0.997393131256  2542385
0.998248100281  2541725
1.00287508965  2537378
1.00300908089  2536175
1.01279807091  2536016
1.01820516586  2535508
1.01977300644  2531937
1.02236318588  2510441
1.02680802345  2502239
1.0285820961  2499686
1.03040313721  2479691
1.03418803215  2476854
1.05365419388  2475268
1.06913614273  2474434
1.07061219215  2473457
1.09371304512  2473206
1.11046719551  2473025
1.12347602844  2472146
1.14693713188  2469513
1.14899420738  2464924
1.14976215363  2462967
1.16419911385  2462497
1.16675400734  2462337
1.16874217987  2450965
1.17039012909  2450860
1.17153811455  2450742
1.17207598686  2450447
1.17708516121  2444478
1.19265604019  2442082
1.21213102341  2438225
1.21998810768  2437990
1.2256000042  2433383
1.23486709595  2432765
1.27267718315  2431615
1.27438020706  2431429
1.27644109726  2430754
1.27860403061  2391432
1.28467011452  2391224
1.28607702255  2388989
1.2880961895  2387901
1.31632113457  2386922
1.31716418266  2385009
1.32290101051  2368266
1.32572412491  2366564
1.32745599747  2364443
1.34252715111  2363385
1.35748720169  2347387
1.36638116837  2345578
1.37087011337  2344384
1.37317609787  2343177
1.37878417969  2343113
1.37904500961  2341003
1.39264917374  2337138
1.40295505524  2335798
1.40324115753  2335691
1.41494107246  2318838
1.42764019966  2318028
1.44870209694  2317853
1.45855903625  2317163
1.47122502327  2313619
1.50301909447  2309926
1.50514411926  2309848
1.51225805283  2307143
1.51253008842  2306626
1.51454210281  2305153
1.53642320633  2301855
1.54184699059  2300156
1.5445151329  2299649
1.54605197906  2297906
1.55200099945  2297060
1.5698530674  2296530
1.58285617828  2294849
1.59409499168  2294752
1.59849619865  2294706
1.60405111313  2294535
1.60932302475  2293423
1.63444209099  2291545
1.6462790966  2291493
1.64698505402  2290510
1.66046118736  2289693
1.66579604149  2287310
1.67041802406  2286552
1.67817616463  2284490
1.69033908844  2281445
1.70609116554  2280828
1.71815013885  2280476
1.71895098686  2278699
1.72517514229  2278257
1.72530698776  2277612
1.72632813454  2277579
1.72873616219  2276288
1.73560214043  2275087
1.73664402962  2260576
1.74458408356  2257340
1.75233817101  2256938
1.75364613533  2253147
1.76007819176  2252602
1.76702404022  2251781
1.77398514748  2251360
1.77944397926  2245044
1.77957820892  2241694
1.79469203949  2238935
1.80092406273  2238740
1.80588197708  2236553
1.84981799126  2236168
1.86284708977  2236008
1.86617302895  2235264
1.87588214874  2235117
1.90443110466  2232858
1.9103910923  2232777
1.91480517387  2230458
1.91687917709  2228455
1.92786216736  2228169
1.94923901558  2227769
1.97275304794  2218104
1.97584700584  2193201
1.97648501396  2192620
1.97712111473  2192611
1.97775602341  2192267
1.99039101601  2190446
2.00232720375  2189878
2.01343417168  2188243
2.01397800446  2186063
2.04310417175  2181940
2.04769611359  2181052
2.09008002281  2180145
2.10237216949  2179074
2.11619114876  2178105
2.13642907143  2174933
2.16116499901  2173508
2.18449306488  2172874
2.18713021278  2158946
2.18727016449  2156356
2.21748805046  2154019
2.2342569828  2152416
2.2430961132  2152275
2.24763417244  2151357
2.2544260025  2148716
2.27812409401  2148467
2.2891960144  2143563
2.29469919205  2142091
2.30273199081  2138597
2.31018614769  2126154
2.34126019478  2090901
2.35605502129  2090627
2.35694599152  2086777
2.39559817314  2083978
2.40141201019  2079782
2.4019382  2079279
2.4151570797  2078528
2.43168210983  2062532
2.45423603058  2056585
2.45744109154  2054495
2.49934220314  2051522
2.53544902802  2047569
2.53956818581  2046544
2.54624199867  2046307
7.33431601524  2046303
7.33660697937  2045923
7.36243915558  2043956
7.37936520576  2022572
7.38655018806  2021239
7.39100408554  2020997
7.39650917053  2020876
7.41214609146  2020615
7.44388318062  2019686
7.44908213615  2019611
7.48994612694  2019540
7.49584102631  2018428
7.49841713905  2016973
7.50809717178  2016239
7.51421308517  2015978
7.51730012894  2012497
7.52627110481  2008102
7.5284371376  2007664
7.52944111824  2007269
7.56048798561  2006104
7.57522201538  2006051
7.61085820198  2005881
7.63602614403  2004713
7.65496706963  2004111
7.66989016533  1998803
7.69071221352  1997256
7.7114880085  1996808
7.7122900486  1991944
7.72560405731  1991889
7.74594020844  1988846
7.75082015991  1988822
7.75147414207  1987783
7.75290703773  1983645
7.75936818123  1982375
7.77315115929  1981371
7.78969502449  1978637
7.79236412048  1978345
7.80633211136  1977939
7.82437705994  1977758
7.83796000481  1968039
7.84389519691  1963867
7.84749102592  1944704
7.84985518456  1944544
7.85655713081  1943525
7.8677341938  1942357
7.88758420944  1942354
7.89376711845  1939677
7.89653301239  1939645
7.90056705475  1939284
7.90311813354  1937355
7.91360116005  1935347
7.91861510277  1935133
7.92474007607  1934424
7.93732905388  1933830
7.94697117805  1933128
7.96990704536  1933088
7.99468302727  1932989
8.010668993  1929618
8.02736115456  1928501
8.05393004417  1928034
8.05485200882  1926994
8.06997418404  1926108
8.10515213013  1926034
8.10784220695  1925629
8.13963603973  1924624
8.15180802345  1922511
8.16129302979  1901125
8.17089700699  1899932
8.19830107689  1899205
8.21571516991  1897450
8.22439813614  1896241
8.26769900322  1886470
8.30849909782  1886186
8.32020711899  1885454
8.32761597633  1884817
8.35852503777  1884376
8.38856601715  1884119
8.39260005951  1881223
8.3998901844  1880655
8.40321803093  1870442
8.44431304932  1870292
8.45659804344  1869986
8.49061703682  1869823
8.49977207184  1869496
8.54067111015  1867313
8.56855416298  1867020
8.58114314079  1866849
8.596971035  1865377
8.60315799713  1864731
17.6320540905  1862692
17.6456861496  1860890
17.6568360329  1858986
17.6683421135  1858683
17.6733109951  1858557
17.6925361156  1853973
17.6941111088  1848926
17.7163031101  1844016
17.7164549828  1842095
17.7177600861  1841757
17.7229671478  1841254
17.7339429855  1840824
17.739397049  1840430
17.7471311092  1840208
17.7745921612  1839758
17.791216135  1838865
17.8127541542  1838435
17.8249599934  1837563
17.8465511799  1836030
17.8501081467  1835747
17.8527200222  1831214
17.8744170666  1831040
17.875975132  1830800
17.8903059959  1828818
17.9087150097  1827547
17.9091131687  1823330
17.9175350666  1823317
17.922109127  1816070
17.9419541359  1815347
17.9443771839  1815335
17.9667670727  1814574
17.9750959873  1812066
17.9999730587  1811307
18.0033121109  1806220
18.0035891533  1806065
18.0081851482  1805768
18.0306611061  1805102
18.0421931744  1799148
18.0927381516  1798654
18.0948200226  1791696
18.102845192  1788325
18.104279995  1786141
18.1153039932  1786071
18.1256010532  1783084
18.1292090416  1777560
18.133575201  1776943
18.1434140205  1776730
18.1889841557  1775559
18.2282171249  1761374
18.2972621918  1761226
18.2992370129  1759246
18.3084599972  1758774
18.3112871647  1758222
18.3200511932  1757125
18.3681571484  1757040
18.3728940487  1751821
18.386893034  1750470
18.3871600628  1750077
18.4227170944  1749580
18.4354960918  1749424
18.4671361446  1748750
18.4729549885  1748131
18.4970049858  1742114
92.2308170795  1740950
92.233877182  1738671
92.252202034  1738571
92.2596330643  1728686
92.282679081  1728655
92.2830991745  1726445
92.2847421169  1722762
92.3021490574  1722620
92.3589580059  1722230
92.3893060684  1720555
92.4072442055  1720426
92.4145870209  1717080
95.4214060307  1717075
95.4619522095  1716588
95.462346077  1713766
95.465378046  1712481
95.5072200298  1712018
95.5086100101  1711448
95.5152230263  1711298
95.5263571739  1709716
95.5358030796  1709652
95.5718710423  1706506
95.6158351898  1706487
95.6274449825  1706226
95.6302211285  1705365
95.6329681873  1701843
95.6479990482  1700779
95.6572401524  1700103
95.6585040092  1698226
95.6919121742  1697975
95.6994721889  1697041
95.7017450333  1679670
95.7048251629  1679473
95.7049620152  1678878
95.7263581753  1676583
95.7415511608  1676054
95.7466571331  1675065
95.7473261356  1670233
95.770786047  1669469
95.8086471558  1669159
95.8130831718  1668304
95.8154830933  1668202
95.8178150654  1667211
95.8259840012  1666902
95.8570570946  1666388
95.8601961136  1666292
95.8765921593  1666195
95.8867900372  1666186
95.9062690735  1665456
95.9091360569  1664915
95.9293301105  1660267
95.9696960449  1659486
