0.0409259796143  7055929
0.0416538715363  7046145
0.0417938232422  7040045
0.0420119762421  7015709
0.0423548221588  6998933
0.0427370071411  6980349
0.0428738594055  6975355
0.0433249473572  6948399
0.0434617996216  6923332
0.0446288585663  6918457
0.0450518131256  6914531
0.045206785202  6912335
0.0454518795013  6909865
0.0466918945312  6896844
0.0468308925629  6892463
0.0482478141785  6886975
0.0484628677368  6885801
0.0486109256744  6883515
0.0489149093628  6880553
0.050393819809  6874952
0.0511507987976  6840383
0.0518038272858  6831176
0.0536468029022  6814150
0.0537858009338  6808905
0.0540018081665  6801609
0.0550708770752  6796204
0.0567967891693  6760615
0.0569348335266  6756155
0.0587317943573  6729664
0.0615317821503  6728417
0.062136888504  6723899
0.0622940063477  6719695
0.062698841095  6707202
0.0628368854523  6694683
0.0631330013275  6691442
0.0633499622345  6688914
0.0634880065918  6686518
0.0637059211731  6682791
0.0643358230591  6675920
0.0645527839661  6665987
0.0658349990845  6664687
0.0661308765411  6657848
0.0665049552917  6657837
0.0666418075562  6571458
0.0670938491821  6552542
0.0699088573456  6527501
0.0725929737091  6526463
0.0727319717407  6522154
0.0755949020386  6502357
0.0762839317322  6500488
0.0768158435822  6482086
0.0799729824066  6447097
0.080109834671  6441004
0.083153963089  6424739
0.086452960968  6392014
0.0873329639435  6388004
0.0881879329681  6380637
0.0913279056549  6373747
0.0927259922028  6368362
0.0961208343506  6355207
0.0997188091278  6338375
0.100092887878  6337854
0.10023188591  6337297
0.100447893143  6333415
0.100997924805  6244181
0.101135969162  6243739
0.105268001556  6239713
0.105492830276  6236857
0.111773967743  6220870
0.112175941467  6211271
0.112361907959  6208578
0.11286687851  6188111
0.113052845001  6182861
0.113344907761  6177519
0.11834192276  6176995
0.1229159832  6162113
0.123055934906  6160407
0.123428821564  6159934
0.124981880188  6158879
0.125118970871  6157487
0.125961780548  6157396
0.126882791519  6156822
0.127987861633  6155636
0.133002996445  6151669
0.134494781494  6151383
0.135491847992  6150305
0.139214992523  6146730
0.139353990555  6146332
0.142982959747  6145808
0.14808177948  6127479
0.153295993805  6118294
0.153458833694  6112094
0.158764839172  6108592
0.163173913956  6108493
0.16596198082  6102036
0.171780824661  6100022
0.177659988403  6074650
0.177892923355  6054812
0.178369998932  6046169
0.178968906403  6023459
0.179214000702  6021449
0.182290792465  6018201
0.185345888138  6009206
0.185513973236  6005869
0.19215798378  6003153
0.192384004593  5997094
0.200244903564  5975490
0.207099914551  5966762
0.208425998688  5955207
0.209641933441  5944540
0.216804981232  5938771
0.216943979263  5936876
0.224662780762  5926096
0.224800825119  5894407
0.225016832352  5892401
0.225313901901  5888865
0.226082801819  5875880
0.226535797119  5869752
0.227304935455  5855316
0.22823882103  5852723
0.23028087616  5841822
0.231447935104  5832391
0.239161968231  5815340
0.239300012589  5794772
0.24819278717  5790312
0.248710870743  5781091
0.257654905319  5774636
0.257814884186  5740106
0.267252922058  5730560
0.267414808273  5725326
0.267632961273  5723356
0.269797801971  5716429
0.269957780838  5714987
0.271787881851  5700459
0.280412912369  5682981
0.280550956726  5645487
0.291227817535  5640384
0.291523933411  5629374
0.291739940643  5618807
0.292112827301  5602226
0.292567014694  5580302
0.292704820633  5557715
0.293552875519  5536697
0.293689966202  5505592
0.294026851654  5504906
0.294164896011  5411893
0.295094013214  5361774
0.295230865479  5356253
0.297030925751  5352572
0.297168970108  5350905
0.297462940216  5339313
0.298074007034  5336096
0.298210859299  5298434
0.298901796341  5297068
0.30238199234  5291546
0.30424785614  5291489
0.315926790237  5290355
0.31606388092  5262493
0.328130960464  5257827
0.332811832428  5257485
0.336454868317  5243066
0.348250865936  5231311
0.348388910294  5200957
0.361089944839  5193220
0.361462831497  5183758
0.361600875854  5181795
0.363951921463  5180054
0.364288806915  5180007
0.364740848541  5171682
0.366770982742  5165949
0.366943836212  5135214
0.379495859146  5124240
0.379635810852  5095742
0.395411968231  5089139
0.395550012589  5078656
0.396058797836  5034557
0.39625787735  5034336
0.396492004395  5033034
0.396795988083  5029383
0.39718079567  5023790
0.397890806198  5002511
0.398032903671  4993055
0.398994922638  4987690
0.399379968643  4981269
0.399533987045  4979586
0.401148796082  4976714
0.401695966721  4971481
0.401918888092  4936715
0.402302980423  4933486
0.403254985809  4921499
0.403476953506  4920737
0.403860807419  4910572
0.405860900879  4909305
0.406081914902  4908858
0.406614780426  4906855
0.406752824783  4906338
0.407047986984  4898220
0.407895803452  4897367
0.408978939056  4894280
0.409351825714  4892691
0.409488916397  4891033
0.41175699234  4885549
0.412802934647  4876995
0.412940979004  4875348
0.413314819336  4875311
0.413530826569  4866890
0.414119958878  4857630
0.417487859726  4856354
0.418027877808  4855128
0.418401002884  4846208
0.420040845871  4844749
0.420257806778  4843430
0.420393943787  4843421
0.421903848648  4841724
0.42698097229  4839305
0.42804479599  4813618
0.42874288559  4813567
0.429287910461  4811976
0.430112838745  4811444
0.434237957001  4801593
0.434404850006  4792233
0.440377950668  4784830
0.443293809891  4783957
0.443978786469  4761614
0.460541963577  4757280
0.479122877121  4756069
0.479465961456  4742201
0.484038829803  4739009
0.487816810608  4733411
0.488054990768  4726117
0.504365921021  4722000
0.505136013031  4692744
0.505824804306  4691103
0.522796869278  4683519
0.522933959961  4683477
0.539351940155  4681555
0.539489984512  4679905
0.556216001511  4676208
0.556432962418  4665194
0.556569814682  4658910
0.55686378479  4658062
0.573812961578  4648544
0.573968887329  4635553
0.592460870743  4628421
0.592700958252  4617304
0.592839956284  4612853
0.611921787262  4592859
0.612091779709  4559901
0.635392904282  4551696
0.635736942291  4551382
0.635976791382  4550589
0.636138916016  4547028
0.6366147995  4540030
0.636773824692  4538880
0.637266874313  4537289
0.637403964996  4533827
0.637934923172  4532546
0.638938903809  4505789
0.639311790466  4489929
0.640240907669  4488611
0.641008853912  4488373
0.641616821289  4487525
0.64191198349  4485452
0.642283916473  4483097
0.643049955368  4478077
0.644341945648  4466051
0.644497871399  4449570
0.663741827011  4440266
0.663890838623  4418755
0.683132886887  4412491
0.683276891708  4400747
0.683503866196  4387909
0.683687925339  4381709
0.684014797211  4361255
0.684407949448  4351437
0.684544801712  4350361
0.685278892517  4344603
0.68542098999  4344430
0.685748815536  4341028
0.705113887787  4335165
0.705254793167  4313842
0.728715896606  4281124
0.749101877213  4279863
0.769218921661  4253280
0.808390855789  4252416
0.849467992783  4250292
0.892608880997  4247216
0.933671951294  4237203
0.974244832993  4230489
1.02214789391  4139681
1.07547783852  4137316
1.11507201195  4121417
1.15693879128  4121181
1.19617891312  4105526
1.23701190948  4026048
1.27842497826  4021653
1.31845283508  4013576
1.35847878456  4013359
1.4343419075  3988559
1.51098895073  3981825
1.58839583397  3981696
1.62665390968  3979573
1.70308494568  3977076
1.74153089523  3976273
1.81776690483  3946666
1.8564209938  3943545
1.93227481842  3930461
1.97112393379  3929285
2.04716300964  3908556
2.0857489109  3905382
2.16317296028  3901739
2.20147299767  3898980
2.27785682678  3896854
2.35397100449  3856960
2.43095183372  3855783
2.52598595619  3844945
2.62079882622  3843521
2.72193479538  3833276
2.82230877876  3831973
2.94080686569  3828140
3.05410194397  3805664
3.16756296158  3799056
3.36153292656  3785074
3.56740784645  3745892
3.77973985672  3743017
3.9956870079  3733901
4.2063729763  3696879
4.4949798584  3690113
4.80460500717  3688621
5.14138579369  3685677
5.55573487282  3685440
5.9705247879  3615159
6.3779129982  3608308
6.79152083397  3572219
7.19720101357  3569521
7.60669898987  3567405
8.01426887512  3549235
8.42320489883  3547277
8.8213019371  3516848
9.22107601166  3464070
9.62621188164  3459074
10.0526068211  3450288
