0.0384058952332  6597682
0.0388748645782  6584576
0.0393309593201  6569035
0.0398659706116  6564329
0.0407178401947  6549266
0.0409598350525  6548598
0.0414028167725  6541368
0.0435888767242  6536438
0.0441818237305  6536422
0.0444569587708  6516363
0.0452539920807  6514651
0.0457108020782  6502416
0.045923948288  6474914
0.0468678474426  6462211
0.0470809936523  6461246
0.0487987995148  6459372
0.0506007671356  6457689
0.0512218475342  6451727
0.0514118671417  6450432
0.0528128147125  6449578
0.0538458824158  6445947
0.0554559230804  6445536
0.0560607910156  6444027
0.0561978816986  6443909
0.0577437877655  6440780
0.0595569610596  6439509
0.059693813324  6436823
0.0615899562836  6431815
0.0637328624725  6431442
0.0639197826385  6423151
0.0646138191223  6422839
0.0667908191681  6420743
0.0701589584351  6417856
0.0702958106995  6410610
0.0708239078522  6407735
0.0709609985352  6403657
0.07164478302  6385785
0.071781873703  6385166
0.0719947814941  6360431
0.072833776474  6358291
0.073089838028  6353272
0.0741639137268  6336510
0.0743799209595  6332499
0.0747499465942  6313877
0.0748867988586  6306244
0.0773758888245  6302389
0.0785419940948  6301446
0.0820648670197  6299902
0.0823588371277  6289944
0.0824959278107  6285494
0.0862588882446  6285272
0.0863947868347  6268261
0.0866088867188  6268242
0.0867459774017  6265280
0.0870378017426  6257039
0.0908448696136  6256706
0.0948288440704  6253859
0.0961039066315  6253682
0.0962817668915  6253249
0.0965299606323  6252859
0.0978579521179  6248748
0.102358818054  6247686
0.102496862411  6245169
0.10666680336  6243306
0.106803894043  6243263
0.107018947601  6241938
0.111647844315  6241269
0.111820936203  6241118
0.112038850784  6238005
0.116740942001  6236100
0.116897821426  6233736
0.122529983521  6232819
0.122707843781  6193783
0.128894805908  6192233
0.129079818726  6177537
0.130672931671  6177007
0.13189291954  6173670
0.132775783539  6118983
0.132987976074  6100874
0.133923768997  6098536
0.135464906693  6091603
0.13579583168  6080121
0.13733291626  6078275
0.137542963028  6076140
0.139110803604  6074106
0.139302968979  6063627
0.14079785347  6063288
0.147280931473  6061596
0.14741897583  6044850
0.149364948273  6041127
0.149579763412  6039675
0.150028944016  6029813
0.15016579628  6029790
0.150381803513  6029326
0.150673866272  6027215
0.152334928513  6022560
0.162533998489  6021351
0.170783996582  6020317
0.179967880249  6018979
0.180144786835  6004051
0.180598974228  5981538
0.180766820908  5978070
0.18169593811  5977072
0.183179855347  5976080
0.183592796326  5973846
0.183733940125  5971932
0.183974981308  5967764
0.184643983841  5963224
0.186696767807  5962897
0.187390804291  5945761
0.187533855438  5945012
0.196846961975  5942232
0.197044849396  5942220
0.197337865829  5936919
0.208712816238  5935857
0.208906888962  5930803
0.219751834869  5927987
0.219903945923  5927402
0.220150947571  5922012
0.220613956451  5914170
0.220835924149  5894712
0.221218824387  5884595
0.221762895584  5853141
0.221903800964  5851137
0.222931861877  5845555
0.223072767258  5809818
0.233050823212  5808477
0.233199834824  5808439
0.233424901962  5799198
0.244607925415  5797371
0.244893789291  5747599
0.259708881378  5746203
0.25990986824  5737702
0.260710000992  5735498
0.260852813721  5734570
0.261403799057  5697688
0.262740850449  5694268
0.276494979858  5691415
0.276780843735  5691235
0.291453838348  5690171
0.29159784317  5682545
0.303601980209  5679782
0.303744792938  5679767
0.315534830093  5678670
0.329974889755  5678503
0.330320835114  5678120
0.330779790878  5676487
0.345092773438  5676429
0.345236778259  5665006
0.345454931259  5664180
0.345750808716  5664037
0.346124887466  5654717
0.362407922745  5654347
0.374977827072  5653006
0.375435829163  5652713
0.388111829758  5652243
0.388885974884  5652073
0.389338970184  5651892
0.402124881744  5651145
0.416389942169  5650762
0.4166867733  5630527
0.417382955551  5627704
0.418231964111  5627418
0.418527841568  5576394
0.418665885925  5573061
0.420013904572  5572941
0.420467853546  5572796
0.437377929688  5572680
0.458021879196  5572264
0.460405826569  5572223
0.460621833801  5571939
0.461557865143  5571699
0.463185787201  5570046
0.463473796844  5568481
0.463775873184  5561320
0.465152978897  5557919
0.481380939484  5556967
0.501524925232  5556845
0.501676797867  5550985
0.501891851425  5542057
0.502028942108  5534249
0.502322912216  5528155
0.502771854401  5504441
0.503615856171  5502011
0.503830909729  5470642
0.50559091568  5461914
0.505971908569  5451217
0.506416797638  5440518
0.511413812637  5438021
0.51162981987  5436389
0.51206278801  5435554
0.512259960175  5432378
0.51358795166  5429851
0.514430999756  5425953
0.515367984772  5376597
0.515535831451  5335369
0.516765832901  5335075
0.522076845169  5332857
0.530624866486  5331211
0.53089594841  5330826
0.531253814697  5326892
0.535612821579  5326790
0.535874843597  5326310
0.552671909332  5326181
0.553062915802  5266702
0.553822994232  5262842
0.554013967514  5258116
0.554605960846  5245487
0.555238962173  5245483
0.55562877655  5237666
0.556342840195  5236887
0.574340820312  5235870
0.597079992294  5235513
0.617983818054  5234993
0.618157863617  5187860
0.618497848511  5182922
0.619035959244  5176977
0.619682788849  5176975
0.620813846588  5175893
0.623089790344  5172291
0.624079942703  5169485
0.624221801758  5168632
0.624525785446  5168179
0.624667882919  5167292
0.62505197525  5134327
0.626256942749  5130427
0.644369840622  5130172
0.663930892944  5130097
0.664078950882  5128939
0.666231870651  5120490
0.668185949326  5119211
0.670216798782  5118538
0.67035984993  5102645
0.683243989944  5101702
0.689381837845  5100922
0.707499980927  5099281
0.707919836044  5098332
0.72652387619  5098033
0.726705789566  5097592
0.744978904724  5096778
0.745117902756  5096700
0.745334863663  5092546
0.763967990875  5092427
0.764264822006  5089235
0.764403820038  5085426
0.764802932739  5068046
0.764940977097  5068007
0.765157938004  5066699
0.765691995621  5062628
0.765829801559  5024721
0.766363859177  5014261
0.769160985947  5013650
0.771372795105  5009262
0.771510839462  5008665
0.796898841858  5007185
0.822814941406  5007167
0.823125839233  4993038
0.84309387207  4989631
0.863686800003  4988339
0.887964963913  4988329
0.88817691803  4988184
0.938989877701  4986450
0.983714818954  4986398
1.04944396019  4986252
1.12692785263  4985363
1.20708298683  4985328
1.27002978325  4978861
1.34445786476  4977863
1.36537694931  4977781
1.43126678467  4969407
1.43150091171  4969360
1.50536489487  4967689
1.50563693047  4967471
1.53021883965  4967426
1.58861994743  4960685
1.65831899643  4954874
1.65865588188  4954838
1.65888285637  4954736
1.73425483704  4951869
1.73468089104  4951834
1.8091378212  4951259
1.80939483643  4951149
1.88114094734  4945222
1.95777583122  4943500
1.95807099342  4943271
1.9828338623  4943207
2.04574298859  4942131
2.10824489594  4923913
2.17306089401  4919570
2.23853898048  4919374
2.23877692223  4919354
2.23892092705  4919252
2.30581784248  4916928
2.37166595459  4907389
2.4375038147  4906627
2.49997282028  4904662
2.50019884109  4904577
2.57445788383  4904361
2.57469892502  4904315
2.64161586761  4901803
2.7088329792  4900868
2.7090909481  4900833
2.7784819603  4900694
2.7787258625  4900638
2.84378194809  4900629
2.90806794167  4899354
2.97981882095  4896797
2.98005700111  4896688
3.05097079277  4895752
3.05126976967  4895634
3.11648488045  4893229
3.17650985718  4887442
3.24544882774  4886922
3.31873393059  4885969
3.38481783867  4885015
3.45965886116  4878311
3.46001386642  4878067
3.48785090446  4877871
3.57168793678  4875379
3.63930296898  4875236
3.70469284058  4874622
3.81171798706  4869963
3.92716097832  4861338
4.04318284988  4860089
4.18273496628  4852985
4.32654500008  4852745
4.47284388542  4851783
4.60317993164  4851081
4.7512049675  4850611
4.88298988342  4849550
5.00802779198  4849177
5.13127493858  4838165
5.26304793358  4837774
5.38370394707  4834661
5.52896094322  4832715
5.65235495567  4824163
5.7766149044  4821994
5.77709579468  4821681
5.80099892616  4821385
5.80118489265  4807886
5.82388591766  4805318
5.84417200089  4804694
5.86577892303  4800981
5.88722085953  4799574
5.92606186867  4794008
5.96483278275  4790103
6.00814580917  4789684
6.05517196655  4788373
6.14679288864  4786152
6.2575469017  4783991
6.36648797989  4783825
6.48365998268  4783589
6.59666776657  4778116
6.70751595497  4777369
6.82324290276  4774643
6.93432688713  4774032
7.04682278633  4774018
7.16191077232  4773935
7.27591586113  4772862
7.37874698639  4769863
7.49027991295  4767483
7.59655880928  4766336
7.71161293983  4759906
7.81732487679  4759246
7.92230391502  4758340
8.02568483353  4758314
8.1288318634  4754881
8.23170280457  4753714
8.33348298073  4753612
8.44400286674  4753526
8.5551199913  4752572
8.67377281189  4749499
8.78516387939  4749073
8.9137969017  4748047
9.01812386513  4746418
9.13078379631  4745897
9.23949098587  4745706
9.36773085594  4743925
9.42984199524  4743914
9.53851079941  4737385
9.60533189774  4736782
9.71632885933  4736679
9.83310985565  4736114
9.95964479446  4735805
10.1074438095  4735768
10.2374949455  4731997
10.4024047852  4731941
10.5361177921  4728532
10.6650168896  4728247
10.8636968136  4723588
11.0664279461  4721589
11.2064228058  4721132
11.3296058178  4721110
11.4455769062  4720927
11.5761089325  4720925
11.7582659721  4719638
11.933814764  4718579
12.1077859402  4715813
12.2935659885  4715629
12.4627168179  4715570
12.6496489048  4712834
12.8161988258  4712335
12.9755499363  4712088
13.1372737885  4711423
13.3025548458  4710899
13.4743897915  4710846
13.6376359463  4710007
13.7950029373  4705305
13.9524757862  4705171
14.1125397682  4705164
14.2692267895  4703999
14.4407789707  4703940
14.6247217655  4703304
14.8107409477  4699423
14.8114938736  4699382
14.811880827  4699066
14.8124339581  4699040
14.8130648136  4698983
14.8138408661  4698930
14.9080889225  4698537
14.9245707989  4698279
14.9249019623  4697952
14.9253358841  4692608
14.9254758358  4686812
14.9260089397  4674260
14.929918766  4671041
14.9379248619  4670252
14.9383797646  4660771
14.9385178089  4659478
14.9542398453  4659351
14.9697639942  4658327
15.0043787956  4657393
15.0992958546  4657254
15.1966819763  4656340
15.2942869663  4655996
15.3733718395  4655298
15.4702317715  4655032
15.5671348572  4654682
15.6680128574  4653213
15.7675418854  4648645
15.8687558174  4647444
15.9642729759  4636882
16.0659248829  4631737
16.1619729996  4624402
16.2604317665  4616030
16.3971259594  4613862
16.5328948498  4612411
16.6896519661  4610085
16.8340978622  4609469
16.9711339474  4578320
17.130576849  4575230
17.2845578194  4574556
17.4249479771  4546268
17.5783998966  4545170
17.74198699  4544724
17.9044959545  4543979
18.0467309952  4542916
18.2015769482  4541755
18.3383259773  4541114
18.4712049961  4539574
18.606746912  4538864
18.7435429096  4537231
18.8824667931  4537054
19.0196487904  4535977
19.1641888618  4535763
19.3100719452  4535468
19.4424688816  4535320
19.5782058239  4534357
19.7130899429  4533856
19.8637838364  4533690
20.0015099049  4532772
20.0787467957  4532608
20.159526825  4532517
20.2409977913  4532513
20.3248748779  4532045
20.4013397694  4530593
20.4860289097  4529038
20.5686359406  4527945
20.6516668797  4527768
20.7346467972  4527746
20.8140177727  4527509
20.9073138237  4527038
21.0598399639  4523945
21.2447237968  4523139
21.4191348553  4521088
21.6180958748  4517501
21.8315777779  4517213
22.0504608154  4516203
22.2746529579  4516187
22.4953448772  4514810
22.7203679085  4513998
22.9401187897  4513358
23.1818468571  4512850
23.4336738586  4512795
23.6676819324  4511921
23.895554781  4510703
24.1283318996  4510309
24.3543798923  4509989
24.585711956  4508279
24.8258888721  4507527
24.981730938  4506843
25.1892528534  4489768
25.3427259922  4487358
25.5549988747  4482723
25.7749397755  4479745
26.0001289845  4476169
26.2362728119  4476168
26.4628667831  4470079
26.7023909092  4469114
26.9165148735  4468957
27.1665668488  4468404
27.3381679058  4468156
27.5482068062  4467731
27.8684549332  4467477
28.1736798286  4389357
28.4852178097  4388825
28.7585728168  4388203
29.021491766  4388093
29.2969939709  4387862
29.5839209557  4296784
29.9041929245  4293829
30.2198219299  4290319
30.5353488922  4267977
30.8563308716  4265258
31.1543297768  4265203
31.4810278416  4260277
31.8056869507  4259371
32.1244609356  4257649
32.4480259418  4256434
32.7746939659  4255750
33.0705928802  4254152
33.3645899296  4254019
33.6479139328  4254014
33.9332458973  4252555
34.2340118885  4199199
34.4106659889  4199153
34.5874528885  4198348
34.747248888  4198268
34.9164969921  4196405
35.1230947971  4196371
35.3485248089  4196306
35.5584628582  4195989
35.7671558857  4195428
36.0093688965  4194432
36.2485239506  4194429
36.5208978653  4166608
36.7669768333  4166210
37.0415918827  4165752
37.2790439129  4165545
37.5672838688  4156058
37.7614409924  4155682
37.9609289169  4155077
38.2039709091  4154845
38.4831318855  4154838
38.7517998219  4143955
39.0047228336  4141978
39.0892598629  4141936
39.174325943  4141850
39.2597649097  4141407
39.543943882  4138067
39.5706729889  4138043
39.5959379673  4137732
39.820953846  4137399
39.837928772  4137199
39.8555939198  4135340
39.8558249474  4135314
39.8561317921  4135257
39.8565337658  4134601
39.8775529861  4134127
39.9216518402  4133356
39.9807868004  4133272
40.3156039715  4132831
40.6815478802  4131843
40.7870359421  4131165
40.8472869396  4130352
40.9572429657  4130321
41.2006697655  4128543
41.5285279751  4128105
41.8874709606  4124364
42.2564368248  4033570
42.6312868595  4033400
43.0353088379  4032964
43.4445979595  4032623
43.8877968788  4031760
44.3345439434  4031149
44.8135588169  4030869
45.3071057796  4029835
45.7066028118  4029219
46.1082949638  4029174
46.5498738289  3950372
46.9165577888  3950285
47.2658917904  3950119
47.6158838272  3949950
48.043268919  3947908
48.3811807632  3947905
48.8183429241  3943968
48.8209748268  3943900
48.8214938641  3942592
48.8227558136  3942123
48.8245568275  3941807
48.8264257908  3941781
48.8282399178  3941724
49.0192029476  3939848
49.0275318623  3939575
49.0277068615  3937991
49.0279698372  3936659
49.0286149979  3935282
49.0543489456  3934240
49.0719177723  3934078
49.1042728424  3933604
49.1360998154  3932722
49.1566009521  3932529
49.1810688972  3932063
49.2307178974  3931504
49.2940337658  3931200
49.3598418236  3931145
49.4467577934  3929709
49.6286129951  3929110
50.1078588963  3928641
