0.0444819927216  7362295
0.0452170372009  7360268
0.0462560653687  7350806
0.0467660427094  7348588
0.0471611022949  7346473
0.0479440689087  7338356
0.0481650829315  7330639
0.0486280918121  7318788
0.049821138382  7316423
0.0500421524048  7302912
0.0505051612854  7287495
0.050665140152  7259677
0.0520620346069  7251817
0.052225112915  7249589
0.0539720058441  7247954
0.0544040203094  7232638
0.0564620494843  7225534
0.0566110610962  7211962
0.0569951534271  7211206
0.0574860572815  7208740
0.0596511363983  7208541
0.0597929954529  7193904
0.060497045517  7193202
0.0609040260315  7184762
0.0640461444855  7183636
0.0646440982819  7183555
0.0649790763855  7179644
0.0656039714813  7171282
0.0694460868835  7170404
0.0696210861206  7165843
0.0698809623718  7160265
0.0713291168213  7148301
0.0721640586853  7145692
0.0751900672913  7140435
0.0787181854248  7137833
0.0790071487427  7131583
0.0791749954224  7128743
0.0834810733795  7124810
0.0883271694183  7122386
0.0889430046082  7105087
0.0894570350647  7099188
0.0896229743958  6973993
0.0898821353912  6973985
0.0900480747223  6973895
0.0915360450745  6961491
0.0917010307312  6955454
0.0965640544891  6951410
0.0967950820923  6951163
0.0972499847412  6948240
0.102854967117  6945539
0.103127002716  6915637
0.104981184006  6909720
0.106508970261  6906942
0.106651067734  6901571
0.106872081757  6875091
0.107335090637  6871469
0.107475996017  6865294
0.112188100815  6864127
0.112334012985  6860366
0.116930007935  6858810
0.117160081863  6827259
0.118134975433  6824082
0.118362188339  6821325
0.119045972824  6797463
0.123687028885  6793885
0.123835086823  6785578
0.129837989807  6783901
0.13010597229  6769224
0.130273103714  6768594
0.130535125732  6758443
0.130988121033  6757604
0.131208181381  6681238
0.131541013718  6680695
0.13175201416  6680575
0.133782148361  6656708
0.134114027023  6627150
0.135323047638  6616975
0.136677026749  6616003
0.136864185333  6576683
0.137156009674  6559145
0.13756108284  6548299
0.139336109161  6527762
0.139501094818  6467693
0.139855146408  6401841
0.140021085739  6401815
0.140264987946  6399728
0.142585992813  6394631
0.151422977448  6392016
0.151723146439  6379310
0.158310174942  6376842
0.158540010452  6337510
0.158712148666  6334373
0.164384126663  6330446
0.169862031937  6328786
0.17015504837  6311077
0.170370101929  6305832
0.172319173813  6304274
0.174340963364  6303953
0.182900190353  6302368
0.190042972565  6301753
0.190366983414  6301292
0.196120977402  6300664
0.201785087585  6299791
0.202001094818  6298977
0.202136993408  6296332
0.204154014587  6269595
0.212150096893  6266555
0.212747097015  6264937
0.213492155075  6262001
0.213701963425  6254999
0.215115070343  6253849
0.223478078842  6253270
0.223634958267  6252597
0.223873138428  6247532
0.229525089264  6246659
0.229745149612  6246213
0.230115175247  6237815
0.230638980865  6237527
0.231008052826  6235912
0.231220960617  6234634
0.231822967529  6230626
0.233256101608  6229883
0.234644174576  6229067
0.234781980515  6228313
0.236243009567  6227228
0.24297618866  6226261
0.243261098862  6224306
0.244646072388  6223479
0.25447010994  6220876
0.254733085632  6218957
0.255097150803  6217680
0.264710187912  6216338
0.264921188354  6208507
0.273386001587  6204242
0.274012088776  6202705
0.274233102798  6189399
0.282341957092  6186696
0.282489061356  6173573
0.28281712532  6173352
0.283204078674  6172229
0.283753156662  6153577
0.283926963806  6152250
0.292997121811  6148990
0.293306112289  6142454
0.303624153137  6139945
0.303771972656  6130065
0.309925079346  6129204
0.311841964722  6112230
0.312052965164  6112102
0.321614027023  6108544
0.321887016296  6108124
0.330353021622  6107405
0.340728998184  6105274
0.351052045822  6103144
0.351201057434  6096673
0.351662158966  6090555
0.360993146896  6088999
0.361138105392  6088970
0.36136007309  6063376
0.373753070831  6061625
0.374134063721  6060603
0.374633073807  6057046
0.375277042389  6050389
0.389755964279  6047782
0.390269041061  6029970
0.390455007553  6029880
0.390747070312  6023039
0.390933990479  6021542
0.391330957413  6021147
0.392127990723  6006492
0.392524957657  6004413
0.393540143967  5991267
0.393706083298  5978228
0.394155025482  5977119
0.395611047745  5975110
0.395934104919  5975091
0.396155118942  5974282
0.396536111832  5944814
0.408082008362  5940207
0.408234119415  5930425
0.419188976288  5928304
0.419336080551  5917293
0.434655189514  5914933
0.434812068939  5907423
0.446408033371  5906295
0.451467037201  5905991
0.456175088882  5905907
0.456951141357  5905483
0.457116127014  5902882
0.457849979401  5902722
0.458677053452  5900432
0.47198009491  5898398
0.487358093262  5895814
0.489273071289  5893529
0.489470005035  5892614
0.490588188171  5892286
0.491322994232  5886264
0.492228031158  5884185
0.492377996445  5883316
0.493302106857  5883203
0.49346113205  5882612
0.494457006454  5879611
0.510313034058  5879036
0.525362014771  5879033
0.525583028793  5871927
0.525876998901  5855654
0.526249170303  5855304
0.526386022568  5851902
0.527163028717  5838499
0.527544021606  5829825
0.541831970215  5829255
0.555354118347  5827981
0.559103012085  5826947
0.55962896347  5823749
0.569841146469  5822015
0.574426174164  5820377
0.591132164001  5820195
0.591432094574  5812412
0.607897043228  5812296
0.621047019958  5810097
0.621248006821  5751525
0.635780096054  5750158
0.636068105698  5744991
0.652220010757  5743666
0.65244102478  5737218
0.653090000153  5722816
0.653226137161  5722574
0.653439998627  5718019
0.670315980911  5716037
0.670488119125  5715067
0.683680057526  5712862
0.683818101883  5708125
0.696757078171  5708042
0.697247982025  5705983
0.697385072708  5703151
0.710852146149  5699778
0.72913312912  5697994
0.729292154312  5691452
0.729506969452  5689659
0.729798078537  5681744
0.730636119843  5678513
0.730772018433  5672658
0.731063127518  5660254
0.749530076981  5659222
0.749830961227  5653545
0.75023317337  5648329
0.750738143921  5641016
0.750924110413  5613971
0.751566171646  5610369
0.751827001572  5608449
0.752564191818  5608313
0.752731084824  5577095
0.753461122513  5557400
0.754384040833  5555689
0.75542807579  5554745
0.755964994431  5543162
0.756355047226  5534646
0.756944179535  5533493
0.759082078934  5531767
0.77862906456  5530864
0.793254137039  5530122
0.794095993042  5524985
0.794233083725  5518338
0.794525146484  5517801
0.794738054276  5516552
0.795029163361  5515467
0.795485973358  5514720
0.795643091202  5513178
0.795857191086  5512919
0.796303033829  5511192
0.799961090088  5507080
0.801020145416  5506621
0.80125617981  5506518
0.801587104797  5500468
0.803920030594  5495784
0.804618120193  5491869
0.804948091507  5480741
0.805639028549  5479932
0.809425115585  5479220
0.821246147156  5478498
0.821460962296  5467578
0.824653148651  5464794
0.837478160858  5463233
0.837614059448  5457040
0.844036102295  5456490
0.845659017563  5456141
0.845873117447  5453503
0.850576162338  5452746
0.853219032288  5450582
0.856376171112  5449595
0.862681150436  5449391
0.863677978516  5447282
0.863970994949  5446224
0.864108085632  5435748
0.864633083344  5422575
0.872676134109  5419548
0.887403964996  5417473
0.902108192444  5416694
0.902244091034  5415693
0.917205095291  5413390
0.918022155762  5380471
0.918469190598  5372201
0.918605089188  5372111
0.938631057739  5370017
0.938806056976  5364395
0.93915605545  5347984
0.944015979767  5347449
0.944231987  5345262
0.944369077682  5343266
0.944976091385  5342885
0.945114135742  5342550
0.945327997208  5342291
0.946328163147  5340765
0.947877168655  5340225
0.94801402092  5339669
0.950963020325  5339268
0.951178073883  5337980
0.956295013428  5336433
0.963090181351  5336153
0.963277101517  5334316
0.968508958817  5332960
0.983608961105  5332551
0.984058141708  5318146
0.984724998474  5313864
1.00093007088  5310928
1.00106716156  5230945
1.00128102303  5212739
1.00164914131  5197027
1.00279712677  5196330
1.00308918953  5195744
1.00330209732  5193972
1.00374817848  5192635
1.00388407707  5189124
1.00432896614  5188678
1.0046980381  5185557
1.00522112846  5179228
1.02255296707  5177694
1.02269005775  5174598
1.02298116684  5173949
1.02350497246  5170476
1.02379608154  5119628
1.02432012558  5119432
1.03549098969  5117285
1.03943705559  5113287
1.04406809807  5110992
1.06224417686  5109618
1.06276917458  5109568
1.06290507317  5106878
1.06319618225  5106642
1.06341004372  5103126
1.063778162  5094611
1.06453704834  5094278
1.06475114822  5093834
1.06504201889  5092687
1.08385396004  5090585
1.08399605751  5090134
1.10253405571  5087243
1.10275411606  5086356
1.10289216042  5084069
1.10318517685  5078211
1.12223815918  5076504
1.14147305489  5068567
1.16045212746  5063612
1.18099308014  5062829
1.20201301575  5058704
1.22572803497  5036726
1.25481796265  5035815
1.28807210922  5024757
1.31847596169  5023735
1.37024903297  5022393
1.41895198822  5020963
1.46378898621  5019322
1.53037118912  5019205
1.59655117989  5003063
1.71127200127  4999706
1.82194113731  4996332
1.86559700966  4995946
1.97543096542  4995437
1.97581100464  4995270
1.97610402107  4994820
2.08483695984  4994006
2.09738016129  4993733
2.11316609383  4993414
2.12881612778  4992692
2.16148400307  4991259
2.20435404778  4989621
2.32162904739  4986287
2.43061900139  4985252
2.53707718849  4966976
2.63772916794  4961493
2.74284315109  4946260
2.7661690712  4946038
2.79187512398  4945554
2.9074151516  4944450
2.93126702309  4944130
2.97512316704  4942126
3.08535718918  4924228
3.18800616264  4920325
3.21046519279  4920090
3.23502016068  4919606
3.34329795837  4918468
3.36265301704  4918341
3.40113210678  4916489
3.49608898163  4910013
3.61062002182  4909974
3.72476816177  4906699
3.83646011353  4903796
3.94507598877  4893805
4.05574917793  4888734
4.16431713104  4885215
4.1845459938  4884980
4.20484900475  4884496
4.30542302132  4883330
4.42142701149  4882833
4.44982099533  4882780
4.45737814903  4882604
4.45779109001  4877081
4.45822000504  4875704
4.45837306976  4870835
4.45863604546  4842383
4.45913600922  4841920
4.45929718018  4839856
4.45983695984  4835329
4.46085810661  4834120
4.47710418701  4832895
4.5009701252  4830700
4.53398418427  4830131
4.57568597794  4829621
4.59563803673  4809756
4.61626601219  4799377
4.63683319092  4799323
4.65701198578  4797453
4.68523812294  4797235
4.72777795792  4793476
4.76664018631  4792701
4.81557202339  4791998
4.86127400398  4791794
4.93620610237  4791642
5.01305198669  4790551
5.08166503906  4789391
5.14575099945  4789228
5.20663619041  4780736
5.30028009415  4780426
5.36262011528  4779994
5.42696809769  4779368
5.44963717461  4779264
5.45711302757  4778583
5.48352408409  4775647
5.51868319511  4773413
5.55225205421  4764282
5.57453513145  4763816
5.59488511086  4754595
5.61633610725  4739495
5.64025998116  4727019
5.66440701485  4726014
5.69275212288  4725832
5.71464800835  4722406
5.738697052  4720117
5.76319003105  4718439
5.79115796089  4718060
5.81333208084  4704354
5.83423614502  4701444
5.85735201836  4695334
5.88110303879  4679982
5.90679597855  4677206
5.93171095848  4675762
5.95463609695  4658998
5.99483418465  4658418
6.02008700371  4644676
6.04508018494  4643607
6.06639909744  4642595
6.08968806267  4638848
6.11444616318  4636451
6.13635706902  4634685
6.1620721817  4629020
6.18633008003  4628574
6.2091691494  4627453
6.22809815407  4570308
6.25314497948  4563425
6.2781791687  4561350
6.30384111404  4561054
6.32784199715  4559753
6.3509721756  4528350
6.37283205986  4525104
6.39523410797  4522630
6.41802096367  4521639
6.44270706177  4521235
6.47254610062  4518579
6.4936029911  4508797
6.52331209183  4508268
6.55346512794  4505361
6.57315301895  4498831
6.59427118301  4493199
6.61375212669  4483610
6.63359618187  4483464
6.6534781456  4480573
6.67919206619  4480431
6.71209216118  4480079
6.73206615448  4472195
6.75446915627  4472180
6.77821302414  4471032
6.79803299904  4462044
6.81888008118  4459391
6.83882308006  4457288
6.86391806602  4457034
6.8880200386  4455166
7.00685501099  4453884
7.14562511444  4449098
7.18367815018  4448786
7.28182411194  4448778
7.43605613708  4388537
7.43667006493  4387821
7.43696117401  4387006
7.43740797043  4384581
7.58758211136  4370543
7.74598407745  4367893
7.74660110474  4365581
7.85878205299  4364783
7.90803098679  4364483
7.95407605171  4364223
8.14977502823  4362378
8.34944796562  4358214
8.54048013687  4351131
8.5412530899  4350368
8.54154706001  4347577
8.58177304268  4347509
8.76557397842  4328386
8.76633310318  4327181
8.78597903252  4326589
8.82407402992  4326185
8.88092303276  4324669
8.89999198914  4323986
8.97507214546  4323003
9.05000305176  4322973
9.12553310394  4322613
9.29721498489  4313251
9.47355008125  4313057
9.64402198792  4311248
9.82723617554  4305100
10.0003969669  4302937
10.1917891502  4301540
10.4077100754  4298205
10.6225919724  4297880
10.8360049725  4286303
11.048689127  4285636
11.2588000298  4283307
11.4701230526  4280934
11.6891741753  4279148
11.9327139854  4278189
12.1733410358  4277171
12.394338131  4275834
12.602861166  4275302
12.7809820175  4273626
12.9658250809  4272363
13.1412010193  4271718
13.3182911873  4270255
13.5160210133  4269955
13.7079381943  4269045
13.94769907  4268554
14.1906671524  4265918
14.4606361389  4265200
14.7586109638  4265175
15.0666680336  4264051
15.377726078  4263092
15.6326501369  4262960
15.9402530193  4262956
16.2111470699  4262924
16.4817221165  4261988
16.7570960522  4259389
17.0217111111  4258742
17.2929241657  4258100
17.5687730312  4248190
17.8545269966  4246879
18.1516811848  4246221
18.4353961945  4245820
18.7083630562  4245624
19.0000510216  4243743
19.2741150856  4243315
19.5611901283  4241102
19.8694820404  4240689
20.173470974  4239979
20.4597930908  4239081
20.7460441589  4238525
21.0110771656  4238299
21.2694041729  4161869
21.5336880684  4158720
21.8143391609  4062167
22.0935089588  4061809
22.3720421791  4051129
22.6559720039  4050388
22.9331281185  3996426
23.213116169  3996129
23.4986729622  3924084
23.758190155  3919419
24.0434479713  3919166
24.3138120174  3916027
24.599173069  3910552
24.8780250549  3905275
25.164896965  3824098
25.4459021091  3823150
25.7387709618  3821792
26.060393095  3820880
26.4050481319  3820389
26.6942071915  3819341
26.9792251587  3818465
27.3038680553  3817805
27.6109721661  3746744
27.9269990921  3735500
28.2416059971  3734861
28.4917140007  3734653
28.8030459881  3734425
29.0678491592  3733051
29.3856201172  3731231
29.7021260262  3729216
29.9636650085  3729089
30.2991280556  3729077
30.5747179985  3727908
30.8938250542  3727822
31.1991970539  3725309
31.5152630806  3721328
31.8290581703  3721317
32.1538319588  3719926
32.4650871754  3719519
32.7866280079  3714393
33.0967919827  3711218
33.3816239834  3711207
33.6806759834  3709781
33.9848370552  3708306
34.2766931057  3707434
34.5282721519  3707307
34.8542690277  3706684
35.1017811298  3706667
35.4384889603  3705731
35.7256610394  3705452
36.0585281849  3629796
36.4055969715  3629232
36.7494871616  3603363
37.0945379734  3597995
37.4467680454  3597166
37.8339161873  3596064
38.2067081928  3465414
38.5020520687  3464508
38.7987749577  3464340
39.1733150482  3460080
39.4350650311  3459358
39.7525320053  3458953
40.09684515  3458927
40.4430429935  3456853
40.7978651524  3456815
41.1516020298  3442110
41.463258028  3442070
41.8223311901  3439643
42.157446146  3439295
42.513903141  3438993
42.8853180408  3436375
43.2832810879  3433859
43.6769380569  3431258
43.9947330952  3431239
44.3605899811  3430639
44.7198860645  3430160
45.0798120499  3430032
45.453384161  3429926
45.8248741627  3428834
46.1949810982  3427589
46.5727901459  3422797
46.9715390205  3422201
47.3951821327  3421531
47.8173811436  3421482
48.2435250282  3420089
48.6920120716  3419544
49.1163949966  3418562
49.4974889755  3418398
49.9380481243  3416318
50.4436790943  3414955
