0.0390930175781  6922268
0.0394620895386  6920927
0.0408210754395  6916840
0.0412471294403  6912871
0.0415451526642  6911847
0.0420000553131  6883466
0.0421380996704  6880869
0.0423560142517  6879812
0.0432820320129  6878997
0.0434210300446  6877881
0.0460691452026  6877306
0.046284198761  6844059
0.0467422008514  6841539
0.0474081039429  6830040
0.0483791828156  6826029
0.0496079921722  6822041
0.0514850616455  6819544
0.0518431663513  6816122
0.0545260906219  6815315
0.0547790527344  6811239
0.0554950237274  6798368
0.0559101104736  6795309
0.0586111545563  6791128
0.0589070320129  6779300
0.0590450763702  6777543
0.0615081787109  6776307
0.0637850761414  6775543
0.0667490959167  6769690
0.0671200752258  6767931
0.0702152252197  6767869
0.0736920833588  6767056
0.0738301277161  6747678
0.0780022144318  6745668
0.0781390666962  6744238
0.0789020061493  6744206
0.0833129882812  6743249
0.0889811515808  6742448
0.0893092155457  6736810
0.0897610187531  6734945
0.0902349948883  6698033
0.0964732170105  6692860
0.100109100342  6691366
0.103955030441  6690956
0.104562997818  6690699
0.105252027512  6690328
0.109047174454  6688814
0.114189147949  6688793
0.114405155182  6672609
0.114721059799  6672561
0.114866018295  6599542
0.115261077881  6597377
0.121431112289  6596907
0.127616167068  6596585
0.127757072449  6596397
0.128054141998  6588545
0.133721113205  6587889
0.139486074448  6587729
0.139624118805  6586765
0.139844179153  6571630
0.140380144119  6566338
0.146165132523  6566289
0.152067184448  6565183
0.152281999588  6564888
0.152419090271  6564422
0.159605026245  6564111
0.159769058228  6559934
0.1602871418  6559851
0.166856050491  6559049
0.166994094849  6558847
0.172815084457  6558105
0.178583145142  6557887
0.178721189499  6557288
0.18453502655  6557201
0.190891027451  6556146
0.197559118271  6555113
0.198168039322  6553250
0.198305130005  6553227
0.19851899147  6547854
0.205259084702  6546732
0.2121322155  6545524
0.212819099426  6545356
0.213349103928  6545006
0.220687150955  6544405
0.228954076767  6544279
0.229798078537  6541938
0.230092048645  6541786
0.230485200882  6535540
0.238216161728  6534798
0.246501207352  6533840
0.248154163361  6533833
0.248445987701  6533294
0.250076055527  6531658
0.25918507576  6531326
0.259523153305  6529402
0.262171030045  6529172
0.262335062027  6528644
0.262864112854  6525025
0.263493061066  6480816
0.263789176941  6479502
0.264667034149  6473635
0.266659021378  6473168
0.275400161743  6472234
0.284246206284  6471663
0.284384012222  6341960
0.295731067657  6340953
0.296088218689  6334447
0.296558141708  6332562
0.29724407196  6331537
0.297572135925  6328248
0.298564195633  6326400
0.298752069473  6289392
0.300076007843  6287147
0.310180187225  6286150
0.31031703949  6191462
0.32155418396  6190543
0.322251081467  6189546
0.333936214447  6188999
0.334228992462  6178570
0.334994077682  6177188
0.347581148148  6176741
0.347718000412  6174946
0.360407114029  6174369
0.360544204712  6173738
0.37370800972  6172530
0.37392616272  6165824
0.374456167221  6164421
0.387875080109  6163496
0.388013124466  6162682
0.404107093811  6161649
0.404247045517  6156787
0.40446305275  6154236
0.404834032059  6145613
0.405366182327  6142736
0.405678033829  6141014
0.405906200409  6138308
0.406549215317  6122177
0.406690120697  6118656
0.406912088394  6118553
0.40834903717  6114416
0.40954208374  6114137
0.410681009293  6107795
0.411144018173  6100529
0.411285161972  6088215
0.411830186844  6075331
0.411971092224  6073673
0.413175106049  6070823
0.41450715065  6069378
0.416837215424  6065511
0.417260169983  6061489
0.417507171631  6054244
0.419568061829  6050763
0.421162128448  6048387
0.42303109169  6042635
0.423188209534  6042135
0.423609018326  6038718
0.425659179688  6036775
0.443232059479  6036463
0.444357156754  6034938
0.444787025452  6034547
0.445036172867  5961383
0.445194005966  5959956
0.445755004883  5959591
0.446340084076  5958322
0.460462093353  5957512
0.460607051849  5881042
0.461496114731  5879216
0.462792158127  5878888
0.464316129684  5876270
0.480301141739  5876055
0.497306108475  5874464
0.513792037964  5874005
0.513953208923  5861980
0.531946182251  5861765
0.534016132355  5855364
0.53541302681  5854146
0.556057214737  5853708
0.574270009995  5853155
0.57599401474  5852531
0.577357053757  5842276
0.599250078201  5842265
0.616754055023  5841512
0.616893053055  5839770
0.617109060287  5838437
0.617402076721  5836779
0.61966919899  5809572
0.619807004929  5790451
0.621479988098  5785557
0.639826059341  5784740
0.639964103699  5775648
0.657729148865  5774707
0.658337116241  5767789
0.67667222023  5767518
0.676810026169  5751834
0.677416086197  5750579
0.696471214294  5750334
0.696610212326  5749884
0.696825027466  5747600
0.715916156769  5736257
0.737828016281  5733474
0.756843090057  5730996
0.776217222214  5724487
0.797497034073  5722584
0.817983150482  5721336
0.840026140213  5718643
0.859024047852  5715562
0.878432035446  5714092
0.900394201279  5711148
0.922448158264  5707859
0.945706129074  5704922
0.966284990311  5702555
0.985418081284  5701306
1.00920820236  5698220
1.02947211266  5695460
1.04968619347  5658985
1.07123613358  5655535
1.09535503387  5655399
1.11553812027  5648068
1.136054039  5648048
1.15643620491  5646121
1.18641805649  5642824
1.20608210564  5640824
1.22653508186  5624299
1.24848818779  5623896
1.2699971199  5623035
1.30934715271  5623031
1.32929420471  5620837
1.34944200516  5618310
1.3692150116  5618158
1.38954114914  5615450
1.40912508965  5614646
1.42943120003  5614643
1.46429300308  5614155
1.50750899315  5605934
1.54932999611  5605654
1.58957314491  5605421
1.63662099838  5603793
1.67590308189  5598768
1.7142291069  5596159
1.75396418571  5591978
1.79743719101  5591966
1.79757404327  5591890
1.80481100082  5591581
1.80763602257  5591271
1.80871701241  5588589
1.80901122093  5588241
1.80946302414  5504958
1.81654810905  5504783
1.82530117035  5504551
1.82607007027  5504529
1.82620716095  5493493
1.82705211639  5492339
1.82829117775  5491945
1.86885499954  5484121
1.91581010818  5480674
1.96436309814  5480458
2.01108312607  5480371
2.0511341095  5480341
2.09175801277  5480166
2.1320412159  5479371
2.17345809937  5475266
2.21287918091  5475022
2.25228309631  5466136
2.29272317886  5465913
2.33250498772  5465644
2.37191104889  5462227
2.41188502312  5462131
2.4521381855  5450648
2.4959821701  5443499
2.54019904137  5442111
2.58378815651  5438214
2.62452602386  5422272
2.66249012947  5416462
2.70082902908  5410717
2.73901700974  5406020
2.7779071331  5403538
2.81984114647  5401679
2.86009216309  5400187
2.89854121208  5400135
2.94579815865  5399592
2.98485898972  5395708
3.02412819862  5395528
3.06358909607  5392709
3.10334300995  5390682
3.14258313179  5389799
3.18156599998  5389307
3.21941518784  5386863
3.25911712646  5381931
3.29869103432  5380944
3.33767700195  5379565
3.38776707649  5379547
3.44635605812  5379027
3.47233009338  5379000
3.4956381321  5378755
3.52530813217  5377786
3.57344317436  5375605
3.63297700882  5375321
3.69482898712  5375055
3.75899910927  5374244
3.82114815712  5373769
3.87762904167  5338693
3.93507409096  5331708
3.99274706841  5331660
4.0523211956  5330718
4.11957406998  5329736
4.19507217407  5329690
4.23326420784  5329472
4.33045315742  5323364
4.38779306412  5322049
4.48432421684  5317743
4.5936820507  5317346
4.69119119644  5316996
4.7875521183  5309459
4.7879281044  5309457
4.78822302818  5309368
4.78859710693  5309153
4.80922913551  5308345
4.81062817574  5307684
4.81094408035  5305166
4.81108212471  5304504
4.81129717827  5304317
4.81167006493  5295792
4.81180715561  5293520
4.81233716011  5277497
4.81366014481  5277132
4.82306599617  5276858
4.88074016571  5269049
4.93920207024  5268119
4.997631073  5215512
5.05803108215  5214032
5.12054800987  5138555
5.17850613594  5136985
5.24170207977  5134184
5.30123019218  5123954
5.37044906616  5122677
5.42863512039  5112087
5.50145721436  5109955
5.56856417656  5043479
5.63150811195  5035355
5.68870806694  4982462
5.74639511108  4978982
5.80417919159  4978895
5.87323498726  4978719
5.93156599998  4976800
5.95071816444  4976776
6.01167821884  4976577
6.01189899445  4976382
6.07353520393  4974846
6.13458013535  4973915
6.13480615616  4973588
6.15380716324  4972582
6.21426200867  4966937
6.27582621574  4963079
6.29571008682  4963055
6.3551261425  4961947
6.35534620285  4961646
6.41409015656  4950286
6.47505617142  4947812
6.5347661972  4931819
6.60041499138  4927653
6.60065722466  4927329
6.61980199814  4927195
6.67861700058  4927108
6.73519706726  4874805
6.79658818245  4865830
6.79680800438  4865572
6.79694509506  4865423
6.85379004478  4859737
6.91811704636  4859512
7.07491016388  4859066
7.23480701447  4859022
7.39358115196  4858793
7.5642812252  4858439
7.71928405762  4851040
7.87701821327  4850005
8.07880711555  4849752
8.27552700043  4837236
8.35233807564  4836338
8.44251608849  4835811
8.54389715195  4835780
8.6299841404  4835315
8.73298215866  4834836
8.87621021271  4834824
9.02871799469  4832748
9.19170498848  4832278
9.3497262001  4827409
9.52210903168  4826613
9.63790416718  4826140
9.86039710045  4825895
10.067658186  4825777
10.2647352219  4819942
10.4583489895  4819860
10.4594490528  4818748
10.4762589931  4817425
10.5816130638  4817320
10.6810641289  4817179
10.7750761509  4816517
10.869204998  4814824
10.9867150784  4810844
11.1245920658  4810675
11.2419071198  4809534
11.3601021767  4807626
11.4880390167  4806253
11.6330461502  4805829
11.7478570938  4747001
11.8249311447  4746881
11.9095129967  4745351
11.9170341492  4744995
11.917506218  4743383
11.9239270687  4743260
11.9424870014  4742139
11.9473850727  4742106
11.9477741718  4742022
11.9494659901  4741721
11.9496951103  4732209
11.9521729946  4726435
11.952311039  4725268
11.9612851143  4724840
11.9615352154  4724339
11.9634280205  4715206
11.9641170502  4714673
11.9674320221  4712165
11.9783380032  4711779
12.0091011524  4711559
12.0497431755  4703590
12.0959320068  4699480
12.1392431259  4674355
12.178412199  4674292
12.2168002129  4661270
12.2556040287  4659286
12.2939732075  4654718
12.3342461586  4645371
12.3746421337  4644461
12.4179420471  4643812
12.4645450115  4643740
12.5083940029  4642046
12.5540010929  4638847
12.5934610367  4636856
12.6343870163  4635293
12.6730351448  4634102
12.7119309902  4633488
12.7504119873  4631733
12.8059000969  4631653
12.8121922016  4631022
12.9259061813  4630581
13.1256761551  4611739
13.2412910461  4611711
13.3586761951  4611406
13.5160942078  4610859
13.6381931305  4610054
13.7948570251  4609598
13.8950481415  4609575
14.0007140636  4609550
14.1069531441  4606506
14.2047309875  4604307
14.3064160347  4604017
14.4073390961  4603705
14.5317971706  4603235
14.6806640625  4602301
14.8132901192  4601552
15.0041110516  4600473
15.2141411304  4599883
15.4163341522  4599003
15.6223790646  4574816
15.8131301403  4574532
16.0043170452  4566707
16.1654100418  4566696
16.3656170368  4556783
16.5246860981  4555817
16.720179081  4551050
16.9113991261  4546740
17.1117601395  4546436
17.314191103  4545304
17.5432500839  4544937
17.7515051365  4544444
17.9560930729  4500218
18.1789300442  4496381
18.3856730461  4493718
18.6106622219  4493278
18.8187291622  4482918
19.0284080505  4475462
19.2427880764  4474075
19.4756820202  4474008
19.6965391636  4473100
19.9394850731  4472802
20.1613650322  4472775
20.4551680088  4471999
20.7680661678  4469941
21.0911211967  4469894
21.4220449924  4469516
21.765332222  4469189
22.1293151379  4468841
22.51039505  4467585
22.8818540573  4465472
23.2671802044  4463991
23.6633110046  4463943
24.0408160686  4457221
24.3372321129  4456842
24.533960104  4456739
24.6352860928  4456673
24.7662382126  4456605
24.9063692093  4456362
25.0591971874  4456322
25.2741560936  4456117
25.4237890244  4455645
25.5656371117  4455556
25.7023642063  4455295
25.8372440338  4454996
25.9720811844  4454963
26.1156630516  4454934
26.2538871765  4454364
26.3893821239  4454134
26.5990600586  4454025
26.8956282139  4453636
27.2130529881  4428459
27.5285980701  4428165
27.8385322094  4427227
28.1425330639  4420858
28.1437921524  4419830
28.1439311504  4418706
28.1442370415  4418592
28.162910223  4418209
28.1638441086  4415284
28.1831040382  4414936
28.2022471428  4413932
28.2662131786  4344202
28.2664520741  4343907
28.2666251659  4343758
28.3264331818  4327488
28.3843250275  4327472
28.443800211  4320860
28.504556179  4316236
28.5636770725  4309210
28.6307480335  4308356
28.6879692078  4306816
28.7448351383  4304084
28.8024091721  4298043
28.870757103  4297369
28.9280641079  4294808
28.9282801151  4294511
28.9472670555  4293505
29.0133750439  4168453
29.0734460354  4168325
29.132969141  4168256
29.2160320282  4168180
29.3153240681  4167778
29.371972084  4167575
29.4737381935  4166348
29.5337572098  4166279
29.7401711941  4166013
29.9440040588  4165795
30.1405501366  4164151
30.3460841179  4163811
30.54235816  4162850
30.7362401485  4162193
30.9344680309  4161754
31.1851551533  4159617
31.4577381611  4148874
31.706526041  4147480
31.9703190327  4145656
32.2561671734  4143430
32.5625591278  4143034
32.8972201347  4142334
33.2268052101  4142162
33.582062006  4140358
33.9161310196  4129876
34.2543890476  4122525
34.5945971012  4119476
34.9386341572  4108995
35.2912101746  4107563
35.6409461498  4107241
35.9978871346  4106363
36.3474020958  4106358
36.6916410923  4106339
37.0452511311  4096908
37.2844769955  4095828
37.5187261105  4095767
37.8616240025  4035734
38.0937490463  4030681
38.3859510422  4029891
38.7369070053  3995823
39.0788390636  3991096
39.3208839893  3989168
39.5475389957  3989107
39.8955690861  3984492
40.2807691097  3982645
40.6642251015  3955401
40.9240260124  3951160
41.2548511028  3950348
41.5994660854  3948851
41.9406781197  3943124
42.1864330769  3940836
42.4281921387  3940775
42.7747650146  3940435
43.1370341778  3936423
43.4890170097  3935145
43.851293087  3934981
44.2219500542  3934544
44.6934700012  3933030
45.1749091148  3908601
45.441573143  3905742
45.7040770054  3905522
45.9762802124  3904995
46.4539601803  3904205
46.9266831875  3903104
47.4026741982  3895082
47.4046602249  3894360
47.4047980309  3894336
47.4219021797  3893882
47.4221961498  3893081
47.4384081364  3892969
47.4386241436  3892930
47.4389181137  3787627
47.4393780231  3750783
47.4399950504  3679963
47.4401321411  3676060
47.4412100315  3669118
47.4425292015  3667982
47.4426651001  3607309
47.4428801537  3570764
47.4433300495  3512299
47.4435451031  3498316
47.444904089  3497496
47.4467561245  3495144
47.4468932152  3494660
47.4522471428  3493139
47.4523830414  3477374
47.4529139996  3467402
47.4667270184  3466099
47.4740731716  3465827
47.4742901325  3465788
47.4898350239  3464947
47.5045871735  3464753
47.5051951408  3464339
47.5054111481  3463959
47.5057051182  3463617
47.5061562061  3463374
47.5235199928  3462965
47.5257451534  3462402
47.9701170921  3462338
48.4996790886  3462330
48.8132281303  3460216
49.0530591011  3458721
49.3229250908  3458014
49.6244142056  3457993
50.005313158  3453647
50.1551561356  3453170
50.2732760906  3452584
50.4280211926  3451942
50.6003940105  3451511
50.7504382133  3449553
50.7510421276  3449041
50.9943361282  3448840
51.225507021  3448751
51.4798891544  3448672
51.7505350113  3448464
51.9895801544  3448263
52.336507082  3447248
52.6918590069  3446658
53.0562081337  3445461
53.419975996  3445218
53.7840402126  3444904
54.161648035  3442925
54.4731810093  3442893
54.8749191761  3442492
55.2839910984  3442134
55.6771011353  3441841
56.0932991505  3438856
56.500398159  3438303
56.905591011  3426965
57.299115181  3426675
57.7065150738  3423041
58.1043300629  3402664
58.5114371777  3400991
58.9235670567  3397884
59.3344871998  3396655
59.7441380024  3396190
60.1435751915  3394612
60.5292110443  3390299
60.9347510338  3362094
61.3261651993  3357694
61.7307350636  3350720
62.1312310696  3349550
62.5427122116  3348611
62.9496312141  3348219
63.4347610474  3348134
63.6642620564  3347551
63.9941580296  3340466
64.3251349926  3340268
64.6520841122  3315500
64.9760551453  3314763
65.3104681969  3314599
65.6579620838  3313421
65.9806160927  3305226
66.3016610146  3304749
66.6325600147  3291532
66.9686210155  3287537
67.2922940254  3285225
67.618432045  3274613
67.9468472004  3268909
68.267026186  3240800
68.5976471901  3238887
68.9167301655  3238778
69.2373981476  3238435
69.5708169937  3238076
69.8995900154  3235302
70.2303972244  3235282
70.5547101498  3233553
70.8672440052  3232091
71.2019021511  3217416
71.2032380104  3217003
71.2033760548  3216970
71.2035930157  3216853
71.2038872242  3216755
71.2046530247  3216221
71.4062590599  3215260
71.4149432182  3214346
71.552336216  3199280
71.6855270863  3196691
71.8167731762  3195057
71.9477109909  3194536
72.0891032219  3193732
72.2251272202  3185602
72.3683750629  3162786
72.5046610832  3150129
72.5051980019  3149839
72.6502380371  3140759
72.650894165  3139981
72.7861561775  3138906
72.9289391041  3137172
73.0654280186  3135003
73.0660471916  3134713
73.2109611034  3114613
73.2115020752  3114334
73.3442130089  3094299
73.4836480618  3065450
73.6283171177  3065352
73.7661020756  3058378
73.9031691551  3026096
74.0479161739  3014690
74.1880021095  2999635
74.3288431168  2999165
74.4685502052  2997871
74.5723969936  2997826
74.73401618  2997644
74.9328241348  2993334
75.1309502125  2991567
75.2823400497  2990338
75.4776730537  2989935
75.6744921207  2989848
75.8841481209  2987031
76.2693161964  2984676
76.6503491402  2982149
77.0326731205  2980976
77.4797360897  2922072
77.8031852245  2920136
78.188765049  2919671
78.5783350468  2915683
78.9365100861  2911000
79.3546881676  2901604
79.7932331562  2892252
80.1387250423  2892116
80.5693480968  2889032
80.9106140137  2884361
81.3022041321  2884086
81.670992136  2869058
82.0574600697  2855118
82.4628281593  2827624
82.8672101498  2796079
83.2848610878  2785691
83.6796619892  2727108
84.0974800587  2723426
84.4933381081  2706964
84.8901431561  2706962
85.2824211121  2700818
85.690926075  2696297
85.8681950569  2694010
86.0468270779  2691972
86.4382250309  2684483
86.786465168  2684216
87.2109680176  2683906
87.5636751652  2683626
87.971378088  2680093
87.9730241299  2679716
87.9742460251  2679668
87.9756271839  2679155
88.2032330036  2678833
88.2182312012  2678812
88.2183761597  2678663
88.3991479874  2678276
88.6174530983  2677674
88.8157811165  2677395
89.0770611763  2676516
89.3227431774  2674402
89.5817952156  2670418
89.8488171101  2658898
90.0950431824  2638937
90.3458120823  2616598
90.5989170074  2614407
90.8507640362  2612634
91.1030921936  2607411
91.3588202  2587443
91.6238760948  2571322
91.9118821621  2569602
92.2091860771  2562905
92.4997391701  2559683
92.7931489944  2559150
93.1103441715  2559140
93.3901741505  2558296
93.6571609974  2558180
93.9289581776  2557132
94.2239952087  2556509
94.5954051018  2556380
95.0997052193  2555558
95.6927621365  2554577
96.4534552097  2554012
97.1673250198  2553850
97.8310492039  2553714
98.5106520653  2553466
99.025288105  2553336
99.6100451946  2553028
100.343151093  2552885
101.07250309  2552428
101.832357168  2552362
102.590031147  2550289
103.334554195  2548853
104.129247189  2548632
104.913187027  2548580
105.668764114  2548305
106.432846069  2533580
106.781520128  2533022
106.944072008  2532876
107.25921917  2532416
107.581589222  2532410
107.911907196  2532201
108.243579149  2530667
108.638684988  2530659
108.964934111  2530359
109.32329607  2529007
109.809980154  2526194
110.306931019  2526093
110.812232018  2526019
111.314357996  2509569
111.821296215  2503128
112.321010113  2498529
112.859055042  2497508
113.398789167  2493228
113.95276022  2488821
114.489394188  2485989
115.022908211  2482284
115.551079035  2480652
116.112317085  2478305
116.671266079  2469273
117.248988152  2469213
117.804705143  2464912
118.36269021  2458912
118.944267988  2456584
119.504812002  2447985
120.07391119  2447042
120.630051136  2440514
121.187238216  2427731
121.737109184  2426742
122.293071032  2419833
122.916485071  2416846
123.536722183  2414833
124.140797138  2383742
124.746533155  2381787
125.342250109  2375991
125.961950064  2375943
126.569635153  2369554
127.123363018  2369525
127.577639103  2368550
127.901879072  2368342
128.03811121  2368285
128.171538115  2368145
128.303915024  2367757
128.460570097  2367745
128.668811083  2367712
128.824478149  2367116
129.0395751  2367114
129.251747131  2366736
129.4816401  2365164
130.026355028  2364711
130.554400206  2364303
131.07901907  2363686
131.60357213  2363252
132.124689102  2361932
132.649852991  2360214
133.188122988  2357013
133.704910994  2356367
134.227842093  2355483
134.758366108  2353864
135.292491198  2353399
135.810699224  2352249
136.327669144  2349635
136.869029045  2349254
137.382955074  2349050
137.924063206  2348177
138.469560146  2348029
139.030158997  2345820
139.642545223  2345638
140.275969028  2345380
140.880249023  2345297
141.513302088  2344763
142.143890142  2344179
142.82628417  2342333
143.476232052  2324868
144.10335207  2322956
144.759199142  2316987
145.065681219  2314635
145.38056612  2314493
145.694460154  2314319
146.008779049  2314213
146.312406063  2313427
146.639263153  2313107
147.223242998  2308471
147.842359066  2296137
148.552718163  2295137
149.23801899  2293567
149.918680191  2289098
150.608424187  2284551
151.273066998  2283463
151.946639061  2282686
152.623857021  2280407
153.324266195  2277201
154.03937006  2276528
154.716005087  2274627
155.430119991  2273495
156.153906107  2272105
156.872689009  2271822
157.654953003  2271368
158.397028208  2270128
159.126030207  2270011
159.795372009  2269752
160.451457024  2268756
161.116842031  2268736
161.75276804  2267959
162.401125193  2267715
163.095242023  2267643
163.778340101  2267567
164.459933996  2266587
165.17872715  2259437
165.945230007  2258421
166.673243046  2257837
167.368407011  2257541
168.196952105  2254523
168.917151213  2235731
169.66338706  2225165
170.121987104  2224983
170.454291105  2224115
171.042811155  2222751
171.642940044  2219749
172.23606205  2207275
172.811475039  2206289
173.389973164  2202923
173.876970053  2201605
174.368830204  2201404
174.974848032  2200660
175.554195166  2200615
176.180991173  2200193
176.808058023  2198760
177.493423223  2197452
178.109544039  2197382
178.7891922  2194878
179.488776207  2191627
180.18741107  2179508
180.886904001  2177668
181.59653306  2177165
182.285494089  2173943
182.820577145  2171675
183.352416992  2171657
183.883130074  2171435
184.41697216  2171228
185.073580027  2167600
185.731832027  2166716
186.425818205  2166178
187.116054058  2160625
187.798134089  2151867
188.526947021  2148039
189.178024054  2147149
189.671133995  2146676
190.156497002  2146475
190.760802031  2142820
191.521481037  2142245
192.271548033  2136448
193.018239021  2135857
193.800269127  2133886
194.551950216  2133148
195.328893185  2133000
196.080859184  2132784
196.835798025  2124909
197.638138056  2117749
198.438156128  2102229
199.242623091  2101784
200.07694912  2101576
200.880321026  2097235
201.689929008  2061826
202.49744916  2060286
203.295724154  2046800
204.106574059  2046562
204.907771111  2044900
205.715754032  2044495
206.530106068  2022355
207.327516079  2021921
208.145209074  2020494
208.980558157  2020236
209.821677208  2018659
210.760564089  2015915
211.634316206  2014200
212.508239031  2012247
213.370401144  2012072
214.244535208  2011638
215.127036095  2007763
216.02729702  2006244
216.936427116  2001887
217.826888084  1998025
218.746315002  1996243
219.641191006  1986256
220.602787018  1985566
221.067831039  1984187
221.413273096  1982409
222.158782005  1968812
222.909465075  1964794
223.670092106  1964693
224.411653996  1957408
225.173420191  1956963
225.937782049  1954956
226.675018072  1953805
227.423369169  1950153
228.174271107  1949438
228.920709133  1947526
229.65726614  1946420
230.399493217  1945705
231.162111998  1933590
231.941377163  1929729
232.711131096  1928995
233.482360125  1928721
234.259083033  1926911
235.026672125  1926694
235.80678916  1926602
236.5318501  1925393
237.296497107  1924045
238.003676176  1921516
238.697657108  1901663
239.4276402  1874127
240.142069101  1862444
240.859627008  1858812
241.60880208  1850167
242.318787098  1849092
243.048019171  1840599
243.778286219  1836919
244.505884171  1836278
245.227219105  1833644
245.940726995  1822255
246.673835993  1817021
247.400631189  1816415
248.133141041  1788222
248.876556158  1786239
249.649764061  1785824
250.432727098  1782243
251.20670414  1779320
251.982125998  1774991
252.748631001  1770209
253.535947084  1766361
254.316408157  1763125
255.0884552  1760401
255.869667053  1758359
256.648797035  1753454
257.428781033  1752485
258.201438189  1752332
258.963212013  1750189
259.745947123  1747754
260.539004087  1743638
261.31863308  1742677
262.113921165  1741646
262.899999142  1741373
263.680015087  1740684
264.456902027  1740033
265.226113081  1739679
266.009981155  1738520
266.804508209  1737183
267.626093149  1735386
268.472676039  1732760
269.308284044  1724370
270.158315182  1720916
271.000921011  1716310
271.847650051  1710459
272.691243172  1708106
273.580057144  1707053
274.511362076  1706910
275.419157028  1706561
276.314807177  1704520
277.187522173  1703603
278.030299187  1703412
278.92021513  1703320
279.771391153  1694796
280.640558004  1693631
281.488702059  1693594
282.320722103  1691637
283.168178082  1691177
284.065752029  1690594
284.936841011  1689361
285.81390214  1689100
286.696098089  1688371
287.575640202  1686380
288.432072163  1686303
289.289874077  1685633
290.221632004  1685539
291.139100075  1683339
292.063194036  1683243
292.98250103  1667597
293.896661997  1666129
294.807378054  1661347
295.730103016  1659893
296.651447058  1659833
297.634589195  1659144
298.656625032  1654718
299.600752115  1654480
300.526120186  1653652
