0.0386669635773  7057761
0.0390229225159  7050730
0.0391619205475  7043001
0.0394389629364  7030079
0.0398659706116  7014269
0.0403230190277  7008604
0.0404689311981  7006725
0.0415480136871  7003814
0.0417029857635  6993391
0.0424180030823  6992355
0.0428388118744  6970676
0.0432620048523  6969929
0.0434238910675  6946716
0.0435729026794  6937828
0.0437188148499  6932350
0.0440850257874  6926459
0.0443918704987  6913830
0.0445358753204  6876990
0.0448358058929  6820593
0.0449719429016  6771948
0.0451400279999  6736480
0.0454030036926  6736340
0.0455310344696  6658320
0.045658826828  6655455
0.0460448265076  6639620
0.0463140010834  6603781
0.0464498996735  6582781
0.0469858646393  6577515
0.0476219654083  6570582
0.0477709770203  6560320
0.0479099750519  6553168
0.0481779575348  6431210
0.0484318733215  6379448
0.0485608577728  6359956
0.0486898422241  6354920
0.0490698814392  6288820
0.0491988658905  6275620
0.0493268966675  6271681
0.0497689247131  6250330
0.0499019622803  6237041
0.0500309467316  6231816
0.050283908844  6228031
0.050411939621  6222756
0.0506639480591  6219853
0.0510399341583  6185830
0.0514209270477  6185502
0.0520420074463  6105818
0.0521688461304  6098929
0.0522968769073  6085336
0.05242395401  6084101
0.0530478954315  6076979
0.0534238815308  6075466
0.0541718006134  6068031
0.0542998313904  6065128
0.0548000335693  6049083
0.0549437999725  6045482
0.0558450222015  6043418
0.0570039749146  6042580
0.0575158596039  6037775
0.0578927993774  6036583
0.0582699775696  6036022
0.0585219860077  5999249
0.0590229034424  5997563
0.059149980545  5997051
0.0601480007172  5984868
0.0605239868164  5975368
0.061271905899  5956219
0.0613989830017  5955459
0.061527967453  5939201
0.0621500015259  5915392
0.0628080368042  5912394
0.0630760192871  5911266
0.0632119178772  5892308
0.0645079612732  5890508
0.0647659301758  5889167
0.0651438236237  5882965
0.0653970241547  5880199
0.0655248165131  5876995
0.0662839412689  5876493
0.0664148330688  5872345
0.0670599937439  5871027
0.0680768489838  5870172
0.0682058334351  5859369
0.0689599514008  5856988
0.0690898895264  5856240
0.0695989131927  5852912
0.0699808597565  5850756
0.0707619190216  5849121
0.071270942688  5847957
0.0716528892517  5846251
0.0732219219208  5843136
0.0737748146057  5841832
0.0739119052887  5828919
0.07444190979  5812223
0.0748398303986  5800203
0.0752389431  5768396
0.076936006546  5747851
0.0770769119263  5740579
0.0772149562836  5724943
0.0779819488525  5692023
0.0783669948578  5688402
0.0789909362793  5658861
0.0801889896393  5644992
0.0814080238342  5621307
0.0815398693085  5573869
0.081916809082  5573079
0.0827889442444  5568048
0.08291888237  5567610
0.084657907486  5559570
0.085156917572  5536678
0.0856549739838  5531486
0.0862770080566  5524838
0.0866529941559  5505660
0.0870268344879  5500411
0.0874488353729  5494425
0.0879669189453  5486172
0.0885179042816  5473124
0.0892629623413  5470367
0.090873003006  5460364
0.0910058021545  5459720
0.0920159816742  5432542
0.0926430225372  5415298
0.0931439399719  5348881
0.0932719707489  5332692
0.0939049720764  5330914
0.0942838191986  5303509
0.0954089164734  5297765
0.0955488681793  5293771
0.0959329605103  5199365
0.0963408946991  5123125
0.0974998474121  5123055
0.098287820816  5087087
0.098541021347  5056459
0.0989158153534  5055820
0.099417924881  5055068
0.0996708869934  5025006
0.100419998169  5018980
0.100796937943  4984750
0.101298809052  4983697
0.102545022964  4976303
0.102921009064  4970758
0.104799985886  4964382
0.106712818146  4951146
0.10684800148  4944385
0.107245922089  4939897
0.108430862427  4938619
0.10856294632  4934056
0.109073877335  4879316
0.10958480835  4878516
0.109714984894  4878394
0.110097885132  4873863
0.110227823257  4867322
0.110358953476  4793992
0.110994815826  4786844
0.11154294014  4773098
0.115275859833  4756078
0.115825891495  4752356
0.116969823837  4739214
0.119630813599  4737519
0.120517015457  4735111
0.122218847275  4722310
0.123857021332  4721881
0.128396034241  4721104
0.128909826279  4717886
0.129051923752  4716133
0.129868030548  4715886
0.130479812622  4706063
0.131461858749  4695653
0.132099866867  4695437
0.132488965988  4666738
0.132618904114  4664828
0.133509874344  4663693
0.133772850037  4662136
0.138227939606  4660139
0.138379812241  4639833
0.138531923294  4631193
0.140058994293  4629540
0.140447854996  4624449
0.141212940216  4616618
0.142226934433  4609128
0.142357826233  4598332
0.143249034882  4592823
0.143633842468  4584358
0.143764972687  4571980
0.14616894722  4563545
0.146829843521  4562391
0.147102832794  4558675
0.147897005081  4475047
0.148080825806  4460451
0.148224830627  4456833
0.148911952972  4455378
0.149354934692  4446717
0.151765823364  4395580
0.151916027069  4369738
0.152779817581  4359648
0.153620958328  4355378
0.154382944107  4352391
0.155611991882  4337940
0.157859802246  4228976
0.160663843155  4223109
0.160795927048  4172436
0.161811828613  4165392
0.164295911789  4163578
0.165043830872  4163571
0.165969848633  4144409
0.168256998062  4135679
0.168517827988  4125529
0.169027805328  4115385
0.169919967651  4110905
0.170302867889  4109870
0.171344995499  4108122
0.174310922623  4103224
0.175536870956  4094862
0.175794839859  4093012
0.179337978363  4089405
0.180868864059  4089259
0.181381940842  4082457
0.184216022491  4082099
0.184489965439  4081084
0.188272953033  4053102
0.191371917725  4051475
0.191634893417  4038745
0.193312883377  4037597
0.199239969254  4036916
0.200392007828  4018038
0.20115685463  4008407
0.206837892532  4007672
0.206984996796  4004190
0.212080955505  3989584
0.212985992432  3963344
0.213717937469  3963083
0.214733839035  3940816
0.21514582634  3932018
0.217162847519  3930974
0.21893286705  3929483
0.224336862564  3916390
0.229105949402  3915537
0.22936797142  3907360
0.232036828995  3902288
0.232167959213  3898013
0.233942985535  3890008
0.236227989197  3881812
0.236357927322  3881405
0.238838911057  3881097
0.241535902023  3874638
0.242050886154  3871655
0.243322849274  3779776
0.244339942932  3766071
0.245106935501  3760260
0.246256828308  3714425
0.247400999069  3708747
0.248035907745  3704812
0.249938964844  3699083
0.251462936401  3677157
0.251593828201  3675116
0.257835865021  3671244
0.259816884995  3667196
0.264672994614  3666800
0.264809846878  3599018
0.267112970352  3586016
0.269026994705  3573640
0.269667863846  3556376
0.270445823669  3556255
0.276216983795  3552235
0.277667999268  3551524
0.282183885574  3482895
0.282994031906  3458541
0.284648895264  3457874
0.284781932831  3457516
0.288842916489  3451375
0.291451931  3449019
0.294064998627  3448866
0.2956199646  3446247
0.295758962631  3442717
0.298535823822  3368108
0.299978971481  3367309
0.301270008087  3363891
0.303437948227  3306533
0.305090904236  3301695
0.308475971222  3297414
0.312445878983  3293284
0.313593864441  3288561
0.317549943924  3286598
0.318948030472  3284298
0.320097923279  3280243
0.320360898972  3269846
0.324738025665  3268846
0.326642036438  3268839
0.327028036118  3264257
0.328938007355  3263805
0.329069852829  3260996
0.332502841949  3259642
0.339562892914  3256126
0.341773033142  3241305
0.343053817749  3221518
0.343566894531  3217727
0.344336986542  3210654
0.344594955444  3201741
0.345492839813  3199757
0.348320007324  3192009
0.348451852798  3191428
0.350868940353  3191177
0.359275817871  3190357
0.363214015961  3176626
0.373842000961  3165383
0.375258922577  3164832
0.377046823502  3107717
0.37806391716  3107447
0.379462003708  3102172
0.38176202774  3102058
0.381911993027  3070368
0.382439851761  3068733
0.388435840607  3068410
0.38857793808  3058627
0.388855934143  3050044
0.390123844147  3042106
0.391209840775  3041321
0.391345977783  3041264
0.392630815506  3041057
0.398772954941  3040985
0.399565935135  3039212
0.400347948074  3024404
0.400867938995  3023621
0.402415990829  3023589
0.409832954407  3021926
0.410419940948  3019630
0.41134095192  3016256
0.41198182106  3010784
0.412623882294  3009507
0.412755966187  3009147
0.416356801987  3007019
0.416999816895  3005244
0.417661905289  3003788
0.419102907181  3000883
0.426354885101  3000155
0.428035020828  2999958
0.429565906525  2998149
0.430203914642  2997777
0.435931921005  2996446
0.437649011612  2990653
0.438045978546  2984498
0.441160917282  2984439
0.442711830139  2983759
0.447500944138  2980841
0.449163913727  2979788
0.449800014496  2976763
0.450453996658  2971791
0.452905893326  2964612
0.457661867142  2961730
0.466799020767  2961095
0.469875812531  2960526
0.472599029541  2960447
0.474524974823  2959003
0.477448940277  2952553
0.480590820312  2950231
0.488930940628  2942571
0.497694015503  2939764
0.500422000885  2937181
0.501699924469  2937101
0.50488781929  2930308
0.505529880524  2925969
0.507567882538  2925653
0.508334875107  2922031
0.515348911285  2912242
0.516685009003  2911832
0.524988889694  2907884
0.527372837067  2900999
0.527639865875  2900493
0.536160945892  2899206
0.536547899246  2898491
0.538975000381  2869933
0.539618015289  2851573
0.544454813004  2850746
0.545225858688  2848960
0.54637503624  2847231
0.55025100708  2845724
0.556708812714  2843238
0.564571857452  2827727
0.56636095047  2821070
0.568014860153  2818883
0.57200884819  2814164
0.575203895569  2813621
0.577960014343  2789686
0.580279827118  2787790
0.581050872803  2785026
0.581180810928  2770687
0.585042953491  2769841
0.587515830994  2769188
0.594473838806  2766898
0.597790002823  2766049
0.603843927383  2757284
0.610414981842  2733952
0.620018959045  2733573
0.625159978867  2733049
0.633628845215  2727984
0.634403944016  2726246
0.635139942169  2723771
0.636165857315  2723751
0.63699889183  2722054
0.647519826889  2721854
0.648548841476  2721819
0.653393030167  2719777
0.654173851013  2718114
0.65646982193  2717956
0.677132844925  2717950
0.677655935287  2716287
0.680239915848  2714664
0.689169883728  2707248
0.689432859421  2705623
0.696393966675  2705098
0.697556972504  2704240
0.705135822296  2701894
0.712796926498  2693477
0.714848995209  2689591
0.717410802841  2685229
0.728370904922  2684058
0.728509902954  2682722
0.732123851776  2682497
0.736728906631  2682082
0.745178937912  2679771
0.752599000931  2679060
0.755959033966  2678237
0.763657808304  2676792
0.765973806381  2676357
0.770877838135  2661091
0.772789955139  2659604
0.773491859436  2658110
0.774745941162  2657207
0.775739908218  2656855
0.78146982193  2651614
0.790891885757  2648896
0.801040887833  2646737
0.812664031982  2645168
0.819821834564  2641830
0.822019815445  2641727
0.829824924469  2638261
0.831027030945  2626547
0.844101905823  2620895
0.847776889801  2620108
0.847925901413  2619170
0.84921503067  2618199
0.849356889725  2617641
0.85097694397  2614430
0.861083984375  2614399
0.867223024368  2611030
0.873962879181  2578153
0.879310846329  2575901
0.879701852798  2575455
0.880374908447  2575453
0.890158891678  2572898
0.890604019165  2569593
0.894900798798  2567526
0.896984815598  2567142
0.902463912964  2566511
0.903532028198  2566468
0.905543804169  2560590
0.910799026489  2559421
0.913034915924  2555243
0.924721956253  2552124
0.93407702446  2540105
0.943333864212  2539926
0.954813957214  2539763
0.95712184906  2539013
0.958653926849  2538644
0.960676908493  2535987
0.974406957626  2535003
0.976613998413  2534222
0.978032827377  2534182
0.984634876251  2534039
0.989992856979  2532638
0.991698026657  2528552
1.01177597046  2521676
1.02711892128  2520745
1.04327893257  2517456
1.05032682419  2505541
1.05381298065  2498622
1.06047987938  2497886
1.06451702118  2494760
1.06479382515  2493383
1.06620383263  2492643
1.06742787361  2491014
1.07231593132  2488747
1.07344388962  2482702
1.0800549984  2482061
1.08693981171  2479436
1.10139393806  2476787
1.10585188866  2476740
1.11434292793  2472324
1.11563897133  2470427
1.11666798592  2469161
1.12355494499  2466578
1.12716388702  2466354
1.12961983681  2390819
1.13626003265  2389072
1.15270185471  2386796
1.16100096703  2384649
1.16243481636  2383269
1.16759300232  2381762
1.16863393784  2381336
1.17139983177  2379031
1.17806982994  2379023
1.18013691902  2375374
1.18052482605  2375050
1.18852591515  2371610
1.19058895111  2371248
1.19677186012  2370476
1.19858598709  2362265
1.19935584068  2361724
1.22951698303  2361311
1.23130583763  2361304
1.23544287682  2359504
1.23637580872  2359417
1.25340795517  2359107
1.26466083527  2358439
1.26593995094  2354751
1.2664899826  2352102
1.27069783211  2351889
1.27721595764  2337385
1.28229093552  2336706
1.28445482254  2336422
1.30340194702  2336171
1.31696081161  2332345
1.31865501404  2331456
1.32448387146  2330317
1.33561992645  2328824
1.34216189384  2327414
1.34307789803  2311844
1.36186695099  2285915
1.36941289902  2283249
1.3708319664  2283181
1.37647795677  2280403
1.38828492165  2279624
1.39566302299  2279299
1.39775395393  2278914
1.40251684189  2278596
1.40543198586  2278514
1.40778398514  2277638
1.4169178009  2275259
1.42779302597  2273660
1.43669891357  2273443
1.43683099747  2268069
1.43901181221  2266945
1.43953299522  2266264
1.44046497345  2264741
1.44247102737  2263380
1.44461798668  2260780
1.44693589211  2231116
1.44736099243  2230518
1.45436191559  2229270
1.45607495308  2229242
1.46675300598  2228612
1.47147393227  2221096
1.47198796272  2220848
1.47893285751  2220504
1.48237991333  2220080
1.50023794174  2218987
1.50572896004  2217789
1.5070078373  2217787
1.51314783096  2217752
1.51353693008  2217388
1.51653695107  2217304
1.53094387054  2214867
1.53654789925  2214034
1.56737995148  2213376
1.57843089104  2213051
1.5887029171  2212828
1.58884000778  2191725
1.59871196747  2187953
1.60826587677  2183285
1.61515402794  2177284
1.63128495216  2176267
1.64852190018  2173841
1.65170383453  2173121
1.66113400459  2172913
1.66256189346  2172598
1.66461801529  2172457
1.66729784012  2172419
1.67153596878  2168246
1.69464802742  2167896
1.71343398094  2165123
1.72645998001  2164626
1.728910923  2163291
1.73516798019  2163099
1.75405693054  2161461
1.76770281792  2160989
1.77103686333  2160215
1.78025698662  2143233
1.78193092346  2135356
1.78699398041  2135021
1.80520701408  2134954
1.80548787117  2134473
1.83273100853  2121399
1.8586359024  2119848
1.86253190041  2119094
1.88365101814  2118200
1.896037817  2117128
1.89772081375  2117018
1.92876601219  2115830
1.93092489243  2115404
1.9428088665  2102238
1.94334602356  2100933
1.94976401329  2095912
1.96105980873  2089683
1.97649884224  2089428
2.00757980347  2088710
2.01792192459  2086229
2.02618980408  2083944
2.02760481834  2082149
2.03151893616  2082032
2.03218793869  2080936
2.03562998772  2079559
2.05223989487  2078272
2.0528049469  2077738
2.08776903152  2076614
2.1159119606  2076222
2.11670184135  2076070
2.12838292122  2064786
2.13305592537  2064153
2.17275094986  2063707
2.21446585655  2062379
2.21769881248  2061800
2.22175598145  2060011
2.22818493843  2040299
2.23233580589  2040136
2.2668428421  2039680
2.28180980682  2039465
2.28516697884  2039391
2.28926897049  2038449
2.29004192352  2038272
2.296022892  2036320
2.30616402626  2026539
2.31763482094  2022852
2.36604189873  2020842
2.40339493752  2012319
2.41088199615  2012110
2.46091389656  2009657
2.47515797615  2009562
2.47542285919  2006818
2.50300598145  2005705
2.53777599335  2002776
2.55179786682  1994717
2.56022381783  1994699
2.57285380363  1994440
2.59307289124  1991336
2.61168384552  1991327
2.62003493309  1988778
2.62509703636  1988660
2.63945388794  1987735
2.65483283997  1987706
2.66368794441  1987568
2.67684483528  1987248
2.67968082428  1986889
2.70849180222  1986722
2.77056288719  1986531
2.79512095451  1981389
2.79906892776  1972856
2.80473184586  1971044
2.80958890915  1941815
2.84935903549  1941057
15.065171957  1925510
15.0669398308  1924955
15.0692558289  1924531
15.1205718517  1923659
19.5313749313  1922862
19.5700390339  1922626
19.5937469006  1920745
19.620568037  1920438
19.629655838  1919771
19.6365969181  1915887
19.6683158875  1913955
19.6807568073  1913794
19.68816185  1912874
19.6986579895  1912535
19.7286708355  1912248
19.7633838654  1911108
19.7891638279  1907964
19.825717926  1907629
19.8271670341  1904619
19.8325738907  1901339
19.8373548985  1901122
19.8547468185  1900655
19.869093895  1899976
19.8734359741  1899936
19.9158928394  1872563
19.9184288979  1872255
19.9232339859  1871903
19.9336459637  1869175
19.9504938126  1868637
23.2384719849  1865544
23.2561240196  1861178
23.2627978325  1860860
23.2784619331  1860593
23.2828788757  1860103
23.2831418514  1858981
23.3267610073  1858637
23.3275418282  1856707
23.3429059982  1855423
23.368088007  1854906
23.4038338661  1854711
23.447770834  1854096
23.4498989582  1852229
23.4528098106  1846847
23.4646978378  1846335
23.5100369453  1844979
23.5208828449  1844069
23.5336368084  1843616
23.5720539093  1843327
23.5778419971  1842719
23.5944228172  1840950
23.5946919918  1840656
23.6184048653  1840238
23.635217905  1839468
23.6982269287  1838771
23.7518928051  1835363
23.752876997  1834769
23.776911974  1833059
23.8085010052  1832435
23.8350019455  1832053
23.8371679783  1830685
23.856374979  1829806
29.7775309086  1829789
29.8347659111  1829507
29.8356800079  1827562
29.8656299114  1827055
29.9220468998  1824228
29.9387938976  1823814
29.9430058002  1823382
29.9817478657  1822413
29.9882309437  1822006
30.0516979694  1821896
30.0756049156  1821755
30.0992159843  1818355
46.3325529099  1817193
46.3437559605  1810819
46.3515799046  1810544
46.3747079372  1802387
46.3989169598  1799017
46.4149308205  1798877
46.4211058617  1797909
46.4468848705  1796183
46.4550290108  1792871
46.5051789284  1792587
46.5124800205  1792385
46.522359848  1792267
46.5324459076  1792240
46.5403308868  1791509
46.5414988995  1790949
46.5897138119  1784390
46.6019268036  1783168
46.6299118996  1781160
49.836673975  1779894
49.8800458908  1779365
59.9812288284  1775118
59.9974048138  1774332
60.0054488182  1771900
60.0140988827  1771537
60.0379428864  1768611
60.0910198689  1768262
60.0953469276  1767899
60.0963349342  1767871
60.1026678085  1767601
60.1126179695  1767065
60.1184899807  1763044
60.1398739815  1762093
60.1780648232  1761798
60.1953699589  1760308
60.2125258446  1759840
