0.0420310497284  6599660
0.0423390865326  6558321
0.0426239967346  6534856
0.0430519580841  6523615
0.0431971549988  6521379
0.0436229705811  6512408
0.0443351268768  6509841
0.0444929599762  6477126
0.0446400642395  6476432
0.0447850227356  6440848
0.0449230670929  6433567
0.0450501441956  6403133
0.0451769828796  6402676
0.0456781387329  6340821
0.045930147171  6330294
0.0461809635162  6325973
0.0463070869446  6300988
0.046807050705  6286279
0.0470161437988  6282867
0.0491371154785  6276965
0.049702167511  6262213
0.0498299598694  6259063
0.0499579906464  6218691
0.050460100174  6213685
0.0505881309509  6207970
0.0513379573822  6207045
0.0515880584717  6188286
0.0517160892487  6182328
0.0519671440125  6180355
0.0524690151215  6164823
0.05309009552  6160926
0.0532171726227  6145812
0.0533440113068  6145767
0.0537180900574  6121456
0.0542180538177  6119071
0.0544409751892  6108627
0.0545971393585  6107031
0.0547380447388  6105754
0.0548961162567  6105651
0.0550801753998  6069290
0.0554661750793  6057266
0.0556139945984  6052433
0.0562601089478  6035746
0.0565130710602  6025502
0.0567669868469  6024421
0.0576400756836  5990433
0.0581440925598  5985358
0.0585200786591  5980036
0.058648109436  5971414
0.0590240955353  5963270
0.0592770576477  5912097
0.0599000453949  5899875
0.0606479644775  5867632
0.0611469745636  5861953
0.0615220069885  5858003
0.0616481304169  5854318
0.0620250701904  5847670
0.0621521472931  5833338
0.0626211166382  5831260
0.0627641677856  5808700
0.0642249584198  5789897
0.0651640892029  5788494
0.0653049945831  5787129
0.065446138382  5783886
0.0655779838562  5776941
0.0657081604004  5775038
0.066498041153  5770233
0.0670430660248  5768127
0.0678291320801  5767841
0.0686349868774  5767697
0.0688970088959  5760398
0.0690250396729  5734820
0.0691521167755  5733074
0.0698029994965  5719329
0.0721280574799  5681629
0.0722689628601  5665504
0.0724079608917  5642033
0.0734031200409  5638259
0.0765130519867  5631003
0.0767750740051  5588307
0.0774390697479  5580369
0.0777051448822  5576306
0.0778391361237  5553523
0.078497171402  5416721
0.0788941383362  5405541
0.0800371170044  5402861
0.0805721282959  5386498
0.0811159610748  5386497
0.0816380977631  5368953
0.0823841094971  5365274
0.0843629837036  5344036
0.0844900608063  5337489
0.0846171379089  5331055
0.084743976593  5330799
0.0851180553436  5324874
0.0857391357422  5322630
0.086608171463  5313153
0.0874769687653  5311184
0.0877280235291  5305275
0.0879771709442  5202842
0.088634967804  5193898
0.0892550945282  5174845
0.0907011032104  5158278
0.0913960933685  5146654
0.0927820205688  5142599
0.0929119586945  5138251
0.0930421352386  5135071
0.0941760540009  5128638
0.0945580005646  5124537
0.0961911678314  5123925
0.097687959671  5123640
0.0987529754639  5115340
0.100140094757  5112224
0.100269079208  5109998
0.102162122726  5102593
0.10342502594  5097057
0.104624032974  5096446
0.10496711731  5085557
0.105674982071  5083203
0.106106996536  5070339
0.106620073318  5060368
0.10674905777  5052625
0.107879161835  5049931
0.108006954193  5037655
0.108135938644  5029228
0.110538005829  5028521
0.110670089722  5004770
0.11105298996  4999076
0.112496137619  4989677
0.112883090973  4976949
0.115565061569  4976691
0.116233110428  4971663
0.118052959442  4928224
0.119063138962  4910436
0.120073080063  4873868
0.120582103729  4871072
0.121541023254  4868218
0.122534990311  4833631
0.122673988342  4808589
0.125014066696  4807617
0.125707149506  4776901
0.125841140747  4776729
0.127990961075  4766466
0.129004955292  4759066
0.129260063171  4753757
0.129641056061  4723137
0.131181955338  4722868
0.131593942642  4595856
0.131868124008  4595455
0.132763147354  4593655
0.133018016815  4588330
0.133650064468  4571306
0.134536027908  4566825
0.135420084  4566268
0.135549068451  4564898
0.137441158295  4563677
0.137698173523  4563446
0.140211105347  4551524
0.14084815979  4534584
0.141358137131  4534153
0.141488075256  4524444
0.142503976822  4521633
0.143388986588  4515547
0.143782138824  4512605
0.14649105072  4505130
0.147032022476  4496062
0.147700071335  4405314
0.148250102997  4404617
0.148631095886  4401560
0.149772167206  4356342
0.150551080704  4351196
0.152426958084  4350221
0.152565956116  4348699
0.156373023987  4346998
0.157845020294  4343857
0.158607959747  4298762
0.15874004364  4296838
0.159497022629  4296410
0.160880088806  4281065
0.162013053894  4277344
0.162410020828  4260837
0.163470983505  4258712
0.164877176285  4249767
0.165764093399  4246088
0.166674137115  4244614
0.167062044144  4243701
0.168328046799  4229244
0.170495033264  4226901
0.174518108368  4218319
0.175343990326  4218121
0.178153991699  4216771
0.179054021835  4215841
0.181080102921  4208763
0.181971073151  4208082
0.182729959488  4205560
0.183491945267  4198211
0.184633016586  4195436
0.184762954712  4192278
0.185147047043  4176549
0.185276985168  4172982
0.185785055161  4171971
0.186293125153  4161567
0.186550140381  4146881
0.187076091766  4127738
0.187649011612  4123571
0.189831018448  4121283
0.192152023315  4121089
0.194674015045  4120732
0.195436954498  4116015
0.197077989578  4108537
0.199345111847  4097130
0.199854135513  4095726
0.200993061066  4094403
0.201626062393  4077610
0.204628944397  4072676
0.207297086716  4069047
0.209551095963  4064315
0.210064172745  4061916
0.210320949554  4061901
0.212229967117  4054198
0.212370157242  4053632
0.212913990021  4039404
0.215600967407  4039058
0.216860055923  4031911
0.218373060226  4027561
0.218502998352  4022606
0.219011068344  4021508
0.22002196312  4014308
0.223205089569  4014002
0.223335981369  4013494
0.224652051926  3971978
0.224792003632  3970051
0.225195169449  3932125
0.227452993393  3924050
0.231053113937  3922572
0.232854127884  3920026
0.233241081238  3888192
0.23553109169  3885677
0.237051010132  3885048
0.238877058029  3884123
0.242769956589  3877974
0.243036985397  3873413
0.244083166122  3872326
0.244903087616  3872022
0.245414972305  3867630
0.245671033859  3864504
0.247462034225  3855631
0.250352144241  3853531
0.250607967377  3853479
0.251362085342  3851636
0.252621173859  3847650
0.256632089615  3845277
0.258272171021  3844833
0.258402109146  3831332
0.261088132858  3825913
0.264109134674  3825483
0.264939069748  3824336
0.267421960831  3820753
0.268437147141  3820565
0.269255161285  3788307
0.26993393898  3787905
0.276426076889  3780369
0.28146314621  3775394
0.282152175903  3773698
0.286050081253  3763290
0.287317037582  3694242
0.288634061813  3692836
0.289777994156  3675784
0.289921045303  3675720
0.291092157364  3673952
0.291476964951  3673874
0.293001174927  3673142
0.294909000397  3626821
0.295038938522  3626450
0.296057939529  3626353
0.300126075745  3623757
0.30780506134  3623649
0.308453083038  3617561
0.312419176102  3607528
0.314965009689  3605882
0.315097093582  3600415
0.31586098671  3594871
0.320842981339  3590158
0.324162006378  3581908
0.325689077377  3581036
0.329877138138  3577939
0.330513954163  3572634
0.331789016724  3572603
0.345803976059  3569410
0.349498033524  3546643
0.350646972656  3540116
0.354731082916  3538394
0.35501408577  3535968
0.358551979065  3533685
0.360466957092  3525998
0.365899085999  3523321
0.367318153381  3519885
0.370414018631  3491752
0.371437072754  3483480
0.37157702446  3483411
0.371708154678  3482722
0.372754096985  3481155
0.377858161926  3471397
0.380419015884  3468235
0.383494138718  3466485
0.387974023819  3465292
0.388252019882  3462405
0.389997959137  3460758
0.391275167465  3457413
0.393262147903  3456527
0.394294023514  3456238
0.395951986313  3454072
0.400333166122  3452709
0.400604963303  3452155
0.403745174408  3444163
0.403892040253  3443098
0.408128023148  3442782
0.410426139832  3432229
0.416286945343  3430217
0.417181015015  3426052
0.418195962906  3425907
0.418578147888  3422935
0.418707132339  3416655
0.419989109039  3412137
0.42169713974  3411908
0.429183959961  3411419
0.430243015289  3411165
0.432283163071  3409399
0.433429002762  3407826
0.434767007828  3407492
0.439255952835  3402580
0.443104028702  3397912
0.445271968842  3395785
0.449202060699  3394070
0.454982995987  3393763
0.458198070526  3391338
0.465412139893  3389736
0.469792127609  3387752
0.470932006836  3387537
0.472901105881  3386808
0.477870941162  3386284
0.47877407074  3343086
0.480443000793  3340293
0.483632087708  3337334
0.493452072144  3318013
0.49397611618  3317473
0.494997024536  3312859
0.49879693985  3311826
0.50502204895  3309337
0.514940023422  3301846
0.516225099564  3294016
0.518542051315  3291620
0.528623104095  3287181
0.52991104126  3283817
0.533257961273  3235576
0.537605047226  3233471
0.545264959335  3223755
0.546040058136  3199446
0.54730796814  3197560
0.549364089966  3188585
0.551031112671  3186066
0.552982091904  3185437
0.556321144104  3180897
0.557214021683  3174683
0.559204101562  3172515
0.559746980667  3170972
0.566156148911  3170539
0.56786608696  3168202
0.572484970093  3165993
0.577260971069  3162764
0.581297159195  3121440
0.581810951233  3111100
0.582800149918  3108534
0.582935094833  3108079
0.584843158722  3092750
0.585737943649  3092675
0.587803125381  3091903
0.599420070648  3090730
0.59957408905  3088297
0.600726127625  3088056
0.602633953094  3084669
0.604953050613  3084647
0.605091094971  3062384
0.609675168991  3057749
0.609811067581  3024068
0.611737966537  3017459
0.613008022308  3015882
0.617172956467  3012282
0.617954969406  2997094
0.618731021881  2994959
0.627937078476  2994661
0.630262136459  2992897
0.636669158936  2992615
0.63786315918  2992130
0.647003173828  2984093
0.647875070572  2981674
0.650064945221  2981374
0.651996135712  2948451
0.653524160385  2946891
0.653910160065  2946222
0.655656099319  2944972
0.66153717041  2936591
0.663577079773  2916717
0.666388988495  2902227
0.667562007904  2897150
0.669433116913  2896890
0.673895120621  2892589
0.677313089371  2892371
0.681132078171  2891691
0.681794166565  2890466
0.681967973709  2889756
0.68399810791  2888961
0.684131145477  2887916
0.685415029526  2886672
0.68669295311  2886447
0.690022945404  2885203
0.698672056198  2879672
0.699063062668  2879385
0.70289516449  2876751
0.703158140182  2871655
0.709932088852  2861499
0.715085983276  2860490
0.724781990051  2860104
0.725713968277  2847167
0.732630968094  2841059
0.734312057495  2840138
0.737838029861  2840125
0.738466978073  2831688
0.755985021591  2830651
0.761043071747  2829536
0.761177062988  2820015
0.765444040298  2817882
0.783920049667  2816727
0.788274049759  2812890
0.799437046051  2812528
0.807399988174  2812240
0.8115670681  2808407
0.820379972458  2806684
0.822018146515  2805408
0.824892997742  2803940
0.826694965363  2802682
0.83021402359  2802542
0.832880973816  2780903
0.844419002533  2779373
0.848474025726  2775012
0.850841999054  2772313
0.851797103882  2771907
0.852916002274  2768999
0.85556101799  2741481
0.868703126907  2734473
0.869349002838  2733492
0.869606971741  2731551
0.870804071426  2730103
0.878612041473  2726542
0.892336130142  2725925
0.901700973511  2723851
0.91082406044  2723408
0.922012090683  2719854
0.922569990158  2717141
0.922844171524  2711317
0.924319028854  2708408
0.926185131073  2703300
0.930541992188  2697658
0.931594133377  2697286
0.931729078293  2696604
0.933614969254  2686701
0.941807985306  2684552
0.946922063828  2684371
0.948297977448  2683636
0.953118085861  2682146
0.953258037567  2654246
0.95710515976  2653996
0.968062162399  2638345
0.970999002457  2635734
0.971658945084  2635323
0.978676080704  2635238
0.980702161789  2633763
0.980841159821  2633122
0.984948158264  2625987
0.98521399498  2624825
0.995465993881  2620057
0.996724128723  2619905
1.00333714485  2618668
1.00661206245  2617178
1.01345515251  2613146
1.02107810974  2606091
1.02313995361  2599016
1.02589917183  2596580
1.03210711479  2561540
1.0337741375  2561497
1.04067015648  2555240
1.04323506355  2554728
1.04773211479  2553495
1.04900407791  2550422
1.04990816116  2550353
1.05119895935  2548731
1.05709695816  2540017
1.05860805511  2537571
1.05991005898  2536649
1.07786011696  2535733
1.07873106003  2528927
1.09364008904  2528432
1.09705114365  2526050
1.10135197639  2522578
1.10196614265  2494817
1.10273694992  2489185
1.10470414162  2458723
1.11185002327  2457402
1.11417412758  2450656
1.11603999138  2450469
1.11926317215  2450462
1.12096595764  2450356
1.12205195427  2418919
1.15027999878  2414894
1.16101694107  2411497
1.1643280983  2411315
1.17775297165  2408364
1.18689703941  2406576
1.19895911217  2406415
1.20360016823  2403781
1.22039103508  2403180
1.22266507149  2394274
1.22789216042  2391497
1.22991704941  2390976
1.23669099808  2369784
1.24776411057  2365079
1.2569770813  2364099
1.26327013969  2363101
1.26342105865  2362893
1.26653313637  2360977
1.27832508087  2347243
1.30612516403  2343754
1.31362009048  2343685
1.31762099266  2331725
1.33214211464  2305438
1.33543801308  2291020
1.33597302437  2269094
1.33770799637  2268994
1.35279297829  2268562
1.36272311211  2268272
1.3722410202  2260258
1.37476396561  2250385
1.37851905823  2244222
1.38509011269  2243909
1.38789606094  2240675
1.38840508461  2237513
1.39210605621  2235786
1.39783406258  2229108
1.40208005905  2229067
1.40521597862  2205494
1.41412496567  2203288
1.42212295532  2202418
1.43355607986  2201181
1.43753314018  2200847
1.43846511841  2200588
1.4445130825  2200301
1.44584608078  2200274
1.44891810417  2200200
1.45770096779  2199805
1.46767711639  2195347
1.46919298172  2194694
1.48661994934  2190393
1.5140080452  2189563
1.52420496941  2182839
1.52655696869  2182290
1.53330397606  2182281
1.54665207863  2181774
1.54929494858  2174053
1.55998897552  2174047
1.56721401215  2172456
1.58751010895  2171521
1.59502196312  2169755
1.61364412308  2164126
1.61656808853  2163182
1.62918901443  2161872
1.63502597809  2159621
1.63761997223  2153168
1.64161205292  2149808
1.65336799622  2149329
1.66101694107  2147265
1.66286897659  2144780
1.66303300858  2144275
1.66821217537  2141655
1.6699590683  2121509
1.67337298393  2121426
1.68014216423  2121119
1.68192315102  2121021
1.68947005272  2120443
1.69360303879  2119034
1.70188593864  2117617
1.71367502213  2111226
1.72175216675  2109478
1.76288104057  2109299
1.76825213432  2108754
1.77009701729  2108335
1.8046309948  2106296
1.83531403542  2105096
1.88235616684  2104735
1.88509702682  2104602
1.88770604134  2104022
1.92218708992  2101020
1.92858505249  2100920
1.93794512749  2089323
1.96203112602  2088110
1.97075104713  2087216
1.97891902924  2086446
1.99818301201  2083884
2.0005300045  2081613
2.00519609451  2081406
2.00644207001  2081323
2.02178001404  2079290
2.02322697639  2078558
2.02863097191  2074766
2.03731417656  2072605
2.04509305954  2072354
2.07066512108  2066956
2.08769416809  2066024
2.09245896339  2065007
2.09437298775  2065002
2.11135816574  2064409
2.15606307983  2057474
2.17047309875  2056570
2.17691397667  2054240
2.2186870575  2051137
2.22973394394  2050863
2.23229908943  2050208
2.23416614532  2049412
2.25725007057  2049322
2.25825500488  2049239
2.27528810501  2048613
2.29931116104  2045533
2.30885410309  2045139
2.31351709366  2041990
2.31523609161  2041888
2.31642103195  2040961
2.32285308838  2040181
2.34409403801  2036986
2.34590506554  2035053
2.35436797142  2032621
2.35814595222  2028222
2.36391496658  2027884
2.37816500664  2026739
2.38389015198  2022094
2.38427495956  2020586
2.38938117027  2019936
2.3905210495  2019815
2.41453695297  2018799
2.42792701721  2018180
2.44326901436  2017916
2.45549511909  2017669
2.46875095367  2017219
2.47184205055  2016158
2.48015594482  2016047
2.50105214119  2012812
2.50965309143  2012723
2.51446294785  2011818
2.54002904892  2009931
2.54372000694  2006782
2.55216693878  2005808
2.55351996422  2004550
2.56487107277  2003269
2.5679500103  2003041
2.57336902618  2001902
2.59395313263  2001789
2.60101294518  2001696
2.60425615311  2000557
2.60758900642  1999441
2.60847997665  1998069
2.62326002121  1997943
2.64012598991  1996719
2.66108512878  1996331
2.6672270298  1986648
2.67806506157  1986282
2.67966914177  1986204
2.69373106956  1984572
2.70371007919  1983796
2.71483707428  1983268
2.7251060009  1982985
2.73202204704  1975261
2.77173495293  1974421
2.79303407669  1973435
2.80437016487  1972851
2.83733606339  1972122
2.85734701157  1971660
2.86268615723  1967407
2.88729500771  1966802
2.89747309685  1966739
2.94204711914  1965262
2.95803403854  1960096
3.02149796486  1959518
3.03332996368  1959437
3.04076695442  1959275
3.04818916321  1958112
3.06211900711  1958067
3.07837104797  1957673
3.08796215057  1957541
3.0946559906  1957421
3.10007214546  1956682
3.11222314835  1956545
3.11710309982  1954910
3.15515899658  1954005
3.15901708603  1952864
3.19362998009  1952184
7.31976413727  1950508
7.33160614967  1948568
7.34350013733  1946269
7.35289311409  1945602
7.37156915665  1945502
7.37502002716  1945293
7.37515807152  1940388
7.41704201698  1939812
7.42249298096  1937136
7.44904303551  1935559
7.45635604858  1934619
7.47050595284  1934565
7.47777295113  1934518
7.49525904655  1934445
7.50827312469  1934073
7.51131916046  1930738
7.53032016754  1930058
7.55375099182  1929437
7.56875014305  1927074
7.58131098747  1926720
7.60556411743  1922533
7.62095594406  1920068
7.62136101723  1920038
7.62252497673  1900271
7.6411960125  1900224
7.65361809731  1900013
7.6724729538  1899772
7.70315599442  1898453
7.73164796829  1886774
7.79510807991  1886488
7.84656906128  1884808
7.86462497711  1883684
