0.0388832092285  6922891
0.0393221378326  6895606
0.039614200592  6863503
0.0400381088257  6859536
0.0408911705017  6844273
0.0410401821136  6841663
0.0417711734772  6794441
0.042218208313  6785242
0.0423572063446  6730141
0.042494058609  6677238
0.0426781177521  6663664
0.0429680347443  6662110
0.0432631969452  6658807
0.0435891151428  6593009
0.0437521934509  6587232
0.043897151947  6561501
0.0440421104431  6551159
0.0441870689392  6549637
0.0444881916046  6476466
0.0447471141815  6389877
0.0450441837311  6386587
0.0454430580139  6351945
0.0455729961395  6339971
0.0460112094879  6320758
0.0461430549622  6318285
0.0462741851807  6314573
0.0467112064362  6310739
0.0469691753387  6291254
0.04714012146  6276862
0.0474121570587  6274417
0.047544002533  6271414
0.0478610992432  6230299
0.0480060577393  6228675
0.0493381023407  6200416
0.0500011444092  6194544
0.0507471561432  6191905
0.0508871078491  6190050
0.0513010025024  6189927
0.0518021583557  6181452
0.0520520210266  6171535
0.0529210567474  6158787
0.0531752109528  6157338
0.0538120269775  6155931
0.0539400577545  6150587
0.0552530288696  6147794
0.0566780567169  6147047
0.0569040775299  6144541
0.0571269989014  6009579
0.0578451156616  6001383
0.0579781532288  6001134
0.0598840713501  5932368
0.0602650642395  5843544
0.060643196106  5760749
0.0608940124512  5760530
0.0612690448761  5754498
0.0615191459656  5717483
0.0623831748962  5712991
0.0627570152283  5708348
0.0631291866302  5685600
0.0642521381378  5679284
0.0649960041046  5671411
0.065859079361  5667047
0.0663540363312  5665392
0.0666031837463  5662738
0.0667290687561  5656860
0.0672571659088  5603747
0.0676550865173  5593068
0.0681331157684  5592714
0.0694310665131  5590668
0.0698070526123  5589973
0.0701820850372  5588124
0.0706810951233  5572301
0.07155418396  5568394
0.0721771717072  5563425
0.0723052024841  5541166
0.0733001232147  5535374
0.0735681056976  5534669
0.0739641189575  5531568
0.0742301940918  5531030
0.0743811130524  5512214
0.0748481750488  5506373
0.0751161575317  5492335
0.0773701667786  5492115
0.0776650905609  5452887
0.078381061554  5409873
0.0786600112915  5405748
0.0789132118225  5395112
0.0791680812836  5394904
0.0795500278473  5391058
0.0799241065979  5383970
0.0800499916077  5381243
0.0803000926971  5373149
0.0805540084839  5291088
0.0813081264496  5273429
0.0814371109009  5262337
0.0815651416779  5244213
0.0819439888  5239048
0.0823240280151  5238877
0.0827040672302  5238822
0.082957983017  5237591
0.0830872058868  5231494
0.0832149982452  5229048
0.0837481021881  5191558
0.0844070911407  5183389
0.0846831798553  5167237
0.085216999054  5159484
0.0858631134033  5156068
0.0862390995026  5141995
0.0864901542664  5139773
0.0867400169373  5138984
0.0879771709442  5138923
0.0889720916748  5129812
0.0891001224518  5125991
0.0892271995544  5123403
0.0893530845642  5121062
0.0899801254272  5114575
0.0906040668488  5105526
0.0913350582123  5105184
0.0914821624756  5098511
0.0942490100861  5069488
0.0950381755829  5064952
0.0959432125092  5053462
0.0961949825287  5047791
0.0965712070465  5040038
0.0967001914978  5030783
0.098571062088  5024622
0.098699092865  5022097
0.100339174271  5021432
0.100476026535  5013651
0.100611209869  5012396
0.102807998657  5004846
0.10293507576  4986446
0.103062152863  4977359
0.103188037872  4974128
0.105280160904  4973843
0.106023073196  4969614
0.106150150299  4923426
0.106398105621  4923112
0.107568025589  4919539
0.107700109482  4902663
0.109002113342  4898745
0.110378026962  4885215
0.113335132599  4869791
0.114535093307  4869479
0.114665985107  4869463
0.115545034409  4860528
0.116008043289  4849924
0.11683011055  4847039
0.118367195129  4824849
0.119259119034  4823792
0.119517087936  4823571
0.121786117554  4815846
0.122421979904  4810791
0.122551202774  4806029
0.122807025909  4802724
0.123563051224  4802402
0.123692035675  4790171
0.124471187592  4779782
0.125337123871  4766183
0.125496149063  4765462
0.12837600708  4762691
0.131712198257  4758932
0.132349014282  4758791
0.133438110352  4749451
0.133578062057  4748508
0.134116172791  4746567
0.134253978729  4746176
0.135718107224  4745183
0.136478185654  4743423
0.136860132217  4742919
0.137241125107  4736120
0.139000177383  4734487
0.139129161835  4725508
0.140771150589  4723898
0.142856121063  4720025
0.143496990204  4717526
0.143627166748  4717494
0.144258022308  4717448
0.145392179489  4701132
0.14552116394  4661499
0.147029161453  4661302
0.147284030914  4658855
0.148472070694  4657531
0.14887213707  4654433
0.150377988815  4617989
0.151829004288  4617819
0.152260065079  4596232
0.153671979904  4595756
0.156305074692  4588827
0.156684160233  4566325
0.1586561203  4564817
0.162289142609  4559599
0.163959980011  4542040
0.166659116745  4531339
0.166793107986  4530312
0.168208122253  4518134
0.168725013733  4516873
0.169241189957  4510970
0.169883012772  4510744
0.170396089554  4510149
0.170781135559  4509834
0.171167135239  4507378
0.172313213348  4495112
0.178464174271  4489402
0.179350137711  4478297
0.181650161743  4474157
0.182281017303  4468336
0.183047056198  4461440
0.184175014496  4446236
0.18457698822  4445567
0.18617606163  4428453
0.188997030258  4395190
0.191383123398  4335987
0.193375110626  4329104
0.194514989853  4328924
0.197052001953  4321271
0.198578119278  4319887
0.202459096909  4319412
0.203417062759  4314054
0.204430103302  4308312
0.205109119415  4308222
0.214246988297  4307929
0.214636087418  4305830
0.215414047241  4268301
0.216122150421  4224209
0.21662902832  4221885
0.219641208649  4220740
0.220781087875  4199795
0.223771095276  4199371
0.226072072983  4199289
0.227738142014  4197686
0.229013204575  4192050
0.22989320755  4191805
0.231527090073  4188597
0.233673095703  4186840
0.234181165695  4184833
0.234813213348  4183601
0.235195159912  4182742
0.235576152802  4182353
0.237347126007  4172412
0.24011015892  4162800
0.240520000458  4160734
0.240651130676  4126328
0.242305994034  4108023
0.244202136993  4101436
0.244956016541  4086323
0.245084047318  4076899
0.246584177017  4073917
0.247218132019  4058530
0.249716997147  4056823
0.251723051071  4048324
0.251978158951  4042496
0.252482175827  3986373
0.254617214203  3985830
0.255495071411  3984110
0.256000995636  3983674
0.25613117218  3954487
0.257441043854  3945970
0.25760602951  3944912
0.261327981949  3940009
0.264384031296  3939596
0.265148162842  3936938
0.266297101974  3923767
0.267920017242  3920351
0.268862009048  3911275
0.273884057999  3902450
0.27401804924  3892240
0.274150133133  3884942
0.277198076248  3884076
0.281211137772  3883945
0.281352996826  3882802
0.283502101898  3879249
0.284596204758  3878927
0.285140037537  3809339
0.287811040878  3805982
0.288192987442  3801857
0.289705038071  3801178
0.292750120163  3798021
0.298629999161  3775116
0.298894166946  3773009
0.301911115646  3769877
0.302542209625  3768622
0.303925037384  3702593
0.308972120285  3701529
0.3099629879  3699781
0.311914205551  3699488
0.313454151154  3699149
0.313964128494  3695193
0.314093112946  3683118
0.314725160599  3667073
0.31498003006  3665874
0.315118074417  3634474
0.315999031067  3631121
0.316254138947  3625194
0.321662187576  3621720
0.323302030563  3621304
0.32418513298  3620136
0.328208208084  3619379
0.329538106918  3614580
0.336244106293  3614045
0.336398124695  3611611
0.340447187424  3609884
0.341086149216  3609499
0.342814207077  3607789
0.344462156296  3555472
0.344597101212  3532416
0.346762180328  3532283
0.347781181335  3532015
0.348414182663  3531013
0.348920106888  3520487
0.349802017212  3518753
0.351811170578  3518189
0.352316141129  3498274
0.35257101059  3468615
0.354485988617  3466280
0.354615211487  3464794
0.357560157776  3462732
0.366757154465  3457216
0.367015123367  3454131
0.367652177811  3450799
0.375235080719  3449881
0.376047134399  3416401
0.376771211624  3411225
0.379604101181  3408146
0.381880044937  3394463
0.382766008377  3393505
0.384052038193  3333565
0.384569168091  3327239
0.384829044342  3319929
0.391079187393  3315212
0.395106077194  3314113
0.397994041443  3305769
0.400598049164  3272425
0.402320146561  3266668
0.408483028412  3245478
0.409982204437  3227810
0.410272121429  3226539
0.410937070847  3221465
0.411359071732  3218659
0.412808179855  3217150
0.423525094986  3211428
0.427070140839  3208810
0.429771184921  3208112
0.431585073471  3206725
0.438975095749  3206139
0.44246506691  3205164
0.443104982376  3205154
0.444144010544  3201206
0.444283008575  3184029
0.444555997849  3182472
0.446941137314  3182387
0.449726104736  3179559
0.458418130875  3175577
0.462515115738  3171952
0.463829040527  3168389
0.464902162552  3158547
0.465034008026  3155181
0.466766119003  3149966
0.466907024384  3146680
0.47398519516  3143280
0.47424697876  3142629
0.474503993988  3140978
0.475264072418  3135745
0.476273059845  3135516
0.477528095245  3132602
0.477657079697  3119040
0.480122089386  3118675
0.480818986893  3118670
0.48884510994  3100401
0.495400190353  3094002
0.495676994324  3088202
0.496769189835  3087414
0.496901988983  3085103
0.498542070389  3083888
0.499297142029  3082618
0.50196814537  3082104
0.505995988846  3081900
0.51550412178  3079433
0.520183086395  3078922
0.523068189621  3075333
0.527621030807  3063979
0.529534101486  3062655
0.532446146011  3054165
0.5377202034  3053845
0.538115024567  3053314
0.545948982239  3050517
0.551227092743  3030967
0.552775144577  3019122
0.560172080994  3014409
0.562877178192  3011611
0.574484109879  3006030
0.577887058258  3004007
0.582287073135  2999513
0.582677125931  2999243
0.58420920372  2998134
0.585551023483  2960830
0.589610099792  2956349
0.59082198143  2951089
0.591892004013  2897892
0.596019029617  2897083
0.601276159286  2891788
0.609024047852  2891432
0.614631175995  2891369
0.618098020554  2887185
0.620012998581  2887046
0.621929168701  2885859
0.623718976974  2880293
0.626929998398  2870051
0.632805109024  2868360
0.633726119995  2863178
0.637073993683  2860280
0.637714147568  2860076
0.640755176544  2857421
0.641648054123  2855107
0.647844076157  2854146
0.650760173798  2815974
0.652921199799  2813590
0.653820991516  2810494
0.656475067139  2808235
0.662265062332  2808095
0.6638879776  2807405
0.667786121368  2794267
0.669593095779  2787845
0.675076007843  2786184
0.679785013199  2782032
0.679920196533  2779063
0.680554151535  2778468
0.681694984436  2777413
0.682205200195  2770315
0.691781997681  2766451
0.692915201187  2759558
0.694320201874  2759405
0.698104143143  2752161
0.704545021057  2747455
0.705361127853  2747359
0.707430124283  2736390
0.708828210831  2735134
0.71781206131  2734598
0.723639011383  2731527
0.724289178848  2730859
0.733069181442  2715608
0.736675024033  2713122
0.73815703392  2710152
0.740182161331  2709857
0.743658065796  2709516
0.747207164764  2698121
0.751941204071  2696953
0.75408411026  2693870
0.757881164551  2690492
0.758563995361  2688167
0.76344704628  2682482
0.767873048782  2681869
0.768977165222  2673324
0.773441076279  2669022
0.782673120499  2668795
0.785300016403  2667280
0.795953989029  2666810
0.796091079712  2664288
0.805170059204  2661035
0.806744098663  2658379
0.816034078598  2656727
0.81795501709  2628752
0.820058107376  2627368
0.82074713707  2625789
0.820913076401  2624759
0.827346086502  2623855
0.834533214569  2623808
0.836615085602  2623777
0.846050024033  2621350
0.848474025726  2616774
0.852203130722  2607919
0.865082979202  2604647
0.880659103394  2601075
0.883874177933  2598203
0.888272047043  2597461
0.892039060593  2595421
0.895067214966  2593070
0.913089990616  2591964
0.923299074173  2588769
0.923586130142  2586309
0.924632072449  2585663
0.925384998322  2584248
0.926357030869  2582122
0.926776170731  2581494
0.932000160217  2581032
0.933651208878  2579760
0.967462062836  2579529
0.970972061157  2577129
0.976320028305  2562040
0.977969169617  2558042
0.979813098907  2557934
0.980585098267  2557546
0.983511209488  2557256
0.983645200729  2553405
0.988485097885  2551806
1.00078415871  2549806
1.00464320183  2549641
1.01341605186  2541555
1.01415419579  2541486
1.01505112648  2540726
1.02909708023  2539369
1.03130698204  2538724
1.04066109657  2538374
1.07367300987  2537396
1.09657716751  2537290
1.09896421432  2537261
1.10092616081  2526171
1.10633015633  2524782
1.10868811607  2524118
1.11808800697  2522556
1.12940311432  2521590
1.14048218727  2520371
1.14405298233  2519513
1.14507699013  2518900
1.15729999542  2518667
1.16071915627  2517460
1.17204213142  2517279
1.18586611748  2516056
1.19182801247  2511285
1.20133304596  2510095
1.2030441761  2509876
1.24613618851  2508084
1.24672698975  2503854
1.24781012535  2502552
1.26557016373  2486062
1.27478599548  2480101
1.27552914619  2479761
1.27641320229  2477942
1.288449049  2477361
1.2938849926  2475077
1.29583907127  2474822
1.29642415047  2471775
1.30019712448  2470355
1.31252598763  2466935
1.31660914421  2466842
1.31699705124  2466541
1.31763100624  2466437
1.33775615692  2465538
1.34059405327  2463021
1.36397409439  2460570
1.37685799599  2458667
1.37880921364  2458343
1.38043999672  2457966
1.38162112236  2455999
1.38994002342  2455503
1.40911102295  2452640
1.41470813751  2452271
1.41531515121  2447193
1.41833305359  2446919
1.43077301979  2444376
1.45416617393  2440770
1.45698618889  2440576
1.46482110023  2440515
1.46771717072  2438426
1.47702407837  2436737
1.48623800278  2435860
1.53600502014  2435801
1.54601120949  2430697
1.55638313293  2428111
1.57163310051  2427427
1.57401204109  2426919
1.57514214516  2425961
1.5839111805  2425949
1.61515712738  2422975
1.62351608276  2422760
1.64343309402  2421742
1.65159201622  2372178
1.65511703491  2371588
1.6817882061  2371199
1.68205714226  2370909
1.72620105743  2369968
1.75062203407  2357894
1.76262021065  2356925
1.78703212738  2355368
1.78762316704  2355146
1.79055500031  2353843
1.85348820686  2353583
1.90725517273  2352941
1.91755104065  2352449
1.91808104515  2352353
1.93004512787  2351632
1.9387550354  2344533
1.9597260952  2339676
1.96578216553  2339417
2.00261902809  2337918
2.01635408401  2337835
2.01843619347  2336442
2.05536699295  2335160
2.09340715408  2335151
2.11535620689  2334866
2.12501120567  2331055
2.14983820915  2329974
2.15424418449  2329488
2.16661810875  2329276
2.17443799973  2328552
2.18510603905  2328515
2.20456409454  2328489
2.2468521595  2327708
2.26506114006  2323313
2.26654314995  2323260
2.28031206131  2322998
2.29400420189  2300808
2.29737019539  2294385
2.31564712524  2284494
2.32176113129  2284438
2.3516960144  2284280
2.37638115883  2284011
2.37882900238  2283405
2.38340711594  2282987
2.38610005379  2282681
2.39326810837  2282665
2.40273499489  2281958
2.41889715195  2281388
2.44455718994  2280980
2.45461702347  2272337
2.47135901451  2272314
2.48343706131  2271283
2.4922451973  2256716
2.49601101875  2245907
4.78392410278  2233716
4.78406000137  2232731
4.7855219841  2232450
4.81795120239  2231906
4.83002519608  2230314
4.84389209747  2230260
4.8451590538  2226388
4.86559820175  2217478
4.86601901054  2217461
4.87086200714  2217303
4.89057612419  2215998
4.89412808418  2211644
4.89875006676  2209320
4.93912911415  2207262
4.94908905029  2206600
4.96911120415  2206599
4.98531913757  2206380
4.98780298233  2205210
5.0096681118  2200694
5.02965116501  2199965
5.03554701805  2199773
5.04549503326  2197427
5.05270314217  2191356
5.06708598137  2188578
5.10987401009  2186354
5.11952614784  2183918
5.15475320816  2183813
5.21632599831  2180718
5.21718001366  2179824
5.24585914612  2179528
5.27363419533  2178226
5.28240418434  2177919
5.29038619995  2177753
5.30067515373  2174187
5.31819820404  2172721
5.3410551548  2172200
5.34817314148  2171643
5.36734819412  2170298
5.36888098717  2168984
5.37647008896  2166741
5.41764307022  2166722
5.43066120148  2156453
5.43364310265  2155643
5.44257307053  2154543
5.45464015007  2146217
5.45679020882  2132070
5.47205114365  2130011
5.51790714264  2129915
5.56378507614  2129268
5.57553315163  2126262
5.58659815788  2125972
5.6092710495  2123251
5.64012598991  2122137
5.64740800858  2121301
5.66169500351  2121122
5.66587209702  2113857
5.67307114601  2112927
5.68260812759  2109882
5.68696117401  2106384
5.68738698959  2106050
5.70225906372  2104763
5.71194720268  2103642
5.73636412621  2102660
5.74170613289  2096505
5.75251197815  2095936
5.76964306831  2094736
5.77456307411  2094505
5.78451704979  2094444
5.78937602043  2093442
5.80687618256  2065341
5.82457017899  2065207
5.85167813301  2064686
5.85539603233  2062020
5.85906410217  2060721
5.86909103394  2059392
5.87302613258  2058714
5.88370609283  2057634
5.90349507332  2055638
5.91468405724  2055360
5.93723201752  2053126
5.94410705566  2049904
5.97730898857  2048752
5.97849202156  2048302
6.00489521027  2031211
6.00769305229  2030105
6.00795412064  2029633
6.009360075  2026013
6.04005098343  2025428
6.05465912819  2023900
6.06866121292  2023646
6.08613419533  2023525
6.13718914986  2022305
6.16592907906  2019743
6.17684316635  2017462
