0.0381739139557  7246845
0.0384590625763  7229300
0.0391829013824  7220284
0.0399649143219  7208830
0.0408039093018  7206968
0.0410969257355  7206931
0.0420949459076  7198760
0.0422320365906  7196915
0.0439050197601  7194254
0.0440599918365  7188688
0.044303894043  7185376
0.0444588661194  7181956
0.0447900295258  7166993
0.0449440479279  7157938
0.0454499721527  7142676
0.0456039905548  7137660
0.0458469390869  7125093
0.0466659069061  7106235
0.0482308864594  7106198
0.0484459400177  7102116
0.0486030578613  7098524
0.0492949485779  7098302
0.0497500896454  7096453
0.0503559112549  7062934
0.0520088672638  7061180
0.0540409088135  7060739
0.0541989803314  7054181
0.056715965271  7052492
0.0570869445801  7051740
0.0575370788574  7046325
0.0576729774475  7029311
0.0605180263519  7025769
0.0607690811157  7024750
0.0611000061035  7023967
0.0615179538727  7017865
0.0650219917297  7016369
0.0652570724487  7001824
0.0660178661346  6995839
0.0661540031433  6995424
0.0664460659027  6981767
0.0668959617615  6977880
0.0670318603516  6977434
0.0672459602356  6975756
0.0685610771179  6972684
0.0687820911407  6947460
0.068932056427  6943664
0.0698349475861  6943438
0.0703430175781  6937967
0.0712740421295  6923398
0.0746488571167  6922677
0.078262090683  6922614
0.0785059928894  6922502
0.0820639133453  6917596
0.0857660770416  6915615
0.0860998630524  6915241
0.0891180038452  6914526
0.0900330543518  6908928
0.0904030799866  6891771
0.090539932251  6870675
0.092474937439  6867324
0.0929238796234  6864826
0.0936028957367  6859240
0.0937740802765  6856644
0.0976378917694  6855300
0.0977749824524  6850219
0.101933002472  6850039
0.102087020874  6844299
0.102346897125  6836396
0.102884054184  6836366
0.10696387291  6831696
0.112397909164  6829979
0.112612962723  6824630
0.112748861313  6816684
0.113743066788  6797385
0.114036083221  6795646
0.114171981812  6791564
0.114562034607  6789789
0.115010023117  6784067
0.12039399147  6782881
0.126091957092  6780302
0.126229047775  6780295
0.127693891525  6767586
0.127848863602  6766881
0.128092050552  6766673
0.128601074219  6764683
0.128755092621  6764459
0.129634857178  6763530
0.129770994186  6763444
0.130963087082  6763282
0.131957054138  6763235
0.132250070572  6762973
0.133089065552  6759257
0.134270906448  6759194
0.14034986496  6757660
0.145286083221  6755463
0.153370857239  6752674
0.153599023819  6751938
0.155621051788  6751869
0.163395881653  6751258
0.163552999496  6712855
0.163789987564  6698626
0.164172887802  6697068
0.170902967453  6695133
0.177587985992  6693091
0.177735090256  6669562
0.184743881226  6666475
0.185050964355  6665796
0.185193061829  6663441
0.185513019562  6663437
0.185741901398  6660936
0.186192989349  6658298
0.194011926651  6655831
0.194169998169  6622694
0.194876909256  6620792
0.195098876953  6619797
0.195399999619  6603882
0.203728914261  6600765
0.204139947891  6598670
0.204277992249  6582142
0.207584857941  6580601
0.207978010178  6578591
0.208432912827  6577651
0.208643913269  6577209
0.209219932556  6571668
0.212105989456  6570418
0.221461057663  6568083
0.222301006317  6566810
0.223500967026  6565890
0.224572896957  6565412
0.226099014282  6562428
0.237815856934  6561082
0.237962961197  6531894
0.238425016403  6529687
0.250222921371  6527915
0.251157045364  6514308
0.25132393837  6417465
0.252158880234  6414704
0.26232790947  6411749
0.262811899185  6411498
0.263140916824  6410849
0.263442993164  6405912
0.263583898544  6383710
0.264046907425  6382342
0.26491189003  6381621
0.265131950378  6380190
0.265271902084  6380125
0.265975952148  6374804
0.266277074814  6374253
0.266737937927  6372445
0.266879081726  6371611
0.267649888992  6370356
0.268565893173  6368252
0.283267974854  6367872
0.294285058975  6366970
0.29442691803  6364484
0.309784889221  6363253
0.309941053391  6361547
0.310177087784  6356382
0.310500860214  6356199
0.310642004013  6347877
0.311506032944  6327232
0.311783075333  6320795
0.312253952026  6319709
0.312475919724  6311209
0.313018083572  6311131
0.327507972717  6311018
0.327699899673  6310328
0.328096866608  6268647
0.339530944824  6267362
0.340012073517  6259283
0.350841999054  6257072
0.355768918991  6256991
0.355906009674  6256278
0.35611987114  6256149
0.356798887253  6251007
0.356935024261  6189614
0.357224941254  6175010
0.359621047974  6173183
0.360712051392  6170013
0.362168073654  6169642
0.362535953522  6169573
0.362748861313  6168559
0.363116979599  6164733
0.364652872086  6160295
0.369057893753  6158522
0.379973888397  6156087
0.380110025406  6114140
0.391246080399  6111486
0.391381978989  6111402
0.39159488678  6106507
0.403615951538  6105242
0.404043912888  6099770
0.40428686142  6099088
0.404507875443  6098819
0.405119895935  6097771
0.405732870102  6073480
0.40623998642  6060138
0.408017873764  6057710
0.40895986557  6052622
0.421392917633  6051115
0.421530008316  6038790
0.422134876251  6036719
0.422271966934  6025671
0.422641038895  6019617
0.434783935547  6017759
0.43492102623  5985493
0.447030067444  5982640
0.447166919708  5976230
0.459733963013  5973754
0.459976911545  5945645
0.475193977356  5942983
0.475416898727  5941468
0.488729953766  5938920
0.489259958267  5909772
0.489395856857  5903044
0.489763975143  5902014
0.489899873734  5818701
0.49018907547  5816363
0.490576982498  5815155
0.494688034058  5811708
0.49544095993  5807397
0.498420953751  5807143
0.514374017715  5806977
0.514517068863  5806048
0.515616893768  5797702
0.515753984451  5797480
0.515968084335  5785557
0.516972064972  5783011
0.53547000885  5781266
0.535690069199  5779815
0.553973913193  5779770
0.554144859314  5778894
0.554418087006  5750344
0.572102069855  5748839
0.572570085526  5744575
0.572822093964  5739107
0.575993061066  5732650
0.576333045959  5727706
0.579325914383  5725629
0.579631090164  5721222
0.596409082413  5718334
0.596593856812  5717246
0.612863063812  5716663
0.613007068634  5691409
0.627938985825  5688849
0.628081083298  5682442
0.643135070801  5679825
0.643279075623  5679046
0.643500089645  5654676
0.660053014755  5651884
0.660211086273  5651008
0.660525083542  5650503
0.660670995712  5646601
0.6608979702  5640811
0.661292076111  5638500
0.662015914917  5637264
0.6622569561  5636240
0.662589073181  5634573
0.662744045258  5633103
0.679761886597  5630891
0.679915904999  5609533
0.695369005203  5608587
0.696745872498  5606018
0.696889877319  5603008
0.697433948517  5602886
0.697575092316  5602882
0.697876930237  5602115
0.698257923126  5600944
0.69931602478  5599940
0.699538946152  5597236
0.699923992157  5595970
0.700470924377  5595458
0.700635910034  5594488
0.700917005539  5519680
0.703525066376  5519545
0.704377889633  5518812
0.705642938614  5518622
0.709287881851  5510025
0.709620952606  5506276
0.710412979126  5503040
0.711757898331  5502798
0.71246099472  5501942
0.712601900101  5501546
0.713890075684  5500095
0.715399026871  5498239
0.715620040894  5497374
0.717242956161  5497073
0.717385053635  5496791
0.719418048859  5493724
0.719558954239  5491962
0.721814870834  5490988
0.734884023666  5489482
0.735949993134  5488552
0.748085975647  5487326
0.748224020004  5485493
0.748516082764  5485429
0.748652935028  5485037
0.750774860382  5481958
0.753582954407  5481264
0.759151935577  5480813
0.765136957169  5480668
0.780714035034  5480470
0.780852079391  5471962
0.781773090363  5471664
0.781909942627  5467065
0.78212594986  5452618
0.782260894775  5452482
0.782711029053  5442454
0.79905796051  5441258
0.799288034439  5440797
0.799582958221  5440508
0.816015005112  5438333
0.816158056259  5429244
0.832238912582  5427544
0.83238196373  5427122
0.832597017288  5422989
0.84933590889  5420455
0.849475860596  5412827
0.849691867828  5412259
0.849983930588  5411414
0.87401509285  5410952
0.893426895142  5410877
0.893867969513  5409263
0.894454956055  5402165
0.894727945328  5394072
0.897142887115  5391587
0.897959947586  5379546
0.899257898331  5369669
0.919193983078  5368659
0.937923908234  5367894
0.93807387352  5338204
0.961098909378  5336112
0.961565971375  5333922
0.961706876755  5328306
0.962246894836  5322036
0.980797052383  5321308
0.981168985367  5315358
0.981304883957  5300772
0.981872081757  5300693
0.983610868454  5290416
0.983980894089  5284706
0.984225988388  5271193
0.985373973846  5263349
0.991204023361  5262580
0.996644973755  5261935
0.997098922729  5260494
0.997672080994  5254882
0.998595952988  5254353
0.999593019485  5243762
1.00062894821  5243721
1.00081396103  5229197
1.00190186501  5215633
1.00422787666  5215574
1.00446295738  5212206
1.00546908379  5182336
1.00609087944  5166450
1.0063970089  5163356
1.00875306129  5160928
1.01440000534  5160870
1.01934885979  5158730
1.02312493324  5155587
1.04560709  5153589
1.06621003151  5153011
1.06636404991  5125563
1.08487892151  5123121
1.08501696587  5122102
1.0852329731  5122096
1.08554005623  5121406
1.104170084  5120140
1.10430788994  5106238
1.10460090637  5100068
1.12476396561  5097293
1.12490200996  5084696
1.14420890808  5067720
1.18254804611  5067647
1.22138786316  5066413
1.26312303543  5066371
1.30379891396  5064721
1.34645700455  5059955
1.38630390167  5053281
1.42685890198  5053133
1.47141504288  5052767
1.52798295021  5052484
1.56904387474  5050935
1.64403986931  5050334
1.6968319416  5049626
1.75167393684  5048675
1.80807304382  5044188
1.86488699913  5040549
1.86510300636  5040444
1.86539387703  5039666
1.86607599258  5034859
1.8666779995  5034145
1.92313885689  5031525
1.9432489872  5031496
1.97398400307  5031398
1.99845790863  5030418
2.02409005165  5029668
2.0628528595  5028163
2.08866095543  5027394
2.16254687309  5026050
2.23687386513  5025734
2.32057595253  5025318
2.38628196716  5025300
2.44324088097  5023951
2.50063300133  5023895
2.56671595573  5023465
2.62874102592  5022557
2.70235705376  5012736
2.77418899536  5010287
2.77451395988  5010182
2.78287696838  5009625
2.79072999954  5007615
2.79099798203  4983096
2.7941930294  4983073
2.80223608017  4982676
2.82427000999  4982250
2.8464410305  4980667
2.87899589539  4980485
2.90367102623  4980276
2.94730806351  4980172
2.94745993614  4979786
2.97084498405  4978888
2.99399995804  4973473
3.01525807381  4967167
3.03824901581  4965976
3.06119394302  4965162
3.08529305458  4964005
3.10673093796  4961307
3.12938404083  4958780
3.15191197395  4958506
3.17356991768  4955826
3.19710087776  4954390
3.26296496391  4950679
3.28412008286  4950466
3.35110497475  4950201
3.44400000572  4946728
3.46830296516  4945640
3.52738690376  4945302
3.54264092445  4943922
3.54280090332  4941349
3.55319786072  4939062
3.55596899986  4936601
3.55612301826  4935119
3.55635905266  4928533
3.55667686462  4864765
3.55716705322  4860329
3.55812096596  4860252
3.5700199604  4859162
3.60106992722  4859143
3.6312558651  4859014
3.68042707443  4858791
3.74218797684  4858661
3.79999399185  4858150
3.8654859066  4858059
3.93183398247  4857956
4.00975489616  4857665
4.10985398293  4857503
4.20713305473  4857295
4.29314398766  4857244
4.36879491806  4856901
4.46378302574  4856522
4.54847788811  4856038
4.64934206009  4855114
4.76713991165  4854357
4.84211087227  4853460
4.94492292404  4852988
5.04451203346  4852743
5.13809394836  4852332
5.23177504539  4852221
5.33617401123  4851722
5.43928790092  4850706
5.48640608788  4850660
5.56091594696  4850562
5.60867190361  4850380
5.72022986412  4850221
5.78220105171  4850100
5.89728593826  4850056
6.0477449894  4849714
6.14278197289  4849322
6.29973697662  4828927
6.45457196236  4826684
6.60331606865  4826195
6.79348397255  4825404
6.9018778801  4824529
7.01671695709  4824320
7.15495204926  4822548
7.31003093719  4822435
7.43138194084  4822046
7.56900191307  4821620
7.70690107346  4821264
7.80349302292  4821220
7.94693398476  4819982
8.09980392456  4818459
8.25039696693  4818414
8.4037399292  4817870
8.55518198013  4816692
8.71075606346  4816247
8.8588578701  4806016
9.02167987823  4805111
9.19399404526  4803497
9.36666202545  4802491
9.53985905647  4799316
9.71569991112  4798320
9.88419508934  4798030
10.0769000053  4797150
10.2646229267  4791266
10.4677839279  4790525
10.6351320744  4790375
10.8076879978  4790088
10.9737930298  4787377
11.1428310871  4785857
11.1621899605  4785773
11.1847660542  4785752
11.2044138908  4785454
11.2236170769  4785435
11.2428638935  4784869
11.2991030216  4784751
11.3967249393  4784648
11.4016740322  4782694
11.4018108845  4681612
11.4045190811  4670259
11.4046549797  4602510
11.4049479961  4601978
11.4050829411  4583976
11.4052960873  4583517
11.4056630135  4501930
11.4061088562  4501446
11.4063990116  4501265
11.4069218636  4418594
11.4076218605  4416551
11.4083778858  4412432
11.4085130692  4411669
11.4098129272  4409987
11.4121279716  4409877
11.4122650623  4409846
11.4124770164  4408473
11.4164469242  4407945
11.4169709682  4407255
11.4209730625  4405588
11.4258859158  4403996
11.4684779644  4403450
11.5353369713  4403352
11.5749440193  4403170
11.7844178677  4401406
11.9719629288  4353287
12.1603710651  4344173
12.3550989628  4318714
12.5449590683  4237417
12.7354159355  4234905
12.9235248566  4203094
13.1126379967  4198741
13.3008899689  4163100
13.4872279167  4144994
13.6744799614  4144224
13.859951973  4142386
14.0456559658  4140772
14.2312459946  4140238
14.4156420231  4139063
14.6027550697  4138358
14.6959159374  4138307
14.78977108  4138258
14.9810779095  4137942
15.0754308701  4137495
15.1897199154  4137075
15.4142179489  4104975
15.4725520611  4104108
15.529145956  4103886
15.5871748924  4103693
15.8112008572  4103453
16.0357160568  4085313
16.261040926  4085185
16.4867968559  4084040
16.7121839523  4005980
16.7696108818  4004333
16.8644330502  4003309
16.9785630703  4003183
17.2065079212  4002871
17.4276189804  4001694
17.6710550785  3999215
17.918792963  3989527
18.1620109081  3939269
18.2295238972  3938470
18.2862069607  3938248
18.3444070816  3938055
18.5712258816  3937195
18.6285710335  3935031
18.7241809368  3934167
18.8378560543  3933531
19.0612199306  3923937
19.2890760899  3923762
19.5156469345  3922764
19.7417218685  3890181
19.9859979153  3882892
20.2603900433  3876701
20.3267869949  3875642
20.3836290836  3875452
20.4400658607  3875230
20.4972920418  3875037
20.7361879349  3872122
21.0008900166  3871425
21.2580058575  3870980
21.5376279354  3870240
21.8011660576  3869306
21.8593370914  3868284
21.9544320107  3867387
22.1637029648  3867242
22.4727220535  3866614
22.7904520035  3866552
23.1051330566  3866084
23.4199709892  3865790
23.7500519753  3865593
24.0713839531  3865389
24.3857638836  3865268
24.7576448917  3863394
25.0822339058  3863219
25.0837099552  3862937
25.0838470459  3862907
25.0848670006  3862168
25.1005148888  3861002
25.1007299423  3859159
25.1008660793  3853772
25.1033520699  3853515
25.1034879684  3851355
25.1037800312  3847081
25.1069710255  3843940
25.1075739861  3843253
25.1078660488  3842159
25.1213769913  3841634
25.1215929985  3810174
25.1217288971  3806375
25.1236670017  3797696
25.1238808632  3796741
25.1242730618  3794144
25.1268420219  3791923
25.1321959496  3790163
25.1323330402  3787809
25.1325480938  3787483
25.132917881  3772353
25.1386740208  3768434
25.1391999722  3768091
25.139414072  3766712
25.1462960243  3766577
25.1553790569  3765821
25.1691839695  3763909
25.188833952  3762678
25.2266919613  3760819
25.2640919685  3758763
25.3025450706  3757517
25.3402750492  3757248
25.3776900768  3757049
25.4529390335  3756906
25.5646209717  3752535
25.6762619019  3741116
25.7330749035  3740932
25.8615050316  3739522
25.9183239937  3737514
26.0302140713  3733422
26.1423990726  3722948
26.1799280643  3722526
26.2180020809  3722496
26.2555088997  3722220
26.3117530346  3721960
26.4240419865  3720845
26.5357890129  3708939
26.648706913  3705610
26.7605769634  3687760
26.8723459244  3684723
26.984238863  3682349
27.0217840672  3681947
27.0785450935  3680044
27.1904740334  3661327
27.3030269146  3655869
27.4149348736  3652300
27.5277729034  3650578
27.6643719673  3630947
27.7971510887  3629967
27.9090709686  3626845
28.0209629536  3624595
28.1341710091  3622731
28.2459778786  3611691
28.2843458652  3610919
28.3266708851  3610889
28.3708610535  3610613
28.4385719299  3610353
28.5823118687  3608830
28.7068350315  3604313
28.7444090843  3603909
28.80114007  3602007
28.9131059647  3595683
29.0529739857  3595261
29.1947209835  3594780
29.3073608875  3594322
29.4395849705  3591726
29.5656759739  3588476
29.6039700508  3587330
29.641356945  3587300
29.6788458824  3587024
29.7357370853  3586764
29.8655769825  3586033
30.0121049881  3585202
30.1577560902  3582734
30.3254308701  3582267
30.4806890488  3573593
30.4812190533  3572742
30.6214330196  3572383
30.7538909912  3571278
30.9137880802  3571153
31.0719509125  3567225
31.1196329594  3566913
31.2142000198  3566905
31.365655899  3566008
31.4755599499  3565346
31.6073510647  3563618
31.7416160107  3561472
31.873349905  3544632
32.0058970451  3540983
32.1014108658  3540975
32.2532060146  3540213
32.4154510498  3539467
32.5791769028  3539298
32.7420940399  3538332
32.9046449661  3533715
33.0649268627  3526952
33.0655338764  3526038
33.0658280849  3525223
33.0662770271  3522798
33.2231190205  3521059
33.3731770515  3515897
33.524173975  3513164
33.674530983  3496111
33.8267118931  3495423
33.9764659405  3487770
34.1287789345  3484804
34.2874500751  3484088
34.4384410381  3475592
34.5883278847  3475400
34.5889379978  3473752
34.739000082  3472703
34.8882470131  3469149
34.9820320606  3468744
35.020375967  3468444
35.0578980446  3468184
35.2062990665  3466201
35.3662650585  3465296
35.5257599354  3464212
35.674795866  3462586
35.8347940445  3460326
35.9989800453  3456117
36.195882082  3454441
36.3882548809  3453642
36.6427679062  3451509
36.9251680374  3449157
37.1932530403  3447435
37.476336956  3446992
37.7523090839  3442243
38.0448219776  3440636
38.3255000114  3423538
38.3265109062  3422529
38.3271150589  3418249
38.4780008793  3416608
38.7206749916  3391632
38.7216939926  3391336
38.9704320431  3390663
39.2117829323  3390619
39.3069119453  3388311
39.345594883  3387827
39.5140168667  3383835
39.6831889153  3383803
39.9034149647  3382371
40.0898618698  3380695
40.2748498917  3376861
40.461755991  3369347
40.6474618912  3322884
40.7408380508  3322773
40.7415959835  3321736
40.7797560692  3321725
40.8170928955  3321722
40.8993599415  3321042
40.9063549042  3321025
40.9064910412  3268959
40.9067819118  3261071
40.9091789722  3245050
40.9120619297  3242536
40.9157159328  3240736
40.9196810722  3240467
40.9237859249  3238854
40.9342010021  3236987
40.9643628597  3236745
41.0305390358  3236318
41.1067109108  3236195
41.1819450855  3235466
41.2754700184  3235303
41.3888258934  3234554
41.551158905  3234293
41.6991930008  3233225
41.8486940861  3230290
41.9889190197  3230122
42.1380810738  3229987
42.2863359451  3227381
42.4417579174  3227376
42.5992479324  3226733
42.7312390804  3226364
42.8613069057  3226110
42.9961600304  3226003
43.1271119118  3224627
43.257381916  3224359
43.3875660896  3223161
43.5370540619  3221644
43.6852898598  3221176
43.8342649937  3217948
43.9824800491  3217393
44.1313638687  3216731
44.2793660164  3214815
44.4300448895  3214538
44.5800979137  3213198
44.729763031  3213078
44.880259037  3213076
45.0285289288  3212492
45.1813530922  3212372
45.330862999  3212046
45.4846909046  3212025
45.5834469795  3211731
45.6961300373  3209490
45.809333086  3207286
45.9409189224  3206684
46.0544080734  3206587
46.1653399467  3205961
46.2786710262  3205586
46.408946991  3205502
46.5401089191  3204888
46.6898880005  3203582
46.8382790089  3203550
47.0407569408  3201624
47.2789700031  3201167
47.7073750496  3200933
48.136040926  3200517
48.5823259354  3200370
49.0271949768  3200106
49.4891688824  3199072
50.0000460148  3198873
50.5261359215  3198242
51.0514659882  3197567
51.5775098801  3197214
52.189522028  3196653
52.7508950233  3196360
53.2766370773  3195956
53.8349699974  3194563
54.4480788708  3192715
55.056552887  3192014
55.6661880016  3191369
56.3151068687  3190234
56.92355299  3189836
57.5309998989  3188855
58.0734510422  3070566
58.599807024  3062176
59.1263229847  3061735
59.6518540382  3060338
60.1784689426  3058746
60.7056238651  2926677
61.2368919849  2925672
61.7651669979  2923255
62.3039669991  2922858
62.829556942  2903418
63.3649320602  2854997
63.3672659397  2854996
63.3684160709  2854119
63.3707919121  2851170
63.3719398975  2850542
63.4114060402  2849498
63.4515070915  2848912
63.4537549019  2847773
63.567045927  2847392
63.8120138645  2847379
64.0515220165  2847269
64.2970659733  2847023
64.8842260838  2834235
64.8865258694  2833107
65.3581330776  2833103
65.838506937  2832278
66.3155210018  2832259
67.0818209648  2831512
67.8883609772  2826293
68.7153539658  2826150
69.1532719135  2825782
69.6048789024  2825774
70.0577530861  2825120
70.5660150051  2824928
71.4729568958  2824351
72.3352329731  2823322
72.7861959934  2823268
73.2323858738  2823232
74.1391789913  2822376
75.1537489891  2822001
76.1195440292  2821752
76.9915928841  2821413
77.8831899166  2821364
78.7890210152  2821076
79.6583089828  2820724
79.9591600895  2820112
80.2756710052  2819864
80.5911040306  2819233
80.9022519588  2818276
81.24888587  2817570
81.5955550671  2817467
81.9452440739  2817180
82.2927680016  2816627
82.6370520592  2816512
82.9849510193  2816230
83.3297760487  2815500
83.6820659637  2815025
84.6696619987  2814827
85.6526489258  2814683
86.7755489349  2814201
87.7925760746  2810442
88.8706080914  2809738
89.9397320747  2807820
90.9157650471  2807811
91.8852419853  2805116
92.8428468704  2804869
93.8096010685  2795919
94.7753400803  2795754
95.7474970818  2795166
96.7346270084  2793807
97.2901799679  2793756
97.8597860336  2793484
98.4846010208  2792093
99.5515780449  2790719
100.606276989  2790097
