0.0377259254456  6597682
0.0381848812103  6584576
0.0386340618134  6569035
0.0391590595245  6564329
0.0399169921875  6549266
0.0400540828705  6548598
0.0402679443359  6541368
0.0413370132446  6536438
0.0416300296783  6536422
0.0417659282684  6516363
0.0422449111938  6514651
0.0425360202789  6502416
0.0426728725433  6474914
0.0433440208435  6462211
0.0434989929199  6461246
0.044713973999  6459372
0.0460388660431  6457689
0.0464859008789  6451727
0.0466220378876  6450432
0.0478730201721  6449578
0.0487990379333  6445947
0.050311088562  6445536
0.0512030124664  6444027
0.0515148639679  6443909
0.0544729232788  6440780
0.0572938919067  6439509
0.0575170516968  6436823
0.0599899291992  6431815
0.0627250671387  6431442
0.062891960144  6423151
0.0634360313416  6422839
0.0658049583435  6420743
0.0694608688354  6417856
0.0696229934692  6410610
0.0701820850372  6407735
0.0703179836273  6403657
0.0709998607635  6385785
0.0711359977722  6385166
0.0713500976562  6360431
0.0721879005432  6358291
0.0724020004272  6353272
0.0740170478821  6336510
0.0743479728699  6332499
0.0749170780182  6313877
0.0751259326935  6306244
0.0783040523529  6302389
0.0796980857849  6301446
0.0836839675903  6299902
0.0840120315552  6289944
0.0841488838196  6285494
0.0885710716248  6285272
0.0887348651886  6268261
0.0889999866486  6268242
0.0891389846802  6265280
0.0894749164581  6257039
0.093414068222  6256706
0.0974578857422  6253859
0.0986649990082  6253682
0.0988049507141  6253249
0.0990328788757  6252859
0.100136041641  6248748
0.104348897934  6247686
0.104496955872  6245169
0.108646869659  6243306
0.108783006668  6243263
0.108998060226  6241938
0.11360502243  6241269
0.113741874695  6241118
0.113955020905  6238005
0.118596076965  6236100
0.118751049042  6233736
0.123257875443  6232819
0.123394012451  6193783
0.129215955734  6192233
0.129354000092  6177537
0.130212068558  6177007
0.130833864212  6173670
0.131301879883  6118983
0.131437063217  6100874
0.132040023804  6098536
0.133029937744  6091603
0.133243083954  6080121
0.134365081787  6078275
0.134514093399  6076140
0.135797023773  6074106
0.13595199585  6063627
0.13717508316  6063288
0.143190860748  6061596
0.14334487915  6044850
0.145447015762  6041127
0.145659923553  6039675
0.146106958389  6029813
0.146243095398  6029790
0.146456956863  6029326
0.146748065948  6027215
0.14840388298  6022560
0.155385971069  6021351
0.162206888199  6020317
0.171582937241  6018979
0.171758890152  6004051
0.172210931778  5981538
0.172376871109  5978070
0.173418045044  5977072
0.175211906433  5976080
0.175698041916  5973846
0.175863981247  5971932
0.176124095917  5967764
0.17686009407  5963224
0.178936958313  5962897
0.179602861404  5945761
0.179744005203  5945012
0.1889128685  5942232
0.189064979553  5942220
0.189285993576  5936919
0.197722911835  5935857
0.197872877121  5930803
0.207329034805  5927987
0.207495927811  5927402
0.20774102211  5922012
0.208210945129  5914170
0.208426952362  5894712
0.208797931671  5884595
0.209326028824  5853141
0.209462881088  5851137
0.210546016693  5845555
0.210682868958  5809818
0.220285892487  5808477
0.220427036285  5808439
0.220642089844  5799198
0.230069875717  5797371
0.230207920074  5747599
0.24071097374  5746203
0.240849018097  5737702
0.241612911224  5735498
0.241750001907  5734570
0.242277860641  5697688
0.24335694313  5694268
0.254039049149  5691415
0.254177093506  5691235
0.266459941864  5690171
0.266634941101  5682545
0.278769016266  5679782
0.278920888901  5679767
0.290526866913  5678670
0.301985025406  5678503
0.302201986313  5678120
0.302495002747  5676487
0.314150094986  5676429
0.31428694725  5665006
0.314502954483  5664180
0.314795970917  5664037
0.315169095993  5654717
0.326998949051  5654347
0.339149951935  5653006
0.339600086212  5652713
0.352113962173  5652243
0.352878093719  5652073
0.353327989578  5651892
0.366064071655  5651145
0.379549026489  5650762
0.379842996597  5630527
0.380548000336  5627704
0.381388902664  5627418
0.381680965424  5576394
0.381818056107  5573061
0.38313293457  5572941
0.383583068848  5572796
0.397053003311  5572680
0.411557912827  5572264
0.412971973419  5572223
0.413114070892  5571939
0.413748025894  5571699
0.414839029312  5570046
0.414975881577  5568481
0.415191888809  5561320
0.416189908981  5557919
0.430552959442  5556967
0.446743965149  5556845
0.446886062622  5550985
0.447107076645  5542057
0.447247028351  5534249
0.447548866272  5528155
0.448009967804  5504441
0.448868989944  5502011
0.449083089828  5470642
0.450236082077  5461914
0.450450897217  5451217
0.450823068619  5440518
0.454508066177  5438021
0.454643964767  5436389
0.454936027527  5435554
0.455071926117  5432378
0.456073999405  5429851
0.456681013107  5425953
0.457364082336  5376597
0.457499980927  5335369
0.458498001099  5335075
0.462293863297  5332857
0.469479084015  5331211
0.469770908356  5330826
0.470063924789  5326892
0.473349094391  5326790
0.473650932312  5326310
0.488826036453  5326181
0.489197969437  5266702
0.489647865295  5262842
0.489784955978  5258116
0.490311861038  5245487
0.490917921066  5245483
0.491374015808  5237666
0.492058992386  5236887
0.50727891922  5235870
0.523032903671  5235513
0.539829015732  5234993
0.539965867996  5187860
0.54017996788  5182922
0.540628910065  5176977
0.541156053543  5176975
0.542073011398  5175893
0.544167041779  5172291
0.545160055161  5169485
0.545296907425  5168632
0.545588970184  5168179
0.545726060867  5167292
0.546096086502  5134327
0.547288894653  5130427
0.564332962036  5130172
0.581700086594  5130097
0.581836938858  5128939
0.583855867386  5120490
0.585712909698  5119211
0.587668895721  5118538
0.587805986404  5102645
0.60023188591  5101702
0.606247901917  5100922
0.623605012894  5099281
0.623991012573  5098332
0.641205072403  5098033
0.641341924667  5097592
0.658940076828  5096778
0.659076929092  5096700
0.659290075302  5092546
0.678664922714  5092427
0.678962945938  5089235
0.679100036621  5085426
0.679470062256  5068046
0.679605960846  5068007
0.679818868637  5066699
0.680341959  5062628
0.680478096008  5024721
0.681004047394  5014261
0.683716058731  5013650
0.685889005661  5009262
0.686026096344  5008665
0.704679965973  5007185
0.723165035248  5007167
0.723457098007  4993038
0.742522954941  4989631
0.761743068695  4988339
0.78213596344  4988329
0.782273054123  4988184
0.820579051971  4986450
0.858794927597  4986398
0.918607950211  4986252
0.988873004913  4985363
1.05552506447  4985328
1.11530089378  4978861
1.17383909225  4977863
1.19337105751  4977781
1.25740098953  4969407
1.25762701035  4969360
1.32253694534  4967689
1.32275700569  4967471
1.34196591377  4967426
1.40107107162  4960685
1.46475195885  4954874
1.4650080204  4954838
1.46516394615  4954736
1.52462887764  4951869
1.52484893799  4951834
1.58664488792  4951259
1.58695292473  4951149
1.64890503883  4945222
1.71001005173  4943500
1.71022701263  4943271
1.7292098999  4943207
1.78587007523  4942131
1.84309005737  4923913
1.89961886406  4919570
1.95839190483  4919374
1.95860791206  4919354
1.95874404907  4919252
2.01597690582  4916928
2.07300186157  4907389
2.12962794304  4906627
2.18722486496  4904662
2.18744087219  4904577
2.24569487572  4904361
2.24590992928  4904315
2.30255103111  4901803
2.36030507088  4900868
2.36051988602  4900833
2.42215108871  4900694
2.42236590385  4900638
2.48040103912  4900629
2.53764390945  4899354
2.60039591789  4896797
2.60061097145  4896688
2.66467905045  4895752
2.66489386559  4895634
2.72167205811  4893229
2.78029108047  4887442
2.84172487259  4886922
2.90940403938  4885969
2.96946501732  4885015
3.03250908852  4878311
3.03272891045  4878067
3.05183506012  4877871
3.10848808289  4875379
3.16632986069  4875236
3.22301888466  4874622
3.31909799576  4869963
3.41713500023  4861338
3.5226790905  4860089
3.65486001968  4852985
3.79499197006  4852745
3.94787502289  4851783
4.08504199982  4851081
4.22928500175  4850611
4.36327886581  4849550
4.50029206276  4849177
4.61630487442  4838165
4.7310090065  4837774
4.8510529995  4834661
4.97871208191  4832715
5.10156989098  4824163
5.23541593552  4821994
5.23599100113  4821681
5.258893013  4821385
5.25907802582  4807886
5.2813539505  4805318
5.30621790886  4804694
5.3277490139  4800981
5.34937286377  4799574
5.39207196236  4794008
5.43646502495  4790103
5.49352908134  4789684
5.54018688202  4788373
5.6322479248  4786152
5.7367670536  4783991
5.85583496094  4783825
5.96678209305  4783589
6.06306290627  4778116
6.17647790909  4777369
6.29794406891  4774643
6.41067290306  4774032
6.52780294418  4774018
6.64300107956  4773935
6.74190497398  4772862
6.85109806061  4769863
6.96288394928  4767483
7.07076787949  4766336
7.18014287949  4759906
7.27496290207  4759246
7.36994695663  4758340
7.46708607674  4758314
7.56435894966  4754881
7.66449999809  4753714
7.75898599625  4753612
7.86324691772  4753526
7.9584479332  4752572
8.05604696274  4749499
8.15611886978  4749073
8.25778007507  4748047
8.35416603088  4746418
8.46711301804  4745897
8.57596206665  4745706
8.69236493111  4743925
8.7582719326  4743914
8.86668395996  4737385
8.93169999123  4736782
9.04934597015  4736679
9.17214608192  4736114
9.28849196434  4735805
9.41376304626  4735768
9.53329205513  4731997
9.6607940197  4731941
9.77543997765  4728532
9.89294195175  4728247
10.0605909824  4723588
