0.0416121482849  7362295
0.0421681404114  7360268
0.043112039566  7350806
0.0435841083527  7348588
0.0440421104431  7346473
0.045058965683  7338356
0.0453479290009  7330639
0.045912027359  7318788
0.0472719669342  7316423
0.0475189685822  7302912
0.0480329990387  7287495
0.0481760501862  7259677
0.0497810840607  7251817
0.0499560832977  7249589
0.0515141487122  7247954
0.0516729354858  7232638
0.0540940761566  7225534
0.0543200969696  7211962
0.0549199581146  7211206
0.0555801391602  7208740
0.058648109436  7208541
0.0588271617889  7193904
0.0596921443939  7193202
0.060152053833  7184762
0.0628571510315  7183636
0.0632729530334  7183555
0.0635211467743  7179644
0.0640380382538  7171282
0.067146062851  7170404
0.0672941207886  7165843
0.067526102066  7160265
0.0687479972839  7148301
0.0694699287415  7145692
0.0725309848785  7140435
0.0757510662079  7137833
0.0759761333466  7131583
0.0761189460754  7128743
0.079225063324  7124810
0.0846359729767  7122386
0.0853519439697  7105087
0.0859379768372  7099188
0.0861530303955  6973993
0.086492061615  6973985
0.0867071151733  6973895
0.0884590148926  6961491
0.0886540412903  6955454
0.0931141376495  6951410
0.0932681560516  6951163
0.0935950279236  6948240
0.0978319644928  6945539
0.0979900360107  6915637
0.099543094635  6909720
0.101036071777  6906942
0.101211071014  6901571
0.101482152939  6875091
0.101968050003  6871469
0.102115154266  6865294
0.106527090073  6864127
0.106676101685  6860366
0.111196994781  6858810
0.111475944519  6827259
0.112471103668  6824082
0.112689971924  6821325
0.113381147385  6797463
0.118128061295  6793885
0.118268013  6785578
0.12363409996  6783901
0.123868942261  6769224
0.124017000198  6768594
0.124248981476  6758443
0.124642133713  6757604
0.124781131744  6681238
0.125  6680695
0.125138998032  6680575
0.126496076584  6656708
0.126714944839  6627150
0.127490997314  6616975
0.128505945206  6616003
0.128644943237  6576683
0.128864049911  6559145
0.129161119461  6548299
0.13082909584  6527762
0.13098692894  6467693
0.131325006485  6401841
0.131483078003  6401815
0.131729125977  6399728
0.134006023407  6394631
0.139940023422  6392016
0.140161037445  6379310
0.145527124405  6376842
0.145866155624  6337510
0.146082162857  6334373
0.154611110687  6330446
0.161224126816  6328786
0.161524057388  6311077
0.16174197197  6305832
0.163788080215  6304274
0.1658411026  6303953
0.171533107758  6302368
0.177670955658  6301753
0.177983045578  6301292
0.183835029602  6300664
0.189872980118  6299791
0.190132141113  6298977
0.190286159515  6296332
0.192345142365  6269595
0.198802947998  6266555
0.199102163315  6264937
0.199558973312  6262001
0.199697971344  6254999
0.200634002686  6253849
0.207468032837  6253270
0.2076151371  6252597
0.207841157913  6247532
0.2151491642  6246659
0.215423107147  6246213
0.215882062912  6237815
0.216531991959  6237527
0.216989040375  6235912
0.217244148254  6234634
0.217919111252  6230626
0.219316005707  6229883
0.220767974854  6229067
0.220911026001  6228313
0.222568035126  6227228
0.228764057159  6226261
0.228904008865  6224306
0.229598999023  6223479
0.236379146576  6220876
0.236612081528  6218957
0.236910104752  6217680
0.243771076202  6216338
0.243910074234  6208507
0.25165605545  6204242
0.252270936966  6202705
0.252489089966  6189399
0.260237932205  6186696
0.260396957397  6173573
0.260735034943  6173352
0.260982990265  6172229
0.26132106781  6153577
0.261479139328  6152250
0.270102024078  6148990
0.270261049271  6142454
0.279003143311  6139945
0.279163122177  6130065
0.284134149551  6129204
0.285469055176  6112230
0.285627126694  6112102
0.293966054916  6108544
0.294206142426  6108124
0.303456068039  6107405
0.312953948975  6105274
0.321826934814  6103144
0.321968078613  6096673
0.322425127029  6090555
0.331282138824  6088999
0.331421136856  6088970
0.331640005112  6063376
0.341037034988  6061625
0.341256141663  6060603
0.341633081436  6057046
0.342188119888  6050389
0.352964162827  6047782
0.353384971619  6029970
0.35352396965  6029880
0.35374212265  6023039
0.353882074356  6021542
0.354177951813  6021147
0.354793071747  6006492
0.355090141296  6004413
0.355977058411  5991267
0.356116056442  5978228
0.356492996216  5977119
0.357824087143  5975110
0.358121156693  5975091
0.358339071274  5974282
0.358716964722  5944814
0.369132995605  5940207
0.369272947311  5930425
0.379763126373  5928304
0.379902124405  5917293
0.390511989594  5914933
0.390651941299  5907423
0.401442050934  5906295
0.40588092804  5905991
0.409326076508  5905907
0.409959077835  5905483
0.410103082657  5902882
0.410733938217  5902722
0.411448001862  5900432
0.422209978104  5898398
0.433324098587  5895814
0.43473815918  5893529
0.434877157211  5892614
0.435851097107  5892286
0.436465978622  5886264
0.437238931656  5884185
0.437376976013  5883316
0.438230037689  5883203
0.438369035721  5882612
0.439447164536  5879611
0.450551986694  5879036
0.462381124496  5879033
0.462599992752  5871927
0.462897062302  5855654
0.463274002075  5855304
0.463413953781  5851902
0.46418595314  5838499
0.464563131332  5829825
0.476092100143  5829255
0.48780298233  5827981
0.491624116898  5826947
0.492160081863  5823749
0.502094984055  5822015
0.50665807724  5820377
0.518671989441  5820195
0.51896905899  5812412
0.530933141708  5812296
0.542963027954  5810097
0.543102025986  5751525
0.555317163467  5750158
0.555498123169  5744991
0.568448066711  5743666
0.568674087524  5737218
0.569293022156  5722816
0.569432020187  5722574
0.569651126862  5718019
0.583040952682  5716037
0.583205938339  5715067
0.597269058228  5712862
0.59742307663  5708125
0.611387968063  5708042
0.61185002327  5705983
0.611989974976  5703151
0.627184152603  5699778
0.643765926361  5697994
0.643911123276  5691452
0.644129991531  5689659
0.64442896843  5681744
0.64528298378  5678513
0.645421981812  5672658
0.645750045776  5660254
0.661591053009  5659222
0.661813020706  5653545
0.66211104393  5648329
0.662501096725  5641016
0.662677049637  5613971
0.663282155991  5610369
0.663529157639  5608449
0.664226055145  5608313
0.66438293457  5577095
0.665023088455  5557400
0.66587305069  5555689
0.666924953461  5554745
0.667402982712  5543162
0.667541027069  5534646
0.667838096619  5533493
0.668926000595  5531767
0.684258937836  5530864
0.69876909256  5530122
0.699648141861  5524985
0.699787139893  5518338
0.700106143951  5517801
0.700323104858  5516552
0.700619935989  5515467
0.701095104218  5514720
0.701234102249  5513178
0.701451063156  5512919
0.701905012131  5511192
0.704051017761  5507080
0.704602956772  5506621
0.704746007919  5506518
0.705018043518  5500468
0.706691980362  5495784
0.707148075104  5491869
0.707365989685  5480741
0.70781993866  5479932
0.710629940033  5479220
0.722535133362  5478498
0.722757101059  5467578
0.726079940796  5464794
0.739706993103  5463233
0.739849090576  5457040
0.746484041214  5456490
0.748541116714  5456141
0.748814105988  5453503
0.755684137344  5452746
0.759042978287  5450582
0.762760162354  5449595
0.769483089447  5449391
0.770540952682  5447282
0.770882129669  5446224
0.771021127701  5435748
0.771577119827  5422575
0.781183004379  5419548
0.796432971954  5417473
0.811807155609  5416694
0.811951160431  5415693
0.828065156937  5413390
0.828871011734  5380471
0.829342126846  5372201
0.829484939575  5372111
0.846523046494  5370017
0.846704959869  5364395
0.84706902504  5347984
0.853940963745  5347449
0.854247093201  5345262
0.854432106018  5343266
0.855276107788  5342885
0.855451107025  5342550
0.855715990067  5342291
0.85685300827  5340765
0.858494997025  5340225
0.858669996262  5339669
0.861835956573  5339268
0.862071037292  5337980
0.866933107376  5336433
0.871433973312  5336153
0.871593952179  5334316
0.876021146774  5332960
0.891199111938  5332551
0.891657114029  5318146
0.892272949219  5313864
0.908781051636  5310928
0.908921003342  5230945
0.909140110016  5212739
0.909552097321  5197027
0.910854101181  5196330
0.911191940308  5195744
0.911438941956  5193972
0.911956071854  5192635
0.912114143372  5189124
0.912631988525  5188678
0.913057088852  5185557
0.91366314888  5179228
0.933499097824  5177694
0.933669090271  5174598
0.93400812149  5173949
0.934616088867  5170476
0.934955120087  5119628
0.935563087463  5119432
0.948365926743  5117285
0.952397108078  5113287
0.95720410347  5110992
0.977266073227  5109618
0.977803945541  5109568
0.977944135666  5106878
0.97824215889  5106642
0.978461027145  5103126
0.978837966919  5094611
0.97961306572  5094278
0.979831933975  5093834
0.980129957199  5092687
0.998738050461  5090585
0.998878002167  5090134
1.01779794693  5087243
1.01801800728  5086356
1.01817893982  5084069
1.01847600937  5078211
1.03798794746  5076504
1.0617980957  5068567
1.08193016052  5063612
1.10377001762  5062829
1.12459301949  5058704
1.14407110214  5036726
1.17303109169  5035815
1.19973802567  5024757
1.23265314102  5023735
1.28632998466  5022393
1.34277915955  5020963
1.38359212875  5019322
1.44143414497  5019205
1.51339507103  5003063
1.60901999474  4999706
1.70570111275  4996332
1.74409508705  4995946
1.83985900879  4995437
1.84025907516  4995270
1.84055805206  4994820
1.93155002594  4994006
1.94299316406  4993733
1.95750308037  4993414
1.9720389843  4992692
2.00311207771  4991259
2.04138612747  4989621
2.13837003708  4986287
2.23378610611  4985252
2.32940411568  4966976
2.42601895332  4961493
2.52111506462  4946260
2.54161715508  4946038
2.56092095375  4945554
2.65667510033  4944450
2.67604398727  4944130
2.71504807472  4942126
2.81032204628  4924228
2.90580201149  4920325
2.92581105232  4920090
2.94507908821  4919606
3.04212498665  4918468
3.06656503677  4918341
3.1190829277  4916489
3.22825312614  4910013
3.34628796577  4909974
3.46370506287  4906699
3.57718396187  4903796
3.69209599495  4893805
3.81748700142  4888734
3.91821694374  4885215
3.93830013275  4884980
3.95771098137  4884496
4.05943202972  4883330
4.1821770668  4882833
4.20975613594  4882780
4.21653294563  4882604
4.2167699337  4877081
4.2171599865  4875704
4.21730399132  4870835
4.21755313873  4842383
4.21802401543  4841920
4.21816706657  4839856
4.21871805191  4835329
4.21976208687  4834120
4.2352950573  4832895
4.256098032  4830700
4.28558707237  4830131
4.32613396645  4829621
4.34642195702  4809756
4.3690199852  4799377
4.38882899284  4799323
4.40889406204  4797453
4.432929039  4797235
4.4727230072  4793476
4.51266908646  4792701
4.56282615662  4791998
4.60880303383  4791794
4.67808914185  4791642
4.74027299881  4790551
4.79938316345  4789391
4.85872793198  4789228
4.91743397713  4780736
4.99468302727  4780426
5.04661393166  4779994
5.10503196716  4779368
5.12411212921  4779264
5.13117003441  4778583
5.15046715736  4775647
5.17071700096  4773413
5.19049215317  4764282
5.21053814888  4763816
5.22982001305  4754595
5.24917197227  4739495
5.27000999451  4727019
5.28931307793  4726014
5.31420207024  4725832
5.33386802673  4722406
5.35332298279  4720117
5.3784570694  4718439
5.40149092674  4718060
5.42385792732  4704354
5.45078516006  4701444
5.47360110283  4695334
5.49732112885  4679982
5.51965308189  4677206
5.54385399818  4675762
5.56837296486  4658998
5.59915995598  4658418
5.631057024  4644676
5.65539908409  4643607
5.67592215538  4642595
5.69625997543  4638848
5.71549701691  4636451
5.73544096947  4634685
5.75850200653  4629020
5.78239107132  4628574
5.80994415283  4627453
5.8305439949  4570308
5.85892510414  4563425
5.88838601112  4561350
5.91420197487  4561054
5.93884015083  4559753
5.96365404129  4528350
5.9909350872  4525104
6.0129840374  4522630
6.03881406784  4521639
6.06052494049  4521235
6.08777403831  4518579
6.10737013817  4508797
6.13611912727  4508268
6.16891407967  4505361
6.19382405281  4498831
6.21568202972  4493199
6.23876595497  4483610
6.26233911514  4483464
6.28583908081  4480573
6.31983399391  4480431
6.36064505577  4480079
6.38700199127  4472195
6.41333603859  4472180
6.43328809738  4471032
6.45265412331  4462044
6.47392416  4459391
6.49373912811  4457288
6.51576209068  4457034
6.53600406647  4455166
6.65244007111  4453884
6.79233407974  4449098
6.83196401596  4448786
6.92819094658  4448778
7.08100509644  4388537
7.08162403107  4387821
7.08193206787  4387006
7.0823969841  4384581
7.23572802544  4370543
7.38829994202  4367893
7.38891410828  4365581
7.48547005653  4364783
7.52504205704  4364483
7.56392002106  4364223
7.7289121151  4362378
7.90221714973  4358214
8.08261203766  4351131
8.08331894875  4350368
8.0836160183  4347577
8.12184000015  4347509
8.29271793365  4328386
8.29341411591  4327181
8.31309103966  4326589
8.35250806808  4326185
8.40988016129  4324669
8.42908716202  4323986
8.50569105148  4323003
8.58234214783  4322973
8.65927410126  4322613
8.82904195786  4313251
9.00070905685  4313057
9.17136406898  4311248
9.34876513481  4305100
9.52612900734  4302937
9.71512198448  4301540
9.92271614075  4298205
10.1307809353  4297880
10.338408947  4286303
10.5461680889  4285636
10.754570961  4283307
10.9616580009  4280934
11.1699230671  4279148
11.3769910336  4278189
11.5843939781  4277171
11.7919940948  4275834
12.0034451485  4275302
12.1765220165  4273626
12.3568339348  4272363
12.5266180038  4271718
12.6984541416  4270255
12.888007164  4269955
13.0860540867  4269045
13.3136711121  4268554
13.541367054  4265918
13.8057799339  4265200
14.0700950623  4265175
14.336012125  4264051
14.6016161442  4263092
14.8284311295  4262960
15.0992610455  4262956
15.344807148  4262924
15.5968539715  4261988
15.8441710472  4259389
16.0901560783  4258742
16.3389070034  4258100
16.5863959789  4248190
16.8339509964  4246879
17.0814549923  4246221
17.3280050755  4245820
17.5747799873  4245624
17.8233530521  4243743
18.0716581345  4243315
18.3189330101  4241102
18.5655970573  4240689
18.8245720863  4239979
19.0835721493  4239081
19.3433940411  4238525
19.5885219574  4238299
19.8328249454  4161869
20.0756149292  4158720
20.319026947  4062167
20.562235117  4061809
20.8061380386  4051129
21.0507259369  4050388
21.294506073  3996426
21.538146019  3996129
21.7828140259  3924084
22.0260140896  3919419
22.2706911564  3919166
22.5142331123  3916027
22.7732591629  3910552
23.063699007  3905275
23.3091709614  3824098
23.5527429581  3823150
23.7963941097  3821792
24.0440430641  3820880
24.2941131592  3820389
24.5595619678  3819341
24.8253481388  3818465
25.1246750355  3817805
25.4084861279  3746744
25.6954030991  3735500
25.9848270416  3734861
26.2115409374  3734653
26.4948611259  3734425
26.7515699863  3733051
27.0685150623  3731231
27.3958449364  3729216
27.6629581451  3729089
28.0001850128  3729077
28.2601940632  3727908
28.5861201286  3727822
28.9069571495  3725309
29.1919529438  3721328
29.4787170887  3721317
29.7644159794  3719926
30.0487370491  3719519
30.3306241035  3714393
30.6151320934  3711218
30.899130106  3711207
31.1824741364  3709781
31.4676351547  3708306
31.7553629875  3707434
31.9834771156  3707307
32.2637131214  3706684
32.4896349907  3706667
32.7879371643  3705731
33.0692501068  3705452
33.4024040699  3629796
33.7423839569  3629232
34.0751349926  3603363
34.4083001614  3597995
34.748319149  3597166
35.0983440876  3596064
35.4406299591  3465414
35.7058000565  3464508
35.9717359543  3464340
36.3261640072  3460080
36.5917220116  3459358
36.9102151394  3458953
37.263365984  3458927
37.6177470684  3456853
37.9838531017  3456815
38.3375890255  3442110
38.6561839581  3442070
39.0248091221  3439643
39.3433461189  3439295
39.6981980801  3438993
40.0625240803  3436375
40.439291954  3433859
40.809855938  3431258
41.1435160637  3431239
41.4943230152  3430639
41.8460519314  3430160
42.1654350758  3430032
42.5259799957  3429926
42.8781349659  3428834
43.2432019711  3427589
43.6207339764  3422797
44.0105929375  3422201
44.4359610081  3421531
44.8568611145  3421482
45.2778310776  3420089
45.7136909962  3419544
46.128316164  3418562
46.5080571175  3418398
46.9126269817  3416318
47.4148671627  3414955
47.887845993  3414633
48.3614759445  3412596
48.8234510422  3411123
49.300276041  3410197
49.7804660797  3410176
50.2629311085  3409954
50.7471110821  3409339
51.2420990467  3409063
51.7320480347  3408962
52.2128350735  3408902
52.6927390099  3408684
53.1739990711  3408106
53.6552009583  3407365
54.1490581036  3406917
54.6394031048  3405894
55.1171710491  3402278
55.6040041447  3400936
56.0850400925  3399641
56.5660629272  3396158
57.0445039272  3396018
57.5733561516  3393836
58.1100230217  3393440
58.6545419693  3392222
59.204554081  3392110
59.7500181198  3391879
60.2960700989  3391535
60.8592309952  3390527
61.426420927  3390499
61.9128389359  3390242
62.4348170757  3390235
63.0072040558  3389626
63.5290970802  3389564
64.1366300583  3389557
64.7596049309  3388818
65.36470294  3388794
65.9852931499  3388161
66.6023039818  3387981
67.2217409611  3387320
67.8501639366  3386560
68.4803130627  3386209
69.1271319389  3384934
69.7238321304  3384912
70.3993711472  3384597
71.0673320293  3384454
71.7354669571  3383590
72.4053249359  3383525
73.0927629471  3383413
73.7409491539  3383135
74.4778511524  3381518
75.2101380825  3381323
75.9432909489  3381090
76.7025310993  3380630
77.4524700642  3379581
78.2130711079  3379573
78.9610440731  3379268
79.7177290916  3379178
80.4631490707  3375826
81.0786681175  3375786
81.5575430393  3374843
81.9498281479  3374644
82.3931341171  3374604
82.8381171227  3373818
83.3431410789  3373503
83.8920090199  3372900
84.3680319786  3372579
84.8466589451  3372470
85.4945249557  3372286
86.1416089535  3371292
86.7867240906  3371032
87.4373550415  3370866
88.1349749565  3369920
88.7857739925  3369436
89.424104929  3368239
90.1138041019  3367129
90.7721540928  3366953
91.5195610523  3365924
92.2473940849  3365624
92.9669070244  3358674
93.7032930851  3358068
94.432103157  3356851
95.1667399406  3356364
95.8954460621  3352855
96.6411471367  3352756
97.3602640629  3352715
98.0891971588  3352623
98.8218140602  3352275
99.5656991005  3350343
100.299831152  3350210
