0.0391969680786  7428596
0.0393631458282  7427066
0.039500951767  7349315
0.040363073349  7341976
0.0405380725861  7319345
0.040708065033  7302521
0.0408580303192  7300795
0.0418870449066  7291521
0.0421249866486  7288355
0.0422821044922  7232983
0.0424349308014  7182449
0.0425839424133  7167302
0.0430469512939  7157206
0.0438630580902  7153063
0.044114112854  7150973
0.0443661212921  7131901
0.0446169376373  7131115
0.04474401474  7128897
0.0449941158295  7122617
0.0453679561615  7091714
0.0459821224213  7088185
0.0462861061096  7074422
0.0471999645233  7047537
0.0478241443634  7047172
0.0479531288147  7046946
0.0482020378113  7037404
0.0498049259186  7032465
0.0501101016998  7031993
0.0506219863892  7024522
0.0511269569397  6958257
0.051530122757  6946592
0.051656961441  6810398
0.0517840385437  6809527
0.0519120693207  6755157
0.0528149604797  6631356
0.0530700683594  6628952
0.0535659790039  6598080
0.0536940097809  6595986
0.0539629459381  6595503
0.0540900230408  6592732
0.0543439388275  6592092
0.0544710159302  6545724
0.0545971393585  6529145
0.0550920963287  6490013
0.0554349422455  6441385
0.055732011795  6441261
0.0562520027161  6426706
0.0575299263  6424013
0.0581021308899  6401850
0.0585570335388  6383267
0.0589330196381  6382558
0.0593769550323  6359716
0.0596859455109  6356839
0.059849023819  6350430
0.0601830482483  6348069
0.0605959892273  6309816
0.0610871315002  6306365
0.0616090297699  6142752
0.0619549751282  6118020
0.0626630783081  6113758
0.062793970108  6109952
0.0635311603546  6107346
0.0636570453644  6099816
0.0637829303741  6080348
0.0643980503082  6075071
0.0646510124207  6073647
0.0648989677429  6000373
0.0651471614838  6000331
0.0661280155182  5993252
0.0662541389465  5959231
0.0666251182556  5955556
0.0667510032654  5953798
0.067862033844  5903040
0.0682339668274  5899228
0.0684831142426  5895307
0.0687329769135  5886520
0.0691120624542  5881044
0.0693609714508  5844807
0.0694880485535  5819394
0.0697360038757  5807156
0.0702290534973  5804794
0.0711121559143  5793476
0.071503162384  5788376
0.071809053421  5782824
0.0719449520111  5775741
0.0722110271454  5772256
0.072536945343  5749207
0.0734190940857  5739373
0.0742650032043  5739193
0.0770320892334  5719046
0.0771639347076  5713432
0.0782449245453  5699529
0.0789361000061  5693708
0.0794241428375  5690523
0.0799269676208  5686237
0.0801770687103  5663893
0.0806729793549  5648116
0.0809230804443  5645809
0.0811719894409  5637131
0.0812990665436  5632525
0.0816700458527  5624808
0.0820441246033  5618263
0.0822939872742  5617119
0.0829110145569  5608778
0.0840201377869  5539219
0.0851261615753  5529698
0.0852520465851  5497935
0.0855000019073  5492393
0.0867290496826  5491372
0.0875980854034  5474683
0.0878670215607  5465822
0.0887949466705  5454585
0.0891990661621  5449779
0.0914101600647  5441630
0.0920701026917  5432618
0.0926110744476  5410783
0.0930180549622  5352889
0.0936419963837  5333416
0.0937700271606  5297090
0.0940849781036  5285598
0.0955491065979  5283497
0.0963070392609  5241999
0.0968070030212  5240666
0.0969350337982  5240490
0.0970621109009  5239266
0.0985460281372  5239119
0.0989179611206  5231150
0.0991671085358  5228536
0.0999081134796  5228087
0.100157022476  5223488
0.10200214386  5207523
0.10212802887  5207087
0.102378129959  5206173
0.102503061295  5174974
0.103489160538  5169263
0.103984117508  5153649
0.104990959167  5114534
0.105793952942  5110723
0.106334924698  5104529
0.106586933136  5087033
0.106750011444  5085256
0.107018947601  5067454
0.107305049896  5066777
0.10765504837  5055935
0.107975959778  5046353
0.108243942261  5036081
0.10892701149  4998044
0.109261035919  4985129
0.111418008804  4984937
0.114632129669  4968581
0.116338014603  4967797
0.117233037949  4947061
0.118088960648  4934054
0.118611097336  4930029
0.118868112564  4929049
0.119378089905  4870866
0.119507074356  4870608
0.121001958847  4867250
0.12138915062  4865302
0.123882055283  4864389
0.125204086304  4862484
0.125761032104  4847463
0.126642942429  4845774
0.127568006516  4810537
0.127754926682  4798227
0.128081083298  4780664
0.129256010056  4774502
0.130281925201  4771077
0.13072013855  4763103
0.13204407692  4735461
0.132431983948  4722812
0.139122009277  4716122
0.141122102737  4707997
0.142899990082  4707990
0.144153118134  4706677
0.144833087921  4702680
0.145030975342  4702492
0.146039962769  4687692
0.146291971207  4675821
0.147834062576  4670028
0.150090932846  4669640
0.151391029358  4669592
0.152825117111  4666411
0.154808998108  4664812
0.156872987747  4660293
0.157362937927  4655435
0.158288955688  4648117
0.159417152405  4641892
0.159631967545  4638922
0.162162065506  4638096
0.166161060333  4624985
0.166927099228  4624886
0.167184114456  4619383
0.167313098907  4584275
0.169188022614  4573594
0.170079946518  4565741
0.17213010788  4554842
0.173728942871  4553053
0.17461514473  4549082
0.17513012886  4498054
0.175261974335  4497010
0.175518035889  4483589
0.180037975311  4481190
0.180427074432  4420677
0.184095144272  4419303
0.184644937515  4412136
0.184803962708  4398121
0.185518980026  4365515
0.187664031982  4358447
0.187919139862  4355948
0.190618038177  4355119
0.191770076752  4350534
0.192409038544  4321345
0.195770978928  4318468
0.196530103683  4317104
0.201127052307  4299025
0.201467037201  4291301
0.203763961792  4289595
0.203897953033  4282796
0.204153060913  4265957
0.205570936203  4256297
0.20686507225  4229726
0.208846092224  4228764
0.210114955902  4209829
0.21339392662  4190201
0.214786052704  4186573
0.216546058655  4182144
0.218105077744  4181766
0.219264030457  4178899
0.222733974457  4175942
0.223201036453  4173207
0.226010084152  4171861
0.226490974426  4166438
0.226972103119  4164313
0.227486133575  4164194
0.229325056076  4161549
0.230010986328  4150741
0.231024980545  4150034
0.232682943344  4147383
0.233070135117  4134021
0.233453989029  4132059
0.234220027924  4129797
0.235898017883  4129354
0.240478992462  4121503
0.241299152374  4120105
0.24246096611  4061628
0.242871046066  4058631
0.243978977203  4057335
0.244240999222  4056991
0.24537396431  4046399
0.246688127518  4024290
0.247147083282  4023981
0.247797966003  4023936
0.248616933823  4021497
0.250640153885  4020316
0.251152038574  4016784
0.251284122467  3974928
0.252942085266  3973801
0.253749132156  3948422
0.257506132126  3945508
0.2589199543  3934917
0.259602069855  3934863
0.262346029282  3931501
0.264433145523  3923427
0.265591144562  3919998
0.268600940704  3915979
0.269570112228  3907228
0.276622056961  3902836
0.276915073395  3900709
