0.0364468097687  6816567
0.0368809700012  6778071
0.0370299816132  6681261
0.0371949672699  6667530
0.0373589992523  6659952
0.0375218391418  6658613
0.0378448963165  6640285
0.038008928299  6638385
0.0383319854736  6627504
0.0384948253632  6625516
0.0386579036713  6620310
0.0391049385071  6615885
0.0395338535309  6613943
0.039678812027  6578210
0.0399417877197  6566558
0.0400688648224  6558030
0.041435956955  6545726
0.0416858196259  6499464
0.0423069000244  6470801
0.0424339771271  6469131
0.0426828861237  6452258
0.0428087711334  6429236
0.0429358482361  6392277
0.0430619716644  6386794
0.0434358119965  6348475
0.0438089370728  6348469
0.0443029403687  6341832
0.0448009967804  6274564
0.045049905777  6273796
0.045177936554  6267818
0.0454289913177  6263489
0.0457999706268  6259680
0.0460488796234  6244573
0.0464248657227  6238362
0.046550989151  6180263
0.0466809272766  6176447
0.0470550060272  6150276
0.0473608970642  6145166
0.0475249290466  6137756
0.0476729869843  6133411
0.0489499568939  6132111
0.0493757724762  6131160
0.0497949123383  6125482
0.0502948760986  6123192
0.0509178638458  6123070
0.0511698722839  6120800
0.0514199733734  6119402
0.0516698360443  6112686
0.0519189834595  6111484
0.0520467758179  6106381
0.0523028373718  6096351
0.0524308681488  6094326
0.0526797771454  6092756
0.0532999038696  6059769
0.0534279346466  6036038
0.053927898407  6031348
0.0540549755096  5991644
0.0547988414764  5977934
0.0552999973297  5977281
0.0557990074158  5969528
0.0559258460999  5957993
0.0561809539795  5952120
0.0563089847565  5950884
0.0566899776459  5936732
0.056941986084  5931632
0.0571949481964  5898570
0.0573279857635  5890583
0.0575788021088  5889266
0.0582008361816  5879325
0.0586998462677  5863266
0.0590767860413  5854529
0.0603158473969  5850460
0.0604429244995  5840661
0.0606927871704  5840184
0.0611898899078  5819151
0.0613169670105  5815130
0.0618228912354  5796503
0.0620739459991  5744323
0.0631799697876  5721470
0.0646669864655  5684649
0.0647928714752  5684217
0.0650417804718  5682454
0.0670199394226  5633005
0.0672738552094  5630929
0.0681397914886  5604902
0.0686318874359  5600897
0.0687599182129  5596974
0.0688869953156  5582933
0.0696289539337  5580806
0.0698797702789  5541265
0.070375919342  5541247
0.0726938247681  5477139
0.0730879306793  5468012
0.0746409893036  5441107
0.0747849941254  5425924
0.0750968456268  5416712
0.0759029388428  5395338
0.0768518447876  5393501
0.0777289867401  5390153
0.0784788131714  5389754
0.0786068439484  5376230
0.0789849758148  5352288
0.0801069736481  5333723
0.080235004425  5333459
0.0809829235077  5329701
0.0813598632812  5301064
0.0837278366089  5296383
0.0838577747345  5249474
0.0843579769135  5242696
0.0848598480225  5222405
0.0867218971252  5218031
0.0877149105072  5212426
0.0878429412842  5209058
0.0882189273834  5190774
0.0888469219208  5189744
0.0890998840332  5179035
0.0899748802185  5178103
0.0931317806244  5171926
0.0932807922363  5168129
0.0935399532318  5167965
0.093918800354  5167844
0.096626996994  5160704
0.0967578887939  5158387
0.0977468490601  5156013
0.097874879837  5150260
0.0986177921295  5026406
0.102597951889  5024508
0.102854967117  5024215
0.103236913681  5016334
0.103492975235  5012063
0.103872776031  5002112
0.104376792908  5000812
0.104759931564  4991146
0.105642795563  4941394
0.106366872787  4936022
0.108608007431  4927097
0.109142780304  4918098
0.10941195488  4917932
0.110506772995  4898062
0.112619876862  4874581
0.114072799683  4873857
0.114708900452  4865068
0.116727828979  4860868
0.116858005524  4859388
0.116986989975  4859030
0.117244005203  4831383
0.118626832962  4827344
0.118881940842  4816519
0.120016813278  4806066
0.121668815613  4801174
0.123065948486  4791935
0.123825788498  4719060
0.124080896378  4709856
0.124462842941  4709733
0.124864816666  4706336
0.125283956528  4702415
0.12763094902  4700712
0.128772974014  4687474
0.129534959793  4684694
0.129789829254  4680076
0.130422830582  4677081
0.13067984581  4672500
0.131313800812  4669164
0.131694793701  4664846
0.131950855255  4664510
0.132834911346  4649942
0.134846925735  4634691
0.135899782181  4629012
0.136410951614  4626792
0.136794805527  4600645
0.137804985046  4598192
0.138434886932  4595658
0.138563871384  4594191
0.138819932938  4571987
0.140455007553  4541213
0.142229795456  4525396
0.142738819122  4520579
0.144134998322  4511556
0.145612001419  4509992
0.145749807358  4508766
0.150124788284  4498348
0.152025938034  4468625
0.154928922653  4463509
0.155316829681  4462837
0.155574798584  4461628
0.155834913254  4451661
0.157379865646  4450182
0.157510995865  4443816
0.157642841339  4434794
0.158871889114  4433193
0.159168958664  4432208
0.159993886948  4426217
0.161278963089  4414794
0.16229891777  4413677
0.162428855896  4409448
0.166751861572  4409239
0.168146848679  4403945
0.16953587532  4399226
0.173575878143  4393792
0.174976825714  4381434
0.176492929459  4328088
0.177251815796  4324575
0.178896903992  4322384
0.179027795792  4320414
0.180043935776  4320351
0.180301904678  4313270
0.180686950684  4309707
0.182905912399  4304231
0.183179855347  4302957
0.186146974564  4302291
0.186930894852  4238963
0.188639879227  4236765
0.191272974014  4230981
0.193800926208  4230499
0.195210933685  4220799
0.196865797043  4205854
0.199022769928  4205741
0.199662923813  4197132
0.201335906982  4180094
0.202857971191  4179808
0.203871965408  4166097
0.204254865646  4163676
0.206535816193  4163244
0.206666946411  4152825
0.207179784775  4147677
0.207450866699  4146931
0.210621833801  4141767
0.21075296402  4103984
0.21088385582  4100479
0.211523771286  4090519
0.212287902832  4058061
0.212678909302  4057097
0.212810993195  4042291
0.213705778122  4041052
0.214599847794  3995017
0.215233802795  3994637
0.216498851776  3870345
0.217009782791  3868503
0.217389822006  3864592
0.218156814575  3863285
0.218415975571  3801659
0.218547821045  3782205
0.219082832336  3780035
0.221096992493  3772830
0.224661827087  3752664
0.22488284111  3751041
0.225431919098  3746605
0.22678899765  3745300
0.227686882019  3743634
0.231642007828  3702238
0.233025789261  3699022
0.23340678215  3695937
0.235045909882  3676086
0.236697912216  3673425
0.238995790482  3670098
0.240132808685  3641465
0.24115395546  3640979
0.242796897888  3637964
0.244689941406  3637399
0.248209953308  3628205
0.253034830093  3627232
0.256362915039  3626435
0.256501913071  3625469
0.257044792175  3618135
0.257183790207  3617172
0.260382890701  3610200
0.261030912399  3609063
0.262617826462  3606970
0.264143943787  3600120
0.264273881912  3599884
0.266041994095  3587177
0.267311811447  3586468
0.268826961517  3581650
0.269588947296  3578940
0.269844770432  3574837
0.272244930267  3568146
0.273634910583  3566112
0.273765802383  3565743
0.275092840195  3564627
0.275471925735  3537979
0.27591586113  3536841
0.276578903198  3535592
0.277466773987  3535582
0.278226852417  3531763
0.280122995377  3530835
0.283408880234  3530538
0.283663988113  3530437
0.293496847153  3522052
0.294178962708  3515037
0.294992923737  3512459
0.295579910278  3509303
0.296041965485  3508771
0.297122001648  3500521
0.298862934113  3499774
0.30241394043  3496747
0.304951906204  3491449
0.315101861954  3490970
0.318817853928  3489977
0.319578886032  3472236
0.324543952942  3467339
0.325057983398  3463637
0.325825929642  3456236
0.329260826111  3405609
0.331402778625  3403704
0.335285902023  3394965
0.33579492569  3394718
0.340855836868  3394536
0.341393947601  3393044
0.342361927032  3385154
0.343116998672  3381391
0.34757900238  3381217
0.348009824753  3378938
0.34855890274  3374895
0.351955890656  3372540
0.353621959686  3372460
0.354979991913  3371487
0.355114936829  3364694
0.356047868729  3326459
0.359546899796  3319421
0.360449790955  3318828
0.360581874847  3312146
0.360711812973  3307714
0.362504005432  3307085
0.363651990891  3297021
0.371869802475  3296351
0.376388788223  3279665
0.378340005875  3276646
0.379634857178  3275900
0.380277872086  3274602
0.380792856216  3271134
0.381051778793  3264347
0.38499379158  3263605
0.386155843735  3257883
0.395485877991  3252818
0.397011995316  3248702
0.398665904999  3246550
0.401210784912  3246277
0.402605772018  3244411
0.407555818558  3237213
0.414789915085  3225599
0.416327953339  3224048
0.417099952698  3211779
0.420136928558  3208690
0.422567844391  3205447
0.425119876862  3204083
0.428442001343  3201056
0.436575889587  3195119
0.439893960953  3194085
0.440023899078  3188547
0.440966844559  3187752
0.445598840714  3187751
0.446900844574  3179258
0.447162866592  3178280
0.448715925217  3165643
0.454666852951  3154380
0.458077907562  3152291
0.459012985229  3147885
0.459788799286  3147861
0.463891983032  3134764
0.468074798584  3129707
0.473931789398  3125823
0.474636793137  3113307
0.47490477562  3112920
0.479473829269  3112564
0.480698823929  3111364
0.490942955017  3108650
0.494820833206  3105509
0.496850967407  3103722
0.505536794662  3099923
0.523278951645  3084633
0.528188943863  3026982
0.535467863083  3019639
0.537519931793  3018611
0.539194822311  3014566
0.54233288765  3011946
0.550304889679  3011047
0.553996801376  3004705
0.555030822754  3003844
0.558121919632  3003772
0.558940887451  3003771
0.56615281105  2997982
0.571690797806  2997922
0.572721004486  2993949
0.575223922729  2991580
0.57733297348  2985547
0.578015804291  2982953
0.582258939743  2982596
0.584369897842  2982183
0.587361812592  2982000
0.589257001877  2981439
0.594888925552  2966957
0.606514930725  2965601
0.614843845367  2964691
0.61576795578  2964438
0.616293907166  2964036
0.619506835938  2962334
0.626695871353  2962255
0.628297805786  2960363
0.650032997131  2959659
0.656799793243  2959632
0.661366939545  2957614
0.66566491127  2949811
0.668426990509  2949800
0.670268774033  2949405
0.676993846893  2948119
0.683187961578  2947840
0.684802770615  2941503
0.691221952438  2939011
0.701683998108  2936814
0.703675985336  2936275
0.704352855682  2934491
0.705561876297  2933781
0.706097841263  2933770
0.713057994843  2932869
0.719738960266  2930727
0.727104902267  2926725
0.738529920578  2926571
0.741171836853  2925423
0.741353988647  2924570
0.741959810257  2919899
0.744711875916  2917083
0.74510383606  2915929
0.754343986511  2915263
0.76035785675  2915062
0.760490894318  2910239
0.764613866806  2907345
0.766712903976  2905642
0.767236948013  2903947
0.768798828125  2902214
0.769836902618  2901177
0.779138803482  2898354
0.780678987503  2898229
0.794415950775  2896435
0.79544878006  2896345
0.808811903  2895083
0.810361862183  2889855
0.81062078476  2886377
0.812544822693  2882003
0.828547954559  2879915
0.831892967224  2877544
0.845944881439  2877161
0.849159002304  2876810
0.850277900696  2875025
0.851292848587  2867420
0.852380990982  2863607
0.857318878174  2862853
0.862617969513  2851792
0.865569829941  2847184
0.879519939423  2846581
0.882208824158  2841175
0.882746934891  2839318
0.904933929443  2833654
0.905392885208  2832337
0.91141295433  2830517
0.912316799164  2828971
0.921586990356  2828787
0.931740999222  2828349
0.936129808426  2828285
0.939456939697  2822566
0.942328929901  2820250
0.945413827896  2819460
0.948381900787  2812393
0.952139854431  2800303
0.963160991669  2800013
0.966681957245  2795781
0.966817855835  2792008
0.967082977295  2791475
0.976436853409  2789961
0.97716999054  2787949
0.982677936554  2783987
0.986474990845  2782875
0.989811897278  2781752
0.991976976395  2779192
1.00255584717  2777782
1.00793385506  2774448
1.00983691216  2774447
1.01485490799  2774374
1.02253079414  2771214
1.02536678314  2769182
1.02912378311  2768691
1.03078889847  2767149
1.04002690315  2759264
1.04425477982  2733323
1.04745292664  2729582
1.06600093842  2724194
1.07079577446  2722956
1.08356881142  2717312
1.08938193321  2716095
1.09192180634  2715787
1.10504889488  2715239
1.11339592934  2709360
1.11808681488  2703076
1.1343588829  2701593
1.14374399185  2700367
1.14860987663  2699064
1.15114378929  2696485
1.16861987114  2696040
1.17910289764  2677319
1.17937278748  2676121
1.18673992157  2675898
1.19237995148  2675835
1.19640779495  2675273
1.20086979866  2672688
1.20664095879  2663830
1.21400499344  2663385
1.2214589119  2663261
1.22366380692  2662829
1.22527194023  2658150
1.23105192184  2656913
1.25415587425  2654655
1.26089286804  2653261
1.26326680183  2652497
1.26494789124  2652444
1.28038978577  2649130
1.28196191788  2643020
1.29269385338  2642796
1.29936885834  2641097
1.31060385704  2639894
1.31199479103  2639881
1.32506299019  2637516
1.32595992088  2637363
1.32621979713  2636566
1.33428382874  2635712
1.34182786942  2631908
1.36770677567  2631805
1.37223386765  2630515
1.37660884857  2630274
1.37815499306  2626795
1.37960577011  2624685
1.38147997856  2622029
1.38478279114  2621966
1.38789200783  2621182
1.38942790031  2619028
1.41175198555  2618151
1.4131538868  2617590
1.41919589043  2615697
1.4252538681  2615506
1.43809390068  2615419
1.44188284874  2615391
1.44816088676  2614601
1.45335292816  2613507
1.45924496651  2613134
1.4672498703  2612976
1.48551392555  2591618
1.48845386505  2590788
1.48897194862  2587505
1.490254879  2587469
1.49717092514  2587394
1.52794885635  2583718
1.53681278229  2578291
1.53939199448  2578164
1.54029488564  2572453
1.54419779778  2572179
1.55798077583  2570316
1.5594727993  2569195
1.56243085861  2568407
1.56485700607  2567463
1.56601691246  2566109
1.56724190712  2565244
1.57756996155  2554093
1.58642077446  2553383
1.59244179726  2553221
1.60419082642  2553218
1.61516880989  2552342
1.6229557991  2552242
1.63336396217  2541135
1.63362789154  2540424
1.64425683022  2539651
1.66182780266  2534876
1.6626739502  2534088
1.66375494003  2522866
1.69684195518  2522248
1.70374178886  2521410
1.72247195244  2518586
1.72606778145  2495036
1.72721982002  2494139
1.7287478447  2491082
1.72950577736  2488351
1.72963500023  2481149
1.75389695168  2479421
1.77756786346  2478720
1.78523182869  2477801
1.7946908474  2476864
1.80242085457  2476405
1.82284879684  2474097
1.82464885712  2470971
1.83477592468  2470537
1.84359693527  2470202
1.85134792328  2461473
1.88111782074  2454941
1.92317795753  2454923
1.93546581268  2454571
1.9417579174  2450681
1.9712460041  2447765
1.9746158123  2447068
1.97817182541  2446753
1.97844791412  2438110
1.99141192436  2437481
1.99457597733  2437259
2.01063990593  2434275
2.0121088028  2433841
2.01274490356  2433464
2.01573085785  2432798
2.02691197395  2431180
2.03392195702  2421149
2.04630088806  2421138
2.05009579659  2418844
2.051019907  2417745
2.05721688271  2417627
2.07244491577  2412282
2.08073496819  2411478
2.08485388756  2409981
2.10420298576  2407376
2.10583090782  2407114
2.11201095581  2393849
2.11646080017  2393558
2.12959599495  2392296
2.14269089699  2391395
2.14580583572  2391350
2.16535377502  2390535
2.18723797798  2390087
2.19729089737  2388595
2.19755887985  2387598
2.20480799675  2386443
2.2109978199  2385806
2.22165894508  2385515
2.22299385071  2385495
2.23207497597  2384913
2.25615096092  2384569
2.26425099373  2384341
2.27342987061  2384204
2.28169178963  2377167
2.28248381615  2376645
2.29286789894  2372697
2.2963218689  2372134
2.31338191032  2371972
2.32784581184  2363091
2.34098482132  2362821
2.34788894653  2359917
2.35045385361  2357841
2.35135793686  2355167
2.35257983208  2343419
2.35905480385  2342929
2.37017989159  2342697
2.40295696259  2296083
2.40387797356  2293007
2.42389798164  2291191
2.43148183823  2291172
2.43433880806  2291049
2.45311498642  2286427
2.46617794037  2284382
3.66415381432  2267391
3.66920089722  2265698
3.67320179939  2265283
3.67977190018  2262184
3.68070983887  2260722
3.6854929924  2258496
3.70553588867  2257989
3.70785784721  2256968
3.71072888374  2253752
3.71100878716  2244538
3.7147769928  2243717
3.71589994431  2240122
3.72809100151  2239046
3.73413085938  2238627
3.74076986313  2227486
3.74141478539  2225636
3.74249386787  2225539
3.74525284767  2222931
3.75347590446  2222590
3.75754380226  2221045
3.76118087769  2218073
3.77789282799  2214205
3.80062794685  2207731
3.80800390244  2206035
3.80859684944  2204840
3.8111038208  2203387
3.83811187744  2203166
3.84190297127  2202308
3.84218287468  2202028
3.84316897392  2199614
3.84497594833  2198363
3.85363197327  2196851
3.86572098732  2196600
3.86952400208  2192805
5.71613788605  2170808
5.71737790108  2163467
5.72640991211  2147986
5.73083090782  2147801
5.74207186699  2147237
5.76897978783  2145108
5.78581094742  2140108
5.81494498253  2139631
5.81786084175  2125850
5.82128596306  2123310
5.82648587227  2123149
5.83520197868  2123143
5.8475959301  2122832
5.84773683548  2114312
5.85245990753  2114210
5.85806584358  2113957
5.8680357933  2113194
5.87258481979  2111561
5.90115690231  2111266
5.93078184128  2111210
5.93720889091  2111206
5.96053600311  2110873
5.97876000404  2105098
5.98626685143  2103716
5.9880797863  2103696
5.99207186699  2100108
6.0348739624  2099942
6.04603099823  2099886
6.04896187782  2099778
6.05051493645  2096535
6.05698299408  2084749
6.06776499748  2083429
6.06821084023  2077945
6.06981897354  2077641
6.09001994133  2077633
6.09701299667  2077152
6.10458278656  2076523
6.11237287521  2076181
6.12098193169  2056263
6.13578677177  2054522
6.1669459343  2049343
6.17195892334  2046831
6.19089198112  2046501
6.19553685188  2045970
6.19660592079  2045767
6.22539496422  2045711
6.2258079052  2044933
6.22853183746  2044846
6.23886489868  2043548
6.24098277092  2043199
6.24174189568  2043190
6.25005698204  2041794
6.25133395195  2041686
6.2559709549  2039716
6.28480386734  2039202
6.28724479675  2038508
6.33980488777  2036337
6.34739494324  2035918
6.35397791862  2034436
6.37121200562  2034326
6.38066077232  2033629
6.39156293869  2033133
6.39583683014  2031940
6.41426682472  2031936
6.42662286758  2030988
6.43199396133  2026445
6.48062777519  2025969
6.52792882919  2025759
6.53942084312  2025143
6.55976295471  2024256
6.56273293495  2024097
6.56728982925  2021193
6.58557295799  2021181
6.61437296867  2020550
6.62431883812  2019312
6.62959885597  2011669
6.65791583061  1998059
6.65887379646  1997677
6.69190788269  1996760
6.69308185577  1996675
6.69334197044  1993110
6.6943089962  1992664
6.70323181152  1990780
6.74873781204  1990625
6.77008295059  1989706
6.77812790871  1988945
6.78889393806  1988719
6.78947877884  1988327
6.80060195923  1983919
6.81090283394  1982760
6.81197595596  1982135
6.83819198608  1981236
6.90494680405  1981120
6.92051196098  1980549
6.92086291313  1978316
6.92243289948  1977489
6.92939090729  1977038
6.93794894218  1976682
6.93943881989  1976133
6.9499027729  1976099
7.00051283836  1976077
7.00308990479  1975436
7.01166582108  1974183
7.02080488205  1973854
7.03057980537  1973694
7.04394578934  1971899
7.05833077431  1970752
7.08570480347  1970023
7.08716392517  1963240
7.09556293488  1961499
7.10288190842  1961071
7.14878797531  1958339
7.16554689407  1958307
7.16658782959  1958082
7.17128896713  1956653
7.19763278961  1938733
7.20017981529  1937702
7.21103191376  1937178
7.25503778458  1935986
7.27815079689  1925734
7.30311989784  1924931
7.31248092651  1924846
7.33162498474  1924334
7.33718180656  1920669
7.33972096443  1920598
7.34077596664  1920235
7.34875583649  1919857
7.37047386169  1918060
7.37277984619  1916413
7.40009689331  1916389
7.41872882843  1916290
7.44793486595  1913477
7.45690894127  1908521
7.51138687134  1906257
7.57952690125  1905526
7.59225678444  1904216
7.59894490242  1899659
7.60413193703  1899637
7.63157486916  1889288
7.67065691948  1882030
7.68319797516  1881881
7.6891348362  1881509
7.71476697922  1880894
7.76154184341  1880774
7.76211500168  1880527
7.76432991028  1880124
7.76556897163  1880039
7.7714009285  1870772
7.78749585152  1870115
7.84606194496  1867472
7.88762497902  1867450
7.89756679535  1865307
7.94416284561  1865233
7.96539092064  1864907
8.0161819458  1852569
8.02730488777  1851831
8.02847981453  1850081
8.0638217926  1849437
8.08443498611  1848958
8.12645697594  1847336
8.13923883438  1847316
8.144728899  1847236
8.14849185944  1846930
8.1926817894  1846545
8.20034694672  1846471
32.954005003  1846418
32.9680387974  1845188
32.995983839  1845070
33.0187568665  1845041
33.0263087749  1842378
33.0419409275  1836015
33.0691637993  1836008
33.0868527889  1835529
33.0990099907  1833989
33.1168727875  1833935
33.1240577698  1814660
33.1293628216  1814551
33.1344208717  1814411
33.1365659237  1814104
33.1589858532  1813675
33.1872057915  1812535
33.1943500042  1811306
33.2024109364  1810378
33.2030529976  1808871
33.2452869415  1808328
33.2758989334  1808045
33.2834508419  1806799
33.302038908  1806290
33.3644948006  1797051
71.33066082  1797030
71.3437328339  1796959
71.3499879837  1796710
71.3590288162  1795946
71.37753582  1794558
71.3791048527  1794159
71.3799788952  1793556
71.3858799934  1793453
71.4107549191  1793389
71.433672905  1788027
71.4716908932  1784867
71.5020079613  1774632
71.5033259392  1772579
71.5129129887  1771630
71.5132088661  1771501
71.5359809399  1771445
71.5475699902  1770044
71.5748288631  1767482
71.5855309963  1766877
71.5888469219  1766138
71.5949008465  1765337
71.6019098759  1758287
71.6061038971  1757500
71.6417748928  1757342
71.6489138603  1749953
71.6532628536  1743701
71.671036005  1742626
71.6880719662  1741950
71.6959798336  1741146
71.7117419243  1738770
92.0651028156  1737828
92.0712537766  1737306
92.0882658958  1736657
92.0950889587  1736219
92.111289978  1734982
92.1168749332  1733877
92.1202208996  1732786
92.1258997917  1729628
92.1346139908  1729497
92.1367788315  1727980
92.1585009098  1726278
92.1601629257  1725307
92.1733927727  1724020
92.2003059387  1723000
92.2010889053  1722239
98.4195718765  1720232
98.4444408417  1719780
98.4616498947  1719397
98.4760808945  1718400
98.4889879227  1717411
98.5151879787  1714686
98.5178468227  1713852
98.5348129272  1713598
98.5523438454  1709522
98.5691699982  1708383
98.5725967884  1708278
98.5777819157  1705308
98.5870718956  1703840
98.6070258617  1702602
98.6217958927  1702462
98.62458992  1702196
98.6369519234  1701719
98.6412677765  1700411
98.6513228416  1699620
98.6798579693  1699608
98.6841168404  1697387
98.715512991  1696676
98.7403559685  1693968
98.7601349354  1692971
98.7644178867  1690112
98.7821278572  1690016
98.8290388584  1690001
98.8677959442  1689811
98.8935878277  1689685
98.9130527973  1689558
98.9533097744  1681671
98.9622459412  1679429
219.856681824  1678832
219.857893944  1677524
219.859763861  1677223
219.867624998  1675961
219.9058249  1674913
219.923424006  1674672
219.934870005  1673873
219.988179922  1670851
220.021307945  1670766
220.055691957  1670763
220.079911947  1662555
220.108622789  1662383
236.222835779  1661757
236.224619865  1661337
236.227027893  1658628
236.237088919  1658484
236.240122795  1656576
236.280613899  1656362
236.28074789  1655751
236.291957855  1655746
236.315998793  1654137
236.344383001  1653602
