0.0394668579102  7219898
0.0400128364563  7164916
0.0410859584808  7164464
0.0415639877319  7158073
0.0417098999023  7155934
0.0421040058136  7155379
0.0423328876495  7155371
0.0424778461456  7155200
0.0427889823914  7152383
0.0434319972992  7139746
0.0435779094696  7139711
0.0438089370728  7137019
0.0452828407288  7115384
0.0454280376434  7113496
0.0457389354706  7108286
0.0461330413818  7106591
0.0462789535522  7104948
0.0467538833618  7088084
0.048455953598  7084244
0.0508379936218  7062875
0.0509858131409  7056488
0.0512149333954  7049057
0.0515258312225  7044135
0.0522518157959  7042516
0.0524799823761  7021896
0.0526239871979  7016444
0.052934885025  7013255
0.053328037262  6997972
0.0534739494324  6974281
0.0539510250092  6960892
0.054759979248  6953397
0.0575029850006  6946896
0.0576570034027  6877602
0.0610768795013  6870222
0.0615558624268  6866720
0.0621159076691  6862934
0.0622618198395  6856303
0.0628228187561  6854838
0.0633008480072  6850386
0.0634469985962  6837276
0.0636749267578  6798720
0.0666749477386  6744710
0.06773686409  6741734
0.0680739879608  6741703
0.0692329406738  6734761
0.0711250305176  6734557
0.0722699165344  6733538
0.0724148750305  6732073
0.0743999481201  6720518
0.0783839225769  6719160
0.0785310268402  6692629
0.0790078639984  6687447
0.0792360305786  6666430
0.080374956131  6662810
0.0809350013733  6647811
0.0815780162811  6638087
0.0817229747772  6623199
0.0824480056763  6602198
0.082594871521  6532716
0.086660861969  6513582
0.086807012558  6504181
0.0909609794617  6498333
0.0911068916321  6447198
0.0954248905182  6426154
0.0955698490143  6426107
0.0957980155945  6414964
0.100212812424  6408481
0.100358963013  6357323
0.106125831604  6356130
0.106300830841  6352776
0.106726884842  6349851
0.107506990433  6325196
0.107679843903  6320966
0.108158826828  6318961
0.109033823013  6312910
0.110759019852  6311073
0.116677999496  6304665
0.123237848282  6302928
0.123744010925  6293837
0.124316930771  6249753
0.124495983124  6247096
0.12495303154  6236415
0.125104904175  6232067
0.125697851181  6183328
0.125849962234  6181671
0.126493930817  6180734
0.126639842987  6173906
0.127364873886  6169676
0.134198904037  6163688
0.134346008301  6163028
0.134656906128  6144071
0.143244981766  6140083
0.143435001373  6113132
0.152060985565  6112467
0.152209997177  6045183
0.152525901794  6044706
0.164495944977  6043943
0.165146827698  6034471
0.165376901627  6000482
0.165522813797  5977116
0.165918827057  5971392
0.166064023972  5969698
0.166458845139  5967989
0.167024850845  5955201
0.16775393486  5900828
0.167898893356  5893961
0.168710947037  5885236
0.168856859207  5816422
0.171425819397  5809218
0.17166686058  5803529
0.171821832657  5802604
0.172243833542  5796980
0.173727989197  5796426
0.176771879196  5796402
0.179683923721  5793585
0.180912971497  5792207
0.182473897934  5790654
0.182700872421  5774540
0.1842648983  5773201
0.187336921692  5765622
0.201303005219  5765179
0.20330286026  5761423
0.203534841537  5753605
0.204265832901  5753055
0.204663991928  5748937
0.205482006073  5744948
0.214251995087  5744285
0.214483976364  5738267
0.215891838074  5729982
0.216289997101  5729351
0.216769933701  5729204
0.216917037964  5726879
0.217481851578  5718379
0.217878818512  5717660
0.218863010406  5713621
0.22043800354  5708321
0.220584869385  5653623
0.220981836319  5648910
0.221295833588  5644472
0.223294019699  5643834
0.223440885544  5642436
0.223671913147  5637440
0.224066972733  5635675
0.224298000336  5635399
0.224781036377  5631858
0.22904586792  5629722
0.233485937119  5627800
0.239805936813  5627638
0.240051031113  5626542
0.240332841873  5626268
0.240670919418  5573484
0.247177839279  5571937
0.253926992416  5559101
0.254156827927  5557106
0.268236875534  5555511
0.283823013306  5554540
0.283979892731  5549999
0.284210920334  5544190
0.28435587883  5541475
0.284585952759  5503352
0.284898042679  5479373
0.28512597084  5475044
0.285936832428  5471496
0.300971984863  5471406
0.316918849945  5470552
0.317570924759  5467320
0.317716836929  5435225
0.318110942841  5434473
0.318420886993  5433741
0.31885099411  5385934
0.319411039352  5383941
0.320137023926  5378347
0.336266994476  5377398
0.336581945419  5373117
0.33714389801  5370228
0.337288856506  5357811
0.338182926178  5352233
0.338412046432  5344528
0.355518817902  5344227
0.35574388504  5343388
0.356094837189  5341954
0.356518983841  5332744
0.357264995575  5324159
0.357688903809  5318172
0.357933998108  5311411
0.358928918839  5304363
0.359074831009  5185475
0.376267910004  5182655
0.397936820984  5181931
0.398133993149  5142144
0.419422864914  5141969
0.442191839218  5141962
0.463268041611  5140239
0.488085985184  5137476
0.50937795639  5126279
0.531044960022  5117330
0.556495904922  5112062
0.581998825073  5109883
0.603194952011  5108018
0.628749847412  5102768
0.651763916016  5102342
0.674808979034  5101989
0.700413942337  5101742
0.721429824829  5087355
0.746981859207  5087340
0.769763946533  5087187
0.790235042572  5085253
0.814659833908  5081081
0.840287923813  5081057
0.860734939575  5080898
0.88090801239  5066170
0.901897907257  5054400
0.925406932831  4988364
0.946267843246  4973914
0.966534852982  4955962
0.990391016006  4955355
1.01629090309  4951859
1.05419683456  4945783
1.09484696388  4945741
1.11738085747  4936949
1.13949799538  4934047
1.16125202179  4933020
1.18146800995  4927650
1.20283484459  4927221
1.22612094879  4923563
1.24819993973  4923001
1.2724108696  4919073
1.29455399513  4919031
1.31650185585  4918542
1.36003899574  4912313
1.40139102936  4911371
1.42173695564  4910397
1.46264696121  4853168
1.54526495934  4842588
1.63332390785  4827402
1.71741294861  4825577
1.79999089241  4821658
1.88370895386  4821429
1.96624994278  4820832
2.04931902885  4819035
2.13224482536  4818207
2.21320295334  4817771
2.296697855  4816188
2.44491195679  4816072
2.57402396202  4815997
2.69746303558  4815226
2.82603693008  4815221
2.96262693405  4815161
3.11371588707  4814644
3.13579487801  4813750
3.15676188469  4747368
3.17794799805  4746951
3.199436903  4741326
3.2203810215  4701717
3.24108695984  4699773
3.26305389404  4697624
3.29314494133  4696097
3.31406283379  4692908
3.33568692207  4690754
3.35745286942  4688844
3.37841391563  4687097
3.39979100227  4684545
3.4211268425  4676800
3.44462585449  4673125
3.46556997299  4672010
3.48679685593  4671263
3.50900697708  4670943
3.53142404556  4670772
3.56024003029  4668241
3.58056497574  4649639
3.60129880905  4644835
3.62232899666  4644748
3.64344882965  4644589
3.66402983665  4643972
3.68483996391  4627399
3.70567083359  4578716
3.74661684036  4576599
3.76744198799  4576255
3.78831195831  4526575
3.81037402153  4526424
3.83111190796  4525165
3.85213685036  4524246
3.8745880127  4523672
3.90385985374  4523342
3.9309220314  4520459
3.9514029026  4520211
3.97249293327  4477400
3.99302101135  4476542
4.01466202736  4472728
4.03601002693  4471936
4.05725502968  4471742
4.0778439045  4469830
4.0987739563  4469251
4.119535923  4447062
4.14340090752  4402832
4.1635799408  4387634
4.1838760376  4366338
4.20463991165  4362189
4.22540903091  4357794
4.24585390091  4323075
4.26619195938  4322823
4.28705596924  4304730
4.30922889709  4304533
4.33304595947  4304410
4.35926795006  4302469
4.38032484055  4271211
4.40071797371  4262157
4.42193984985  4254410
4.44751596451  4252964
4.47857093811  4252867
4.49930596352  4214152
4.5213470459  4208491
4.54384803772  4206467
4.57420086861  4206338
4.65479397774  4187187
4.73544692993  4185544
4.77551388741  4185534
4.85701394081  4184774
4.93792796135  4183757
5.021037817  4182269
5.10464382172  4180974
5.14500188828  4180434
5.22543382645  4177120
5.30669784546  4154841
5.38741588593  4151157
5.46801900864  4147863
5.54956293106  4120208
5.59040284157  4120177
5.67208600044  4119202
5.71257781982  4118657
5.79330587387  4118275
5.87390995026  4113000
5.95531487465  4105882
6.03636193275  4086747
6.07742094994  4086704
6.16021585464  4060172
6.20038104057  4059639
6.28114891052  4058808
6.36197090149  4037139
6.44345903397  4034435
6.52655482292  4024844
6.56785702705  4024497
6.65116500854  4020646
6.69196391106  4020266
6.77454996109  4015179
6.81556391716  4014951
6.89580583572  4010173
6.98584604263  4009996
7.07667803764  4009699
7.15707492828  4009421
7.24837493896  4008884
7.32905101776  4008423
7.41968798637  4008303
7.57134485245  4004772
7.77088403702  4003030
7.96979093552  4002617
8.16837000847  4002455
8.36735391617  3997747
8.56731200218  3997469
8.76587796211  3997454
8.96596097946  3996980
9.16382288933  3981876
9.18482494354  3977878
9.20528197289  3976757
9.30520892143  3976230
9.50368881226  3942449
9.66258096695  3941631
9.86251997948  3925842
10.0217068195  3925813
10.2207698822  3921319
10.4210169315  3908928
10.5228238106  3908702
10.7202680111  3904645
10.9177148342  3897931
11.11876297  3897067
11.3151078224  3870576
11.51679492  3870561
11.7154328823  3870202
11.9125108719  3865729
12.112393856  3865527
12.3105618954  3864940
12.5155258179  3864606
12.7125298977  3861418
12.9114480019  3858287
13.1155669689  3856340
13.3388118744  3856093
13.5168550014  3856027
13.7407259941  3856025
13.9207878113  3855554
14.136756897  3853710
14.3583729267  3852948
14.5775749683  3852438
14.7935039997  3851654
15.0110518932  3851044
15.2348618507  3850871
15.4534349442  3850575
15.6700918674  3847161
15.8879058361  3846413
16.0659248829  3846347
16.3026268482  3845684
16.5401258469  3833070
16.7769408226  3832944
17.0144548416  3829997
17.2728869915  3829844
17.5382809639  3829496
17.797399044  3829208
18.0520989895  3809279
18.1520299911  3803850
18.2574908733  3803490
18.361014843  3802885
18.5495150089  3802075
18.658468008  3801792
18.8182439804  3791484
18.9179489613  3791260
19.0381879807  3790746
19.1389579773  3790655
19.2969498634  3763956
19.456207037  3755764
19.5773248672  3755735
19.735699892  3755000
19.8940598965  3726837
20.0134158134  3726785
20.1736018658  3724546
20.3328979015  3722270
20.4926118851  3719197
20.6532428265  3717699
20.8120279312  3676583
20.9339139462  3676309
21.092206955  3672976
21.2111530304  3672924
21.3763129711  3672489
21.5392169952  3672293
21.7013640404  3672193
21.8599319458  3671370
22.019562006  3658723
22.1815419197  3652322
22.3462228775  3649985
22.5095310211  3648708
22.6718838215  3648675
22.8307309151  3648213
22.9956929684  3647244
23.158397913  3647107
23.3243880272  3646367
23.4907050133  3639783
23.6493198872  3617965
23.6699090004  3617671
23.6900320053  3616474
23.7698600292  3615853
23.9284479618  3615545
24.0949499607  3614170
24.2632248402  3613446
24.4307029247  3612841
24.5984559059  3610673
24.795208931  3610628
24.9930179119  3610155
25.1908550262  3579131
25.3878779411  3579020
25.585201025  3578630
25.7822329998  3550882
25.9890549183  3550874
26.2148430347  3550193
26.4540538788  3548760
26.7300510406  3548598
27.0062148571  3547909
27.2805809975  3545961
27.4977529049  3545862
27.7298099995  3545205
27.9150748253  3544594
28.1697340012  3543165
28.4293658733  3541838
28.6932070255  3541178
28.9564328194  3541099
29.2252810001  3540834
29.4759128094  3540624
29.7252750397  3540546
29.9628858566  3537203
30.1420209408  3536936
30.3540949821  3536176
30.550962925  3536089
30.748595953  3535792
30.9479548931  3533916
31.1443798542  3508152
31.342525959  3507475
31.5434119701  3506886
31.7418479919  3504913
31.9389698505  3503944
32.1370790005  3503690
32.3358209133  3500922
32.5450599194  3498007
32.7580280304  3496060
32.9941828251  3495854
33.229364872  3495516
33.4666178226  3494067
33.7405190468  3493516
34.0136928558  3493305
34.2886040211  3492768
34.5808348656  3492752
34.8726089001  3492730
35.1652379036  3492688
35.4753830433  3491476
35.8470978737  3491403
36.2132499218  3491391
36.5813879967  3482533
36.87469697  3482415
37.1496460438  3482249
37.4242188931  3482102
37.7176609039  3482072
38.0899159908  3481719
38.3830909729  3480925
38.6564788818  3480557
38.9340419769  3480555
39.2456858158  3480533
39.5205760002  3480488
39.947715044  3480046
40.3318858147  3479602
40.7553639412  3479384
41.1772019863  3478896
41.602118969  3477687
42.0240399837  3477401
42.4462380409  3476991
42.8855090141  3476932
43.3443570137  3476670
43.7647149563  3476509
44.20520401  3475898
44.7442498207  3475389
45.1580569744  3475256
45.5679039955  3474893
45.9713149071  3471203
46.3753669262  3471175
46.7806179523  3465881
47.1850209236  3460062
47.5891139507  3458589
47.9929838181  3457637
48.3933589458  3457465
48.798197031  3456927
49.2019250393  3456902
49.6249248981  3456871
50.0488469601  3456484
50.5973420143  3454745
51.1479229927  3453573
51.6946249008  3453261
52.2445349693  3450408
52.796681881  3449435
53.3448159695  3448585
53.8942599297  3443865
54.4449689388  3441602
54.9942319393  3437808
55.5450649261  3436610
56.0932710171  3436209
56.6453709602  3435275
57.1958658695  3433855
57.7452638149  3423321
58.2942340374  3422665
58.8481090069  3421640
59.4012269974  3421575
59.9585669041  3420629
60.506636858  3419246
61.0195150375  3419143
61.5836529732  3418338
62.1745288372  3417743
62.7630779743  3417052
63.3504319191  3416316
63.9388639927  3415792
64.5201909542  3415516
65.13478899  3414300
65.7666330338  3412353
66.4172530174  3411136
67.0684628487  3410401
67.7153158188  3402898
68.3618760109  3356889
69.0084428787  3356339
69.6543738842  3356306
70.3047838211  3355849
70.9534568787  3303871
71.3487179279  3303865
71.5803108215  3303008
71.8106019497  3302957
72.0419340134  3302878
72.2711110115  3302795
72.5025830269  3302694
72.7507300377  3302469
73.1966240406  3302201
73.6519389153  3301618
73.6786608696  3300755
73.7164878845  3256662
73.7359449863  3254636
73.7560558319  3254366
73.7756319046  3254141
73.795735836  3246163
73.8156769276  3236170
73.838670969  3228513
73.8587608337  3222847
73.8788018227  3222833
73.8989958763  3221871
73.9201028347  3217476
73.9419560432  3215366
73.9710698128  3210753
74.0209839344  3210676
74.2137949467  3210075
74.5036098957  3210024
74.787925005  3197198
75.0748729706  3197108
75.3630998135  3196724
75.6870779991  3194016
76.0149810314  3194008
76.3370218277  3193291
76.6863238811  3193125
77.0130178928  3192989
77.3580679893  3191815
77.6441898346  3191758
78.1471400261  3191378
78.8332359791  3191085
79.5271379948  3190697
80.2806119919  3190508
81.0388069153  3188534
81.7961709499  3186237
82.5769169331  3185805
83.2682750225  3185209
83.9914188385  3184886
84.7162368298  3184604
85.4412679672  3184237
86.1649119854  3180759
86.8576319218  3180737
87.5811998844  3179059
88.4110069275  3178909
88.7030699253  3178728
88.9943339825  3178454
89.7442419529  3178379
90.043959856  3177837
90.4438099861  3175533
90.8619959354  3174912
91.2795259953  3168324
91.6967489719  3163491
92.1141548157  3163333
92.5326619148  3161798
92.962348938  3161752
93.3810749054  3146239
93.5772378445  3144325
93.5978848934  3143805
93.7159969807  3143482
93.8354480267  3143183
93.8567688465  3140351
93.9555828571  3139930
94.0548298359  3139829
94.3009719849  3139619
94.4102368355  3139480
94.5225799084  3138869
94.7750139236  3127786
95.0274028778  3113446
95.2441749573  3113320
95.4391658306  3113118
95.6918339729  3107776
95.9456429482  3103916
96.1406228542  3103903
96.3357470036  3103468
96.5874128342  3034138
96.8014309406  3034012
96.9974508286  3033810
97.2628798485  3017367
97.5159659386  3016313
97.7306399345  3016265
98.0210468769  3016001
98.3114538193  3015173
98.6045210361  3008015
98.8981690407  3005426
99.200304985  3004884
99.5644989014  3003757
99.983219862  3003583
100.400547981  3001579
100.817682981  2968220
101.234407902  2968083
101.652835846  2954713
102.069820881  2946594
102.48601985  2946400
102.901597023  2946156
103.352383852  2945400
103.805922031  2937603
104.256872892  2937458
104.744931936  2937353
105.232332945  2933477
105.736513853  2932682
106.205503941  2932625
106.711720943  2930291
107.179016829  2929980
107.677935839  2925685
108.185608864  2924717
108.688412905  2922813
109.135814905  2922734
109.58316803  2921016
110.032893896  2921001
110.508841038  2920721
110.994432926  2920710
111.529158831  2919865
112.057727814  2919683
112.623510838  2918885
113.231038809  2901925
113.798897028  2898923
114.372689009  2897261
114.947029829  2896859
115.58099699  2892033
116.161294937  2889886
116.750813961  2889258
117.338992834  2878252
117.917337894  2877991
118.127619982  2876729
118.15041399  2876715
118.255551815  2876474
118.447490931  2874919
118.659111977  2874779
118.849112988  2874279
119.337517977  2873954
119.528890848  2872580
119.817190886  2811314
120.10469389  2806289
120.396229982  2804123
120.687055826  2776193
120.977180958  2769975
121.265445948  2751585
121.572577953  2745078
121.680011988  2744093
121.784162998  2742996
122.074198961  2739578
122.365391016  2692940
122.671582937  2690395
122.693922043  2687506
122.82072401  2683553
122.947923899  2682041
123.15693903  2681356
123.406230927  2676859
123.694056034  2676767
123.9823699  2676193
124.290988922  2676167
124.600983858  2636772
124.932154894  2635969
125.282858849  2631249
125.636421919  2625983
125.988356829  2625245
126.31652689  2624832
126.647537947  2619983
126.97644496  2619747
127.305779934  2619097
127.635937929  2616035
127.965417862  2595101
128.291882992  2592673
128.63978982  2582915
128.98563385  2582358
129.339512825  2577546
129.689672947  2561774
130.039865971  2558807
130.389052868  2556659
130.742630005  2555065
131.032054901  2547880
131.362426043  2545924
131.731281042  2490776
132.102293968  2482384
132.4691329  2471062
132.836804867  2464236
133.204035997  2463847
133.571254015  2455107
133.940361977  2454174
134.30862093  2450765
134.696513891  2434486
135.082561016  2432638
135.472834826  2432164
135.860560894  2386149
136.286973953  2385275
136.793784857  2368510
137.164708853  2364882
137.532260895  2361102
137.900902987  2352979
138.266801834  2351667
138.808517933  2348752
139.351478815  2345585
139.889761925  2345045
140.464314938  2339066
141.186980963  2335118
141.916211843  2328285
142.650583029  2323087
143.37983489  2304992
144.113791943  2302894
144.837249994  2301785
145.564079046  2280134
146.295990944  2270800
147.01986289  2254114
147.752164841  2247835
148.474326849  2245902
149.210918903  2242052
149.930639029  2240459
150.657716036  2239009
151.381182909  2231339
152.118692875  2228449
152.841933966  2227118
153.578239918  2221954
154.30232501  2219274
155.024400949  2219091
155.747786045  2205959
156.469058037  2200830
157.193037033  2184213
157.918314934  2182796
158.654021025  2177140
159.383534908  2175817
160.108028889  2173062
160.833127975  2162189
161.557675838  2159046
162.281925917  2154759
163.005863905  2153925
163.740656853  2153889
164.467003822  2148471
165.189792871  2145997
165.908179045  2139240
166.636651993  2128898
167.359067917  2127754
168.084280968  2124295
168.803869963  2107577
169.526585817  2097929
170.254428864  2078934
170.983919859  2070796
171.713763952  2070405
172.43659687  2067163
173.167527914  2064628
173.89093399  2056276
174.614661932  2041365
175.335357904  2025817
176.061339855  2014711
176.783645868  2010442
177.514672041  2009993
178.240355968  2000678
178.96617198  1998555
179.699043036  1996231
180.435482025  1992523
181.158088923  1983929
181.897006989  1978851
182.621918917  1975562
183.359241962  1970724
184.085431814  1963250
184.826382875  1955584
185.586804867  1953115
186.345476866  1951518
187.109131813  1946617
187.867601871  1944858
188.627080917  1941736
189.385072947  1932635
190.14533186  1930799
190.902966022  1930134
191.664620876  1924031
192.422778845  1916872
193.193265915  1914635
193.953583956  1910533
194.712155819  1907396
195.489686012  1907047
196.265560865  1905837
197.050810814  1903335
197.872282028  1897246
198.684279919  1893179
199.502110958  1891364
200.318312883  1891363
201.130751848  1889161
201.945452929  1888269
202.75612402  1888133
203.567368984  1873500
204.385766029  1872497
205.194927931  1871653
206.013631821  1870883
206.831928015  1869763
207.659806013  1869549
208.487056971  1868893
209.327513933  1867787
210.175935984  1867558
211.019492865  1863330
211.86453104  1862720
212.709215879  1861686
213.562171936  1860000
214.415133953  1859720
215.262516975  1859494
216.115295887  1858206
216.971544027  1858107
217.825147867  1857868
218.679674864  1854095
219.490892887  1853988
220.345635891  1850757
221.154973984  1850194
222.050396919  1844979
222.947461843  1838473
223.848206997  1838247
224.746417999  1834773
225.643806934  1831523
226.539716959  1820150
227.438541889  1818603
228.334753036  1817974
229.232298851  1809412
230.13219285  1808722
231.025724888  1807356
231.936667919  1803053
232.85182786  1802203
233.766264915  1794457
234.680130005  1793646
235.609746933  1790821
236.544129848  1781638
237.473953962  1779794
238.405738831  1772187
239.401949883  1768456
240.396922827  1767781
241.390322924  1766022
242.385648966  1765447
243.379086018  1765435
244.375625849  1765427
245.374404907  1765329
246.370746851  1760984
247.385355949  1760357
248.402175903  1759876
249.416074038  1759666
250.431318045  1759188
251.457417011  1757947
252.484920025  1756954
253.529353857  1756818
254.60371995  1756738
255.677287817  1755401
256.784760952  1688613
257.864552975  1688565
259.005879879  1671536
260.147534847  1671273
261.285523891  1662981
262.423173904  1657495
263.559453011  1656798
264.69833684  1656686
265.862268925  1654393
266.59017396  1653609
267.314688921  1652038
268.033787966  1650603
268.773239851  1648647
269.513541937  1646609
270.253509998  1644445
271.004498005  1643062
271.76351881  1642486
272.511387825  1642301
273.252296925  1641270
274.005975962  1641065
274.76434803  1639692
275.539655924  1638619
276.396168947  1638325
277.206617832  1638227
278.085705996  1637468
278.89949584  1637271
279.849964857  1636916
280.883669853  1636877
281.911089897  1636440
282.856017828  1635890
283.806740046  1635810
284.768227816  1635800
285.733608007  1634702
286.746670008  1634609
288.19471097  1633884
289.63805294  1633677
291.076858044  1633116
292.516654968  1631789
293.968992949  1631726
295.436725855  1631554
296.937819004  1630999
298.434669018  1630557
299.938064814  1630142
301.435081959  1630107
302.925786018  1629021
304.41897583  1628828
305.910236835  1628746
307.40438199  1625637
308.901389837  1624700
309.715071917  1624404
310.524900913  1624403
311.335675955  1624313
312.151518822  1624267
312.967918873  1624165
313.883653879  1624155
314.73740387  1624073
315.586876869  1623778
316.432185888  1623734
317.807938814  1623711
319.180150986  1623499
320.680147886  1622601
321.515177965  1622578
322.325031042  1622396
323.11635685  1622316
323.944936991  1622171
324.738415003  1622153
325.602743864  1622132
326.487408876  1620721
327.348582029  1620546
328.279382944  1619705
329.228881836  1619426
330.194227934  1618391
331.650254011  1617868
333.145153046  1616511
334.631731987  1616160
336.130833864  1614821
337.628582954  1614495
339.012919903  1614202
340.356248856  1614142
341.737962961  1613632
343.083847046  1613610
344.454771996  1612770
345.844805002  1612651
347.222671032  1612324
348.569767952  1612267
349.944455862  1611766
351.318594933  1606140
352.699805021  1605236
354.048470974  1605233
355.425261974  1601781
356.919111967  1601714
358.426151991  1601647
359.926451921  1601463
361.418618917  1600924
362.909152031  1600043
364.49317193  1599304
366.049674034  1599142
367.697227955  1597017
369.341024876  1594858
370.979110003  1594651
372.64942503  1594297
374.294378042  1592331
375.941448927  1591299
377.586127996  1588813
379.229043007  1588494
380.88259697  1587971
382.554195881  1587202
384.233477831  1587078
385.938879013  1585100
387.646510839  1582342
389.346402884  1577636
391.048892021  1573171
392.691051006  1572699
394.335227013  1572492
396.035305023  1571651
397.755173922  1571512
399.472509861  1548079
401.185818911  1544939
402.908219814  1542686
404.664579868  1536041
406.424700975  1526502
408.182667017  1521087
409.946605921  1520832
411.630321026  1519700
413.282645941  1517970
414.925918818  1516961
416.619606018  1516201
418.362588882  1516022
420.119894028  1512218
421.893483877  1509896
423.660220861  1509071
425.429141998  1507780
427.202672005  1504587
428.975828886  1503337
430.751134872  1500925
432.525837898  1500873
434.305052996  1500673
436.090306044  1496367
437.877053022  1494750
439.663796902  1490050
441.432173967  1488486
443.225999832  1481857
445.016381979  1470018
446.811193943  1469726
448.800103903  1469533
450.813671827  1468845
452.859098911  1468051
454.967777014  1467248
456.739184856  1463269
458.504611969  1463233
460.282060862  1463028
462.047614813  1461160
463.812639952  1460061
465.770016909  1459034
467.734335899  1458425
469.761479855  1457972
471.872368813  1439415
473.97557497  1435320
476.075474977  1432601
478.189487934  1430215
480.290865898  1423422
482.398138046  1411943
484.504700899  1408795
486.597738981  1408542
488.714670897  1408178
490.831210852  1404812
492.950662851  1403284
495.079684019  1396288
497.205219984  1391068
499.328294992  1380291
501.45352602  1374162
503.579438925  1368513
505.695696831  1364840
507.81573081  1362783
509.936686993  1362044
512.068068981  1357158
514.157949924  1357142
516.254299879  1355849
518.356025934  1355415
520.471493006  1355332
522.211266994  1352715
523.981644869  1352166
525.756749868  1350523
527.542057991  1349976
529.314440012  1349666
531.090059996  1347751
532.861867905  1344808
534.630656004  1344228
536.405333042  1343648
538.17232585  1343574
539.940343857  1321308
541.714287043  1320997
543.468585968  1320989
545.02962184  1320684
546.549221992  1320316
548.067935944  1320086
549.586678982  1319598
551.154079914  1319309
552.727386951  1318742
554.297091007  1318444
555.903095007  1318303
557.533079863  1317865
559.115141869  1317687
560.71803093  1316732
562.307015896  1315993
563.891948938  1315831
565.549741983  1314822
567.335701942  1314646
569.122699976  1313699
570.91483593  1313359
572.705977917  1312672
574.500952959  1311464
576.295568943  1311296
578.103097916  1310644
579.895236015  1310373
581.709556818  1309662
583.545032978  1294402
585.351035833  1294218
587.202972889  1293241
589.05201292  1288055
590.894543886  1287700
592.738258839  1280827
593.841357946  1280056
595.69461298  1280024
597.558305979  1278424
599.41167593  1274418
600.756597996  1274219
