0.038715839386  7362295
0.0393798351288  7360268
0.0405189990997  7350806
0.0410678386688  7348588
0.0415239334106  7346473
0.042457818985  7338356
0.0427210330963  7330639
0.043231010437  7318788
0.0445008277893  7316423
0.0447449684143  7302912
0.0452108383179  7287495
0.045352935791  7259677
0.0466318130493  7251817
0.0467739105225  7249589
0.0481369495392  7247954
0.0482778549194  7232638
0.0509178638458  7225534
0.0512118339539  7211962
0.0519599914551  7211206
0.0528628826141  7208740
0.056144952774  7208541
0.0563569068909  7193904
0.0573759078979  7193202
0.0578830242157  7184762
0.0610618591309  7183636
0.0615158081055  7183555
0.0617928504944  7179644
0.0623598098755  7171282
0.0656659603119  7170404
0.0658028125763  7165843
0.066018819809  7160265
0.067097902298  7148301
0.0677828788757  7145692
0.0706408023834  7140435
0.0737028121948  7137833
0.0739178657532  7131583
0.0740549564362  7128743
0.0770308971405  7124810
0.0803480148315  7122386
0.0807988643646  7105087
0.0811710357666  7099188
0.081307888031  6973993
0.0815229415894  6973985
0.0816609859467  6973895
0.0828948020935  6961491
0.0830309391022  6955454
0.0865659713745  6951410
0.0867028236389  6951163
0.0869970321655  6948240
0.0910048484802  6945539
0.0911419391632  6915637
0.092689037323  6909720
0.094712972641  6906942
0.0948648452759  6901571
0.0950808525085  6875091
0.0955309867859  6871469
0.0956690311432  6865294
0.0996730327606  6864127
0.099809885025  6860366
0.104176998138  6858810
0.104393005371  6827259
0.105311870575  6824082
0.105526924133  6821325
0.106133937836  6797463
0.11061501503  6793885
0.110751867294  6785578
0.115765810013  6783901
0.115980863571  6769224
0.116118907928  6768594
0.116333961487  6758443
0.116704940796  6757604
0.116842031479  6681238
0.117056846619  6680695
0.117192983627  6680575
0.118505954742  6656708
0.118722915649  6627150
0.119485855103  6616975
0.120481967926  6616003
0.120620012283  6576683
0.120834827423  6559145
0.121127843857  6548299
0.122596979141  6527762
0.122733831406  6467693
0.123026847839  6401841
0.123163938522  6401815
0.123378038406  6399728
0.125694036484  6394631
0.130895853043  6392016
0.131110906601  6379310
0.137365818024  6376842
0.137584924698  6337510
0.137722015381  6334373
0.143087863922  6330446
0.148546934128  6328786
0.14884185791  6311077
0.149056911469  6305832
0.151002883911  6304274
0.15302491188  6303953
0.158402919769  6302368
0.164155960083  6301753
0.16446185112  6301292
0.170495033264  6300664
0.175935029984  6299791
0.176149845123  6298977
0.176287889481  6296332
0.178396940231  6269595
0.18465590477  6266555
0.184949874878  6264937
0.185407876968  6262001
0.185587882996  6254999
0.186507940292  6253849
0.192930936813  6253270
0.193068027496  6252597
0.193282842636  6247532
0.198850870132  6246659
0.199065923691  6246213
0.199436903  6237815
0.199965000153  6237527
0.200336933136  6235912
0.200551986694  6234634
0.201159954071  6230626
0.202474832535  6229883
0.203866958618  6229067
0.204003810883  6228313
0.205476999283  6227228
0.21164894104  6226261
0.211787939072  6224306
0.212472915649  6223479
0.21923494339  6220876
0.219450950623  6218957
0.219743967056  6217680
0.22650885582  6216338
0.226644992828  6208507
0.233883857727  6204242
0.234493017197  6202705
0.234707832336  6189399
0.242710828781  6186696
0.242847919464  6173573
0.243141889572  6173352
0.243391036987  6172229
0.243726968765  6153577
0.24386382103  6152250
0.251984834671  6148990
0.252121925354  6142454
0.259974956512  6139945
0.26011300087  6130065
0.26444196701  6129204
0.265601873398  6112230
0.265738964081  6112102
0.27282500267  6108544
0.273041009903  6108124
0.280894994736  6107405
0.289119958878  6105274
0.29771399498  6103144
0.297851800919  6096673
0.29830288887  6090555
0.307114839554  6088999
0.307253837585  6088970
0.307469844818  6063376
0.316710948944  6061625
0.316927909851  6060603
0.317299842834  6057046
0.317829847336  6050389
0.328101873398  6047782
0.328475952148  6029970
0.328612804413  6029880
0.328827857971  6023039
0.328964948654  6021542
0.329258918762  6021147
0.329865932465  6006492
0.330185890198  6004413
0.331029891968  5991267
0.331166982651  5978228
0.331538915634  5977119
0.332856893539  5975110
0.333151817322  5975091
0.33336687088  5974282
0.333738803864  5944814
0.344590902328  5940207
0.344758033752  5930425
0.355625867844  5928304
0.355762958527  5917293
0.366364002228  5914933
0.366505861282  5907423
0.377908945084  5906295
0.382856845856  5905991
0.386678934097  5905907
0.387373924255  5905483
0.387529850006  5902882
0.388195991516  5902722
0.388902902603  5900432
0.400219917297  5898398
0.411432981491  5895814
0.413123846054  5893529
0.413337945938  5892614
0.41473197937  5892286
0.415545940399  5886264
0.416307926178  5884185
0.416445970535  5883316
0.417284965515  5883203
0.41742181778  5882612
0.418458938599  5879611
0.429388999939  5879036
0.440757036209  5879033
0.440972805023  5871927
0.441264867783  5855654
0.441637992859  5855304
0.441774845123  5851902
0.442621946335  5838499
0.442992925644  5829825
0.455216884613  5829255
0.468166828156  5827981
0.472536802292  5826947
0.473161935806  5823749
0.484033823013  5822015
0.488945960999  5820377
0.502353906631  5820195
0.50269985199  5812412
0.515937805176  5812296
0.527827978134  5810097
0.527966976166  5751525
0.540053844452  5750158
0.540191888809  5744991
0.552664995193  5743666
0.552881002426  5737218
0.553488016129  5722816
0.553624868393  5722574
0.553839921951  5718019
0.566363811493  5716037
0.56650185585  5715067
0.579264879227  5712862
0.579402923584  5708125
0.592278957367  5708042
0.592730998993  5705983
0.592867851257  5703151
0.60618686676  5699778
0.61968588829  5697994
0.619822978973  5691452
0.620038986206  5689659
0.62033200264  5681744
0.621172904968  5678513
0.621309995651  5672658
0.621603012085  5660254
0.636445999146  5659222
0.636694908142  5653545
0.63698887825  5648329
0.637360811234  5641016
0.637497901917  5613971
0.638025999069  5610369
0.638242006302  5608449
0.638849973679  5608313
0.638986825943  5577095
0.639593839645  5557400
0.640435934067  5555689
0.641438007355  5554745
0.641887903214  5543162
0.642025947571  5534646
0.642319917679  5533493
0.643397808075  5531767
0.65852189064  5530864
0.672397851944  5530122
0.673239946365  5524985
0.673377990723  5518338
0.673691987991  5517801
0.673983812332  5516552
0.674364805222  5515467
0.674850940704  5514720
0.674988985062  5513178
0.675203800201  5512919
0.675653934479  5511192
0.677985906601  5507080
0.678547859192  5506621
0.678685903549  5506518
0.678900957108  5500468
0.68039393425  5495784
0.680845022202  5491869
0.681059837341  5480741
0.681509971619  5479932
0.684248924255  5479220
0.695513963699  5478498
0.695730924606  5467578
0.698947906494  5464794
0.711884975433  5463233
0.712021827698  5457040
0.718477010727  5456490
0.720109939575  5456141
0.720324993134  5453503
0.725072860718  5452746
0.727799892426  5450582
0.730976819992  5449595
0.737329959869  5449391
0.738350868225  5447282
0.738646030426  5446224
0.738783836365  5435748
0.739312887192  5422575
0.747570991516  5419548
0.762573003769  5417473
0.777201890945  5416694
0.777338981628  5415693
0.792464971542  5413390
0.793229818344  5380471
0.793679952621  5372201
0.793816804886  5372111
0.809434890747  5370017
0.809572935104  5364395
0.809866905212  5347984
0.814688920975  5347449
0.814904928207  5345262
0.81504201889  5343266
0.815649032593  5342885
0.815785884857  5342550
0.81600189209  5342291
0.817003011703  5340765
0.818553924561  5340225
0.818691968918  5339669
0.821631908417  5339268
0.821847915649  5337980
0.825946807861  5336433
0.830214977264  5336153
0.830351829529  5334316
0.834698915482  5332960
0.849674940109  5332551
0.850225925446  5318146
0.85092997551  5313864
0.867944002151  5310928
0.86808180809  5230945
0.868297815323  5212739
0.868670940399  5197027
0.869848012924  5196330
0.870141983032  5195744
0.870357036591  5193972
0.870805025101  5192635
0.870941877365  5189124
0.87139081955  5188678
0.871762037277  5185557
0.87229180336  5179228
0.889937877655  5177694
0.890075922012  5174598
0.890368938446  5173949
0.890897035599  5170476
0.891189813614  5119628
0.891749858856  5119432
0.903097867966  5117285
0.907148838043  5113287
0.911844968796  5110992
0.93013381958  5109618
0.930684804916  5109568
0.930821895599  5106878
0.931115865707  5106642
0.93133187294  5103126
0.931703805923  5094611
0.932468891144  5094278
0.932683944702  5093834
0.932976961136  5092687
0.951414823532  5090585
0.951552867889  5090134
0.970919847488  5087243
0.971135854721  5086356
0.971272945404  5084069
0.971566915512  5078211
0.99081993103  5076504
1.01020503044  5068567
1.02930998802  5063612
1.05014681816  5062829
1.07964801788  5058704
1.1042869091  5036726
1.1370279789  5035815
1.16554999352  5024757
1.20073699951  5023735
1.25656485558  5022393
1.31016802788  5020963
1.35577702522  5019322
1.42576384544  5019205
1.49190402031  5003063
1.60710287094  4999706
1.72257089615  4996332
1.77120089531  4995946
1.8666009903  4995437
1.86697697639  4995270
1.86727190018  4994820
1.96183586121  4994006
1.9732208252  4993733
1.98813700676  4993414
2.00260686874  4992692
2.03306984901  4991259
2.07113003731  4989621
2.1672668457  4986287
2.26691603661  4985252
2.36222481728  4966976
2.45807790756  4961493
2.55308890343  4946260
2.57243990898  4946038
2.59173583984  4945554
2.68671488762  4944450
2.70693302155  4944130
2.74525284767  4942126
2.84042596817  4924228
2.94164586067  4920325
2.96092891693  4920090
2.98016381264  4919606
3.07668590546  4918468
3.09602999687  4918341
3.13464689255  4916489
3.22961783409  4910013
3.32455182076  4909974
3.42406988144  4906699
3.51900601387  4903796
3.62065792084  4893805
3.7400829792  4888734
3.85249996185  4885215
3.87186980247  4884980
3.8913359642  4884496
4.00615787506  4883330
4.13183188438  4882833
4.16222190857  4882780
4.16859793663  4882604
4.16881585121  4877081
4.16918897629  4875704
4.16932582855  4870835
4.16954183578  4842383
4.16999292374  4841920
4.17013192177  4839856
4.17066287994  4835329
4.17166590691  4834120
4.18618702888  4832895
4.20567584038  4830700
4.23411893845  4830131
4.27563691139  4829621
4.29480886459  4809756
4.31449580193  4799377
4.3380279541  4799323
4.36155080795  4797453
4.38840198517  4797235
4.42945981026  4793476
4.47292280197  4792701
4.52056598663  4791998
4.55982089043  4791794
4.62736582756  4791642
4.69769597054  4790551
4.76065587997  4789391
4.82336187363  4789228
4.88359093666  4780736
4.96701002121  4780426
5.02532696724  4779994
5.08895802498  4779368
5.11046981812  4779264
5.11786794662  4778583
5.13919186592  4775647
5.16123199463  4773413
5.18609595299  4764282
5.21057391167  4763816
5.23496580124  4754595
5.25800681114  4739495
5.28028297424  4727019
5.30096697807  4726014
5.32959890366  4725832
5.35414981842  4722406
5.37528085709  4720117
5.39807701111  4718439
5.42065882683  4718060
5.44076180458  4704354
5.46128082275  4701444
5.48724293709  4695334
5.51238393784  4679982
5.53324484825  4677206
5.55469298363  4675762
5.57753992081  4658998
5.60304999352  4658418
5.62743496895  4644676
5.65212702751  4643607
5.67343783379  4642595
5.69615387917  4638848
5.71835303307  4636451
5.74087095261  4634685
5.76819896698  4629020
5.79420900345  4628574
5.82327890396  4627453
5.84547400475  4570308
5.86804795265  4563425
5.89034700394  4561350
5.9168639183  4561054
5.93807888031  4559753
5.96137595177  4528350
5.98680996895  4525104
6.01019191742  4522630
6.0362739563  4521639
6.06256890297  4521235
6.09572696686  4518579
6.11918592453  4508797
6.15222883224  4508268
6.18218302727  4505361
6.20716500282  4498831
6.2332508564  4493199
6.25435495377  4483610
6.27723288536  4483464
6.30064296722  4480573
6.33430290222  4480431
6.37881994247  4480079
6.40188503265  4472195
6.42120194435  4472180
6.44102501869  4471032
6.46519398689  4462044
6.48654103279  4459391
6.50930690765  4457288
6.53608083725  4457034
6.55996489525  4455166
6.67954492569  4453884
6.83851194382  4449098
6.87750196457  4448786
6.98273396492  4448778
7.14430499077  4388537
7.14502191544  4387821
7.14535498619  4387006
7.14586281776  4384581
7.30201101303  4370543
7.45307993889  4367893
7.45369195938  4365581
7.54844498634  4364783
7.58663582802  4364483
7.62500882149  4364223
7.78542089462  4362378
7.95518493652  4358214
8.15389180183  4351131
8.15459084511  4350368
8.15488481522  4347577
8.19317793846  4347509
8.3896009922  4328386
8.3903260231  4327181
8.41015386581  4326589
8.44952702522  4326185
8.50747084618  4324669
8.52669787407  4323986
8.61942982674  4323003
8.71857190132  4322973
8.80693483353  4322613
8.99175095558  4313251
9.18114900589  4313057
9.35082292557  4311248
9.53415203094  4305100
9.73730397224  4302937
9.94769382477  4301540
10.1798429489  4298205
