0.0369050502777  6761048
0.0373160839081  6752692
0.0378079414368  6744801
0.0379490852356  6734733
0.0384879112244  6729057
0.038624048233  6722757
0.0395469665527  6721053
0.0397620201111  6712597
0.0408399105072  6711888
0.0415658950806  6709857
0.0420939922333  6688500
0.0431730747223  6684155
0.044725894928  6684067
0.0459620952606  6683132
0.046098947525  6681477
0.0477628707886  6679892
0.0493910312653  6677587
0.0496070384979  6666629
0.0497438907623  6666535
0.0513660907745  6663795
0.0532999038696  6662739
0.0534369945526  6658560
0.0537300109863  6657802
0.0539429187775  6651111
0.0543920993805  6625632
0.0545279979706  6624285
0.0564620494843  6616722
0.0585560798645  6614587
0.05908203125  6598768
0.0595290660858  6598329
0.0596659183502  6597946
0.0617799758911  6596493
0.0634009838104  6596423
0.0635368824005  6574614
0.0643749237061  6574053
0.0650119781494  6558431
0.0663759708405  6555230
0.0678629875183  6553383
0.0694880485535  6551941
0.0720529556274  6549839
0.0725219249725  6548948
0.0732049942017  6548887
0.0733408927917  6548585
0.0735559463501  6547653
0.0739259719849  6545743
0.074061870575  6544637
0.0749790668488  6542608
0.0751950740814  6542491
0.0754868984222  6540069
0.0778980255127  6539809
0.0798349380493  6534942
0.079971075058  6533458
0.0804169178009  6530179
0.0833079814911  6522017
0.0836009979248  6520244
0.0868148803711  6517923
0.0869650840759  6492906
0.0871789455414  6479690
0.0874719619751  6467819
0.0882120132446  6466531
0.0884239673615  6441044
0.092474937439  6432349
0.0928540229797  6432235
0.0964870452881  6431783
0.0966250896454  6414282
0.0999159812927  6407328
0.103615999222  6406924
0.108146905899  6406001
0.108284950256  6400970
0.108500003815  6396752
0.109186887741  6395061
0.109323978424  6379648
0.109773874283  6354290
0.114502906799  6350566
0.114795923233  6348855
0.120188951492  6348723
0.120877027512  6340226
0.121012926102  6335827
0.121304988861  6334093
0.126667022705  6332398
0.132618904114  6330692
0.132755994797  6327320
0.133363962173  6326286
0.139391899109  6324978
0.139528989792  6320401
0.145884990692  6318288
0.146334886551  6316573
0.153817892075  6316113
0.153954982758  6288600
0.154641866684  6286434
0.154778003693  6284982
0.155148983002  6284698
0.155441999435  6273842
0.156383037567  6273511
0.156518936157  6272568
0.15704703331  6271299
0.157418012619  6269073
0.158336877823  6264159
0.159415960312  6260996
0.166986942291  6258754
0.167124032974  6257643
0.167339086533  6240741
0.175401926041  6239024
0.175785064697  6238924
0.17609000206  6237825
0.176227092743  6235704
0.176676034927  6233632
0.184751987457  6231573
0.18488907814  6203182
0.193674087524  6201592
0.193888902664  6194369
0.202267885208  6192158
0.202404975891  6192078
0.202620983124  6163945
0.212193965912  6163875
0.212332010269  6161293
0.212781906128  6156398
0.212918996811  6148863
0.213999032974  6148691
0.214369058609  6146900
0.214818954468  6138116
0.214955091476  6135169
0.224598884583  6132981
0.224735975266  6119528
0.235063076019  6118344
0.235279083252  6114203
0.235650062561  6103059
0.235786914825  6102491
0.236393928528  6091134
0.236530065536  6072774
0.236824035645  6069492
0.238687992096  6064397
0.239867925644  6064162
0.250328063965  6062002
0.250464916229  6061248
0.261168003082  6059910
0.271879911423  6058094
0.272017002106  6056949
0.28294801712  6055133
0.283163070679  5925775
0.294631958008  5924688
0.29482293129  5917245
0.295201063156  5916355
0.306907892227  5915083
0.307051897049  5914797
0.307354927063  5903458
0.320219039917  5901987
0.320662021637  5901916
0.33412194252  5900890
0.335263967514  5893439
0.335587978363  5883014
0.348316907883  5882268
0.360327005386  5880939
0.360543012619  5880234
0.372695922852  5877999
0.372987985611  5873497
0.385423898697  5872340
0.385637998581  5868774
0.385773897171  5867300
0.386220932007  5861586
0.38635802269  5859034
0.400402069092  5858950
0.400544881821  5849787
0.400870084763  5846245
0.401522874832  5845115
0.401699066162  5841867
0.405087947845  5841072
0.406672000885  5838689
0.409394979477  5837579
0.423770904541  5837271
0.437879085541  5836047
0.438173055649  5833421
0.438386917114  5831882
0.442451953888  5831313
0.442744016647  5826718
0.443655967712  5826301
0.443791866302  5823932
0.444103956223  5819539
0.446889877319  5819370
0.447026968002  5797966
0.448483943939  5797256
0.452136993408  5796158
0.466116905212  5794436
0.466331958771  5789732
0.466623067856  5789391
0.466758966446  5788888
0.467051029205  5786438
0.467751026154  5783817
0.467886924744  5770237
0.468100070953  5769855
0.46839094162  5768589
0.48259305954  5766263
0.482806921005  5765553
0.497538089752  5763699
0.497675895691  5756933
0.498025894165  5738996
0.51380109787  5736987
0.513958930969  5731330
0.52907705307  5730479
0.529447078705  5721271
0.529583930969  5720855
0.529797077179  5715213
0.545816898346  5712841
0.546030044556  5711809
0.546321868896  5710885
0.562710046768  5710848
0.563001871109  5710545
0.578696012497  5708188
0.594558000565  5706579
0.595004081726  5705837
0.595371007919  5704803
0.595818996429  5683983
0.595953941345  5683381
0.613326072693  5681278
0.613539934158  5679743
0.629667043686  5678778
0.629802942276  5677178
0.646770000458  5676950
0.646907091141  5642469
0.663228034973  5640996
0.663363933563  5639931
0.664510965347  5639238
0.66464805603  5638787
0.664860963821  5637518
0.664998054504  5635921
0.665752887726  5635614
0.666043996811  5581809
0.666413068771  5524422
0.666548967361  5508784
0.667073011398  5505137
0.668296098709  5500402
0.669831991196  5499465
0.671133041382  5499459
0.671268939972  5493451
0.672648906708  5493089
0.672785043716  5492944
0.68927192688  5491019
0.689409017563  5468044
0.706911087036  5466373
0.707288980484  5464346
0.707426071167  5464140
0.724786996841  5462649
0.724924087524  5440831
0.727040052414  5439285
0.727253913879  5437945
0.727545022964  5435849
0.728172063828  5434058
0.728930950165  5431004
0.729145050049  5430494
0.730763912201  5428836
0.748096942902  5427385
0.748234987259  5427233
0.766201019287  5425417
0.785085916519  5424874
0.804404973984  5424052
0.824002027512  5422405
0.843137025833  5420241
0.862063884735  5400869
0.881161928177  5400702
0.900214910507  5397989
0.920095920563  5393029
0.951644897461  5393020
0.970489025116  5386436
0.990681886673  5383493
1.00970506668  5383479
1.03463506699  5382555
1.05354094505  5382425
1.07247400284  5372853
1.10465693474  5371362
1.14183187485  5370920
1.16086792946  5370457
1.19795894623  5367849
1.21709799767  5354605
1.23632788658  5354522
1.25522398949  5353314
1.29263186455  5352637
1.31447291374  5351446
1.33901906013  5350250
1.36193203926  5349055
1.38213801384  5349052
1.40340805054  5348967
1.44128608704  5348590
1.49743199348  5343617
1.55492591858  5331752
1.61219096184  5328733
1.67581105232  5328531
1.7344930172  5289351
1.79357790947  5278680
1.85272192955  5276435
1.91095495224  5274154
1.96783900261  5247321
2.02621507645  5245732
2.09012293816  5245658
2.10992288589  5245452
2.12889194489  5239616
2.16299009323  5238567
2.18291902542  5216560
2.20263504982  5208324
2.22167491913  5206566
2.24146389961  5204441
2.2609629631  5201509
2.28025507927  5201413
2.29992008209  5197305
2.33100891113  5197186
2.35334897041  5194668
2.38395309448  5194173
2.40284490585  5192147
2.43089795113  5191194
2.45051407814  5191042
2.4694070816  5190790
2.48921298981  5188815
2.51698994637  5180873
2.54710006714  5180223
2.57537508011  5180219
2.60035395622  5177170
2.63778495789  5177091
2.69776105881  5176889
2.74228787422  5176147
2.78093504906  5175004
2.78107595444  5174943
2.78152704239  5174443
2.7818210125  5174228
2.78262400627  5170927
2.7830080986  5169798
2.82665586472  5167236
2.86843395233  5164763
2.90796303749  5150234
2.94691991806  5148078
2.94705796242  5147845
2.98014688492  5147622
2.99330186844  5147043
3.00812005997  5145639
3.00926995277  5145477
3.01050209999  5144931
3.04470801353  5143643
3.07134199142  5140326
3.09661388397  5138261
3.11642599106  5135141
3.15063905716  5133685
3.204611063  5133434
3.25785899162  5133173
3.31490087509  5132714
3.37362003326  5132521
3.43036389351  5126336
3.50662493706  5126197
3.5802628994  5125921
3.6365609169  5119628
3.69435286522  5116247
3.75099205971  5097657
3.75120687485  5097115
3.76867604256  5096753
3.78648400307  5096167
3.80589795113  5065023
3.82502198219  5032133
3.84396505356  5025670
3.8634428978  5018411
3.88298797607  4963569
3.9037270546  4940026
3.92269587517  4931527
3.9420170784  4926535
3.97784900665  4926434
3.9979789257  4925695
4.01673388481  4924889
4.03577494621  4924360
4.05467796326  4918320
4.07409286499  4911398
4.09417700768  4910892
4.1139190197  4907804
4.13892889023  4907755
4.16360998154  4905748
4.19797086716  4905372
4.21675801277  4904966
4.3111679554  4903767
4.40679693222  4890905
4.50127196312  4887244
4.59479308128  4869993
4.65175700188  4869344
4.746104002  4865169
4.76497197151  4864245
4.86265087128  4848768
4.88156700134  4848547
4.9199719429  4848386
5.01407790184  4831728
5.10813593864  4829842
5.20316004753  4828417
5.24102091789  4827769
5.33518695831  4793206
5.43057203293  4775264
5.52572488785  4775184
5.58291602135  4775068
5.67716097832  4770026
5.77154397964  4760103
5.82826209068  4759871
5.92187690735  4747467
5.9597389698  4747206
6.05468201637  4746945
6.09234189987  4746229
6.1871778965  4746142
6.2433218956  4746001
6.33964896202  4745619
6.39678001404  4745223
6.49196600914  4745207
6.58715486526  4728680
6.70004796982  4724447
6.81224489212  4721096
6.92477798462  4719044
7.03773498535  4718982
7.15079092979  4718799
7.2822329998  4711452
7.41355204582  4704911
7.54432296753  4704722
7.68396306038  4703541
7.82757806778  4701413
7.97796392441  4697920
8.13256406784  4695663
8.28198599815  4690482
8.4374089241  4689977
8.4568169117  4688567
8.49394893646  4687822
8.51756596565  4687587
8.55564498901  4687290
8.59406399727  4686810
8.61315202713  4686782
8.63228201866  4686779
8.6511759758  4685644
8.76379799843  4683550
8.78292703629  4683225
8.80544710159  4682672
8.84129309654  4682567
8.87958192825  4682114
8.92345094681  4681895
8.96579194069  4681270
9.00923490524  4680998
9.05226588249  4680552
9.10991287231  4679502
9.15518188477  4678589
9.20370388031  4677645
9.25832796097  4677279
9.31505489349  4676915
9.3540968895  4676003
9.50825309753  4675933
9.66374087334  4675604
9.68293190002  4674227
9.85184788704  4674001
9.88004994392  4673649
10.0112810135  4673616
