0.0422489643097  6922268
0.0426180362701  6920927
0.0436658859253  6916840
0.0440969467163  6912871
0.0444350242615  6911847
0.0449690818787  6883466
0.0451068878174  6880869
0.04532289505  6879812
0.0462520122528  6878997
0.0463910102844  6877881
0.0484619140625  6877306
0.0485999584198  6844059
0.048896074295  6841539
0.0492699146271  6830040
0.0498011112213  6826029
0.0505740642548  6822041
0.0520420074463  6819544
0.0523779392242  6816122
0.0549640655518  6815315
0.0551960468292  6811239
0.0559289455414  6798368
0.0565140247345  6795309
0.0602469444275  6791128
0.0606620311737  6779300
0.0608808994293  6777543
0.0640230178833  6776307
0.0665860176086  6775543
0.0694890022278  6769690
0.0699200630188  6767931
0.0731370449066  6767869
0.076721906662  6767056
0.0768859386444  6747678
0.081346988678  6745668
0.0814869403839  6744238
0.0822610855103  6744206
0.0869688987732  6743249
0.0919260978699  6742448
0.0920660495758  6736810
0.092297077179  6734945
0.0926299095154  6698033
0.0973699092865  6692860
0.100387096405  6691366
0.104356050491  6690956
0.104971885681  6690699
0.10568189621  6690328
0.109616041183  6688814
0.115176916122  6688793
0.115396022797  6672609
0.115690946579  6672561
0.115828990936  6599542
0.116204023361  6597377
0.121553897858  6596907
0.127018928528  6596585
0.127178907394  6596397
0.127526044846  6588545
0.132970094681  6587889
0.138994932175  6587729
0.139134883881  6586765
0.139352083206  6571630
0.139903068542  6566338
0.145917892456  6566289
0.151849985123  6565183
0.152101993561  6564888
0.152271986008  6564422
0.162144899368  6564111
0.162349939346  6559934
0.162925004959  6559851
0.169917106628  6559049
0.170063972473  6558847
0.176520109177  6558105
0.183440923691  6557887
0.183628082275  6557288
0.189758062363  6557201
0.197946071625  6556146
0.204994916916  6555113
0.205617904663  6553250
0.205758094788  6553227
0.205976009369  6547854
0.213148117065  6546732
0.220166921616  6545524
0.220861911774  6545356
0.221395969391  6545006
0.228391885757  6544405
0.236833095551  6544279
0.237687110901  6541938
0.237984895706  6541786
0.238362073898  6535540
0.24617600441  6534798
0.254955053329  6533840
0.256865024567  6533833
0.257208108902  6533294
0.25892996788  6531658
0.268596887589  6531326
0.26893901825  6529402
0.271394968033  6529172
0.27153801918  6528644
0.272083997726  6525025
0.272749900818  6480816
0.273065090179  6479502
0.27401804924  6473635
0.276043891907  6473168
0.285023927689  6472234
0.296260118484  6471663
0.296471118927  6341960
0.307751893997  6340953
0.308049917221  6334447
0.308502912521  6332562
0.309195041656  6331537
0.309492111206  6328248
0.310259103775  6326400
0.310396909714  6289392
0.311638116837  6287147
0.321741104126  6286150
0.321881055832  6191462
0.332981109619  6190543
0.333513021469  6189546
0.344954013824  6188999
0.345251083374  6178570
0.346018075943  6177188
0.35860991478  6176741
0.358747959137  6174946
0.371611118317  6174369
0.371771097183  6173738
0.385104894638  6172530
0.385322093964  6165824
0.385852098465  6164421
0.403352022171  6163496
0.403548955917  6162682
0.422481060028  6161649
0.422658920288  6156787
0.422924995422  6154236
0.423382997513  6145613
0.423940896988  6142736
0.424302101135  6141014
0.424568891525  6138308
0.42528796196  6122177
0.425440073013  6118656
0.42567896843  6118553
0.427160024643  6114416
0.428363084793  6114137
0.429584026337  6107795
0.430041074753  6100529
0.430180072784  6088215
0.430771112442  6075331
0.430918931961  6073673
0.432090044022  6070823
0.433339118958  6069378
0.43491101265  6065511
0.435303926468  6061489
0.43546795845  6054244
0.437037944794  6050763
0.438365936279  6048387
0.44001698494  6042635
0.440155029297  6042135
0.440532922745  6038718
0.442410945892  6036775
0.458168029785  6036463
0.459182024002  6034938
0.459583044052  6034547
0.459811925888  5961383
0.459949970245  5959956
0.460406064987  5959591
0.460941076279  5958322
0.474260091782  5957512
0.474400997162  5881042
0.475254058838  5879216
0.476427078247  5878888
0.477704048157  5876270
0.491035938263  5876055
0.506745100021  5874464
0.52251791954  5874005
0.522659063339  5861980
0.538973093033  5861765
0.540707111359  5855364
0.542041063309  5854146
0.558332920074  5853708
0.575643062592  5853155
0.578964948654  5852531
0.58100605011  5842276
0.599879980087  5842265
0.618242025375  5841512
0.618381023407  5839770
0.618597984314  5838437
0.618894100189  5836779
0.621167898178  5809572
0.621305942535  5790451
0.623034000397  5785557
0.640825986862  5784740
0.640965938568  5775648
0.658866882324  5774707
0.659481048584  5767789
0.678611040115  5767518
0.678749084473  5751834
0.679394006729  5750579
0.698189973831  5750334
0.698329925537  5749884
0.69854593277  5747600
0.724188089371  5736257
0.746012926102  5733474
0.767697095871  5730996
0.791469097137  5724487
0.814515113831  5722584
0.836211919785  5721336
0.858169078827  5718643
0.878349065781  5715562
0.89836192131  5714092
0.92129611969  5711148
0.944304943085  5707859
0.96741104126  5704922
0.987787008286  5702555
1.00781798363  5701306
1.03262710571  5698220
1.053139925  5695460
1.07263898849  5658985
1.09252905846  5655535
1.11763691902  5655399
1.13778495789  5648068
1.15734100342  5648048
1.17671704292  5646121
1.20089101791  5642824
1.22123408318  5640824
1.24205303192  5624299
1.26213693619  5623896
1.28188490868  5623035
1.32046604156  5623031
1.3395819664  5620837
1.35905599594  5618310
1.37896490097  5618158
1.39866399765  5615450
1.41824603081  5614646
1.43844103813  5614643
1.46680998802  5614155
1.50500202179  5605934
1.54320597649  5605654
1.58159899712  5605421
1.61960506439  5603793
1.65803289413  5598768
1.69650006294  5596159
1.73519396782  5591978
1.7778069973  5591966
1.77794599533  5591890
1.78526902199  5591581
1.78811693192  5591271
1.78919696808  5588589
1.78949308395  5588241
1.78994488716  5504958
1.79696702957  5504783
1.80540704727  5504551
1.80617403984  5504529
1.80631089211  5493493
1.80715799332  5492339
1.80842208862  5491945
1.84851098061  5484121
1.89584493637  5480674
1.94244408607  5480458
1.98803901672  5480371
2.02621006966  5480341
2.06476092339  5480166
2.10302996635  5479371
2.14147400856  5475266
2.18118596077  5475022
2.21964502335  5466136
2.25941801071  5465913
2.29765892029  5465644
2.33586406708  5462227
2.37533593178  5462131
2.41358590126  5450648
2.45229911804  5443499
2.49097895622  5442111
2.52973389626  5438214
2.56849908829  5422272
2.60670900345  5416462
2.64539003372  5410717
2.68485999107  5406020
2.72429800034  5403538
2.76777410507  5401679
2.8090929985  5400187
2.84749889374  5400135
2.89719605446  5399592
2.93558597565  5395708
2.97594690323  5395528
3.01470208168  5392709
3.05860900879  5390682
3.09754490852  5389799
3.13625311852  5389307
3.17511510849  5386863
3.21497297287  5381931
3.253895998  5380944
3.29273700714  5379565
3.34231591225  5379547
3.39914107323  5379027
3.42400598526  5379000
3.44379997253  5378755
3.46869707108  5377786
3.51262903214  5375605
3.570540905  5375321
3.63361907005  5375055
3.69587111473  5374244
3.75786304474  5373769
3.81494188309  5338693
3.87284708023  5331708
3.93219709396  5331660
3.99075102806  5330718
4.0532310009  5329736
4.12911510468  5329690
4.16730189323  5329472
4.26321411133  5323364
4.32716798782  5322049
4.42860388756  5317743
4.52507209778  5317346
4.62208509445  5316996
4.72178602219  5309459
4.72216510773  5309457
4.72246098518  5309368
4.72283411026  5309153
4.74344611168  5308345
4.74484491348  5307684
4.74513888359  5305166
4.74527692795  5304504
4.74549293518  5304317
4.74586701393  5295792
4.7460269928  5293520
4.74661898613  5277497
4.74793791771  5277132
4.75727295876  5276858
4.81492805481  5269049
4.87297201157  5268119
4.93492007256  5215512
4.99392104149  5214032
5.05242300034  5138555
5.11042094231  5136985
5.16928911209  5134184
5.22817492485  5123954
5.29652404785  5122677
5.35953807831  5112087
5.42705893517  5109955
5.49281907082  5043479
5.55184006691  5035355
5.61408400536  4982462
5.67266392708  4978982
5.73070693016  4978895
5.79908704758  4978719
5.85843396187  4976800
5.87775611877  4976776
5.94223093987  4976577
5.94245290756  4976382
6.00248908997  4974846
6.06390309334  4973915
6.06412291527  4973588
6.08343100548  4972582
6.14259195328  4966937
6.20078492165  4963079
6.22006297112  4963055
6.28074288368  4961947
6.28096199036  4961646
6.33870196342  4950286
6.39659404755  4947812
6.45532488823  4931819
6.51488494873  4927653
6.51510310173  4927329
6.534471035  4927195
6.59850597382  4927108
6.65665698051  4874805
6.71869111061  4865830
6.71891188622  4865572
6.71905088425  4865423
6.77708506584  4859737
6.84240198135  4859512
6.99610900879  4859066
7.15539193153  4859022
7.3139359951  4858793
7.47709393501  4858439
7.63183403015  4851040
7.79764890671  4850005
8.0028090477  4849752
8.19572901726  4837236
8.27266907692  4836338
8.35902810097  4835811
8.45541191101  4835780
8.53233909607  4835315
8.63666510582  4834836
8.78146004677  4834824
8.93384504318  4832748
9.09249305725  4832278
9.24562001228  4827409
9.40795707703  4826613
9.5221619606  4826140
9.75110411644  4825895
9.95861911774  4825777
10.1498711109  4819942
