0.0365250110626  6928472
0.0368919372559  6908838
0.0373268127441  6905484
0.0374639034271  6899441
0.0380728244781  6895625
0.0382099151611  6889344
0.0396239757538  6886446
0.0397608280182  6885184
0.0399968624115  6882942
0.0403687953949  6876051
0.0406608581543  6869243
0.0407979488373  6868642
0.0411698818207  6863930
0.0413069725037  6855017
0.0419948101044  6851798
0.042142868042  6850988
0.0428178310394  6850218
0.0431900024414  6847391
0.0434188842773  6772029
0.0435597896576  6771119
0.0443909168243  6753944
0.0454018115997  6748610
0.0455389022827  6741391
0.0457539558411  6739359
0.0461249351501  6667556
0.0463409423828  6659680
0.0481238365173  6637609
0.0484249591827  6633929
0.0510189533234  6633579
0.0511569976807  6627684
0.0516879558563  6620018
0.0518369674683  6609975
0.0521879196167  6609500
0.0524318218231  6602049
0.0533018112183  6596827
0.0535459518433  6596821
0.0538787841797  6596013
0.0560219287872  6595088
0.0584127902985  6592346
0.06121301651  6587314
0.0641849040985  6584730
0.0644018650055  6582269
0.0645399093628  6580327
0.0648338794708  6579509
0.0649719238281  6577728
0.0681219100952  6573841
0.0685048103333  6568434
0.0687229633331  6567603
0.072203874588  6567567
0.072420835495  6559786
0.0725588798523  6558293
0.0758028030396  6555139
0.0793759822845  6554271
0.0795149803162  6552701
0.0828168392181  6548197
0.0868937969208  6545065
0.0870509147644  6530719
0.087287902832  6510885
0.0875818729401  6505530
0.087718963623  6492531
0.0880899429321  6469714
0.0885508060455  6426583
0.0887768268585  6426106
0.0889129638672  6415418
0.0895187854767  6400812
0.0935668945312  6395527
0.0937418937683  6394934
0.0980639457703  6392435
0.0982789993286  6389745
0.098415851593  6388576
0.0986549854279  6388435
0.0990259647369  6385038
0.0998668670654  6375133
0.103729009628  6365178
0.103890895844  6361862
0.106348991394  6361597
0.109041929245  6361020
0.109179973602  6360139
0.109524011612  6358505
0.113588809967  6358291
0.114511966705  6347602
0.115666866302  6345950
0.116038799286  6341064
0.116175889969  6340666
0.118176937103  6339940
0.123740911484  6339286
0.123955965042  6335340
0.124410867691  6335164
0.126753807068  6334085
0.129419803619  6333064
0.133620977402  6330540
0.137910842896  6330271
0.138048887253  6325329
0.14213681221  6324988
0.146461963654  6324154
0.150642871857  6323640
0.150780916214  6321066
0.155382871628  6319442
0.155520915985  6319239
0.157272815704  6312640
0.157410860062  6304300
0.157861948013  6303185
0.15839099884  6302517
0.159331798553  6298038
0.160444974899  6297914
0.160660982132  6284226
0.161738872528  6282193
0.163149833679  6282051
0.16344499588  6281669
0.165000915527  6279860
0.16660785675  6276084
0.171437978745  6272370
0.171887874603  6271656
0.177663803101  6271387
0.177953004837  6269548
0.18475985527  6268086
0.185668945312  6252424
0.189057826996  6251661
0.191904783249  6251065
0.193955898285  6250008
0.194205999374  6195581
0.195569992065  6192351
0.196101903915  6190609
0.196475982666  6182181
0.197162866592  6148623
0.197299957275  6140958
0.202219009399  6121634
0.202591896057  6120979
0.203045845032  6119985
0.208077907562  6116929
0.208452939987  6111243
0.208590984344  6111085
0.20880484581  6104464
0.214357852936  6103482
0.219586849213  6103355
0.21972489357  6097963
0.219939947128  6095645
0.221132993698  6082722
0.221269845963  6080606
0.221796989441  6062811
0.222400903702  6058077
0.222537994385  6056610
0.223451852798  6026035
0.229604959488  6006760
0.236852884293  6005425
0.237020969391  6000970
0.237662792206  6000541
0.238402843475  5999626
0.239241838455  5997274
0.245601892471  5997215
0.245740890503  5997052
0.245955944061  5996149
0.252379894257  5993746
0.252517938614  5992739
0.252733945847  5992689
0.253027915955  5981762
0.260542869568  5979706
0.260681867599  5977620
0.261366844177  5975725
0.261504888535  5968996
0.261720895767  5964770
0.26201581955  5953481
0.262465953827  5949103
0.262623786926  5944781
0.262917995453  5924868
0.263054847717  5921778
0.266665935516  5908926
0.268598794937  5907758
0.270911931992  5907088
0.273412942886  5906897
0.281911849976  5905063
0.282144784927  5901144
0.290354013443  5898277
0.290599822998  5897403
0.290756940842  5891983
0.29105091095  5889815
0.299263954163  5886824
0.299402952194  5855553
0.309103012085  5855088
0.309242010117  5847831
0.309577941895  5833715
0.310184955597  5831504
0.310321807861  5830015
0.310537815094  5818074
0.310908794403  5811425
0.315752983093  5794741
0.315889835358  5794720
0.316573858261  5790471
0.326349973679  5789496
0.326565980911  5788926
0.337355852127  5788834
0.337493896484  5787361
0.34809589386  5786481
0.348390817642  5781627
0.348762989044  5733332
0.348900794983  5731890
0.34942984581  5726691
0.350035905838  5703660
0.350876808167  5703094
0.351014852524  5689274
0.361622810364  5688139
0.372392892838  5687401
0.372530937195  5679987
0.38341999054  5677402
0.383557796478  5674574
0.383850812912  5673734
0.383987903595  5672433
0.395076990128  5671733
0.395213842392  5661156
0.407286882401  5658940
0.407503843307  5616390
0.407797813416  5609753
0.408247947693  5601644
0.408384799957  5594607
0.408599853516  5590524
0.408736944199  5589715
0.409446954727  5587211
0.41054391861  5584664
0.423106908798  5582337
0.436168909073  5582223
0.436430931091  5574658
0.436787843704  5570959
0.437335968018  5568395
0.437597990036  5562670
0.43860578537  5557733
0.43963098526  5555534
0.440830945969  5551147
0.440967798233  5549924
0.454138994217  5549592
0.455216884613  5545367
0.468303918839  5543567
0.481700897217  5540804
0.481916904449  5538675
0.495410919189  5537874
0.495548963547  5535741
0.49584197998  5534873
0.509658813477  5534507
0.509796857834  5533365
0.510012865067  5532253
0.51038479805  5529525
0.52468585968  5526971
0.539878845215  5523494
0.540017843246  5515102
0.540311813354  5510180
0.556942939758  5510026
0.557315826416  5502615
0.557451963425  5502612
0.557900905609  5502602
0.558661937714  5502535
0.558799982071  5441619
0.55960392952  5439392
0.56059885025  5433632
0.562558889389  5433401
0.562696933746  5429092
0.563300848007  5418670
0.564061880112  5414693
0.56490278244  5411499
0.5651948452  5395404
0.565723896027  5364290
0.566172838211  5362090
0.56819486618  5347425
0.570448875427  5346993
0.570820808411  5336065
0.570977926254  5335756
0.571192979813  5331990
0.571484804153  5330888
0.571699857712  5320420
0.57657790184  5320392
0.576871871948  5319247
0.577344894409  5317718
0.577480792999  5316269
0.578397989273  5315616
0.578691959381  5313404
0.578828811646  5241735
0.579746007919  5233339
0.58074092865  5231908
0.581837892532  5228077
0.582052946091  5227492
0.584326982498  5221411
0.587178945541  5221140
0.590292930603  5220309
0.608269929886  5218944
0.608417987823  5215587
0.626684904099  5212805
0.626930952072  5206035
0.627627849579  5205655
0.62792301178  5202186
0.628062009811  5194574
0.629377841949  5193223
0.629603862762  5192676
0.62974190712  5192368
0.630878925323  5192058
0.652513980865  5190378
0.652673959732  5186307
0.652918815613  5186187
0.653074979782  5184385
0.653406858444  5181402
0.654314994812  5173315
0.65484380722  5170534
0.655628919601  5168613
0.655921936035  5159789
0.656861782074  5141181
0.656999826431  5135373
0.658468961716  5133383
0.658607006073  5131005
0.659077882767  5129971
0.679193973541  5128497
0.700577974319  5128269
0.720858812332  5128008
0.740959882736  5118337
0.762404918671  5116812
0.781992912292  5116343
0.801566839218  5096948
0.825168848038  5095468
0.847270011902  5090681
0.874367952347  5090146
0.896060943604  5088639
0.915157794952  5080870
0.935226917267  5079568
0.956604957581  5075439
0.980399847031  5073182
1.00073385239  5065793
1.02126383781  5063339
1.04064798355  5061087
1.06163692474  5045623
1.08132100105  5042593
1.10186195374  5034467
1.12279486656  5031729
1.16314482689  5031594
1.18346095085  5018516
1.20573997498  5007426
1.22569394112  5003915
1.26402878761  5001900
1.30170488358  4990916
1.33949398994  4987436
1.37792491913  4983667
1.41593194008  4981072
1.45361995697  4979628
1.49229097366  4978053
1.53169989586  4972657
1.57220101357  4972402
1.62873387337  4952685
1.68538689613  4951638
1.7436709404  4947599
1.80296087265  4939860
1.85940790176  4919637
1.91654682159  4918283
1.97604179382  4918225
2.03483390808  4917848
2.09193682671  4899063
2.14857292175  4887195
2.20623898506  4883697
2.26302981377  4879181
2.32119679451  4868025
2.37901997566  4830682
2.43588781357  4829914
2.49310183525  4813045
2.55020999908  4811049
2.61007881165  4797622
2.67100787163  4797418
2.72770285606  4797246
2.78407597542  4790073
2.84114480019  4776328
2.89878582954  4752345
2.95970392227  4750429
3.03010678291  4749764
3.0613079071  4749215
3.08090496063  4741105
3.10847401619  4740223
3.12852883339  4738776
3.16761994362  4738394
3.2073469162  4738386
3.25749588013  4737294
3.30928182602  4736882
3.34853196144  4735078
3.38882994652  4733381
3.42808294296  4732602
3.46774792671  4727931
3.50864386559  4726463
3.55410480499  4725622
3.59407091141  4721992
3.63411879539  4699753
3.68004584312  4697825
3.68018388748  4696911
3.73845100403  4696480
3.79580283165  4695445
3.86133980751  4695287
3.86155581474  4693701
3.86902499199  4689852
3.88388490677  4689474
3.88480687141  4685585
3.88580679893  4683484
3.88688492775  4683272
3.88997292519  4682509
3.89011001587  4682238
3.89040398598  4682011
3.89775395393  4679590
3.93956780434  4557081
3.99785089493  4555487
4.05504894257  4552189
4.11524701118  4543637
4.17613601685  4539402
4.23414897919  4538937
4.29227590561  4538892
4.35186195374  4538530
4.41018986702  4534857
4.46939301491  4532746
4.49006700516  4531926
4.51123189926  4530393
4.53149080276  4528717
4.57009196281  4527873
4.649132967  4527511
4.72663784027  4526770
4.81095600128  4524389
4.92490100861  4523043
5.08786797523  4522758
5.11926484108  4521762
5.13126397133  4521584
5.14355683327  4521271
5.14375495911  4521167
5.15633487701  4521014
5.15679979324  4519327
5.15955901146  4519260
5.17154979706  4514711
5.18673086166  4514243
5.18694782257  4513621
5.20563578606  4513571
5.20577383041  4512772
5.2066988945  4512699
5.20754480362  4512202
5.20848894119  4510688
5.22738599777  4509784
5.2466468811  4509755
5.26690578461  4509732
5.28666996956  4508588
5.32426595688  4508271
5.34328579903  4508233
5.36356592178  4502182
5.38263988495  4501485
5.40318083763  4500993
5.42415380478  4498527
5.46211099625  4498197
5.48127484322  4497989
5.50037693977  4497856
5.58368897438  4488316
5.6042599678  4488168
5.60456585884  4487940
5.68054485321  4461426
5.75573682785  4457141
5.83113884926  4455566
5.9067440033  4454732
5.98266601562  4451894
6.05797696114  4450290
6.05827093124  4450183
6.07772183418  4448956
6.15276885033  4407725
6.22979283333  4399896
6.30525493622  4398756
6.38072180748  4398099
6.45624899864  4397619
6.53249597549  4393341
6.60820579529  4393256
6.68366098404  4392939
6.75897192955  4392521
6.84514594078  4391711
6.92465186119  4389905
7.01134681702  4389788
7.08625483513  4336736
7.16267180443  4335404
7.23766589165  4255215
7.31358194351  4251653
7.388463974  4225003
7.46404194832  4211951
7.53954195976  4204325
7.61610078812  4200807
7.69105195999  4200026
7.77340292931  4199157
7.86015582085  4198737
7.94259285927  4198126
8.01963496208  4197210
8.09806084633  4196073
8.17591691017  4195604
8.26313495636  4195568
8.35018491745  4192169
8.43965792656  4191135
8.54146289825  4187517
8.6552259922  4187452
8.76529383659  4186199
8.8931658268  4185510
9.02390193939  4184925
9.1586329937  4183742
9.27260184288  4182548
9.39356589317  4167317
9.50680184364  4166383
9.63040995598  4164541
9.77654695511  4164057
9.92146897316  4164007
10.0677659512  4163957
10.199326992  4161486
10.3459849358  4160256
10.4824318886  4160189
10.6135408878  4080577
10.7444519997  4079980
10.8752229214  4079884
11.0065009594  4079323
11.1558330059  4078440
11.305328846  4062093
11.4537408352  4061766
11.6038479805  4060870
11.7686829567  4060722
11.9182748795  4060639
12.0825369358  4059613
12.2473459244  4059458
12.3962409496  4059001
12.5463798046  4058486
12.6957168579  4058431
12.8443179131  4056275
12.9935309887  4044240
13.1441869736  4041562
13.2937018871  4039792
13.4469029903  4039180
13.5976538658  4034463
13.7474110126  4033773
13.8964438438  4017027
14.0454847813  4016590
14.1975889206  4015751
14.3464829922  4014258
14.5013279915  4013265
14.6525819302  4013049
14.8075919151  4012618
14.9569849968  4010731
15.108989954  4008917
15.2635748386  4008441
15.4283080101  4007001
15.5947029591  4005573
15.745844841  4005160
15.9125249386  4004701
16.0790138245  3947182
16.2468078136  3946569
16.4226629734  3944888
16.593449831  3944247
16.7819008827  3943029
16.9710769653  3941039
17.1634209156  3938600
17.3706088066  3934367
17.5795350075  3934252
17.7929217815  3934160
18.0023379326  3928773
18.2122378349  3919572
18.4193890095  3918382
18.6262388229  3916671
18.8357658386  3914295
19.0445079803  3913452
19.2528009415  3911789
19.4582970142  3910133
19.6682679653  3908679
19.8765318394  3908521
20.0940818787  3908251
20.3006358147  3901140
20.3201518059  3899781
20.3390200138  3899777
20.3603630066  3899019
20.3622658253  3898271
20.473941803  3898072
20.6228458881  3897217
20.8102729321  3895776
20.8112089634  3891101
20.8113908768  3891092
20.8118259907  3890535
20.8257598877  3890284
20.8260529041  3889543
20.8264238834  3886858
20.8331279755  3886012
20.8332648277  3885243
20.8446729183  3884441
20.8630168438  3884305
20.8633878231  3879657
20.8636038303  3878494
20.8700258732  3878406
20.8765499592  3878390
20.9017739296  3873958
21.0684499741  3873827
21.2759809494  3873666
21.478402853  3872364
21.6918778419  3872300
21.9451608658  3872117
22.158151865  3871796
22.3814828396  3871374
22.6943919659  3869954
23.0066409111  3869739
23.3581888676  3868801
23.6827938557  3865885
23.9948527813  3865056
24.3093869686  3864319
24.5325977802  3864074
24.7915430069  3863617
25.104736805  3861492
25.4548828602  3861200
25.8056468964  3859873
26.182820797  3859731
26.5659208298  3859488
26.9352798462  3859178
27.3235650063  3858049
27.7071478367  3806441
27.8397228718  3806272
27.9710748196  3806260
28.102973938  3806247
28.2364737988  3805385
28.3872280121  3804832
28.5378580093  3804758
28.7442228794  3804627
29.0039060116  3804595
29.2691118717  3803247
29.5340399742  3803066
29.7931280136  3795405
30.0542798042  3794917
30.3137478828  3742207
30.4659278393  3742198
30.6165409088  3742179
30.8232438564  3741524
30.9568059444  3740557
31.0899319649  3654953
31.318156004  3654500
31.6089618206  3653267
31.8738298416  3652822
32.3242127895  3652522
32.7964208126  3652439
33.2978768349  3651413
33.7587249279  3649147
34.2431259155  3648886
34.7207009792  3647965
35.1933219433  3647043
35.6914207935  3646897
36.2059979439  3645062
36.7283828259  3645026
37.189073801  3644871
37.6604859829  3644376
38.1390378475  3631026
38.625264883  3630110
39.0985949039  3627291
39.5757257938  3626554
40.0517759323  3617285
40.2010548115  3617262
40.3539838791  3617254
40.5052587986  3617241
40.6580708027  3616379
40.8423309326  3615826
41.0245289803  3615752
41.2798190117  3615538
41.619519949  3615430
41.9699399471  3615324
42.2349159718  3614928
42.4693379402  3614475
42.8492279053  3593054
43.0558888912  3592538
43.399782896  3592524
43.7395839691  3592219
44.1272239685  3589863
44.3971979618  3589797
44.6595950127  3589277
44.9878909588  3588926
45.3940269947  3588424
45.7752599716  3585637
46.0258049965  3584690
46.2699408531  3584409
46.5964739323  3584067
46.94171381  3583902
47.2636229992  3583449
47.6526069641  3582416
48.0644979477  3582286
48.4623208046  3580796
48.8252439499  3579709
49.1809079647  3579476
49.56259799  3578491
49.9465408325  3578383
50.311414957  3577844
50.7232549191  3577669
51.0954430103  3566265
51.4776887894  3565243
51.8501389027  3565163
52.1936798096  3564992
52.5840218067  3562439
52.9546878338  3559329
53.2974967957  3558619
53.6634809971  3557945
54.0642848015  3557334
54.4146440029  3555943
54.7755608559  3555770
55.1377999783  3555438
55.5005710125  3554279
55.9601039886  3554205
56.2905728817  3553843
56.6609148979  3553434
57.0551929474  3552862
57.4285709858  3552052
57.7914149761  3551753
58.2129209042  3551614
58.6494088173  3551564
59.0737450123  3551441
59.5143978596  3551311
59.8661599159  3551180
60.2297129631  3550212
60.7586858273  3549282
61.2729508877  3548010
61.5703158379  3546481
61.8805279732  3546221
62.1640818119  3546196
62.5098659992  3545858
62.8845038414  3545719
63.2392339706  3544713
63.5743098259  3544448
63.9264500141  3543942
64.2791068554  3543432
64.6300208569  3542468
64.9788999557  3542193
65.3766767979  3539946
65.776722908  3538588
66.1247959137  3535311
66.4775569439  3534034
66.8236839771  3452485
67.1717028618  3451308
67.5169308186  3450041
67.8694767952  3355855
68.2213900089  3336764
68.5726759434  3329450
68.9221169949  3324704
69.2773938179  3321899
69.6276519299  3320248
69.9728989601  3255665
70.3190917969  3254784
70.6676278114  3253508
71.0114409924  3245506
71.3568918705  3245406
71.7036809921  3243233
72.0487790108  3192565
72.3946487904  3190618
72.7396709919  3190202
73.084692955  3189699
73.405272007  3189615
73.6701068878  3189602
73.9278178215  3189168
74.277794838  3189120
74.692303896  3187959
75.1061480045  3187687
75.6083598137  3159863
76.118708849  3158090
76.6548168659  3157821
77.1835179329  3155768
77.6496868134  3155294
78.2331278324  3155003
78.742579937  3153897
79.2688479424  3153576
79.9304490089  3152561
80.5052549839  3151557
81.0568118095  3146068
81.5536038876  3144994
82.1346387863  3144915
82.3977348804  3144824
82.7022418976  3144165
83.2136828899  3143573
83.7644197941  3143112
84.3966598511  3142650
85.0085799694  3142566
85.7688019276  3140723
86.467995882  3140357
87.1100809574  3136800
87.7517068386  3121094
88.4103469849  3119760
89.0751619339  3117076
89.8168098927  3111273
90.49365592  3109750
91.1590650082  3108007
91.9018008709  3072325
92.0357170105  3072098
92.1759128571  3071942
92.3120758533  3071425
92.4433679581  3070590
92.5745198727  3069726
92.7119598389  3069390
92.8466157913  3068280
93.0718579292  3067891
93.7409198284  3066885
94.2395248413  3065115
94.737046957  3064277
95.2949419022  3064039
95.8491959572  3063594
96.4968709946  3062675
97.2584588528  3061383
97.9858398438  3059840
98.729074955  3059751
99.4821698666  3059254
100.266134977  3058766
