0.0412881374359  7432725
0.0415949821472  7426624
0.0421521663666  7405422
0.0422949790955  7399541
0.0424389839172  7385169
0.042582988739  7380746
0.0428640842438  7369548
0.0430591106415  7366638
0.0433621406555  7364399
0.0435011386871  7360904
0.0436360836029  7348022
0.0442290306091  7233320
0.0443789958954  7232187
0.0445170402527  7228590
0.0446519851685  7166248
0.0447881221771  7146311
0.0449321269989  7112105
0.0452191829681  7084075
0.045511007309  7074725
0.0459411144257  7074116
0.0460879802704  7054786
0.0462350845337  7043854
0.0465230941772  7030971
0.0466690063477  7019382
0.0468130111694  6978639
0.0473251342773  6949788
0.0477051734924  6894377
0.0479559898376  6890471
0.0480830669403  6885397
0.048210144043  6802685
0.0485851764679  6744529
0.048712015152  6731286
0.0488390922546  6696546
0.0490891933441  6679046
0.0493421554565  6659569
0.0495941638947  6654023
0.0497210025787  6615522
0.0499720573425  6612750
0.0503470897675  6606354
0.0504741668701  6566449
0.0528330802917  6555986
0.0531671047211  6537125
0.0545151233673  6466923
0.0553660392761  6458647
0.0556700229645  6405645
0.0558061599731  6394324
0.0559501647949  6394066
0.0562400817871  6362506
0.0563850402832  6355009
0.0568120479584  6268078
0.0579869747162  6247481
0.0581161975861  6239897
0.0582439899445  6239718
0.0583729743958  6202533
0.0589971542358  6201095
0.0591239929199  6197419
0.0594971179962  6185731
0.0596241950989  6179377
0.0600001811981  6172774
0.0602550506592  6137443
0.0607089996338  6137066
0.0609841346741  6105671
0.0611200332642  6099847
0.0612571239471  6093164
0.0614540576935  6067340
0.0620121955872  6058904
0.0625681877136  6048546
0.0637490749359  6026301
0.064257144928  6023835
0.064385175705  6017614
0.0656321048737  5983603
0.0661380290985  5977636
0.066887140274  5976683
0.0672640800476  5974562
0.0677649974823  5961124
0.0680360794067  5874179
0.0682880878448  5863138
0.068540096283  5847416
0.0690970420837  5846239
0.0695331096649  5840529
0.0707311630249  5795487
0.0712361335754  5790342
0.0723781585693  5786348
0.0726320743561  5757684
0.0737590789795  5757333
0.0741360187531  5746343
0.0747630596161  5737154
0.0752639770508  5736358
0.0753931999207  5707452
0.0766911506653  5690829
0.0770909786224  5682170
0.0775420665741  5648167
0.0778319835663  5641203
0.0782961845398  5640948
0.079971075058  5631886
0.080756187439  5613415
0.0809011459351  5612719
0.0816299915314  5605240
0.0826539993286  5598113
0.0838911533356  5584712
0.0851271152496  5548756
0.0852551460266  5544379
0.0865521430969  5504952
0.0873692035675  5504900
0.0881171226501  5437135
0.0889141559601  5426626
0.0890460014343  5423747
0.0894570350647  5422853
0.0900831222534  5420271
0.0903351306915  5401518
0.0908391475677  5379334
0.0912201404572  5354568
0.0918471813202  5354356
0.0924711227417  5354041
0.0933451652527  5353609
0.0941181182861  5347509
0.0946490764618  5342545
0.0950520038605  5336420
0.096479177475  5336350
0.096626996994  5295209
0.0970711708069  5294295
0.0982050895691  5240686
0.0984561443329  5239773
0.0993220806122  5235900
0.100066184998  5207295
0.101180076599  5191763
0.101677179337  5188446
0.102430105209  5186755
0.103290081024  5179358
0.104421138763  5155626
0.104806184769  5155236
0.104936122894  5140031
0.105189085007  5139306
0.106429100037  5135877
0.106681108475  5133680
0.10854101181  5122073
0.109950065613  5116438
0.110812187195  5084373
0.111381053925  4930019
0.114585161209  4927433
0.114858150482  4927270
0.115926027298  4920069
0.116338014603  4919002
0.116837978363  4918846
0.116991043091  4913912
0.118473052979  4810772
0.119271039963  4809284
0.119678020477  4804199
0.122151136398  4803143
0.122445106506  4798747
0.123249053955  4786672
0.124263048172  4775190
0.125281095505  4767495
0.126176118851  4764422
0.127186059952  4759090
0.127454996109  4655574
0.127593040466  4652351
0.128133058548  4556891
0.128895044327  4554946
0.129688024521  4521896
0.129945039749  4518083
0.130580186844  4500687
0.132228136063  4499357
0.132611036301  4485508
0.133744001389  4473225
0.137953996658  4472707
0.138339996338  4471601
0.139520168304  4437450
0.139651060104  4435413
0.140158176422  4408223
0.14041519165  4405499
0.14231801033  4403000
0.142448186874  4399400
0.143586158752  4395088
0.148406982422  4395035
0.148920059204  4392787
0.149336099625  4358288
0.151370048523  4354591
0.151643037796  4302629
0.151780128479  4289295
0.155753135681  4287684
0.156893014908  4284857
0.158408164978  4232515
0.159418106079  4232207
0.15967297554  4223665
0.161038160324  4221327
0.161177158356  4219638
0.161449193954  4218529
0.161586999893  4208057
0.162491083145  4198306
0.163001060486  4195183
0.163634061813  4194032
0.164139986038  4193181
0.165656089783  4187974
0.165912151337  4183196
0.167301177979  4180260
0.168972015381  4180147
0.170209169388  4178157
0.17131114006  4160031
0.171482086182  4158920
0.171784162521  4158397
0.174678087234  4143964
0.174811124802  4122598
0.176656007767  4118379
0.178686141968  4105293
0.179586172104  4093881
0.182955026627  4090073
0.18334197998  4080600
0.185537099838  4073165
0.186251163483  4073164
0.18919301033  4068034
0.193559169769  4065475
0.19539809227  4058722
0.195785045624  4055944
0.198189020157  4052214
0.200654983521  4051117
0.201045036316  4049626
0.20145201683  4038939
0.201829195023  4035612
0.202897071838  4031153
0.205852985382  4030225
0.207127094269  4010514
0.207257986069  3997934
0.207514047623  3972751
0.207643985748  3957833
0.21128320694  3955776
0.212187051773  3955019
0.213340997696  3954463
0.213858127594  3953468
0.215648174286  3947780
0.217920064926  3947403
0.218050003052  3901428
0.222920179367  3901146
0.223844051361  3900711
0.225183010101  3898905
0.226402044296  3898869
0.22668504715  3879049
0.226824998856  3870611
0.227365016937  3842589
0.228249073029  3840441
0.228632211685  3805894
0.23014998436  3799307
0.230658054352  3799144
0.231921195984  3798018
0.233433008194  3791982
0.233940124512  3791527
0.234982013702  3790628
0.238236188889  3786583
0.238624095917  3763235
0.239005088806  3753402
0.239637136459  3724336
0.24090218544  3717055
0.241285085678  3696967
0.241667032242  3694784
0.245110034943  3693644
0.251694202423  3692473
0.251825094223  3690563
0.25448513031  3689863
0.261457204819  3677419
0.265993118286  3673790
0.272518157959  3672548
0.282221078873  3670467
0.285700082779  3669244
0.287750005722  3668489
0.290922164917  3665754
0.292699098587  3665144
0.294601202011  3663352
0.294731140137  3662343
0.296125173569  3661698
0.296636104584  3661623
0.299180030823  3657998
0.302385091782  3652669
0.304452180862  3648787
0.307124137878  3646716
0.309939146042  3646696
0.312753200531  3618742
0.314690113068  3615048
0.316763162613  3614527
0.316894054413  3610329
0.323125123978  3605211
0.324632167816  3563864
0.326421976089  3561460
0.328086137772  3556640
0.33172917366  3547127
0.331989049911  3539866
0.334206104279  3534917
0.33860206604  3534184
0.341613054276  3508383
0.341749191284  3499567
0.343720197678  3496590
0.344645023346  3496382
0.345309019089  3495471
0.346628189087  3472000
0.350244998932  3468199
0.354933977127  3467853
0.35916519165  3466619
0.364777088165  3462347
0.36668419838  3461639
0.368175983429  3457733
0.36847615242  3457284
0.370540142059  3454107
0.370683193207  3450861
0.370820045471  3435441
0.371093034744  3434673
0.37149810791  3432450
0.373543977737  3418439
0.374735116959  3416568
0.377444982529  3413050
0.377705097198  3411225
0.378221988678  3411165
0.379362106323  3411056
0.380638122559  3390561
0.380768060684  3387323
0.380897045135  3386780
0.382039070129  3380338
0.383815050125  3366623
0.385087013245  3366320
0.388065099716  3358664
0.392364025116  3355485
0.396041154861  3355243
0.39860200882  3334914
0.399245977402  3331147
0.401544094086  3328980
0.408893108368  3313352
0.414632081985  3312950
0.416162014008  3312791
0.417679071426  3311480
0.426612138748  3310865
0.428423166275  3309731
0.429836034775  3308593
0.434000015259  3308539
0.437422037125  3306927
0.443620204926  3302910
0.447939157486  3300603
0.448369979858  3299444
0.453615188599  3294529
0.454550981522  3292022
0.457298994064  3290982
0.464987039566  3288351
0.465627193451  3283215
0.469840049744  3283192
0.475703001022  3273285
0.476353168488  3270778
0.476999044418  3270371
0.481503009796  3268782
0.482171058655  3266558
0.482439994812  3266442
0.483863115311  3264742
0.484009027481  3261779
0.489297151566  3255806
0.489692211151  3255499
0.498314142227  3241342
0.502230167389  3235769
0.508313179016  3233961
0.512770175934  3231916
0.513156175613  3225914
0.515439987183  3219857
0.519937038422  3217773
0.524607181549  3213595
0.527203083038  3213216
0.5281021595  3205564
0.532934188843  3204907
0.542199134827  3199706
0.547914028168  3198297
0.549551010132  3186410
0.552367210388  3184039
0.563991069794  3170031
0.564254045486  3107458
0.565918207169  3107186
0.569036006927  3103955
0.572556018829  3103443
0.573847055435  3102275
0.579926013947  3087713
0.581711053848  3087491
0.58273100853  3087104
0.584849119186  3084733
0.587620019913  3084195
0.59311413765  3081931
0.594746112823  3081180
0.595683097839  3074589
0.597993135452  3074323
0.6097240448  3072834
0.61014509201  3070854
0.611116170883  3070145
0.612405061722  3068540
0.618165016174  3066142
0.620297193527  3066054
0.621515035629  3065022
0.621652126312  3058015
0.622256994247  3057642
0.626414060593  3052110
0.627525091171  3051645
0.632946014404  3051502
0.636491060257  3049049
0.638081073761  3048068
0.639010190964  3046144
0.639147043228  3045341
0.641191005707  3042748
0.641964197159  3040167
0.646970033646  3037687
0.658476114273  3035130
0.660526037216  3033866
0.660938024521  3030922
0.666251182556  3028316
0.666654109955  3027395
0.667314052582  3025991
0.66837310791  3022396
0.670017004013  3020484
0.671606063843  3017711
0.681056976318  3014308
0.682787179947  2994480
0.683564186096  2990375
0.684207201004  2985255
0.686328172684  2985040
0.687707185745  2978910
0.68784403801  2973947
0.69412612915  2970464
0.697964191437  2968282
0.699747085571  2967685
0.705056190491  2965718
0.710746049881  2963929
0.712354183197  2962308
0.712615013123  2959601
0.714138031006  2956996
0.717405080795  2950632
0.729823112488  2948097
0.734214067459  2947268
0.736973047256  2925401
0.747620105743  2924140
0.749153137207  2923437
0.750545024872  2910834
0.7508020401  2910755
0.759241104126  2909482
0.766607999802  2908103
0.768530130386  2907793
0.770831108093  2907733
0.771347999573  2907206
0.777393102646  2907087
0.780372142792  2906316
0.783480167389  2905918
0.78577709198  2905837
0.786808013916  2905188
0.79660320282  2904931
0.79852104187  2903780
0.800446033478  2901889
0.80907201767  2896449
0.810625076294  2895613
0.816035032272  2894329
0.818759202957  2893599
0.827299118042  2889257
0.831979990005  2888475
0.839275121689  2888370
0.844086170197  2887083
0.858124017715  2887055
0.866365194321  2886248
0.866751194  2881798
0.87472820282  2881570
0.89275598526  2879209
0.896202087402  2878577
0.911465167999  2873868
0.922751188278  2864974
0.929176092148  2863892
0.937299013138  2862192
0.940072059631  2858408
0.942368030548  2856263
0.943729162216  2856034
0.949469089508  2842082
0.949604988098  2839455
0.951961040497  2838563
0.960908174515  2744442
0.964601993561  2743608
0.971837043762  2740301
0.977946996689  2740144
0.980926990509  2738160
0.984337091446  2737416
0.985265016556  2737216
1.00424408913  2733388
1.01366209984  2727262
1.01687717438  2727084
1.01789712906  2723081
1.02069807053  2722624
1.02238702774  2721578
1.03261804581  2718915
1.04652905464  2718213
1.05010414124  2717556
1.05480909348  2717145
1.05569505692  2716624
1.05756616592  2715372
1.07528018951  2712455
1.11009216309  2712074
1.1132171154  2711238
1.11366009712  2710663
1.11902308464  2708160
1.11929917336  2706209
1.13295507431  2703232
1.13309502602  2702109
1.13584399223  2701851
1.13675403595  2700930
1.13868999481  2700846
1.14916706085  2700600
1.15129303932  2699521
1.15956020355  2699502
1.16533708572  2696590
1.18316316605  2695694
1.18471312523  2695411
1.19530701637  2695276
1.19699215889  2694404
1.20134806633  2692758
1.22520518303  2692064
1.23696517944  2691227
1.23922514915  2691090
1.25855708122  2690182
1.25960206985  2689048
1.26039505005  2687406
1.26524710655  2687247
1.27420902252  2686479
1.27517199516  2684185
1.27965211868  2681491
1.28859615326  2680880
1.29096412659  2679629
1.29330706596  2678437
1.29564213753  2678304
1.30294513702  2678114
1.30389809608  2677018
1.30956101418  2671429
1.31121897697  2671319
1.31564307213  2669480
1.31972098351  2668201
1.32037615776  2667129
1.32167601585  2665135
1.32219600677  2663381
1.334815979  2663076
1.33496618271  2662701
1.34468817711  2660461
1.36047005653  2660323
1.36123800278  2659811
1.3719689846  2659172
1.37897610664  2658036
1.38761520386  2656184
1.38927507401  2648362
1.39282798767  2647607
1.39621520042  2646648
1.39699316025  2644860
1.3972530365  2644285
1.41400003433  2644164
1.42579913139  2643851
1.44532608986  2638663
1.44621920586  2637939
1.44882106781  2637652
1.45731210709  2635053
1.45947813988  2633056
1.46226811409  2631654
1.4862780571  2629825
1.49356412888  2628214
1.51806306839  2628035
1.52268099785  2627079
1.53017616272  2623568
1.53385615349  2623136
1.53618311882  2622521
1.5365960598  2613984
1.54860711098  2613938
1.55082321167  2610250
1.59333920479  2609980
1.60675120354  2609831
1.60991120338  2608307
1.63157320023  2605625
1.63250517845  2605394
1.6372551918  2603238
1.66141200066  2597827
1.66635918617  2597646
1.66834211349  2595783
1.67001104355  2595643
1.67239713669  2593527
1.67761516571  2592073
1.68545508385  2589828
1.68586611748  2586772
1.69052600861  2585852
1.69360518456  2584248
1.70057106018  2582576
1.70072197914  2582197
1.70167517662  2582007
1.71251511574  2578642
1.7141520977  2576844
1.72493219376  2576522
1.73286104202  2573970
1.73893618584  2571967
1.74046206474  2564524
1.74851107597  2561964
1.76115107536  2561099
1.76410913467  2559880
1.77015519142  2559712
1.77196002007  2558742
1.7863471508  2558463
1.78995704651  2557032
1.79331111908  2557030
1.79783606529  2555746
1.81782507896  2552391
1.82746005058  2552083
1.84517502785  2548039
1.85345602036  2547533
1.85518813133  2547389
1.86336398125  2547136
1.86586308479  2546767
1.87032198906  2546284
1.87605500221  2545946
1.8812110424  2540380
1.89218997955  2538875
1.91287398338  2538814
1.9141190052  2538570
1.92005419731  2537815
1.92615318298  2537160
1.93637514114  2536739
1.93943214417  2536261
1.9582631588  2534561
1.98111605644  2534147
2.00341820717  2533889
2.03828501701  2531550
2.04255414009  2531266
2.04523515701  2529832
2.05234003067  2519652
2.06016802788  2516103
2.06416702271  2514091
2.10998797417  2504353
2.11642813683  2503451
2.13824510574  2500970
2.14169001579  2500536
2.16475009918  2499696
2.16769099236  2499071
2.18138003349  2497945
2.21106719971  2497714
2.21473312378  2493976
2.21652007103  2489751
2.24814009666  2486783
2.2544271946  2482431
2.25712299347  2481865
2.27257108688  2481472
2.27654099464  2478770
2.28395104408  2478762
2.32568001747  2478725
2.3303000927  2477519
2.33285498619  2475466
2.33323812485  2475393
2.33618712425  2472460
2.36942815781  2470750
2.37250113487  2469031
2.39288806915  2467045
2.39736199379  2466298
2.41396403313  2465889
2.43205618858  2460898
2.43309116364  2460785
2.44670510292  2458841
2.45811319351  2456532
2.49340105057  2456425
2.49471020699  2453016
2.50181317329  2452582
2.50672101974  2451402
2.50821518898  2451252
2.53277206421  2449764
2.54484009743  2449354
2.57049798965  2447746
2.57831406593  2418416
2.60348916054  2417731
2.60844016075  2417338
2.60883116722  2415359
2.61893010139  2415290
2.62058210373  2412607
2.62330317497  2412530
2.64179515839  2411927
2.6567530632  2410363
2.67668414116  2404638
2.6987850666  2404487
2.70435404778  2403482
2.71493411064  2402566
2.71921610832  2401820
2.72560119629  2401787
2.7335960865  2399937
2.74305701256  2399678
2.74742412567  2391379
2.75229907036  2391187
2.77396917343  2389926
2.78205919266  2389314
2.7884349823  2388367
2.79204201698  2388365
2.79943609238  2387065
2.82143807411  2384055
2.82159304619  2378903
2.8451089859  2373500
2.84755110741  2370512
2.85087418556  2367684
2.86028409004  2366965
2.87586712837  2366592
2.90353703499  2353662
2.92287611961  2353617
2.93708920479  2353486
2.93813419342  2341149
2.94095897675  2340671
2.94730806351  2338077
2.96571016312  2336069
2.96971797943  2331310
2.97175717354  2331177
2.9873020649  2330792
3.04767203331  2330255
3.05472517014  2329567
3.08312606812  2329079
3.10990905762  2327329
3.12087106705  2326601
3.13901305199  2326594
3.16492605209  2320366
3.19769215584  2319963
3.25248003006  2319296
3.27852606773  2316327
3.29913401604  2315454
3.29961705208  2314972
3.30945801735  2314820
3.32670998573  2312267
3.38081407547  2311602
3.38148903847  2311209
3.38908410072  2308101
3.39831018448  2307004
3.42946910858  2306034
3.46897697449  2301486
3.47290301323  2300987
3.495470047  2297720
3.49826407433  2297497
3.50131511688  2295577
3.51086807251  2295111
3.51522898674  2290386
3.51731014252  2287404
3.52665019035  2286986
3.52732014656  2285440
3.53372597694  2284060
3.54478311539  2282066
3.55490708351  2282038
3.56023907661  2281250
3.5698390007  2280005
3.59368920326  2278613
3.59794902802  2277135
3.59935808182  2276736
3.60430502892  2276615
3.60811710358  2276160
3.62482619286  2276125
3.62989211082  2275893
3.6738049984  2275651
3.68876218796  2274832
3.70381498337  2274236
3.72488713264  2238856
3.74062609673  2235810
3.76493906975  2235702
3.78237915039  2235287
3.78317403793  2235162
3.78513097763  2235106
3.78552317619  2233566
3.78940820694  2226033
3.79116201401  2225455
3.7973921299  2222069
3.80237603188  2220326
3.81111502647  2219110
3.83038115501  2218646
3.85196113586  2217884
3.85687017441  2217857
3.86464810371  2217808
3.86573719978  2189565
3.88223600388  2189331
3.91113400459  2185727
3.92674016953  2185104
3.9470281601  2169500
3.95876598358  2169359
3.96151304245  2169242
3.97104310989  2168887
4.00207400322  2168391
4.04797005653  2165701
4.0573861599  2163506
4.06957411766  2163413
4.10958099365  2158067
4.12090611458  2157797
4.12447404861  2156624
4.13597297668  2154524
4.13821101189  2146451
4.15251612663  2146323
4.17487001419  2146317
4.18589401245  2145871
4.19613718987  2144436
4.2080411911  2144359
4.22047805786  2144114
4.2290019989  2142964
4.23434615135  2142827
4.23935604095  2142799
4.2596039772  2142748
4.27242708206  2140140
4.2762260437  2138715
4.28753209114  2138145
4.29110002518  2131265
4.29688811302  2130610
4.30963420868  2130096
4.32572603226  2125038
4.32586312294  2123663
4.33970117569  2122915
4.35477614403  2120219
4.38806915283  2111962
4.39387106895  2109802
4.4128921032  2109644
4.44028306007  2109616
6.90106201172  2109026
6.90311098099  2108547
6.91496801376  2107440
6.92753219604  2106743
6.96878910065  2106616
6.99594116211  2105249
7.00923514366  2103918
7.0241420269  2102591
7.04420113564  2100659
7.04490303993  2100284
7.05130314827  2095524
7.0853331089  2095211
7.08899712563  2095177
7.11512899399  2095055
7.11616897583  2094352
7.1174530983  2093630
7.15742015839  2093384
7.16170501709  2093351
7.17594099045  2092894
7.18202614784  2091827
7.18605303764  2091675
7.19593715668  2090285
7.2188680172  2089168
7.22158312798  2087683
7.23391819  2085979
7.23577904701  2084940
7.23753905296  2083408
7.239331007  2081255
7.2935500145  2050982
7.31093120575  2050617
7.31201505661  2050485
7.34068202972  2050465
7.35654902458  2050039
7.36587810516  2049854
7.39579510689  2049377
7.4000120163  2049298
7.40827202797  2048647
7.41130805016  2048586
7.41503119469  2047829
7.47007107735  2043697
7.48060011864  2041219
7.48832511902  2037375
7.49726819992  2017305
7.51919198036  2015282
7.54747200012  2014467
7.55511212349  2012308
7.56776714325  2012219
7.57584118843  2009514
7.64262914658  2009124
7.64855098724  2008177
7.65125799179  2007858
7.6606221199  2007446
7.68473601341  2007188
7.69554018974  2003774
7.70850014687  2003224
7.73069119453  2002595
7.73993515968  1999937
7.74859499931  1988716
