0.0395438671112  6922891
0.0401010513306  6895606
0.0404450893402  6863503
0.0409510135651  6859536
0.0417490005493  6844273
0.0419108867645  6841663
0.0426459312439  6794441
0.0430750846863  6785242
0.043221950531  6730141
0.0433669090271  6677238
0.0435130596161  6663664
0.0437998771667  6662110
0.0440919399261  6658807
0.0443840026855  6593009
0.0445358753204  6587232
0.0446679592133  6561501
0.0448000431061  6551159
0.0449330806732  6549637
0.0451979637146  6476466
0.0454740524292  6389877
0.0457558631897  6386587
0.0461719036102  6351945
0.0463089942932  6339971
0.0467169284821  6320758
0.0468530654907  6318285
0.0469889640808  6314573
0.0473840236664  6310739
0.0476369857788  6291254
0.0477640628815  6276862
0.0480160713196  6274417
0.0481429100037  6271414
0.0483958721161  6230299
0.0485229492188  6228675
0.0497698783875  6200416
0.0504140853882  6194544
0.0510439872742  6191905
0.0511839389801  6190050
0.0515620708466  6189927
0.0520660877228  6181452
0.0523190498352  6171535
0.0531940460205  6158787
0.0534498691559  6157338
0.054123878479  6155931
0.054260969162  6150587
0.0557119846344  6147794
0.0567109584808  6147047
0.0568568706512  6144541
0.0570039749146  6009579
0.0575668811798  6001383
0.0576949119568  6001134
0.0590629577637  5932368
0.0594410896301  5843544
0.059818983078  5760749
0.0600709915161  5760530
0.0604469776154  5754498
0.0606980323792  5717483
0.0616140365601  5712991
0.0621249675751  5708348
0.0626130104065  5685600
0.0638740062714  5679284
0.0647330284119  5671411
0.0656530857086  5667047
0.0661580562592  5665392
0.0664110183716  5662738
0.0665400028229  5656860
0.0670440196991  5603747
0.0674209594727  5593068
0.0678069591522  5592714
0.0690569877625  5590668
0.0694630146027  5589973
0.069864988327  5588124
0.0704720020294  5572301
0.0714499950409  5568394
0.0721609592438  5563425
0.0723059177399  5541166
0.0733609199524  5535374
0.073616027832  5534669
0.0740110874176  5531568
0.0742790699005  5531030
0.0744149684906  5512214
0.0748109817505  5506373
0.0750789642334  5492335
0.0770590305328  5492115
0.0774009227753  5452887
0.0781569480896  5409873
0.0784289836884  5405748
0.0787749290466  5395112
0.0793459415436  5394904
0.0800518989563  5391058
0.08069896698  5383970
0.0808799266815  5381243
0.0812029838562  5373149
0.0814678668976  5291088
0.0823500156403  5273429
0.0824959278107  5262337
0.0826408863068  5244213
0.0830910205841  5239048
0.0835149288177  5238877
0.0838949680328  5238822
0.0841579437256  5237591
0.0842859745026  5231494
0.0844149589539  5229048
0.0849189758301  5191558
0.085550069809  5183389
0.0858039855957  5167237
0.0863449573517  5159484
0.0870499610901  5156068
0.0874800682068  5141995
0.087751865387  5139773
0.0880270004272  5138984
0.0893039703369  5138923
0.0903089046478  5129812
0.0904400348663  5125991
0.0905690193176  5123403
0.0906980037689  5121062
0.0913269519806  5114575
0.0919530391693  5105526
0.0925769805908  5105184
0.0927050113678  5098511
0.0946040153503  5069488
0.0954229831696  5064952
0.0964169502258  5053462
0.096687078476  5047791
0.0970830917358  5040038
0.0972108840942  5030783
0.0990779399872  5024622
0.0992059707642  5022097
0.100837945938  5021432
0.100965023041  5013651
0.101093053818  5012396
0.103267908096  5004846
0.103405952454  4986446
0.103585004807  4977359
0.103746891022  4974128
0.105921030045  4973843
0.106675863266  4969614
0.106803894043  4923426
0.107055902481  4923112
0.108201980591  4919539
0.108331918716  4902663
0.109360933304  4898745
0.110625982285  4885215
0.11372590065  4869791
0.115277051926  4869479
0.115427970886  4869463
0.116437911987  4860528
0.11687207222  4849924
0.117650032043  4847039
0.119046926498  4824849
0.11998796463  4823792
0.120262861252  4823571
0.122843027115  4815846
0.123490095139  4810791
0.123621940613  4806029
0.123879909515  4802724
0.124649047852  4802402
0.124780893326  4790171
0.125542879105  4779782
0.126307010651  4766183
0.126437902451  4765462
0.12878203392  4762691
0.132528066635  4758932
0.133176088333  4758791
0.134206056595  4749451
0.134336948395  4748508
0.134851932526  4746567
0.134983062744  4746176
0.136422872543  4745183
0.13722205162  4743423
0.137630939484  4742919
0.138087034225  4736120
0.140089988708  4734487
0.14023900032  4725508
0.141934871674  4723898
0.143581867218  4720025
0.144221067429  4717526
0.144351959229  4717494
0.145077943802  4717448
0.146590948105  4701132
0.146725893021  4661499
0.148295879364  4661302
0.148567914963  4658855
0.149772882462  4657531
0.150414943695  4654433
0.151638031006  4617989
0.152932882309  4617819
0.153343915939  4596232
0.154855966568  4595756
0.157526016235  4588827
0.157908916473  4566325
0.159812927246  4564817
0.162523984909  4559599
0.165174007416  4542040
0.167855024338  4531339
0.167986869812  4530312
0.169386863708  4518134
0.169902086258  4516873
0.170420885086  4510970
0.171061038971  4510744
0.171575069427  4510149
0.17195892334  4509834
0.172399044037  4507378
0.173556089401  4495112
0.179336071014  4489402
0.180346012115  4478297
0.182909011841  4474157
0.183548927307  4468336
0.184395074844  4461440
0.185613870621  4446236
0.186307907104  4445567
0.188025951385  4428453
0.190314054489  4395190
0.192710876465  4335987
0.194156885147  4329104
0.195004940033  4328924
0.198256015778  4321271
0.19993686676  4319887
0.203829050064  4319412
0.204721927643  4314054
0.205358028412  4308312
0.205995082855  4308222
0.215408086777  4307929
0.215799093246  4305830
0.216439008713  4268301
0.217076063156  4224209
0.21758890152  4221885
0.220674991608  4220740
0.221884965897  4199795
0.224824905396  4199371
0.227029085159  4199289
0.228301048279  4197686
0.230000972748  4192050
0.231061935425  4191805
0.23272895813  4188597
0.23491191864  4186840
0.235424995422  4184833
0.236061096191  4183601
0.236444950104  4182742
0.236829042435  4182353
0.23860502243  4172412
0.241394042969  4162800
0.241786003113  4160734
0.24191904068  4126328
0.243598937988  4108023
0.245513916016  4101436
0.246279001236  4086323
0.246409893036  4076899
0.247943878174  4073917
0.248583078384  4058530
0.251163959503  4056823
0.253391981125  4048324
0.253674030304  4042496
0.25422000885  3986373
0.256515979767  3985830
0.257466077805  3984110
0.258009910583  3983674
0.258148908615  3954487
0.260190010071  3945970
0.260336875916  3944912
0.264796972275  3940009
0.267690896988  3939596
0.26846408844  3936938
0.269726991653  3923767
0.271422863007  3920351
0.272322893143  3911275
0.277138948441  3902450
0.277273893356  3892240
0.277409076691  3884942
0.279715061188  3884076
0.283477067947  3883945
0.283607959747  3882802
0.285636901855  3879249
0.28666305542  3878927
0.287051916122  3809339
0.289608001709  3805982
0.289994001389  3801857
0.291532039642  3801178
0.294327020645  3798021
0.299391031265  3775116
0.299656867981  3773009
0.302695989609  3769877
0.303336858749  3768622
0.304743051529  3702593
0.309844970703  3701529
0.310740947723  3699781
0.312207937241  3699488
0.313924074173  3699149
0.314454078674  3695193
0.314598083496  3683118
0.315250873566  3667073
0.315509080887  3665874
0.315639972687  3634474
0.316545963287  3631121
0.316807985306  3625194
0.322288036346  3621720
0.323948860168  3621304
0.32484292984  3620136
0.328927993774  3619379
0.330152988434  3614580
0.336869955063  3614045
0.337007045746  3611611
0.340987920761  3609884
0.341636896133  3609499
0.343296051025  3607789
0.344702005386  3555472
0.344847917557  3532416
0.347728967667  3532283
0.348761081696  3532015
0.34940290451  3531013
0.349915981293  3520487
0.350816011429  3518753
0.352874040604  3518189
0.353385925293  3498274
0.353643894196  3468615
0.355571985245  3466280
0.355702877045  3464794
0.358628988266  3462732
0.367713928223  3457216
0.36798787117  3454131
0.3690969944  3450799
0.375957965851  3449881
0.37672495842  3416401
0.377235889435  3411225
0.380080938339  3408146
0.382385969162  3394463
0.383285045624  3393505
0.384593963623  3333565
0.385138988495  3327239
0.385405063629  3319929
0.391274929047  3315212
0.395238876343  3314113
0.398063898087  3305769
0.400640010834  3272425
0.40204501152  3266668
0.407207965851  3245478
0.408263921738  3227810
0.408525943756  3226539
0.409168958664  3221465
0.409587860107  3218659
0.410992860794  3217150
0.422246932983  3211428
0.425317049026  3208810
0.427680015564  3208112
0.429504871368  3206725
0.436811923981  3206139
0.440346956253  3205164
0.441025972366  3205154
0.442547082901  3201206
0.44269990921  3184029
0.442986011505  3182472
0.444735050201  3182387
0.447826862335  3179559
0.456403970718  3175577
0.460000038147  3171952
0.46127986908  3168389
0.46230006218  3158547
0.462432861328  3155181
0.464097976685  3149966
0.46422791481  3146680
0.471108913422  3143280
0.471368074417  3142629
0.471626996994  3140978
0.472395896912  3135745
0.473413944244  3135516
0.474683046341  3132602
0.474813938141  3119040
0.477338075638  3118675
0.478430986404  3118670
0.48576593399  3100401
0.491776943207  3094002
0.492038011551  3088202
0.493061065674  3087414
0.493191957474  3085103
0.494868040085  3083888
0.49614405632  3082618
0.499182939529  3082104
0.502675056458  3081900
0.511990070343  3079433
0.51615691185  3078922
0.519193887711  3075333
0.522691011429  3063979
0.523854970932  3062655
0.526411056519  3054165
0.532185077667  3053845
0.532584905624  3053314
0.539887905121  3050517
0.545254945755  3030967
0.546560049057  3019122
0.553722858429  3014409
0.555545091629  3011611
0.567440032959  3006030
0.570662975311  3004007
0.575094938278  2999513
0.575488090515  2999243
0.577030897141  2998134
0.578306913376  2960830
0.582262039185  2956349
0.583416938782  2951089
0.584311962128  2897892
0.589370012283  2897083
0.594789028168  2891788
0.60388302803  2891432
0.60938000679  2891369
0.61304807663  2887185
0.615145921707  2887046
0.617367982864  2885859
0.619179964066  2880293
0.622659921646  2870051
0.628720998764  2868360
0.629824876785  2863178
0.633553028107  2860280
0.634207010269  2860076
0.637558937073  2857421
0.638665914536  2855107
0.644140005112  2854146
0.647407054901  2815974
0.649611949921  2813590
0.650525093079  2810494
0.653231859207  2808235
0.659291982651  2808095
0.661228895187  2807405
0.665373086929  2794267
0.667209863663  2787845
0.673017024994  2786184
0.677407026291  2782032
0.677541017532  2779063
0.678179979324  2778468
0.679435014725  2777413
0.680058002472  2770315
0.690649032593  2766451
0.691797971725  2759558
0.693222045898  2759405
0.697870016098  2752161
0.704024076462  2747455
0.704842090607  2747359
0.706881046295  2736390
0.708039999008  2735134
0.717356920242  2734598
0.723264932632  2731527
0.723917961121  2730859
0.733756065369  2715608
0.737804889679  2713122
0.739271879196  2710152
0.740679979324  2709857
0.743762016296  2709516
0.747992992401  2698121
0.752733945847  2696953
0.754829883575  2693870
0.757982969284  2690492
0.758629083633  2688167
0.763585090637  2682482
0.767559051514  2681869
0.768658876419  2673324
0.773597955704  2669022
0.781440973282  2668795
0.78390288353  2667280
0.79402089119  2666810
0.794162988663  2664288
0.803274869919  2661035
0.805041074753  2658379
0.813874006271  2656727
0.815849065781  2628752
0.817924022675  2627368
0.818577051163  2625789
0.818707942963  2624759
0.824939012527  2623855
0.831819057465  2623808
0.833886861801  2623777
0.842858076096  2621350
0.846384048462  2616774
0.850331068039  2607919
0.862756967545  2604647
0.878288984299  2601075
0.881975889206  2598203
0.886031866074  2597461
0.88951587677  2595421
0.89183306694  2593070
0.90970993042  2591964
0.920316934586  2588769
0.920611858368  2586309
0.921463012695  2585663
0.922170877457  2584248
0.92272901535  2582122
0.922996044159  2581494
0.928238868713  2581032
0.931113004684  2579760
0.964643955231  2579529
0.968007087708  2577129
0.973130941391  2562040
0.974304914474  2558042
0.976106882095  2557934
0.976880073547  2557546
0.979836940765  2557256
0.979973077774  2553405
0.984654903412  2551806
0.997235059738  2549806
1.00067400932  2549641
1.00792908669  2541555
1.00849103928  2541486
1.0093319416  2540726
1.02275800705  2539369
1.02501296997  2538724
1.03481292725  2538374
1.06255507469  2537396
1.08592891693  2537290
1.08824706078  2537261
1.09016394615  2526171
1.09559893608  2524782
1.09779191017  2524118
1.10713100433  2522556
1.11872601509  2521590
1.12961506844  2520371
1.13317394257  2519513
1.13414907455  2518900
1.14647293091  2518667
1.14948987961  2517460
1.16036105156  2517279
1.17182397842  2516056
1.17830896378  2511285
1.18654108047  2510095
1.18827104568  2509876
1.22850608826  2508084
1.22923994064  2503854
1.23066496849  2502552
1.24662303925  2486062
1.25632190704  2480101
1.25707888603  2479761
1.2579729557  2477942
1.27048993111  2477361
1.27556300163  2475077
1.27724194527  2474822
1.27783608437  2471775
1.28131389618  2470355
1.29408597946  2466935
1.29877400398  2466842
1.29917287827  2466541
1.29983091354  2466437
1.31973195076  2465538
1.32320189476  2463021
1.3465359211  2460570
1.3575398922  2458667
1.35946297646  2458343
1.36168289185  2457966
1.36310601234  2455999
1.37133407593  2455503
1.3898499012  2452640
1.39497494698  2452271
1.3955578804  2447193
1.39902186394  2446919
1.41131806374  2444376
1.43471908569  2440770
1.43784809113  2440576
1.44637107849  2440515
1.44934391975  2438426
1.45816302299  2436737
1.46697092056  2435860
1.51647496223  2435801
1.52555894852  2430697
1.53524804115  2428111
1.5509390831  2427427
1.55326700211  2426919
1.55428290367  2425961
1.56267690659  2425949
1.59197402  2422975
1.60038208961  2422760
1.61977386475  2421742
1.62765693665  2372178
1.63157200813  2371588
1.6573600769  2371199
1.65762901306  2370909
1.70159506798  2369968
1.72430706024  2357894
1.73698401451  2356925
1.75876092911  2355368
1.75930190086  2355146
1.76229786873  2353843
1.81495308876  2353583
1.85633397102  2352941
1.86295294762  2352449
1.8633749485  2352353
1.87275099754  2351632
1.88154006004  2344533
1.8996090889  2339676
1.90464687347  2339417
1.93965697289  2337918
1.953125  2337835
1.95500802994  2336442
1.98241686821  2335160
2.00340390205  2335151
2.02224802971  2334866
2.03218507767  2331055
2.05331397057  2329974
2.05860304832  2329488
2.07067489624  2329276
2.07612109184  2328552
2.08346796036  2328515
2.10210990906  2328489
2.13763308525  2327708
2.1558508873  2323313
2.15733504295  2323260
2.17125606537  2322998
2.18463587761  2300808
2.1874320507  2294385
2.20334887505  2284494
2.21028590202  2284438
2.23567700386  2284280
2.25918507576  2284011
2.26080203056  2283405
2.26544690132  2282987
2.26817107201  2282681
2.27485895157  2282665
2.28490495682  2281958
2.30063605309  2281388
2.32592606544  2280980
2.33603096008  2272337
2.35112309456  2272314
2.36365103722  2271283
2.37266802788  2256716
2.3758430481  2245907
4.57677292824  2233716
4.57691001892  2232731
4.5783829689  2232450
4.6092839241  2231906
4.6224398613  2230314
4.63620591164  2230260
4.63711500168  2226388
4.65783905983  2217478
4.6582660675  2217461
4.66264891624  2217303
4.68197393417  2215998
4.68532204628  2211644
4.68980503082  2209320
4.72849607468  2207262
4.73746490479  2206600
4.75769400597  2206599
4.77244496346  2206380
4.77468109131  2205210
4.79586601257  2200694
4.81504201889  2199965
4.821641922  2199773
4.83191394806  2197427
4.83871102333  2191356
4.85300397873  2188578
4.89521694183  2186354
4.90506887436  2183918
4.9393889904  2183813
4.99486899376  2180718
4.99568104744  2179824
5.02147388458  2179528
5.04887008667  2178226
5.05719399452  2177919
5.06497502327  2177753
5.07417201996  2174187
5.09254598618  2172721
5.11577796936  2172200
5.12216901779  2171643
5.14150094986  2170298
5.14304208755  2168984
5.15113401413  2166741
5.19020986557  2166722
5.20218801498  2156453
5.20520496368  2155643
5.21368002892  2154543
5.22532892227  2146217
5.2276930809  2132070
5.24228692055  2130011
5.28639101982  2129915
5.33052492142  2129268
5.3428030014  2126262
5.35305786133  2125972
5.37625908852  2123251
5.40436005592  2122137
5.41264891624  2121301
5.42651796341  2121122
5.43071699142  2113857
5.43759202957  2112927
5.4459168911  2109882
5.45055890083  2106384
5.45098209381  2106050
5.46489906311  2104763
5.47392392159  2103642
5.49276304245  2102660
5.49886488914  2096505
5.50919604301  2095936
5.52580499649  2094736
5.53114295006  2094505
5.54150891304  2094444
5.54611301422  2093442
5.56270098686  2065341
5.58175492287  2065207
5.60408091545  2064686
5.60713291168  2062020
5.61054706573  2060721
5.61953186989  2059392
5.62299895287  2058714
5.63257598877  2057634
5.65034508705  2055638
5.65931296349  2055360
5.6801970005  2053126
5.68675398827  2049904
5.71920800209  2048752
5.72026705742  2048302
5.74672293663  2031211
5.74980807304  2030105
5.7500770092  2029633
5.75150895119  2026013
5.78306603432  2025428
5.79780888557  2023900
5.81000494957  2023646
5.8279979229  2023525
5.87754893303  2022305
5.90648889542  2019743
5.91639995575  2017462
8.3422870636  2015636
8.36517906189  2015084
8.37793302536  2014390
8.41026902199  2005167
8.42450404167  2003362
8.44674706459  2003271
8.44747304916  2003022
8.45530700684  2000903
8.45892095566  2000808
8.46208095551  1999864
8.47632789612  1996534
8.47710895538  1995060
8.47890305519  1994041
8.48667001724  1993715
8.54192590714  1993500
8.57667589188  1992901
8.58878493309  1992406
8.59735703468  1992048
8.61951804161  1989144
8.62024688721  1987726
8.65938401222  1987693
8.67681789398  1986104
8.690721035  1985048
8.70031499863  1984423
8.70427703857  1983034
8.70554208755  1981681
8.71665501595  1981564
8.72234106064  1978066
8.72675704956  1977238
8.74795103073  1977010
8.75232696533  1976605
8.76129508018  1974877
8.78679203987  1972047
8.81325292587  1971997
8.82754087448  1970675
8.85393691063  1970521
8.8805000782  1969922
8.88454890251  1968244
8.88733887672  1968212
8.90967392921  1967969
8.93142008781  1967711
8.93492794037  1967495
8.95541405678  1967056
8.96166396141  1966959
8.96740794182  1966151
8.96881008148  1963836
8.98108506203  1963705
8.99109697342  1963319
8.99887704849  1962862
9.015625  1959106
9.02555608749  1958291
9.02774691582  1955293
9.06018090248  1952456
9.07349991798  1952191
9.08530497551  1951802
9.09037089348  1948002
9.09419202805  1947707
9.12305307388  1947471
9.14086699486  1947313
9.14307594299  1945010
9.14492797852  1944758
9.15001106262  1944076
9.16445994377  1943166
9.1972489357  1943140
9.21328496933  1940064
9.21342086792  1939879
9.21628499031  1933011
9.23243403435  1932852
9.23555803299  1931887
9.25370597839  1927061
9.2557079792  1926210
9.26146507263  1925056
9.31756496429  1915296
9.35362386703  1914275
9.37601804733  1912412
9.40079307556  1912289
9.42721986771  1911080
9.43458390236  1910282
9.43552303314  1902223
9.4547150135  1901992
9.47330999374  1901884
9.50492691994  1900967
9.54210805893  1900059
9.55791187286  1898330
9.56977701187  1897866
9.58815908432  1897766
9.63558602333  1893047
9.6667740345  1891469
9.67290496826  1891058
9.67483997345  1889514
9.7110619545  1885608
9.71356987953  1885293
9.72108793259  1885037
9.73312592506  1884852
9.73429489136  1884460
9.74840497971  1884074
9.76720309258  1881828
9.77224206924  1877271
9.79199004173  1873203
