0.0398030281067  7246845
0.0401380062103  7229300
0.0410890579224  7220284
0.0420188903809  7208830
0.0430428981781  7206968
0.0434010028839  7206931
0.0445170402527  7198760
0.0446670055389  7196915
0.046422958374  7194254
0.0465688705444  7188688
0.0467948913574  7185376
0.0469310283661  7181956
0.0472259521484  7166993
0.0473630428314  7157938
0.0478129386902  7142676
0.0479500293732  7137660
0.0481660366058  7125093
0.0489299297333  7106235
0.0507869720459  7106198
0.0510358810425  7102116
0.051197052002  7098524
0.0518980026245  7098302
0.0523619651794  7096453
0.0530591011047  7062934
0.0548238754272  7061180
0.0567278862  7060739
0.0568659305573  7054181
0.0598120689392  7052492
0.060210943222  7051740
0.0606949329376  7046325
0.0608320236206  7029311
0.0639390945435  7025769
0.0641849040985  7024750
0.064523935318  7023967
0.06489610672  7017865
0.0682730674744  7016369
0.068489074707  7001824
0.0692548751831  6995839
0.0693910121918  6995424
0.0696849822998  6981767
0.0701370239258  6977880
0.0702738761902  6977434
0.0704898834229  6975756
0.0718879699707  6972684
0.0721318721771  6947460
0.0722870826721  6943664
0.0731148719788  6943438
0.0735659599304  6937967
0.0744950771332  6923398
0.0778970718384  6922677
0.0816838741302  6922614
0.0819110870361  6922502
0.0853970050812  6917596
0.0894320011139  6915615
0.0897350311279  6915241
0.0928111076355  6914526
0.0937399864197  6908928
0.0941150188446  6891771
0.0942530632019  6870675
0.0963909626007  6867324
0.096911907196  6864826
0.0977048873901  6859240
0.0978429317474  6856644
0.101500034332  6855300
0.101636886597  6850219
0.10592007637  6850039
0.106076002121  6844299
0.106314897537  6836396
0.106766939163  6836366
0.110874891281  6831696
0.116389036179  6829979
0.11660695076  6824630
0.116744041443  6816684
0.117748975754  6797385
0.118052959442  6795646
0.118190050125  6791564
0.118563890457  6789789
0.119015932083  6784067
0.124469995499  6782881
0.130516052246  6780302
0.130676031113  6780295
0.132005929947  6767586
0.132143974304  6766881
0.132359981537  6766673
0.132812976837  6764683
0.13295006752  6764459
0.133884906769  6763530
0.134021043777  6763444
0.135185003281  6763282
0.136190891266  6763235
0.1364839077  6762973
0.137226104736  6759257
0.138823986053  6759194
0.147752046585  6757660
0.152802944183  6755463
0.159003973007  6752674
0.159142017365  6751938
0.160471916199  6751869
0.166919946671  6751258
0.167059898376  6712855
0.167277097702  6698626
0.167650938034  6697068
0.174014091492  6695133
0.180845975876  6693091
0.180996894836  6669562
0.187963962555  6666475
0.188275098801  6665796
0.188416957855  6663441
0.188720941544  6663437
0.188942909241  6660936
0.189352989197  6658298
0.196827888489  6655831
0.196970939636  6622694
0.197679042816  6620792
0.197901964188  6619797
0.198204994202  6603882
0.20694899559  6600765
0.207343101501  6598670
0.20748090744  6582142
0.209968090057  6580601
0.210185050964  6578591
0.210479021072  6577651
0.210615873337  6577209
0.210988998413  6571668
0.213500976562  6570418
0.225455999374  6568083
0.226381063461  6566810
0.227149963379  6565890
0.227683067322  6565412
0.228483915329  6562428
0.23721408844  6561082
0.237351894379  6531894
0.237823963165  6529687
0.246711015701  6527915
0.247478961945  6514308
0.247637987137  6417465
0.24832701683  6414704
0.258817911148  6411749
0.259253978729  6411498
0.259499073029  6410849
0.259833097458  6405912
0.259989023209  6383710
0.260502099991  6382342
0.261462926865  6381621
0.261710882187  6380190
0.261867046356  6380125
0.262721061707  6374804
0.263134002686  6374253
0.26368188858  6372445
0.26383805275  6371611
0.264704942703  6370356
0.265743017197  6368252
0.276489973068  6367872
0.286920070648  6366970
0.28705906868  6364484
0.298259019852  6363253
0.298397064209  6361547
0.298613071442  6356382
0.298906087875  6356199
0.29904294014  6347877
0.29988694191  6327232
0.300102949142  6320795
0.300554037094  6319709
0.300769090652  6311209
0.301296949387  6311131
0.312268972397  6311018
0.312407016754  6310328
0.312702894211  6268647
0.323081970215  6267362
0.323533058167  6259283
0.334656000137  6257072
0.339632987976  6256991
0.339771032333  6256278
0.339986085892  6256149
0.340671062469  6251007
0.340820074081  6189614
0.341121912003  6175010
0.34360909462  6173183
0.34468793869  6170013
0.346163034439  6169642
0.346534013748  6169573
0.346749067307  6168559
0.347120046616  6164733
0.348671913147  6160295
0.353110074997  6158522
0.364157915115  6156087
0.364295005798  6114140
0.375524044037  6111486
0.375660896301  6111402
0.37587594986  6106507
0.387695074081  6105242
0.388066053391  6099770
0.388282060623  6099088
0.388417959213  6098819
0.388788938522  6097771
0.3892390728  6073480
0.389610052109  6060138
0.3909471035  6057710
0.391733884811  6052622
0.404568910599  6051115
0.404706954956  6038790
0.405314922333  6036719
0.405452013016  6025671
0.405822992325  6019617
0.41844201088  6017759
0.418586015701  5985493
0.430818080902  5982640
0.430955886841  5976230
0.443418979645  5973754
0.443557024002  5945645
0.45608496666  5942983
0.456302881241  5941468
0.46950507164  5938920
0.47003698349  5909772
0.470174074173  5903044
0.470546007156  5902014
0.470684051514  5818701
0.470978021622  5816363
0.471350908279  5815155
0.473857879639  5811708
0.474231958389  5807397
0.476103067398  5807143
0.489623069763  5806977
0.489760875702  5806048
0.490885972977  5797702
0.49102306366  5797480
0.491239070892  5785557
0.492006063461  5783011
0.50642991066  5781266
0.506645917892  5779815
0.520508050919  5779770
0.520646095276  5778894
0.520860910416  5750344
0.535187959671  5748839
0.535562038422  5744575
0.53577709198  5739107
0.538542032242  5732650
0.538836956024  5727706
0.541259050369  5725629
0.541475057602  5721222
0.555897951126  5718334
0.556035995483  5717246
0.570580005646  5716663
0.570718050003  5691409
0.58533000946  5688849
0.585468053818  5682442
0.600526094437  5679825
0.600694894791  5679046
0.600910902023  5654676
0.616992950439  5651884
0.617136001587  5651008
0.617430925369  5650503
0.617568969727  5646601
0.617784023285  5640811
0.618155956268  5638500
0.618844032288  5637264
0.619059085846  5636240
0.619353055954  5634573
0.619488954544  5633103
0.635004997253  5630891
0.63516497612  5609533
0.649980068207  5608587
0.651297092438  5606018
0.651433944702  5603008
0.651962995529  5602886
0.652100086212  5602882
0.65239405632  5602115
0.652765989304  5600944
0.65376496315  5599940
0.653980970383  5597236
0.654352903366  5595970
0.654881954193  5595458
0.65501999855  5594488
0.655235052109  5519680
0.657582044601  5519545
0.658190011978  5518812
0.659190893173  5518622
0.662461996078  5510025
0.662756919861  5506276
0.663443088531  5503040
0.664679050446  5502798
0.665365934372  5501942
0.665503025055  5501546
0.666743040085  5500095
0.668217897415  5498239
0.668433904648  5497374
0.669986009598  5497073
0.670123100281  5496791
0.672111988068  5493724
0.672249078751  5491962
0.674432039261  5490988
0.684901952744  5489482
0.685590028763  5488552
0.695820093155  5487326
0.695957899094  5485493
0.69627404213  5485429
0.696410894394  5485037
0.698517084122  5481958
0.701411008835  5481264
0.707560062408  5480813
0.713183879852  5480668
0.728491067886  5480470
0.728628873825  5471962
0.729575872421  5471664
0.729712963104  5467065
0.729928970337  5452618
0.73006606102  5452482
0.730516910553  5442454
0.74635887146  5441258
0.746576070786  5440797
0.746870040894  5440508
0.762727975845  5438333
0.762866020203  5429244
0.778899908066  5427544
0.779037952423  5427122
0.779253005981  5422989
0.79558300972  5420455
0.795721054077  5412827
0.79593706131  5412259
0.796232938766  5411414
0.813199043274  5410952
0.83012008667  5410877
0.830336093903  5409263
0.830628871918  5402165
0.830765962601  5394072
0.832005023956  5391587
0.832555055618  5379546
0.833398103714  5369669
0.850267887115  5368659
0.867238998413  5367894
0.86737704277  5338204
0.884941101074  5336112
0.885392904282  5333922
0.885529994965  5328306
0.886059045792  5322036
0.904117107391  5321308
0.904490947723  5315358
0.904628038406  5300772
0.905080080032  5300693
0.906979084015  5290416
0.907425880432  5284706
0.907689094543  5271193
0.908988952637  5263349
0.914565086365  5262580
0.917546033859  5261935
0.917840003967  5260494
0.918210983276  5254882
0.918817996979  5254353
0.919502973557  5243762
0.92029094696  5243721
0.920428991318  5229197
0.921269893646  5215633
0.923217058182  5215574
0.923431873322  5212206
0.924352884293  5182336
0.924959897995  5166450
0.925254106522  5163356
0.927202939987  5160928
0.932775020599  5160870
0.935358047485  5158730
0.937907934189  5155587
0.955944061279  5153589
0.974078893661  5153011
0.974216938019  5125563
0.992671966553  5123121
0.99281001091  5122102
0.993026018143  5122096
0.993319034576  5121406
1.01256489754  5120140
1.01270294189  5106238
1.012996912  5100068
1.03172206879  5097293
1.03185987473  5084696
1.05109095573  5067720
1.0903429985  5067647
1.13067293167  5066413
1.1689760685  5066371
1.20705509186  5064721
1.24592208862  5059955
1.29084587097  5053281
1.33238792419  5053133
1.37307810783  5052767
1.42775297165  5052484
1.46997404099  5050935
1.55123305321  5050334
1.60580706596  5049626
1.66051602364  5048675
1.71815800667  5044188
1.77708697319  5040549
1.7773039341  5040444
1.77759790421  5039666
1.77828788757  5034859
1.77889704704  5034145
1.83865809441  5031525
1.85773706436  5031496
1.88845491409  5031398
1.91362810135  5030418
1.94125390053  5029668
1.97933197021  5028163
2.00556302071  5027394
2.0676419735  5026050
2.12916707993  5025734
2.19901609421  5025318
2.25637292862  5025300
2.31346297264  5023951
2.37082505226  5023895
2.4358279705  5023465
2.49847602844  5022557
2.55581903458  5012736
2.61490797997  5010287
2.61512589455  5010182
2.62253403664  5009625
2.62965989113  5007615
2.62987709045  4983096
2.63270902634  4983073
2.63985395432  4982676
2.65961194038  4982250
2.67883610725  4980667
2.7050549984  4980485
2.72418689728  4980276
2.76253509521  4980172
2.76267290115  4979786
2.78278899193  4978888
2.8019900322  4973473
2.8212659359  4967167
2.84111404419  4965976
2.86064791679  4965162
2.88072109222  4964005
2.89980387688  4961307
2.91915202141  4958780
2.93824291229  4958506
2.95761394501  4955826
2.97809410095  4954390
3.03593397141  4950679
3.05501508713  4950466
3.11589694023  4950201
3.19227290154  4946728
3.21153402328  4945640
3.26028108597  4945302
3.27133607864  4943922
3.27147388458  4941349
3.27865600586  4939062
3.28094696999  4936601
3.28108406067  4935119
3.2813000679  4928533
3.28159403801  4864765
3.28204798698  4860329
3.2828938961  4860252
3.29375600815  4859162
3.32355594635  4859143
3.35348010063  4859014
3.40277695656  4858791
3.45965790749  4858661
3.51750707626  4858150
3.58407187462  4858059
3.65070796013  4857956
3.71817398071  4857665
3.80137610435  4857503
3.88381910324  4857295
3.96079993248  4857244
4.03758597374  4856901
4.11428809166  4856522
4.191147089  4856038
4.27757287025  4855114
4.380838871  4854357
4.43766498566  4853460
4.53586387634  4852988
4.64044308662  4852743
4.74019408226  4852332
4.83521699905  4852221
4.94160199165  4851722
5.03873300552  4850706
5.07713294029  4850660
5.13536787033  4850562
5.17334008217  4850380
5.26954603195  4850221
5.32815909386  4850100
5.42853999138  4850056
5.56171798706  4849714
5.65971302986  4849322
5.79167294502  4828927
5.92408394814  4826684
6.05667901039  4826195
6.22633290291  4825404
6.32188987732  4824529
6.42786693573  4824320
6.54149198532  4822548
6.68330693245  4822435
6.77825593948  4822046
6.91486692429  4821620
7.05345487595  4821264
7.14763402939  4821220
7.29041695595  4819982
7.44136810303  4818459
7.59248995781  4818414
7.74287509918  4817870
7.8937420845  4816692
8.04483699799  4816247
8.19566607475  4806016
8.34568095207  4805111
8.4971408844  4803497
8.65097594261  4802491
8.80187392235  4799316
8.95652008057  4798320
9.11769509315  4798030
9.28608202934  4797150
9.45505404472  4791266
9.62358307838  4790525
9.79181790352  4790375
9.96633291245  4790088
10.1349020004  4787377
10.3121879101  4785857
10.335725069  4785773
10.3557610512  4785752
10.37509799  4785454
10.3945748806  4785435
10.415792942  4784869
10.4753279686  4784751
10.5750319958  4784648
10.5800559521  4782694
10.5801949501  4681612
10.5829410553  4670259
10.5830790997  4602510
10.5833730698  4601978
10.583509922  4583976
10.5837259293  4583517
10.5840990543  4501930
10.5845708847  4501446
10.5848650932  4501265
10.5853960514  4418594
10.5860829353  4416551
10.5868489742  4412432
10.5869860649  4411669
10.5883259773  4409987
10.5906720161  4409877
10.5908100605  4409846
10.5910260677  4408473
10.5951039791  4407945
10.5956339836  4407255
10.5997068882  4405588
10.6047260761  4403996
10.6480650902  4403450
10.7054920197  4403352
10.7447419167  4403170
10.9306569099  4401406
11.1180770397  4353287
11.306691885  4344173
11.4961779118  4318714
11.6868629456  4237417
11.8750579357  4234905
12.0631449223  4203094
12.2630178928  4198741
12.4745590687  4163100
12.6617939472  4144994
12.8491408825  4144224
13.0367109776  4142386
13.2276699543  4140772
13.4144189358  4140238
13.599932909  4139063
13.7929809093  4138358
13.8888189793  4138307
13.9840409756  4138258
14.1779310703  4137942
14.2746579647  4137495
14.389316082  4137075
14.6120629311  4104975
14.6697380543  4104108
14.7266569138  4103886
14.7843370438  4103693
15.0061070919  4103453
15.2381079197  4085313
15.4619948864  4085185
15.6849310398  4084040
15.9089989662  4005980
15.9671468735  4004333
16.0616428852  4003309
16.1755869389  4003183
16.400580883  4002871
16.6237840652  4001694
16.8468489647  3999215
17.0699789524  3989527
17.2991559505  3939269
17.3563759327  3938470
17.4140620232  3938248
17.4712500572  3938055
17.7075901031  3937195
17.7648489475  3935031
17.859566927  3934167
17.9725248814  3933531
18.199598074  3923937
18.4232850075  3923762
18.6458718777  3922764
18.8705630302  3890181
19.1136569977  3882892
19.3631830215  3876701
19.4207060337  3875642
19.478292942  3875452
19.535572052  3875230
19.5934829712  3875037
19.8371429443  3872122
20.0816791058  3871425
20.3246998787  3870980
20.5678949356  3870240
20.8147130013  3869306
20.8725008965  3868284
20.9681789875  3867387
21.2252969742  3867242
21.6002559662  3866614
21.9692718983  3866552
22.3351640701  3866084
22.7114350796  3865790
23.0967099667  3865593
23.4614150524  3865389
23.7737419605  3865268
24.0915870667  3863394
24.4045300484  3863219
24.4058990479  3862937
24.4060370922  3862907
24.4069619179  3862168
24.4223940372  3861002
24.4226109982  3859159
24.4227480888  3853772
24.4252579212  3853515
24.4253950119  3851355
24.425688982  3847081
24.4289109707  3843940
24.4295210838  3843253
24.4298150539  3842159
24.4434039593  3841634
24.4436209202  3810174
24.4437580109  3806375
24.4457120895  3797696
24.4459500313  3796741
24.4463219643  3794144
24.4489099979  3791923
24.4543089867  3790163
24.4544460773  3787809
24.4546608925  3787483
24.4550340176  3772353
24.461368084  3768434
24.4618980885  3768091
24.4621140957  3766712
24.4690539837  3766577
24.4782280922  3765821
24.4950449467  3763909
24.5159239769  3762678
24.5599529743  3760819
24.5983190536  3758763
24.6368079185  3757517
24.6753070354  3757248
24.7132148743  3757049
24.7888479233  3756906
24.902602911  3752535
25.0218660831  3741116
25.0885529518  3740932
25.2486219406  3739522
25.3184280396  3737514
25.4562730789  3733422
25.5907928944  3722948
25.6339130402  3722526
25.6823379993  3722496
25.7311348915  3722220
25.7935578823  3721960
25.9369258881  3720845
26.0795180798  3708939
26.2117359638  3705610
26.3309268951  3687760
26.4609549046  3684723
26.5906250477  3682349
26.6345939636  3681947
26.7043390274  3680044
26.8447918892  3661327
26.9834849834  3655869
27.0966300964  3652300
27.2102921009  3650578
27.3239440918  3630947
27.4380750656  3629967
27.5515830517  3626845
27.669203043  3624595
27.8123440742  3622731
27.9512798786  3611691
27.9913709164  3610919
28.0415930748  3610889
28.0855870247  3610613
28.1510879993  3610353
28.2909049988  3608830
28.405577898  3604313
28.4436290264  3603909
28.5102660656  3602007
28.6430749893  3595683
28.7565340996  3595261
28.8848218918  3594780
29.0240080357  3594322
29.1515889168  3591726
29.2891039848  3588476
29.338162899  3587330
29.3829479218  3587300
29.426402092  3587024
29.4940669537  3586764
29.6420118809  3586033
29.7923750877  3585202
29.9730029106  3582734
30.1635570526  3582267
30.3185260296  3573593
30.3194670677  3572742
30.4831430912  3572383
30.6396510601  3571278
30.7954208851  3571153
30.9587900639  3567225
31.0080258846  3566913
31.1324410439  3566905
31.30001688  3566008
31.4196228981  3565346
31.595772028  3563618
31.7424380779  3561472
31.8881399632  3544632
32.042771101  3540983
32.1597559452  3540975
32.352191925  3540213
32.5504698753  3539467
32.7489380836  3539298
32.9501140118  3538332
33.1545670033  3533715
33.3464150429  3526952
33.3470580578  3526038
33.3473620415  3525223
33.3478710651  3522798
33.5275380611  3521059
33.7124369144  3515897
33.8882138729  3513164
34.0770320892  3496111
34.266851902  3495423
34.4463238716  3487770
34.6241009235  3484804
34.818582058  3484088
34.9754290581  3475592
35.1581521034  3475400
35.1587750912  3473752
35.3475739956  3472703
35.544467926  3469149
35.6587200165  3468744
35.7084820271  3468444
35.7532229424  3468184
35.9263730049  3466201
36.1295418739  3465296
36.321944952  3464212
36.5039100647  3462586
36.6960110664  3460326
36.8773860931  3456117
37.0846669674  3454441
37.2882049084  3453642
37.5517470837  3451509
37.8200120926  3449157
38.091356039  3447435
38.3765180111  3446992
38.6567878723  3442243
38.9432930946  3440636
39.1962110996  3423538
39.1972389221  3422529
39.1978490353  3418249
39.3643438816  3416608
39.6625499725  3391632
39.6636400223  3391336
39.9307060242  3390663
40.224435091  3390619
40.3473579884  3388311
40.3855309486  3387827
40.5894939899  3383835
40.7912728786  3383803
41.04342103  3382371
41.2594649792  3380695
41.4765250683  3376861
41.6853199005  3369347
41.9019610882  3322884
42.0150210857  3322773
42.0158190727  3321736
42.0595340729  3321725
42.1033298969  3321722
42.2000110149  3321042
42.2081348896  3321025
42.2083120346  3268959
42.2086310387  3261071
42.2112050056  3245050
42.2151899338  3242536
42.219217062  3240736
42.2239871025  3240467
42.2291870117  3238854
42.24147892  3236987
42.2757229805  3236745
42.3574950695  3236318
42.4495439529  3236195
42.5395550728  3235466
42.6447060108  3235303
42.7542660236  3234554
42.911413908  3234293
43.0608799458  3233225
43.2113339901  3230290
43.3623359203  3230122
43.5185129642  3229987
43.6758379936  3227381
43.8329548836  3227376
43.9881820679  3226733
44.1426479816  3226364
44.3012390137  3226110
44.4571418762  3226003
44.6136960983  3224627
44.7663750648  3224359
44.9257669449  3223161
45.1176800728  3221644
45.2994000912  3221176
45.4764449596  3217948
45.6514589787  3217393
45.8296818733  3216731
46.0142519474  3214815
46.1985900402  3214538
46.3796560764  3213198
46.5611550808  3213078
46.7438249588  3213076
46.916218996  3212492
47.0889289379  3212372
47.2594718933  3212046
47.4406170845  3212025
47.5597341061  3211731
47.6960508823  3209490
47.8322060108  3207286
47.9844639301  3206684
48.1204650402  3206587
48.2569389343  3205961
48.3823130131  3205586
48.5295269489  3205502
48.6845629215  3204888
48.8590641022  3203582
49.0423378944  3203550
49.2670719624  3201624
49.5215270519  3201167
49.9789118767  3200933
50.4442119598  3200517
50.9777839184  3200370
51.5244040489  3200106
52.0953860283  3199072
52.6888229847  3198873
53.3359909058  3198242
53.9562590122  3197567
54.5480968952  3197214
55.1702399254  3196653
55.7369449139  3196360
56.3485240936  3195956
56.9232339859  3194563
57.5351419449  3192715
58.1445338726  3192014
58.7762720585  3191369
59.32468009  3190234
59.9389300346  3189836
60.5264759064  3188855
61.1280229092  3070566
61.7143199444  3062176
62.2632858753  3061735
62.8013050556  3060338
63.3404300213  3058746
63.9219429493  2926677
64.4738359451  2925672
65.075150013  2923255
65.6716918945  2922858
66.3112390041  2903418
66.9328100681  2854997
66.9355969429  2854996
66.9368200302  2854119
66.9398260117  2851170
66.9421610832  2850542
66.994385004  2849498
67.0343620777  2848912
67.0366311073  2847773
67.1668550968  2847392
67.4455230236  2847379
67.7144670486  2847269
67.9986519814  2847023
68.632600069  2834235
68.6349849701  2833107
69.1913149357  2833103
69.7256350517  2832278
70.2352979183  2832259
71.1154990196  2831512
72.0370209217  2826293
72.987128973  2826150
73.5054430962  2825782
74.0169949532  2825774
74.5444550514  2825120
75.0739409924  2824928
76.0034759045  2824351
76.9586679935  2823322
77.4865729809  2823268
78.0422649384  2823232
78.9447178841  2822376
79.8889100552  2822001
80.7342848778  2821752
81.5469250679  2821413
82.3639369011  2821364
83.252106905  2821076
84.1470201015  2820724
84.4515149593  2820112
84.7707800865  2819864
85.0900909901  2819233
85.4055449963  2818276
85.7556219101  2817570
86.1083340645  2817467
86.4590620995  2817180
86.8143520355  2816627
87.1646370888  2816512
87.5187089443  2816230
87.867939949  2815500
88.2211329937  2815025
89.1875391006  2814827
90.150124073  2814683
91.1188209057  2814201
92.0898749828  2810442
93.0548279285  2809738
94.0220150948  2807820
94.9919190407  2807811
95.962774992  2805116
96.9382190704  2804869
97.9130339622  2795919
98.8796050549  2795754
99.8552670479  2795166
100.839020014  2793807
101.39654088  2793756
101.967202902  2793484
102.588392019  2792093
103.654519081  2790719
104.719040871  2790097
105.813591957  2789809
106.911408901  2787711
108.002084017  2787675
109.093436003  2787609
110.191418886  2787542
111.28003788  2787220
112.365609884  2786862
113.459222078  2786803
114.555680037  2785658
115.657862902  2784272
116.748646975  2783413
117.845025063  2783316
118.95898509  2781903
120.052953005  2779638
121.165738106  2779611
122.278537989  2779117
123.401727915  2778652
124.531676054  2778264
125.669316053  2777923
126.837126017  2728040
127.97832799  2727740
129.141190052  2727333
130.277190924  2727198
131.435039043  2724950
132.599282026  2724127
133.734396935  2723551
134.921079874  2723541
136.110007048  2722761
137.296525002  2722681
138.593631029  2721891
139.780004025  2721509
140.977576971  2720096
142.184098959  2719942
143.074758053  2719854
143.722848892  2719706
144.390064955  2719222
145.020567894  2719190
145.653331041  2719125
146.303519011  2719095
146.966897964  2718730
147.661170006  2717520
148.30478096  2717387
149.00030899  2717337
149.648297071  2716772
150.347200871  2716562
151.041909933  2716295
151.735516071  2716267
152.429253101  2716068
153.219462872  2716055
154.06248188  2715617
154.896334887  2713498
155.890358925  2713400
156.859894037  2713383
157.773439884  2713118
159.010504007  2711513
159.771271944  2711087
160.525817871  2710484
161.266474962  2709662
162.560786009  2709133
164.05002594  2708234
165.509696007  2662652
166.963277102  2658536
168.456208944  2650225
169.870105982  2643000
171.238364935  2642091
172.724230051  2567888
174.17138195  2565080
175.530137062  2564764
176.255708933  2564648
176.886318922  2564570
177.2780931  2564450
177.6419909  2563920
178.33196187  2563918
178.983109951  2563754
179.628089905  2563502
180.339284897  2562675
181.024805069  2562595
181.725121975  2561752
182.458720922  2561653
183.272624016  2549305
184.125859976  2549225
185.101607084  2549172
186.571322918  2548521
188.055314064  2548441
189.492089987  2546716
190.97121501  2539439
192.507956028  2538555
194.000616074  2531995
195.452300072  2531054
196.904368877  2530657
198.374319077  2528637
199.857071877  2528167
201.383639097  2527099
202.8882761  2526172
204.357038975  2525361
205.893527985  2524863
207.258091927  2524812
208.722220898  2524680
210.167872906  2522710
211.630580902  2522701
213.15398407  2513996
214.722590923  2512979
216.131690979  2511967
217.559464931  2511660
219.017046928  2507493
220.603731871  2506210
222.006857872  2505805
223.392975092  2503599
224.787880898  2497001
226.223635912  2494625
227.655339003  2493651
229.091485977  2489109
229.814928055  2487997
230.536936045  2486552
231.265000105  2486143
231.984102011  2486113
232.717365026  2485410
234.179663897  2484710
235.649816036  2416243
236.757431984  2415540
237.631433964  2415319
238.493167877  2414777
239.65438509  2414107
240.926044941  2414099
242.438117981  2413897
244.078350067  2412255
245.726042032  2400863
247.300527096  2400746
248.930085897  2400288
250.528258085  2348444
252.228806973  2341758
253.902666092  2329449
255.132946014  2326236
256.364337921  2326031
257.756453991  2314195
259.355741978  2313654
260.959117889  2313219
262.58830905  2312119
264.230318069  2309146
265.735308886  2309124
267.26718998  2308773
268.783399105  2308571
270.333353996  2308523
272.013067007  2305845
273.671855927  2235171
275.344894886  2235122
276.880448103  2204839
278.420953035  2199408
279.929403067  2199202
281.416975975  2198792
282.962512016  2198657
284.568016052  2197623
286.173760891  2192025
287.822853088  2187021
289.50413394  2184032
291.148499012  2183882
292.855444908  2178567
294.632824898  2135552
296.31051898  2133989
297.848843098  2133982
299.415749073  2133734
301.01769805  2133692
