0.0400400161743  6816567
0.0404779911041  6778071
0.0406460762024  6681261
0.0408101081848  6667530
0.0409729480743  6659952
0.0411360263824  6658613
0.0414600372314  6640285
0.0416231155396  6638385
0.0419471263885  6627504
0.0421099662781  6625516
0.0422699451447  6620310
0.0427420139313  6615885
0.0431659221649  6613943
0.0432939529419  6578210
0.0435450077057  6566558
0.0436730384827  6558030
0.0450360774994  6545726
0.0452880859375  6499464
0.0459089279175  6470801
0.0460350513458  6469131
0.0462899208069  6452258
0.0464301109314  6429236
0.0465581417084  6392277
0.0466849803925  6386794
0.0470609664917  6348475
0.047434091568  6348469
0.047935962677  6341832
0.0484390258789  6274564
0.048691034317  6273796
0.0488181114197  6267818
0.0490701198578  6263489
0.049446105957  6259680
0.0496981143951  6244573
0.0500741004944  6238362
0.0502009391785  6180263
0.0503289699554  6176447
0.0507040023804  6150276
0.0510151386261  6145166
0.0511510372162  6137756
0.0512809753418  6133411
0.0525000095367  6132111
0.0529429912567  6131160
0.0533220767975  6125482
0.0538229942322  6123192
0.0544631481171  6123070
0.0547189712524  6120800
0.0549731254578  6119402
0.0552279949188  6112686
0.0554821491241  6111484
0.0556099414825  6106381
0.0558640956879  6096351
0.0559921264648  6094326
0.0562450885773  6092756
0.0568771362305  6059769
0.0570049285889  6036038
0.0575051307678  6031348
0.0576329231262  5991644
0.0583829879761  5977934
0.0588850975037  5977281
0.059385061264  5969528
0.059513092041  5957993
0.0597660541534  5952120
0.0598931312561  5950884
0.0602700710297  5936732
0.0605220794678  5931632
0.0607750415802  5898570
0.0609049797058  5890583
0.0611591339111  5889266
0.0617830753326  5879325
0.0622849464417  5863266
0.0626630783081  5854529
0.0639109611511  5850460
0.0640399456024  5840661
0.0642960071564  5840184
0.0647990703583  5819151
0.0649280548096  5815130
0.0654399394989  5796503
0.0656931400299  5744323
0.0668201446533  5721470
0.0683209896088  5684649
0.0684490203857  5684217
0.0687019824982  5682454
0.0706961154938  5633005
0.0709519386292  5630929
0.0718259811401  5604902
0.0723309516907  5600897
0.0724589824677  5596974
0.0725879669189  5582933
0.0733449459076  5580806
0.0735991001129  5541265
0.0741331577301  5541247
0.076947927475  5477139
0.077358007431  5468012
0.0785081386566  5441107
0.0786530971527  5425924
0.0789310932159  5416712
0.0795540809631  5395338
0.0805249214172  5393501
0.0817310810089  5390153
0.0824999809265  5389754
0.0826289653778  5376230
0.0830030441284  5352288
0.0841159820557  5333723
0.0842440128326  5333459
0.0849850177765  5329701
0.0853581428528  5301064
0.0877051353455  5296383
0.0878310203552  5249474
0.0883281230927  5242696
0.0888249874115  5222405
0.090677022934  5218031
0.0916659832001  5212426
0.0917930603027  5209058
0.0921671390533  5190774
0.0927929878235  5189744
0.0930459499359  5179035
0.0939331054688  5178103
0.0966529846191  5171926
0.0967810153961  5168129
0.0970320701599  5167965
0.0974049568176  5167844
0.0998640060425  5160704
0.0999910831451  5158387
0.100979089737  5156013
0.101105928421  5150260
0.101848125458  5026406
0.105819940567  5024508
0.106076002121  5024215
0.10645699501  5016334
0.106714010239  5012063
0.107094049454  5002112
0.10759806633  5000812
0.107980012894  4991146
0.108864068985  4941394
0.109493970871  4936022
0.111536026001  4927097
0.112076044083  4918098
0.112345933914  4917932
0.113143920898  4898062
0.115741968155  4874581
0.117161989212  4873857
0.117795944214  4865068
0.119811058044  4860868
0.119940042496  4859388
0.120069980621  4859030
0.120325088501  4831383
0.121716022491  4827344
0.121972084045  4816519
0.123106002808  4806066
0.124778985977  4801174
0.126177072525  4791935
0.126939058304  4719060
0.127197027206  4709856
0.127583026886  4709733
0.127967119217  4706336
0.128351926804  4702415
0.130578041077  4700712
0.132499933243  4687474
0.133379936218  4684694
0.133640050888  4680076
0.134369134903  4677081
0.134655952454  4672500
0.135358095169  4669164
0.135744094849  4664846
0.136070013046  4664510
0.137012004852  4649942
0.139230966568  4634691
0.140387058258  4629012
0.140944957733  4626792
0.141369104385  4600645
0.142456054688  4598192
0.143123149872  4595658
0.143253087997  4594191
0.143522977829  4571987
0.145231962204  4541213
0.147016048431  4525396
0.147525072098  4520579
0.148957967758  4511556
0.150424003601  4509992
0.150561094284  4508766
0.154731035233  4498348
0.156842947006  4468625
0.159979104996  4463509
0.160362958908  4462837
0.160619020462  4461628
0.160880088806  4451661
0.162403106689  4450182
0.162533044815  4443816
0.162663936615  4434794
0.163818120956  4433193
0.164338111877  4432208
0.165053129196  4426217
0.166332960129  4414794
0.167343139648  4413677
0.1674721241  4409448
0.171766042709  4409239
0.173154115677  4403945
0.174536943436  4399226
0.178560018539  4393792
0.180021047592  4381434
0.181606054306  4328088
0.182368040085  4324575
0.184006929398  4322384
0.184137105942  4320414
0.185148954391  4320351
0.18540596962  4313270
0.185812950134  4309707
0.188508033752  4304231
0.188791036606  4302957
0.191256999969  4302291
0.191956996918  4238963
0.193599939346  4236765
0.196246147156  4230981
0.198601007462  4230499
0.199998140335  4220799
0.20165014267  4205854
0.203799009323  4205741
0.204442024231  4197132
0.20610499382  4180094
0.207628965378  4179808
0.208647966385  4166097
0.209032058716  4163676
0.211310148239  4163244
0.211441040039  4152825
0.21195101738  4147677
0.212208986282  4146931
0.215351104736  4141767
0.215480089188  4103984
0.215610980988  4100479
0.216244935989  4090519
0.217000007629  4058061
0.217390060425  4057097
0.217520952225  4042291
0.218415021896  4041052
0.219300985336  3995017
0.219937086105  3994637
0.22120308876  3870345
0.221712112427  3868503
0.222110033035  3864592
0.222921133041  3863285
0.223191022873  3801659
0.223330020905  3782205
0.223866939545  3780035
0.22642493248  3772830
0.229356050491  3752664
0.229486942291  3751041
0.229871988297  3746605
0.231310129166  3745300
0.232340097427  3743634
0.23627114296  3702238
0.237658023834  3699022
0.238039016724  3695937
0.239820957184  3676086
0.241666078568  3673425
0.243993997574  3670098
0.245139122009  3641465
0.246156930923  3640979
0.24781703949  3637964
0.249720096588  3637399
0.253258943558  3628205
0.258136987686  3627232
0.262115001678  3626435
0.262251138687  3625469
0.262764930725  3618135
0.262897014618  3617172
0.266160964966  3610200
0.266680002213  3609063
0.268088102341  3606970
0.269623041153  3600120
0.269753932953  3599884
0.271539926529  3587177
0.272814035416  3586468
0.274343013763  3581650
0.275113105774  3578940
0.275373935699  3574837
0.27782702446  3568146
0.279232978821  3566112
0.279366016388  3565743
0.280534982681  3564627
0.280795097351  3537979
0.281178951263  3536841
0.281816959381  3535592
0.282702922821  3535582
0.283468961716  3531763
0.285375118256  3530835
0.288661956787  3530538
0.28891992569  3530437
0.299422025681  3522052
0.300243139267  3515037
0.301218986511  3512459
0.301368951797  3509303
0.301800966263  3508771
0.302690029144  3500521
0.304086923599  3499774
0.307641983032  3496747
0.310184001923  3491449
0.319833993912  3490970
0.323547124863  3489977
0.324315071106  3472236
0.329265117645  3467339
0.329792022705  3463637
0.330560922623  3456236
0.334557056427  3405609
0.336750984192  3403704
0.339933156967  3394965
0.340445041656  3394718
0.345973014832  3394536
0.346493959427  3393044
0.347048044205  3385154
0.347582101822  3381391
0.351731061935  3381217
0.352117061615  3378938
0.352636098862  3374895
0.35582113266  3372540
0.357403039932  3372460
0.358716964722  3371487
0.358850002289  3364694
0.359761953354  3326459
0.363251924515  3319421
0.364150047302  3318828
0.364282131195  3312146
0.364412069321  3307714
0.366194009781  3307085
0.367341041565  3297021
0.375704050064  3296351
0.379473924637  3279665
0.381855964661  3276646
0.383158922195  3275900
0.383805990219  3274602
0.384324073792  3271134
0.384585142136  3264347
0.388566970825  3263605
0.389718055725  3257883
0.399075984955  3252818
0.40061211586  3248702
0.402274131775  3246550
0.404897928238  3246277
0.406382083893  3244411
0.411149024963  3237213
0.418020963669  3225599
0.419544935226  3224048
0.420311927795  3211779
0.423362970352  3208690
0.425756931305  3205447
0.428308963776  3204083
0.431597948074  3201056
0.439660072327  3195119
0.443566083908  3194085
0.44371509552  3188547
0.444919109344  3187752
0.448940992355  3187751
0.450205087662  3179258
0.45046210289  3178280
0.451998949051  3165643
0.457893133163  3154380
0.461251974106  3152291
0.461910009384  3147885
0.462557077408  3147861
0.466728925705  3134764
0.471811056137  3129707
0.477247953415  3125823
0.477966070175  3113307
0.478253126144  3112920
0.483824968338  3112564
0.48441195488  3111364
0.49454498291  3108650
0.498263120651  3105509
0.500826120377  3103722
0.509386062622  3099923
0.526961088181  3084633
0.531541109085  3026982
0.538735151291  3019639
0.540849924088  3018611
0.542530059814  3014566
0.545588970184  3011946
0.55388712883  3011047
0.557608127594  3004705
0.558660030365  3003844
0.561726093292  3003772
0.562490940094  3003771
0.569911956787  2997982
0.575257062912  2997922
0.576281070709  2993949
0.578771114349  2991580
0.580533027649  2985547
0.581421136856  2982953
0.585917949677  2982596
0.587896108627  2982183
0.590808153152  2982000
0.592972040176  2981439
0.597618103027  2966957
0.609506130219  2965601
0.61781001091  2964691
0.61872792244  2964438
0.619250059128  2964036
0.622215986252  2962334
0.629539966583  2962255
0.630664110184  2960363
0.652583122253  2959659
0.659739017487  2959632
0.664140939713  2957614
0.668955087662  2949811
0.671488046646  2949800
0.673530101776  2949405
0.68029999733  2948119
0.68744802475  2947840
0.689029932022  2941503
0.695724964142  2939011
0.706331968307  2936814
0.708271026611  2936275
0.708950996399  2934491
0.710168123245  2933781
0.71070599556  2933770
0.718168020248  2932869
0.724967956543  2930727
0.732893943787  2926725
0.744359016418  2926571
0.746911048889  2925423
0.747090101242  2924570
0.747843027115  2919899
0.75035405159  2917083
0.750906944275  2915929
0.760842084885  2915263
0.766965150833  2915062
0.767102003098  2910239
0.771254062653  2907345
0.773733139038  2905642
0.774287939072  2903947
0.776169061661  2902214
0.777296066284  2901177
0.786437988281  2898354
0.788145065308  2898229
0.801239967346  2896435
0.802263975143  2896345
0.816869020462  2895083
0.818411111832  2889855
0.818670034409  2886377
0.820698022842  2882003
0.836863040924  2879915
0.840193986893  2877544
0.85597205162  2877161
0.859125137329  2876810
0.860186100006  2875025
0.860716104507  2867420
0.861741065979  2863607
0.867177963257  2862853
0.872187137604  2851792
0.875123023987  2847184
0.890010118484  2846581
0.892701148987  2841175
0.893307924271  2839318
0.915118932724  2833654
0.91552400589  2832337
0.922124147415  2830517
0.923126935959  2828971
0.933105945587  2828787
0.942677974701  2828349
0.946475028992  2828285
0.949506044388  2822566
0.952242136002  2820250
0.954565048218  2819460
0.957621097565  2812393
0.961851119995  2800303
0.972671031952  2800013
0.976127147675  2795781
0.97626709938  2792008
0.976536035538  2791475
0.985361099243  2789961
0.98601603508  2787949
0.991683006287  2783987
0.996147155762  2782875
1.00016403198  2781752
1.00236201286  2779192
1.01170706749  2777782
1.01716995239  2774448
1.01832103729  2774447
1.02328014374  2774374
1.03103899956  2771214
1.03473901749  2769182
1.03860497475  2768691
1.04042005539  2767149
1.04928302765  2759264
1.0526471138  2733323
1.05582904816  2729582
1.07536101341  2724194
1.08025407791  2722956
1.09246206284  2717312
1.09843492508  2716095
1.10087013245  2715787
1.11516904831  2715239
1.12257504463  2709360
1.12696099281  2703076
1.14337396622  2701593
1.15326595306  2700367
1.15767407417  2699064
1.16023302078  2696485
1.1784529686  2696040
1.18992114067  2677319
1.19018411636  2676121
1.19653105736  2675898
1.20146203041  2675835
1.20538401604  2675273
1.20936608315  2672688
1.21587705612  2663830
1.22352695465  2663385
1.23035001755  2663261
1.23267292976  2662829
1.23428893089  2658150
1.23974704742  2656913
1.26303696632  2654655
1.269313097  2653261
1.2715549469  2652497
1.27324295044  2652444
1.28951406479  2649130
1.29093408585  2643020
1.30191302299  2642796
1.30781698227  2641097
1.3182349205  2639894
1.31970214844  2639881
1.33485913277  2637516
1.33576893806  2637363
1.33603096008  2636566
1.34366798401  2635712
1.35139012337  2631908
1.37929105759  2631805
1.38363003731  2630515
1.38763999939  2630274
1.38904905319  2626795
1.3905069828  2624685
1.39241909981  2622029
1.39574599266  2621966
1.39958095551  2621182
1.40117692947  2619028
1.42291593552  2618151
1.42439293861  2617590
1.43044114113  2615697
1.437292099  2615506
1.45060396194  2615419
1.45382213593  2615391
1.45983099937  2614601
1.46496415138  2613507
1.47102093697  2613134
1.47868895531  2612976
1.49733400345  2591618
1.50027394295  2590788
1.50079298019  2587505
1.50207996368  2587469
1.50931692123  2587394
1.53870105743  2583718
1.54898500443  2578291
1.55158996582  2578164
1.55228996277  2572453
1.55833601952  2572179
1.57657313347  2570316
1.57825708389  2569195
1.58262300491  2568407
1.58491015434  2567463
1.58632111549  2566109
1.58793902397  2565244
1.60251808167  2554093
1.61223101616  2553383
1.61756014824  2553221
1.62928509712  2553218
1.64133214951  2552342
1.65147900581  2552242
1.66505408287  2541135
1.66545295715  2540424
1.67495799065  2539651
1.69212794304  2534876
1.69291996956  2534088
1.69395899773  2522866
1.72601103783  2522248
1.73343300819  2521410
1.7518260479  2518586
1.75560903549  2495036
1.75677895546  2494139
1.75831508636  2491082
1.75908112526  2488351
1.75921201706  2481149
1.78396010399  2479421
1.807035923  2478720
1.81427311897  2477801
1.82437992096  2476864
1.83199310303  2476405
1.85218405724  2474097
1.85399603844  2470971
1.86324715614  2470537
1.87188196182  2470202
1.87967514992  2461473
1.90860295296  2454941
1.95036101341  2454923
1.96175813675  2454571
1.96879196167  2450681
1.99657607079  2447765
2.00038504601  2447068
2.00398397446  2446753
2.00426006317  2438110
2.01698708534  2437481
2.01967096329  2437259
2.03586292267  2434275
2.03728413582  2433841
2.0379550457  2433464
2.04097509384  2432798
2.05218505859  2431180
2.05898213387  2421149
2.07157993317  2421138
2.07539892197  2418844
2.07632803917  2417745
2.08257603645  2417627
2.09909200668  2412282
2.10701608658  2411478
2.11117005348  2409981
2.13009500504  2407376
2.13210892677  2407114
2.13796401024  2393849
2.14242315292  2393558
2.15547394753  2392296
2.1680419445  2391395
2.17163515091  2391350
2.19061803818  2390535
2.21201896667  2390087
2.2219619751  2388595
2.22224903107  2387598
2.22933793068  2386443
2.23539710045  2385806
2.24642205238  2385515
2.24788808823  2385495
2.25681495667  2384913
2.28011703491  2384569
2.28740406036  2384341
2.29637694359  2384204
2.30491995811  2377167
2.30572104454  2376645
2.315128088  2372697
2.31876206398  2372134
2.33637404442  2371972
2.34998703003  2363091
2.36337900162  2362821
2.37077999115  2359917
2.37381100655  2357841
2.37486696243  2355167
2.37607598305  2343419
2.3824300766  2342929
2.39397597313  2342697
2.4257569313  2296083
2.42673492432  2293007
2.44710612297  2291191
2.45438408852  2291172
2.45723509789  2291049
2.47526597977  2286427
2.48948407173  2284382
3.64794802666  2267391
3.65300297737  2265698
3.6567530632  2265283
3.66267299652  2262184
3.66323399544  2260722
3.66777896881  2258496
3.68763804436  2257989
3.6899740696  2256968
3.69277095795  2253752
3.69290709496  2244538
3.69549512863  2243717
3.69651508331  2240122
3.70842695236  2239046
3.71477508545  2238627
3.7212369442  2227486
3.721971035  2225636
3.72312998772  2225539
3.7256090641  2222931
3.73426413536  2222590
3.7382850647  2221045
3.74188899994  2218073
3.75835108757  2214205
3.7807841301  2207731
3.78859400749  2206035
3.78920412064  2204840
3.79106903076  2203387
3.81596207619  2203166
3.81983494759  2202308
3.82010412216  2202028
3.82103800774  2199614
3.82290911674  2198363
3.83234906197  2196851
3.84368896484  2196600
3.84730195999  2192805
5.70616006851  2170808
5.70740199089  2163467
5.71690797806  2147986
5.72067904472  2147801
5.73203015327  2147237
5.75955605507  2145108
5.77655315399  2140108
5.80569410324  2139631
5.80845808983  2125850
5.81173110008  2123310
5.81798195839  2123149
5.82639694214  2123143
5.83715200424  2122832
5.8372900486  2114312
5.84225893021  2114210
5.84844899178  2113957
5.85887312889  2113194
5.86365509033  2111561
5.89309000969  2111266
5.92417192459  2111210
5.9304599762  2111206
5.95352005959  2110873
5.97427296638  2105098
5.98140597343  2103716
5.9831609726  2103696
5.98782992363  2100108
6.03228211403  2099942
6.04459404945  2099886
6.04703712463  2099778
6.04848194122  2096535
6.05445408821  2084749
6.0651011467  2083429
6.06558513641  2077945
6.06728196144  2077641
6.08777403831  2077633
6.09438514709  2077152
6.1020591259  2076523
6.11054897308  2076181
6.11987996101  2056263
6.13373398781  2054522
6.16298413277  2049343
6.16706514359  2046831
6.18641209602  2046501
6.19096493721  2045970
6.19190812111  2045767
6.21873497963  2045711
6.21918106079  2044933
6.22169303894  2044846
6.23191714287  2043548
6.23428893089  2043199
6.23489093781  2043190
6.24358892441  2041794
6.24479913712  2041686
6.24880313873  2039716
6.27845311165  2039202
6.28038096428  2038508
6.33421611786  2036337
6.34237504005  2035918
6.34775114059  2034436
6.36418294907  2034326
6.37436413765  2033629
6.38487410545  2033133
6.38920307159  2031940
6.40779995918  2031936
6.42032313347  2030988
6.42495298386  2026445
6.47231698036  2025969
6.51999807358  2025759
6.53083515167  2025143
6.54986810684  2024256
6.55332708359  2024097
6.55792999268  2021193
6.57652497292  2021181
6.60561108589  2020550
6.61446809769  2019312
6.61931204796  2011669
6.64858102798  1998059
6.6495411396  1997677
6.67972207069  1996760
6.68090295792  1996675
6.68116807938  1993110
6.6821501255  1992664
6.69106197357  1990780
6.73649406433  1990625
6.75729799271  1989706
6.76463603973  1988945
6.77571201324  1988719
6.776293993  1988327
6.78685808182  1983919
6.79598808289  1982760
6.79704403877  1982135
6.82324504852  1981236
6.88990402222  1981120
6.90490293503  1980549
6.90522408485  1978316
6.90663003922  1977489
6.91325306892  1977038
6.9222779274  1976682
6.92376899719  1976133
6.93350505829  1976099
6.9825129509  1976077
6.98511695862  1975436
6.99422907829  1974183
7.00334906578  1973854
7.01302695274  1973694
7.02571392059  1971899
7.04080104828  1970752
7.06904911995  1970023
7.07049393654  1963240
7.0776951313  1961499
7.08427095413  1961071
7.12881803513  1958339
7.14741611481  1958307
7.14837813377  1958082
7.15292692184  1956653
7.17860102654  1938733
7.18111205101  1937702
7.1910841465  1937178
7.23497009277  1935986
7.25823903084  1925734
7.28257107735  1924931
7.29273915291  1924846
7.31073307991  1924334
7.31601309776  1920669
7.31840610504  1920598
7.31949210167  1920235
7.32810091972  1919857
7.34839892387  1918060
7.35071110725  1916413
7.37672615051  1916389
7.39549994469  1916290
7.42342495918  1913477
7.43252015114  1908521
7.48608207703  1906257
7.55403804779  1905526
