0.0363538265228  6599660
0.036661863327  6558321
0.0369639396667  6534856
0.037449836731  6523615
0.0376129150391  6521379
0.038097858429  6512408
0.0389239788055  6509841
0.0390620231628  6477126
0.0391988754272  6476432
0.0393259525299  6440848
0.0394539833069  6433567
0.0395798683167  6403133
0.039705991745  6402676
0.0402050018311  6340821
0.0404570102692  6330294
0.0407090187073  6325973
0.040834903717  6300988
0.0412118434906  6286279
0.0413398742676  6282867
0.0430769920349  6276965
0.0435748100281  6262213
0.0437028408051  6259063
0.0438299179077  6218691
0.0443320274353  6213685
0.0444588661194  6207970
0.0452089309692  6207045
0.045459985733  6188286
0.04558801651  6182328
0.0458400249481  6180355
0.0464179515839  6164823
0.0470550060272  6160926
0.0472187995911  6145812
0.047355890274  6145767
0.0477378368378  6121456
0.0482409000397  6119071
0.048369884491  6108627
0.0484979152679  6107031
0.0486259460449  6105754
0.0487749576569  6105651
0.0489449501038  6069290
0.0491998195648  6057266
0.0493288040161  6052433
0.049968957901  6035746
0.0502219200134  6025502
0.0504758358002  6024421
0.0513498783112  5990433
0.0518519878387  5985358
0.0522329807281  5980036
0.0523610115051  5971414
0.0527498722076  5963270
0.0530159473419  5912097
0.0537869930267  5899875
0.0545449256897  5867632
0.0550878047943  5861953
0.0555369853973  5858003
0.0556879043579  5854318
0.0560858249664  5847670
0.0562229156494  5833338
0.0567200183868  5831260
0.056872844696  5808700
0.0583169460297  5789897
0.0592188835144  5788494
0.0593469142914  5787129
0.0594749450684  5783886
0.0596029758453  5776941
0.0597310066223  5775038
0.0604808330536  5770233
0.0609819889069  5768127
0.0617308616638  5767841
0.0624809265137  5767697
0.0627348423004  5760398
0.0628638267517  5734820
0.0630090236664  5733074
0.0637528896332  5719329
0.0660209655762  5681629
0.0661528110504  5665504
0.0662808418274  5642033
0.0672798156738  5638259
0.0705518722534  5631003
0.0708107948303  5588307
0.071475982666  5580369
0.0717430114746  5576306
0.0718789100647  5553523
0.072536945343  5416721
0.0729320049286  5405541
0.0740039348602  5402861
0.0744168758392  5386498
0.0749650001526  5386497
0.075464963913  5368953
0.076210975647  5365274
0.0782079696655  5344036
0.0783388614655  5337489
0.0784659385681  5331055
0.0785949230194  5330799
0.0789728164673  5324874
0.0795998573303  5322630
0.080472946167  5313153
0.0813438892365  5311184
0.0815968513489  5305275
0.0818479061127  5202842
0.0824749469757  5193898
0.0831139087677  5174845
0.0842578411102  5158278
0.0849249362946  5146654
0.0863139629364  5142599
0.0864429473877  5138251
0.0865709781647  5135071
0.0876898765564  5128638
0.0880649089813  5124537
0.0896790027618  5123925
0.0911037921906  5123640
0.0921628475189  5115340
0.0936019420624  5112224
0.0937469005585  5109998
0.0960648059845  5102593
0.0978419780731  5097057
0.0989849567413  5096446
0.0992388725281  5085557
0.09974193573  5083203
0.100116968155  5070339
0.10061788559  5060368
0.100745916367  5052625
0.101861000061  5049931
0.101988792419  5037655
0.102115869522  5029228
0.104514837265  5028521
0.104645967484  5004770
0.105129003525  4999076
0.106761932373  4989677
0.107173919678  4976949
0.109682798386  4976691
0.110088825226  4971663
0.112247943878  4928224
0.113412857056  4910436
0.114553928375  4873868
0.115074872971  4871072
0.115960836411  4868218
0.116849899292  4833631
0.116979837418  4808589
0.118651866913  4807617
0.119287967682  4776901
0.119416952133  4776729
0.121563911438  4766466
0.122781991959  4759066
0.123090982437  4753757
0.12353181839  4723137
0.125383853912  4722868
0.125826835632  4595856
0.126142978668  4595455
0.127087831497  4593655
0.127344846725  4588330
0.127977848053  4571306
0.128863811493  4566825
0.129750967026  4566268
0.129912853241  4564898
0.132087945938  4563677
0.132350921631  4563446
0.134752988815  4551524
0.135393857956  4534584
0.135907888412  4534153
0.136039972305  4524444
0.137056827545  4521633
0.138007879257  4515547
0.138453960419  4512605
0.141517877579  4505130
0.142030954361  4496062
0.142664909363  4405314
0.143214941025  4404617
0.143596887589  4401560
0.144740819931  4356342
0.145527839661  4351196
0.14760684967  4350221
0.148136854172  4348699
0.151542901993  4346998
0.152690887451  4343857
0.153455018997  4298762
0.153584957123  4296838
0.154619932175  4296410
0.156224012375  4281065
0.157491922379  4277344
0.157899856567  4260837
0.159216880798  4258712
0.160626888275  4249767
0.161517858505  4246088
0.162415027618  4244614
0.162797927856  4243701
0.164481878281  4229244
0.166733026505  4226901
0.170166969299  4218319
0.170871973038  4218121
0.173812866211  4216771
0.174708843231  4215841
0.176745891571  4208763
0.178045988083  4208082
0.179313898087  4205560
0.180141925812  4198211
0.181285858154  4195436
0.181416988373  4192278
0.181799888611  4176549
0.181931018829  4172982
0.182438850403  4171971
0.182979822159  4161567
0.183252811432  4146881
0.183794975281  4127738
0.184404850006  4123571
0.186223983765  4121283
0.188673019409  4121089
0.191299915314  4120732
0.192122936249  4116015
0.194173812866  4108537
0.19726395607  4097130
0.197830915451  4095726
0.198979854584  4094403
0.199616909027  4077610
0.202586889267  4072676
0.204288005829  4069047
0.206075906754  4064315
0.20658993721  4061916
0.206846952438  4061901
0.208905935287  4054198
0.209038972855  4053632
0.209644794464  4039404
0.212528944016  4039058
0.214329957962  4031911
0.215857982635  4027561
0.215988874435  4022606
0.21649980545  4021508
0.217515945435  4014308
0.221018791199  4014002
0.221162796021  4013494
0.222725868225  3971978
0.222867012024  3970051
0.223289966583  3932125
0.225013971329  3924050
0.229679822922  3922572
0.231938838959  3920026
0.232338905334  3888192
0.234620809555  3885677
0.236442804337  3885048
0.238229990005  3884123
0.241859912872  3877974
0.242123842239  3873413
0.243238925934  3872326
0.244229793549  3872022
0.244874000549  3867630
0.245137929916  3864504
0.246925830841  3855631
0.250417947769  3853531
0.250682830811  3853479
0.251451969147  3851636
0.252722978592  3847650
0.257067918777  3845277
