0.0388400554657  7219898
0.0393891334534  7164916
0.0404260158539  7164464
0.0408980846405  7158073
0.0410361289978  7155934
0.0414071083069  7155379
0.0416231155396  7155371
0.041759967804  7155200
0.0420670509338  7152383
0.0426850318909  7139746
0.0428221225739  7139711
0.0430371761322  7137019
0.0444309711456  7115384
0.0445680618286  7113496
0.0448610782623  7108286
0.0452320575714  7106591
0.0453691482544  7104948
0.0458190441132  7088084
0.0472869873047  7084244
0.0494899749756  7062875
0.0496270656586  7056488
0.050066947937  7049057
0.0503661632538  7044135
0.0510451793671  7042516
0.0512590408325  7021896
0.0513970851898  7016444
0.051687002182  7013255
0.0520551204681  6997972
0.0521900653839  6974281
0.0526349544525  6960892
0.0533890724182  6953397
0.056648015976  6946896
0.0568599700928  6877602
0.061145067215  6870222
0.0616860389709  6866720
0.0623199939728  6862934
0.0624849796295  6856303
0.0630950927734  6854838
0.063581943512  6850386
0.0637300014496  6837276
0.0639641284943  6798720
0.0667760372162  6744710
0.0677609443665  6741734
0.0680520534515  6741703
0.0691151618958  6734761
0.0708980560303  6734557
0.0719590187073  6733538
0.0720951557159  6732073
0.0739550590515  6720518
0.0777361392975  6719160
0.0778720378876  6692629
0.0783181190491  6687447
0.0785310268402  6666430
0.0795950889587  6662810
0.0801191329956  6647811
0.0807180404663  6638087
0.080854177475  6623199
0.0815291404724  6602198
0.0816650390625  6532716
0.0854811668396  6513582
0.0856170654297  6504181
0.0895099639893  6498333
0.0896461009979  6447198
0.0940229892731  6426154
0.0941891670227  6426107
0.0944490432739  6414964
0.0991499423981  6408481
0.0992891788483  6357323
0.10470700264  6356130
0.104843139648  6352776
0.105177164078  6349851
0.106338977814  6325196
0.106637954712  6320966
0.107182025909  6318961
0.107869148254  6312910
0.10981297493  6311073
0.117481946945  6304665
0.123950958252  6302928
0.124403953552  6293837
0.124696969986  6249753
0.124834060669  6247096
0.125205039978  6236415
0.125343084335  6232067
0.125914096832  6183328
0.126050949097  6181671
0.12667798996  6180734
0.126816034317  6173906
0.12750005722  6169676
0.134006977081  6163688
0.134144067764  6163028
0.134437084198  6144071
0.142312049866  6140083
0.142449140549  6113132
0.151251077652  6112467
0.151393175125  6045183
0.151687145233  6044706
0.163508176804  6043943
0.16419005394  6034471
0.164417982101  6000482
0.164563179016  5977116
0.164967060089  5971392
0.165160179138  5969698
0.165586948395  5967989
0.166192054749  5955201
0.166880130768  5900828
0.167016983032  5893961
0.167778968811  5885236
0.167916059494  5816422
0.170359134674  5809218
0.170575141907  5803529
0.170711040497  5802604
0.17108297348  5796980
0.172924995422  5796426
0.176557064056  5796402
0.180598020554  5793585
0.18221116066  5792207
0.18399310112  5790654
0.184255123138  5774540
0.185912132263  5773201
0.188933134079  5765622
0.202768087387  5765179
0.204643964767  5761423
0.204861164093  5753605
0.205548048019  5753055
0.205963134766  5748937
0.207455158234  5744948
0.218904972076  5744285
0.219172000885  5738267
0.220643043518  5729982
0.221045017242  5729351
0.221529006958  5729204
0.221690177917  5726879
0.222738027573  5718379
0.223152160645  5717660
0.224075078964  5713621
0.225545167923  5708321
0.225682020187  5653623
0.22611618042  5648910
0.226567983627  5644472
0.229449033737  5643834
0.229650020599  5642436
0.229943990707  5637440
0.230447053909  5635675
0.230740070343  5635399
0.231349945068  5631858
0.236232995987  5629722
0.240566015244  5627800
0.246618032455  5627638
0.246760129929  5626542
0.246982097626  5626268
0.247323036194  5573484
0.253633022308  5571937
0.260318040848  5559101
0.260537147522  5557106
0.273812055588  5555511
0.287863969803  5554540
0.28800201416  5549999
0.288217067719  5544190
0.288375139236  5541475
0.288659095764  5503352
0.288951158524  5479373
0.289165973663  5475044
0.289927005768  5471496
0.304777145386  5471406
0.319702148438  5470552
0.320315122604  5467320
0.320453166962  5435225
0.320824146271  5434473
0.321117162704  5433741
0.321567058563  5385934
0.322095155716  5383941
0.322782039642  5378347
0.33846116066  5377398
0.338756084442  5373117
0.339282989502  5370228
0.339421033859  5357811
0.340263128281  5352233
0.34047794342  5344528
0.356546163559  5344227
0.356683015823  5343388
0.356976985931  5341954
0.35734796524  5332744
0.357954025269  5324159
0.358324050903  5318172
0.358538150787  5311411
0.359477996826  5304363
0.359614133835  5185475
0.375724077225  5182655
0.392915010452  5181931
0.393061161041  5142144
0.409592151642  5141969
0.430593967438  5141962
0.45209312439  5140239
0.479299068451  5137476
0.49853515625  5126279
0.518749952316  5117330
0.544815063477  5112062
0.567518949509  5109883
0.587594032288  5108018
0.613824129105  5102768
0.634961128235  5102342
0.655740022659  5101989
0.679620981216  5101742
0.699557065964  5087355
0.721133947372  5087340
0.741918087006  5087187
0.763242006302  5085253
0.788349151611  5081081
0.816815137863  5081057
0.835965156555  5080898
0.856743097305  5066170
0.87620806694  5054400
0.898555994034  4988364
0.918280124664  4973914
0.937782049179  4955962
0.960672140121  4955355
0.984557151794  4951859
1.01957201958  4945783
1.05959606171  4945741
1.07951498032  4936949
1.09988117218  4934047
1.11975812912  4933020
1.13961315155  4927650
1.16413807869  4927221
1.18661403656  4923563
1.20829510689  4923001
1.23342394829  4919073
1.25415110588  4919031
1.27491998672  4918542
1.31243300438  4912313
1.35008597374  4911371
1.36933207512  4910397
1.40738511086  4853168
1.48343706131  4842588
1.55906009674  4827402
1.63732099533  4825577
1.72074794769  4821658
1.80390501022  4821429
1.8805770874  4820832
1.95870614052  4819035
2.04328012466  4818207
2.12357711792  4817771
2.21070814133  4816188
2.33739995956  4816072
2.4552359581  4815997
2.581813097  4815226
2.70088410378  4815221
2.82707905769  4815161
2.96389508247  4814644
2.98844909668  4813750
3.00790596008  4747368
3.02749800682  4746951
3.04650306702  4741326
3.06571698189  4701717
3.08478307724  4699773
3.10540795326  4697624
3.13266515732  4696097
3.15182900429  4692908
3.17318797112  4690754
3.19323611259  4688844
3.21313405037  4687097
3.23267602921  4684545
3.25222706795  4676800
3.27693796158  4673125
3.30107903481  4672010
3.32396507263  4671263
3.34422016144  4670943
3.36459612846  4670772
3.39105606079  4668241
3.41324996948  4649639
3.43444705009  4644835
3.4537229538  4644748
3.47280097008  4644589
3.49204015732  4643972
3.51784396172  4627399
3.53914904594  4578716
3.58098912239  4576599
3.60257005692  4576255
3.62184500694  4526575
3.64206600189  4526424
3.66109895706  4525165
3.68016314507  4524246
3.70073103905  4523672
3.73012804985  4523342
3.7568230629  4520459
3.77845716476  4520211
3.79797506332  4477400
3.81712698936  4476542
3.83750796318  4472728
3.85774898529  4471936
3.87783908844  4471742
3.89721798897  4469830
3.91688513756  4469251
3.93641805649  4447062
3.95850110054  4402832
3.97754096985  4387634
3.99743914604  4366338
4.01899504662  4362189
4.040361166  4357794
4.06247806549  4323075
4.08568811417  4322823
4.10834908485  4304730
4.12924909592  4304533
4.15074396133  4304410
4.17504906654  4302469
4.19730997086  4271211
4.21802616119  4262157
4.23766207695  4254410
4.2605381012  4252964
4.28896403313  4252867
4.30805897713  4214152
4.32793498039  4208491
4.35336303711  4206467
4.38176417351  4206338
4.46064209938  4187187
4.53927206993  4185544
4.58087205887  4185534
4.67338204384  4184774
4.76116704941  4183757
4.84640312195  4182269
4.92421007156  4180974
4.96279597282  4180434
5.03802013397  4177120
5.11470103264  4154841
5.19554305077  4151157
5.27383494377  4147863
5.35018515587  4120208
5.39481115341  4120177
5.47699904442  4119202
5.51938700676  4118657
5.59808516502  4118275
5.68056106567  4113000
5.76468205452  4105882
5.84753513336  4086747
5.88717007637  4086704
5.96921515465  4060172
6.01090502739  4059639
6.08952903748  4058808
6.17256212234  4037139
6.25278401375  4034435
6.33611607552  4024844
6.37633514404  4024497
6.45866703987  4020646
6.49895405769  4020266
6.57923007011  4015179
6.61948013306  4014951
6.69664406776  4010173
6.78763413429  4009996
6.87304401398  4009699
6.95445203781  4009421
7.0419511795  4008884
7.12325811386  4008423
7.21976613998  4008303
7.36704516411  4004772
7.55896997452  4003030
7.74891901016  4002617
7.94012498856  4002455
8.12949800491  3997747
8.33321213722  3997469
8.53174996376  3997454
8.71994996071  3996980
8.92560696602  3981876
8.94518899918  3977878
8.96451616287  3976757
9.06665015221  3976230
9.26964211464  3942449
9.4282951355  3941631
9.63027095795  3925842
9.78596115112  3925813
9.98477911949  3921319
10.1841850281  3908928
10.288061142  3908702
10.4863390923  3904645
10.678786993  3897931
10.8800981045  3897067
11.0769209862  3870576
11.2796061039  3870561
11.4786400795  3870202
11.6687459946  3865729
11.8713340759  3865527
12.0628950596  3864940
12.2604160309  3864606
12.4594731331  3861418
12.6600899696  3858287
12.8553240299  3856340
13.0955250263  3856093
13.2754969597  3856027
13.4962470531  3856025
13.6707241535  3855554
13.880136013  3853710
14.098279953  3852948
14.3145840168  3852438
14.5373270512  3851654
14.7507600784  3851044
14.978413105  3850871
15.2043230534  3850575
15.4121689796  3847161
15.6318860054  3846413
15.8117330074  3846347
16.0361361504  3845684
16.2734661102  3833070
16.5090820789  3832944
16.749350071  3829997
17.0142681599  3829844
17.276870966  3829496
17.5247030258  3829208
17.7723879814  3809279
17.8784880638  3803850
17.9785180092  3803490
18.0744211674  3802885
18.2563300133  3802075
18.362486124  3801792
18.532200098  3791484
18.6297371387  3791260
18.7525141239  3790746
18.8586270809  3790655
19.0305690765  3763956
19.1820509434  3755764
19.2972011566  3755735
19.4528460503  3755000
19.6085290909  3726837
19.7251091003  3726785
19.8814811707  3724546
20.0357689857  3722270
20.1865580082  3719197
20.3431100845  3717699
20.5020279884  3676583
20.6181960106  3676309
20.7719941139  3672976
20.8952629566  3672924
21.0597920418  3672489
21.2191519737  3672293
21.3802201748  3672193
21.5366859436  3671370
21.6887979507  3658723
21.8469030857  3652322
22.0064790249  3649985
22.1589691639  3648708
22.3125619888  3648675
22.4721879959  3648213
22.6369609833  3647244
22.7982130051  3647107
22.9652600288  3646367
23.127199173  3639783
23.2795369625  3617965
23.2988290787  3617671
23.3175649643  3616474
23.3962161541  3615853
23.5561449528  3615545
23.7155890465  3614170
23.8870389462  3613446
24.0604660511  3612841
24.2199800014  3610673
24.4170210361  3610628
24.6272511482  3610155
24.8214509487  3579131
25.0204851627  3579020
25.2115590572  3578630
25.4044680595  3550882
25.606251955  3550874
25.8294110298  3550193
26.0709710121  3548760
26.3363320827  3548598
26.6172740459  3547909
26.8896119595  3545961
27.0986249447  3545862
27.3203270435  3545205
27.5090851784  3544594
27.7611300945  3543165
28.0218880177  3541838
28.2734670639  3541178
28.5342681408  3541099
28.7961480618  3540834
29.0426521301  3540624
29.2747461796  3540546
29.5115990639  3537203
29.687620163  3536936
29.8999550343  3536176
30.0901911259  3536089
30.2776830196  3535792
30.4680111408  3533916
30.6675100327  3508152
30.8701100349  3507475
31.0711929798  3506886
31.2574770451  3504913
31.4476790428  3503944
31.6421051025  3503690
31.8399140835  3500922
32.0556850433  3498007
32.2585911751  3496060
32.4965231419  3495854
32.7307579517  3495516
32.9794590473  3494067
33.2435650826  3493516
33.5222690105  3493305
33.7844591141  3492768
34.0746340752  3492752
34.3598301411  3492730
34.6616771221  3492688
34.9765219688  3491476
35.3333311081  3491403
35.7053301334  3491391
36.069920063  3482533
36.3524770737  3482415
36.6361300945  3482249
36.9046981335  3482102
37.185997963  3482072
37.5592010021  3481719
37.8512470722  3480925
38.120470047  3480557
38.3837139606  3480555
38.7011830807  3480533
38.9744780064  3480488
39.3899281025  3480046
39.7757160664  3479602
40.1869020462  3479384
40.599148035  3478896
41.0172469616  3477687
41.4263710976  3477401
41.8542180061  3476991
42.2837631702  3476932
42.7479290962  3476670
43.1601910591  3476509
43.5876829624  3475898
44.1117360592  3475389
44.5075809956  3475256
44.9121060371  3474893
45.2978720665  3471203
45.7047080994  3471175
46.1123130322  3465881
46.5169761181  3460062
46.920591116  3458589
47.3069550991  3457637
47.7196700573  3457465
48.1205551624  3456927
48.5159499645  3456902
48.9428210258  3456871
49.3538789749  3456484
49.9118311405  3454745
50.467993021  3453573
51.024394989  3453261
51.5858631134  3450408
52.1704461575  3449435
52.7213840485  3448585
53.286285162  3443865
53.8498239517  3441602
54.3926720619  3437808
54.9542810917  3436610
55.5044460297  3436209
56.0624699593  3435275
56.6109471321  3433855
57.1798510551  3423321
57.7426161766  3422665
58.3069610596  3421640
58.876691103  3421575
59.4467680454  3420629
60.0247321129  3419246
60.553645134  3419143
61.1384010315  3418338
61.7417171001  3417743
62.3390860558  3417052
62.9386250973  3416316
63.5325551033  3415792
64.123486042  3415516
64.7655010223  3414300
65.4148509502  3412353
66.0712151527  3411136
66.784922123  3410401
67.4796609879  3402898
68.206371069  3356889
68.8765220642  3356339
69.5412070751  3356306
70.2425441742  3355849
70.8982100487  3303871
71.3073530197  3303865
71.5418691635  3303008
71.7803850174  3302957
72.0175890923  3302878
72.2532601357  3302795
72.4932291508  3302694
72.7417640686  3302469
73.1956291199  3302201
73.6491701603  3301618
73.6763269901  3300755
73.712195158  3256662
73.7317781448  3254636
73.7512500286  3254366
73.771048069  3254141
73.7908940315  3246163
73.811052084  3236170
73.8356661797  3228513
73.8553471565  3222847
73.8801870346  3222833
73.9001040459  3221871
73.9216561317  3217476
73.9434959888  3215366
73.9735219479  3210753
74.0223920345  3210676
74.2108950615  3210075
74.5021500587  3210024
74.7913451195  3197198
75.0938100815  3197108
75.3718400002  3196724
75.7064151764  3194016
76.0368821621  3194008
76.3484261036  3193291
76.7183670998  3193125
77.0517711639  3192989
77.413120985  3191815
77.7149710655  3191758
78.2966570854  3191378
79.006414175  3191085
79.7204539776  3190697
80.5371999741  3190508
81.3607399464  3188534
82.1847081184  3186237
83.052519083  3185805
83.8176729679  3185209
84.5962181091  3184886
85.3573069572  3184604
86.0810120106  3184237
86.8158400059  3180759
87.5182900429  3180737
88.2436490059  3179059
89.0794730186  3178909
89.3629000187  3178728
89.6469609737  3178454
90.3863389492  3178379
90.692291975  3177837
91.0971710682  3175533
91.5120069981  3174912
91.9329841137  3168324
92.3582751751  3163491
92.7796399593  3163333
93.192207098  3161798
93.6307451725  3161752
94.0578680038  3146239
94.2528851032  3144325
94.2725350857  3143805
94.3908810616  3143482
94.507294178  3143183
94.5322830677  3140351
94.6347429752  3139930
94.745041132  3139829
94.9942100048  3139619
95.1085419655  3139480
95.2231140137  3138869
95.480132103  3127786
95.7241029739  3113446
95.935600996  3113320
96.1263971329  3113118
96.3985080719  3107776
96.6829490662  3103916
96.9096651077  3103903
97.1361169815  3103468
97.4172749519  3034138
97.6504580975  3034012
97.8570201397  3033810
98.1444139481  3017367
98.4147210121  3016313
98.644438982  3016265
98.9556951523  3016001
99.2665481567  3015173
99.5805981159  3008015
99.8935790062  3005426
100.219922066  3004884
100.612153053  3003757
101.059088945  3003583
101.508762121  3001579
101.963004112  2968220
102.413642168  2968083
102.863646984  2954713
103.310959101  2946594
103.751924992  2946400
104.19926405  2946156
104.710512161  2945400
105.163997173  2937603
105.609045982  2937458
106.081139088  2937353
106.549335003  2933477
107.052066088  2932682
107.579404116  2932625
108.117781162  2930291
108.64341116  2929980
109.20510602  2925685
109.767693043  2924717
110.349518061  2922813
110.847466946  2922734
111.369821072  2921016
111.879482031  2921001
112.385461092  2920721
112.895637035  2920710
113.472620964  2919865
113.979586124  2919683
114.525808096  2918885
115.087672949  2901925
115.61292696  2898923
116.162501097  2897261
116.73488307  2896859
117.336764097  2892033
117.940648079  2889886
118.515136003  2889258
119.073891163  2878252
119.640656948  2877991
119.839008093  2876729
119.859879017  2876715
119.958912134  2876474
120.139522076  2874919
120.333105087  2874779
120.502879143  2874279
120.969789982  2873954
121.145859957  2872580
121.416272163  2811314
121.690454006  2806289
121.952797174  2804123
122.230123997  2776193
122.503201962  2769975
122.777981997  2751585
123.067891121  2745078
123.170565128  2744093
123.269158125  2742996
123.551216125  2739578
123.828727961  2692940
124.106121063  2690395
124.126149178  2687506
124.248495102  2683553
124.377861977  2682041
124.567826986  2681356
124.80785799  2676859
125.075052023  2676767
125.348320007  2676193
125.638373137  2676167
125.933315992  2636772
126.238791943  2635969
126.555644035  2631249
126.889008999  2625983
127.225553989  2625245
127.528486967  2624832
127.873092175  2619983
128.210885048  2619747
128.565899134  2619097
128.904549122  2616035
129.257573128  2595101
129.608855009  2592673
129.969496965  2582915
130.31091404  2582358
130.682183981  2577546
131.050642967  2561774
131.421345949  2558807
131.771342993  2556659
132.125110149  2555065
132.433581114  2547880
132.791790962  2545924
133.166355133  2490776
133.54707408  2482384
133.883321047  2471062
134.227391958  2464236
134.592367172  2463847
134.983514071  2455107
135.364609003  2454174
135.740885019  2450765
136.138422012  2434486
136.529242992  2432638
136.914163113  2432164
137.317222118  2386149
137.78584218  2385275
138.277874947  2368510
138.632184029  2364882
138.981361151  2361102
139.332509041  2352979
139.680369139  2351667
140.183820963  2348752
140.687293053  2345585
141.200792074  2345045
141.733971119  2339066
142.427771091  2335118
143.12237215  2328285
143.815360069  2323087
144.500215054  2304992
145.182100058  2302894
145.84675312  2301785
146.590067148  2280134
147.357762098  2270800
148.06219697  2254114
148.755998135  2247835
149.43572402  2245902
150.118323088  2242052
150.797064066  2240459
151.483806133  2239009
152.240087986  2231339
152.994059086  2228449
153.765623093  2227118
154.471569061  2221954
155.152129173  2219274
155.936468124  2219091
156.643512964  2205959
157.302978039  2200830
157.99495101  2184213
158.673766136  2182796
159.354823112  2177140
160.041964054  2175817
160.716669083  2173062
161.408651114  2162189
162.162259102  2159046
162.84560895  2154759
163.520915031  2153925
164.212779999  2153889
164.907768965  2148471
165.589457989  2145997
166.266227007  2139240
166.939730167  2128898
167.632725  2127754
168.299769163  2124295
168.976629972  2107577
169.657124996  2097929
170.351016045  2078934
171.027554989  2070796
171.704632044  2070405
172.368240118  2067163
173.039414167  2064628
173.733546019  2056276
174.412649155  2041365
175.09029603  2025817
175.776474953  2014711
176.446532965  2010442
177.126202106  2009993
177.7943151  2000678
178.471770048  1998555
179.154250145  1996231
179.848929167  1992523
180.527353048  1983929
181.217955112  1978851
181.881817102  1975562
182.584959984  1970724
183.270094156  1963250
183.974532127  1955584
184.690924168  1953115
185.412060022  1951518
186.117357016  1946617
186.837319136  1944858
187.528946161  1941736
188.249057055  1932635
188.952998161  1930799
189.680695057  1930134
190.47933197  1924031
191.233407974  1916872
191.945481062  1914635
192.728899002  1910533
193.535307169  1907396
194.271383047  1907047
195.035679102  1905837
195.823223114  1903335
196.58633709  1897246
197.352106094  1893179
198.134938955  1891364
198.901153088  1891363
199.648910999  1889161
200.409819126  1888269
201.148854971  1888133
201.908797979  1873500
202.679495096  1872497
203.501400948  1871653
204.355668068  1870883
205.184316158  1869763
205.999541998  1869549
206.758881092  1868893
207.524794102  1867787
208.302194118  1867558
209.097284079  1863330
209.886252165  1862720
210.662150145  1861686
211.478496075  1860000
212.263221025  1859720
213.056157112  1859494
213.863681078  1858206
214.648230076  1858107
215.44482708  1857868
216.247533083  1854095
217.033128977  1853988
217.828628063  1850757
218.577301979  1850194
219.405542135  1844979
220.241803169  1838473
221.08418107  1838247
221.94076705  1834773
222.771172047  1831523
223.607275963  1820150
224.433293104  1818603
225.268957138  1817974
226.113281965  1809412
226.95133996  1808722
227.787863016  1807356
228.632226944  1803053
229.471402168  1802203
230.333254099  1794457
231.203819036  1793646
232.075405121  1790821
232.936876059  1781638
233.802257061  1779794
234.67216897  1772187
235.611091137  1768456
236.547702074  1767781
237.468156099  1766022
238.391384125  1765447
239.30591011  1765435
240.219051123  1765427
241.164505005  1765329
242.111161947  1760984
243.062476158  1760357
244.01345396  1759876
244.956242085  1759666
245.905817986  1759188
246.883591175  1757947
247.841962099  1756954
248.819656134  1756818
249.817466974  1756738
250.820027113  1755401
251.932357073  1688613
253.04266715  1688565
254.189582109  1671536
255.3208251  1671273
256.442173004  1662981
257.591120958  1657495
258.704231977  1656798
259.875854015  1656686
260.976014137  1654393
261.65456605  1653609
262.341487169  1652038
263.039397955  1650603
263.730175972  1648647
264.427067041  1646609
265.118946075  1644445
265.826298952  1643062
266.518751144  1642486
267.228791952  1642301
267.949498177  1641270
268.665436983  1641065
269.388054132  1639692
270.126877069  1638619
270.94193697  1638325
271.690732956  1638227
272.52295208  1637468
273.282745123  1637271
274.175842047  1636916
275.133347988  1636877
276.093983173  1636440
276.978856087  1635890
277.865858078  1635810
278.772500992  1635800
279.673012018  1634702
280.619153023  1634609
281.996458054  1633884
283.381874084  1633677
284.824041128  1633116
286.24766016  1631789
287.673156023  1631726
289.0554111  1631554
290.463219166  1630999
291.874953985  1630557
293.286164999  1630142
294.716897011  1630107
296.102202177  1629021
297.501521111  1628828
298.899218082  1628746
300.288048983  1625637
