0.0385799407959  6762786
0.039155960083  6720763
0.0396020412445  6705659
0.0401659011841  6602212
0.0407130718231  6596810
0.0408580303192  6574188
0.041002035141  6570391
0.0411469936371  6552337
0.0413119792938  6537605
0.0417349338531  6486118
0.0422358512878  6485573
0.0423638820648  6482848
0.0426168441772  6459738
0.0427460670471  6453478
0.0434989929199  6453455
0.0436260700226  6451680
0.0441379547119  6443017
0.0445170402527  6439544
0.0449039936066  6437528
0.0452010631561  6426312
0.0456440448761  6417537
0.0460000038147  6341671
0.0463130474091  6332742
0.0466878414154  6330439
0.0469388961792  6288398
0.0470659732819  6247332
0.0471930503845  6229495
0.0476899147034  6143027
0.0479390621185  6140863
0.0486850738525  6125146
0.0488119125366  6089687
0.0491859912872  6088329
0.049311876297  6029198
0.0494558811188  6007418
0.0498309135437  5980637
0.0503289699554  5944106
0.0505790710449  5943519
0.0521850585938  5942353
0.052314043045  5928472
0.0531799793243  5917173
0.053307056427  5852676
0.0534369945526  5817061
0.0537030696869  5809610
0.0539770126343  5807316
0.05531001091  5802190
0.0554509162903  5802042
0.0555789470673  5801623
0.0557050704956  5797672
0.055958032608  5789214
0.0563318729401  5755612
0.0570800304413  5751312
0.0577020645142  5732600
0.0582029819489  5719979
0.0585758686066  5717399
0.0588269233704  5712414
0.0596928596497  5711541
0.0598208904266  5705287
0.0603179931641  5689080
0.060446023941  5688148
0.0608310699463  5658904
0.0612058639526  5657693
0.0614759922028  5655419
0.0618889331818  5650279
0.062068939209  5626345
0.0638470649719  5620399
0.0641009807587  5613800
0.0652320384979  5612247
0.0654890537262  5599819
0.0667419433594  5594246
0.0668699741364  5592724
0.066997051239  5580843
0.0671238899231  5577098
0.0681149959564  5567442
0.0682420730591  5565718
0.0683698654175  5557473
0.0684978961945  5530232
0.0686240196228  5489347
0.0712988376617  5478878
0.071811914444  5434663
0.0721909999847  5416854
0.0723190307617  5380341
0.0724470615387  5373784
0.0727009773254  5372114
0.073077917099  5364410
0.073205947876  5361642
0.0738768577576  5361195
0.0740170478821  5359260
0.0745489597321  5351552
0.0752129554749  5336926
0.075963973999  5336863
0.0764019489288  5313486
0.0766830444336  5268106
0.0769670009613  5201644
0.0780549049377  5189005
0.0787448883057  5184846
0.0805850028992  5173930
0.0810658931732  5167295
0.0812029838562  5158063
0.081533908844  5133625
0.0831730365753  5099967
0.0833020210266  5097896
0.0835559368134  5094360
0.0851829051971  5092491
0.0855629444122  5051282
0.0859429836273  5036506
0.0863220691681  4974994
0.0881450176239  4974962
0.0895569324493  4974895
0.0898089408875  4974060
0.0900609493256  4973213
0.0901889801025  4908336
0.0906949043274  4892851
0.0913219451904  4852167
0.0914490222931  4851973
0.0915780067444  4846175
0.092346906662  4816558
0.0924758911133  4778984
0.0927288532257  4771423
0.0943460464478  4762375
0.0946168899536  4759446
0.0952498912811  4759176
0.0954139232635  4740104
0.0957009792328  4726785
0.0959558486938  4721940
0.0964589118958  4702219
0.0965869426727  4700292
0.0969648361206  4695944
0.0985939502716  4694913
0.0988459587097  4690002
0.0989739894867  4667920
0.099102973938  4656612
0.101718902588  4650400
0.101969957352  4647459
0.102098941803  4635469
0.10222697258  4619616
0.103361845016  4611417
0.103509902954  4605054
0.104047060013  4596509
0.104825973511  4593977
0.105108976364  4593337
0.107475042343  4591887
0.10861492157  4588927
0.110132932663  4586411
0.110527992249  4579963
0.110666036606  4579011
0.111397981644  4572944
0.112511873245  4570390
0.11316204071  4567829
0.115135908127  4557515
0.117066860199  4415822
0.11745095253  4413922
0.118975877762  4405474
0.119502067566  4402344
0.11964392662  4399344
0.122408866882  4395727
0.123049974442  4395065
0.123309850693  4388743
0.12381696701  4383871
0.124827861786  4376833
0.125086069107  4374502
0.125973939896  4367869
0.126733064651  4364642
0.127491950989  4357895
0.129723072052  4298985
0.130295038223  4296776
0.130436897278  4280413
0.130697011948  4267993
0.131250858307  4255563
0.131891012192  4233002
0.134417057037  4232815
0.13480091095  4225312
0.136066913605  4220661
0.136832952499  4220310
0.137243032455  4219816
0.137380838394  4216546
0.138862848282  4215750
0.140380859375  4214463
0.141140937805  4173208
0.14265704155  4135159
0.144044876099  4134894
0.144175052643  4121290
0.144809961319  4117480
0.145462989807  4116082
0.145829916  4107425
0.150339841843  4099675
0.150759935379  4089556
0.150892019272  4080247
0.152468919754  4067835
0.152600049973  4067638
0.153748035431  4058455
0.154386997223  4035182
0.163547992706  4003330
0.164515018463  4003045
0.165096998215  4002654
0.167110919952  3997097
0.167376041412  3970155
0.167763948441  3966587
0.171715974808  3958124
0.171846866608  3957910
0.172371864319  3954685
0.172514915466  3911326
0.173660039902  3906249
0.174170970917  3899713
0.176837921143  3889582
0.176970005035  3884741
0.177226066589  3837318
0.177356958389  3820304
0.178268909454  3819047
0.180443048477  3818236
0.182229042053  3767017
0.183140039444  3761271
0.183413982391  3746475
0.186431884766  3730391
0.186957836151  3708074
0.187841892242  3701563
0.188101053238  3658150
0.188487052917  3654033
0.188747882843  3646765
0.191529035568  3634381
0.194552898407  3633313
0.194684028625  3624233
0.196594953537  3622614
0.197623968124  3619800
0.199578046799  3615461
0.199713945389  3597041
0.200859069824  3595143
0.201128959656  3584441
0.203507900238  3582737
0.203769922256  3578420
0.206305980682  3575514
0.208961963654  3557303
0.210353851318  3556732
0.210484981537  3555756
0.21208190918  3549712
0.212259054184  3547356
0.212415933609  3539417
0.21744799614  3499401
0.2188539505  3498527
0.225358009338  3488536
0.229076862335  3479573
0.230931043625  3479392
0.231579065323  3467861
0.232215881348  3466774
0.237150907516  3459312
0.237469911575  3453825
0.238888978958  3450815
0.240181922913  3450137
0.240311861038  3444597
0.244108915329  3444262
0.246258974075  3402573
0.255775928497  3385679
0.256325006485  3385495
0.26051902771  3379433
0.263290882111  3376768
0.264709949493  3364138
0.26650094986  3362101
0.276635885239  3360287
0.27766084671  3359642
0.281383037567  3358502
0.281515836716  3355046
0.282294034958  3354746
0.283064842224  3330825
0.285107851028  3330499
0.286139011383  3323365
0.287050008774  3322553
0.287956953049  3312468
0.290727853775  3303741
0.291460990906  3301946
0.291900873184  3287352
0.29260802269  3283681
0.296113967896  3283495
0.297086000443  3282854
0.297598838806  3281590
0.299810886383  3272069
0.302387952805  3244127
0.30366897583  3243701
0.308423042297  3243700
0.308933973312  3237169
0.309319972992  3236929
0.311354875565  3228165
0.311874866486  3223250
0.31472992897  3220183
0.319161891937  3219128
0.320443868637  3203360
0.321085929871  3201275
0.321596860886  3191911
0.322485923767  3190785
0.32274389267  3189055
0.327589988708  3186032
0.328101873398  3176370
0.328613042831  3173551
0.329393863678  3171856
0.332375049591  3137709
0.333755016327  3137697
0.334694862366  3102243
0.341285943985  3029022
0.34180188179  3025285
0.342059850693  3022423
0.342567920685  3021987
0.349294900894  3016251
0.350071907043  3013962
0.350589036942  3013552
0.354038953781  3011017
0.355190038681  3010585
0.358118057251  3006320
0.373117923737  2996069
0.373510837555  2986691
0.37415099144  2985747
0.375797986984  2984903
0.377069950104  2984867
0.3791680336  2977172
0.381743907928  2971582
0.38187789917  2970390
0.382007837296  2969771
0.389406919479  2961752
0.394132852554  2954417
0.394892930984  2949805
0.399755001068  2935423
0.401277065277  2933191
0.404567956924  2925092
0.40722489357  2924401
0.410392999649  2921442
0.413027048111  2917290
0.414738893509  2914419
0.416277885437  2913361
0.419352054596  2903590
0.429507017136  2896881
0.433443069458  2894285
0.436431884766  2893238
0.438354969025  2892817
0.439503908157  2866300
0.450566053391  2855379
0.452524900436  2855134
0.454966068268  2854335
0.456114053726  2854065
0.45841884613  2851142
0.46114397049  2849585
0.462939023972  2844974
0.465954065323  2842316
0.472753047943  2840296
0.473270893097  2839222
0.47340297699  2835174
0.473662853241  2830735
0.474313020706  2829133
0.475476026535  2813077
0.485888957977  2791241
0.489184856415  2714353
0.490504026413  2713718
0.490638017654  2705654
0.491159915924  2705494
0.496001005173  2705181
0.500071048737  2676234
0.502388000488  2670617
0.508852958679  2668256
0.511440992355  2667622
0.511828899384  2666769
0.513112068176  2662504
0.513370990753  2662012
0.516216039658  2661386
0.51676607132  2659301
0.518836021423  2658903
0.524863958359  2649317
0.525382041931  2599231
0.52653503418  2595251
0.527426958084  2584733
0.53097486496  2577269
0.532073974609  2575573
0.536321878433  2575476
0.559387922287  2574502
0.55965590477  2574044
0.559788942337  2573903
0.560436010361  2567687
0.563566923141  2556106
0.572643995285  2547883
0.576511859894  2547008
0.579180002213  2546797
0.579437971115  2546788
0.580448865891  2545421
0.585388898849  2543641
0.589329004288  2543174
0.58966088295  2542695
0.590857982635  2537608
0.59775185585  2536509
0.598263978958  2533545
0.600314855576  2525642
0.600703001022  2521775
0.612659931183  2516214
0.613467931747  2514497
0.62558889389  2510878
0.627825021744  2510401
0.6330909729  2502106
0.633229017258  2478886
0.637387037277  2476599
0.641454935074  2475527
0.642600059509  2473273
0.64860701561  2472814
0.6550989151  2472545
0.659476041794  2463412
0.661969900131  2453426
0.672373056412  2449784
0.679239988327  2441645
0.684871912003  2439835
0.694253921509  2436450
0.697336912155  2433305
0.697468042374  2431982
0.697725057602  2431332
0.698235034943  2427271
0.69969201088  2426542
0.70157790184  2425968
0.705534934998  2421410
0.710114002228  2419004
0.710376977921  2416911
0.71825003624  2414797
0.733238935471  2412699
0.740543842316  2407624
0.742775917053  2404018
0.752060890198  2400590
0.753588914871  2398651
0.754153966904  2398632
0.754857063293  2397433
0.755849838257  2396958
0.759192943573  2396949
0.76062297821  2396115
0.765079021454  2395518
0.766892910004  2394042
0.770544052124  2392219
0.770823955536  2391195
0.773665904999  2390504
0.800443887711  2390171
0.801614999771  2387317
0.809939861298  2377054
0.830214977264  2374879
0.833478927612  2364860
0.836097002029  2360686
0.852870941162  2360040
0.859071016312  2359621
0.874165058136  2357318
0.875861883163  2347206
0.880759954453  2346293
0.888424873352  2346216
0.892385959625  2345745
0.893435001373  2343780
0.894088983536  2342151
0.895447969437  2338241
0.896955013275  2336286
0.899196863174  2333395
0.902818918228  2333024
0.906663894653  2332651
0.913284063339  2330671
0.927047967911  2329908
0.936501979828  2329087
0.95011305809  2327637
0.951556921005  2327540
0.95328783989  2321419
0.956717014313  2321034
0.964096069336  2320274
0.967231035233  2316850
0.971050977707  2316722
0.971447944641  2316354
0.984905958176  2316255
0.999812841415  2316078
1.00248098373  2314240
1.00667691231  2310346
1.02112388611  2308638
1.0296690464  2307443
1.03176188469  2307128
1.03337001801  2304725
1.03364992142  2304334
1.0442109108  2303824
1.04957890511  2302837
1.05164384842  2302631
1.05808591843  2302261
1.07227492332  2301584
1.08455204964  2292175
1.11963891983  2291770
1.12838602066  2291089
1.12955093384  2289078
1.146048069  2286624
1.14985704422  2278162
1.16742491722  2277930
1.20038604736  2276506
1.20134091377  2275118
1.20958089828  2267695
1.23048901558  2267048
1.2309088707  2266124
1.23636603355  2266046
1.23909902573  2265916
1.24882602692  2264946
1.25395393372  2264553
1.25457906723  2260350
1.27665686607  2259232
1.27705693245  2257517
1.28393387794  2256401
1.30116605759  2255397
1.31271505356  2253061
1.3128490448  2249130
1.32444906235  2246603
1.34597992897  2238393
1.36563897133  2235253
1.37269592285  2234615
1.37348484993  2233808
1.37748384476  2224174
1.37850594521  2223628
1.40362286568  2223540
1.4171769619  2223266
1.41881203651  2222590
1.46943593025  2214219
1.48755002022  2212348
1.50518393517  2210973
1.51439595222  2207617
1.51526689529  2205935
1.5384850502  2203710
1.54292201996  2202953
1.54374599457  2202564
1.55393600464  2200005
1.57941603661  2199731
1.58572888374  2199090
1.59154486656  2194392
1.59666395187  2187049
1.60332989693  2186524
1.611784935  2185758
1.63440203667  2185027
1.66682505608  2184427
1.67340087891  2184157
1.68720006943  2182306
1.69025492668  2179640
1.69755005836  2176514
1.70066285133  2170836
1.71212291718  2170821
1.71337795258  2169912
1.71613502502  2168591
1.71777892113  2167996
1.73329687119  2167992
1.74005699158  2167920
1.74184989929  2167589
1.7617919445  2166560
1.77192187309  2164657
1.81545996666  2164418
1.81785297394  2164169
1.81799197197  2162511
1.8222720623  2161057
1.82774186134  2159828
1.82948088646  2159624
1.85541296005  2158616
1.85584688187  2155132
1.89518499374  2145026
1.90151405334  2144316
1.91220092773  2144137
1.92687702179  2143889
1.95624899864  2142425
1.95862102509  2142304
1.97340488434  2138642
1.98017287254  2131939
1.9865899086  2131933
1.98941683769  2123600
1.99143886566  2121271
2.02152204514  2120689
2.06540584564  2120500
2.06968188286  2119522
2.07826304436  2104390
2.0853729248  2100448
2.09444999695  2099978
2.09877705574  2097661
2.1043150425  2097657
2.11281204224  2096074
2.11311602592  2094302
2.11586904526  2094241
2.14705896378  2093084
2.15529894829  2092309
2.1558098793  2090447
2.17172694206  2089912
2.17256689072  2089502
2.17931389809  2089298
2.20130991936  2089178
2.22048306465  2088584
2.28487706184  2088437
2.29402184486  2087136
2.29515886307  2068109
2.33146095276  2068101
2.34142398834  2067703
2.36354994774  2066796
2.37167406082  2063813
2.40657687187  2058576
2.4154958725  2049464
2.42895889282  2048100
2.43807888031  2048083
2.44907689095  2047851
2.47545695305  2047408
2.47677087784  2046046
2.48478889465  2045854
2.49998784065  2041899
2.51263904572  2041778
2.54227900505  2036326
2.55357098579  2036203
2.56703495979  2036112
2.57337093353  2036110
2.57687187195  2032834
2.61325883865  2030745
2.63989806175  2026280
2.64409589767  2025967
2.64890885353  2023096
2.65207386017  2012350
2.65651988983  2006022
2.66964197159  2004581
2.67976284027  2003689
2.68259596825  2003442
2.69169592857  2001548
2.70201706886  1997531
2.72510504723  1997395
2.72551584244  1997386
2.75449895859  1995023
2.75476503372  1993967
2.76204490662  1993746
2.76232600212  1993623
2.76260995865  1992665
2.79182386398  1991808
2.80331587791  1990789
2.85298895836  1978181
2.8544459343  1977895
2.88204789162  1976863
2.90015602112  1976824
2.95157599449  1976782
2.96654486656  1967019
2.97189593315  1966213
3.00523591042  1965570
3.01246786118  1960349
3.05466890335  1959978
3.07283306122  1958861
3.09449195862  1957607
3.09929990768  1955709
3.10690903664  1955702
3.1223859787  1954779
3.14331388474  1952116
3.14807701111  1952113
3.15814399719  1950363
3.17871403694  1945614
3.19247794151  1945520
3.19276094437  1945167
3.19695901871  1942982
3.23450803757  1942940
3.28832292557  1942606
3.31163191795  1942342
3.31732606888  1941715
3.32606196404  1941129
3.34577393532  1939287
3.35962295532  1939061
3.37363886833  1933603
3.38624405861  1930739
3.39110589027  1906233
3.42313790321  1904878
3.43092298508  1904629
3.45147395134  1903394
3.4906899929  1902850
3.53097701073  1900479
3.56802487373  1899515
3.57496500015  1897608
3.59530687332  1897027
3.60044884682  1896340
3.61895298958  1896303
3.6324930191  1895324
3.6355919838  1894606
3.65225791931  1894591
3.65603685379  1887852
3.67640304565  1886272
3.67667102814  1885748
3.69886302948  1882911
3.70792889595  1876774
3.74375391006  1872330
3.74950003624  1872251
3.7564740181  1871734
3.76533603668  1871048
3.76801586151  1870072
3.77526402473  1868584
3.77877902985  1868458
3.80155801773  1868405
3.81791186333  1867855
3.84001207352  1867541
3.84554791451  1866274
3.85412597656  1864247
3.86739301682  1863768
3.86987495422  1863671
3.90907096863  1861826
3.91665506363  1857453
3.93587684631  1856019
3.9497449398  1856016
4.01331496239  1855831
4.01772904396  1853454
4.05688405037  1852346
4.05703806877  1850735
4.05804085732  1796919
4.06034588814  1796345
4.06109285355  1795582
4.07720589638  1774669
4.08453297615  1774075
4.09434199333  1749678
4.10965394974  1747714
4.1476418972  1747577
4.17843604088  1746930
4.21609902382  1746680
4.22073292732  1746645
4.23303294182  1744941
4.25101399422  1744913
4.25447893143  1742456
4.29482698441  1742453
4.29936289787  1739880
4.29949498177  1739122
4.30869483948  1737761
4.32727885246  1737739
4.3534989357  1735999
4.4003880024  1734516
4.40465188026  1734201
4.45025205612  1731966
4.4524409771  1720125
4.46110987663  1719255
4.4693748951  1716494
4.51352500916  1715101
4.52451086044  1705449
4.52713894844  1704961
4.54325795174  1703964
