0.0412979125977  7192398
0.0414710044861  7168267
0.0417499542236  7158854
0.0418939590454  7154830
0.0426058769226  7140844
0.0427508354187  7105506
0.0431778430939  7098294
0.0434639453888  7092698
0.0436079502106  7086671
0.0437450408936  7057782
0.044116973877  7052995
0.0443668365479  7038221
0.0444929599762  7006380
0.044618844986  6985050
0.0448708534241  6980383
0.0451209545135  6980202
0.0454938411713  6973867
0.0457439422607  6941154
0.0458710193634  6884685
0.0459978580475  6883416
0.0462520122528  6868736
0.0466239452362  6864105
0.0471189022064  6863929
0.0472459793091  6829035
0.0476188659668  6814297
0.0479898452759  6799657
0.0483610630035  6768858
0.0486109256744  6759931
0.048859834671  6686693
0.0491089820862  6685074
0.0492360591888  6666023
0.0493619441986  6653720
0.0496108531952  6649294
0.0499830245972  6637257
0.0502319335938  6599713
0.0503599643707  6568306
0.0504858493805  6540778
0.0507378578186  6540623
0.0513689517975  6536873
0.0514960289001  6536822
0.0517449378967  6490897
0.0527949333191  6485523
0.0529248714447  6478218
0.0530519485474  6470925
0.0531778335571  6465564
0.0533039569855  6439496
0.0539200305939  6435910
0.0542919635773  6433015
0.0544168949127  6431621
0.0546660423279  6413642
0.0551600456238  6411449
0.055408000946  6411235
0.0559010505676  6401788
0.0566470623016  6400570
0.0576319694519  6352499
0.0583720207214  6349310
0.0586199760437  6349266
0.0587458610535  6344013
0.0588719844818  6342577
0.0591208934784  6325810
0.0596158504486  6319862
0.0604820251465  6289387
0.0607378482819  6213214
0.0611138343811  6210751
0.0613658428192  6140439
0.0616149902344  6057149
0.0617399215698  6053176
0.0618660449982  6034644
0.0621168613434  6032802
0.0623669624329  6013869
0.0624940395355  6005764
0.0631098747253  5936158
0.0632359981537  5923441
0.0636079311371  5921980
0.0637340545654  5915367
0.0642290115356  5895132
0.0647230148315  5892706
0.0661978721619  5888745
0.066447019577  5879179
0.0665729045868  5872044
0.0668239593506  5867299
0.0669498443604  5865637
0.0671989917755  5838176
0.0674479007721  5833688
0.0681979656219  5757868
0.0689358711243  5755859
0.0690629482269  5746326
0.0715188980103  5645004
0.0716450214386  5641450
0.0722639560699  5641127
0.0732479095459  5640506
0.074108839035  5634490
0.0744800567627  5630025
0.0754959583282  5629403
0.0760209560394  5600221
0.0769309997559  5585149
0.0770628452301  5508466
0.0784339904785  5503852
0.0788969993591  5497110
0.0819718837738  5483950
0.0832028388977  5476515
0.0844349861145  5409152
0.0848078727722  5403637
0.0851809978485  5400618
0.0855529308319  5399573
0.0859260559082  5398224
0.086051940918  5396053
0.0897798538208  5390069
0.0912969112396  5382721
0.092052936554  5335959
0.0939328670502  5334895
0.0941939353943  5328471
0.0944600105286  5303096
0.0955889225006  5301886
0.0988540649414  5272556
0.101227998734  5265014
0.102104902267  5254764
0.102233886719  5207349
0.10236287117  5195739
0.102614879608  5182582
0.102743864059  5175064
0.10325884819  5152471
0.103387832642  5135060
0.103517055511  5126721
0.103771924973  5126693
0.104766845703  5108292
0.105015993118  5103918
0.105388879776  5095780
0.105762004852  5095556
0.106407880783  5087297
0.106792926788  5078141
0.108062028885  5057024
0.108191013336  5012668
0.108952999115  5009801
0.10946393013  5009210
0.109973907471  4998564
0.11035990715  4981633
0.110998868942  4976686
0.111654043198  4951458
0.112460851669  4947345
0.112596988678  4911045
0.113127946854  4908833
0.113527059555  4897502
0.114591836929  4896478
0.114869832993  4885750
0.115890979767  4882382
0.116037845612  4846225
0.117223978043  4700636
0.117356061935  4700203
0.11823797226  4682049
0.12157201767  4681516
0.121930837631  4677509
0.122082948685  4677301
0.123030900955  4674720
0.126420974731  4673217
0.127177000046  4657998
0.127567052841  4654997
0.127696037292  4653969
0.127825021744  4600709
0.128078937531  4592387
0.128207921982  4591614
0.128836870193  4591529
0.129467010498  4589464
0.129971027374  4585704
0.130743026733  4584203
0.132871866226  4570187
0.133997917175  4567406
0.134167909622  4566322
0.136934041977  4489196
0.1380610466  4482895
0.138938903809  4464476
0.139066934586  4455945
0.139570951462  4415291
0.14032292366  4411077
0.141201019287  4410624
0.141577959061  4410528
0.141957044601  4407783
0.143331050873  4401955
0.144208908081  4394312
0.144714832306  4393498
0.14497089386  4384806
0.145973920822  4358433
0.147354841232  4355391
0.147485017776  4335884
0.147613048553  4324761
0.1482899189  4323089
0.148823976517  4320300
0.149224996567  4319537
0.152858972549  4317752
0.155259847641  4313810
0.157275915146  4312584
0.157534837723  4312107
0.158674001694  4310799
0.159431934357  4307735
0.159560918808  4306372
0.159688949585  4303508
0.163962841034  4280326
0.164595842361  4280294
0.165480852127  4264090
0.166240930557  4245715
0.166376829147  4244254
0.168647050858  4243310
0.168774843216  4235036
0.169028997421  4232087
0.171033859253  4224671
0.172158002853  4223340
0.173785924911  4213154
0.175789833069  4212342
0.179538011551  4210044
0.180294036865  4205341
0.180924892426  4191610
0.181679964066  4153891
0.181808948517  4144336
0.185241937637  4142361
0.185513973236  4135518
0.188060045242  4135514
0.189141988754  4134253
0.189273834229  4133269
0.189657926559  4132622
0.190791845322  4131050
0.191297054291  4123582
0.193696975708  4114431
0.196977853775  4113912
0.197108030319  4102295
0.200409889221  4083758
0.200917959213  4081109
0.201046943665  4080367
0.210515022278  4072522
0.210777997971  4070543
0.211036920547  4066889
0.211798906326  4054696
0.213314056396  4049563
0.215975046158  4028937
0.216485977173  4023689
0.216614961624  4021486
0.216869831085  4020886
0.219149827957  4019794
0.222117900848  4016416
0.222255945206  4013973
0.222796916962  4012224
0.223065853119  4012150
0.223203897476  4010130
0.224343061447  4010054
0.226511955261  4009930
0.229620933533  4008612
0.230507850647  4005664
0.230763912201  4005565
0.232530832291  4000130
0.233162879944  3993456
0.2339220047  3934390
0.235183000565  3932376
0.236189842224  3927998
0.237113952637  3911147
0.237251996994  3907645
0.237395048141  3898256
0.239469051361  3898249
0.239614963531  3894356
0.24037694931  3893112
0.241889953613  3885317
0.242531061172  3881859
0.244421958923  3881370
0.244801044464  3881310
0.24543094635  3879626
0.245559930801  3873426
0.245939016342  3871411
0.247570991516  3848678
0.247700929642  3804030
0.248085975647  3803402
0.2488489151  3798924
0.251373052597  3798307
0.251628875732  3797860
0.252514839172  3796947
0.253520965576  3790804
0.253775835037  3790449
0.25390291214  3783794
0.254540920258  3783365
0.255547046661  3774630
0.257690906525  3768854
0.258704900742  3766144
0.269103050232  3757995
0.270920038223  3754436
0.272150993347  3754119
0.277538061142  3739990
0.277812004089  3738874
0.27870798111  3737983
0.279341936111  3737160
0.280230998993  3735447
0.281491994858  3735313
0.2825050354  3734777
0.284651994705  3730903
0.28503203392  3728700
0.285923957825  3726891
0.289463043213  3673941
0.292368888855  3651298
0.296845912933  3650588
0.297379970551  3636352
0.297514915466  3565990
0.298684835434  3556074
0.300116062164  3552606
0.300551891327  3551622
0.302867889404  3550837
0.303520917892  3550729
0.303793907166  3549224
0.304093837738  3538514
0.304347038269  3537775
0.30882191658  3536321
0.309336900711  3526422
0.316928863525  3521459
0.322610855103  3513466
0.324374914169  3511706
0.32607293129  3510583
0.326987981796  3507636
0.335756063461  3505276
0.336074829102  3469382
0.337198972702  3465202
0.339830875397  3463405
0.340095996857  3461748
0.340226888657  3460853
0.341250896454  3458272
0.341382026672  3388323
0.341766834259  3359948
0.345190048218  3355645
0.347254037857  3350480
0.347385883331  3331808
0.347769975662  3329171
0.349037885666  3325064
0.349550962448  3322177
0.350314855576  3317731
0.350574016571  3313015
0.350832939148  3312951
0.359269857407  3312334
0.359917879105  3310911
0.363095998764  3306081
0.363352060318  3305216
0.364620923996  3301767
0.366642951965  3301485
0.369704961777  3300372
0.374320030212  3299520
0.378663063049  3295095
0.386680841446  3288702
0.399535894394  3275520
0.400804042816  3249314
0.401183843613  3248404
0.409437894821  3248387
0.411252975464  3248035
0.412767887115  3245920
0.41289806366  3245894
0.413277864456  3245892
0.415668964386  3241574
0.416937828064  3240858
0.424942016602  3239217
0.425896883011  3239011
0.426187992096  3237155
0.433491945267  3236006
0.43674492836  3235868
0.440831899643  3229828
0.4446849823  3219150
0.448515892029  3218911
0.450335025787  3213668
0.457587003708  3154592
0.464093923569  3147404
0.464756011963  3145697
0.468359947205  3119795
0.468492984772  3117675
0.469261884689  3113393
0.471720933914  3113258
0.481829881668  3112265
0.484812021255  3106179
0.485949039459  3105783
0.48908996582  3103407
0.490525960922  3101734
0.491436958313  3098703
0.498116970062  3096157
0.505754947662  3095643
0.508546829224  3094898
0.510457992554  3091216
0.510598897934  3073599
0.511278867722  3059421
0.511955976486  3057817
0.51451587677  3056762
0.514790058136  3055339
0.524173974991  3054035
0.527248859406  3049702
0.534157037735  3048997
0.538382053375  3048393
0.542850971222  3047427
0.54575586319  3046596
0.546445846558  3046489
0.546998023987  3046235
0.549231052399  3042292
0.550225019455  3040672
0.55323600769  3028115
0.556994915009  3026664
0.563410043716  3026258
0.564183950424  3025655
0.565340995789  3011685
0.565857887268  3010450
0.566499948502  3009425
0.569694042206  3000908
0.569869041443  2996802
0.572502851486  2986528
0.573546886444  2985690
0.592314004898  2984282
0.599534034729  2970682
0.608907938004  2963450
0.613615036011  2963047
0.625195980072  2960237
0.627501964569  2956110
0.627763032913  2954884
0.630748987198  2954159
0.634964942932  2952908
0.645977020264  2952560
0.647861003876  2951395
0.653606891632  2950972
0.66474199295  2950161
0.664880990982  2949765
0.670153856277  2941970
0.675699949265  2941850
0.687386035919  2940877
0.698359966278  2940397
0.701995849609  2937660
0.704880952835  2935238
0.70658493042  2927808
0.708788871765  2923396
0.709432840347  2919943
0.712973833084  2910330
0.713358879089  2909143
0.716037988663  2908939
0.719964027405  2908905
0.720232963562  2904259
0.721204996109  2902825
0.721838951111  2886933
0.728035926819  2883499
0.732828855515  2877471
0.736903905869  2874691
0.747375011444  2874320
0.751234054565  2874302
0.752382040024  2873851
0.758280992508  2872199
0.766481876373  2871806
0.766993045807  2866617
0.767632961273  2862753
0.783472061157  2862362
0.790082931519  2862175
0.80125784874  2862022
0.80455994606  2861007
0.805600881577  2852550
0.819435834885  2852021
0.820703983307  2850300
0.82145690918  2849615
0.82599902153  2845952
0.830764055252  2844145
0.836956977844  2843335
0.843024015427  2842651
0.854245901108  2841883
0.856719017029  2838308
0.857111930847  2837372
0.86248087883  2827996
0.870558023453  2826518
0.87285900116  2826096
0.87326002121  2825905
0.881911039352  2819462
0.886167049408  2803389
0.892294883728  2802768
0.905649900436  2759593
0.912531852722  2752223
0.91451883316  2750519
0.918237924576  2746081
0.922431945801  2744112
0.924717903137  2707507
0.9252409935  2704851
0.92537689209  2703272
0.926950931549  2703213
0.927989006042  2642360
0.93173289299  2640657
0.939476013184  2635538
0.941597938538  2630181
0.948279857635  2621770
0.951443910599  2615228
0.953886985779  2610696
0.96252989769  2607790
0.964762926102  2606992
0.973263025284  2601943
0.977385997772  2599746
0.980494022369  2599509
0.982521057129  2599248
0.982907056808  2592684
0.985188007355  2588210
0.996197938919  2588133
1.00043392181  2583797
1.00426197052  2581039
1.00678300858  2579694
1.01197290421  2577255
1.01672792435  2575818
1.01812505722  2565600
1.01825594902  2565225
1.01863884926  2565053
1.02334189415  2560886
1.02386593819  2560766
1.02463984489  2560124
1.03176403046  2560115
1.03461003304  2559962
1.03678703308  2557754
1.05279302597  2555666
1.05347704887  2555349
1.05574584007  2555226
1.05759501457  2553084
1.0588350296  2545197
1.06655883789  2544841
1.07174992561  2544438
1.07465004921  2544179
1.07533097267  2542724
1.0910089016  2542020
1.09256196022  2539859
1.10534405708  2539837
1.12997102737  2538648
1.13188004494  2536996
1.13304185867  2536307
1.1452729702  2535199
1.15703582764  2534591
1.17277288437  2532540
1.1765358448  2531763
1.1816868782  2529679
1.18422102928  2516380
1.18841385841  2515626
1.18868589401  2507589
1.21022796631  2506515
1.21190500259  2505417
1.21659183502  2505363
1.22300887108  2503048
1.23135685921  2502054
1.23178696632  2501666
1.23676586151  2501309
1.24772286415  2495217
1.24981999397  2491523
1.25146603584  2491059
1.25172400475  2477081
1.25783205032  2476691
1.26335406303  2475166
1.27030587196  2474846
1.27246594429  2474613
1.27667403221  2456197
1.28951692581  2454801
1.29040789604  2454351
1.29818105698  2452403
1.29931092262  2451829
1.31230688095  2451806
1.32095098495  2451508
1.33737897873  2449902
1.34322595596  2449794
1.34417486191  2447911
1.39557290077  2447685
1.40200090408  2446103
1.41169691086  2445958
1.41722083092  2443374
1.42625188828  2443120
1.43147492409  2439968
1.4359228611  2432913
1.4387409687  2423931
1.44619202614  2422408
1.44823098183  2421707
1.4506020546  2415364
1.45721697807  2415348
1.46517300606  2414786
1.47654485703  2414350
1.47884702682  2413291
1.48075604439  2413064
1.48567295074  2411888
1.48966884613  2411362
1.49587798119  2410562
1.50797200203  2409123
1.51065182686  2408569
1.51783800125  2405688
1.51873397827  2403677
1.52240991592  2400958
1.52384185791  2400669
1.52467298508  2398279
1.53315091133  2396291
1.54124283791  2393070
1.54188394547  2391009
1.5432779789  2388643
1.55052685738  2385772
1.56818795204  2385663
1.57062888145  2369903
1.5803399086  2368990
1.58262896538  2368974
1.59031605721  2368651
1.60816788673  2368376
1.60970497131  2365169
1.61611700058  2365062
1.62064099312  2356062
1.64477705956  2352397
1.65648698807  2351321
1.67102694511  2350979
1.67653989792  2350724
1.70756602287  2349164
1.72370100021  2348814
1.72591996193  2317449
1.73557806015  2315996
1.75391983986  2308795
1.76795983315  2308632
1.77156591415  2307664
1.77460694313  2307199
1.77988004684  2306672
1.79061388969  2298595
1.7940518856  2298571
1.8074388504  2297461
1.8309378624  2295342
1.83839488029  2294446
1.86722397804  2293561
1.87382698059  2291207
1.8846590519  2277584
1.91025185585  2276226
1.96081805229  2274411
1.98422193527  2274222
2.01875591278  2272591
2.04265594482  2270543
2.05129504204  2259172
2.05344486237  2255059
2.0676009655  2254795
2.13270783424  2254708
2.14403295517  2253668
2.14796996117  2251333
2.17235589027  2251122
2.18386483192  2249856
2.19597387314  2248784
2.19976902008  2246459
2.20259690285  2244886
2.20556282997  2243493
2.21197104454  2243159
2.21364498138  2240489
2.21656298637  2240236
2.23802804947  2238146
2.24152994156  2236831
2.25057697296  2230737
2.25635099411  2230488
2.25834584236  2229261
2.27697896957  2228301
2.28526306152  2226594
2.31386590004  2226424
2.35837388039  2225740
2.36206889153  2225283
2.36503887177  2224897
2.3715338707  2223529
2.37501096725  2223503
2.3912768364  2217101
2.40757083893  2216746
2.41930103302  2216383
2.46449184418  2216228
2.48491406441  2215170
2.49471497536  2215030
2.51285886765  2214515
2.52808594704  2214122
2.53367900848  2213449
2.55454897881  2212842
2.58628797531  2212553
2.59501504898  2212461
2.59731888771  2212340
2.60199093819  2211660
2.62712693214  2210969
2.65411686897  2210200
2.68213105202  2208642
2.68970394135  2195729
2.70384502411  2194745
2.72082185745  2194289
2.72710800171  2194161
2.73215889931  2193120
2.73536801338  2193117
2.7379488945  2192835
2.7400188446  2192438
2.74210500717  2191739
2.74728298187  2190357
2.76973605156  2182703
2.77138590813  2181922
2.80190992355  2180276
2.81203389168  2178183
2.8171889782  2177017
2.82435584068  2173828
2.84860706329  2172156
2.86157202721  2171174
2.8727889061  2171024
2.87769603729  2165105
2.92078495026  2164426
2.94490003586  2164286
2.95751094818  2164194
2.95912003517  2163320
2.98197603226  2162366
3.00842690468  2161659
3.04888987541  2160938
3.07016897202  2160266
3.07460594177  2159964
3.10619997978  2155450
3.11771583557  2155151
3.13080096245  2154423
3.13093996048  2152086
4.52108502388  2150442
4.5215139389  2149468
4.52592802048  2145569
4.52720999718  2143305
4.52797698975  2137737
4.52873682976  2136945
4.54023504257  2132660
4.54370093346  2123341
4.55220484734  2123051
4.55633687973  2119352
4.55943584442  2119311
4.56553888321  2118549
4.56995606422  2113237
4.58223986626  2112839
4.5826728344  2109300
4.59027886391  2109090
4.5905418396  2108867
4.59067583084  2108817
4.59927582741  2107831
4.61223697662  2107206
4.61914396286  2105984
4.62539601326  2090875
4.63545084  2090297
4.64013791084  2089553
4.64554190636  2087471
4.66082501411  2085350
4.66300201416  2073252
4.66338801384  2071159
4.66712784767  2070117
4.67868590355  2068602
4.68748283386  2048699
4.68865990639  2046655
4.70535492897  2044635
4.71759796143  2042817
4.72671604156  2042334
4.72835588455  2042125
4.74006295204  2037111
4.74366903305  2035154
4.74546384811  2034435
4.75077795982  2032527
4.7523150444  2025276
4.76000404358  2023334
4.7704269886  2017281
4.7719180584  2017132
4.77792882919  2016425
4.7829580307  2015652
4.79710888863  2012168
4.81648087502  2011011
4.82870292664  2007130
4.83154797554  2001132
4.84848999977  1993907
4.86411499977  1993689
4.86533999443  1989493
4.87589597702  1987828
4.87917089462  1984189
4.88509082794  1983709
4.92373085022  1983308
4.93618488312  1982650
4.93724989891  1982244
4.94229388237  1981945
4.94242691994  1979263
4.94293999672  1978213
4.94755291939  1977954
4.96848392487  1977150
4.97041797638  1972415
4.9716489315  1971843
4.98438692093  1969891
4.98508501053  1969540
4.99648189545  1966676
5.02127695084  1962870
5.04986906052  1962248
5.05013203621  1960227
5.06384396553  1959692
5.06550383568  1959074
5.06814289093  1957308
5.08588385582  1956960
5.09570193291  1956268
5.10146093369  1956170
5.11507701874  1956137
5.12525606155  1955744
5.1321709156  1952117
5.13542294502  1950758
5.14636683464  1948035
5.15013504028  1947153
5.1618540287  1946914
5.16425585747  1946739
5.1676928997  1945181
5.17175602913  1944539
5.19798398018  1923216
5.19988584518  1922823
5.21133089066  1922669
5.23945498466  1921589
5.24991083145  1921426
5.25311899185  1921204
5.27404284477  1912271
5.2741830349  1910448
5.28324890137  1910417
5.28527283669  1910358
5.30018305779  1909309
5.30318284035  1909279
5.32145690918  1899814
5.33406996727  1899428
5.35030293465  1899063
5.37232398987  1898043
5.38034796715  1897853
5.38626694679  1894444
5.38753390312  1894439
5.39440488815  1894297
5.39801502228  1891833
5.40258598328  1891245
5.42205286026  1891219
5.42735886574  1881432
5.44797801971  1881172
5.46112990379  1880558
5.4697329998  1876396
5.48401904106  1876270
5.48633599281  1876005
5.49631690979  1875774
5.49659490585  1875410
5.50939702988  1875316
5.52293086052  1874114
5.56589889526  1872764
5.59284305573  1872433
5.6047129631  1870566
5.60740995407  1870402
5.61306905746  1870106
5.61448502541  1868425
5.62189888954  1865602
5.68545103073  1864953
5.69578504562  1861157
5.71363782883  1860188
5.7315659523  1859976
5.74756503105  1859337
5.76414084435  1857739
5.78751897812  1854500
5.79437303543  1854194
5.79977989197  1853315
5.81402587891  1852956
5.83431887627  1852821
5.8395819664  1852534
5.85382699966  1851366
5.85754799843  1850701
5.86309504509  1848974
5.8675429821  1848962
5.87097501755  1846375
5.88276004791  1845772
5.88671088219  1841212
5.93216991425  1840781
5.94032597542  1840504
5.95334506035  1839274
5.95703005791  1838909
5.9945499897  1838162
6.02466201782  1837527
6.02982783318  1836292
6.0688970089  1835859
6.10007190704  1825670
6.11966896057  1825561
6.13300204277  1825289
6.14123797417  1824339
6.14377903938  1824001
6.14434289932  1822673
6.16924786568  1822573
6.17935705185  1822449
6.18285989761  1821629
6.20450997353  1818122
6.2273478508  1817928
6.22813987732  1816829
6.23008489609  1816763
6.23111701012  1816513
6.23201584816  1815870
6.2677218914  1815438
6.28204703331  1815342
6.34227991104  1813375
6.34482097626  1811654
6.35293483734  1809764
6.41314601898  1808103
32.381538868  1807893
32.4356558323  1805075
32.4717788696  1804681
32.4812698364  1803527
32.4988629818  1799053
32.5119829178  1798921
