0.0375101566315  7432725
0.0378131866455  7426624
0.0384080410004  7405422
0.0385601520538  7399541
0.0387229919434  7385169
0.0388841629028  7380746
0.0392060279846  7369548
0.0393581390381  7366638
0.0396921634674  7364399
0.0398461818695  7360904
0.0399901866913  7348022
0.0405561923981  7233320
0.040699005127  7232187
0.0408351421356  7228590
0.0409891605377  7166248
0.0411310195923  7146311
0.0412740707397  7112105
0.0415329933167  7084075
0.0417821407318  7074725
0.0421540737152  7074116
0.0422790050507  7054786
0.042405128479  7043854
0.0426540374756  7030971
0.0427801609039  7019382
0.0429060459137  6978639
0.0434010028839  6949788
0.0437722206116  6894377
0.0440211296082  6890471
0.0441460609436  6885397
0.0442721843719  6802685
0.044643163681  6744529
0.0447690486908  6731286
0.0448942184448  6696546
0.0451440811157  6679046
0.045392036438  6659569
0.0456411838531  6654023
0.0457670688629  6615522
0.0460140705109  6612750
0.0463840961456  6606354
0.046510219574  6566449
0.0484139919281  6555986
0.0485751628876  6537125
0.0494420528412  6466923
0.0501091480255  6458647
0.0503740310669  6405645
0.0505001544952  6394324
0.050626039505  6394066
0.0508739948273  6362506
0.0509991645813  6355009
0.0513701438904  6268078
0.0524802207947  6247481
0.0526061058044  6239897
0.0527319908142  6239718
0.0528571605682  6202533
0.0534751415253  6201095
0.053601026535  6197419
0.0539710521698  6185731
0.0540971755981  6179377
0.0544681549072  6172774
0.0547170639038  6137443
0.0550880432129  6137066
0.0553359985352  6105671
0.0554621219635  6099847
0.0555880069733  6093164
0.0557141304016  6067340
0.0562071800232  6058904
0.0567011833191  6048546
0.0578072071075  6026301
0.0583012104034  6023835
0.0584301948547  6017614
0.0596561431885  5983603
0.0601501464844  5977636
0.0608901977539  5976683
0.0612621307373  5974562
0.0617561340332  5961124
0.0620050430298  5874179
0.0622529983521  5863138
0.0625011920929  5847416
0.0629920959473  5846239
0.0633630752563  5840529
0.0644640922546  5795487
0.064954996109  5790342
0.0660891532898  5786348
0.0663540363312  5757684
0.0675661563873  5757333
0.0679590702057  5746343
0.0685760974884  5737154
0.06906914711  5736358
0.0691940784454  5707452
0.0704190731049  5690829
0.0707910060883  5682170
0.0710401535034  5648167
0.0712890625  5641203
0.0716621875763  5640948
0.0728139877319  5631886
0.0734910964966  5613415
0.0736241340637  5612719
0.0742750167847  5605240
0.0756461620331  5598113
0.0769472122192  5584712
0.0781850814819  5548756
0.0783112049103  5544379
0.0795390605927  5504952
0.0802760124207  5504900
0.0806460380554  5437135
0.0813841819763  5426626
0.0815100669861  5423747
0.0820500850677  5422853
0.0829570293427  5420271
0.0832340717316  5401518
0.0837910175323  5379334
0.0841710567474  5354568
0.0848021507263  5354356
0.085431098938  5354041
0.0863091945648  5353609
0.087060213089  5347509
0.0875601768494  5342545
0.0879380702972  5336420
0.0891849994659  5336350
0.0893142223358  5295209
0.0896911621094  5294295
0.0908172130585  5240686
0.0910680294037  5239773
0.0919392108917  5235900
0.0926811695099  5207295
0.0937840938568  5191763
0.0942800045013  5188446
0.0950210094452  5186755
0.0958750247955  5179358
0.0968611240387  5155626
0.0972340106964  5155236
0.0973601341248  5140031
0.097608089447  5139306
0.0988349914551  5135877
0.0990841388702  5133680
0.101088047028  5122073
0.102483987808  5116438
0.103239059448  5084373
0.10374212265  4930019
0.106834173203  4927433
0.107092142105  4927270
0.107845067978  4920069
0.108223199844  4919002
0.108603000641  4918846
0.108731031418  4913912
0.110289096832  4810772
0.111101150513  4809284
0.11150598526  4804199
0.114078044891  4803143
0.114373207092  4798747
0.115155220032  4786672
0.11617898941  4775190
0.117332220078  4767495
0.118275165558  4764422
0.119276046753  4759090
0.119531154633  4655574
0.119660139084  4652351
0.120172023773  4556891
0.120930194855  4554946
0.121802091599  4521896
0.122095108032  4518083
0.122755050659  4500687
0.124388217926  4499357
0.124766111374  4485508
0.125895023346  4473225
0.130221128464  4472707
0.130702018738  4471601
0.131953001022  4437450
0.13209104538  4435413
0.132708072662  4408223
0.133010149002  4405499
0.134936094284  4403000
0.13506603241  4399400
0.136203050613  4395088
0.141070127487  4395035
0.141580104828  4392787
0.141960144043  4358288
0.143834114075  4354591
0.144088029861  4302629
0.144218206406  4289295
0.147732019424  4287684
0.14937710762  4284857
0.151059150696  4232515
0.152065992355  4232207
0.152320146561  4223665
0.153678178787  4221327
0.153817176819  4219638
0.154098033905  4218529
0.154303073883  4208057
0.155288219452  4198306
0.155801057816  4195183
0.15643119812  4194032
0.156939029694  4193181
0.158448219299  4187974
0.158702135086  4183196
0.160084009171  4180260
0.161872148514  4180147
0.163077116013  4178157
0.16383600235  4160031
0.163964986801  4158920
0.164219141006  4158397
0.16698718071  4143964
0.167117118835  4122598
0.168873071671  4118379
0.171447038651  4105293
0.172402143478  4093881
0.175590991974  4090073
0.17597413063  4080600
0.178012132645  4073165
0.178732156754  4073164
0.181129217148  4068034
0.185104131699  4065475
0.1879529953  4058722
0.188338041306  4055944
0.190738201141  4052214
0.193147182465  4051117
0.193533182144  4049626
0.193917036057  4038939
0.194176197052  4035612
0.195268154144  4031153
0.197635173798  4030225
0.198897123337  4010514
0.199027061462  3997934
0.199381113052  3972751
0.199540138245  3957833
0.203711032867  3955776
0.204604148865  3955019
0.205744028091  3954463
0.206256151199  3953468
0.208083152771  3947780
0.210666179657  3947403
0.210836172104  3901428
0.215692996979  3901146
0.216576099396  3900711
0.217861175537  3898905
0.218774080276  3898869
0.219169139862  3879049
0.219319105148  3870611
0.219829082489  3842589
0.220748186111  3840441
0.221148014069  3805894
0.223076105118  3799307
0.22364115715  3799144
0.225064992905  3798018
0.226888179779  3791982
0.22752404213  3791527
0.228587150574  3790628
0.231343984604  3786583
0.231728076935  3763235
0.232106208801  3753402
0.232735157013  3724336
0.233992099762  3717055
0.234461069107  3696967
0.234958171844  3694784
0.238458156586  3693644
0.245254039764  3692473
0.245387077332  3690563
0.248032093048  3689863
0.255164146423  3677419
0.259038209915  3673790
0.266514062881  3672548
0.277784109116  3670467
0.281491994858  3669244
0.283528089523  3668489
0.287043094635  3665754
0.288818120956  3665144
0.290731191635  3663352
0.290861129761  3662343
0.292243003845  3661698
0.29296207428  3661623
0.295561075211  3657998
0.298233032227  3652669
0.299699068069  3648787
0.302475214005  3646716
0.305263996124  3646696
0.308054208755  3618742
0.31019115448  3615048
0.31222820282  3614527
0.31235909462  3610329
0.317926168442  3605211
0.319223165512  3563864
0.320755004883  3561460
0.322152137756  3556640
0.325794219971  3547127
0.326057195663  3539866
0.327830076218  3534917
0.331284999847  3534184
0.33531999588  3508383
0.335474014282  3499567
0.337639093399  3496590
0.338559150696  3496382
0.339207172394  3495471
0.340495109558  3472000
0.344391107559  3468199
0.34830904007  3467853
0.352599143982  3466619
0.358130216599  3462347
0.360262155533  3461639
0.361726999283  3457733
0.361987113953  3457284
0.363752126694  3454107
0.363882064819  3450861
0.364011049271  3435441
0.364263057709  3434673
0.364641189575  3432450
0.366271018982  3418439
0.367281198502  3416568
0.370048999786  3413050
0.37032699585  3411225
0.370866060257  3411165
0.372487068176  3411056
0.373913049698  3390561
0.374060153961  3387323
0.374207019806  3386780
0.375477075577  3380338
0.377505064011  3366623
0.378962039948  3366320
0.381404161453  3358664
0.385662078857  3355485
0.38932800293  3355243
0.391867160797  3334914
0.392637014389  3331147
0.395070075989  3328980
0.402176141739  3313352
0.407273054123  3312950
0.409794092178  3312791
0.411597013474  3311480
0.420238018036  3310865
0.422036170959  3309731
0.423431158066  3308593
0.428144216537  3308539
0.431600093842  3306927
0.438460111618  3302910
0.44242310524  3300603
0.44286108017  3299444
0.448393106461  3294529
0.449286222458  3292022
0.451952219009  3290982
0.461680173874  3288351
0.462381124496  3283215
0.467159986496  3283192
0.473295211792  3273285
0.473945140839  3270778
0.474609136581  3270371
0.480007171631  3268782
0.480698108673  3266558
0.480970144272  3266442
0.481918096542  3264742
0.4820561409  3261779
0.487737178802  3255806
0.488128185272  3255499
0.497977018356  3241342
0.502559185028  3235769
0.509474992752  3233961
0.51420712471  3231916
0.514732122421  3225914
0.517666101456  3219857
0.521988153458  3217773
0.526830196381  3213595
0.529655218124  3213216
0.530564069748  3205564
0.536192178726  3204907
0.545678138733  3199706
0.551903009415  3198297
0.554001092911  3186410
0.557635068893  3184039
0.569585084915  3170031
0.569846153259  3107458
0.57150220871  3107186
0.575520038605  3103955
0.578387022018  3103443
0.57970905304  3102275
0.585685014725  3087713
0.587455034256  3087491
0.588531017303  3087104
0.590705156326  3084733
0.593600034714  3084195
0.598430156708  3081931
0.599821090698  3081180
0.600699186325  3074589
0.602976083755  3074323
0.613962173462  3072834
0.614363193512  3070854
0.615306138992  3070145
0.616461992264  3068540
0.622354984283  3066142
0.624350070953  3066054
0.625492095947  3065022
0.625627040863  3058015
0.626154184341  3057642
0.630758047104  3052110
0.631685018539  3051645
0.63666510582  3051502
0.640081167221  3049049
0.641345024109  3048068
0.642228126526  3046144
0.642359018326  3045341
0.644381046295  3042748
0.6451420784  3040167
0.649865150452  3037687
0.660207986832  3035130
0.662233114243  3033866
0.662615060806  3030922
0.668081998825  3028316
0.668564081192  3027395
0.669344186783  3025991
0.67039513588  3022396
0.671958208084  3020484
0.673304080963  3017711
0.682434082031  3014308
0.684250116348  2994480
0.685125112534  2990375
0.685851097107  2985255
0.687914133072  2985040
0.68905210495  2978910
0.689182043076  2973947
0.695331096649  2970464
0.698992013931  2968282
0.70083117485  2967685
0.706117153168  2965718
0.711655139923  2963929
0.713275194168  2962308
0.713538169861  2959601
0.715284109116  2956996
0.718679189682  2950632
0.730260133743  2948097
0.734536170959  2947268
0.737082004547  2925401
0.748123168945  2924140
0.749801158905  2923437
0.751366138458  2910834
0.751621007919  2910755
0.759282112122  2909482
0.766408205032  2908103
0.768467187881  2907793
0.770382165909  2907733
0.770891189575  2907206
0.777189016342  2907087
0.779998064041  2906316
0.783046007156  2905918
0.785305023193  2905837
0.78623509407  2905188
0.795403003693  2904931
0.797302007675  2903780
0.799767017365  2901889
0.808871984482  2896449
0.810417175293  2895613
0.81542301178  2894329
0.818473100662  2893599
0.826831102371  2889257
0.83135008812  2888475
0.838418006897  2888370
0.843599081039  2887083
0.856371164322  2887055
0.865091085434  2886248
0.86555314064  2881798
0.873164176941  2881570
0.890967130661  2879209
0.894680023193  2878577
0.909669160843  2873868
0.921746015549  2864974
0.928328990936  2863892
0.936653137207  2862192
0.939298152924  2858408
0.941568136215  2856263
0.942924022675  2856034
0.948610067368  2842082
0.948754072189  2839455
0.951039075851  2838563
0.958535194397  2744442
0.96256518364  2743608
0.969302177429  2740301
0.975310087204  2740144
0.978243112564  2738160
0.981619119644  2737416
0.982695102692  2737216
1.00310301781  2733388
1.01249313354  2727262
1.01569414139  2727084
1.01677107811  2723081
1.0196390152  2722624
1.02131700516  2721578
1.03148603439  2718915
1.04551506042  2718213
1.04935908318  2717556
1.05290818214  2717145
1.05344700813  2716624
1.05491518974  2715372
1.07250809669  2712455
1.10829210281  2712074
1.11107420921  2711238
1.11146020889  2710663
1.11675620079  2708160
1.11703515053  2706209
1.13045907021  2703232
1.13059806824  2702109
1.13352608681  2701851
1.13444399834  2700930
1.13636016846  2700846
1.14658212662  2700600
1.14871716499  2699521
1.15667700768  2699502
1.16219115257  2696590
1.17951202393  2695694
1.18155217171  2695411
1.19203805923  2695276
1.19371199608  2694404
1.19819712639  2692758
1.22195410728  2692064
1.23405718803  2691227
1.23630309105  2691090
1.25768399239  2690182
1.25872921944  2689048
1.25948810577  2687406
1.26376509666  2687247
1.27182006836  2686479
1.272960186  2684185
1.27751612663  2681491
1.28696417809  2680880
1.28926801682  2679629
1.29168820381  2678437
1.29434704781  2678304
1.30271410942  2678114
1.30339598656  2677018
1.30971908569  2671429
1.31153202057  2671319
1.31676006317  2669480
1.32083702087  2668201
1.32161712646  2667129
1.32306313515  2665135
1.32358598709  2663381
1.33641600609  2663076
1.33655500412  2662701
1.34646511078  2660461
1.36274003983  2660323
1.36396408081  2659811
1.37427306175  2659172
1.3814060688  2658036
1.3900911808  2656184
1.39173007011  2648362
1.39524412155  2647607
1.39887905121  2646648
1.39969420433  2644860
1.39997005463  2644285
1.41740512848  2644164
1.42976903915  2643851
1.44941306114  2638663
1.45030021667  2637939
1.45294713974  2637652
1.46078419685  2635053
1.46332716942  2633056
1.46617698669  2631654
1.49058008194  2629825
1.4976541996  2628214
1.52253603935  2628035
1.5263671875  2627079
1.53404402733  2623568
1.53808403015  2623136
1.54072117805  2622521
1.54117512703  2613984
1.55520415306  2613938
1.5568921566  2610250
1.6032230854  2609980
1.61797118187  2609831
1.62178301811  2608307
1.64475917816  2605625
1.64564299583  2605394
1.65022420883  2603238
1.67668008804  2597827
1.68255114555  2597646
1.68500614166  2595783
1.686658144  2595643
1.68860006332  2593527
1.6945540905  2592073
1.70318317413  2589828
1.70359420776  2586772
1.70825600624  2585852
1.71211218834  2584248
1.71798419952  2582576
1.718116045  2582197
1.71900010109  2582007
1.73149418831  2578642
1.73401403427  2576844
1.74554920197  2576522
1.75279808044  2573970
1.75790905952  2571967
1.75942611694  2564524
1.7677090168  2561964
1.78108716011  2561099
1.78407001495  2559880
1.78977704048  2559712
1.79122114182  2558742
1.80555415154  2558463
1.80944705009  2557032
1.8127682209  2557030
1.81725311279  2555746
1.8366382122  2552391
1.84644317627  2552083
1.86313605309  2548039
1.8710360527  2547533
1.87256503105  2547389
1.88114714622  2547136
1.88401412964  2546767
1.88845801353  2546284
1.89409708977  2545946
1.89846920967  2540380
1.90864610672  2538875
1.93031215668  2538814
1.93148899078  2538570
1.93658208847  2537815
1.94204902649  2537160
1.95246100426  2536739
1.95624017715  2536261
1.97505903244  2534561
1.99613618851  2534147
2.00793719292  2533889
2.03046607971  2531550
2.03405809402  2531266
2.03696513176  2529832
2.0444290638  2519652
2.05256104469  2516103
2.05636906624  2514091
2.09876513481  2504353
2.10547614098  2503451
2.12603402138  2500970
2.12880706787  2500536
2.15191316605  2499696
2.15472221375  2499071
2.16754102707  2497945
2.19687104225  2497714
2.19970011711  2493976
2.20145201683  2489751
2.23334908485  2486783
2.2380502224  2482431
2.24068307877  2481865
2.25445008278  2481472
2.25808000565  2478770
2.26309704781  2478762
2.29913306236  2478725
2.30376911163  2477519
2.30631613731  2475466
2.30669903755  2475393
2.30950713158  2472460
2.34206414223  2470750
2.3446791172  2469031
2.36552000046  2467045
2.36939311028  2466298
2.38405203819  2465889
2.40283417702  2460898
2.40375518799  2460785
2.41657018661  2458841
2.42788100243  2456532
2.4628341198  2456425
2.46413421631  2453016
2.47209405899  2452582
2.47684502602  2451402
2.47815608978  2451252
2.50164318085  2449764
2.51384615898  2449354
2.54008603096  2447746
2.54920005798  2418416
2.57325601578  2417731
2.57829213142  2417338
2.57911610603  2415359
2.58867621422  2415290
2.59017014503  2412607
2.59286022186  2412530
2.61050009727  2411927
2.62605309486  2410363
2.64600300789  2404638
2.66871500015  2404487
2.67365717888  2403482
2.68460512161  2402566
2.68946504593  2401820
2.69606113434  2401787
2.70305109024  2399937
2.71123600006  2399678
2.71571421623  2391379
2.72070598602  2391187
2.74228620529  2389926
2.7503361702  2389314
2.75729513168  2388367
2.76139998436  2388365
2.76932001114  2387065
2.7915661335  2384055
2.79172301292  2378903
2.8171620369  2373500
2.81971001625  2370512
2.8234732151  2367684
2.83364415169  2366965
2.84985518456  2366592
2.87965703011  2353662
2.89860105515  2353617
2.91452217102  2353486
2.91556715965  2341149
2.91849803925  2340671
2.92496204376  2338077
2.94255614281  2336069
2.94734311104  2331310
2.94943809509  2331177
2.96427321434  2330792
3.0244140625  2330255
3.03093409538  2329567
3.05864310265  2329079
3.08358407021  2327329
3.09514117241  2326601
3.11120700836  2326594
3.13802409172  2320366
3.17093706131  2319963
3.22583508492  2319296
3.25198602676  2316327
3.2725071907  2315454
3.27296614647  2314972
3.28393006325  2314820
3.29994106293  2312267
3.35464215279  2311602
3.35531616211  2311209
3.36183714867  2308101
3.37089109421  2307004
3.40211606026  2306034
3.44152903557  2301486
3.44493603706  2300987
3.46799015999  2297720
3.47014808655  2297497
3.47302317619  2295577
3.48264598846  2295111
3.48759317398  2290386
3.48966407776  2287404
3.50003004074  2286986
3.50069713593  2285440
3.50698399544  2284060
3.5167760849  2282066
3.5267970562  2282038
3.53224205971  2281250
3.54253721237  2280005
3.56479501724  2278613
3.56957817078  2277135
3.57117605209  2276736
3.57657408714  2276615
3.58025121689  2276160
3.59529614449  2276125
3.60027217865  2275893
3.6450240612  2275651
3.65894198418  2274832
3.67538905144  2274236
3.69696521759  2238856
3.71255016327  2235810
3.73784899712  2235702
3.7562661171  2235287
3.75705909729  2235162
3.7590072155  2235106
3.75939822197  2233566
3.76353001595  2226033
3.76518821716  2225455
3.77102613449  2222069
3.77598214149  2220326
3.7844581604  2219110
3.80520319939  2218646
3.82769107819  2217884
3.83272719383  2217857
3.84067201614  2217808
3.8417031765  2189565
3.85728406906  2189331
3.88672304153  2185727
3.90308713913  2185104
3.92284011841  2169500
3.93457007408  2169359
3.93796801567  2169242
3.94734811783  2168887
3.97830700874  2168391
4.02460217476  2165701
4.03171610832  2163506
4.04338216782  2163413
4.08649611473  2158067
4.09841108322  2157797
4.10256314278  2156624
4.11407709122  2154524
4.11620521545  2146451
4.13320422173  2146323
4.15574812889  2146317
4.16856122017  2145871
4.17978811264  2144436
4.19163703918  2144359
4.20559406281  2144114
4.21552109718  2142964
4.22011017799  2142827
4.2244310379  2142799
4.24509215355  2142748
4.25821805  2140140
4.26190400124  2138715
4.27370905876  2138145
4.2770922184  2131265
4.28295707703  2130610
4.29449105263  2130096
4.31017208099  2125038
4.310308218  2123663
4.32470798492  2122915
4.3376750946  2120219
4.3735101223  2111962
4.37969017029  2109802
4.39900302887  2109644
4.42625617981  2109616
6.93817520142  2109026
6.9401140213  2108547
6.95218205452  2107440
6.9649810791  2106743
7.00662112236  2106616
7.03410005569  2105249
7.04715800285  2103918
7.06227898598  2102591
7.08247613907  2100659
7.08359408379  2100284
7.09049916267  2095524
7.12507915497  2095211
7.12835717201  2095177
7.15685105324  2095055
7.15835809708  2094352
7.15977716446  2093630
7.20213007927  2093384
7.20664310455  2093351
7.22127318382  2092894
7.2275800705  2091827
7.23197817802  2091675
7.24194812775  2090285
7.26558613777  2089168
7.2697250843  2087683
7.28408813477  2085979
7.2859480381  2084940
7.28758621216  2083408
7.28915715218  2081255
7.3433201313  2050982
7.36099600792  2050617
7.36207509041  2050485
7.39023900032  2050465
7.40639519691  2050039
7.41584920883  2049854
7.44519805908  2049377
7.44939517975  2049298
7.45777916908  2048647
7.4606192112  2048586
7.46404099464  2047829
7.52068519592  2043697
7.53439307213  2041219
7.54160308838  2037375
7.5507671833  2017305
7.57408714294  2015282
7.60254406929  2014467
7.61014604568  2012308
7.62268900871  2012219
7.63017201424  2009514
7.69740700722  2009124
7.70332312584  2008177
7.70602703094  2007858
7.71632003784  2007446
7.74029898643  2007188
7.75233101845  2003774
7.76398706436  2003224
7.78621506691  2002595
7.7947511673  1999937
7.80286216736  1988716
11.2362561226  1986278
11.2507510185  1986239
11.2529740334  1985354
11.2626450062  1984704
11.2773661613  1984386
11.292402029  1984144
11.3528161049  1984053
11.3622829914  1983351
11.4086170197  1982598
11.4186952114  1978656
11.4300570488  1978047
11.4434330463  1977467
11.4466471672  1977190
11.5092110634  1972944
11.5362701416  1972522
11.5482912064  1971794
11.5671861172  1971755
11.5682270527  1971107
11.6097681522  1970648
11.6115760803  1964488
11.6176900864  1964185
11.6237831116  1961615
11.6462030411  1961184
11.6825230122  1960691
11.7010750771  1958076
11.7531330585  1957133
11.7587661743  1952950
11.7654871941  1952523
11.7728471756  1952515
11.7898972034  1951743
11.8056480885  1950385
11.8233129978  1949106
11.866713047  1948906
11.8865950108  1948850
11.8919670582  1947421
11.900001049  1945915
11.9012560844  1944153
11.9147491455  1943574
11.9344379902  1942873
11.9763970375  1931348
11.9797890186  1931282
12.003385067  1930778
12.0269901752  1930550
12.0295510292  1930134
12.0519170761  1930001
12.0557169914  1929439
12.0600411892  1926538
12.0698862076  1926454
12.0746860504  1923875
12.0973629951  1923780
12.1059470177  1923302
12.12622118  1922921
12.1423401833  1921253
12.1428182125  1919856
12.1714770794  1918785
12.1915991306  1918553
12.2120301723  1916731
12.2415261269  1916672
23.6264600754  1912592
23.6267220974  1911336
23.6288471222  1910051
23.6437911987  1904663
23.654086113  1898701
23.6675510406  1898475
23.6739461422  1897902
23.7277460098  1895503
23.7365221977  1891517
23.7646780014  1891014
23.7745580673  1883512
23.7841742039  1883232
23.7927072048  1883222
23.7956550121  1882963
23.8041050434  1877516
23.8048651218  1873842
23.8212571144  1873754
23.8523571491  1873017
23.8582742214  1872194
23.8593041897  1870904
23.8773481846  1866548
23.913187027  1865908
23.9654941559  1863843
23.9785010815  1863678
23.9922671318  1863501
24.0138280392  1859048
24.0196909904  1857988
24.0326900482  1856916
24.0594551563  1856758
24.0755131245  1854517
24.0756452084  1854320
24.1128740311  1832589
24.1613709927  1832366
24.1836891174  1831129
24.2119531631  1827259
24.2722840309  1825610
24.2733790874  1825302
24.2810602188  1824933
24.2912530899  1823279
24.3224391937  1822673
24.3596282005  1822288
24.4091711044  1821764
24.4109060764  1821729
24.4270420074  1821727
30.4313950539  1811676
30.4525430202  1811259
30.489991188  1810809
30.5407891273  1809709
30.5773611069  1808870
30.6053521633  1805744
30.6236641407  1804820
41.445731163  1799452
41.4476850033  1797878
41.4484350681  1796892
41.4520430565  1796890
41.4561800957  1795533
41.4603841305  1794997
41.4631001949  1794082
41.4660332203  1792366
41.5035581589  1792290
41.5504431725  1791983
41.5548331738  1789404
41.5592579842  1789335
41.5670621395  1786670
41.58172822  1786226
41.5886189938  1774482
41.6154680252  1773842
41.6290910244  1773576
41.6450681686  1773325
41.6614019871  1773221
41.6649270058  1772381
41.6717541218  1771874
41.6992280483  1771775
41.7104680538  1770622
41.7235431671  1769542
41.7603490353  1765221
41.7614121437  1763161
41.772382021  1761847
41.7780840397  1761293
41.8424420357  1736760
41.8540830612  1735877
41.8552360535  1734110
41.8701660633  1733934
41.8746562004  1729627
41.8770661354  1726891
41.8939859867  1726618
41.9031031132  1726076
41.937980175  1723070
41.9457089901  1722965
124.49687314  1697552
124.498290062  1693890
124.50844121  1693070
124.525590181  1692129
124.531049013  1691434
124.536637068  1689763
124.563093185  1689748
124.564911127  1688609
124.584648132  1687762
124.597513199  1687148
124.608265162  1687005
124.61296916  1685900
124.615749121  1685568
124.629921198  1684423
124.638844013  1681377
124.64440012  1680744
124.648698092  1679925
124.686589003  1674577
124.697021008  1670634
124.73278904  1665310
124.749670029  1664916
124.754149199  1664081
124.768062115  1663873
124.780860186  1663072
124.785777092  1662980
124.800671101  1662523
124.80828619  1662058
124.808418989  1661520
124.818899155  1661275
124.820906162  1658831
124.830260038  1657247
124.836085081  1656759
