0.0398361682892  7362295
0.0403439998627  7360268
0.0412430763245  7350806
0.041718006134  7348588
0.0421121120453  7346473
0.0429220199585  7338356
0.0431489944458  7330639
0.043624162674  7318788
0.0448470115662  7316423
0.0450739860535  7302912
0.0455501079559  7287495
0.0456941127777  7259677
0.0470039844513  7251817
0.0471479892731  7249589
0.0485410690308  7247954
0.0486860275269  7232638
0.050488948822  7225534
0.050637960434  7211962
0.0510339736938  7211206
0.0515100955963  7208740
0.0536551475525  7208541
0.0538029670715  7193904
0.0545270442963  7193202
0.0549190044403  7184762
0.0574851036072  7183636
0.0578780174255  7183555
0.058137178421  7179644
0.0586709976196  7171282
0.0620009899139  7170404
0.0621659755707  7165843
0.062422990799  7160265
0.0637040138245  7148301
0.0645110607147  7145692
0.0678420066833  7140435
0.0713591575623  7137833
0.0716149806976  7131583
0.0717790126801  7128743
0.0752840042114  7124810
0.0791611671448  7122386
0.0796961784363  7105087
0.0801341533661  7099188
0.0802979469299  6973993
0.0805931091309  6973985
0.0807740688324  6973895
0.0821449756622  6961491
0.0822920799255  6955454
0.0860340595245  6951410
0.0861799716949  6951163
0.0864911079407  6948240
0.090656042099  6945539
0.0908019542694  6915637
0.0923600196838  6909720
0.0942490100861  6906942
0.0944011211395  6901571
0.0946290493011  6875091
0.0951051712036  6871469
0.0952501296997  6865294
0.0995011329651  6864127
0.0996470451355  6860366
0.104228973389  6858810
0.104488134384  6827259
0.105577945709  6824082
0.105834960938  6821325
0.106556177139  6797463
0.111772060394  6793885
0.111945152283  6785578
0.117233991623  6783901
0.117463111877  6769224
0.117607116699  6768594
0.117834091187  6758443
0.118226051331  6757604
0.118370056152  6681238
0.11859703064  6680695
0.118741989136  6680575
0.120131969452  6656708
0.120360136032  6627150
0.121165990829  6616975
0.122220993042  6616003
0.122365951538  6576683
0.122593164444  6559145
0.122902154922  6548299
0.124454975128  6527762
0.12459897995  6467693
0.124907970428  6401841
0.12505197525  6401815
0.125278949738  6399728
0.127913951874  6394631
0.133370161057  6392016
0.133599042892  6379310
0.139100074768  6376842
0.139330148697  6337510
0.139474153519  6334373
0.145004034042  6330446
0.150700092316  6328786
0.151009082794  6311077
0.151237010956  6305832
0.153290987015  6304274
0.155436038971  6303953
0.161113023758  6302368
0.167035102844  6301753
0.167345046997  6301292
0.173480987549  6300664
0.179641962051  6299791
0.179877996445  6298977
0.180022954941  6296332
0.182170152664  6269595
0.188768148422  6266555
0.189079046249  6264937
0.189555168152  6262001
0.189700126648  6254999
0.190675973892  6253849
0.197505950928  6253270
0.197658061981  6252597
0.19788813591  6247532
0.203915119171  6246659
0.204166173935  6246213
0.204580068588  6237815
0.205137968063  6237527
0.205535173416  6235912
0.205762147903  6234634
0.206405162811  6230626
0.20779800415  6229883
0.209272146225  6229067
0.209416151047  6228313
0.211126089096  6227228
0.217575073242  6226261
0.217720985413  6224306
0.218446969986  6223479
0.225491046906  6220876
0.225728988647  6218957
0.226039171219  6217680
0.233266115189  6216338
0.233417034149  6208507
0.241197109222  6204242
0.241847038269  6202705
0.242107152939  6189399
0.250199079514  6186696
0.250349998474  6173573
0.25066113472  6173352
0.250889062881  6172229
0.251201152802  6153577
0.251347064972  6152250
0.26021695137  6148990
0.260382175446  6142454
0.268809080124  6139945
0.268959999084  6130065
0.273550033569  6129204
0.274919986725  6112230
0.275084018707  6112102
0.283370018005  6108544
0.283627033234  6108124
0.292879104614  6107405
0.302111148834  6105274
0.311462163925  6103144
0.31161403656  6096673
0.312093019485  6090555
0.321324110031  6088999
0.321470975876  6088970
0.321699142456  6063376
0.331587076187  6061625
0.331820964813  6060603
0.332216978073  6057046
0.332780122757  6050389
0.343729019165  6047782
0.344169139862  6029970
0.344315052032  6029880
0.344544172287  6023039
0.344689130783  6021542
0.34500002861  6021147
0.345679998398  6006492
0.345992088318  6004413
0.34688615799  5991267
0.347031116486  5978228
0.347426176071  5977119
0.348819971085  5975110
0.349130153656  5975091
0.349359035492  5974282
0.349753141403  5944814
0.36096906662  5940207
0.36111998558  5930425
0.372079133987  5928304
0.372225046158  5917293
0.383254051208  5914933
0.383399009705  5907423
0.394513130188  5906295
0.399007081985  5905991
0.402490139008  5905907
0.403131008148  5905483
0.403275966644  5902882
0.403917074203  5902722
0.404639959335  5900432
0.416797161102  5898398
0.429402112961  5895814
0.430886983871  5893529
0.431034088135  5892614
0.432011127472  5892286
0.43265414238  5886264
0.433470964432  5884185
0.433616161346  5883316
0.434504985809  5883203
0.434649944305  5882612
0.435708999634  5879611
0.447391033173  5879036
0.459596157074  5879033
0.459849119186  5871927
0.460185050964  5855654
0.460762023926  5855304
0.46099114418  5851902
0.462063074112  5838499
0.462584972382  5829825
0.475098133087  5829255
0.487868070602  5827981
0.491954088211  5826947
0.492552042007  5823749
0.503237962723  5822015
0.508136034012  5820377
0.520746946335  5820195
0.521060943604  5812412
0.533643960953  5812296
0.546419143677  5810097
0.546570062637  5751525
0.559213161469  5750158
0.559360027313  5744991
0.57264995575  5743666
0.572884082794  5737218
0.573621988297  5722816
0.573872089386  5722574
0.574129104614  5718019
0.587520122528  5716037
0.587670087814  5715067
0.601582050323  5712862
0.601732969284  5708125
0.615923166275  5708042
0.61643910408  5705983
0.616604089737  5703151
0.630232095718  5699778
0.644461154938  5697994
0.644608020782  5691452
0.644835948944  5689659
0.645146131516  5681744
0.646039009094  5678513
0.64618396759  5672658
0.64649605751  5660254
0.661896944046  5659222
0.662126064301  5653545
0.662438154221  5648329
0.662831068039  5641016
0.662976980209  5613971
0.663537025452  5610369
0.663766145706  5608449
0.664407968521  5608313
0.664553165436  5577095
0.665195941925  5557400
0.666221141815  5555689
0.667322158813  5554745
0.667799949646  5543162
0.667945146561  5534646
0.668255090714  5533493
0.669398069382  5531767
0.684947967529  5530864
0.6995241642  5530122
0.700416088104  5524985
0.7005610466  5518338
0.700870037079  5517801
0.701097011566  5516552
0.701406002045  5515467
0.70187997818  5514720
0.702025175095  5513178
0.702252149582  5512919
0.702726125717  5511192
0.70486497879  5507080
0.705425024033  5506621
0.705569028854  5506518
0.705796003342  5500468
0.70735502243  5495784
0.707831144333  5491869
0.70805811882  5480741
0.70853304863  5479932
0.711605072021  5479220
0.723474979401  5478498
0.723711013794  5467578
0.727108955383  5464794
0.740995168686  5463233
0.741146087646  5457040
0.748507976532  5456490
0.750250101089  5456141
0.750478982925  5453503
0.755535125732  5452746
0.758368015289  5450582
0.761691093445  5449595
0.768411159515  5449391
0.769472122192  5447282
0.769782066345  5446224
0.769927024841  5435748
0.770486116409  5422575
0.778915166855  5419548
0.794579982758  5417473
0.810342073441  5416694
0.810493946075  5415693
0.826955080032  5413390
0.827870130539  5380471
0.828349113464  5372201
0.828495025635  5372111
0.84507894516  5370017
0.845231056213  5364395
0.845543146133  5347984
0.850578069687  5347449
0.850813150406  5345262
0.850990056992  5343266
0.851647138596  5342885
0.85179400444  5342550
0.852023124695  5342291
0.853089094162  5340765
0.854750156403  5340225
0.854897022247  5339669
0.857995033264  5339268
0.858227968216  5337980
0.862561941147  5336433
0.867011070251  5336153
0.867158174515  5334316
0.871709108353  5332960
0.887848138809  5332551
0.888333082199  5318146
0.888977050781  5313864
0.907924175262  5310928
0.908076047897  5230945
0.908303976059  5212739
0.90869808197  5197027
0.909962177277  5196330
0.910279989243  5195744
0.910509109497  5193972
0.910987138748  5192635
0.911133050919  5189124
0.911610126495  5188678
0.912090063095  5185557
0.912693977356  5179228
0.931538105011  5177694
0.931689023972  5174598
0.931998968124  5173949
0.932561159134  5170476
0.932872056961  5119628
0.933467149734  5119432
0.94540309906  5117285
0.949609041214  5113287
0.954576969147  5110992
0.974378108978  5109618
0.974948167801  5109568
0.975094079971  5106878
0.975406169891  5106642
0.975634098053  5103126
0.976027965546  5094611
0.976840019226  5094278
0.977067947388  5093834
0.977379083633  5092687
0.99672794342  5090585
0.996875047684  5090134
1.01677894592  5087243
1.01701307297  5086356
1.01715898514  5084069
1.01747012138  5078211
1.03962898254  5076504
1.06070995331  5068567
1.08145904541  5063612
1.10309100151  5062829
1.12481117249  5058704
1.14514613152  5036726
1.17519116402  5035815
1.20346212387  5024757
1.23329806328  5023735
1.28454613686  5022393
1.33507299423  5020963
1.37522506714  5019322
1.43602204323  5019205
1.4963619709  5003063
1.59861016273  4999706
1.70013308525  4996332
1.74064707756  4995946
1.84143614769  4995437
1.84183812141  4995270
1.84214901924  4994820
1.93983006477  4994006
1.95180416107  4993733
1.96709108353  4993414
1.9824950695  4992692
2.01500916481  4991259
2.05569195747  4989621
2.15798807144  4986287
2.2582051754  4985252
2.35842204094  4966976
2.4598531723  4961493
2.55981111526  4946260
2.58094096184  4946038
2.60119795799  4945554
2.70160913467  4944450
2.72230315208  4944130
2.76368808746  4942126
2.86514210701  4924228
2.96628713608  4920325
2.98653912544  4920090
3.00673007965  4919606
3.10874795914  4918468
3.12917995453  4918341
3.17029094696  4916489
3.27032399178  4910013
3.37104701996  4909974
3.47217798233  4906699
3.57264709473  4903796
3.67324614525  4893805
3.77493309975  4888734
3.87589216232  4885215
3.89675498009  4884980
3.91750597954  4884496
4.01781010628  4883330
4.13045096397  4882833
4.15735697746  4882780
4.16415309906  4882604
4.16438508034  4877081
4.16477894783  4875704
4.16492414474  4870835
4.16515111923  4842383
4.16562604904  4841920
4.16577100754  4839856
4.16632795334  4835329
4.1673810482  4834120
4.18263816833  4832895
4.20335006714  4830700
4.23275494576  4830131
4.27302694321  4829621
4.29312205315  4809756
4.31386899948  4799377
4.33421397209  4799323
4.3547680378  4797453
4.37953996658  4797235
4.41964197159  4793476
4.46094202995  4792701
4.51166009903  4791998
4.55179095268  4791794
4.61843395233  4791642
4.68377709389  4790551
4.74420309067  4789391
4.80454897881  4789228
4.86516714096  4780736
4.94484901428  4780426
4.99983310699  4779994
5.05967497826  4779368
5.08004808426  4779264
5.08736515045  4778583
5.10746598244  4775647
5.1279361248  4773413
5.14913105965  4764282
5.17039108276  4763816
5.1906940937  4754595
5.21108698845  4739495
5.23206615448  4727019
5.25213694572  4726014
5.27870297432  4725832
5.29942512512  4722406
5.31971406937  4720117
5.34296298027  4718439
5.36635994911  4718060
5.38747310638  4704354
5.40823602676  4701444
5.428992033  4695334
5.4505469799  4679982
5.47068810463  4677206
5.49084615707  4675762
5.51246714592  4658998
5.53744101524  4658418
5.56138205528  4644676
5.58568716049  4643607
5.60615611076  4642595
5.62721395493  4638848
5.64736700058  4636451
5.66864299774  4634685
5.69267511368  4629020
5.71655917168  4628574
5.74019694328  4627453
5.76044201851  4570308
5.78165411949  4563425
5.80321216583  4561350
5.82417917252  4561054
5.84513401985  4559753
5.86574006081  4528350
5.88753414154  4525104
5.90977716446  4522630
5.93178915977  4521639
5.95451307297  4521235
5.98204517365  4518579
6.00241398811  4508797
6.03016996384  4508268
6.05933403969  4505361
6.07997107506  4498831
6.10254216194  4493199
6.12299895287  4483610
6.14440011978  4483464
6.16573500633  4480573
6.19306516647  4480431
6.22764801979  4480079
6.24871611595  4472195
6.26890611649  4472180
6.29045796394  4471032
6.31068205833  4462044
6.33169007301  4459391
6.35227799416  4457288
6.37591695786  4457034
6.39754295349  4455166
6.51899409294  4453884
6.66144394875  4449098
6.70236802101  4448786
6.80352807045  4448778
6.96305203438  4388537
6.96371102333  4387821
6.96402311325  4387006
6.96449995041  4384581
7.1255300045  4370543
7.2861430645  4367893
7.28679704666  4365581
7.38775014877  4364783
7.42867016792  4364483
7.46938610077  4364223
7.63787508011  4362378
7.81827712059  4358214
8.00039100647  4351131
8.00119113922  4350368
8.00152301788  4347577
8.04203510284  4347509
8.22256207466  4328386
8.22329902649  4327181
8.24408316612  4326589
8.28542304039  4326185
8.34591007233  4324669
8.36590099335  4323986
8.44713401794  4323003
8.52797007561  4322973
8.60854005814  4322613
8.78714299202  4313251
8.96697211266  4313057
9.14618897438  4311248
9.32676410675  4305100
9.50665616989  4302937
9.70733594894  4301540
9.92619895935  4298205
10.1465899944  4297880
10.3642270565  4286303
10.5841751099  4285636
10.8038980961  4283307
11.0231859684  4280934
11.2408540249  4279148
11.4589719772  4278189
11.6779990196  4277171
11.8963840008  4275834
12.1183850765  4275302
12.3007230759  4273626
12.4891450405  4272363
12.6678769588  4271718
12.8481571674  4270255
13.0461051464  4269955
13.2449469566  4269045
13.4842760563  4268554
13.7239179611  4265918
13.9971730709  4265200
14.2742221355  4265175
14.5490479469  4264051
14.8249311447  4263092
15.0648970604  4262960
15.3424789906  4262956
15.5984280109  4262924
15.8575429916  4261988
16.1146800518  4259389
16.3710811138  4258742
16.6295621395  4258100
16.8851511478  4248190
17.14103508  4246879
17.3986060619  4246221
17.6570191383  4245820
17.9147839546  4245624
18.177437067  4243743
18.4342181683  4243315
18.6916730404  4241102
18.9528961182  4240689
19.2154641151  4239979
19.4884991646  4239081
19.76197505  4238525
20.0213220119  4238299
20.2784230709  4161869
20.5361950397  4158720
20.7949941158  4062167
21.0528831482  4061809
21.3090889454  4051129
21.5660419464  4050388
21.8243801594  3996426
22.0822541714  3996129
22.3430049419  3924084
22.599766016  3919419
22.8580579758  3919166
23.115306139  3916027
23.3728649616  3910552
23.6274700165  3905275
23.8853909969  3824098
24.1457800865  3823150
24.4030821323  3821792
24.6653721333  3820880
24.9285869598  3820389
25.2021410465  3819341
25.4776639938  3818465
25.7883751392  3817805
26.0860099792  3746744
26.3806271553  3735500
26.6855840683  3734861
26.9248080254  3734653
27.21865201  3734425
27.4545891285  3733051
27.7509031296  3731231
28.0466220379  3729216
28.2838139534  3729089
28.5805110931  3729077
28.8185801506  3727908
29.1222720146  3727822
29.4150359631  3725309
29.7107479572  3721328
30.0178730488  3721317
30.3206779957  3719926
30.6132280827  3719519
30.908162117  3714393
31.2050390244  3711218
31.4978091717  3711207
31.7952799797  3709781
32.0928380489  3708306
32.3908159733  3707434
32.6270179749  3707307
32.9210131168  3706684
33.159881115  3706667
33.4709620476  3705731
33.7650930882  3705452
34.1163871288  3629796
34.4684669971  3629232
34.8198339939  3603363
35.174464941  3597995
35.5264260769  3597166
35.8875689507  3596064
36.2371909618  3465414
36.5123591423  3464508
36.7863440514  3464340
37.1551101208  3460080
37.4293050766  3459358
37.7607419491  3458953
38.1328401566  3458927
38.5022480488  3456853
38.8786971569  3456815
39.2494981289  3442110
39.5818841457  3442070
39.9581460953  3439643
40.2889821529  3439295
40.6589541435  3438993
41.0357990265  3436375
41.4153449535  3433859
41.7930979729  3431258
42.1264591217  3431239
42.4980239868  3430639
42.8661561012  3430160
43.2038049698  3430032
43.5817661285  3429926
43.9506349564  3428834
44.3313241005  3427589
44.7295100689  3422797
45.1333940029  3422201
45.5605549812  3421531
46.0022270679  3421482
46.4464709759  3420089
46.9047651291  3419544
47.3399591446  3418562
47.7406251431  3418398
48.1580131054  3416318
48.6430311203  3414955
49.1316480637  3414633
49.6188280582  3412596
50.0971140862  3411123
50.5911900997  3410197
51.0934109688  3410176
51.5926380157  3409954
52.0920579433  3409339
52.606495142  3409063
53.1159689426  3408962
53.6132819653  3408902
54.1119580269  3408684
54.6093540192  3408106
55.1060249805  3407365
55.6175949574  3406917
56.1359181404  3405894
56.6319191456  3402278
57.1296310425  3400936
57.6262121201  3399641
58.1213719845  3396158
58.6184329987  3396018
59.1672620773  3393836
59.7179379463  3393440
60.2843339443  3392222
60.8549280167  3392110
61.4260499477  3391879
61.9935929775  3391535
62.5804340839  3390527
63.1660020351  3390499
63.6627399921  3390242
64.2136900425  3390235
64.8125691414  3389626
65.3630461693  3389564
65.9808521271  3389557
66.5981280804  3388818
67.2323729992  3388794
67.8848531246  3388161
68.5351879597  3387981
69.184262991  3387320
69.8354239464  3386560
70.4904551506  3386209
71.1601731777  3384934
71.7819120884  3384912
72.4670369625  3384597
73.1664350033  3384454
73.8666779995  3383590
74.5717120171  3383525
75.2935299873  3383413
75.9641611576  3383135
76.7331080437  3381518
77.5035400391  3381323
78.2718131542  3381090
79.0564010143  3380630
79.8248291016  3379581
80.616492033  3379573
81.4023361206  3379268
82.1733551025  3379178
82.9449081421  3375826
83.5812761784  3375786
84.0793070793  3374843
84.4876170158  3374644
84.9498319626  3374604
85.4107429981  3373818
85.8931350708  3373503
86.4279439449  3372900
86.924932003  3372579
87.4212059975  3372470
88.0911970139  3372286
88.7642281055  3371292
89.4348320961  3371032
90.1073260307  3370866
90.8008880615  3369920
91.4773421288  3369436
92.1465921402  3368239
92.8698370457  3367129
93.5558409691  3366953
94.3463490009  3365924
95.114068985  3365624
95.866284132  3358674
96.629543066  3358068
97.394701004  3356851
98.1593301296  3356364
98.9123439789  3352855
99.6764271259  3352756
100.430047989  3352715
101.196079969  3352623
101.960612059  3352275
102.741469145  3350343
103.517122984  3350210
104.30487895  3350071
104.995236158  3349760
105.651214123  3349000
106.424910069  3348848
107.196238041  3348105
107.884749174  3347844
108.538578033  3347346
109.314038992  3290960
109.985126972  3290424
110.709720135  3290003
111.446083069  3289602
112.222119093  3289082
112.960994959  3289022
113.746281147  3289005
114.525894165  3288020
115.197416067  3286563
115.855291128  3286460
116.525097132  3286280
117.182845116  3285874
117.86839509  3285698
118.638463974  3285547
119.426097155  3285539
120.249968052  3285404
121.075973034  3285060
121.90963316  3284493
122.746461153  3281088
123.586500168  3278158
124.423385143  3277439
125.264883995  3274282
126.106580973  3274173
126.946056128  3271864
127.783830166  3267991
128.624638081  3267990
129.458596945  3266660
130.293073177  3263873
131.135601044  3263385
131.970775127  3252053
132.657004118  3251724
133.309029102  3251615
133.994223118  3251522
134.682048082  3250637
135.433002949  3250464
135.925971031  3249981
136.405645132  3248963
136.884659052  3248938
137.394804955  3248300
138.116474152  3248147
138.849436045  3247759
139.717924118  3247393
140.666605949  3246423
141.538639069  3246338
142.361930132  3246242
143.23164916  3245746
144.175939083  3174348
145.043343067  3172654
145.989681005  3172531
146.873197079  3172199
147.820060968  3167424
148.706879139  3166617
149.653676987  3161696
149.658121109  3158461
149.658684015  3158446
149.659912109  3157031
149.67713213  3153720
149.695731163  3153233
149.715919018  3152092
149.754738092  3151812
149.780864  3150896
149.846064091  3147651
149.912002087  3145092
150.012850046  3142554
150.114637136  3126646
150.214544058  3125407
150.314639091  3119650
150.417941093  3107828
150.518270016  3092928
150.618546009  3090434
150.719063997  3088238
150.821304083  3082021
150.922914028  3081707
151.02464509  3078947
151.126104116  3075103
151.186495066  3074985
151.278944016  3074624
151.291028976  3073076
151.294886112  3068570
151.29503417  3067656
151.295264959  3060105
151.295745134  3042108
151.300188065  3038737
151.300415993  3032267
151.300727129  3016960
151.302083969  3016849
151.302819014  3011096
151.31509304  3008725
151.335323095  3008583
151.335474968  3008169
151.375672102  3006826
151.39627099  3006748
151.417608023  3005998
151.41892314  3005916
151.439301014  3005787
151.460590124  3005651
151.522103071  3004182
151.543512106  3003347
151.564628124  3003328
151.58584404  3002714
151.646105051  3002596
151.70658803  3002294
151.767673016  3001943
151.828206062  3001173
151.888942003  3000729
151.950968027  2999594
152.186129093  2999228
152.460757971  2998070
152.773973942  2997327
153.105020046  2996649
153.418496132  2996433
153.749356031  2993235
154.063506126  2993047
154.396083117  2993029
154.727314949  2992757
155.060238123  2992661
155.392107964  2992143
155.724029064  2991987
156.075337172  2991947
156.389966965  2991731
156.722044945  2991537
157.07250309  2991355
157.405128956  2991129
157.848624945  2990897
158.292340994  2990269
158.741446018  2862548
158.948841095  2862251
158.95907712  2862147
159.000012159  2861156
159.040318012  2859656
159.211315155  2859366
159.369799137  2843050
159.430855989  2842885
159.550415993  2842564
159.71086812  2840866
159.87045908  2773705
159.931815147  2773416
159.992194176  2773318
160.153105974  2762251
160.312551022  2755183
160.472805023  2755181
160.632369995  2752621
160.792958021  2740013
160.964538097  2739895
161.017712116  2739716
161.070569038  2737972
161.111133099  2735496
161.151646137  2734510
161.350435972  2730638
161.560711145  2727771
161.759153128  2727189
161.956166983  2726464
162.154916048  2696352
162.365825176  2677152
162.574922085  2673902
162.772770166  2609776
162.98785615  2596771
163.187483072  2596385
163.385997057  2595744
163.602164984  2594915
163.799870968  2565059
163.998842955  2552968
164.039311171  2552615
164.081254959  2552588
164.221325159  2552136
164.419451952  2545431
164.618369102  2541834
164.817013025  2503181
165.015038013  2503073
165.214164972  2503027
165.412270069  2436815
165.612905025  2429853
165.812591076  2398552
166.011333942  2393885
166.212011099  2375348
166.410479069  2375260
166.61017704  2375125
166.808484077  2374836
167.009618044  2374803
167.209721088  2372837
167.412795067  2371780
167.612893105  2369984
167.812190056  2258070
167.953304052  2257064
168.152559996  2243020
168.193375111  2241880
168.352324009  2240226
168.550585032  2240071
168.748682022  2237395
168.947707176  2236941
169.147290945  2232879
169.344820023  2232721
169.542922974  2232580
169.741383076  2201664
169.94208312  2192240
170.13944006  2190612
170.338751078  2185591
170.535462141  2157420
170.754043102  2143185
170.97699213  2128437
171.174815178  2128411
171.375133038  2127632
171.57320714  2127254
171.790398121  2127218
171.988757133  2126838
172.263940096  2123145
172.537820101  2101434
172.737288952  2099802
172.953745127  2099302
173.228983164  2097922
173.445815086  2097830
173.68434  2097610
173.963140011  2096288
174.164953947  2094614
174.382754087  2053366
174.599919081  2050285
174.821800947  2048291
175.038979053  2048005
175.257778168  2033604
175.475258112  2012497
175.695124149  2012097
175.912188053  2001610
176.130300999  2001442
176.367794991  2000987
176.607670069  1980432
176.86404705  1976834
177.125302076  1972290
177.459553957  1971460
177.735375166  1971079
178.011445999  1970321
178.343826056  1968127
178.638415098  1967929
178.914766073  1967893
179.248299122  1964210
179.447786093  1956820
179.646540165  1956440
179.920871973  1951177
180.25208497  1947822
180.582628012  1938637
180.780728102  1938515
180.979654074  1933789
181.253962994  1932351
181.588497162  1893716
181.786546946  1893690
181.987497091  1893291
182.190689087  1892827
182.231241941  1892357
182.27164197  1892330
182.412630081  1891896
182.616686106  1891242
182.820707083  1891023
183.04355216  1890056
183.285861015  1889893
183.547928095  1889334
183.827857018  1889038
184.110033989  1888249
184.441940069  1887503
184.790820122  1887398
185.16042304  1887042
185.547564983  1886965
185.935170174  1886232
186.341321945  1884559
186.767934084  1862506
187.177349091  1858512
187.581359148  1858310
188.058333158  1852356
188.590787172  1839055
189.122591019  1835881
189.670984983  1833373
190.219474077  1832951
190.768897057  1826122
191.320940018  1825756
191.873445988  1799092
192.425141096  1798635
193.009015083  1796887
193.592812061  1796735
194.180221081  1786515
194.764311075  1784325
195.313719034  1783423
195.862365007  1781014
196.469805002  1777333
197.002532959  1774257
197.535860062  1770346
198.074754  1770037
198.611056089  1768932
199.166640043  1767395
199.715790987  1761193
200.269126177  1755993
200.838996172  1754816
201.424805164  1735989
202.08168602  1732907
202.651335955  1729581
203.304144144  1728579
203.961662054  1720068
204.533632994  1717085
205.188194036  1715187
205.889846087  1673798
206.645992994  1672924
207.400328159  1670800
208.202162981  1668844
209.073366165  1667482
209.963870049  1666229
210.837883949  1660251
211.706546068  1658581
212.573899984  1637440
213.440896988  1625585
214.307742119  1623876
215.179299116  1622956
216.048761129  1622840
216.919396162  1571363
217.79046607  1534818
218.104961157  1534613
218.41949296  1531363
218.733172178  1530601
218.796828032  1530493
218.800826073  1530478
218.82050705  1530112
218.835886955  1527791
218.843969107  1522155
218.845206022  1521559
218.846594095  1521227
218.848068953  1521096
218.852055073  1520522
218.876077175  1519568
218.917284012  1518354
219.024994135  1517843
219.049313068  1516936
219.305739164  1515520
219.580615997  1514066
219.895874023  1511936
220.300333977  1457678
220.704946995  1439804
221.146202087  1436752
221.587000132  1434088
222.028707981  1434007
222.469400167  1418781
222.90992713  1418745
223.35595417  1418563
223.800718069  1412096
224.241183043  1410100
224.682058096  1407014
225.123707056  1404390
225.567315102  1404258
226.009804964  1391150
226.468381166  1390464
226.926418066  1329195
227.385956049  1325319
227.88527894  1323009
228.383332014  1321460
228.897107124  1321430
229.412037134  1311970
229.92586112  1310427
230.460760117  1309698
230.994019985  1309278
231.52395606  1309264
232.058444977  1299889
232.606575012  1299881
233.159289122  1299541
233.705428123  1263926
234.257023096  1257084
234.821473122  1256378
235.404999018  1255830
236.006267071  1255109
236.609744072  1251121
237.21442914  1218081
237.779756069  1217528
238.451830149  1211121
239.120689154  1208614
239.792778015  1204991
240.495285988  1204963
241.322536945  1204679
242.145831108  1201582
243.013275146  1200446
243.988739014  1200221
244.964532137  1200130
245.939212084  1199967
246.919366121  1199306
247.953777075  1198513
249.062824011  1198218
250.20143795  1198187
251.344817162  1197722
252.916000128  1196760
254.487532139  1194975
256.107512951  1194582
257.756042004  1193988
259.400943041  1192595
261.070081949  1189418
262.755927086  1189157
264.429327011  1181108
266.080425978  1179865
267.731955051  1179650
269.412485123  1161420
271.066293001  1161248
272.721460104  1160866
274.406742096  1155599
276.058099985  1154648
277.701406956  1154433
279.381937981  1153208
281.062652111  1153029
282.741064072  1152028
284.389678955  1150320
286.045135021  1149934
287.722584963  1149394
289.428943157  1148558
291.127211094  1147111
292.838157177  1146243
294.542448044  1145085
296.271088123  1143219
297.969973087  1143174
299.669440985  1142263
301.365491152  1142008
303.070088148  1142006
304.77263999  1141483
306.504770041  1140413
308.240669966  1140053
309.939965963  1139629
311.696645975  1108446
313.443284988  1102298
315.199784994  1095515
316.955161095  1094826
318.704122066  1094719
320.451200008  1094687
322.199345112  1093294
323.979851961  1092334
325.787045956  1092331
327.591645956  1091638
329.408331156  1091199
331.234112978  1080138
333.037565947  1079937
334.875760078  1079896
336.681622982  1079075
338.503617048  1077606
340.347934961  1068956
342.181070089  1068873
344.025578976  1067296
345.864686012  1066650
347.712805986  1066416
349.543883085  1066224
351.392478943  1063685
353.223004103  1062341
355.086097002  1061885
356.973265171  1061244
358.854966164  1060798
360.724517107  1060376
362.592789173  1056138
364.424077034  1053081
366.256349087  1052842
368.084819078  1052397
369.923721075  1050970
371.790306091  1047361
373.667011023  1043043
375.539141178  1041470
377.403110027  1040900
379.276736021  1036965
381.140665054  1036753
383.024065018  1030431
384.871957064  1029268
386.773587942  985219
388.615718126  984848
390.474828005  982284
392.317873955  980940
394.180464983  978098
396.065615177  974585
397.950783968  973793
399.817957163  973079
401.703124046  965813
403.573032141  965723
405.45582509  965030
407.347900152  963461
409.230702162  957678
411.101742983  956964
412.983064175  953443
414.878885984  943933
416.718338966  942904
418.552087069  941876
420.381790161  941778
422.209113121  941539
424.044486046  941094
425.884977102  939667
427.76957798  913154
429.656937122  897658
431.542541981  882017
433.453835964  879963
435.372540951  876769
437.298042059  875193
439.227144957  868430
441.142939091  867098
443.060606003  865151
444.910056114  860953
446.75883913  859376
448.59007597  857203
450.331531048  855960
452.059812069  855229
453.855226994  854585
455.693153143  853722
457.61514616  843018
459.445264101  841267
461.229645014  840044
462.967584133  838351
464.716361046  837140
466.508651972  836801
468.409847021  827634
470.328573942  826241
472.261605978  825367
474.197643042  824117
476.134957075  824109
478.086856127  823291
480.028134108  812541
481.981328011  812500
483.919175148  810517
485.858725071  796524
487.813194036  794969
489.763736963  793648
491.716310978  792912
493.680176973  792774
495.64084816  792365
497.60641408  789735
499.566890955  788570
501.536756039  787679
503.508028984  783966
505.47895813  783941
507.455909967  783164
509.437111139  782667
511.408374071  782390
513.382107019  780508
515.359239101  779301
517.340275049  772027
519.320862055  771257
521.275130987  770158
523.236307144  770045
525.234605074  769974
527.222681046  769026
529.237236977  768481
531.267335176  759961
533.27926898  759508
535.300618172  757728
537.328905106  756013
539.357095003  755425
541.388529062  753127
543.424427986  752056
545.450423956  751720
547.479035139  743242
549.522930145  742202
551.572571039  742079
553.623721123  741452
555.681602001  741276
557.734935999  738269
559.796961069  736332
561.843023062  734927
563.889611006  733915
565.937878132  733275
568.000906944  731907
570.049299955  731819
572.09682107  730521
574.158702135  727528
576.205312014  727523
578.274427176  727026
580.320697069  726465
582.383275032  725142
584.44878912  723523
586.536664009  723505
588.620728016  721415
590.707952976  720299
592.805608988  720189
594.906680107  719706
597.020698071  718614
599.275030136  718162
601.802984953  716426
