0.0382459163666  6801739
0.038614988327  6785238
0.0387749671936  6775011
0.0391530990601  6764619
0.0400860309601  6764175
0.0404629707336  6763005
0.0406370162964  6756378
0.0408680438995  6755012
0.0415620803833  6752065
0.0417001247406  6750806
0.0419180393219  6747259
0.0429890155792  6742577
0.0432209968567  6712034
0.0433690547943  6709130
0.0446510314941  6696952
0.0448820590973  6693713
0.0464520454407  6685032
0.0465910434723  6681560
0.0492551326752  6672203
0.0493929386139  6664345
0.050087928772  6659723
0.0526249408722  6653817
0.0527639389038  6650837
0.0529811382294  6647119
0.0566461086273  6643958
0.0567860603333  6643367
0.0571150779724  6636483
0.057254076004  6636206
0.0578670501709  6606192
0.0581641197205  6603305
0.0583031177521  6599616
0.0586791038513  6597933
0.0595309734344  6594156
0.0596699714661  6583495
0.0600459575653  6574409
0.0609769821167  6571685
0.061115026474  6570183
0.0621271133423  6565367
0.062264919281  6557981
0.0641610622406  6556173
0.06485414505  6551516
0.0685949325562  6548359
0.0687329769135  6525149
0.0727441310883  6508989
0.0728831291199  6508627
0.0731799602509  6500510
0.0776491165161  6498545
0.0777881145477  6496062
0.078006029129  6481945
0.0794970989227  6481216
0.0798749923706  6478278
0.0813689231873  6468224
0.0815069675446  6455048
0.0817239284515  6448191
0.082179069519  6421934
0.0874271392822  6420575
0.0875670909882  6412277
0.0930111408234  6407548
0.0933079719543  6407033
0.0936839580536  6404650
0.0966229438782  6399488
0.0967631340027  6398735
0.10214304924  6398537
0.102283000946  6396420
0.10258102417  6396242
0.102720022202  6396005
0.103255033493  6391731
0.103631019592  6389093
0.103790044785  6387383
0.104722976685  6383583
0.105178117752  6381044
0.105317115784  6378313
0.106328964233  6377922
0.106467962265  6375621
0.107083082199  6375323
0.108093976974  6375174
0.109185934067  6374481
0.111310958862  6365932
0.116842985153  6361304
0.116981983185  6359551
0.122859954834  6358279
0.122998952866  6347037
0.123217105865  6321301
0.124231100082  6319771
0.124925136566  6316916
0.130882978439  6315141
0.131052017212  6313844
0.137372016907  6313687
0.138541936874  6312118
0.138859987259  6301678
0.138998031616  6300676
0.139851093292  6293223
0.146764993668  6286788
0.154405117035  6283993
0.155183076859  6280996
0.15540099144  6280808
0.155739068985  6275698
0.164577960968  6271778
0.16511797905  6269330
0.165271043777  6212419
0.165597915649  6211990
0.172196149826  6208913
0.172574043274  6204349
0.172713041306  6196577
0.175933122635  6194430
0.178179979324  6194046
0.17831993103  6193087
0.17853808403  6189090
0.180503129959  6184996
0.183437108994  6182165
0.190006017685  6181141
0.197358131409  6177321
0.1978931427  6166109
0.198112010956  6144459
0.200479984283  6143073
0.200698137283  6139959
0.202181100845  6137936
0.209942102432  6131457
0.210081100464  6129716
0.210377931595  6129312
0.210753917694  6128984
0.210892915726  6126714
0.218639135361  6125880
0.218778133392  6117349
0.226937055588  6113533
0.227235078812  6113350
0.227453947067  6108234
0.227910041809  6106889
0.228049039841  6104894
0.236308097839  6100504
0.236526966095  6095526
0.245286941528  6090627
0.245506048203  6079362
0.245856046677  6075607
0.246004104614  5998749
0.24701499939  5993658
0.247550010681  5993005
0.248162984848  5992541
0.257820129395  5987699
0.2579600811  5973092
0.258177042007  5956434
0.259032011032  5956236
0.2594871521  5953918
0.259705066681  5950133
0.262896060944  5945074
0.263273000717  5938142
0.263730049133  5932170
0.263869047165  5913005
0.265198945999  5912748
0.265973091125  5908251
0.268507003784  5905420
0.268723964691  5902747
0.269021034241  5899184
0.279227972031  5894898
0.282367944717  5889660
0.284172058105  5885112
0.284470081329  5800270
0.294939994812  5795497
0.295158147812  5794087
0.295454025269  5791529
0.295670986176  5788408
0.295809030533  5788397
0.296184062958  5786555
0.306635141373  5784873
0.306774139404  5771756
0.317364931107  5770359
0.328705072403  5767559
0.341393947601  5766968
0.341769933701  5764230
0.342229127884  5760507
0.342396020889  5756178
0.342930078506  5752553
0.343544960022  5751734
0.343683958054  5740757
0.344434976578  5740269
0.344594955444  5738361
0.345845937729  5737683
0.346698045731  5731246
0.354733943939  5729922
0.355111122131  5728904
0.355566978455  5727871
0.356496095657  5726223
0.356636047363  5725809
0.356866121292  5695706
0.357728004456  5695322
0.358103990555  5692929
0.360790014267  5692312
0.361166954041  5681233
0.361305952072  5680329
0.361885070801  5679984
0.362621068954  5678020
0.365391969681  5676370
0.372771024704  5675697
0.373229026794  5674490
0.373764038086  5632694
0.373902082443  5627280
0.374990940094  5625708
0.375129938126  5622193
0.387896060944  5619296
0.401495933533  5616566
0.40167093277  5612257
0.402140140533  5608374
0.402358055115  5608150
0.402734041214  5604733
0.403428077698  5603904
0.403726100922  5601448
0.403943061829  5598646
0.404556035995  5598134
0.404695987701  5595305
0.404992103577  5592459
0.405209064484  5591655
0.405663967133  5559454
0.406355142593  5556205
0.407248973846  5555962
0.421422958374  5554222
0.421802043915  5545768
0.422970056534  5541923
0.423109054565  5536334
0.423721075058  5536331
0.423938035965  5530458
0.424314022064  5526028
0.424453020096  5526020
0.424670934677  5492345
0.425045967102  5491726
0.425738096237  5481211
0.439908981323  5480907
0.440047979355  5478665
0.456020116806  5478507
0.456246137619  5475970
0.456388950348  5471127
0.456614017487  5470359
0.456920146942  5469797
0.457306146622  5459035
0.458183050156  5457635
0.458490133286  5456184
0.458632946014  5453432
0.459182977676  5445045
0.460061073303  5438341
0.461112976074  5435456
0.480167150497  5433039
0.480337142944  5404703
0.480585098267  5402097
0.480728149414  5398490
0.481197118759  5380163
0.481992006302  5351275
0.482135057449  5328615
0.482602119446  5326608
0.482825994492  5299026
0.4837911129  5289158
0.483947038651  5283524
0.485692977905  5277913
0.486881971359  5274534
0.487257957458  5259224
0.488050937653  5249867
0.488206148148  5247356
0.507472038269  5246003
0.507627010345  5237460
0.508098125458  5229592
0.50824213028  5225011
0.509124994278  5224080
0.51016998291  5220530
0.510313987732  5204316
0.511603116989  5203153
0.5299680233  5202462
0.530398130417  5193874
0.531450033188  5192062
0.531589031219  5155498
0.532124996185  5151639
0.532263994217  5130403
0.532721042633  5125296
0.53285908699  5119103
0.533076047897  5109042
0.533689975739  5106516
0.535784006119  5091060
0.536401987076  5088902
0.537176132202  5088743
0.537332057953  5087221
0.538420915604  5086153
0.538571119308  5084723
0.53880405426  5082690
0.540239095688  5081870
0.559117078781  5080433
0.578947067261  5079871
0.59889793396  5070121
0.619600057602  5066197
0.642060995102  5066135
0.666976928711  5066054
0.687542915344  5063520
0.713171958923  5062621
0.752810001373  5062386
0.797719955444  5061112
0.840989112854  5059749
0.886080980301  5059689
0.936075925827  5057839
0.977993011475  5055841
1.02423095703  5055451
1.06895804405  5051577
1.1225259304  5050872
1.19587802887  5048888
1.26323699951  5048144
1.32097291946  5047800
1.39367103577  5047026
1.48826694489  5044591
1.58352303505  5042142
1.66384506226  5040699
1.76046204567  5035777
1.85795307159  5035319
1.95538806915  5034284
2.05128002167  5032808
2.16554999352  5032477
2.22367811203  5032157
2.2814540863  5031996
2.33971905708  5031575
2.39726996422  5026396
2.45554208755  5026118
2.51354002953  5025426
2.57096004486  5025109
2.62970900536  4991504
2.6919529438  4991436
2.75115203857  4991331
2.82869195938  4985922
2.92963504791  4984287
2.9879360199  4984001
3.0866420269  4983389
3.18414497375  4975666
3.24253702164  4975368
3.33899092674  4972069
3.43601512909  4965410
3.4939930439  4965062
3.59044599533  4951734
3.68762612343  4944528
3.78641915321  4942782
3.84396696091  4942298
3.94860911369  4940654
4.00781702995  4940354
4.10914802551  4938659
4.20712399483  4938524
4.30627012253  4938188
4.40257501602  4933631
4.46047306061  4933442
4.55612897873  4933438
4.6545650959  4926913
4.71464395523  4926613
4.81066012383  4923947
4.90946412086  4921865
5.00591802597  4917286
5.12192893028  4916521
5.23759508133  4912676
5.34087514877  4911194
5.40367603302  4911075
5.50805497169  4910837
5.56592202187  4910510
5.66313815117  4907989
5.70252895355  4907924
5.80348706245  4907375
5.82272791862  4904679
5.82286810875  4904010
5.82372307777  4903622
5.82984399796  4903268
5.83006215096  4899580
5.83044600487  4891028
5.83106207848  4889945
5.83127903938  4889187
5.83141803741  4887792
5.83171510696  4865749
5.83217000961  4863849
5.83373808861  4861473
5.83411407471  4858647
5.84647297859  4857459
5.84821105003  4857402
5.84954214096  4855464
5.85049700737  4854693
5.85150909424  4847152
5.8693420887  4842709
5.88908100128  4842685
5.89105892181  4841658
5.89127898216  4840000
5.89245510101  4832743
5.91298508644  4831350
5.94466996193  4830970
5.98004412651  4827523
6.0059709549  4822834
6.0322470665  4820283
6.05974602699  4727619
6.08417010307  4724097
6.10801410675  4721986
6.13478302956  4720839
6.15599799156  4646005
6.18182492256  4640597
6.20510101318  4639080
6.23221206665  4626077
6.25299406052  4626012
6.2806251049  4623769
6.30264496803  4621198
6.32532405853  4601735
6.34743905067  4600584
6.37418103218  4597032
6.39563894272  4592658
6.42589998245  4592121
6.45411610603  4580763
6.48049998283  4490614
6.51218104362  4488928
6.53284406662  4488877
6.55302405357  4488578
6.57290697098  4487847
6.59257793427  4487695
6.61267995834  4485698
6.63249802589  4484539
6.65274310112  4484040
6.700330019  4484015
6.71258592606  4483351
6.71277499199  4446410
6.72442293167  4442989
6.72500801086  4441368
6.72523403168  4440061
6.72553992271  4434984
6.72716093063  4427422
6.72730398178  4427123
6.72788715363  4424967
6.74182891846  4424538
6.74902796745  4424350
6.75283002853  4424109
6.7535841465  4423071
6.75471496582  4416900
6.7549431324  4414364
6.75524997711  4407145
6.75571894646  4404915
6.75588297844  4403202
6.75610804558  4399804
6.75684809685  4380416
6.75710606575  4376189
6.75894212723  4373533
6.75908899307  4368369
6.75931310654  4356034
6.75961899757  4341844
6.76000595093  4331196
6.76014900208  4329309
6.76097512245  4303221
6.76126408577  4302693
6.76201605797  4297310
6.76245713234  4297178
6.76885604858  4291740
6.78744602203  4288282
6.84106898308  4286695
6.91247606277  4286100
6.97201704979  4284785
7.04925704002  4284568
7.12464213371  4283381
7.19894599915  4280470
7.27149415016  4279304
7.34843206406  4278715
7.41125202179  4277153
7.49639892578  4273454
7.58364796638  4270233
7.68622207642  4270013
7.776927948  4269874
7.85471105576  4269726
7.95210313797  4269244
8.04531812668  4267767
8.13601207733  4266542
8.17462491989  4266468
8.21319794655  4265882
8.26851201057  4265318
8.30691504478  4263751
8.36276602745  4263480
8.45533704758  4262043
8.52215099335  4261903
8.59283208847  4261055
8.65989995003  4260415
8.72887897491  4254957
8.80085802078  4254608
8.87171196938  4252066
8.94121098518  4251011
9.0184109211  4250858
9.08580493927  4248917
9.18705892563  4248839
9.28051900864  4248378
9.37182497978  4247239
9.46326494217  4246103
9.57365894318  4239599
9.63991808891  4239405
9.75954604149  4239348
9.87621593475  4238832
9.99366497993  4238126
10.0638620853  4237532
