0.0425820350647  6762786
0.0434999465942  6720763
0.0441610813141  6705659
0.0451190471649  6602212
0.0462279319763  6596810
0.0464799404144  6574188
0.0467340946198  6570391
0.0469801425934  6552337
0.0472400188446  6537605
0.0479400157928  6486118
0.0488519668579  6485573
0.0491070747375  6482848
0.0495719909668  6459738
0.0498189926147  6453478
0.051244020462  6453455
0.0514960289001  6451680
0.0524470806122  6443017
0.0531430244446  6439544
0.0538699626923  6437528
0.0542979240417  6426312
0.0550019741058  6417537
0.0554430484772  6341671
0.0559470653534  6332742
0.0567879676819  6330439
0.0573329925537  6288398
0.0575821399689  6247332
0.0578579902649  6229495
0.0588121414185  6143027
0.059289932251  6140863
0.0607070922852  6125146
0.0609600543976  6089687
0.0617389678955  6088329
0.0619699954987  6029198
0.0622370243073  6007418
0.0629980564117  5980637
0.0640699863434  5944106
0.0647349357605  5943519
0.0676350593567  5942353
0.0678539276123  5928472
0.0692820549011  5917173
0.0694761276245  5852676
0.0696909427643  5817061
0.0701310634613  5809610
0.070629119873  5807316
0.0729420185089  5802190
0.0732231140137  5802042
0.0735030174255  5801623
0.0737371444702  5797672
0.0741860866547  5789214
0.0748031139374  5755612
0.0761570930481  5751312
0.0773539543152  5732600
0.0782749652863  5719979
0.0789229869843  5717399
0.0794930458069  5712414
0.0814731121063  5711541
0.0817260742188  5705287
0.0826001167297  5689080
0.0828559398651  5688148
0.0836629867554  5658904
0.0844140052795  5657693
0.084890127182  5655419
0.0855240821838  5650279
0.0857701301575  5626345
0.0889480113983  5620399
0.0894191265106  5613800
0.0915920734406  5612247
0.0920369625092  5599819
0.0945270061493  5594246
0.094789981842  5592724
0.0950629711151  5580843
0.0953619480133  5577098
0.0969250202179  5567442
0.097100019455  5565718
0.0973360538483  5557473
0.0975639820099  5530232
0.097708940506  5489347
0.100878000259  5478878
0.101390123367  5434663
0.101768016815  5416854
0.101895093918  5380341
0.102021932602  5373784
0.10227394104  5372114
0.102652072906  5364410
0.102777957916  5361642
0.103399991989  5361195
0.103527069092  5359260
0.104097127914  5351552
0.105675935745  5336926
0.106297969818  5336863
0.106867074966  5313486
0.107167005539  5268106
0.107460975647  5201644
0.108592033386  5189005
0.109326124191  5184846
0.110926151276  5173930
0.111216068268  5167295
0.111411094666  5158063
0.111683130264  5133625
0.113547086716  5099967
0.113759994507  5097896
0.114175081253  5094360
0.115962982178  5092491
0.116361141205  5051282
0.116758108139  5036506
0.117474079132  4974994
0.119445085526  4974962
0.120806932449  4974895
0.121056079865  4974060
0.121307134628  4973213
0.121433973312  4908336
0.121932983398  4892851
0.122820138931  4852167
0.123045921326  4851973
0.123244047165  4846175
0.12410402298  4816558
0.124237060547  4778984
0.124494075775  4771423
0.126152038574  4762375
0.126405954361  4759446
0.126907110214  4759176
0.127038002014  4740104
0.127290010452  4726785
0.127542972565  4721940
0.12807393074  4702219
0.128214120865  4700292
0.128595113754  4695944
0.130833148956  4694913
0.131282091141  4690002
0.131473064423  4667920
0.131633996964  4656612
0.134741067886  4650400
0.135040998459  4647459
0.135192155838  4635469
0.135343074799  4619616
0.1366751194  4611417
0.136826038361  4605054
0.137418985367  4596509
0.138240098953  4593977
0.138719081879  4593337
0.141366958618  4591887
0.142681121826  4588927
0.14425110817  4586411
0.144638061523  4579963
0.144768953323  4579011
0.145401000977  4572944
0.146683931351  4570390
0.147333145142  4567829
0.14947104454  4557515
0.151435136795  4415822
0.151863098145  4413922
0.153862953186  4405474
0.154617071152  4402344
0.154819965363  4399344
0.157660007477  4395727
0.15829706192  4395065
0.158558130264  4388743
0.159065008163  4383871
0.160073041916  4376833
0.160328149796  4374502
0.161209106445  4367869
0.161986112595  4364642
0.16329908371  4357895
0.165390968323  4298985
0.165781974792  4296776
0.165914058685  4280413
0.166172027588  4267993
0.16668510437  4255563
0.167323112488  4233002
0.169922113419  4232815
0.170310974121  4225312
0.171870946884  4220661
0.17293715477  4220310
0.173331975937  4219816
0.17346405983  4216546
0.174854040146  4215750
0.17637014389  4214463
0.177129983902  4173208
0.178676128387  4135159
0.180639028549  4134894
0.180778026581  4121290
0.18141412735  4117480
0.182049036026  4116082
0.182309150696  4107425
0.185964107513  4099675
0.186346054077  4089556
0.186475992203  4080247
0.188328027725  4067835
0.188544034958  4067638
0.190185070038  4058455
0.190885066986  4035182
0.199864149094  4003330
0.200252056122  4003045
0.200762033463  4002654
0.202656984329  3997097
0.202914953232  3970155
0.203397035599  3966587
0.207478046417  3958124
0.207612037659  3957910
0.208130121231  3954685
0.208259105682  3911326
0.209393978119  3906249
0.209905147552  3899713
0.213140964508  3889582
0.213279008865  3884741
0.213536977768  3837318
0.213665962219  3820304
0.214550971985  3819047
0.216058015823  3818236
0.217821121216  3767017
0.218702077866  3761271
0.218956947327  3746475
0.221806049347  3730391
0.222316026688  3708074
0.223205089569  3701563
0.223463058472  3658150
0.22386598587  3654033
0.224139928818  3646765
0.227545976639  3634381
0.231240987778  3633313
0.231374979019  3624233
0.232512950897  3622614
0.23289513588  3619800
0.234652996063  3615461
0.234781980515  3597041
0.235912084579  3595143
0.236186027527  3584441
0.238579034805  3582737
0.238841056824  3578420
0.24138212204  3575514
0.244262933731  3557303
0.246108055115  3556732
0.246243000031  3555756
0.247758150101  3549712
0.247887134552  3547356
0.248016119003  3539417
0.252962112427  3499401
0.254575967789  3498527
0.259804010391  3488536
0.264708995819  3479573
0.266122102737  3479392
0.266762971878  3467861
0.267400979996  3466774
0.272411108017  3459312
0.27267408371  3453825
0.274074077606  3450815
0.275337934494  3450137
0.275469064713  3444597
0.279681921005  3444262
0.281854152679  3402573
0.291794061661  3385679
0.292312145233  3385495
0.295980930328  3379433
0.299274921417  3376768
0.301377058029  3364138
0.303611040115  3362101
0.314974069595  3360287
0.316091060638  3359642
0.319890975952  3358502
0.320069074631  3355046
0.321063041687  3354746
0.321928024292  3330825
0.323969125748  3330499
0.324995994568  3323365
0.32594704628  3322553
0.326951980591  3312468
0.329648017883  3303741
0.330306053162  3301946
0.33069396019  3287352
0.331336021423  3283681
0.334250926971  3283495
0.335191011429  3282854
0.335765123367  3281590
0.33859205246  3272069
0.341238021851  3244127
0.342513084412  3243701
0.347639083862  3243700
0.348154067993  3237169
0.348539113998  3236929
0.350572109222  3228165
0.351081132889  3223250
0.353472948074  3220183
0.357878923416  3219128
0.359158039093  3203360
0.359796047211  3201275
0.360311031342  3191911
0.361195087433  3190785
0.361449956894  3189055
0.366425037384  3186032
0.366939067841  3176370
0.367449998856  3173551
0.368209123611  3171856
0.370764017105  3137709
0.372173070908  3137697
0.373222112656  3102243
0.381118059158  3029022
0.381787061691  3025285
0.382118940353  3022423
0.382771015167  3021987
0.390398025513  3016251
0.391220092773  3013962
0.391772985458  3013552
0.395477056503  3011017
0.396764993668  3010585
0.399697065353  3006320
0.414916038513  2996069
0.415436029434  2986691
0.416188955307  2985747
0.418098926544  2984903
0.41937494278  2984867
0.421425104141  2977172
0.42357301712  2971582
0.423704147339  2970390
0.423834085464  2969771
0.431581020355  2961752
0.436398029327  2954417
0.437163114548  2949805
0.442115068436  2935423
0.443643093109  2933191
0.447152137756  2925092
0.449900150299  2924401
0.453360080719  2921442
0.456103086472  2917290
0.45850610733  2914419
0.460722923279  2913361
0.464787960052  2903590
0.476763010025  2896881
0.482660055161  2894285
0.488420009613  2893238
0.492308139801  2892817
0.4937479496  2866300
0.50470495224  2855379
0.506967067719  2855134
0.509469985962  2854335
0.510621070862  2854065
0.51305603981  2851142
0.516974925995  2849585
0.518868923187  2844974
0.523144960403  2842316
0.530812978745  2840296
0.531500101089  2839222
0.531644105911  2835174
0.5319211483  2830735
0.532637119293  2829133
0.533931016922  2813077
0.543828010559  2791241
0.547532081604  2714353
0.548856973648  2713718
0.548992156982  2705654
0.549589157104  2705494
0.554677009583  2705181
0.559355020523  2676234
0.561653137207  2670617
0.56850194931  2668256
0.571098089218  2667622
0.571635961533  2666769
0.57303404808  2662504
0.573300123215  2662012
0.575814008713  2661386
0.576328992844  2659301
0.578149080276  2658903
0.584501028061  2649317
0.585024118423  2599231
0.586178064346  2595251
0.587069034576  2584733
0.590152978897  2577269
0.59117603302  2575573
0.596569061279  2575476
0.619970083237  2574502
0.620237112045  2574044
0.620370149612  2573903
0.621012926102  2567687
0.623816013336  2556106
0.633369922638  2547883
0.637218952179  2547008
0.639899969101  2546797
0.640161037445  2546788
0.641178131104  2545421
0.646283149719  2543641
0.650064945221  2543174
0.650197982788  2542695
0.651220083237  2537608
0.657518148422  2536509
0.658030033112  2533545
0.660064935684  2525642
0.660450935364  2521775
0.673285961151  2516214
0.67410492897  2514497
0.686377048492  2510878
0.688028097153  2510401
0.692760944366  2502106
0.692894935608  2478886
0.697366952896  2476599
0.70148897171  2475527
0.702656030655  2473273
0.709223985672  2472814
0.715975999832  2472545
0.72042298317  2463412
0.722872018814  2453426
0.732795953751  2449784
0.739612102509  2441645
0.74538898468  2439835
0.755609989166  2436450
0.759025096893  2433305
0.759196043015  2431982
0.759465932846  2431332
0.759981155396  2427271
0.761405944824  2426542
0.763000965118  2425968
0.766710996628  2421410
0.771614074707  2419004
0.77188205719  2416911
0.780667066574  2414797
0.795877933502  2412699
0.802539110184  2407624
0.804347038269  2404018
0.812796115875  2400590
0.814990997314  2398651
0.815572023392  2398632
0.816271066666  2397433
0.817546129227  2396958
0.820739030838  2396949
0.822154045105  2396115
0.826766014099  2395518
0.82859992981  2394042
0.83192896843  2392219
0.832237005234  2391195
0.835168123245  2390504
0.861293077469  2390171
0.862481117249  2387317
0.870593070984  2377054
0.890962123871  2374879
0.89399600029  2364860
0.896831989288  2360686
0.912516117096  2360040
0.918699026108  2359621
0.934034109116  2357318
0.935730934143  2347206
0.940288066864  2346293
0.947785139084  2346216
0.951664924622  2345745
0.952909946442  2343780
0.953649044037  2342151
0.954951047897  2338241
0.956241130829  2336286
0.957661151886  2333395
0.962365150452  2333024
0.966145992279  2332651
0.972523927689  2330671
0.985826015472  2329908
0.994867086411  2329087
1.00879001617  2327637
1.01022315025  2327540
1.01192998886  2321419
1.01524996758  2321034
1.021515131  2320274
1.02457308769  2316850
1.02831411362  2316722
1.02870392799  2316354
1.04326701164  2316255
1.05723905563  2316078
1.05982708931  2314240
1.06449604034  2310346
1.07877397537  2308638
1.08734512329  2307443
1.08927512169  2307128
1.09043502808  2304725
1.09069705009  2304334
1.10238814354  2303824
1.10705494881  2302837
1.10969805717  2302631
1.11647295952  2302261
1.12842512131  2301584
1.1387591362  2292175
1.1754090786  2291770
1.18557310104  2291089
1.1867389679  2289078
1.2031929493  2286624
1.20667004585  2278162
1.22480797768  2277930
1.25763297081  2276506
1.25869703293  2275118
1.26732206345  2267695
1.29548192024  2267048
1.29583907127  2266124
1.30260109901  2266046
1.30548810959  2265916
1.31426906586  2264946
1.31890702248  2264553
1.31952595711  2260350
1.34187507629  2259232
1.34227204323  2257517
1.34911394119  2256401
1.36497402191  2255397
1.37762212753  2253061
1.37776398659  2249130
1.38944792747  2246603
1.41031193733  2238393
1.42931008339  2235253
1.43593502045  2234615
1.43687605858  2233808
1.44120311737  2224174
1.44263911247  2223628
1.4669880867  2223540
1.48062801361  2223266
1.48226213455  2222590
1.53309202194  2214219
1.54997014999  2212348
1.56845998764  2210973
1.576816082  2207617
1.57752799988  2205935
1.60108304024  2203710
1.60432505608  2202953
1.60514307022  2202564
1.61438393593  2200005
1.64026999474  2199731
1.64592599869  2199090
1.65214514732  2194392
1.65719199181  2187049
1.66399693489  2186524
1.67300200462  2185758
1.69500303268  2185027
1.72836112976  2184427
1.73508501053  2184157
1.75003314018  2182306
1.75310206413  2179640
1.75952506065  2176514
1.76223111153  2170836
1.77516913414  2170821
1.77642512321  2169912
1.77920198441  2168591
1.78095602989  2167996
1.79607796669  2167992
1.80304002762  2167920
1.80514097214  2167589
1.82560515404  2166560
1.83580613136  2164657
1.87686896324  2164418
1.87916707993  2164169
1.87930607796  2162511
1.88429498672  2161057
1.88948607445  2159828
1.89115595818  2159624
1.91577410698  2158616
1.91620898247  2155132
1.95673203468  2145026
1.96270799637  2144316
1.97407102585  2144137
1.98866415024  2143889
2.01831197739  2142425
2.02061796188  2142304
2.0356669426  2138642
2.04267811775  2131939
2.04937005043  2131933
2.05163311958  2123600
2.05347108841  2121271
2.08455204964  2120689
2.12893795967  2120500
2.13342094421  2119522
2.14324092865  2104390
2.14977097511  2100448
2.15919709206  2099978
2.16314911842  2097661
2.16846513748  2097657
2.17757201195  2096074
2.17785811424  2094302
2.18025112152  2094241
2.20909309387  2093084
2.21775197983  2092309
2.21826505661  2090447
2.23374009132  2089912
2.23412394524  2089502
2.2404191494  2089298
2.26329112053  2089178
2.28151893616  2088584
2.34885811806  2088437
2.35876393318  2087136
2.36016511917  2068109
2.39674115181  2068101
2.4071700573  2067703
2.42887210846  2066796
2.43813514709  2063813
2.47366309166  2058576
2.48282599449  2049464
2.49619197845  2048100
2.50553011894  2048083
2.51699209213  2047851
2.54308199883  2047408
2.54439997673  2046046
2.55200195312  2045854
2.56714606285  2041899
2.57969713211  2041778
2.60889792442  2036326
2.62095212936  2036203
2.63499498367  2036112
2.64148807526  2036110
2.64432907104  2032834
2.68190312386  2030745
2.70881104469  2026280
2.71325492859  2025967
2.71765899658  2023096
2.72096514702  2012350
2.72590613365  2006022
2.73872303963  2004581
2.74900698662  2003689
2.75209712982  2003442
2.76085805893  2001548
2.771048069  1997531
2.79302692413  1997395
2.79341506958  1997386
2.82298803329  1995023
2.82325601578  1993967
2.82966804504  1993746
2.82993102074  1993623
2.83019399643  1992665
2.85967803001  1991808
2.87128210068  1990789
2.9203851223  1978181
2.92182707787  1977895
2.94965815544  1976863
2.9680891037  1976824
3.01988697052  1976782
3.035572052  1967019
3.04122209549  1966213
3.07367992401  1965570
3.08133411407  1960349
3.12116503716  1959978
3.13951301575  1958861
3.16171097755  1957607
3.16621112823  1955709
3.17437815666  1955702
3.19060015678  1954779
3.21294498444  1952116
3.21730709076  1952113
3.22761797905  1950363
3.24864697456  1945614
3.26220202446  1945520
3.26248192787  1945167
3.26663398743  1942982
3.30352807045  1942940
3.35600495338  1942606
3.37917494774  1942342
3.38434505463  1941715
3.39320206642  1941129
3.41262507439  1939287
3.42787098885  1939061
3.44177007675  1933603
3.45536398888  1930739
3.45976305008  1906233
3.49304795265  1904878
3.49997997284  1904629
3.52147293091  1903394
3.56232309341  1902850
3.60439610481  1900479
3.64087510109  1899515
3.64701914787  1897608
3.66694402695  1897027
3.67186403275  1896340
3.68902802467  1896303
3.70257115364  1895324
3.7058391571  1894606
3.72275114059  1894591
3.72656011581  1887852
3.74820113182  1886272
3.74851107597  1885748
3.77045297623  1882911
3.77949595451  1876774
3.81543898582  1872330
3.82187509537  1872251
3.82898712158  1871734
3.83746695518  1871048
3.84015512466  1870072
3.84770607948  1868584
3.85153007507  1868458
3.87413692474  1868405
3.8903529644  1867855
3.91255307198  1867541
3.918446064  1866274
3.92633509636  1864247
3.94062304497  1863768
3.94310498238  1863671
3.9809179306  1861826
3.98811292648  1857453
4.00807309151  1856019
4.02053403854  1856016
4.08533406258  1855831
4.08969712257  1853454
4.12843394279  1852346
4.1285879612  1850735
4.12960410118  1796919
4.13188409805  1796345
4.13259196281  1795582
4.14904499054  1774669
4.15714502335  1774075
4.16637992859  1749678
4.18168306351  1747714
4.22082304955  1747577
4.25254607201  1746930
4.2913069725  1746680
4.2960319519  1746645
4.30860710144  1744941
4.32669496536  1744913
4.33016395569  1742456
4.37032699585  1742453
4.37538099289  1739880
4.37551403046  1739122
4.38395810127  1737761
4.40185809135  1737739
4.42731714249  1735999
4.47343707085  1734516
4.4777340889  1734201
4.52305102348  1731966
4.52526211739  1720125
4.53305602074  1719255
4.54083609581  1716494
4.58284091949  1715101
4.5944609642  1705449
4.59693813324  1704961
4.61233210564  1703964
37.6379060745  1703747
37.6447329521  1690824
37.6465220451  1688591
37.6557819843  1687841
37.6560461521  1685200
37.6817641258  1685169
37.6844830513  1683975
37.6868600845  1683170
