0.041855096817  7219898
0.0424110889435  7164916
0.0434999465942  7164464
0.0439491271973  7158073
0.0440859794617  7155934
0.0444540977478  7155379
0.0446689128876  7155371
0.0448429584503  7155200
0.0451800823212  7152383
0.0458650588989  7139746
0.0460200309753  7139711
0.0462620258331  7137019
0.0477039813995  7115384
0.0478389263153  7113496
0.0481519699097  7108286
0.0485210418701  7106591
0.0486569404602  7104948
0.049103975296  7088084
0.0505881309509  7084244
0.0535509586334  7062875
0.0537700653076  7056488
0.0541081428528  7049057
0.0544469356537  7044135
0.0551280975342  7042516
0.0553410053253  7021896
0.055477142334  7016444
0.0557680130005  7013255
0.0561389923096  6997972
0.0563669204712  6974281
0.0570559501648  6960892
0.0582239627838  6953397
0.0615210533142  6946896
0.0617151260376  6877602
0.0656681060791  6870222
0.0661599636078  6866720
0.0667390823364  6862934
0.0668759346008  6856303
0.0675189495087  6854838
0.0680530071259  6850386
0.0682361125946  6837276
0.0685241222382  6798720
0.0715401172638  6744710
0.0725710391998  6741734
0.0728740692139  6741703
0.0739459991455  6734761
0.0757200717926  6734557
0.0767900943756  6733538
0.0769259929657  6732073
0.0790069103241  6720518
0.0828099250793  6719160
0.0829679965973  6692629
0.0834150314331  6687447
0.0836291313171  6666430
0.0847001075745  6662810
0.0852451324463  6647811
0.0858891010284  6638087
0.0860249996185  6623199
0.0867481231689  6602198
0.0869030952454  6532716
0.0908589363098  6513582
0.0909960269928  6504181
0.0949621200562  6498333
0.0951161384583  6447198
0.0998039245605  6426154
0.100023984909  6426107
0.100358009338  6414964
0.106229066849  6408481
0.106399059296  6357323
0.112407922745  6356130
0.112564086914  6352776
0.112895965576  6349851
0.113610982895  6325196
0.113747119904  6320966
0.114118099213  6318961
0.114820957184  6312910
0.116150140762  6311073
0.121921062469  6304665
0.128125905991  6302928
0.12863612175  6293837
0.128967046738  6249753
0.129122018814  6247096
0.12954211235  6236415
0.129696130753  6232067
0.130255937576  6183328
0.130392074585  6181671
0.130995988846  6180734
0.131166934967  6173906
0.131926059723  6169676
0.138678073883  6163688
0.13881611824  6163028
0.139109134674  6144071
0.147133111954  6140083
0.147269964218  6113132
0.155698060989  6112467
0.155837059021  6045183
0.156127929688  6044706
0.167320966721  6043943
0.167938947678  6034471
0.168152093887  6000482
0.168287992477  5977116
0.169003009796  5971392
0.169174909592  5969698
0.169666051865  5967989
0.170403003693  5955201
0.171458959579  5900828
0.171730995178  5893961
0.17308306694  5885236
0.173294067383  5816422
0.17701792717  5809218
0.177319049835  5803529
0.177505016327  5802604
0.178009033203  5796980
0.179618120193  5796426
0.182909965515  5796402
0.185924053192  5793585
0.187252044678  5792207
0.18882894516  5790654
0.189043998718  5774540
0.190504074097  5773201
0.193478107452  5765622
0.20699095726  5765179
0.208941936493  5761423
0.209187030792  5753605
0.209959983826  5753055
0.210345029831  5748937
0.211102962494  5744948
0.219439029694  5744285
0.219654083252  5738267
0.221148014069  5729982
0.221555948257  5729351
0.222003936768  5729204
0.222140073776  5726879
0.222665071487  5718379
0.223035097122  5717660
0.22394990921  5713621
0.22541308403  5708321
0.225549936295  5653623
0.225920915604  5648910
0.226212978363  5644472
0.22806596756  5643834
0.228202104568  5642436
0.228415966034  5637440
0.228785991669  5635675
0.229000091553  5635399
0.229447126389  5631858
0.233477115631  5629722
0.237661123276  5627800
0.243480920792  5627638
0.243628978729  5626542
0.243854045868  5626268
0.244144916534  5573484
0.249967098236  5571937
0.256366014481  5559101
0.256581068039  5557106
0.270673036575  5555511
0.286056041718  5554540
0.286207914352  5549999
0.286437988281  5544190
0.28657412529  5541475
0.286787033081  5503352
0.287078142166  5479373
0.287292003632  5475044
0.288044929504  5471496
0.302006006241  5471406
0.316841125488  5470552
0.317443132401  5467320
0.317579030991  5435225
0.317945957184  5434473
0.318238019943  5433741
0.318643093109  5385934
0.319200992584  5383941
0.319921016693  5378347
0.335053920746  5377398
0.335345983505  5373117
0.335870027542  5370228
0.336005926132  5357811
0.336839914322  5352233
0.337054014206  5344528
0.35310292244  5344227
0.353240966797  5343388
0.353533029556  5341954
0.353902101517  5332744
0.354569911957  5324159
0.354938030243  5318172
0.355150938034  5311411
0.35606098175  5304363
0.356197118759  5185475
0.372189998627  5182655
0.389987945557  5181931
0.390125989914  5142144
0.406446933746  5141969
0.426002025604  5141962
0.445225000381  5140239
0.467677116394  5137476
0.487494945526  5126279
0.506590127945  5117330
0.529097080231  5112062
0.551672935486  5109883
0.570712089539  5108018
0.594433069229  5102768
0.613887071609  5102342
0.63291311264  5101989
0.655961036682  5101742
0.675393104553  5087355
0.695507049561  5087340
0.714720010757  5087187
0.73427605629  5085253
0.757477045059  5081081
0.780960083008  5081057
0.800261974335  5080898
0.819267034531  5066170
0.838463068008  5054400
0.860450983047  4988364
0.879908084869  4973914
0.899415969849  4955962
0.921904087067  4955355
0.947436094284  4951859
0.98393201828  4945783
1.02698707581  4945741
1.05138993263  4936949
1.07463502884  4934047
1.10443091393  4933020
1.1286919117  4927650
1.15403008461  4927221
1.17565107346  4923563
1.19696211815  4923001
1.22090196609  4919073
1.23995709419  4919031
1.25892996788  4918542
1.29969406128  4912313
1.33744192123  4911371
1.35640311241  4910397
1.39425897598  4853168
1.46991109848  4842588
1.5455300808  4827402
1.62179708481  4825577
1.70198702812  4821658
1.7816901207  4821429
1.85938501358  4820832
1.93584609032  4819035
2.01430392265  4818207
2.09393000603  4817771
2.17182302475  4816188
2.28647613525  4816072
2.39863395691  4815997
2.51100301743  4815226
2.63013195992  4815221
2.74877595901  4815161
2.87910795212  4814644
2.89925003052  4813750
2.91819810867  4747368
2.93722391129  4746951
2.9561290741  4741326
2.97560691833  4701717
2.99448609352  4699773
3.01461005211  4697624
3.04236292839  4696097
3.06133699417  4692908
3.08080291748  4690754
3.09968590736  4688844
3.1186311245  4687097
3.13790392876  4684545
3.16251802444  4676800
3.18380308151  4673125
3.20286393166  4672010
3.2221429348  4671263
3.24308109283  4670943
3.26343393326  4670772
3.29489898682  4668241
3.31386995316  4649639
3.33306002617  4644835
3.35259509087  4644748
3.37165093422  4644589
3.39075112343  4643972
3.41012907028  4627399
3.429074049  4578716
3.46662902832  4576599
3.48574113846  4576255
3.50469112396  4526575
3.52481508255  4526424
3.54373693466  4525165
3.56282091141  4524246
3.58251690865  4523672
3.60931992531  4523342
3.63438296318  4520459
3.65348601341  4520211
3.67285513878  4477400
3.69196009636  4476542
3.71197009087  4472728
3.73210000992  4471936
3.75213909149  4471742
3.77111411095  4469830
3.79077506065  4469251
3.80985999107  4447062
3.83191394806  4402832
3.8508849144  4387634
3.87018013  4366338
3.8893840313  4362189
3.90828800201  4357794
3.92750406265  4323075
3.94645214081  4322823
3.96622991562  4304730
3.98652911186  4304533
4.00792002678  4304410
4.0311601162  4302469
4.05032300949  4271211
4.06932806969  4262157
4.08839511871  4254410
4.11120390892  4252964
4.14425802231  4252867
4.16356897354  4214152
4.18354392052  4208491
4.20501613617  4206467
4.23322796822  4206338
4.30833697319  4187187
4.38330292702  4185544
4.42092299461  4185534
4.49635100365  4184774
4.57161402702  4183757
4.64950203896  4182269
4.72704696655  4180974
4.76467704773  4180434
4.83997797966  4177120
4.91589307785  4154841
4.99155592918  4151157
5.06633996964  4147863
5.14224100113  4120208
5.18478798866  4120177
5.26150393486  4119202
5.29977297783  4118657
5.37490606308  4118275
5.45022201538  4113000
5.52575206757  4105882
5.60089707375  4086747
5.63873505592  4086704
5.72211503983  4060172
5.76037311554  4059639
5.8379240036  4058808
5.91294002533  4037139
5.98845791817  4034435
6.06568312645  4024844
6.10326194763  4024497
6.18078994751  4020646
6.22026896477  4020266
6.29791712761  4015179
6.33674097061  4014951
6.41217303276  4010173
6.50125813484  4009996
6.59074401855  4009699
6.6675260067  4009421
6.75430297852  4008884
6.83476495743  4008423
6.91933012009  4008303
7.06201004982  4004772
7.25270009041  4003030
7.43948912621  4002617
7.62860798836  4002455
7.81587791443  3997747
8.00523710251  3997469
8.19256806374  3997454
8.3854060173  3996980
8.57261991501  3981876
8.59203910828  3977878
8.6116631031  3976757
8.71008300781  3976230
8.89545106888  3942449
9.04434204102  3941631
9.23157596588  3925842
9.38049793243  3925813
9.56671595573  3921319
9.75324296951  3908928
9.8517100811  3908702
10.0436279774  3904645
