0.0389888286591  6922891
0.0394258499146  6895606
0.0397479534149  6863503
0.040228843689  6859536
0.0410289764404  6844273
0.0411908626556  6841663
0.0419609546661  6794441
0.0423808097839  6785242
0.0425078868866  6730141
0.0426340103149  6677238
0.042760848999  6663664
0.0430109500885  6662110
0.0432608127594  6658807
0.0435118675232  6593009
0.0436398983002  6587232
0.0437660217285  6561501
0.0438919067383  6551159
0.0440199375153  6549637
0.0442719459534  6476466
0.0445239543915  6389877
0.0447750091553  6386587
0.0451459884644  6351945
0.0452728271484  6339971
0.045646905899  6320758
0.0457739830017  6318285
0.0459008216858  6314573
0.0462758541107  6310739
0.0465250015259  6291254
0.04665184021  6276862
0.0469019412994  6274417
0.0470290184021  6271414
0.0472779273987  6230299
0.0474038124084  6228675
0.0486388206482  6200416
0.049320936203  6194544
0.0499589443207  6191905
0.0500888824463  6190050
0.0504689216614  6189927
0.0509729385376  6181452
0.0512278079987  6171535
0.0521099567413  6158787
0.0523638725281  6157338
0.0529959201813  6155931
0.0531249046326  6150587
0.0543828010559  6147794
0.0552639961243  6147047
0.0553929805756  6144541
0.0555219650269  6009579
0.0560278892517  6001383
0.0561578273773  6001134
0.0575377941132  5932368
0.0579178333282  5843544
0.0583000183105  5760749
0.0585558414459  5760530
0.0589349269867  5754498
0.059191942215  5717483
0.0600759983063  5712991
0.0604548454285  5708348
0.0608329772949  5685600
0.0619578361511  5679284
0.062707901001  5671411
0.0635828971863  5667047
0.0640850067139  5665392
0.0643379688263  5662738
0.0644648075104  5656860
0.0649628639221  5603747
0.0653398036957  5593068
0.0657269954681  5592714
0.0669748783112  5590668
0.0673508644104  5589973
0.0677299499512  5588124
0.0682308673859  5572301
0.0691080093384  5568394
0.0697360038757  5563425
0.069864988327  5541166
0.0708649158478  5535374
0.0711178779602  5534669
0.0714960098267  5531568
0.0717489719391  5531030
0.0718770027161  5512214
0.0722548961639  5506373
0.0725078582764  5492335
0.074159860611  5492115
0.074423789978  5452887
0.0750789642334  5409873
0.0753428936005  5405748
0.0756049156189  5395112
0.0758678913116  5394904
0.0767428874969  5391058
0.077152967453  5383970
0.0772879123688  5381243
0.0775828361511  5373149
0.0779068470001  5291088
0.0788049697876  5273429
0.0789499282837  5262337
0.0790948867798  5244213
0.0794968605042  5239048
0.0798699855804  5238877
0.0802428722382  5238822
0.0804920196533  5237591
0.0806188583374  5231494
0.0807459354401  5229048
0.0812427997589  5191558
0.0818648338318  5183389
0.0821149349213  5167237
0.0826139450073  5159484
0.0832378864288  5156068
0.0836110115051  5141995
0.0838639736176  5139773
0.0841159820557  5138984
0.0853559970856  5138923
0.0863468647003  5129812
0.0864768028259  5125991
0.0866048336029  5123403
0.0867309570312  5121062
0.0873548984528  5114575
0.0879878997803  5105526
0.0888059139252  5105184
0.089005947113  5098511
0.0913000106812  5069488
0.092052936554  5064952
0.0929548740387  5053462
0.0932078361511  5047791
0.0935819149017  5040038
0.0937099456787  5030783
0.0955657958984  5024622
0.0956950187683  5022097
0.0973048210144  5021432
0.0974328517914  5013651
0.0975589752197  5012396
0.0996618270874  5004846
0.0997898578644  4986446
0.099916934967  4977359
0.100042819977  4974128
0.102144002914  4973843
0.102888822556  4969614
0.103014945984  4923426
0.103264808655  4923112
0.104405879974  4919539
0.104549884796  4902663
0.105559825897  4898745
0.106834888458  4885215
0.109229803085  4869791
0.110368967056  4869479
0.110497951508  4869463
0.111408948898  4860528
0.111818790436  4849924
0.112623929977  4847039
0.114603996277  4824849
0.115530967712  4823792
0.115798950195  4823571
0.118064880371  4815846
0.11870098114  4810791
0.118830919266  4806029
0.119087934494  4802724
0.119846820831  4802402
0.119975805283  4790171
0.120736837387  4779782
0.121496915817  4766183
0.121625900269  4765462
0.124548912048  4762691
0.127844810486  4758932
0.128476858139  4758791
0.129487991333  4749451
0.129617929459  4748508
0.130121946335  4746567
0.13028883934  4746176
0.131701946259  4745183
0.13246178627  4743423
0.132841825485  4742919
0.133222818375  4736120
0.134999990463  4734487
0.135129928589  4725508
0.136765003204  4723898
0.138412952423  4720025
0.139047861099  4717526
0.139177799225  4717494
0.13981294632  4717448
0.140945911407  4701132
0.141075849533  4661499
0.14257979393  4661302
0.14283490181  4658855
0.143968820572  4657531
0.144349813461  4654433
0.145478010178  4617989
0.146731853485  4617819
0.147113800049  4596232
0.148501873016  4595756
0.151785850525  4588827
0.152199983597  4566325
0.154322862625  4564817
0.157768964767  4559599
0.159417867661  4542040
0.162077903748  4531339
0.162208795547  4530312
0.163589000702  4518134
0.164096832275  4516873
0.164603948593  4510970
0.165235996246  4510744
0.165741920471  4510149
0.166121959686  4509834
0.166502952576  4507378
0.167639017105  4495112
0.173070907593  4489402
0.173830986023  4478297
0.176105976105  4474157
0.176739931107  4468336
0.177495002747  4461440
0.178629875183  4446236
0.179011821747  4445567
0.180526018143  4428453
0.182793855667  4395190
0.18519282341  4335987
0.186659812927  4329104
0.187330961227  4328924
0.190500974655  4321271
0.192036867142  4319887
0.195796966553  4319412
0.196682929993  4314054
0.197312831879  4308312
0.197944879532  4308222
0.207674980164  4307929
0.208069801331  4305830
0.208702802658  4268301
0.209334850311  4224209
0.209842920303  4221885
0.212854862213  4220740
0.213989973068  4199795
0.216396808624  4199371
0.218532800674  4199289
0.219786882401  4197686
0.221055984497  4192050
0.221972942352  4191805
0.223694801331  4188597
0.226359844208  4186840
0.226908922195  4184833
0.227560997009  4183601
0.227943897247  4182742
0.228323936462  4182353
0.230078935623  4172412
0.232828855515  4162800
0.233217000961  4160734
0.233348846436  4126328
0.235054969788  4108023
0.236969947815  4101436
0.237733840942  4086323
0.23786687851  4076899
0.240073919296  4073917
0.24072098732  4058530
0.24325299263  4056823
0.245287895203  4048324
0.245544910431  4042496
0.246053934097  3986373
0.248207807541  3985830
0.249094009399  3984110
0.24960398674  3983674
0.249735832214  3954487
0.251004934311  3945970
0.251134872437  3944912
0.254182815552  3940009
0.256992816925  3939596
0.257759809494  3936938
0.25898194313  3923767
0.261056900024  3920351
0.262075901031  3911275
0.267030954361  3902450
0.267163991928  3892240
0.267295837402  3884942
0.269346952438  3884076
0.273521900177  3883945
0.273828983307  3882802
0.275882005692  3879249
0.276893854141  3878927
0.277292966843  3809339
0.279807806015  3805982
0.280188798904  3801857
0.281706809998  3801178
0.284364938736  3798021
0.288779973984  3775116
0.289035797119  3773009
0.292064905167  3769877
0.29269695282  3768622
0.294080018997  3702593
0.300198793411  3701529
0.301090955734  3699781
0.302486896515  3699488
0.303746938705  3699149
0.304253816605  3695193
0.304383993149  3683118
0.305017948151  3667073
0.305274009705  3665874
0.305415868759  3634474
0.306589841843  3631121
0.307231903076  3625194
0.312748908997  3621720
0.314447879791  3621304
0.315347909927  3620136
0.31946182251  3619379
0.320618867874  3614580
0.326411962509  3614045
0.326545000076  3611611
0.330540895462  3609884
0.331208944321  3609499
0.332943916321  3607789
0.334929943085  3555472
0.335099935532  3532416
0.337570905685  3532283
0.338605880737  3532015
0.33951997757  3531013
0.340173006058  3520487
0.341074943542  3518753
0.343094825745  3518189
0.343601942062  3498274
0.343859910965  3468615
0.345758914948  3466280
0.345887899399  3464794
0.348780870438  3462732
0.357635974884  3457216
0.357892990112  3454131
0.35852599144  3450799
0.36510181427  3449881
0.365857839584  3416401
0.366361856461  3411225
0.36892080307  3408146
0.371790885925  3394463
0.372857809067  3393505
0.374257802963  3333565
0.374772787094  3327239
0.375032901764  3319929
0.380859851837  3315212
0.384786844254  3314113
0.387593984604  3305769
0.390815019608  3272425
0.392227888107  3266668
0.396559000015  3245478
0.397571802139  3227810
0.397830963135  3226539
0.398468971252  3221465
0.398892879486  3218659
0.400280952454  3217150
0.411283016205  3211428
0.414453983307  3208810
0.416809797287  3208112
0.41861987114  3206725
0.426429986954  3206139
0.429955005646  3205164
0.430588960648  3205154
0.431661844254  3201206
0.431799888611  3184029
0.43207192421  3182472
0.433834791183  3182387
0.436685800552  3179559
0.447484016418  3175577
0.451773881912  3171952
0.453056812286  3168389
0.454066991806  3158547
0.454197883606  3155181
0.456133842468  3149966
0.456275939941  3146680
0.464102983475  3143280
0.464370012283  3142629
0.464632987976  3140978
0.465412855148  3135745
0.466455936432  3135516
0.467775821686  3132602
0.467914819717  3119040
0.470340013504  3118675
0.471002817154  3118670
0.478032827377  3100401
0.484668970108  3094002
0.484933853149  3088202
0.485960960388  3087414
0.486092805862  3085103
0.487757921219  3083888
0.488536834717  3082618
0.491926908493  3082104
0.495445013046  3081900
0.504695892334  3079433
0.5085709095  3078922
0.511529922485  3075333
0.515090942383  3063979
0.516323804855  3062655
0.519217967987  3054165
0.526079893112  3053845
0.526505947113  3053314
0.534084796906  3050517
0.539395809174  3030967
0.540688991547  3019122
0.546935796738  3014409
0.548727989197  3011611
0.561211824417  3006030
0.564436912537  3004007
0.5688829422  2999513
0.569275856018  2999243
0.570803880692  2998134
0.572068929672  2960830
0.576470851898  2956349
0.577629804611  2951089
0.578519821167  2897892
0.582072019577  2897083
0.587282896042  2891788
0.595614910126  2891432
0.600863933563  2891369
0.604323863983  2887185
0.606369018555  2887046
0.608549833298  2885859
0.610382795334  2880293
0.613593816757  2870051
0.619042873383  2868360
0.619961023331  2863178
0.623355865479  2860280
0.624001979828  2860076
0.627131938934  2857421
0.628037929535  2855107
0.634346008301  2854146
0.637254953384  2815974
0.639442920685  2813590
0.640604019165  2810494
0.643440008163  2808235
0.649165868759  2808095
0.650719881058  2807405
0.65389585495  2794267
0.655725002289  2787845
0.661240816116  2786184
0.66565489769  2782032
0.66579580307  2779063
0.66647195816  2778468
0.668185949326  2777413
0.668788909912  2770315
0.679260015488  2766451
0.680400848389  2759558
0.68181180954  2759405
0.685627937317  2752161
0.69130396843  2747455
0.692066907883  2747359
0.694083929062  2736390
0.695230960846  2735134
0.704142808914  2734598
0.710624933243  2731527
0.71127986908  2730859
0.720038890839  2715608
0.723635911942  2713122
0.725051879883  2710152
0.726449966431  2709857
0.729499816895  2709516
0.733045816422  2698121
0.737716913223  2696953
0.739760875702  2693870
0.743678808212  2690492
0.744318008423  2688167
0.748973846436  2682482
0.752898931503  2681869
0.753919839859  2673324
0.758724927902  2669022
0.76656293869  2668795
0.768998861313  2667280
0.779327869415  2666810
0.779495000839  2664288
0.788111925125  2661035
0.789677858353  2658379
0.799651861191  2656727
0.801756858826  2628752
0.804016828537  2627368
0.804691791534  2625789
0.804826974869  2624759
0.810783863068  2623855
0.818084001541  2623808
0.820128917694  2623777
0.829749822617  2621350
0.83206987381  2616774
0.835273981094  2607919
0.847226858139  2604647
0.863546848297  2601075
0.866470813751  2598203
0.870405912399  2597461
0.873867988586  2595421
0.876156806946  2593070
0.893761873245  2591964
0.90348482132  2588769
0.903755903244  2586309
0.904552936554  2585663
0.905248880386  2584248
0.906324863434  2582122
0.906664848328  2581494
0.911693811417  2581032
0.913340806961  2579760
0.945849895477  2579529
0.94917678833  2577129
0.954243898392  2562040
0.955402851105  2558042
0.957489013672  2557934
0.958311796188  2557546
0.961339950562  2557256
0.961483955383  2553405
0.966982841492  2551806
0.978832960129  2549806
0.982195854187  2549641
0.989369869232  2541555
0.989931821823  2541486
0.99076795578  2540726
1.00496387482  2539369
1.00765490532  2538724
1.01634979248  2538374
1.04525279999  2537396
1.06683683395  2537290
1.06914281845  2537261
1.07113289833  2526171
1.07770800591  2524782
1.0802488327  2524118
1.08902692795  2522556
1.10171294212  2521590
1.113904953  2520371
1.11744999886  2519513
1.1184129715  2518900
1.13089489937  2518667
1.13389801979  2517460
1.14474582672  2517279
1.15758085251  2516056
1.16325688362  2511285
1.17079687119  2510095
1.17250084877  2509876
1.21348881721  2508084
1.21402978897  2503854
1.21508193016  2502552
1.23218297958  2486062
1.24147391319  2480101
1.24222183228  2479761
1.24310898781  2477942
1.25476384163  2477361
1.26047182083  2475077
1.26213288307  2474822
1.26268601418  2471775
1.2659509182  2470355
1.27761983871  2466935
1.2816028595  2466842
1.2819879055  2466541
1.28262400627  2466437
1.30283284187  2465538
1.30573391914  2463021
1.32839798927  2460570
1.33997583389  2458667
1.34207701683  2458343
1.34361195564  2457966
1.34462380409  2455999
1.35257482529  2455503
1.37189793587  2452640
1.3776948452  2452271
1.37824583054  2447193
1.38108587265  2446919
1.39329791069  2444376
1.41570091248  2440770
1.41853785515  2440576
1.42727994919  2440515
1.43021798134  2438426
1.43897199631  2436737
1.44829201698  2435860
1.49598789215  2435801
1.50500202179  2430697
1.5146009922  2428111
1.53057599068  2427427
1.53290486336  2426919
1.53391599655  2425961
1.54211783409  2425949
1.57073092461  2422975
1.57880687714  2422760
1.5979988575  2421742
1.60580992699  2372178
1.60973501205  2371588
1.63477683067  2371199
1.63504481316  2370909
1.67787384987  2369968
1.70038890839  2357894
1.71301388741  2356925
1.7349088192  2355368
1.73545193672  2355146
1.73846292496  2353843
1.79023885727  2353583
1.8319029808  2352941
1.83853578568  2352449
1.83896183968  2352353
1.84826278687  2351632
1.85746693611  2344533
1.87534999847  2339676
1.88033795357  2339417
1.91564488411  2337918
1.92917490005  2337835
1.93104791641  2336442
1.95864391327  2335160
1.97936987877  2335151
1.9975528717  2334866
2.00827980042  2331055
2.02910089493  2329974
2.03345584869  2329488
2.04534292221  2329276
2.05074381828  2328552
2.05804681778  2328515
2.07667899132  2328489
2.11204195023  2327708
2.12932085991  2323313
2.1307888031  2323260
2.14334893227  2322998
2.15719890594  2300808
2.16064691544  2294385
2.17750191689  2284494
2.18457794189  2284438
2.21019601822  2284280
2.2329750061  2284011
2.23457193375  2283405
2.23889493942  2282987
2.24159383774  2282681
2.24821281433  2282665
2.25839090347  2281958
2.27417778969  2281388
2.29898095131  2280980
2.30864095688  2272337
2.32365989685  2272314
2.33571887016  2271283
2.34526586533  2256716
2.34842586517  2245907
4.53423595428  2233716
4.5343708992  2232731
4.53592586517  2232450
4.56802988052  2231906
4.57986593246  2230314
4.59401988983  2230260
4.59492301941  2226388
4.61399698257  2217478
4.61441397667  2217461
4.61948990822  2217303
4.63775992393  2215998
4.64104294777  2211644
4.64542984962  2209320
4.68328285217  2207262
4.6928999424  2206600
4.71213889122  2206599
4.72684288025  2206380
4.72966194153  2205210
4.75086688995  2200694
4.77048397064  2199965
4.77675080299  2199773
4.7863368988  2197427
4.79304099083  2191356
4.80809187889  2188578
4.84844589233  2186354
4.85820794106  2183918
4.89227294922  2183813
4.94753885269  2180718
4.94834899902  2179824
4.97390699387  2179528
5.00073194504  2178226
5.00901699066  2177919
5.01672792435  2177753
5.02642393112  2174187
5.04376983643  2172721
5.0668399334  2172200
5.07315301895  2171643
5.09168386459  2170298
5.09320402145  2168984
5.10137295723  2166741
5.14119386673  2166722
5.15223383904  2156453
5.15524196625  2155643
5.16364884377  2154543
5.17519187927  2146217
5.17736887932  2132070
5.19179296494  2130011
5.23594379425  2129915
5.27979183197  2129268
5.29254293442  2126262
5.30225491524  2125972
5.32574295998  2123251
5.35307979584  2122137
5.36100482941  2121301
5.37479090691  2121122
5.37915897369  2113857
5.3859899044  2112927
5.39398980141  2109882
5.39843297005  2106384
5.39885091782  2106050
5.4133439064  2104763
5.42239189148  2103642
5.4422929287  2102660
5.44766283035  2096505
5.4579179287  2095936
5.47560381889  2094736
5.48034882545  2094505
5.4902408123  2094444
5.49479079247  2093442
5.51178598404  2065341
5.52901983261  2065207
5.55025601387  2064686
5.55324292183  2062020
5.55660581589  2060721
5.56585478783  2059392
5.56930279732  2058714
5.5781519413  2057634
5.59637093544  2055638
5.60536789894  2055360
5.62717294693  2053126
5.63355779648  2049904
5.66625094414  2048752
5.66729688644  2048302
5.69312787056  2031211
5.69593381882  2030105
5.69619679451  2029633
5.69761586189  2026013
5.72876787186  2025428
5.74431085587  2023900
5.75635886192  2023646
5.77483296394  2023525
5.82283592224  2022305
5.8509747982  2019743
5.86165380478  2017462
8.2771229744  2015636
8.29974889755  2015084
8.31241679192  2014390
8.34426879883  2005167
8.35910081863  2003362
8.38080692291  2003271
8.38153481483  2003022
8.38878798485  2000903
8.39223885536  2000808
8.39616084099  1999864
8.41009998322  1996534
8.41087889671  1995060
8.4126598835  1994041
8.42035388947  1993715
8.47612595558  1993500
8.51068091393  1992901
8.5217897892  1992406
8.53027582169  1992048
8.55138301849  1989144
8.55210185051  1987726
8.59130001068  1987693
8.60808801651  1986104
8.62169981003  1985048
8.63163495064  1984423
8.63555788994  1983034
8.63681101799  1981681
8.64664697647  1981564
8.65282893181  1978066
8.65793800354  1977238
8.67825078964  1977010
8.68182492256  1976605
8.69189500809  1974877
8.7164888382  1972047
8.74309587479  1971997
8.75643587112  1970675
8.78333282471  1970521
8.80977392197  1969922
8.81380200386  1968244
8.81658792496  1968212
8.83893799782  1967969
8.86012482643  1967711
8.86309599876  1967495
8.88431787491  1967056
8.89054298401  1966959
8.89614892006  1966151
8.89746594429  1963836
8.90931892395  1963705
8.91926598549  1963319
8.92756080627  1962862
8.94316983223  1959106
8.95312190056  1958291
8.95530796051  1955293
8.98790884018  1952456
9.00193285942  1952191
9.0127658844  1951802
9.01854801178  1948002
9.02236700058  1947707
9.05057787895  1947471
9.06925988197  1947313
9.07147097588  1945010
9.07330989838  1944758
9.07833981514  1944076
9.09232497215  1943166
9.12473583221  1943140
9.14155387878  1940064
9.1416888237  1939879
9.14451599121  1933011
9.1591398716  1932852
9.16233181953  1931887
9.18167686462  1927061
9.18366599083  1926210
9.1893889904  1925056
9.24647593498  1915296
9.28142499924  1914275
9.30401396751  1912412
9.32904100418  1912289
9.35580682755  1911080
9.36319684982  1910282
9.36415982246  1902223
9.38291192055  1901992
9.40227198601  1901884
9.43337988853  1900967
9.46993494034  1900059
9.48660683632  1898330
9.49758291245  1897866
9.51636791229  1897766
9.56329584122  1893047
9.59495401382  1891469
9.59990000725  1891058
9.60162782669  1889514
9.63698101044  1885608
9.63930797577  1885293
9.64733099937  1885037
9.65968298912  1884852
9.66085886955  1884460
9.67361497879  1884074
9.69327092171  1881828
9.69831299782  1877271
9.71731495857  1873203
51.4729778767  1871384
51.475965023  1852219
51.4852428436  1852058
51.533495903  1851511
51.5423688889  1846899
51.5426290035  1846818
51.5596938133  1844625
51.5628299713  1843841
51.5668928623  1840217
51.5752170086  1840059
51.5904178619  1837770
51.6002349854  1836838
51.6015179157  1835262
51.612377882  1835066
51.6175878048  1831160
51.6178598404  1827712
51.6281299591  1827504
51.6376798153  1825814
51.6446249485  1825659
51.667224884  1824832
51.667994976  1822841
51.6737120152  1821198
51.6837368011  1820861
51.6851699352  1820454
51.6945328712  1820093
51.7010519505  1819363
51.7243177891  1817849
51.7314839363  1815492
51.7616789341  1814511
51.7638709545  1813913
51.8131349087  1807448
51.8546829224  1807312
113.441056967  1791231
113.490866899  1790479
113.512966871  1790307
113.526745796  1789902
121.154662848  1769814
121.170508862  1768252
121.175051928  1753428
121.177310944  1753012
121.182667971  1751731
121.231981993  1750052
121.238152981  1748046
121.295758009  1747973
121.354983807  1746911
121.359473944  1743387
121.383754015  1743196
121.398584843  1741841
121.414747953  1739231
121.428575993  1736696
121.460441828  1727445
121.527699947  1726678
121.534128904  1723075
121.535727978  1707647
121.53669095  1707028
121.565781832  1706686
121.612805843  1706469
121.640946865  1705041
121.661351919  1704557
121.662057877  1704449
121.667804003  1704144
174.758780956  1703999
174.763444901  1702678
174.823261023  1701974
174.859812975  1701871
174.867405891  1701738
174.893726826  1701291
174.89605689  1701136
174.904448986  1700354
174.910936832  1699404
174.970645905  1698576
174.978027821  1698331
174.98435688  1698286
174.987835884  1695252
175.045688868  1694981
175.066635847  1690962
175.078552008  1690022
175.08148694  1689820
175.084519863  1689239
175.097116947  1688321
175.12842083  1687150
175.140080929  1684976
175.171300888  1680289
175.172434807  1679054
175.186143875  1677435
175.235556841  1676984
175.288491964  1676954
175.297122002  1675123
175.314708948  1672078
175.378935814  1671739
175.383309841  1671631
175.393235922  1670542
253.505594969  1669023
253.508776903  1666362
253.514219999  1666179
270.558980942  1665972
270.59431386  1665100
270.618776798  1664043
270.627177  1662765
270.631072998  1662328
270.641160011  1662324
270.641438961  1661981
270.661369801  1660066
270.690928936  1660052
270.746073008  1659750
270.748594999  1659419
270.776751995  1657245
270.779115915  1656686
270.827399015  1656385
270.830542803  1652412
270.837139845  1652147
270.842505932  1651909
270.842734814  1651859
270.85750699  1650968
270.882479906  1647388
270.887799978  1646886
270.936139822  1646870
270.941305876  1646790
270.949015856  1646765
270.966210842  1645777
270.979930878  1645731
270.999705791  1645665
271.008119822  1644750
271.010695934  1644351
271.0179708  1643949
