0.0413269996643  6761048
0.0417468547821  6752692
0.0422399044037  6744801
0.0423769950867  6734733
0.042916059494  6729057
0.0430560112  6722757
0.0440940856934  6721053
0.0443379878998  6712597
0.0454668998718  6711888
0.0461549758911  6709857
0.046679019928  6688500
0.0477499961853  6684155
0.0493280887604  6684067
0.0505759716034  6683132
0.050733089447  6681477
0.0525040626526  6679892
0.0541210174561  6677587
0.0543360710144  6666629
0.0544729232788  6666535
0.0561769008636  6663795
0.0581278800964  6662739
0.0582859516144  6658560
0.0585780143738  6657802
0.058825969696  6651111
0.0592730045319  6625632
0.0594210624695  6624285
0.0615808963776  6616722
0.0637469291687  6614587
0.0642719268799  6598768
0.06471991539  6598329
0.064857006073  6597946
0.0669419765472  6596493
0.0686838626862  6596423
0.0688400268555  6574614
0.0697948932648  6574053
0.0704169273376  6558431
0.0717620849609  6555230
0.0732429027557  6553383
0.0759880542755  6551941
0.0804009437561  6549839
0.0811069011688  6548948
0.0820400714874  6548887
0.0822260379791  6548585
0.0825178623199  6547653
0.0830230712891  6545743
0.0832099914551  6544637
0.084431886673  6542608
0.0847029685974  6542491
0.0850579738617  6540069
0.0878720283508  6539809
0.0898849964142  6534942
0.0900230407715  6533458
0.0904700756073  6530179
0.0935270786285  6522017
0.0938799381256  6520244
0.0972740650177  6517923
0.0974509716034  6492906
0.0976998806  6479690
0.0980670452118  6467819
0.0987448692322  6466531
0.0989549160004  6441044
0.103025913239  6432349
0.103395938873  6432235
0.107091903687  6431783
0.10722899437  6414282
0.110785007477  6407328
0.114476919174  6406924
0.119297027588  6406001
0.119451999664  6400970
0.119695901871  6396752
0.120399951935  6395061
0.120537042618  6379648
0.120985031128  6354290
0.126220941544  6350566
0.12658405304  6348855
0.134136915207  6348723
0.135070085526  6340226
0.13525390625  6335827
0.135676860809  6334093
0.141607046127  6332398
0.147836923599  6330692
0.147975921631  6327320
0.148582935333  6326286
0.154774904251  6324978
0.154918909073  6320401
0.161516904831  6318288
0.162000894547  6316573
0.169470071793  6316113
0.169606924057  6288600
0.170291900635  6286434
0.170428037643  6284982
0.170799016953  6284698
0.171091079712  6273842
0.172030925751  6273511
0.172168016434  6272568
0.172694921494  6271299
0.173064947128  6269073
0.174023866653  6264159
0.175154924393  6260996
0.184032917023  6258754
0.18418598175  6257643
0.184411048889  6240741
0.192496061325  6239024
0.192904949188  6238924
0.193336009979  6237825
0.193630933762  6235704
0.194181919098  6233632
0.203027963638  6231573
0.203191041946  6203182
0.211580991745  6201592
0.211802959442  6194369
0.222635030746  6192158
0.222795963287  6192078
0.223031997681  6163945
0.2327439785  6163875
0.232882022858  6161293
0.233332872391  6156398
0.233469963074  6148863
0.234569072723  6148691
0.234941005707  6146900
0.235390901566  6138116
0.235527992249  6135169
0.245141029358  6132981
0.245284080505  6119528
0.255661010742  6118344
0.255877971649  6114203
0.256247997284  6103059
0.256383895874  6102491
0.256989002228  6091134
0.257124900818  6072774
0.257416963577  6069492
0.259316921234  6064397
0.260473012924  6064162
0.27156496048  6062002
0.271707057953  6061248
0.283530950546  6059910
0.29443693161  6058094
0.294578075409  6056949
0.306236028671  6055133
0.306474924088  5925775
0.317755937576  5924688
0.317893028259  5917245
0.318183898926  5916355
0.329848051071  5915083
0.329984903336  5914797
0.330276012421  5903458
0.341969966888  5901987
0.342339038849  5901916
0.35404586792  5900890
0.355037927628  5893439
0.355329036713  5883014
0.367009878159  5882268
0.378880023956  5880939
0.379093885422  5880234
0.391234874725  5877999
0.391526937485  5873497
0.404769897461  5872340
0.405106067657  5868774
0.405390024185  5867300
0.40621805191  5861586
0.406488895416  5859034
0.422813892365  5858950
0.422956943512  5849787
0.423249006271  5846245
0.423773050308  5845115
0.423908948898  5841867
0.426950931549  5841072
0.428333044052  5838689
0.430744886398  5837579
0.444750070572  5837271
0.458415031433  5836047
0.458706855774  5833421
0.458920955658  5831882
0.462960958481  5831313
0.463252067566  5826718
0.464184045792  5826301
0.464322090149  5823932
0.464612960815  5819539
0.467400074005  5819370
0.46753692627  5797966
0.468992948532  5797256
0.472691059113  5796158
0.486815929413  5794436
0.487072944641  5789732
0.487364053726  5789391
0.487499952316  5788888
0.487791061401  5786438
0.488468885422  5783817
0.48860502243  5770237
0.488817930222  5769855
0.489109039307  5768589
0.503370046616  5766263
0.503584861755  5765553
0.51935505867  5763699
0.519491910934  5756933
0.519783973694  5738996
0.534654855728  5736987
0.534791946411  5731330
0.549728870392  5730479
0.550098896027  5721271
0.550235033035  5720855
0.550447940826  5715213
0.565984964371  5712841
0.566200017929  5711809
0.566492080688  5710885
0.581966876984  5710848
0.582258939743  5710545
0.597797870636  5708188
0.616209983826  5706579
0.616911888123  5705837
0.6174929142  5704803
0.618100881577  5683983
0.618287086487  5683381
0.63566493988  5681278
0.635880947113  5679743
0.652184963226  5678778
0.652322053909  5677178
0.668600082397  5676950
0.668757915497  5642469
0.688663005829  5640996
0.688858032227  5639931
0.690434932709  5639238
0.690625905991  5638787
0.69088602066  5637518
0.691051959991  5635921
0.691978931427  5635614
0.692333936691  5581809
0.692785024643  5524422
0.6929500103  5508784
0.693547010422  5505137
0.694800853729  5500402
0.696346998215  5499465
0.69765996933  5499459
0.697797060013  5493451
0.69921708107  5493089
0.699353933334  5492944
0.716719865799  5491019
0.716856956482  5468044
0.733810901642  5466373
0.734184026718  5464346
0.734361886978  5464140
0.752250909805  5462649
0.752408027649  5440831
0.755532979965  5439285
0.755899906158  5437945
0.756351947784  5435849
0.757291078568  5434058
0.758466005325  5431004
0.758795976639  5430494
0.761057853699  5428836
0.780355930328  5427385
0.780524015427  5427233
0.801167964935  5425417
0.822634935379  5424874
0.842954874039  5424052
0.865406036377  5422405
0.885362863541  5420241
0.905153989792  5400869
0.925412893295  5400702
0.948868989944  5397989
0.968915939331  5393029
1.00524401665  5393020
1.02678489685  5386436
1.04799890518  5383493
1.06879591942  5383479
1.09369206429  5382555
1.11427593231  5382425
1.13486289978  5372853
1.16637897491  5371362
1.20319485664  5370920
1.22242498398  5370457
1.26629686356  5367849
1.28574085236  5354605
1.30508708954  5354522
1.32409596443  5353314
1.36301803589  5352637
1.38496494293  5351446
1.40456485748  5350250
1.42591190338  5349055
1.4470949173  5349052
1.46882486343  5348967
1.50666594505  5348590
1.56566596031  5343617
1.62292695045  5331752
1.68282985687  5328733
1.74648189545  5328531
1.8038020134  5289351
1.862210989  5278680
1.92056894302  5276435
1.98034906387  5274154
2.03711891174  5247321
2.09717702866  5245732
2.16115188599  5245658
2.18193006516  5245452
2.20165491104  5239616
2.23511505127  5238567
2.25454688072  5216560
2.27470088005  5208324
2.29375386238  5206566
2.31284999847  5204441
2.33209705353  5201509
2.35185694695  5201413
2.37189793587  5197305
2.40083694458  5197186
2.42030096054  5194668
2.45082306862  5194173
2.47098994255  5192147
2.49983596802  5191194
2.51885986328  5191042
2.54262399673  5190790
2.56640005112  5188815
2.58687901497  5180873
2.6143579483  5180223
2.64415192604  5180219
2.6677210331  5177170
2.69934797287  5177091
2.74968791008  5176889
2.78965687752  5176147
2.82730197906  5175004
2.82743906975  5174943
2.82788705826  5174443
2.82817792892  5174228
2.82887887955  5170927
2.82924699783  5169798
2.87101602554  5167236
2.91244006157  5164763
2.95129585266  5150234
2.99043107033  5148078
2.99056792259  5147845
3.02241396904  5147622
3.03545188904  5147043
3.04988598824  5145639
3.05103206635  5145477
3.052339077  5144931
3.08813595772  5143643
3.11408805847  5140326
3.1393699646  5138261
3.15912508965  5135141
3.19493699074  5133685
3.2477710247  5133434
3.30207395554  5133173
3.35808300972  5132714
3.41585993767  5132521
3.47206902504  5126336
3.55116200447  5126197
3.62549185753  5125921
3.68232393265  5119628
3.74038100243  5116247
3.797935009  5097657
3.79815006256  5097115
3.81577086449  5096753
3.83316206932  5096167
3.85265898705  5065023
3.87185502052  5032133
3.89159798622  5025670
3.91121506691  5018411
3.93025302887  4963569
3.95120191574  4940026
3.97021508217  4931527
3.99009203911  4926535
4.02628302574  4926434
4.04587388039  4925695
4.0648920536  4924889
4.08413290977  4924360
4.10386896133  4918320
4.12362599373  4911398
4.14365386963  4910892
4.16374588013  4907804
4.18847489357  4907755
4.21375608444  4905748
4.24692893028  4905372
4.26588606834  4904966
4.36043906212  4903767
4.4547059536  4890905
4.54881501198  4887244
4.64267206192  4869993
4.69896507263  4869344
4.79402709007  4865169
4.81392097473  4864245
4.91153597832  4848768
4.9312748909  4848547
4.96912097931  4848386
5.06719994545  4831728
5.16149687767  4829842
5.25755691528  4828417
5.29535007477  4827769
5.39355301857  4793206
5.49742507935  4775264
5.59380102158  4775184
5.6596930027  4775068
5.75448799133  4770026
5.85086297989  4760103
5.9079349041  4759871
6.0040409565  4747467
6.04202389717  4747206
6.13727807999  4746945
6.17937994003  4746229
6.27769708633  4746142
6.33434295654  4746001
6.43149590492  4745619
6.49280905724  4745223
6.58678197861  4745207
6.68112301826  4728680
6.79384708405  4724447
6.90658998489  4721096
7.01981592178  4719044
7.13338088989  4718982
7.25209307671  4718799
7.38378500938  4711452
7.51750087738  4704911
7.64976096153  4704722
7.79060792923  4703541
7.932929039  4701413
8.08349299431  4697920
8.23869585991  4695663
8.38841485977  4690482
8.53985285759  4689977
8.5593650341  4688567
8.59592700005  4687822
8.61531805992  4687587
8.65332508087  4687290
8.69153308868  4686810
8.71550989151  4686782
8.73465204239  4686779
8.75369906425  4685644
8.86584591866  4683550
8.88505101204  4683225
8.90784287453  4682672
8.94394207001  4682567
8.981965065  4682114
9.02546906471  4681895
9.06765508652  4681270
9.11122608185  4680998
9.15466690063  4680552
9.20858192444  4679502
9.25168991089  4678589
9.2997879982  4677645
9.35445785522  4677279
9.41001796722  4676915
9.44985508919  4676003
9.60271191597  4675933
9.75569701195  4675604
9.7750120163  4674227
9.94246196747  4674001
9.97030186653  4673649
10.1012940407  4673616
10.2320148945  4673281
10.363517046  4669721
10.4014480114  4669549
10.47687006  4669410
10.5317680836  4669382
10.5705108643  4669191
10.6097049713  4668399
10.6560978889  4667188
10.6947500706  4666871
10.7363488674  4666636
10.7746510506  4665778
10.8162219524  4664962
10.8563089371  4664135
10.8564469814  4663687
10.8938939571  4663101
10.996049881  4661742
11.0151779652  4660147
11.1088409424  4659910
11.2086999416  4649497
11.3069350719  4648614
11.401763916  4626126
11.4952909946  4625489
11.5940020084  4616383
11.6880409718  4616234
11.781979084  4615552
11.8827159405  4615467
11.8903129101  4615140
11.8980798721  4613068
11.8982179165  4613004
11.89874506  4612802
11.8991150856  4611588
12.0426640511  4611346
12.1744439602  4611139
12.3082208633  4610312
12.4934630394  4610117
12.6368398666  4610037
12.7751340866  4609912
12.9317910671  4609390
13.0963149071  4609366
13.247150898  4605174
13.4118130207  4604903
13.5621230602  4595596
13.7126829624  4595125
13.7877719402  4595070
13.881757021  4594985
14.0423128605  4594797
14.1963200569  4579870
14.2733778954  4579126
14.3521869183  4578625
14.5235090256  4577999
14.7024378777  4575701
14.8555688858  4561228
15.007682085  4560930
15.1669418812  4560049
15.3504319191  4559626
15.5141630173  4554672
15.6785109043  4552722
15.8304450512  4503267
15.8310730457  4502760
15.831209898  4502696
15.8452289104  4501761
15.8853919506  4491391
15.9235639572  4489027
15.9613089561  4488403
16.0000989437  4488345
16.037733078  4478415
16.0775809288  4478302
16.1156859398  4477476
16.1560490131  4477098
16.1955869198  4476460
16.2343249321  4476316
16.2732050419  4476085
16.317647934  4473206
16.3588359356  4470894
16.4019799232  4469818
16.4595570564  4469398
16.5665259361  4469344
16.5677640438  4468165
16.6901459694  4467776
16.8448929787  4467218
17.0314660072  4467187
17.1898498535  4466668
17.3475389481  4465331
17.5013029575  4460941
17.6859018803  4460896
17.8692190647  4459856
18.043145895  4456702
18.2111978531  4452733
18.3428440094  4451214
18.5115199089  4451077
18.6606860161  4450692
18.8117520809  4449765
18.9736580849  4447570
19.1459589005  4447364
19.3008470535  4447211
19.4705770016  4447137
19.6588468552  4446946
19.8838288784  4446898
20.0149059296  4446384
20.2058079243  4446134
20.4368178844  4433542
20.6642420292  4430990
20.8530578613  4430786
21.0657389164  4430646
21.2156510353  4430037
21.5034899712  4430023
21.8130469322  4429849
22.1682128906  4429338
22.1868638992  4429176
22.2057840824  4412484
22.2262239456  4407634
22.2474060059  4386470
22.2676579952  4378640
22.2896859646  4377726
22.3091309071  4374300
22.3406090736  4374205
22.3597638607  4371045
22.3884489536  4370590
22.40843606  4370365
22.4382040501  4370128
22.4642488956  4369678
22.4901840687  4369292
22.5102789402  4369016
22.5304648876  4368100
22.5496170521  4365859
22.5684549809  4365537
22.5910630226  4364123
22.6185450554  4363673
22.6383240223  4363374
22.6661400795  4363368
22.6937849522  4363167
22.7213790417  4363077
22.7498779297  4362250
22.7804920673  4362102
22.7995610237  4361438
22.8322730064  4360841
22.8693840504  4360435
23.0335109234  4360321
23.0677120686  4360241
23.2019839287  4358557
23.3337879181  4357074
23.4663419724  4352332
23.620372057  4347581
23.7738220692  4344916
23.9230959415  4332764
24.0817039013  4330087
24.2003519535  4329826
24.3287808895  4328529
24.4344129562  4328197
24.5346598625  4206817
24.535036087  4206667
24.5351729393  4206462
24.5546710491  4206197
24.6522328854  4205487
24.7279469967  4205136
24.7657270432  4205024
24.8422150612  4204198
24.9180500507  4203802
24.9557318687  4203520
25.0761609077  4202801
25.189522028  4202344
25.3036708832  4201349
25.4225099087  4200010
25.5373048782  4199684
25.6517839432  4199145
25.7667028904  4198269
25.8834040165  4196668
25.9968738556  4136979
26.1296360493  4133658
26.2633059025  4131692
26.3994479179  4128929
26.5354290009  4125363
26.6768090725  4124979
26.8217658997  4124801
26.9532978535  4124212
27.1136679649  4124149
27.2560739517  4123793
27.4067969322  4122118
27.5705270767  4121557
27.7090258598  4121222
27.8435609341  4121088
27.9772539139  4120855
28.1108279228  4120562
28.2752258778  4120381
28.4247310162  4044459
28.5742518902  4032439
28.7240290642  4029230
28.8785259724  4026515
29.0476529598  3948771
29.2218699455  3942855
29.3908469677  3942528
29.562721014  3940909
29.7344338894  3940559
29.9159560204  3940122
30.0896339417  3939830
30.2734670639  3939418
30.4424939156  3937788
30.6099698544  3937354
30.7774488926  3936856
30.9678800106  3936599
31.192278862  3936582
31.3981389999  3935872
31.6201210022  3935505
31.8309950829  3933837
32.0413780212  3933672
32.2537178993  3933203
32.460572958  3931663
32.6824600697  3931138
32.9000570774  3930652
33.0433020592  3930582
33.185970068  3930539
33.3213188648  3929875
33.4710419178  3929610
33.6725740433  3929091
33.8696699142  3929045
34.0781369209  3847317
34.2869939804  3847216
34.5019710064  3847179
34.705728054  3773635
34.9196550846  3773627
35.1347608566  3772049
35.3427639008  3766929
35.5522370338  3763855
35.7568099499  3759168
35.9677438736  3753361
36.1778039932  3751798
36.3876628876  3751260
36.5983378887  3750522
36.8142409325  3750452
37.0295789242  3750106
37.2457199097  3749385
37.4901609421  3749213
37.7407240868  3749098
37.9909629822  3749008
38.2471458912  3747854
38.5067880154  3747528
38.7518119812  3747088
38.9382050037  3746962
39.1240770817  3746715
39.3708488941  3745210
39.556568861  3745188
39.7592799664  3744567
39.9988698959  3744349
40.2383990288  3744111
40.4784269333  3697311
40.6671669483  3697224
40.8515710831  3696977
41.0901119709  3694632
41.3334569931  3691888
41.5738148689  3680433
41.8147468567  3642546
41.8906168938  3641899
41.965337038  3641428
42.0034089088  3641400
42.0934979916  3640793
42.1080420017  3640572
42.108178854  3640540
42.109318018  3640445
42.1100430489  3637952
42.1246240139  3637382
42.2146608829  3637189
42.2521429062  3637160
42.3271858692  3637152
42.3646819592  3637102
42.4546349049  3636958
42.5443439484  3636887
42.619189024  3636718
42.7097189426  3635512
42.7998418808  3634537
42.8375079632  3634505
42.9313759804  3634381
43.0434589386  3633623
43.36855793  3633429
43.5197889805  3633386
43.7221548557  3633210
43.9288060665  3632450
44.24635005  3630246
44.5627889633  3629489
44.7697749138  3629290
45.0121450424  3628920
45.2536830902  3628483
45.4944310188  3626944
45.8772199154  3626114
46.3192789555  3625797
46.713613987  3625593
47.0980260372  3625465
47.4766418934  3625239
47.8570129871  3624850
48.3486878872  3532060
48.8481838703  3506055
49.3085279465  3505031
49.7621638775  3503750
50.2139248848  3503315
