0.0387530326843  6903794
0.0393478870392  6890415
0.0403409004211  6869798
0.0407350063324  6847506
0.0412788391113  6847487
0.041405916214  6764643
0.0415320396423  6634790
0.0416579246521  6627478
0.0417840480804  6607998
0.042032957077  6601315
0.042160987854  6595727
0.0422859191895  6580386
0.0424108505249  6537634
0.0425360202789  6526691
0.0427830219269  6521748
0.0429089069366  6511933
0.0432798862457  6494917
0.0435290336609  6491722
0.0437760353088  6491423
0.0441460609436  6487836
0.0442719459534  6485496
0.0443968772888  6477192
0.0447728633881  6472682
0.0450220108032  6469732
0.045147895813  6451998
0.0452728271484  6403959
0.0455229282379  6384776
0.0468208789825  6339683
0.0469670295715  6331062
0.047513961792  6325071
0.0482549667358  6320984
0.0498960018158  6308178
0.0501608848572  6308143
0.0507779121399  6307822
0.0509078502655  6294650
0.0516438484192  6293719
0.0517699718475  6290987
0.0523998737335  6280396
0.0527698993683  6263571
0.0530190467834  6248933
0.0531449317932  6240106
0.0544810295105  6235328
0.0553820133209  6224737
0.055634021759  6220450
0.0561339855194  6207777
0.0566289424896  6180453
0.0574929714203  6152497
0.0578169822693  6146965
0.0579659938812  6138009
0.0586738586426  6137839
0.0602350234985  6067302
0.0604908466339  6056960
0.0611088275909  6017870
0.0612359046936  6017320
0.061637878418  6016462
0.0620698928833  5989879
0.0625040531158  5973634
0.0630798339844  5951372
0.0633678436279  5950938
0.0646760463715  5950357
0.0668058395386  5894071
0.0669350624084  5893921
0.0671918392181  5885127
0.067323923111  5858089
0.0682220458984  5855417
0.0684850215912  5806638
0.0694849491119  5805054
0.0696139335632  5802168
0.0698668956757  5753426
0.0709979534149  5751520
0.0715029239655  5744479
0.0716319084167  5742655
0.0735518932343  5726004
0.0740580558777  5711597
0.0743119716644  5703105
0.0757060050964  5674458
0.076150894165  5668491
0.0762979984283  5667384
0.077155828476  5641055
0.0773019790649  5640724
0.0784819126129  5634379
0.0796010494232  5633990
0.0798740386963  5631375
0.0810539722443  5631166
0.0830588340759  5625786
0.0856599807739  5625046
0.0857889652252  5624742
0.0860409736633  5621882
0.0861699581146  5582777
0.0871829986572  5572311
0.088721036911  5568890
0.0909030437469  5563841
0.0923938751221  5556834
0.0934488773346  5541709
0.0935809612274  5528969
0.0938339233398  5527911
0.0939619541168  5526462
0.0940890312195  5509515
0.0953290462494  5504709
0.0961928367615  5501564
0.0968148708344  5501153
0.0973119735718  5498110
0.0979788303375  5484558
0.0988638401031  5481432
0.0994939804077  5474502
0.100255012512  5441090
0.100754022598  5424548
0.102238893509  5424517
0.102365970612  5418052
0.102988004684  5416020
0.103239059448  5390450
0.103364944458  5388993
0.103737831116  5318667
0.104112863541  5315198
0.104363918304  5254099
0.104982852936  5248780
0.106145858765  5237626
0.106657028198  5237011
0.107542037964  5232776
0.107800006866  5225290
0.108183860779  5224882
0.108440876007  5217954
0.109575986862  5214481
0.109832048416  5145974
0.110337972641  5139973
0.111970901489  5137256
0.112856864929  5135568
0.112987995148  5122472
0.113370895386  5109583
0.113498926163  5108209
0.113755941391  5105182
0.113885879517  5104799
0.114266872406  5102459
0.11452293396  5097754
0.11486697197  5095218
0.115186929703  5049401
0.115466833115  5047446
0.115597963333  5044683
0.115728855133  5022997
0.116391897202  5021209
0.117198944092  5014446
0.118131875992  5014356
0.11993598938  5006826
0.120198011398  4936538
0.120327949524  4935973
0.123510837555  4928768
0.123800039291  4922272
0.124310016632  4910969
0.124439001083  4888430
0.124701023102  4885449
0.126082897186  4885085
0.1275370121  4883119
0.128675937653  4879108
0.12980890274  4869467
0.131098031998  4865906
0.133057832718  4848604
0.134327888489  4848193
0.135212898254  4841292
0.135875940323  4833431
0.136507987976  4819723
0.138520002365  4812833
0.139224052429  4811774
0.139370918274  4811614
0.139504909515  4759467
0.141649007797  4755815
0.143033027649  4752679
0.1431620121  4729555
0.145670890808  4723611
0.146086931229  4717560
0.146466970444  4676870
0.147058963776  4668973
0.147446870804  4666681
0.147577047348  4562825
0.148337841034  4503519
0.149099826813  4477772
0.149868965149  4467561
0.150377035141  4412378
0.150506019592  4392871
0.153424978256  4383915
0.154836893082  4374555
0.155104875565  4363670
0.156584978104  4359364
0.158040046692  4358205
0.159427881241  4354040
0.159684896469  4351063
0.159941911697  4340956
0.161079883575  4329969
0.161459922791  4329276
0.162596940994  4309981
0.164741039276  4307899
0.165648937225  4306865
0.16615486145  4306768
0.169548034668  4296735
0.171082019806  4295802
0.173609972  4255602
0.174346923828  4242776
0.175498008728  4234185
0.175757884979  4220990
0.176647901535  4220307
0.178040981293  4217389
0.178433895111  4208288
0.178690910339  4207077
0.180295944214  4204013
0.180755853653  4199103
0.181267976761  4153385
0.181397914886  4153230
0.182419061661  4152235
0.184808015823  4118985
0.185566902161  4077531
0.185948848724  4072978
0.186203956604  4072576
0.18959903717  4070712
0.190234899521  4066672
0.19339299202  4063243
0.19432592392  4055265
0.2009370327  4053440
0.203330993652  4051503
0.204553842545  3994334
0.204831838608  3973719
0.205306053162  3968613
0.206521034241  3912082
0.20802283287  3902171
0.21085190773  3897169
0.213073015213  3897028
0.214645862579  3893329
0.215296983719  3891741
0.216683864594  3818884
0.217190980911  3800409
0.218075990677  3798715
0.220227956772  3798565
0.22061085701  3792557
0.22137093544  3784341
0.221504926682  3782658
0.221760988235  3782081
0.226806879044  3777329
0.227079868317  3774513
0.227486848831  3773095
0.231118917465  3755910
0.231642961502  3751846
0.231772899628  3726039
0.233789920807  3715495
0.236321926117  3715378
0.237901926041  3694769
0.240257024765  3694644
0.240520954132  3691665
0.24115395546  3691479
0.242792844772  3689444
0.243424892426  3689325
0.246575832367  3642196
0.247135877609  3627385
0.248033046722  3615616
0.248288869858  3604579
0.249423027039  3604294
