0.0429329872131  7428596
0.0431051254272  7427066
0.0432460308075  7349315
0.0439250469208  7341976
0.0441551208496  7319345
0.0443620681763  7302521
0.0445210933685  7300795
0.045382976532  7291521
0.0455279350281  7288355
0.0456709861755  7232983
0.045814037323  7182449
0.0459790229797  7167302
0.0464079380035  7157206
0.0471761226654  7153063
0.0474269390106  7150973
0.0476779937744  7131901
0.0479300022125  7131115
0.0480570793152  7128897
0.0483069419861  7122617
0.0486800670624  7091714
0.0490529537201  7088185
0.0493021011353  7074422
0.0500481128693  7047537
0.0506689548492  7047172
0.0507950782776  7046946
0.051057100296  7037404
0.0529451370239  7032465
0.0531990528107  7031993
0.0536971092224  7024522
0.0540909767151  6958257
0.0544710159302  6946592
0.0545980930328  6810398
0.0547249317169  6809527
0.0548570156097  6755157
0.0557270050049  6631356
0.055979013443  6628952
0.0564749240875  6598080
0.0566020011902  6595986
0.056853055954  6595503
0.0569801330566  6592732
0.0572321414948  6592092
0.0573580265045  6545724
0.0574851036072  6529145
0.0579829216003  6490013
0.0582339763641  6441385
0.0584859848022  6441261
0.058895111084  6426706
0.060042142868  6424013
0.0604429244995  6401850
0.0608310699463  6383267
0.0612051486969  6382558
0.0615789890289  6359716
0.061830997467  6356839
0.0619580745697  6350430
0.0622079372406  6348069
0.0624599456787  6309816
0.0627119541168  6306365
0.0630879402161  6142752
0.0633389949799  6118020
0.0639600753784  6113758
0.0640871524811  6109952
0.0648341178894  6107346
0.0649609565735  6099816
0.0650889873505  6080348
0.0657110214233  6075071
0.0659630298615  6073647
0.0662140846252  6000373
0.0664660930634  6000331
0.067458152771  5993252
0.0675849914551  5959231
0.0679879188538  5955556
0.0681319236755  5953798
0.0693950653076  5903040
0.0697720050812  5899228
0.0700240135193  5895307
0.0702750682831  5886520
0.070662021637  5881044
0.0709140300751  5844807
0.0710411071777  5819394
0.0712919235229  5807156
0.071790933609  5804794
0.0726609230042  5793476
0.073037147522  5788376
0.0732889175415  5782824
0.0734250545502  5775741
0.0736880302429  5772256
0.0739409923553  5749207
0.0746891498566  5739373
0.0754659175873  5739193
0.0777361392975  5719046
0.0778801441193  5713432
0.0786731243134  5699529
0.079085111618  5693708
0.0794820785522  5690523
0.0800340175629  5686237
0.0805959701538  5663893
0.0811440944672  5648116
0.0814290046692  5645809
0.0817179679871  5637131
0.0818650722504  5632525
0.08229804039  5624808
0.0827081203461  5618263
0.0829710960388  5617119
0.0835900306702  5608778
0.0847570896149  5539219
0.0865399837494  5529698
0.0866799354553  5497935
0.0869340896606  5492393
0.0881879329681  5491372
0.0889410972595  5474683
0.0891931056976  5465822
0.0900881290436  5454585
0.0904769897461  5449779
0.0919680595398  5441630
0.0926671028137  5432618
0.0931711196899  5410783
0.0935809612274  5352889
0.0943329334259  5333416
0.0944740772247  5297090
0.0947499275208  5285598
0.0961151123047  5283497
0.0968599319458  5241999
0.0973629951477  5240666
0.0974910259247  5240490
0.0976181030273  5239266
0.0991070270538  5239119
0.0994820594788  5231150
0.0997359752655  5228536
0.100481987  5228087
0.10076212883  5223488
0.102910041809  5207523
0.103042125702  5207087
0.10329413414  5206173
0.103420972824  5174974
0.10440993309  5169263
0.104907035828  5153649
0.105772018433  5114534
0.106514930725  5110723
0.107012033463  5104529
0.107263088226  5087033
0.107388973236  5085256
0.107640028  5067454
0.107892036438  5066777
0.108142137527  5055935
0.10839009285  5046353
0.108639955521  5036081
0.109277009964  4998044
0.109548091888  4985129
0.111295938492  4984937
0.114381074905  4968581
0.115734100342  4967797
0.116279125214  4947061
0.117108106613  4934054
0.11767411232  4930029
0.118384122849  4929049
0.11900305748  4870866
0.119153022766  4870608
0.12044095993  4867250
0.120825052261  4865302
0.122470140457  4864389
0.123234033585  4862484
0.123615980148  4847463
0.124376058578  4845774
0.125008106232  4810537
0.125138044357  4798227
0.12553691864  4780664
0.12690114975  4774502
0.127869129181  4771077
0.128251075745  4763103
0.129523038864  4735461
0.129905939102  4722812
0.134191989899  4716122
0.135864973068  4707997
0.137634992599  4707990
0.138526916504  4706677
0.139037132263  4702680
0.139168024063  4702492
0.139678955078  4687692
0.139809131622  4675821
0.140572071075  4670028
0.142223119736  4669640
0.14314198494  4669592
0.14430809021  4666411
0.145653963089  4664812
0.146924972534  4660293
0.147181987762  4655435
0.14769411087  4648117
0.148328065872  4641892
0.148458957672  4638922
0.149971008301  4638096
0.153250932693  4624985
0.154057979584  4624886
0.154328107834  4619383
0.154466152191  4584275
0.157040119171  4573594
0.157841920853  4565741
0.159735918045  4554842
0.161251068115  4553053
0.162141084671  4549082
0.162651062012  4498054
0.162781000137  4497010
0.163037061691  4483589
0.167194128036  4481190
0.1675760746  4420677
0.171287059784  4419303
0.171803951263  4412136
0.171936035156  4398121
0.1725730896  4365515
0.174745082855  4358447
0.175008058548  4355948
0.177044153214  4355119
0.178074121475  4350534
0.178596973419  4321345
0.181879043579  4318468
0.182657957077  4317104
0.1878221035  4299025
0.188084125519  4291301
0.19033908844  4289595
0.190477132797  4282796
0.19075012207  4265957
0.192490100861  4256297
0.193632125854  4229726
0.195404052734  4228764
0.196546077728  4209829
0.199352025986  4190201
0.201189041138  4186573
0.203712940216  4182144
0.205251932144  4181766
0.206284999847  4178899
0.209197998047  4175942
0.209583044052  4173207
0.212238073349  4171861
0.212620019913  4166438
0.213001012802  4164313
0.213509082794  4164194
0.214918136597  4161549
0.215424060822  4150741
0.2164311409  4150034
0.218079090118  4147383
0.218482971191  4134021
0.219061136246  4132059
0.219967126846  4129797
0.221707105637  4129354
0.226231098175  4121503
0.227041006088  4120105
0.228698015213  4061628
0.229135990143  4058631
0.230127096176  4057335
0.230382919312  4056991
0.231524944305  4046399
0.232419967651  4024290
0.232805967331  4023981
0.233448028564  4023936
0.234214067459  4021497
0.236937999725  4020316
0.237462997437  4016784
0.237596988678  3974928
0.239143133163  3973801
0.239915132523  3948422
0.243371963501  3945508
0.244395017624  3934917
0.244785070419  3934863
0.24672794342  3931501
0.248271942139  3923427
0.249305963516  3919998
0.251770973206  3915979
0.252686023712  3907228
0.259696006775  3902836
0.260025978088  3900709
0.261327028275  3884235
0.262172937393  3883922
0.263664960861  3883388
0.267410993576  3882440
0.270550012589  3846087
0.270816087723  3844069
0.271078109741  3842671
0.272027015686  3837965
0.272858142853  3836863
0.27504992485  3835627
0.275740146637  3834560
0.276849985123  3833772
0.27809214592  3792533
0.279638051987  3792526
0.279940128326  3783859
0.281326055527  3780993
0.285995006561  3780740
0.29181599617  3773008
0.292587995529  3738154
0.293492078781  3737634
0.296553134918  3735546
0.299456119537  3734053
0.299850940704  3728520
0.304398059845  3726577
0.30708193779  3722134
0.308992147446  3713356
0.310611009598  3709138
0.312664031982  3705761
0.317692995071  3704950
0.317848920822  3703754
0.32266497612  3697272
0.326812028885  3692811
0.328742027283  3676094
0.329007148743  3675120
0.330157995224  3619396
0.333186149597  3617192
0.334479093552  3615042
0.335175991058  3614910
0.339942932129  3613190
0.341275930405  3610715
0.342227935791  3609426
0.349287033081  3609339
0.349924087524  3608611
0.350578069687  3607235
0.352262020111  3604846
0.353291034698  3604120
0.353423118591  3602567
0.353806972504  3594063
0.355082988739  3591746
0.355493068695  3589906
0.357312917709  3580325
0.357953071594  3572695
0.359097003937  3571844
0.362887144089  3560465
0.36934709549  3559239
0.369477987289  3556520
0.370621919632  3555186
0.3716340065  3554032
0.373404979706  3550228
0.373534917831  3540187
0.374068021774  3520957
0.374207019806  3517539
0.375149011612  3509357
0.377351045609  3494896
0.382725000381  3474365
0.386861085892  3474031
0.38730597496  3395895
0.387752056122  3385654
0.390834093094  3319041
0.392910003662  3317285
0.39395904541  3315278
0.394469976425  3310205
0.398113965988  3294848
0.3982629776  3292627
0.399287939072  3292481
0.403059959412  3287349
0.403839111328  3283324
0.405601024628  3282750
0.406034946442  3282311
0.407515048981  3281845
0.411561012268  3279001
0.422835111618  3277127
0.42387008667  3269820
0.426718950272  3263772
0.427623987198  3263753
0.429053068161  3262048
0.437072992325  3260988
0.446844100952  3260093
0.451560020447  3254323
0.45349407196  3246572
0.453633069992  3242920
0.455373048782  3240883
0.455760955811  3239289
0.460988044739  3238748
0.462381124496  3236889
0.46327996254  3236008
0.465568065643  3234330
0.468371152878  3229497
0.476201057434  3229120
0.477849960327  3229106
0.478996992111  3211054
0.487856149673  3210883
0.489434957504  3209575
0.490708112717  3209340
0.491094112396  3189584
0.492752075195  3188986
0.496331930161  3172533
0.497375011444  3170619
0.499310970306  3169280
0.499829053879  3156321
0.501799106598  3143891
0.504148960114  3134401
0.504626989365  3133459
0.505029916763  3112775
0.505166053772  3108812
0.506223917007  3104720
0.507281064987  3103001
0.512315988541  3095072
0.513633012772  3095017
0.514940023422  3092971
0.51732301712  3088979
0.523821115494  3079549
0.528856992722  3076555
0.533066987991  3074875
0.53548002243  3074113
0.536339998245  3073553
0.537110090256  3073541
0.543720006943  3072183
0.545122146606  3071666
0.555262088776  3068344
0.557917118073  3067105
0.566093921661  3064071
0.574531078339  3062068
0.574793100357  3059606
0.578645944595  3059518
0.582195043564  3059271
0.582324981689  3057095
0.584869146347  3049843
0.587314128876  3043292
0.587599039078  3042418
0.591975927353  3040180
0.598998069763  3035509
0.603227138519  3032211
0.60374212265  3020470
0.61639714241  3009830
0.620582103729  3007840
0.621228933334  3007043
0.62295293808  3006689
0.626292943954  3005522
0.6538169384  3001727
0.661765098572  2998317
0.664600133896  2994961
0.667281150818  2990401
0.667562961578  2990242
0.681041002274  2990105
0.682976961136  2989231
0.684911966324  2988081
0.6866710186  2987691
0.691679954529  2982390
0.695539951324  2925143
0.697088956833  2923995
0.704431056976  2920189
0.708617925644  2916650
0.709675073624  2912070
0.713433027267  2907206
0.721115112305  2906314
0.727232933044  2906271
0.731318950653  2905849
0.740680932999  2905195
0.743288040161  2903540
0.746443986893  2903064
0.748533964157  2902397
0.75261092186  2901428
0.762406110764  2830541
0.76736497879  2824985
0.768942117691  2822474
0.769878149033  2821339
0.770910024643  2802964
0.77322602272  2775731
0.775287151337  2774802
0.778172969818  2773881
0.784337043762  2772491
0.794578075409  2765607
0.79522395134  2765187
0.795994997025  2759342
0.808817148209  2756732
0.814486026764  2742835
0.817990064621  2737316
0.818279027939  2733816
0.818681001663  2726213
0.820421934128  2724056
0.828060150146  2715646
0.830744981766  2708781
0.838313102722  2707533
0.840623140335  2706942
0.842838048935  2703552
0.842972993851  2702371
0.846679925919  2700602
0.85249209404  2699331
0.856678962708  2682855
0.857865095139  2680247
0.860651016235  2678538
0.861935138702  2674642
0.864733934402  2671464
0.872719049454  2659122
0.881619930267  2654845
0.883157968521  2654386
0.884303092957  2652948
0.886745929718  2651872
0.889425992966  2651434
0.893533945084  2619379
0.897526979446  2618639
0.903391122818  2614815
0.906470060349  2613746
0.908384084702  2610018
0.913098096848  2602983
0.913990020752  2601852
0.917562007904  2601410
0.918076038361  2600592
0.919855117798  2598327
0.922343015671  2597149
0.929379940033  2596257
0.942466020584  2591315
0.944949150085  2590690
0.948147058487  2590500
0.951837062836  2573189
0.954653978348  2570019
0.964043140411  2567938
0.964304924011  2564147
0.973544120789  2562959
0.974911928177  2562954
0.977792978287  2562282
0.986647129059  2561877
0.991661071777  2557481
0.99223613739  2557473
1.00222802162  2556846
1.00645899773  2548933
1.01317501068  2544208
1.01343607903  2543173
1.01472806931  2542385
1.01550793648  2541725
1.0200510025  2537378
1.02022695541  2536175
1.03004693985  2536016
1.03399896622  2535508
1.03558111191  2531937
1.03822207451  2510441
1.04348611832  2502239
1.04527401924  2499686
1.0467979908  2479691
1.05031204224  2476854
1.06945300102  2475268
1.08681797981  2474434
1.08825993538  2473457
1.10915803909  2473206
1.12516999245  2473025
1.13671398163  2472146
1.15388703346  2469513
1.15551900864  2464924
1.15620708466  2462967
1.17112898827  2462497
1.17322611809  2462337
1.17516708374  2450965
1.17682313919  2450860
1.17797899246  2450742
1.17852497101  2450447
1.18361592293  2444478
1.19888591766  2442082
1.21836304665  2438225
1.22673010826  2437990
1.23183107376  2433383
1.24078202248  2432765
1.28043603897  2431615
1.28213500977  2431429
1.28419709206  2430754
1.28636813164  2391432
1.29239201546  2391224
1.29379892349  2388989
1.29582595825  2387901
1.32410693169  2386922
1.32495999336  2385009
1.33081793785  2368266
1.3336930275  2366564
1.33545613289  2364443
1.35089302063  2363385
1.36607694626  2347387
1.37503194809  2345578
1.38000893593  2344384
1.38220310211  2343177
1.38837814331  2343113
1.38864207268  2341003
1.40161514282  2337138
1.41125392914  2335798
1.4115190506  2335691
1.42409110069  2318838
1.43656110764  2318028
1.45749211311  2317853
1.4667840004  2317163
1.48063206673  2313619
1.51239705086  2309926
1.51451897621  2309848
1.52172207832  2307143
1.52199792862  2306626
1.52450108528  2305153
1.54628014565  2301855
1.55172014236  2300156
1.55440711975  2299649
1.55595397949  2297906
1.56214213371  2297060
1.57954406738  2296530
1.59406304359  2294849
1.60635495186  2294752
1.610476017  2294706
1.61539411545  2294535
1.62066411972  2293423
1.64558911324  2291545
1.65788602829  2291493
1.65854310989  2290510
1.67248106003  2289693
1.67685198784  2287310
1.6809360981  2286552
1.68916296959  2284490
1.70139312744  2281445
1.71750402451  2280828
1.72928094864  2280476
1.7300760746  2278699
1.7362780571  2278257
1.7364089489  2277612
1.73743104935  2277579
1.73983311653  2276288
1.74734091759  2275087
1.74785709381  2260576
1.75631403923  2257340
1.76348900795  2256938
1.764783144  2253147
1.77123498917  2252602
1.77819395065  2251781
1.78629612923  2251360
1.79148101807  2245044
1.79161691666  2241694
1.8064930439  2238935
1.81288504601  2238740
1.81800508499  2236553
1.86168408394  2236168
1.87549901009  2236008
1.87833595276  2235264
1.88788604736  2235117
1.91761493683  2232858
1.92360115051  2232777
1.92802906036  2230458
1.9301431179  2228455
1.94168305397  2228169
1.96268606186  2227769
1.98537397385  2218104
1.98910808563  2193201
1.98975801468  2192620
1.9904050827  2192611
1.99104714394  2192267
2.00383400917  2190446
2.01593494415  2189878
2.02795314789  2188243
2.02847599983  2186063
2.05761408806  2181940
2.06219100952  2181052
2.10418891907  2180145
2.11712503433  2179074
2.12988996506  2178105
2.15092396736  2174933
2.17579293251  2173508
2.19927096367  2172874
2.2026309967  2158946
2.2027759552  2156356
2.23370695114  2154019
2.24943804741  2152416
2.25996494293  2152275
2.26532697678  2151357
2.27294301987  2148716
2.29587006569  2148467
2.30784606934  2143563
2.31260895729  2142091
2.32066011429  2138597
2.32818293571  2126154
2.36009907722  2090901
2.37404298782  2090627
2.37545800209  2086777
2.41592502594  2083978
2.42244315147  2079782
2.42297291756  2079279
2.43514299393  2078528
2.45230412483  2062532
2.47314310074  2056585
2.47616410255  2054495
2.51852011681  2051522
2.55500507355  2047569
2.55927801132  2046544
2.56696009636  2046307
7.37078499794  2046303
7.3731880188  2045923
7.39844894409  2043956
7.41633892059  2022572
7.42399692535  2021239
7.42851901054  2020997
7.43339300156  2020876
7.449187994  2020615
7.48155212402  2019686
7.48714494705  2019611
7.5268061161  2019540
7.53271412849  2018428
7.5352640152  2016973
7.5440530777  2016239
7.5509159565  2015978
7.55418300629  2012497
7.56294202805  2008102
7.56512212753  2007664
7.56612300873  2007269
7.59507107735  2006104
7.61095714569  2006051
7.64681696892  2005881
7.67243504524  2004713
7.69079303741  2004111
7.70670604706  1998803
7.72700214386  1997256
7.74904799461  1996808
7.74986505508  1991944
7.76336812973  1991889
7.78367710114  1988846
7.78855895996  1988822
7.78921794891  1987783
7.79064106941  1983645
7.79714202881  1982375
7.81031107903  1981371
7.82775092125  1978637
7.83045911789  1978345
7.84425902367  1977939
7.86213111877  1977758
7.87561202049  1968039
7.88209414482  1963867
7.88590192795  1944704
7.88814806938  1944544
7.8942489624  1943525
7.90580201149  1942357
7.9261469841  1942354
7.93234395981  1939677
7.93512701988  1939645
7.93918299675  1939284
7.94175314903  1937355
7.95262908936  1935347
7.95752692223  1935133
7.96390795708  1934424
7.97649002075  1933830
7.98623800278  1933128
8.00836205482  1933088
8.03334903717  1932989
8.04915904999  1929618
8.06584501266  1928501
8.09261894226  1928034
8.09355211258  1926994
8.10823011398  1926108
8.14350795746  1926034
8.14621710777  1925629
8.17735695839  1924624
8.18938994408  1922511
8.1989030838  1901125
8.20894312859  1899932
8.2353811264  1899205
8.25300192833  1897450
8.26112794876  1896241
8.3038289547  1886470
8.34464406967  1886186
8.35695695877  1885454
8.36437702179  1884817
8.39562010765  1884376
8.4258480072  1884119
8.43067598343  1881223
8.43784093857  1880655
8.44094514847  1870442
8.48331212997  1870292
8.49505710602  1869986
8.52959609032  1869823
8.53889298439  1869496
8.58058905602  1867313
8.6081969738  1867020
8.62071013451  1866849
8.63592100143  1865377
8.64221096039  1864731
17.7137811184  1862692
17.7279999256  1860890
17.7383780479  1858986
17.7504301071  1858683
17.756180048  1858557
17.77444911  1853973
17.7760310173  1848926
17.7978150845  1844016
17.7979569435  1842095
17.7990119457  1841757
17.8037700653  1841254
17.8150129318  1840824
17.8204660416  1840430
17.8284199238  1840208
17.8553249836  1839758
17.8724460602  1838865
17.8935000896  1838435
17.9076440334  1837563
17.92841506  1836030
17.9319729805  1835747
17.9346790314  1831214
17.9559819698  1831040
17.9575591087  1830800
17.9722630978  1828818
17.9900240898  1827547
17.9905190468  1823330
17.999505043  1823317
18.0041761398  1816070
18.0242259502  1815347
18.0266990662  1815335
18.0503060818  1814574
18.0585379601  1812066
18.0839550495  1811307
18.0877370834  1806220
18.0880460739  1806065
18.0919620991  1805768
18.1141290665  1805102
18.1263260841  1799148
18.1751310825  1798654
18.1772141457  1791696
18.1852469444  1788325
18.1866879463  1786141
18.1985249519  1786071
18.2086780071  1783084
18.2123420238  1777560
18.2166500092  1776943
18.2262690067  1776730
18.2747540474  1775559
18.3141429424  1761374
18.3827121258  1761226
18.384691  1759246
18.3938310146  1758774
18.3966770172  1758222
18.4047420025  1757125
18.4538750648  1757040
18.4591829777  1751821
18.4717240334  1750470
18.4719851017  1750077
18.5067031384  1749580
18.5191171169  1749424
18.5514490604  1748750
18.5568571091  1748131
18.5825209618  1742114
92.6703810692  1740950
92.6734490395  1738671
92.6912670135  1738571
92.6991119385  1728686
92.7217450142  1728655
92.7221341133  1726445
92.7234530449  1722762
92.7419409752  1722620
92.7979249954  1722230
92.8292560577  1720555
92.8466880322  1720426
92.8536601067  1717080
95.8932509422  1717075
95.9335589409  1716588
95.9339599609  1713766
95.9370219707  1712481
95.9789941311  1712018
95.9803919792  1711448
95.9865801334  1711298
95.9992370605  1709716
96.0082550049  1709652
96.0443909168  1706506
96.0879371166  1706487
96.0997459888  1706226
96.1033220291  1705365
96.1062171459  1701843
96.1208410263  1700779
96.1301090717  1700103
96.1314051151  1698226
96.1648540497  1697975
96.1717331409  1697041
96.1741371155  1679670
96.1780250072  1679473
96.1781680584  1678878
96.1989879608  1676583
96.2151179314  1676054
96.2202880383  1675065
96.2209620476  1670233
96.2418620586  1669469
96.2806880474  1669159
96.2854020596  1668304
96.2884960175  1668202
96.290792942  1667211
96.2997620106  1666902
96.3310921192  1666388
96.3343639374  1666292
96.3500220776  1666195
96.3598620892  1666186
96.3791251183  1665456
96.3819980621  1664915
96.400785923  1660267
96.4419629574  1659486
