0.0388150215149  6922891
0.0394129753113  6895606
0.0397639274597  6863503
0.0402550697327  6859536
0.0410449504852  6844273
0.041207075119  6841663
0.0420029163361  6794441
0.0424621105194  6785242
0.0426070690155  6730141
0.0427529811859  6677238
0.042897939682  6663664
0.0431821346283  6662110
0.0434679985046  6658807
0.0437550544739  6593009
0.0439231395721  6587232
0.0440919399261  6561501
0.0442590713501  6551159
0.0444259643555  6549637
0.0447540283203  6476466
0.0450141429901  6389877
0.045273065567  6386587
0.0456569194794  6351945
0.0457880496979  6339971
0.0461740493774  6320758
0.0463120937347  6318285
0.0464379787445  6314573
0.0468101501465  6310739
0.0470590591431  6291254
0.0471849441528  6276862
0.0474350452423  6274417
0.047562122345  6271414
0.0478110313416  6230299
0.0479369163513  6228675
0.0491681098938  6200416
0.0498740673065  6194544
0.0506639480591  6191905
0.0508570671082  6190050
0.0514121055603  6189927
0.0521309375763  6181452
0.0524370670319  6171535
0.0536379814148  6158787
0.0539469718933  6157338
0.0546560287476  6155931
0.0547919273376  6150587
0.0560641288757  6147794
0.0569529533386  6147047
0.0570840835571  6144541
0.0572640895844  6009579
0.0578269958496  6001383
0.0579631328583  6001134
0.0593581199646  5932368
0.0598509311676  5843544
0.0604150295258  5760749
0.0607171058655  5760530
0.0611081123352  5754498
0.0613830089569  5717483
0.0624670982361  5712991
0.0628740787506  5708348
0.0633580684662  5685600
0.064670085907  5679284
0.0655219554901  5671411
0.0663981437683  5667047
0.0669009685516  5665392
0.0671539306641  5662738
0.067281961441  5656860
0.0677909851074  5603747
0.0681691169739  5593068
0.0685539245605  5592714
0.0698070526123  5590668
0.070188999176  5589973
0.0705859661102  5588124
0.0712740421295  5572301
0.0722370147705  5568394
0.0729250907898  5563425
0.0730640888214  5541166
0.0743749141693  5535374
0.0746431350708  5534669
0.07546210289  5531568
0.0757761001587  5531030
0.0759270191193  5512214
0.07634806633  5506373
0.0766289234161  5492335
0.0785760879517  5492115
0.0790140628815  5452887
0.0796740055084  5409873
0.0799279212952  5405748
0.0802021026611  5395112
0.0804550647736  5394904
0.0808320045471  5391058
0.0812101364136  5383970
0.0813400745392  5381243
0.0815939903259  5373149
0.081845998764  5291088
0.0825960636139  5273429
0.0827400684357  5262337
0.0828769207001  5244213
0.083279132843  5239048
0.0836820602417  5238877
0.0841951370239  5238822
0.0847671031952  5237591
0.0849061012268  5231494
0.0850551128387  5229048
0.0856029987335  5191558
0.0862789154053  5183389
0.0865330696106  5167237
0.0870349407196  5159484
0.0876700878143  5156068
0.0880479812622  5141995
0.0883030891418  5139773
0.08855509758  5138984
0.0898070335388  5138923
0.0908041000366  5129812
0.0909309387207  5125991
0.0910589694977  5123403
0.0911860466003  5121062
0.0918159484863  5114575
0.092442035675  5105526
0.0930740833282  5105184
0.0932080745697  5098511
0.0951130390167  5069488
0.0958709716797  5064952
0.0967519283295  5053462
0.0970051288605  5047791
0.0973830223083  5040038
0.0975110530853  5030783
0.0993881225586  5024622
0.099515914917  5022097
0.101143121719  5021432
0.101270914078  5013651
0.101398944855  5012396
0.103527069092  5004846
0.103655099869  4986446
0.10378408432  4977359
0.10391497612  4974128
0.106029987335  4973843
0.106785058975  4969614
0.106913089752  4923426
0.107167959213  4923112
0.108314990997  4919539
0.10844707489  4902663
0.109467983246  4898745
0.110809087753  4885215
0.113832950592  4869791
0.11510014534  4869479
0.115234136581  4869463
0.116269111633  4860528
0.116776943207  4849924
0.11779499054  4847039
0.119259119034  4824849
0.120152950287  4823792
0.120497941971  4823571
0.123019933701  4815846
0.123660087585  4810791
0.123793125153  4806029
0.124048948288  4802724
0.124848127365  4802402
0.125026941299  4790171
0.125801086426  4779782
0.126559019089  4766183
0.12668800354  4765462
0.129264116287  4762691
0.133357048035  4758932
0.134037017822  4758791
0.135127067566  4749451
0.135266065598  4748508
0.135960102081  4746567
0.136096954346  4746176
0.137567043304  4745183
0.138386964798  4743423
0.138809919357  4742919
0.139323949814  4736120
0.141174077988  4734487
0.141314029694  4725508
0.143266916275  4723898
0.14516210556  4720025
0.145808935165  4717526
0.145940065384  4717494
0.14658498764  4717448
0.147911071777  4701132
0.148051023483  4661499
0.150079011917  4661302
0.150373935699  4658855
0.151605129242  4657531
0.151988983154  4654433
0.153132915497  4617989
0.154401063919  4617819
0.154809951782  4596232
0.156291007996  4595756
0.15918803215  4588827
0.159641981125  4566325
0.161656141281  4564817
0.164439916611  4559599
0.166381120682  4542040
0.169821023941  4531339
0.169996976852  4530312
0.172035932541  4518134
0.172572135925  4516873
0.173092126846  4510970
0.174103975296  4510744
0.174695014954  4510149
0.175306081772  4509834
0.175724983215  4507378
0.176872968674  4495112
0.18238401413  4489402
0.183480978012  4478297
0.187201976776  4474157
0.188116073608  4468336
0.188956975937  4461440
0.190093040466  4446236
0.19047498703  4445567
0.19198513031  4428453
0.194283008575  4395190
0.196666955948  4335987
0.198053121567  4329104
0.198701143265  4328924
0.202422142029  4321271
0.204306125641  4319887
0.208097934723  4319412
0.208989143372  4314054
0.209630012512  4308312
0.21026301384  4308222
0.219304084778  4307929
0.219691991806  4305830
0.220371007919  4268301
0.221045970917  4224209
0.221586942673  4221885
0.225343942642  4220740
0.226498126984  4199795
0.228903055191  4199371
0.231048107147  4199289
0.232371091843  4197686
0.234096050262  4192050
0.235149145126  4191805
0.23680305481  4188597
0.238964080811  4186840
0.239476919174  4184833
0.240139007568  4183601
0.240582942963  4182742
0.24102306366  4182353
0.243056058884  4172412
0.24623298645  4162800
0.246680021286  4160734
0.246829986572  4126328
0.248736143112  4108023
0.25092291832  4101436
0.251794099808  4086323
0.251941919327  4076899
0.25368309021  4073917
0.254457950592  4058530
0.257375955582  4056823
0.260201931  4048324
0.260503053665  4042496
0.261048078537  3986373
0.263334989548  3985830
0.264279127121  3984110
0.264850139618  3983674
