0.0414078235626  6599660
0.0417129993439  6558321
0.0420038700104  6534856
0.0424888134003  6523615
0.0426528453827  6521379
0.043182849884  6512408
0.0439178943634  6509841
0.044056892395  6477126
0.0441839694977  6476432
0.0443120002747  6440848
0.0444488525391  6433567
0.0446000099182  6403133
0.0447428226471  6402676
0.045361995697  6340821
0.045706987381  6330294
0.0460019111633  6325973
0.0461459159851  6300988
0.0465748310089  6286279
0.0467219352722  6282867
0.048614025116  6276965
0.0491118431091  6262213
0.0492379665375  6259063
0.0493650436401  6218691
0.0498600006104  6213685
0.0499889850616  6207970
0.0507318973541  6207045
0.0509839057922  6188286
0.0511119365692  6182328
0.0513608455658  6180355
0.0518579483032  6164823
0.0525739192963  6160926
0.0527169704437  6145812
0.0528559684753  6145767
0.0532579421997  6121456
0.0539019107819  6119071
0.0540709495544  6108627
0.0542349815369  6107031
0.0544018745422  6105754
0.0545539855957  6105651
0.0547068119049  6069290
0.0550079345703  6057266
0.0551609992981  6052433
0.0558798313141  6035746
0.0561330318451  6025502
0.0563888549805  6024421
0.0572650432587  5990433
0.0577728748322  5985358
0.0581459999084  5980036
0.0582740306854  5971414
0.0586478710175  5963270
0.0588979721069  5912097
0.0595188140869  5899875
0.0602598190308  5867632
0.0607538223267  5861953
0.0611250400543  5858003
0.0612599849701  5854318
0.0616760253906  5847670
0.0619659423828  5833338
0.0624299049377  5831260
0.062567949295  5808700
0.0638220310211  5789897
0.0646920204163  5788494
0.0648198127747  5787129
0.0649468898773  5783886
0.0650758743286  5776941
0.0652048587799  5775038
0.0659539699554  5770233
0.0664558410645  5768127
0.0672078132629  5767841
0.0679550170898  5767697
0.0682079792023  5760398
0.0683360099792  5734820
0.0684690475464  5733074
0.0691499710083  5719329
0.0715129375458  5681629
0.0716459751129  5665504
0.071772813797  5642033
0.072765827179  5638259
0.075915813446  5631003
0.0761849880219  5588307
0.0768418312073  5580369
0.0771059989929  5576306
0.0772409439087  5553523
0.077898979187  5416721
0.0783138275146  5405541
0.0795879364014  5402861
0.0799989700317  5386498
0.0805449485779  5386497
0.0811078548431  5368953
0.0819458961487  5365274
0.0839309692383  5344036
0.0840599536896  5337489
0.0841879844666  5331055
0.0843160152435  5330799
0.0846929550171  5324874
0.0853178501129  5322630
0.086208820343  5313153
0.0871319770813  5311184
0.0874779224396  5305275
0.087760925293  5202842
0.0884120464325  5193898
0.088907957077  5174845
0.0897688865662  5158278
0.0903890132904  5146654
0.0917439460754  5142599
0.0918710231781  5138251
0.0919969081879  5135071
0.093104839325  5128638
0.0934770107269  5124537
0.0952730178833  5123925
0.0972340106964  5123640
0.0982518196106  5115340
0.0996358394623  5112224
0.0997629165649  5109998
0.101626873016  5102593
0.102957963943  5097057
0.104243040085  5096446
0.104513883591  5085557
0.105026960373  5083203
0.105398893356  5070339
0.105893850327  5060368
0.106019973755  5052625
0.107131004333  5049931
0.107256889343  5037655
0.107383966446  5029228
0.109767913818  5028521
0.109897851944  5004770
0.110278844833  4999076
0.11186003685  4989677
0.112279891968  4976949
0.114781856537  4976691
0.115185976028  4971663
0.117259979248  4928224
0.118527889252  4910436
0.119684934616  4873868
0.120316982269  4871072
0.121299028397  4868218
0.122196912766  4833631
0.122329950333  4808589
0.123998880386  4807617
0.12464094162  4776901
0.12477183342  4776729
0.126976013184  4766466
0.128020048141  4759066
0.128291845322  4753757
0.128837823868  4723137
0.130791902542  4722868
0.131178855896  4595856
0.131438016891  4595455
0.132323980331  4593655
0.13258099556  4588330
0.133225917816  4571306
0.134119987488  4566825
0.135016918182  4566268
0.135192871094  4564898
0.137532949448  4563677
0.137797832489  4563446
0.140190839767  4551524
0.140826940536  4534584
0.141335010529  4534153
0.14146399498  4524444
0.142477989197  4521633
0.143359899521  4515547
0.143738985062  4512605
0.146584033966  4505130
0.14709687233  4496062
0.147727966309  4405314
0.148286819458  4404617
0.148669958115  4401560
0.149858951569  4356342
0.150667905807  4351196
0.152931928635  4350221
0.153079032898  4348699
0.156260967255  4346998
0.157398939133  4343857
0.15816283226  4298762
0.158293962479  4296838
0.159046888351  4296410
0.160432815552  4281065
0.161753892899  4277344
0.162461042404  4260837
0.163628816605  4258712
0.16502404213  4249767
0.165907859802  4246088
0.1668009758  4244614
0.167183876038  4243701
0.168463945389  4229244
0.170845985413  4226901
0.174298048019  4218319
0.174937009811  4218121
0.178387880325  4216771
0.179412841797  4215841
0.181463956833  4208763
0.182363986969  4208082
0.183174848557  4205560
0.184183835983  4198211
0.185488939285  4195436
0.185636997223  4192278
0.186025857925  4176549
0.186154842377  4172982
0.186677932739  4171971
0.187235832214  4161567
0.187507867813  4146881
0.188038825989  4127738
0.188571929932  4123571
0.190361022949  4121283
0.192525863647  4121089
0.196333885193  4120732
0.197106838226  4116015
0.198750972748  4108537
0.201035022736  4097130
0.201545953751  4095726
0.20272898674  4094403
0.203364849091  4077610
0.206279993057  4072676
0.207803964615  4069047
0.209573030472  4064315
0.210132837296  4061916
0.210395812988  4061901
0.212834835052  4054198
0.212986946106  4053632
0.213541030884  4039404
0.216408014297  4039058
0.217674970627  4031911
0.219200849533  4027561
0.219332933426  4022606
0.219844818115  4021508
0.22086596489  4014308
0.22394490242  4014002
0.224083900452  4013494
0.225412845612  3971978
0.22554898262  3970051
0.226145982742  3932125
0.228054046631  3924050
0.232262849808  3922572
0.234048843384  3920026
0.234457015991  3888192
0.236737966537  3885677
0.238262891769  3885048
0.2400598526  3884123
0.243811845779  3877974
0.244076967239  3873413
0.245095014572  3872326
0.245851993561  3872022
0.246356964111  3867630
0.246610879898  3864504
0.248378038406  3855631
0.2512819767  3853531
0.251536846161  3853479
0.252296924591  3851636
0.253554821014  3847650
0.257558822632  3845277
0.259205818176  3844833
0.259336948395  3831332
0.262126922607  3825913
0.265192985535  3825483
0.265858888626  3824336
0.268088817596  3820753
0.269105911255  3820565
0.269927978516  3788307
0.270618915558  3787905
0.276317834854  3780369
0.281747817993  3775394
0.282436847687  3773698
0.286473989487  3763290
0.287822008133  3694242
0.289044857025  3692836
0.290004968643  3675784
0.290144920349  3675720
0.291468858719  3673952
0.291882991791  3673874
0.29350399971  3673142
0.295735836029  3626821
0.295892953873  3626450
0.297540903091  3626353
0.302489042282  3623757
0.308779001236  3623649
0.309415817261  3617561
0.313846826553  3607528
0.316404819489  3605882
0.316537857056  3600415
0.31729888916  3594871
0.32225394249  3590158
0.3255610466  3581908
0.327083826065  3581036
0.331261873245  3577939
0.331903934479  3572634
0.333209991455  3572603
0.347379922867  3569410
0.3510658741  3546643
0.352227926254  3540116
0.356298923492  3538394
0.356556892395  3535968
0.359614849091  3533685
0.361526966095  3525998
0.366879940033  3523321
0.368283987045  3519885
0.371448040009  3491752
0.372530937195  3483480
0.373096942902  3483411
0.373265981674  3482722
0.374418020248  3481155
0.379555940628  3471397
0.382098913193  3468235
0.385177850723  3466485
0.389678001404  3465292
0.389936923981  3462405
0.391083955765  3460758
0.392097949982  3457413
0.394014835358  3456527
0.395041942596  3456238
0.396697044373  3454072
0.401093959808  3452709
0.401362895966  3452155
0.404388904572  3444163
0.404523849487  3443098
0.408283948898  3442782
0.411079883575  3432229
0.416146039963  3430217
0.417037010193  3426052
0.418081045151  3425907
0.41846704483  3422935
0.418598890305  3416655
0.419904947281  3412137
0.421576023102  3411908
0.429301977158  3411419
0.430339813232  3411165
0.432374954224  3409399
0.433522939682  3407826
0.434783935547  3407492
0.438946008682  3402580
0.44273686409  3397912
0.444900989532  3395785
0.448887825012  3394070
0.454711914062  3393763
0.4572930336  3391338
0.465196847916  3389736
0.469295978546  3387752
0.470322847366  3387537
0.472275972366  3386808
0.477269887924  3386284
0.478189945221  3343086
0.479861974716  3340293
0.483150005341  3337334
0.492702007294  3318013
0.493223905563  3317473
0.494350910187  3312859
0.498463869095  3311826
0.504660844803  3309337
0.51478600502  3301846
0.516060829163  3294016
0.518369913101  3291620
0.52883887291  3287181
0.530148029327  3283817
0.53347492218  3235576
0.537811994553  3233471
0.54456281662  3223755
0.545325994492  3199446
0.546595811844  3197560
0.5486369133  3188585
0.550288915634  3186066
0.552239894867  3185437
0.555580854416  3180897
0.556506872177  3174683
0.558385848999  3172515
0.559377908707  3170972
0.565732955933  3170539
0.567159891129  3168202
0.571221828461  3165993
0.575125932693  3162764
0.579107999802  3121440
0.579619884491  3111100
0.580505847931  3108534
0.580636024475  3108079
0.582528829575  3092750
0.58341884613  3092675
0.585470914841  3091903
0.596848964691  3090730
0.597003936768  3088297
0.598088026047  3088056
0.600040912628  3084669
0.60239481926  3084647
0.602526903152  3062384
0.606699943542  3057749
0.60683298111  3024068
0.608762025833  3017459
0.610049962997  3015882
0.61466383934  3012282
0.615437030792  2997094
0.616207838058  2994959
0.625263929367  2994661
0.627584934235  2992897
0.63397693634  2992615
0.635195970535  2992130
0.642731904984  2984093
0.643247842789  2981674
0.646014928818  2981374
0.648105859756  2948451
0.649629831314  2946891
0.650014877319  2946222
0.651662826538  2944972
0.656736850739  2936591
0.658293008804  2916717
0.660893917084  2902227
0.662223815918  2897150
0.664011001587  2896890
0.6677069664  2892589
0.671381950378  2892371
0.674684047699  2891691
0.675194978714  2890466
0.675326824188  2889756
0.677351951599  2888961
0.677485942841  2887916
0.679078817368  2886672
0.680436849594  2886447
0.683517932892  2885203
0.691154003143  2879672
0.691540002823  2879385
0.695360898972  2876751
0.69562292099  2871655
0.70098400116  2861499
0.706073045731  2860490
0.715754985809  2860104
0.716655015945  2847167
0.722779035568  2841059
0.724436998367  2840138
0.727885961533  2840125
0.728395938873  2831688
0.744982004166  2830651
0.749950885773  2829536
0.750082015991  2820015
0.753759860992  2817882
0.770072937012  2816727
0.774183988571  2812890
0.784593820572  2812528
0.792265892029  2812240
0.796603918076  2808407
0.804273843765  2806684
0.80583691597  2805408
0.808149814606  2803940
0.809799909592  2802682
0.813128948212  2802542
0.815430879593  2780903
0.827440977097  2779373
0.831658840179  2775012
0.8340280056  2772313
0.834931850433  2771907
0.835575819016  2768999
0.837990045547  2741481
0.849463939667  2734473
0.850200891495  2733492
0.850483894348  2731551
0.851692914963  2730103
0.859721899033  2726542
0.872215032578  2725925
0.880730867386  2723851
0.889852046967  2723408
0.900455951691  2719854
0.900974988937  2717141
0.901235818863  2711317
0.902642011642  2708408
0.904179811478  2703300
0.907995939255  2697658
0.909045934677  2697286
0.909180879593  2696604
0.91099691391  2686701
0.918772935867  2684552
0.923866987228  2684371
0.925210952759  2683636
0.931267976761  2682146
0.931411027908  2654246
0.935076951981  2653996
0.945178031921  2638345
0.94811797142  2635734
0.948781013489  2635323
0.955024957657  2635238
0.956949949265  2633763
0.957085847855  2633122
0.96116399765  2625987
0.961447000504  2624825
0.97236084938  2620057
0.973528862  2619905
0.980326890945  2618668
0.98370885849  2617178
0.989958047867  2613146
0.997277975082  2606091
0.999260902405  2599016
1.00227189064  2596580
1.0085170269  2561540
1.0101878643  2561497
1.01722288132  2555240
1.01971292496  2554728
1.02381300926  2553495
1.02510285378  2550422
1.02600502968  2550353
1.02730894089  2548731
1.03291988373  2540017
1.03423690796  2537571
1.03560185432  2536649
1.05311989784  2535733
1.05393004417  2528927
1.06615591049  2528432
1.06899499893  2526050
1.07297897339  2522578
1.07352399826  2494817
1.07482790947  2489185
1.07690382004  2458723
1.08344197273  2457402
1.08548903465  2450656
1.08727288246  2450469
1.09048104286  2450462
1.0921599865  2450356
1.0932199955  2418919
1.11932682991  2414894
1.12966895103  2411497
1.1327559948  2411315
1.14579486847  2408364
1.15477085114  2406576
1.16599798203  2406415
1.17065286636  2403781
1.18687987328  2403180
1.18922996521  2394274
1.19388985634  2391497
1.19623994827  2390976
1.2028169632  2369784
1.21311903  2365079
1.21973800659  2364099
1.22564601898  2363101
1.22578692436  2362893
1.22886300087  2360977
1.24020004272  2347243
1.26799988747  2343754
1.27523589134  2343685
1.27955698967  2331725
1.29305100441  2305438
1.2967338562  2291020
1.29734802246  2269094
1.29914784431  2268994
1.31271100044  2268562
1.32185387611  2268272
1.33048391342  2260258
1.33296394348  2250385
1.33658099174  2244222
1.34315800667  2243909
1.34676194191  2240675
1.34728097916  2237513
1.35101103783  2235786
1.35680294037  2229108
1.36103987694  2229067
1.36362195015  2205494
1.37321901321  2203288
1.38146686554  2202418
1.39244198799  2201181
1.39640784264  2200847
1.39729499817  2200588
1.40253186226  2200301
1.40374588966  2200274
1.40732097626  2200200
1.41627788544  2199805
1.42718601227  2195347
1.42873191833  2194694
1.44688487053  2190393
1.47429299355  2189563
1.48387789726  2182839
1.48624992371  2182290
1.49327683449  2182281
1.50740504265  2181774
1.51001095772  2174053
1.52076101303  2174047
1.52807188034  2172456
1.54887390137  2171521
1.55634188652  2169755
1.57556891441  2164126
1.57860994339  2163182
1.5913848877  2161872
1.59758281708  2159621
1.60017800331  2153168
1.60345196724  2149808
1.61559581757  2149329
1.62332582474  2147265
1.62466692924  2144780
1.62480282784  2144275
1.63093304634  2141655
1.63268685341  2121509
1.63577890396  2121426
1.64227294922  2121119
1.64407801628  2121021
1.65182089806  2120443
1.65637397766  2119034
1.66481304169  2117617
1.67634081841  2111226
1.68581104279  2109478
1.72830104828  2109299
1.73370099068  2108754
1.7355799675  2108335
1.7719810009  2106296
1.80632281303  2105096
1.85249400139  2104735
1.85502004623  2104602
1.85762286186  2104022
1.89264702797  2101020
1.89898896217  2100920
1.90818190575  2089323
1.9328019619  2088110
1.94137787819  2087216
1.94899582863  2086446
1.96867394447  2083884
1.97103691101  2081613
1.97564888  2081406
1.97666501999  2081323
1.99224185944  2079290
1.99369382858  2078558
1.99900698662  2074766
2.00765800476  2072605
2.01544594765  2072354
2.0406768322  2066956
2.05768895149  2066024
2.0621778965  2065007
2.06410002708  2065002
2.08067584038  2064409
2.12513399124  2057474
2.13939404488  2056570
2.14594483376  2054240
2.1869058609  2051137
2.19776391983  2050863
2.2003018856  2050208
2.2021420002  2049412
2.22438597679  2049322
2.22539496422  2049239
2.24304890633  2048613
2.26736998558  2045533
2.27697992325  2045139
2.28167796135  2041990
2.28340291977  2041888
2.2846019268  2040961
2.29107403755  2040181
2.312032938  2036986
2.31385397911  2035053
2.32228302956  2032621
2.32596588135  2028222
2.33176493645  2027884
2.34601187706  2026739
2.35173583031  2022094
2.35211801529  2020586
2.35721993446  2019936
2.35835599899  2019815
2.38378596306  2018799
2.39711403847  2018180
2.41153502464  2017916
2.42363381386  2017669
2.43661999702  2017219
2.43910002708  2016158
2.44794201851  2016047
2.4690349102  2012812
2.47727489471  2012723
2.48286986351  2011818
2.50807094574  2009931
2.51128602028  2006782
2.51981282234  2005808
2.52116799355  2004550
2.53300404549  2003269
2.53607583046  2003041
2.54150986671  2001902
2.56120085716  2001789
2.56894683838  2001696
2.57222890854  2000557
2.57556581497  1999441
2.57645893097  1998069
2.59065103531  1997943
2.60787200928  1996719
2.6288599968  1996331
2.63512396812  1986648
2.64589500427  1986282
2.64747881889  1986204
2.66063785553  1984572
2.67125582695  1983796
2.68201589584  1983268
2.69168901443  1982985
2.69805192947  1975261
2.73773884773  1974421
2.75960493088  1973435
2.76996397972  1972851
2.80287289619  1972122
2.82250499725  1971660
2.8276720047  1967407
2.85319781303  1966802
2.86360192299  1966739
2.90786385536  1965262
2.92275381088  1960096
2.98650789261  1959518
2.99838399887  1959437
3.00563788414  1959275
3.01368498802  1958112
3.0270819664  1958067
3.04251384735  1957673
3.05272388458  1957541
3.0593559742  1957421
3.06421303749  1956682
3.0769598484  1956545
3.08231496811  1954910
3.12113881111  1954005
3.12507581711  1952864
3.15958881378  1952184
7.29461193085  1950508
7.30620384216  1948568
7.31853604317  1946269
7.32829499245  1945602
7.34612703323  1945502
7.3495619297  1945293
7.34969997406  1940388
7.39295196533  1939812
7.39906287193  1937136
7.42514801025  1935559
7.43399000168  1934619
7.44760489464  1934565
7.45446586609  1934518
7.47319793701  1934445
7.4852938652  1934073
7.48833489418  1930738
7.50851988792  1930058
7.53106498718  1929437
7.54746484756  1927074
7.559445858  1926720
7.58429789543  1922533
7.59890794754  1920068
7.59930896759  1920038
7.60024785995  1900271
7.61931300163  1900224
7.63189888  1900013
7.65015602112  1899772
7.68042898178  1898453
7.70882296562  1886774
7.77332186699  1886488
7.82406902313  1884808
7.84291791916  1883684
7.8823428154  1882969
7.94559001923  1881963
7.97453689575  1881650
7.9873008728  1881639
7.99356603622  1881579
8.02959990501  1880920
8.03563594818  1880880
8.07840704918  1867758
8.09657883644  1867586
8.13646483421  1867458
8.15783500671  1866770
8.18208003044  1866226
8.2440738678  1864413
8.27323389053  1863991
8.27783298492  1863683
8.28412795067  1863200
8.30590200424  1863180
8.3193769455  1862147
8.34422087669  1861592
8.35147690773  1860206
8.37269902229  1859167
8.40455794334  1859069
8.40773701668  1857814
8.42894291878  1854994
8.43858599663  1854433
8.44164204597  1853746
8.44278597832  1852898
8.46713089943  1851370
8.49019098282  1850982
8.54183292389  1848909
8.55468797684  1848351
8.61846399307  1848044
8.67152500153  1847113
8.7314658165  1845908
8.7466878891  1842199
8.79428100586  1841845
8.81673192978  1841347
8.82781386375  1841281
8.85907101631  1841072
26.253289938  1837011
26.270622015  1833944
26.2770500183  1832489
26.2929759026  1831644
26.2970108986  1831365
26.327327013  1831320
26.3464648724  1830890
26.354446888  1828728
26.3591079712  1828666
26.3780038357  1824742
26.3834369183  1823571
26.3957710266  1819518
26.4040260315  1819052
26.4314060211  1816107
29.3096249104  1800943
29.3144509792  1800094
29.3441998959  1799472
29.3456439972  1799397
29.3734328747  1798231
29.3786129951  1796680
29.3790099621  1795870
29.3861420155  1795265
29.3939180374  1794545
29.4010088444  1794412
29.4119188786  1793427
29.4347758293  1791806
29.4727668762  1790712
29.4784660339  1790272
29.4787368774  1789410
29.4829289913  1781505
29.4904518127  1780723
29.5072228909  1779134
29.5201368332  1778418
29.5438840389  1777374
29.5856440067  1776995
29.6382818222  1776906
29.6385698318  1776737
29.701720953  1776388
29.7359659672  1775336
29.7455840111  1774802
29.7559728622  1774222
29.7801840305  1773609
29.7849898338  1772687
29.8317089081  1772486
29.850137949  1771517
29.8683049679  1771147
29.8708930016  1770637
29.9311959743  1770043
29.9403619766  1770020
29.945114851  1769714
29.9634008408  1768594
30.0246839523  1768078
30.0426590443  1767975
30.0688478947  1766563
30.0729198456  1766292
30.075152874  1766223
30.1165249348  1765990
30.1288089752  1765742
30.1289479733  1765107
30.1558778286  1764874
30.1608788967  1764548
52.2304840088  1757996
52.2742168903  1754831
52.3238489628  1754623
67.5602400303  1753014
84.2694039345  1752840
84.280766964  1751544
84.2812879086  1746004
84.2988839149  1745332
84.3051810265  1744663
84.3319768906  1742723
84.3456978798  1742333
84.3462178707  1742271
84.351159811  1740737
84.3961818218  1738995
84.4080200195  1738716
84.4254238605  1737948
84.4413030148  1737508
84.4596450329  1735881
84.4642529488  1733597
84.4985678196  1733338
84.5106348991  1733048
84.5153729916  1732938
84.5398130417  1731872
84.5645809174  1730628
84.5694489479  1730329
84.6081199646  1730152
84.662555933  1729131
84.6722078323  1728885
84.6734509468  1718381
84.7205779552  1718265
84.7245738506  1715431
84.7600929737  1712976
84.7659640312  1706713
84.7776648998  1704984
84.7979059219  1702298
84.8340580463  1695029
