0.0389950275421  7217417
0.0395750999451  7194276
0.0397400856018  7192787
0.0405900478363  7176255
0.0411159992218  7168940
0.041393995285  7117483
0.0420541763306  7116325
0.0424790382385  7110278
0.0426251888275  7108321
0.0427670478821  7108295
0.0429110527039  7096510
0.0431940555573  7091033
0.0435771942139  7077786
0.0439510345459  6940512
0.0442001819611  6894524
0.0444490909576  6808511
0.0449461936951  6799474
0.0450720787048  6781060
0.0453231334686  6780174
0.0458199977875  6777299
0.0463140010834  6738323
0.046441078186  6734387
0.0471811294556  6684322
0.047431230545  6678935
0.0480492115021  6674774
0.0481760501862  6643343
0.0483031272888  6529700
0.0487990379333  6396385
0.049309015274  6384443
0.0497941970825  6370815
0.0502841472626  6339796
0.0504341125488  6331581
0.0510170459747  6328549
0.051164150238  6311267
0.0517110824585  6307033
0.0520880222321  6302900
0.0528461933136  6282794
0.0529761314392  6114433
0.0531060695648  6102389
0.0536160469055  6100249
0.0540091991425  6096311
0.0541372299194  6085557
0.0543880462646  6085551
0.0553991794586  6081471
0.055655002594  6076405
0.0561630725861  6065078
0.0562930107117  6063663
0.056675195694  6062166
0.0568041801453  6058066
0.05744099617  6021713
0.0586302280426  5895596
0.0589101314545  5866683
0.0590481758118  5861468
0.0600850582123  5860256
0.0603411197662  5839741
0.0605940818787  5838980
0.0607211589813  5821874
0.0608479976654  5814707
0.0609750747681  5790449
0.0619781017303  5785147
0.0626001358032  5725639
0.063098192215  5714901
0.0633511543274  5648544
0.0639719963074  5585143
0.0647192001343  5513348
0.0654799938202  5490690
0.0660831928253  5486738
0.0675501823425  5467804
0.0681800842285  5454194
0.0688061714172  5454062
0.0705511569977  5450935
0.0709280967712  5440732
0.0713031291962  5402685
0.0718040466309  5402455
0.0719311237335  5389855
0.0720591545105  5372903
0.0731790065765  5369118
0.0733082294464  5367203
0.0740630626678  5366937
0.0749840736389  5360957
0.0751240253448  5327349
0.0755300521851  5325929
0.0772190093994  5325913
0.0776810646057  5325628
0.0781080722809  5307646
0.0802390575409  5290518
0.0832011699677  5289999
0.0838251113892  5278133
0.0842761993408  5265162
0.0848259925842  5251721
0.084979057312  5249948
0.0867102146149  5245776
0.0873382091522  5219268
0.0877151489258  5216388
0.0880920886993  5149551
0.0907411575317  5135671
0.0913510322571  5134911
0.092808008194  5133526
0.0936930179596  5115295
0.0939462184906  5114489
0.0943200588226  5101075
0.0945720672607  5092708
0.0950720310211  5081631
0.096431016922  5078934
0.096931219101  5077376
0.098562002182  5072736
0.0988140106201  5061258
0.0998980998993  5060453
0.101417064667  5059445
0.102047204971  5058749
0.10254406929  5035949
0.103538036346  5016894
0.103790044785  5010666
0.104167222977  5003873
0.104294061661  4956818
0.10630106926  4951670
0.106809139252  4941393
0.10707616806  4938271
0.109179019928  4932987
0.110656023026  4922683
0.11172413826  4920475
0.115208148956  4910900
0.116347074509  4910321
0.11689209938  4812214
0.117165088654  4803172
0.117436170578  4802247
0.119128227234  4799410
0.119530200958  4797573
0.120172023773  4795531
0.121432065964  4786869
0.122316122055  4785704
0.122824192047  4774859
0.123459100723  4773290
0.123598098755  4771946
0.124003171921  4754245
0.124141216278  4746989
0.124413013458  4708717
0.1265001297  4707261
0.127004146576  4706092
0.128389120102  4694966
0.129900217056  4679075
0.130164146423  4678358
0.131684064865  4654187
0.132210016251  4652575
0.134590148926  4630985
0.134854078293  4629727
0.134985208511  4620482
0.136515140533  4619586
0.137791156769  4604867
0.138301134109  4603227
0.139949083328  4597015
0.140841007233  4581320
0.142810106277  4580836
0.143535137177  4560063
0.143945217133  4559665
0.144327163696  4554227
0.144456148148  4547960
0.144965171814  4546808
0.145225048065  4546444
0.147175073624  4535764
0.147446155548  4535324
0.148916006088  4515915
0.151722192764  4508186
0.152236223221  4501249
0.152493000031  4498490
0.15349817276  4489717
0.154632091522  4473486
0.15514421463  4468357
0.159002065659  4458729
0.160389184952  4456842
0.16064620018  4456457
0.161909103394  4454435
0.163042068481  4451366
0.163423061371  4440058
0.163806200027  4430181
0.163935184479  4419413
0.164942026138  4419179
0.168090105057  4407604
0.169832229614  4324714
0.173183202744  4321066
0.17356801033  4310862
0.173698186874  4310808
0.176986217499  4291267
0.180262088776  4287687
0.181401014328  4287353
0.181959152222  4286800
0.18238902092  4285398
0.184048175812  4274342
0.18475317955  4252487
0.185833215714  4250924
0.186744213104  4239777
0.186887025833  4239188
0.187293052673  4229051
0.189085006714  4219172
0.18946814537  4218942
0.192399024963  4216914
0.19278216362  4119501
0.195931196213  4105055
0.199279069901  4104519
0.204020023346  4088755
0.204784154892  4087479
0.205796003342  4069829
0.206664085388  4066641
0.207823038101  4058110
0.208545207977  4047139
0.211581230164  4045898
0.213278055191  4040765
0.21385717392  4028818
0.215299129486  4025543
0.215453147888  4021073
0.217182159424  4020938
0.219467163086  4014664
0.219724178314  4011708
0.221266031265  4006278
0.222068071365  4005490
0.226455211639  4002214
0.229911088943  3995047
0.231870174408  3964731
0.233152151108  3961669
0.236747026443  3958296
0.237191200256  3955678
0.239677190781  3954448
0.239807128906  3952638
0.239937067032  3949903
0.24023103714  3939663
0.243181228638  3935203
0.24445104599  3915914
0.249642133713  3913334
0.253388166428  3913286
0.253652095795  3909794
0.254667043686  3900565
0.256539106369  3896209
0.261014223099  3890940
0.261314153671  3890718
0.26174902916  3889782
0.262315034866  3889466
0.263205051422  3859519
0.263465166092  3855660
0.263723134995  3851774
0.26659321785  3849105
0.268384218216  3801453
0.271071195602  3793703
0.272591114044  3792320
0.276256084442  3790443
0.278557062149  3786642
0.28033208847  3783795
0.280966043472  3780569
0.282857179642  3773049
0.283112049103  3742325
0.283746004105  3742002
0.28488111496  3741687
0.2853910923  3741229
0.288674116135  3734499
0.292102098465  3729809
0.293241024017  3729570
0.297773122787  3727356
0.298201084137  3715757
0.298800230026  3708980
0.299228191376  3705131
0.302725076675  3700609
0.305681228638  3689294
0.305812120438  3686748
0.305942058563  3685572
0.307080030441  3683888
0.307590007782  3682996
0.312526226044  3674870
0.315093994141  3669987
0.315478086472  3663139
0.316873073578  3655375
0.317004203796  3650859
0.319658994675  3650837
0.320166110992  3650478
0.321811199188  3649975
0.324094057083  3649443
0.327253103256  3645580
0.327765226364  3635001
0.328647136688  3634348
0.33105301857  3630920
0.33544421196  3618504
0.335875034332  3617825
0.337727069855  3569359
0.339511156082  3561883
0.339642047882  3539239
0.340403079987  3538693
0.342555999756  3536868
0.343816995621  3527262
0.34697508812  3514655
0.347736120224  3513618
0.349949121475  3512449
0.354746103287  3511620
0.357982158661  3508986
0.361700057983  3506196
0.367644071579  3505297
0.368282079697  3494683
0.375809192657  3492587
0.378266096115  3492062
0.38198018074  3457603
0.386799097061  3457052
0.386934041977  3439856
0.387829065323  3436042
0.391303062439  3432981
0.392322063446  3432703
0.395395040512  3427957
0.399759054184  3422554
0.402569055557  3418779
0.403337001801  3417491
0.41037607193  3410174
0.421094179153  3409002
0.425935029984  3407235
0.427463054657  3405012
0.427975177765  3404579
0.428860187531  3403913
0.429115056992  3403633
0.432062149048  3396612
0.433332204819  3394368
0.433965206146  3393563
0.434597015381  3392642
0.43779706955  3389848
0.43869304657  3382928
0.439336061478  3382080
0.443729162216  3361907
0.454251050949  3352784
0.454385995865  3350179
0.454903125763  3348512
0.456306219101  3346294
0.467480182648  3346061
0.467612028122  3337852
0.470528125763  3333674
0.477566003799  3333300
0.478744029999  3330908
0.47887802124  3310079
0.479413032532  3308218
0.479554176331  3306560
0.492864131927  3306485
0.493126153946  3300337
0.493256092072  3295951
0.493637084961  3291606
0.4948990345  3289128
0.498438119888  3282077
0.499247074127  3281465
0.499377012253  3279712
0.500464200974  3278655
0.503105163574  3277155
0.512369155884  3275333
0.514830112457  3275178
0.516113996506  3269259
0.530116081238  3266006
0.532032012939  3253047
0.53623008728  3252613
0.536492109299  3250975
0.536622047424  3250757
0.538805007935  3248733
0.54326415062  3246508
0.545778036118  3229799
0.546955108643  3228567
0.549972057343  3228498
0.554602146149  3209174
0.569109201431  3206238
0.570532083511  3205152
0.574163198471  3204514
0.578777074814  3202918
0.581595182419  3202444
0.583679199219  3202074
0.584611177444  3201819
0.585803031921  3194542
0.588034152985  3194332
0.589992046356  3193537
0.590126037598  3193091
0.596670150757  3192245
0.596805095673  3187268
0.600628137589  3184438
0.609315156937  3182810
0.618030071259  3170722
0.618930101395  3166327
0.622116088867  3165303
0.624633073807  3150025
0.626863002777  3147222
0.629156112671  3146989
0.631802082062  3146914
0.631974220276  3146905
0.639047145844  3146661
0.641071081161  3145730
0.644502162933  3139079
0.647028207779  3138557
0.650822162628  3132850
0.657885074615  3126511
0.661824226379  3111362
0.663087129593  3109610
0.665660142899  3109269
0.666431188583  3083846
0.668127059937  3083686
0.669211149216  3080208
0.67170214653  3078315
0.672873020172  3073484
0.673779010773  3072003
0.675197124481  3071474
0.680421113968  3066652
0.68278503418  3064868
0.685789108276  3057832
0.689236164093  3049795
0.692167043686  3047437
0.696676015854  3047006
0.698528051376  3046581
0.698916196823  3046473
0.699802160263  3044408
0.700310230255  3043943
0.705789089203  3042924
0.708613157272  3033106
0.708744049072  3027124
0.709629058838  3025938
0.714693069458  3023200
0.717073202133  3020438
0.725201129913  3019941
0.735966205597  3010104
0.737637996674  3009224
0.738988161087  3008639
0.739394187927  3008071
0.743902206421  3008010
0.748742103577  3004912
0.750731229782  2979631
0.754239082336  2978258
0.758844137192  2977725
0.763689041138  2940321
0.766140222549  2939836
0.767576217651  2935134
0.771334171295  2932796
0.774821996689  2930895
0.78013420105  2929137
0.78221321106  2927560
0.794947147369  2925725
0.795086145401  2922274
0.802384138107  2921719
0.802515029907  2917303
0.804038047791  2915671
0.813002109528  2902561
0.815041065216  2901347
0.818544149399  2900237
0.824259996414  2898635
0.826027154922  2894832
0.829972028732  2878502
0.831617116928  2878412
0.839198112488  2874973
0.84034204483  2874237
0.842108011246  2866603
0.84414601326  2866159
0.846041202545  2850646
0.847179174423  2850611
0.848727226257  2847621
0.850136995316  2846208
0.8523042202  2842167
0.856819152832  2830895
0.865761995316  2727819
0.870758056641  2723805
0.872181177139  2719782
0.876329183578  2717569
0.877867221832  2716517
0.879015207291  2712884
0.881429195404  2710137
0.886922121048  2710020
0.892212152481  2703332
0.896051168442  2697635
0.897453069687  2692047
0.901184082031  2690185
0.904033184052  2686456
0.904331207275  2686218
0.906139135361  2685191
0.907429218292  2683671
0.907941102982  2679448
0.909464120865  2677636
0.909593105316  2677541
0.910863161087  2676430
0.913690090179  2675234
0.92159318924  2590959
0.92897605896  2573545
0.930004119873  2573446
0.935393095016  2547207
0.937550067902  2546343
0.946313142776  2545789
0.947332143784  2543449
0.954866170883  2541311
0.955203056335  2540218
0.969704151154  2538311
0.972632169724  2536277
0.980197191238  2535257
0.982262134552  2534814
0.985365152359  2534538
0.994569063187  2534055
0.997004032135  2532782
0.999653100967  2527235
1.0017991066  2522877
1.01132822037  2521879
1.01557517052  2520696
1.02534413338  2518056
1.03145813942  2507346
1.04607415199  2506581
1.0608921051  2499241
1.06278705597  2498080
1.08055520058  2494562
1.08115315437  2494048
1.08521509171  2488196
1.08660316467  2482748
1.09677815437  2482426
1.10293912888  2480458
1.1072602272  2479029
1.1080391407  2475779
1.11690211296  2473871
1.12167215347  2465712
1.12249803543  2462298
1.12560105324  2461323
1.1264321804  2458791
1.13274216652  2453865
1.13992714882  2453091
1.14424800873  2453018
1.14565515518  2452371
1.15930199623  2449804
1.16996908188  2437726
1.19175004959  2436302
1.19538211823  2432739
1.21865510941  2425103
1.21879410744  2417960
1.22302913666  2416499
1.22514605522  2411819
1.22541117668  2408493
1.22805118561  2407266
1.23155617714  2396722
1.23652005196  2396643
1.26186418533  2395577
1.26432800293  2328864
1.26946020126  2325067
1.28182005882  2321446
1.28333902359  2320951
1.29102611542  2314940
1.29411005974  2314914
1.29681420326  2314686
1.30249714851  2308799
1.30455517769  2308789
1.30569601059  2307637
1.30633115768  2305512
1.30864715576  2302428
1.30948519707  2302418
1.31059908867  2294532
1.31254005432  2293372
1.31835222244  2293123
1.327491045  2291270
1.33966612816  2290961
1.340498209  2287485
1.35276508331  2286031
1.35986304283  2284916
1.36177515984  2283306
1.37772011757  2277543
1.38123607635  2275141
1.38255500793  2267883
1.39972805977  2267813
1.40000009537  2267443
1.40236115456  2267290
1.42650008202  2266180
1.42701911926  2259201
1.43165922165  2227080
1.43790721893  2226898
1.4501850605  2226749
1.45501208305  2224184
1.45651817322  2218384
1.46291518211  2218310
1.48040819168  2216831
1.48206305504  2202639
1.49555921555  2201079
1.50492620468  2200938
1.50647115707  2200378
1.5126721859  2194355
1.52536010742  2193750
1.53187513351  2193680
1.53309607506  2193206
1.54072999954  2191640
1.5576851368  2191301
1.559497118  2191199
1.56077003479  2181670
1.56499814987  2180649
1.58044409752  2180504
1.58664107323  2178971
1.59241509438  2175761
1.59931206703  2174400
1.60364103317  2171864
1.61254811287  2171726
1.64436721802  2171134
1.64737820625  2169363
1.65246105194  2163301
1.65259504318  2162721
1.65653014183  2162583
1.67112421989  2162257
1.69661521912  2160502
1.71063303947  2160480
1.71639108658  2152119
1.73887610435  2150705
1.74358606339  2150494
1.75188112259  2150282
1.7641479969  2149825
1.76494622231  2130971
1.77813005447  2130489
1.77966713905  2126872
1.78805208206  2126586
1.79547905922  2124967
1.80377006531  2124864
3.83526802063  2122127
3.83706402779  2121987
3.87531614304  2121976
3.89181399345  2121435
3.89892506599  2107315
3.91174006462  2105441
3.92030620575  2100161
3.92930817604  2099277
3.93119311333  2099210
3.9518392086  2099022
3.96611714363  2098302
3.97388410568  2096983
4.00071001053  2095616
4.00386619568  2095098
4.0167131424  2094991
4.03413319588  2080266
4.03978419304  2079811
4.08745408058  2079243
4.09092521667  2076919
4.10579609871  2076404
4.11561512947  2075291
4.13575911522  2074345
4.15167999268  2070725
4.16195821762  2062269
4.16446208954  2061839
4.16638612747  2058929
4.19944405556  2057674
4.21963119507  2057399
4.2213242054  2056354
4.22222304344  2055996
4.2343120575  2049399
4.23943805695  2048817
4.24253511429  2048554
4.26196122169  2048277
4.28436613083  2046519
4.29310703278  2045784
4.30521011353  2038429
4.31766819954  2038406
4.32979416847  2034757
4.3314371109  2034563
4.33198714256  2033164
4.33910822868  2032950
4.36915111542  2026307
4.38770508766  2024501
4.39301800728  2023066
4.40834617615  2022538
4.41295409203  2022527
4.43429613113  2022433
4.43551206589  2017610
4.45244622231  2003040
4.45579719543  2000468
4.45827913284  2000463
4.49348711967  1999950
4.49603819847  1997825
4.53064203262  1997436
4.55669116974  1995318
4.5911860466  1992809
4.59175801277  1992783
4.60887622833  1990304
4.61090707779  1989853
4.61595606804  1983063
4.64200401306  1982860
4.65196800232  1982646
4.66074204445  1982638
4.66100406647  1974358
4.67578601837  1973930
4.67893815041  1973438
4.6919491291  1972739
4.73383116722  1971664
4.7729370594  1962180
4.79855418205  1958858
4.82356905937  1958029
