0.0408079624176  6903794
0.0415370464325  6890415
0.0426878929138  6869798
0.0430920124054  6847506
0.0436520576477  6847487
0.0437960624695  6764643
0.0439398288727  6634790
0.0440838336945  6627478
0.0442278385162  6607998
0.0445139408112  6601315
0.0446579456329  6595727
0.044802904129  6580386
0.0449469089508  6537634
0.0450839996338  6526691
0.0453379154205  6521748
0.0454659461975  6511933
0.0458459854126  6494917
0.0460979938507  6491722
0.0463490486145  6491423
0.0467219352722  6487836
0.0468490123749  6485496
0.046975851059  6477192
0.0473499298096  6472682
0.0476009845734  6469732
0.047728061676  6451998
0.0478549003601  6403959
0.0481059551239  6384776
0.0493428707123  6339683
0.0494699478149  6331062
0.0499670505524  6325071
0.0504660606384  6320984
0.0520830154419  6308178
0.0523660182953  6308143
0.0530118942261  6307822
0.0531399250031  6294650
0.0538890361786  6293719
0.0540158748627  6290987
0.0546369552612  6280396
0.0550138950348  6263571
0.0552659034729  6248933
0.0553929805756  6240106
0.0562620162964  6235328
0.0571298599243  6224737
0.0573809146881  6220450
0.05788397789  6207777
0.0584180355072  6180453
0.0594239234924  6152497
0.05970287323  6146965
0.059839963913  6138009
0.0604920387268  6137839
0.0619809627533  6067302
0.0622320175171  6056960
0.06285405159  6017870
0.0629799365997  6017320
0.0633549690247  6016462
0.0637290477753  5989879
0.0641088485718  5973634
0.0646069049835  5951372
0.064857006073  5950938
0.0660920143127  5950357
0.0683360099792  5894071
0.0684740543365  5893921
0.0687339305878  5885127
0.0688610076904  5858089
0.0697300434113  5855417
0.0699808597565  5806638
0.0709738731384  5805054
0.0711009502411  5802168
0.0713529586792  5753426
0.0724680423737  5751520
0.0729649066925  5744479
0.0732119083405  5742655
0.0752258300781  5726004
0.075975894928  5711597
0.0762538909912  5703105
0.0779349803925  5674458
0.0783498287201  5668491
0.0784778594971  5667384
0.0792398452759  5641055
0.0793960094452  5640724
0.0806748867035  5634379
0.081799030304  5633990
0.0820498466492  5631375
0.0831649303436  5631166
0.0845549106598  5625786
0.0872330665588  5625046
0.0873639583588  5624742
0.0876159667969  5621882
0.0877449512482  5582777
0.088742017746  5572311
0.089980840683  5568890
0.0918898582458  5563841
0.0935778617859  5556834
0.094575881958  5541709
0.0947048664093  5528969
0.0949580669403  5527911
0.0950849056244  5526462
0.0952129364014  5509515
0.0964598655701  5504709
0.0973310470581  5501564
0.0979528427124  5501153
0.0984530448914  5498110
0.0990738868713  5484558
0.0999419689178  5481432
0.100577831268  5474502
0.101472854614  5441090
0.102196931839  5424548
0.103703975677  5424517
0.103832006454  5418052
0.104450941086  5416020
0.104701042175  5390450
0.104827880859  5388993
0.105213880539  5318667
0.10558795929  5315198
0.105838060379  5254099
0.10645699501  5248780
0.107599020004  5237626
0.108123064041  5237011
0.109061002731  5232776
0.109400987625  5225290
0.109819889069  5224882
0.110096931458  5217954
0.111388921738  5214481
0.111701965332  5145974
0.112269878387  5139973
0.113997936249  5137256
0.115211009979  5135568
0.115365982056  5122472
0.115798950195  5109583
0.115944862366  5108209
0.116271018982  5105182
0.116418838501  5104799
0.116858959198  5102459
0.117142915726  5097754
0.117419958115  5095218
0.117691993713  5049401
0.117974996567  5047446
0.118141889572  5044683
0.118404865265  5022997
0.119422912598  5021209
0.120307922363  5014446
0.121201992035  5014356
0.122463941574  5006826
0.122720956802  4936538
0.122850894928  4935973
0.125252008438  4928768
0.125507831573  4922272
0.126052856445  4910969
0.126189947128  4888430
0.126462936401  4885449
0.128072977066  4885085
0.129479885101  4883119
0.13062286377  4879108
0.131757974625  4869467
0.132912874222  4865906
0.135185956955  4848604
0.136478900909  4848193
0.137372970581  4841292
0.138005971909  4833431
0.138699054718  4819723
0.140738010406  4812833
0.141252994537  4811774
0.141393899918  4811614
0.141531944275  4759467
0.143888950348  4755815
0.145287036896  4752679
0.145417928696  4729555
0.1479408741  4723611
0.148367881775  4717560
0.148773908615  4676870
0.149312019348  4668973
0.149716854095  4666681
0.149853944778  4562825
0.150655984879  4503519
0.151525974274  4477772
0.153267860413  4467561
0.153849840164  4412378
0.153990030289  4392871
0.156918048859  4383915
0.158205032349  4374555
0.15834403038  4363670
0.15935087204  4359364
0.160822868347  4358205
0.162214040756  4354040
0.162468910217  4351063
0.162724018097  4340956
0.163866043091  4329969
0.164247989655  4329276
0.165382862091  4309981
0.167433977127  4307899
0.16869187355  4306865
0.169287919998  4306768
0.172824859619  4296735
0.17435002327  4295802
0.17612195015  4255602
0.176759004593  4242776
0.177896976471  4234185
0.178163051605  4220990
0.17906498909  4220307
0.180457830429  4217389
0.180840969086  4208288
0.181097984314  4207077
0.18248796463  4204013
0.182870864868  4199103
0.183387041092  4153385
0.183526039124  4153230
0.185170888901  4152235
0.187569856644  4118985
0.18839097023  4077531
0.188798904419  4072978
0.189115047455  4072576
0.193115949631  4070712
0.193754911423  4066672
0.196532011032  4063243
0.197293996811  4055265
0.204329013824  4053440
0.206753015518  4051503
0.207772016525  3994334
0.208030939102  3973719
0.208415031433  3968613
0.209050893784  3912082
0.21045589447  3902171
0.213234901428  3897169
0.215262889862  3897028
0.216775894165  3893329
0.217742919922  3891741
0.219265937805  3818884
0.21977686882  3800409
0.220664978027  3798715
0.223151922226  3798565
0.22360086441  3792557
0.224285840988  3784341
0.224416017532  3782658
0.224673032761  3782081
0.230443954468  3777329
0.230707883835  3774513
0.231091022491  3773095
0.233868837357  3755910
0.234397888184  3751846
0.23454284668  3726039
0.236961841583  3715495
0.239531040192  3715378
0.240929841995  3694769
0.242703914642  3694644
0.242962837219  3691665
0.243598937988  3691479
0.245265007019  3689444
0.245899915695  3689325
0.248931884766  3642196
0.249443054199  3627385
0.250332832336  3615616
0.250589847565  3604579
0.251731872559  3604294
0.257822036743  3601396
0.258466005325  3600361
0.259990930557  3600110
0.261013031006  3583242
0.2618060112  3583150
0.262622833252  3569563
0.264309883118  3559121
0.270313024521  3558422
0.270828008652  3557095
0.272649049759  3556218
0.275231838226  3552923
0.276051998138  3549835
0.278050899506  3537331
0.279209852219  3535092
0.281695842743  3530101
0.28456401825  3520996
0.284877061844  3517206
0.286370038986  3511863
0.288181066513  3506423
0.288441896439  3505255
0.290251970291  3501176
0.29093003273  3497741
0.291674852371  3495288
0.291820049286  3491914
0.292970895767  3476061
0.294260025024  3473754
0.295928955078  3463076
0.297204017639  3456883
0.29944896698  3453660
0.30126786232  3453122
0.303155899048  3451822
0.304602861404  3451114
0.306392908096  3443306
0.308037042618  3442289
0.308418989182  3440720
0.311832904816  3423410
0.312092065811  3421587
0.312600851059  3420446
0.312855958939  3419991
0.315393924713  3409980
0.317582845688  3405076
0.319025039673  3404812
0.32083106041  3399237
0.322892904282  3394527
0.323418855667  3391762
0.323931932449  3369998
0.325082063675  3367464
0.325465917587  3357243
0.33127784729  3355237
0.331788063049  3355000
0.332948923111  3352938
0.333972930908  3340278
0.336441040039  3340040
0.336711883545  3320360
0.337517976761  3316634
0.337923049927  3314005
0.340072870255  3291810
0.340936899185  3288199
0.342582941055  3274474
0.3442299366  3271448
0.345623970032  3270232
0.346004962921  3268794
0.346519947052  3248726
0.34753704071  3246448
0.352104902267  3245097
0.353026866913  3237353
0.353540897369  3232956
0.358588933945  3219206
0.360229969025  3215830
0.36150097847  3215133
0.361630916595  3207386
0.372283935547  3204935
0.372558832169  3204073
0.373497962952  3203313
0.375352859497  3198118
0.375800848007  3130235
0.378754854202  3129815
0.381676912308  3128996
0.383884906769  3128842
0.386085033417  3122664
0.393097877502  3104613
0.396677017212  3097786
0.396807909012  3095803
0.39706492424  3093670
0.398458957672  3082976
0.400158882141  3076974
0.404927968979  3072877
0.406620979309  3064613
0.408242940903  3059128
0.408372879028  3050049
0.411381006241  3049930
0.412118911743  3047810
0.412698030472  3029521
0.414222002029  3022755
0.416528940201  3022271
0.417454004288  3021115
0.419945001602  2963077
0.429491043091  2962553
0.435724973679  2961938
0.438045978546  2961516
0.440330982208  2950719
0.440461874008  2945758
0.442739963531  2942878
0.443248987198  2933968
0.443763971329  2932680
0.444908857346  2928669
0.44503903389  2926131
0.447562932968  2923533
0.448994874954  2920143
0.449821949005  2919898
0.450242042542  2914061
0.456004858017  2890523
0.456403017044  2890230
0.458863973618  2889747
0.460275888443  2885525
0.463356971741  2884969
0.46476984024  2878877
0.470051050186  2877473
0.470566987991  2873825
0.473388910294  2873150
0.476320981979  2860531
0.476451873779  2859949
0.485934972763  2850711
0.490649938583  2849367
0.4915599823  2843772
0.492337942123  2842228
0.492598056793  2839911
0.497769832611  2833040
0.510083913803  2832541
0.51564002037  2831398
0.518216848373  2828984
0.522541046143  2828722
0.529006958008  2825571
0.532071828842  2791643
0.534230947495  2790167
0.534734964371  2789804
0.543594837189  2784417
0.545940876007  2780219
0.547361850739  2777054
0.549427986145  2775989
0.550575971603  2728216
0.553500890732  2727314
0.555279016495  2724520
0.556292057037  2723836
0.56297492981  2722792
0.563237905502  2721841
0.570041894913  2718236
0.571135044098  2716562
0.574615001678  2709227
0.577198982239  2667298
0.577867031097  2666387
0.581465959549  2662469
0.583379030228  2659022
0.59126996994  2658579
0.592299938202  2653172
0.59345293045  2648828
0.598744869232  2648500
0.599573850632  2643776
0.602509975433  2643113
0.602951049805  2635542
0.603214025497  2614939
0.6034719944  2613147
0.608448982239  2612860
0.616198062897  2534839
0.618767023087  2532624
0.62416601181  2531647
0.626526832581  2531186
0.637647867203  2530324
0.637912034988  2530319
0.643043041229  2530059
0.644666910172  2526625
0.650404930115  2526357
0.650662899017  2524537
0.657696008682  2521372
0.70876789093  2515578
0.709311008453  2514144
0.71135187149  2509390
0.716138839722  2497514
0.722511053085  2491879
0.724318027496  2490793
0.725462913513  2465200
0.738018035889  2463159
0.739662885666  2462035
0.741720914841  2459586
0.741871833801  2454308
0.750815868378  2453761
0.767359972  2443776
0.772397994995  2440810
0.783606052399  2430923
0.784291028976  2429260
0.784430980682  2428991
0.787858009338  2427826
0.806752920151  2422841
0.809085845947  2420616
0.815387964249  2419617
0.823120832443  2408137
0.827430009842  2408114
0.835227966309  2405991
0.83763885498  2400974
0.839313030243  2389618
0.841104984283  2385244
0.844132900238  2381719
0.867403030396  2367920
0.875382900238  2367837
0.884840965271  2366779
0.89141201973  2366084
0.897363901138  2363116
0.898015975952  2357606
0.899343967438  2357003
0.905380964279  2355243
0.911736011505  2322712
0.912505865097  2320734
0.919666051865  2319007
0.925343990326  2316977
0.927994966507  2316734
0.932695865631  2315271
0.939076900482  2314186
0.942715883255  2307632
0.94299197197  2307235
0.944198846817  2306544
0.950103998184  2305480
0.958912849426  2304047
0.9682700634  2302958
0.970881938934  2301295
0.974230051041  2296101
0.977535009384  2295967
0.978185892105  2293130
0.982277870178  2292927
0.984771966934  2286849
0.992259025574  2270619
1.00436806679  2270566
1.00542497635  2266592
1.00776600838  2261560
1.0182518959  2259381
1.0254368782  2256830
1.02557206154  2252197
1.02750706673  2251939
1.02906799316  2241086
1.03530693054  2240837
1.03632497787  2237369
1.03733491898  2236807
1.03797793388  2234862
1.04197096825  2232596
1.04602694511  2227955
1.04794001579  2227876
1.05058503151  2226697
1.05476498604  2226224
1.0614900589  2223238
1.06558799744  2222344
1.06611585617  2222033
1.06625294685  2220685
1.0671620369  2217107
1.07199788094  2216821
1.07943487167  2216629
1.08183503151  2216021
1.08379793167  2214520
1.08659696579  2207184
1.09236001968  2205180
1.09529685974  2185128
1.10048604012  2184697
1.10582399368  2182589
1.10608100891  2181131
1.11039805412  2177136
1.12159395218  2174131
1.12404203415  2167126
1.12869405746  2152502
1.13266801834  2151982
1.13484501839  2148523
1.13931298256  2146872
1.14606189728  2146605
1.15789294243  2144479
1.1628408432  2143998
1.16659188271  2143215
1.16741299629  2142934
1.17291402817  2141245
1.17317605019  2141053
1.17457294464  2139900
1.17736101151  2138308
1.17862796783  2132605
1.17888402939  2132116
1.19198703766  2131702
1.19470691681  2130175
1.20460605621  2124277
1.20588898659  2113551
1.20666694641  2113549
1.20912384987  2113191
1.21307897568  2111986
1.21947193146  2111906
1.22940897942  2111079
1.24212694168  2106898
1.25668001175  2105502
1.26227998734  2102430
1.2642788887  2102026
1.27173089981  2101777
1.28880286217  2101453
1.29100799561  2101310
1.29242491722  2100891
1.30199790001  2098402
1.30679392815  2093454
1.32220983505  2093241
1.32772397995  2092238
1.34098792076  2092228
1.34246897697  2090400
1.34838485718  2088852
1.35180187225  2087392
1.35302805901  2086498
1.35444688797  2085263
1.36023783684  2081997
1.37020206451  2077675
1.37994003296  2075494
1.38243293762  2072386
1.38446688652  2071507
1.38567185402  2067079
1.39166688919  2065924
1.39536786079  2065304
1.3988070488  2062823
1.40052390099  2062469
1.40771889687  2050929
1.41745495796  2049540
1.42519497871  2049521
1.42647099495  2049269
1.43023300171  2040731
1.47325897217  2040076
1.50020289421  2039376
1.50601291656  2038609
1.5467710495  2038595
1.5561439991  2038238
1.55959701538  2037043
1.57029390335  2036882
1.57221293449  2035169
1.58370494843  2032022
1.59936285019  2028830
1.60279393196  2028780
1.60968995094  2027945
1.61125898361  1982813
1.62209200859  1982552
1.62489199638  1981800
1.63835191727  1948083
1.64025402069  1946872
1.64284801483  1944364
1.64852404594  1941432
1.67205405235  1938370
1.67728185654  1938299
1.69333100319  1937920
1.6988389492  1932319
1.70025706291  1931099
1.70174789429  1931049
1.72221803665  1929042
1.72724890709  1924280
1.72924804688  1923946
1.73162198067  1923680
1.73254203796  1923604
1.73758482933  1922081
1.73961997032  1920862
1.74356102943  1920412
1.75461792946  1919820
1.75501990318  1918042
1.77203083038  1917806
1.78163194656  1917145
1.80737185478  1916464
1.81208896637  1914616
1.81688904762  1914475
1.82433986664  1914099
1.83488488197  1913264
1.83839488029  1911069
1.84459805489  1910908
1.86251592636  1897739
1.8765668869  1896908
1.89297604561  1882511
1.90546584129  1881981
1.91483402252  1880317
1.92130589485  1878966
1.92856001854  1876372
1.93993592262  1866968
1.9488298893  1866534
1.95897698402  1848278
1.97836995125  1848005
2.00396084785  1847802
2.01210093498  1846499
2.02230787277  1845037
2.02449393272  1844252
2.02513289452  1842794
2.02614498138  1841470
2.05819487572  1830344
2.06153392792  1829061
2.06311202049  1827526
2.06363892555  1827419
2.09277296066  1827246
2.09468984604  1826789
2.09655094147  1826123
2.10021686554  1826049
2.12660598755  1824180
2.1328060627  1823739
2.13422989845  1822738
2.13753390312  1812226
2.14277505875  1809645
2.15519690514  1808357
2.16759586334  1806201
2.17980790138  1798470
2.18606090546  1796724
2.1878888607  1795620
2.21272206306  1795504
17.5060310364  1795372
17.5065498352  1795360
17.5077438354  1794134
17.5578179359  1793166
17.561054945  1792572
17.5779290199  1789036
17.5970489979  1788976
17.627245903  1787787
17.6415359974  1787495
17.698073864  1786960
17.7046768665  1786844
17.7108938694  1761454
17.7173700333  1753697
17.7181358337  1753440
17.7761659622  1752839
17.8064570427  1752553
17.8110029697  1751871
17.8330228329  1750791
17.8435819149  1750384
17.8599200249  1750013
17.9157538414  1746853
17.9352610111  1746290
18.0008208752  1740113
18.0021359921  1740111
18.011797905  1739268
66.6171150208  1738748
66.6339869499  1738624
66.6474239826  1738122
66.6523759365  1737586
66.6665949821  1736524
66.6721889973  1729423
66.6959040165  1728729
66.7354860306  1728691
66.7401430607  1722013
66.7448339462  1711659
66.7480750084  1710597
66.7787568569  1707709
66.8076348305  1706488
66.8327620029  1704198
66.8738958836  1704157
66.8749239445  1703676
66.8821508884  1699002
66.9238300323  1698015
66.9254908562  1693659
66.9438128471  1693609
66.9606208801  1693278
66.9702420235  1692198
66.9732849598  1689888
66.9803898335  1686754
66.9958598614  1684951
67.02552104  1684762
67.0361969471  1681285
67.0579228401  1658657
67.0642769337  1658581
67.0647158623  1658110
67.0968399048  1656922
