0.0412468910217  6599660
0.0416860580444  6558321
0.0419859886169  6534856
0.0424180030823  6523615
0.0425808429718  6521379
0.0430228710175  6512408
0.0437369346619  6509841
0.0438828468323  6477126
0.0440289974213  6476432
0.0441620349884  6440848
0.0442929267883  6433567
0.0444259643555  6403133
0.0445590019226  6402676
0.0450780391693  6340821
0.0453379154205  6330294
0.0456299781799  6325973
0.0457758903503  6300988
0.04620885849  6286279
0.0463540554047  6282867
0.0481948852539  6276965
0.0487089157104  6262213
0.0489048957825  6259063
0.0490820407867  6218691
0.0497648715973  6213685
0.0499198436737  6207970
0.0507929325104  6207045
0.0510740280151  6188286
0.0512030124664  6182328
0.0514600276947  6180355
0.0519709587097  6164823
0.0525979995728  6160926
0.0527260303497  6145812
0.052855014801  6145767
0.0532319545746  6121456
0.0537350177765  6119071
0.0538630485535  6108627
0.0539908409119  6107031
0.0541188716888  6105754
0.0542478561401  6105651
0.0543749332428  6069290
0.0546278953552  6057266
0.0547559261322  6052433
0.0553889274597  6035746
0.0556428432465  6025502
0.0558969974518  6024421
0.0567688941956  5990433
0.0573048591614  5985358
0.0577070713043  5980036
0.057844877243  5971414
0.0584218502045  5963270
0.0587148666382  5912097
0.0594439506531  5899875
0.0602250099182  5867632
0.0607309341431  5861953
0.0611119270325  5858003
0.0612418651581  5854318
0.0616240501404  5847670
0.0617530345917  5833338
0.0621330738068  5831260
0.0622620582581  5808700
0.0635230541229  5789897
0.064404964447  5788494
0.0645339488983  5787129
0.0646629333496  5783886
0.0647940635681  5776941
0.064924955368  5775038
0.0657238960266  5770233
0.0662839412689  5768127
0.0670819282532  5767841
0.0678379535675  5767697
0.0680959224701  5760398
0.0682258605957  5734820
0.068354845047  5733074
0.0689849853516  5719329
0.0711090564728  5681629
0.0712380409241  5665504
0.0713758468628  5642033
0.0723779201508  5638259
0.0757789611816  5631003
0.0760400295258  5588307
0.0766689777374  5580369
0.0769219398499  5576306
0.0770499706268  5553523
0.0776748657227  5416721
0.0780508518219  5405541
0.0786800384521  5402861
0.0790569782257  5386498
0.0795578956604  5386497
0.0800590515137  5368953
0.0808069705963  5365274
0.0828449726105  5344036
0.0830578804016  5337489
0.0832300186157  5331055
0.0833778381348  5330799
0.0837888717651  5324874
0.0844428539276  5322630
0.0853259563446  5313153
0.0862090587616  5311184
0.0864639282227  5305275
0.0867190361023  5202842
0.0873498916626  5193898
0.0878548622131  5174845
0.0887339115143  5158278
0.0893828868866  5146654
0.0909349918365  5142599
0.091080904007  5138251
0.0912208557129  5135071
0.0924968719482  5128638
0.0928859710693  5124537
0.0945279598236  5123925
0.0959229469299  5123640
0.0969388484955  5115340
0.0983438491821  5112224
0.0984899997711  5109998
0.100560903549  5102593
0.101816892624  5097057
0.102947950363  5096446
0.10320186615  5085557
0.103705883026  5083203
0.104084014893  5070339
0.104584932327  5060368
0.104713916779  5052625
0.105845928192  5049931
0.105973958969  5037655
0.106114864349  5029228
0.108861923218  5028521
0.10901594162  5004770
0.109488010406  4999076
0.110924959183  4989677
0.111316919327  4976949
0.113759040833  4976691
0.114160060883  4971663
0.116231918335  4928224
0.117411851883  4910436
0.118571043015  4873868
0.119088888168  4871072
0.119987010956  4868218
0.120889902115  4833631
0.121021986008  4808589
0.122684001923  4807617
0.123323917389  4776901
0.12345790863  4776729
0.125871896744  4766466
0.126900911331  4759066
0.127161026001  4753757
0.127549886703  4723137
0.128953933716  4722868
0.129338026047  4595856
0.129596948624  4595455
0.130537986755  4593655
0.130800008774  4588330
0.131438970566  4571306
0.132396936417  4566825
0.133424043655  4566268
0.133556842804  4564898
0.13547205925  4563677
0.135732889175  4563446
0.13814496994  4551524
0.138787031174  4534584
0.139302015305  4534153
0.139443874359  4524444
0.140594959259  4521633
0.141577005386  4515547
0.141962051392  4512605
0.144628047943  4505130
0.145138025284  4496062
0.145779848099  4405314
0.146328926086  4404617
0.146712064743  4401560
0.147892951965  4356342
0.148680925369  4351196
0.15077495575  4350221
0.150908946991  4348699
0.153950929642  4346998
0.155091047287  4343857
0.155853033066  4298762
0.155983924866  4296838
0.156746864319  4296410
0.158139944077  4281065
0.15928196907  4277344
0.15966796875  4260837
0.160688877106  4258712
0.162117004395  4249767
0.163044929504  4246088
0.163948059082  4244614
0.16433596611  4243701
0.165798902512  4229244
0.168155908585  4226901
0.171602010727  4218319
0.17224407196  4218121
0.175052881241  4216771
0.175978899002  4215841
0.178051948547  4208763
0.179138898849  4208082
0.179911851883  4205560
0.180692911148  4198211
0.182096004486  4195436
0.182265996933  4192278
0.182901859283  4176549
0.18307185173  4172982
0.183654069901  4171971
0.18420791626  4161567
0.184469938278  4146881
0.184988975525  4127738
0.18550491333  4123571
0.186908006668  4121283
0.189085960388  4121089
0.191653966904  4120732
0.192429065704  4116015
0.194095849991  4108537
0.19640994072  4097130
0.196925878525  4095726
0.19849395752  4094403
0.199341058731  4077610
0.202620029449  4072676
0.204319953918  4069047
0.206187963486  4064315
0.206706047058  4061916
0.206968069077  4061901
0.208910942078  4054198
0.209044933319  4053632
0.209568023682  4039404
0.212280035019  4039058
0.213569879532  4031911
0.215250968933  4027561
0.215395927429  4022606
0.216093063354  4021508
0.2171459198  4014308
0.220218896866  4014002
0.220350027084  4013494
0.22163105011  3971978
0.22176194191  3970051
0.222146987915  3932125
0.223803043365  3924050
0.22736287117  3922572
0.229148864746  3920026
0.229534864426  3888192
0.231832027435  3885677
0.233362913132  3885048
0.235154867172  3884123
0.23859500885  3877974
0.238853931427  3873413
0.239882946014  3872326
0.240650892258  3872022
0.24116396904  3867630
0.241422891617  3864504
0.243206977844  3855631
0.2461810112  3853531
0.246439933777  3853479
0.247205972672  3851636
0.248668909073  3847650
0.252938985825  3845277
0.254673957825  3844833
0.254814863205  3831332
0.257699012756  3825913
0.260161876678  3825483
0.26086306572  3824336
0.263110876083  3820753
0.264085054398  3820565
0.265157938004  3788307
0.265954971313  3787905
0.271636962891  3780369
0.276407003403  3775394
0.277096986771  3773698
0.281188011169  3763290
0.282548904419  3694242
0.283786058426  3692836
0.284878969193  3675784
0.285026073456  3675720
0.286269903183  3673952
0.286679983139  3673874
0.288230895996  3673142
0.290210008621  3626821
0.290350914001  3626450
0.291583061218  3626353
0.295805931091  3623757
0.302461862564  3623649
0.303117036819  3617561
0.307100057602  3607528
0.309659004211  3605882
0.309790849686  3600415
0.31056189537  3594871
0.315608978271  3590158
0.31897187233  3581908
0.320512056351  3581036
0.324734926224  3577939
0.325378894806  3572634
0.326658964157  3572603
0.339737892151  3569410
0.34345293045  3546643
0.344612836838  3540116
0.348700046539  3538394
0.348958015442  3535968
0.352020025253  3533685
0.353936910629  3525998
0.359302997589  3523321
0.360725879669  3519885
0.363838911057  3491752
0.364867925644  3483480
0.365000009537  3483411
0.365130901337  3482722
0.366153001785  3481155
0.370660066605  3471397
0.37321305275  3468235
0.376299858093  3466485
0.380831956863  3465292
0.381092071533  3462405
0.382246017456  3460758
0.383270025253  3457413
0.385197877884  3456527
0.386234045029  3456238
0.387902021408  3454072
0.39232301712  3452709
0.392593860626  3452155
0.395642995834  3444163
0.395778894424  3443098
0.399435997009  3442782
0.401636838913  3432229
0.406565904617  3430217
0.407474994659  3426052
0.408499002457  3425907
0.408884048462  3422935
0.409014940262  3416655
0.410313844681  3412137
0.411985874176  3411908
0.419623851776  3411419
0.420672893524  3411165
0.422733068466  3409399
0.423886060715  3407826
0.425168991089  3407492
0.429404973984  3402580
0.433255910873  3397912
0.435431957245  3395785
0.438766002655  3394070
0.444326877594  3393763
0.446888923645  3391338
0.454359054565  3389736
0.458468914032  3387752
0.459501028061  3387537
0.461462020874  3386808
0.4666929245  3386284
0.467602968216  3343086
0.469284057617  3340293
0.472462892532  3337334
0.480918884277  3318013
0.48143696785  3317473
0.48246383667  3312859
0.486304044724  3311826
0.49259185791  3309337
0.502418994904  3301846
0.503700017929  3294016
0.506027936935  3291620
0.515305042267  3287181
0.516597032547  3283817
0.51992893219  3235576
0.524257898331  3233471
0.53115105629  3223755
0.531937837601  3199446
0.533239841461  3197560
0.535330057144  3188585
0.537029027939  3186066
0.539036035538  3185437
0.54244685173  3180897
0.543362855911  3174683
0.545174837112  3172515
0.545696973801  3170972
0.551822900772  3170539
0.553259849548  3168202
0.557376861572  3165993
0.561347007751  3162764
0.565355062485  3121440
0.56587100029  3111100
0.566772937775  3108534
0.566905021667  3108079
0.568830013275  3092750
0.569733858109  3092675
0.57181596756  3091903
0.582615852356  3090730
0.582749843597  3088297
0.583786010742  3088056
0.585983037949  3084669
0.588463068008  3084647
0.588595867157  3062384
0.592722892761  3057749
0.592855930328  3024068
0.594790935516  3017459
0.5960688591  3015882
0.600023031235  3012282
0.600789070129  2997094
0.601557016373  2994959
0.61061000824  2994661
0.612942934036  2992897
0.618973016739  2992615
0.620159864426  2992130
0.627928972244  2984093
0.628520011902  2981674
0.630795001984  2981374
0.63272190094  2948451
0.634249925613  2946891
0.634634971619  2946222
0.636293888092  2944972
0.641438961029  2936591
0.643002033234  2916717
0.645446062088  2902227
0.64660692215  2897150
0.64840388298  2896890
0.651967048645  2892589
0.654907941818  2892371
0.658221006393  2891691
0.658732891083  2890466
0.658864021301  2889756
0.660897016525  2888961
0.661030054092  2887916
0.662313938141  2886672
0.663594007492  2886447
0.666663885117  2885203
0.6743080616  2879672
0.674699068069  2879385
0.679080963135  2876751
0.679425001144  2871655
0.685278892517  2861499
0.68972492218  2860490
0.698715925217  2860104
0.699612855911  2847167
0.70579791069  2841059
0.707509994507  2840138
0.710973024368  2840125
0.711488008499  2831688
0.726994991302  2830651
0.731860876083  2829536
0.731993913651  2820015
0.7356569767  2817882
0.752126932144  2816727
0.756300926208  2812890
0.766120910645  2812528
0.773861885071  2812240
0.777678966522  2808407
0.785667896271  2806684
0.787234067917  2805408
0.789553880692  2803940
0.791216850281  2802682
0.794554948807  2802542
0.796719074249  2780903
0.807635068893  2779373
0.811043977737  2775012
0.813376903534  2772313
0.814277887344  2771907
0.814924001694  2768999
0.817333936691  2741481
0.828826904297  2734473
0.82946896553  2733492
0.829727888107  2731551
0.830870866776  2730103
0.838214874268  2726542
0.850300073624  2725925
0.858819961548  2723851
0.867266893387  2723408
0.877065896988  2719854
0.877575874329  2717141
0.877833843231  2711317
0.879232883453  2708408
0.880764007568  2703300
0.884567975998  2697658
0.885616064072  2697286
0.885750055313  2696604
0.887578964233  2686701
0.895360946655  2684552
0.90038394928  2684371
0.901654958725  2683636
0.906421899796  2682146
0.906555891037  2654246
0.910197019577  2653996
0.92022895813  2638345
0.923152923584  2635734
0.923810005188  2635323
0.93007683754  2635238
0.932059049606  2633763
0.932195901871  2633122
0.93633890152  2625987
0.936601877213  2624825
0.946672916412  2620057
0.947835922241  2619905
0.953863859177  2618668
0.956972837448  2617178
0.962872982025  2613146
0.970206022263  2606091
0.972132921219  2599016
0.97455906868  2596580
0.980587005615  2561540
0.982269048691  2561497
0.988389015198  2555240
0.990855932236  2554728
0.994953870773  2553495
0.996230840683  2550422
0.997130870819  2550353
0.99841594696  2548731
1.00398302078  2540017
1.00528883934  2537571
1.00658988953  2536649
1.02271485329  2535733
1.02349305153  2528927
1.03559803963  2528432
1.03839898109  2526050
1.04227185249  2522578
1.04278898239  2494817
1.0435590744  2489185
1.04546999931  2458723
1.05149793625  2457402
1.05353999138  2450656
1.05532598495  2450469
1.05852603912  2450462
1.06021595001  2450356
1.06123805046  2418919
1.08689403534  2414894
1.09645605087  2411497
1.09956884384  2411315
1.11256504059  2408364
1.12057089806  2406576
1.1307990551  2406415
1.13545703888  2403781
1.15093684196  2403180
1.15300703049  2394274
1.15768098831  2391497
1.15947389603  2390976
1.16608190536  2369784
1.17634701729  2365079
1.18290686607  2364099
1.18791890144  2363101
1.18805289268  2362893
1.19078683853  2360977
1.20210194588  2347243
1.22782993317  2343754
1.23554491997  2343685
1.23944306374  2331725
1.2537150383  2305438
1.25743794441  2291020
1.25798106194  2269094
1.25971293449  2268994
1.27434802055  2268562
1.28572797775  2268272
1.29649400711  2260258
1.2986240387  2250385
1.30223798752  2244222
1.30905604362  2243909
1.31193804741  2240675
1.31245684624  2237513
1.31646895409  2235786
1.32234287262  2229108
1.32679104805  2229067
1.32936191559  2205494
1.33832406998  2203288
1.34646201134  2202418
1.35786104202  2201181
1.36190295219  2200847
1.36280488968  2200588
1.36822891235  2200301
1.36940002441  2200274
1.3723950386  2200200
1.38128685951  2199805
1.39219689369  2195347
1.39374899864  2194694
1.41079807281  2190393
1.43833184242  2189563
1.4477250576  2182839
1.45089101791  2182290
1.45882201195  2182281
1.47311496735  2181774
1.47599387169  2174053
1.48580288887  2174047
1.49310088158  2172456
1.51375198364  2171521
1.52126502991  2169755
1.5408308506  2164126
1.5437848568  2163182
1.55543899536  2161872
1.56125092506  2159621
1.56386590004  2153168
1.56713104248  2149808
1.57929587364  2149329
1.58742189407  2147265
1.58871293068  2144780
1.58884501457  2144275
1.59423804283  2141655
1.59641695023  2121509
1.60021400452  2121426
1.60697889328  2121119
1.60898995399  2121021
1.61704802513  2120443
1.62125492096  2119034
1.62871003151  2117617
1.64024186134  2111226
1.648239851  2109478
1.68835186958  2109299
1.69376397133  2108754
1.69561886787  2108335
1.72825598717  2106296
1.75782084465  2105096
1.80191802979  2104735
1.80441188812  2104602
1.80702495575  2104022
1.83981895447  2101020
1.84575200081  2100920
1.85501098633  2089323
1.87817001343  2088110
1.88670492172  2087216
1.89430999756  2086446
1.91297006607  2083884
1.91531896591  2081613
1.91995286942  2081406
1.92097401619  2081323
1.93574404716  2079290
1.93719100952  2078558
1.94197702408  2074766
1.95060801506  2072605
1.95767092705  2072354
1.98237895966  2066956
1.99916887283  2066024
2.00379705429  2065007
2.00572395325  2065002
2.02126383781  2064409
2.0654399395  2057474
2.07975888252  2056570
2.08559393883  2054240
2.12509989738  2051137
2.1355240345  2050863
2.13808107376  2050208
2.13995790482  2049412
2.16172504425  2049322
2.16272997856  2049239
2.18028688431  2048613
2.20361685753  2045533
2.21323299408  2045139
2.21796703339  2041990
2.2197060585  2041888
2.2208969593  2040961
2.22726297379  2040181
2.24700903893  2036986
2.24882507324  2035053
2.25727391243  2032621
2.26102495193  2028222
2.2660009861  2027884
2.27994203568  2026739
2.28570890427  2022094
2.28609585762  2020586
2.29127788544  2019936
2.29242706299  2019815
2.31413984299  2018799
2.32760906219  2018180
2.34136605263  2017916
2.35295891762  2017669
2.36603593826  2017219
2.36844801903  2016158
2.37606906891  2016047
2.39708185196  2012812
2.40552186966  2012723
2.41034793854  2011818
2.43504190445  2009931
2.43827199936  2006782
2.44599103928  2005808
2.44734406471  2004550
2.45845103264  2003269
2.46152091026  2003041
2.46713399887  2001902
2.4859828949  2001789
2.49346184731  2001696
2.49672198296  2000557
2.50006484985  1999441
2.50095891953  1998069
2.51428890228  1997943
2.53094005585  1996719
2.55068898201  1996331
2.55672097206  1986648
2.567497015  1986282
2.56908798218  1986204
2.58226203918  1984572
2.59188890457  1983796
2.60233688354  1983268
2.61203503609  1982985
2.61830997467  1975261
2.65688991547  1974421
2.67747402191  1973435
2.68789196014  1972851
2.71879386902  1972122
2.73745703697  1971660
2.74260807037  1967407
2.76577591896  1966802
2.775192976  1966739
2.8183400631  1965262
2.83359694481  1960096
2.89557600021  1959518
2.90675806999  1959437
2.9137969017  1959275
2.92128396034  1958112
2.93465089798  1958067
2.94966197014  1957673
2.95905089378  1957541
2.96568202972  1957421
2.97052192688  1956682
2.98227787018  1956545
2.98721003532  1954910
3.0243499279  1954005
3.02829194069  1952864
3.06196093559  1952184
7.04572296143  1950508
7.05635094643  1948568
7.06805801392  1946269
7.07732105255  1945602
7.09476590157  1945502
7.09821891785  1945293
7.0983569622  1940388
7.13828992844  1939812
7.14380288124  1937136
7.1697268486  1935559
7.177120924  1934619
7.19064903259  1934565
7.19746899605  1934518
7.21508383751  1934445
7.22674202919  1934073
7.22978186607  1930738
7.24890589714  1930058
7.27134394646  1929437
7.28652787209  1927074
7.29854106903  1926720
7.32229685783  1922533
7.33721804619  1920068
7.33762407303  1920038
7.33857297897  1900271
7.35678792  1900224
7.36860489845  1900013
7.38618588448  1899772
7.41611003876  1898453
7.44284200668  1886774
7.50429296494  1886488
7.55329489708  1884808
7.57133793831  1883684
7.60790085793  1882969
7.66736292839  1881963
7.69702196121  1881650
7.70894503593  1881639
7.71517896652  1881579
7.74934196472  1880920
7.75526785851  1880880
7.79677987099  1867758
7.81362295151  1867586
7.85330104828  1867458
7.87393188477  1866770
7.89653086662  1866226
7.95599889755  1864413
7.9847650528  1863991
7.98848104477  1863683
7.99374389648  1863200
8.0151040554  1863180
8.02778196335  1862147
8.05216598511  1861592
8.05894303322  1860206
8.0787858963  1859167
8.10931491852  1859069
8.11245203018  1857814
8.1325609684  1854994
8.141466856  1854433
8.14453697205  1853746
8.1456849575  1852898
8.168653965  1851370
8.19147992134  1850982
8.24051094055  1848909
8.25285100937  1848351
8.31287002563  1848044
8.36401486397  1847113
8.42142486572  1845908
8.43662786484  1842199
8.48243904114  1841845
8.50404691696  1841347
8.51513290405  1841281
8.54541897774  1841072
25.4130189419  1837011
25.4290239811  1833944
25.4354178905  1832489
25.451333046  1831644
25.4545879364  1831365
25.4841630459  1831320
25.5025558472  1830890
25.5098688602  1828728
25.5145130157  1828666
25.5324299335  1824742
25.5374128819  1823571
25.5497360229  1819518
25.557404995  1819052
25.583065033  1816107
28.3565199375  1800943
28.3613288403  1800094
28.3903079033  1799472
28.3917398453  1799397
28.418241024  1798231
28.4233388901  1796680
28.4237289429  1795870
28.4300038815  1795265
28.4373009205  1794545
28.4443778992  1794412
28.4545140266  1793427
28.4765789509  1791806
28.5131468773  1790712
28.5188548565  1790272
28.5191140175  1789410
28.5225150585  1781505
28.5299458504  1780723
28.5463399887  1779134
28.5585520267  1778418
28.5812089443  1777374
28.6218209267  1776995
28.6714420319  1776906
28.6717200279  1776737
28.7323849201  1776388
28.7650680542  1775336
28.7738859653  1774802
28.7831318378  1774222
28.8065228462  1773609
28.8108649254  1772687
28.8562748432  1772486
28.8740170002  1771517
28.8909330368  1771147
28.8935480118  1770637
28.952475071  1770043
28.9608309269  1770020
28.965597868  1769714
28.9830229282  1768594
29.0411958694  1768078
29.0575940609  1767975
29.0838599205  1766563
29.0872519016  1766292
29.0894930363  1766223
29.1287720203  1765990
29.1402249336  1765742
29.1403610706  1765107
29.1667559147  1764874
29.1717460155  1764548
