0.0402801036835  6597682
0.0407440662384  6584576
0.0412230491638  6569035
0.0417861938477  6564329
0.0425970554352  6549266
0.0427420139313  6548598
0.0429701805115  6541368
0.0441110134125  6536438
0.0444221496582  6536422
0.0445680618286  6516363
0.045047044754  6514651
0.0453569889069  6502416
0.0455031394958  6474914
0.046147108078  6462211
0.0462920665741  6461246
0.0474321842194  6459372
0.0488231182098  6457689
0.0493001937866  6451727
0.049446105957  6450432
0.0507462024689  6449578
0.0517380237579  6445947
0.0535230636597  6445536
0.0541892051697  6444027
0.0543370246887  6443909
0.0561261177063  6440780
0.0580961704254  6439509
0.0582430362701  6436823
0.0600500106812  6431815
0.0622720718384  6431442
0.0624179840088  6423151
0.0628931522369  6422839
0.065113067627  6420743
0.0686781406403  6417856
0.0688230991364  6410610
0.0693871974945  6407735
0.0695321559906  6403657
0.0702991485596  6385785
0.0705552101135  6385166
0.0709221363068  6360431
0.0719361305237  6358291
0.0721662044525  6353272
0.0733110904694  6336510
0.0735402107239  6332499
0.0739340782166  6313877
0.0740790367126  6306244
0.0764780044556  6302389
0.0776209831238  6301446
0.0813720226288  6299902
0.0816850662231  6289944
0.0818300247192  6285494
0.0858240127563  6285272
0.085969209671  6268261
0.0861971378326  6268242
0.0863420963287  6265280
0.0866529941559  6257039
0.0906569957733  6256706
0.0947301387787  6253859
0.096009016037  6253682
0.0961811542511  6253249
0.096451997757  6252859
0.0977680683136  6248748
0.102078199387  6247686
0.102225065231  6245169
0.106605052948  6243306
0.106758117676  6243263
0.106988191605  6241938
0.11150598526  6241269
0.111653089523  6241118
0.111882209778  6238005
0.116482019424  6236100
0.116629123688  6233736
0.121757984161  6232819
0.121908187866  6193783
0.127885103226  6192233
0.128033161163  6177537
0.128931045532  6177007
0.129577159882  6173670
0.130057096481  6118983
0.130202054977  6100874
0.130844116211  6098536
0.131908178329  6091603
0.132136106491  6080121
0.133284091949  6078275
0.13343000412  6076140
0.134658098221  6074106
0.134804010391  6063627
0.136118173599  6063288
0.142415046692  6061596
0.142561197281  6044850
0.144629001617  6041127
0.144858121872  6039675
0.145339012146  6029813
0.14553809166  6029790
0.145790100098  6029326
0.146104097366  6027215
0.147828102112  6022560
0.154975175858  6021351
0.161992073059  6020317
0.170449018478  6018979
0.170595169067  6004051
0.17098903656  5981538
0.171135187149  5978070
0.172080039978  5977072
0.173760175705  5976080
0.1741771698  5973846
0.174354076385  5971932
0.174602031708  5967764
0.175343990326  5963224
0.177358150482  5962897
0.17800116539  5945761
0.17814707756  5945012
0.187036991119  5942232
0.187201023102  5942220
0.187447071075  5936919
0.196552038193  5935857
0.196703195572  5930803
0.206441164017  5927987
0.206588983536  5927402
0.20681810379  5922012
0.207298994064  5914170
0.207527160645  5894712
0.207947015762  5884595
0.208517074585  5853141
0.208662986755  5851137
0.209722042084  5845555
0.209868192673  5809818
0.220152139664  5808477
0.220305204391  5808439
0.220534086227  5799198
0.23045706749  5797371
0.23060297966  5747599
0.241792201996  5746203
0.241957187653  5737702
0.242772102356  5735498
0.242918014526  5734570
0.24348115921  5697688
0.244626998901  5694268
0.255966186523  5691415
0.25611615181  5691235
0.267361164093  5690171
0.267508029938  5682545
0.278990030289  5679782
0.279141187668  5679767
0.291344165802  5678670
0.303995132446  5678503
0.304313182831  5678120
0.304696083069  5676487
0.31835103035  5676429
0.318503141403  5665006
0.318732023239  5664180
0.319045066833  5664037
0.319444179535  5654717
0.331993103027  5654347
0.344861030579  5653006
0.345346212387  5652713
0.358576059341  5652243
0.359487056732  5652073
0.359974145889  5651892
0.373620986938  5651145
0.387830018997  5650762
0.388144016266  5630527
0.388873100281  5627704
0.389768123627  5627418
0.390080213547  5576394
0.390226125717  5573061
0.391625165939  5572941
0.39210319519  5572796
0.406618118286  5572680
0.422950983047  5572264
0.424367189407  5572223
0.424553155899  5571939
0.425198078156  5571699
0.426348209381  5570046
0.426494121552  5568481
0.426723003387  5561320
0.42803812027  5557919
0.443417072296  5556967
0.460057020187  5556845
0.460204124451  5550985
0.460432052612  5542057
0.460576057434  5534249
0.46088719368  5528155
0.461361169815  5504441
0.462251186371  5502011
0.462479114532  5470642
0.463700056076  5461914
0.463927984238  5451217
0.4643201828  5440518
0.468221187592  5438021
0.468366146088  5436389
0.468675136566  5435554
0.468820095062  5432378
0.469793081284  5429851
0.47043299675  5425953
0.471157073975  5376597
0.471302032471  5335369
0.472357034683  5335075
0.476258039474  5332857
0.48382806778  5331211
0.484055995941  5330826
0.484366178513  5326892
0.487882137299  5326790
0.488177061081  5326310
0.504799127579  5326181
0.505202054977  5266702
0.505679130554  5262842
0.50582408905  5258116
0.506383180618  5245487
0.507024049759  5245483
0.507415056229  5237666
0.508139133453  5236887
0.524840116501  5235870
0.54154920578  5235513
0.559982061386  5234993
0.560132980347  5187860
0.560363054276  5182922
0.560842990875  5176977
0.561403989792  5176975
0.562383174896  5175893
0.564652204514  5172291
0.565630197525  5169485
0.565775156021  5168632
0.5660841465  5168179
0.566229104996  5167292
0.56662106514  5134327
0.567844152451  5130427
0.585645198822  5130172
0.603610038757  5130097
0.603757143021  5128939
0.605908155441  5120490
0.607886075974  5119211
0.610139131546  5118538
0.610310077667  5102645
0.623922109604  5101702
0.630433082581  5100922
0.649031162262  5099281
0.649432182312  5098332
0.668078184128  5098033
0.668236017227  5097592
0.686806201935  5096778
0.686957120895  5096700
0.687186002731  5092546
0.706720113754  5092427
0.707038164139  5089235
0.707185029984  5085426
0.70757818222  5068046
0.707724094391  5068007
0.707952022552  5066699
0.70851111412  5062628
0.708656072617  5024721
0.709218025208  5014261
0.712118148804  5013650
0.714343070984  5009262
0.714488983154  5008665
0.734158039093  5007185
0.754216194153  5007167
0.754535198212  4993038
0.775178194046  4989631
0.795592069626  4988339
0.816428184509  4988329
0.816576004028  4988184
0.857310056686  4986450
0.898621082306  4986398
0.959735155106  4986252
1.03167414665  4985363
1.10260009766  4985328
1.1647310257  4978861
1.22626113892  4977863
1.24740314484  4977781
1.30953907967  4969407
1.30977702141  4969360
1.37369203568  4967689
1.37392997742  4967471
1.3942990303  4967426
1.45526313782  4960685
1.51706409454  4954874
1.51730203629  4954838
1.5174510479  4954736
1.57807898521  4951869
1.57831501961  4951834
1.64272212982  4951259
1.64295816422  4951149
1.70368218422  4945222
1.7689640522  4943500
1.76920413971  4943271
1.78981804848  4943207
1.8503921032  4942131
1.91093420982  4923913
1.97133207321  4919570
2.03717207909  4919374
2.03747606277  4919354
2.03769302368  4919252
2.10388207436  4916928
2.17328119278  4907389
2.24844717979  4906627
2.32488703728  4904662
2.32512617111  4904577
2.38611912727  4904361
2.3863530159  4904315
2.44799518585  4901803
2.51061820984  4900868
2.51085519791  4900833
2.57810616493  4900694
2.57834410667  4900638
2.63866019249  4900629
2.69935297966  4899354
2.76487898827  4896797
2.76511502266  4896688
2.83342504501  4895752
2.83366203308  4895634
2.89452219009  4893229
2.95700502396  4887442
3.01740098  4886922
3.09042215347  4885969
3.15392613411  4885015
3.21745300293  4878311
3.21772909164  4878067
3.23913311958  4877871
3.30194401741  4875379
3.38076806068  4875236
3.46811008453  4874622
3.57288503647  4869963
3.67474198341  4861338
3.77539515495  4860089
3.89641809464  4852985
4.02882504463  4852745
4.16274499893  4851783
4.28421616554  4851081
4.40479707718  4850611
4.52778315544  4849550
4.64977002144  4849177
4.77204704285  4838165
4.89442801476  4837774
5.01628398895  4834661
5.15136814117  4832715
5.27396202087  4824163
5.3948969841  4821994
5.39538407326  4821681
5.41508197784  4821385
5.41522908211  4807886
5.43536901474  4805318
5.45588898659  4804694
5.47687005997  4800981
5.49807500839  4799574
5.5389020443  4794008
5.57996416092  4790103
5.62375617027  4789684
5.66659402847  4788373
5.74959802628  4786152
5.85116219521  4783991
5.95432710648  4783825
6.05468702316  4783589
6.15573000908  4778116
6.25646710396  4777369
6.35699105263  4774643
6.45820713043  4774032
6.5612142086  4774018
6.66148519516  4773935
6.76205015182  4772862
6.86260819435  4769863
6.96382904053  4767483
7.06674003601  4766336
7.16859316826  4759906
7.26877498627  4759246
7.36874103546  4758340
7.47388005257  4758314
7.57663798332  4754881
7.67804598808  4753714
7.77973103523  4753612
7.88072800636  4753526
7.98338103294  4752572
8.08712100983  4749499
8.18702316284  4749073
8.29449105263  4748047
8.39652919769  4746418
8.49799919128  4745897
8.59826803207  4745706
8.71824812889  4743925
8.77934408188  4743914
8.87961006165  4737385
8.93993711472  4736782
9.04491114616  4736679
9.15078210831  4736114
9.26390504837  4735805
9.3969540596  4735768
9.51768898964  4731997
9.64961218834  4731941
9.76966309547  4728532
9.89047908783  4728247
10.0691440105  4723588
10.2486851215  4721589
10.349378109  4721132
10.4517731667  4721110
10.5518400669  4720927
10.6721591949  4720925
10.8358471394  4719638
10.9999251366  4718579
11.1590430737  4715813
11.3289551735  4715629
11.4892091751  4715570
11.6503410339  4712834
11.8157579899  4712335
11.981303215  4712088
12.1408801079  4711423
12.3109660149  4710899
12.4839351177  4710846
12.6440880299  4710007
12.8037610054  4705305
12.9651930332  4705171
13.1250221729  4705164
13.2865021229  4703999
13.4612240791  4703940
13.6409211159  4703304
13.8204331398  4699423
13.8211669922  4699382
13.8215601444  4699066
13.8221180439  4699040
13.8227581978  4698983
13.8234801292  4698930
13.9201881886  4698537
13.9362151623  4698279
13.9365291595  4697952
13.936923027  4692608
13.9370679855  4686812
13.9376251698  4674260
13.941614151  4671041
13.94968009  4670252
13.9501562119  4660771
13.9503011703  4659478
13.9666650295  4659351
13.9829220772  4658327
14.0193781853  4657393
14.116571188  4657254
14.2130300999  4656340
14.3094241619  4655996
14.3897490501  4655298
14.4870741367  4655032
14.5836780071  4654682
14.684689045  4653213
14.7860321999  4648645
14.887553215  4647444
14.9877991676  4636882
15.093236208  4631737
15.1961700916  4624402
15.2966890335  4616030
15.4385101795  4613862
15.5890290737  4612411
15.7428040504  4610085
15.8820941448  4609469
16.0230112076  4578320
16.1629700661  4575230
16.3032040596  4574556
16.4445900917  4546268
16.5841681957  4545170
16.7246830463  4544724
16.8646709919  4543979
17.0090382099  4542916
17.1532661915  4541755
17.2927811146  4541114
17.4321169853  4539574
17.5767049789  4538864
17.7183270454  4537231
17.8586611748  4537054
18.0019490719  4535977
18.1456651688  4535763
18.2954280376  4535468
18.4353141785  4535320
18.5747871399  4534357
18.7144880295  4533856
18.8616170883  4533690
19.000729084  4532772
19.0816040039  4532608
19.1657781601  4532517
19.2509961128  4532513
19.3361320496  4532045
19.4164061546  4530593
19.5011901855  4529038
19.5890741348  4527945
19.6766881943  4527768
19.7647430897  4527746
19.8459880352  4527509
19.9423701763  4527038
20.1016190052  4523945
20.2645890713  4523139
20.4241821766  4521088
20.604596138  4517501
20.7915220261  4517213
20.9775981903  4516203
21.1782011986  4516187
21.3764030933  4514810
21.5762350559  4513998
21.7819972038  4513358
22.0070881844  4512850
22.2445352077  4512795
22.4823319912  4511921
22.7194831371  4510703
22.9570870399  4510309
23.1945061684  4509989
23.433945179  4508279
23.6834981441  4507527
23.8494720459  4506843
24.0677051544  4489768
24.2267501354  4487358
24.4439821243  4482723
24.6705892086  4479745
24.8975710869  4476169
25.1344220638  4476168
25.3717820644  4470079
25.6181960106  4469114
25.8383390903  4468957
26.0969040394  4468404
26.2778670788  4468156
26.5008881092  4467731
26.791462183  4467477
27.0734801292  4389357
27.3990361691  4388825
27.6822681427  4388203
27.9627170563  4388093
28.2504811287  4387862
28.5511200428  4296784
28.8967959881  4293829
29.2097320557  4290319
29.5084500313  4267977
29.8062150478  4265258
30.1010961533  4265203
30.3934721947  4260277
30.6880180836  4259371
30.9820141792  4257649
31.2765250206  4256434
31.569822073  4255750
31.8629670143  4254152
32.160695076  4254019
32.4544591904  4254014
32.7546989918  4252555
33.0491740704  4199199
33.2086181641  4199153
33.3679931164  4198348
33.5279071331  4198268
33.7076501846  4196405
33.9241981506  4196371
34.1584370136  4196306
34.3759710789  4195989
34.5953731537  4195428
34.8279960155  4194432
35.0452041626  4194429
35.3008980751  4166608
35.518663168  4166210
35.773840189  4165752
35.9909381866  4165545
36.2472250462  4156058
36.4258830547  4155682
36.6058499813  4155077
36.8242850304  4154845
37.0803132057  4154838
37.3364121914  4143955
37.5919141769  4141978
37.673607111  4141936
37.7540180683  4141850
37.8345940113  4141407
38.0955660343  4138067
38.1167030334  4138043
38.1374762058  4137732
38.3502440453  4137399
38.3662919998  4137199
38.3832461834  4135340
38.3834819794  4135314
38.3837931156  4135257
38.3841869831  4134601
38.4046690464  4134127
38.4451560974  4133356
38.5051500797  4133272
38.7979722023  4132831
39.1318421364  4131843
39.2327451706  4131165
39.2925519943  4130352
39.3927981853  4130321
39.6317920685  4128543
39.9253630638  4128105
40.2571930885  4124364
40.6291871071  4033570
40.9971401691  4033400
41.3668441772  4032964
41.7360241413  4032623
42.1442689896  4031760
42.5478610992  4031149
43.0022461414  4030869
43.4485611916  4029835
43.8183321953  4029219
44.186560154  4029174
44.6350409985  3950372
45.0548110008  3950285
45.437002182  3950119
45.8317391872  3949950
46.2899250984  3947908
46.65558815  3947905
47.1112031937  3943968
47.1131100655  3943900
47.1135041714  3942592
47.1144781113  3942123
47.1160361767  3941807
47.1177601814  3941781
47.119904995  3941724
47.2927680016  3939848
47.2994370461  3939575
47.2995901108  3937991
47.2998211384  3936659
47.300383091  3935282
47.3198161125  3934240
47.3328630924  3934078
47.3658661842  3933604
47.3992140293  3932722
47.4218771458  3932529
47.4425830841  3932063
47.4869561195  3931504
47.5533251762  3931200
47.614303112  3931145
47.6976211071  3929709
47.8595061302  3929110
48.3036501408  3928641
48.7473630905  3924016
49.1152360439  3923400
49.4829781055  3923355
49.9321491718  3841602
50.0356171131  3841399
50.1386971474  3841060
50.3185510635  3840443
50.4962141514  3839867
50.6826181412  3838118
50.9646141529  3838096
51.2068841457  3838059
51.4042019844  3837058
51.5828261375  3836837
51.8195521832  3835359
52.0659561157  3835284
52.3124361038  3835215
52.5776031017  3834712
52.8792290688  3833737
53.1837050915  3832707
53.4798910618  3830153
53.7755320072  3829401
54.1275801659  3829340
54.4798531532  3825180
54.8330609798  3823700
55.1952590942  3823454
55.5460650921  3822300
55.8983051777  3820507
56.2479321957  3818346
56.6091442108  3815258
56.923156023  3815214
57.2718060017  3814877
57.6309142113  3813460
57.9445040226  3813268
58.3147521019  3813081
58.6893720627  3812390
59.0194621086  3812183
59.3598840237  3812132
59.7020890713  3811327
60.052683115  3811167
60.4144151211  3810632
60.7650790215  3809623
61.1175692081  3765309
61.4677371979  3759902
61.8215811253  3757630
62.1803531647  3757325
62.5313980579  3756488
62.8886930943  3754106
63.2497260571  3753948
63.5998520851  3753218
63.9493370056  3753027
64.2986559868  3752534
64.6498980522  3752416
65.0000941753  3750933
65.368489027  3750482
65.7556481361  3749544
66.1248180866  3746629
66.4966170788  3744027
66.8667662144  3743594
66.8683421612  3743489
66.8876860142  3742923
66.9047541618  3742751
66.9218111038  3741757
66.9659230709  3735686
67.0113921165  3734729
67.0572321415  3731779
67.108148098  3730257
67.1690120697  3728924
67.2299771309  3728792
67.2897751331  3728155
67.3512830734  3727149
67.4132091999  3724148
67.4766471386  3714209
67.554308176  3713777
67.5717020035  3711425
67.5891962051  3711066
67.7676231861  3710661
67.9460921288  3691298
68.1327140331  3690701
68.3312990665  3683449
68.4901561737  3682455
68.6559422016  3682452
68.8222951889  3681683
69.0054001808  3681335
69.2019321918  3681290
69.3931510448  3676076
69.5724132061  3675528
69.7522690296  3672658
69.9318931103  3671681
70.1116390228  3671661
70.2906050682  3670048
70.470028162  3669959
70.6510541439  3664045
70.8306760788  3650118
70.9306881428  3649578
71.0306479931  3649424
71.1307661533  3648626
71.3287169933  3647492
71.5264670849  3644817
71.7255971432  3643995
71.9234051704  3630114
72.1223351955  3630088
72.3200991154  3614809
72.4399950504  3613236
72.5205831528  3613225
72.5810871124  3613221
72.6212861538  3613203
72.8203930855  3610951
73.0587670803  3610259
73.2583391666  3610083
73.4960541725  3593576
73.694217205  3592979
73.9515471458  3592564
74.2074220181  3587685
74.4635031223  3581703
74.7218132019  3567812
74.9787540436  3562384
75.2343230247  3560979
75.4910490513  3560335
75.7580740452  3559465
76.0327501297  3559234
76.3286590576  3554031
76.6414101124  3546898
76.9167711735  3545650
77.2297811508  3543559
77.4870071411  3543045
77.7623410225  3542850
78.0176041126  3542663
78.3360650539  3523529
78.611741066  3523269
78.9241600037  3519257
79.2384681702  3513777
79.5523350239  3510581
79.8657782078  3506533
80.1790599823  3491294
80.492609024  3488201
80.8056881428  3482945
81.1178162098  3479644
81.4306180477  3473522
81.7595341206  3469163
82.0708770752  3466385
82.3858292103  3465956
82.4470181465  3465288
82.4485020638  3465241
82.4496581554  3465009
82.4509620667  3464955
82.5729050636  3463962
82.6734530926  3463506
82.7740161419  3462520
82.9147830009  3462284
83.2274451256  3424950
83.539481163  3341912
83.5408010483  3341806
83.8536779881  3325331
83.8549971581  3325289
84.1671040058  3319704
84.4790821075  3318236
84.4803960323  3317895
84.7928881645  3296550
85.1060740948  3295263
85.4194090366  3294495
85.7341470718  3278489
86.0487120152  3275482
86.05006814  3275448
86.1116662025  3275283
86.4257030487  3274762
86.738394022  3273526
87.0521202087  3272406
87.3664832115  3270512
87.4278800488  3270450
87.4292039871  3270135
87.7421360016  3269678
88.057986021  3268861
88.0593521595  3268802
88.3713099957  3268640
88.6878650188  3268315
88.6891901493  3268121
89.0064330101  3267992
89.0078670979  3267849
89.3261370659  3265980
89.3274550438  3265839
89.7025082111  3265755
90.093763113  3264841
90.4617199898  3264786
90.8732972145  3264324
91.4209311008  3264127
91.9555771351  3261966
92.4168682098  3261866
92.9137330055  3261774
93.4440062046  3225788
93.9760570526  3225653
94.5094602108  3225586
95.0406911373  3221720
95.5740940571  3179949
96.0698120594  3179617
96.6073310375  3165020
97.1434831619  3162171
97.6408240795  3162089
98.1733491421  3111836
98.6692152023  3111785
99.2007601261  3108999
99.7328310013  3085785
100.264974117  3085279
100.760468006  3085205
101.290474176  3029903
101.78621912  3029571
102.317311049  3007726
102.854083061  3005047
103.31328702  3004976
103.790286064  3004925
104.322371006  3004541
104.801970005  3004390
105.300341129  3004371
105.841711998  3003648
106.372563124  3003582
106.910746098  3003260
107.444912195  3001059
107.944648981  3000748
108.479193211  3000572
109.01573801  2984873
109.018077135  2984306
109.037821054  2983729
109.054674149  2983181
109.074982166  2981148
109.095389128  2973671
109.115739107  2972204
109.138935089  2968133
109.159689188  2959299
109.181805134  2952328
109.202370167  2951199
109.225144148  2948165
109.245230198  2917780
109.275756121  2917564
109.296241999  2917392
109.316708088  2917365
109.339203119  2917345
109.359654188  2917204
109.380563021  2917157
109.419367075  2917147
109.419517994  2917095
109.43838501  2915749
109.456722021  2915492
109.732809067  2914744
109.969833136  2914741
110.301304102  2912656
110.652218103  2908703
111.021183014  2905598
111.391910076  2904750
111.759405136  2883955
111.919395208  2880959
112.078293085  2879997
112.197679996  2879970
112.454939127  2878976
112.787943125  2878302
113.154633999  2877697
113.524064064  2868450
113.911981106  2854535
114.300574064  2846944
114.687516212  2841458
115.075976133  2791305
115.137459993  2790811
115.139108181  2790761
115.140583992  2790529
115.142269135  2790496
115.263817072  2789412
115.364696026  2788956
115.465677023  2787970
115.605106115  2787363
115.745346069  2787127
116.133383989  2780288
116.408034086  2777960
116.645332098  2777745
116.92040205  2777716
117.327048063  2777336
117.735024214  2777254
118.144253016  2776744
118.552178144  2773809
118.712805033  2772044
118.854035139  2770410
118.994410992  2769641
119.25128603  2769218
119.429687023  2768971
119.549517155  2768596
119.669792175  2767373
119.888307095  2766674
120.090415001  2766355
120.401719093  2765228
120.732003212  2764397
121.139155149  2761705
121.54659605  2753263
121.951048136  2750202
122.367280006  2684168
122.773423195  2662220
123.181176186  2660207
123.588762999  2651133
123.999017  2650292
124.410750151  2647697
124.823844194  2647075
125.253954172  2635351
125.679272175  2634199
126.103092194  2624623
126.282709122  2622499
126.463057995  2621870
126.641396046  2621845
126.820168018  2621740
126.920340061  2621200
127.020345211  2621046
127.121155024  2620248
127.318970203  2620012
127.542371035  2618878
127.747604132  2616472
128.061372042  2613763
128.300467014  2613461
128.421488047  2612747
128.521829128  2612559
128.700083017  2612318
128.975525141  2611318
129.288174152  2609607
129.601402044  2609167
129.915477037  2608296
130.236078978  2605309
130.55490613  2592127
130.870471001  2552952
130.87178421  2552406
130.871931076  2552382
130.87224102  2550742
130.872716188  2550194
130.874022007  2550106
130.93493104  2549966
131.016976118  2549306
131.098160028  2549303
131.198489189  2549096
131.434617996  2548741
131.53512001  2548286
131.536104202  2547597
131.554846048  2547274
131.593399048  2546955
131.633226156  2546188
131.654736996  2545073
131.754973173  2544462
131.874680996  2543707
131.994668007  2542873
132.269681215  2542071
132.56585598  2541041
132.85890317  2540313
133.153450012  2540260
133.467171192  2539572
133.761908054  2539197
134.035858154  2538794
134.385862112  2538573
134.77199316  2537774
135.159502029  2536504
135.555548191  2535115
135.978490114  2534709
136.401426077  2534495
136.82924819  2532759
137.326958179  2496238
137.757242203  2494743
138.239440203  2494620
138.716394186  2493963
139.282508135  2493672
139.854600191  2478939
140.315446138  2478165
140.738380194  2477917
141.216777086  2477875
141.72907114  2477517
142.299498081  2477007
142.916251183  2463753
143.534996986  2463050
144.154829025  2462721
144.77228117  2461665
145.392598152  2413759
146.011861086  2411509
146.595166206  2411026
147.214951992  2395197
147.796689034  2394662
148.433623075  2360800
149.082473993  2347053
149.664695024  2345741
150.317588091  2344796
150.901118994  2342175
151.537459135  2268241
152.121782064  2265758
152.758190155  2255972
153.395065069  2238231
154.029814005  2234142
154.666032076  2204206
155.180413008  2204056
155.606440067  2202034
156.155066013  2201518
156.861246109  2198226
157.358209133  2195028
157.852447987  2193706
158.347603083  2193704
159.052700043  2189171
159.757034063  2131679
160.255204201  2130676
160.873193026  2124095
161.542999983  2120285
162.247855186  2083152
162.748016119  2081608
163.24300313  2080286
163.73832798  2080284
164.443806171  2076824
165.146610022  2028431
165.871657133  2026271
166.595482111  2023704
167.313258171  2023505
168.036728144  2013838
168.757148981  2013736
169.482748985  2013460
170.203056097  2013349
170.925934076  2005732
171.649703979  1991206
172.389018059  1983556
173.130192041  1982569
173.883648157  1975121
174.639386177  1974938
175.395388126  1969534
176.164535999  1967019
176.935569048  1966423
177.709511995  1964878
178.495350122  1963287
179.300831079  1930917
180.105648041  1929120
180.924980164  1929026
181.745396137  1922156
182.587067127  1910071
183.424359083  1906150
184.2765131  1905216
185.128808022  1883669
185.984475136  1880109
186.850028038  1870709
187.71619606  1848182
188.550163031  1847902
189.423069  1847767
190.259845018  1847729
191.12531209  1847693
191.993391037  1832162
192.861224174  1807158
193.697784185  1806605
194.601871014  1805965
195.498823166  1794183
196.413544178  1793994
197.327857018  1792885
198.241877079  1789240
199.154491186  1784072
200.068065166  1783281
201.044284105  1783109
202.017954111  1776778
202.996905088  1776602
203.971861124  1776574
205.054377079  1768533
206.147502184  1745860
207.245140076  1711862
207.799007177  1708798
208.29622817  1707407
209.255484104  1705103
210.21628809  1705082
211.176187992  1705081
212.135960102  1704493
213.111257076  1704071
214.104551077  1702805
215.21193099  1699524
216.31370306  1678226
217.409260035  1664751
218.52137804  1663545
219.616688013  1663116
220.725895166  1662271
221.817780018  1619682
222.910948038  1618659
224.014312983  1582253
225.123382092  1582093
226.234287024  1564925
227.356635094  1563749
228.482178211  1563336
229.606163025  1562781
230.733602047  1553704
231.854934216  1549054
232.975849152  1545713
234.130602121  1542821
235.294664145  1528966
236.463136196  1527784
237.587454081  1527264
238.713447094  1522310
239.837011099  1521233
240.9804461  1520436
242.124415159  1517078
243.26564908  1516381
244.404014111  1512528
245.544309139  1507300
246.68820405  1506396
247.827113152  1463091
248.980508089  1446605
250.131774187  1444560
251.281768084  1443640
252.430118084  1424874
253.579995155  1420607
254.732402086  1418262
255.858210087  1412012
257.037744999  1407990
258.217370987  1399095
259.396452188  1396117
260.574884176  1395149
261.754997015  1393991
262.944023132  1339311
264.124333143  1336319
265.321470022  1335467
266.531197071  1333287
267.740017176  1321755
268.946988106  1282526
270.157307148  1282035
271.458592176  1277839
272.759945154  1275260
274.154881001  1259268
275.546142101  1258710
276.945823193  1254163
278.346333981  1253001
279.740767002  1248128
281.133228064  1245112
282.532632113  1243882
283.93523407  1243165
285.328042984  1240510
286.729912996  1239674
288.129121065  1227427
289.52325201  1221182
290.920041084  1219030
292.328402996  1216285
293.733021021  1216247
295.135210037  1215836
296.542154074  1214456
297.937657118  1209363
299.336062193  1208344
300.725772142  1203999
302.117094994  1202553
303.510468006  1202400
304.90486598  1202221
306.297373056  1200429
307.695338011  1199291
309.085041046  1196572
310.484147072  1190277
311.6076231  1190059
312.557677984  1189078
312.664975166  1188476
312.724937201  1188458
312.824902058  1188437
312.885270119  1188435
312.985300064  1188429
313.045697212  1188418
313.146023989  1187562
313.250921011  1187242
313.311450005  1187177
313.417687178  1186883
313.478173018  1186799
313.617749214  1186715
313.759056091  1183091
313.995208979  1182560
314.235259056  1181207
314.45678401  1174768
314.673878193  1174176
315.005130053  1173071
316.091716051  1171759
317.460103035  1171648
318.858785152  1169563
320.261934042  1168158
320.563602209  1162647
320.666500092  1162537
320.726905107  1161745
320.962887049  1161589
321.255618095  1161068
321.491863012  1160803
321.878669024  1159281
322.339152098  1158450
322.872870207  1157430
323.407154083  1157395
323.937419176  1156958
324.506375074  1155536
325.10819912  1149530
325.707545996  1147431
326.239219189  1146463
326.768583059  1146067
327.333703995  1145296
327.936664104  1143491
328.539498091  1135739
329.069001198  1135227
329.598769188  1134790
330.164921045  1133254
330.771050215  1118032
331.389658213  1116706
331.994796991  1115090
332.604979992  1114012
333.212192059  1110094
333.82716918  1107961
334.452602148  1107498
335.069756031  1096391
335.696837187  1095792
336.317038059  1085196
336.944391012  1083889
337.570294142  1083595
338.190477133  1083220
338.817143202  1082943
339.443036079  1082524
340.061047077  1081665
340.680613041  1081492
341.308084011  1080969
341.93702507  1080148
342.599231005  1077679
343.309666157  1077338
344.015465021  1072776
344.723126173  1072447
345.432080984  1070928
346.143446207  1070243
346.854199171  1068919
347.563122988  1062747
348.276080132  1061896
348.850742102  1061533
349.437854052  1056120
350.023351192  1047714
350.606439114  1047053
351.193229198  1037751
351.778163195  1034770
352.346848011  1034698
352.920469999  1026641
353.55816412  1026064
354.191735983  1024044
354.829408169  1011507
355.466296196  1010982
356.103425026  1009638
356.747593164  996590
357.386401176  992312
358.031341076  989013
358.666000128  988270
359.303975105  986902
359.942054033  979045
360.580085039  978454
361.215931177  977180
361.857720137  975913
362.522237062  970731
363.178950071  970259
363.847910166  962100
364.521110058  960178
365.214210033  959613
365.908649206  958482
366.595350981  951434
367.284883022  949573
367.981455088  947321
368.673128128  945962
369.31557107  945721
369.988852978  943041
370.659243107  936280
371.332369089  933556
372.005053043  933344
372.674312115  931929
373.344024181  930249
374.014294147  925261
374.690652132  924530
375.368855  920368
376.064471006  919462
376.755910158  919150
377.465140104  916793
378.174543142  916420
378.883712053  915987
379.595561028  915742
380.303617001  913913
381.010801077  913578
381.716296196  913025
382.425877094  911901
383.138533115  910760
383.867811203  910447
384.587764025  909136
385.27562499  908714
386.017273188  906581
386.824120998  901346
387.675486088  900887
388.608977079  896434
389.537389994  896256
390.47578001  896229
391.404044151  895623
392.332810163  890945
393.297159195  890909
394.259330034  890688
395.224941015  890543
396.192722082  889992
397.160289049  889794
398.137104988  888930
399.101534128  887871
400.068184137  886860
401.032049179  886838
401.991964102  885798
402.953854084  885739
403.920922995  885696
404.904915094  884986
406.079078197  884919
407.247875214  884298
408.444464207  884267
409.66911006  883893
410.965531111  883727
412.250054121  883683
413.553930998  883514
414.842718124  883469
416.131921053  882996
417.47321701  882865
418.8159132  882538
420.027225018  882407
421.195115089  881748
422.516366005  881295
423.894077063  880082
425.343389988  880011
426.795849085  879027
428.262912035  878516
429.765406132  876237
431.309710979  876087
432.866567135  875349
434.401027203  874690
435.979039192  872997
437.566975117  871786
439.138777018  871055
440.791886091  867770
442.438225985  857177
444.085300207  842972
445.732066154  835711
447.379329205  799123
449.03790307  782626
450.697873116  775500
452.352888107  775003
453.965598106  773875
454.488069057  772027
454.844283104  771344
455.162167072  771109
455.622617006  770846
456.086960077  767006
456.546672106  766774
457.026259184  766649
457.510344028  766102
458.007584095  765473
458.520817041  764989
459.03471899  763914
460.348340988  763605
461.707329035  758254
463.067215204  757913
464.449561119  757566
466.196242094  756654
467.941740036  755928
469.691552162  755137
471.428366184  755078
473.166352987  754122
474.90579319  753118
476.643796206  752022
478.384250164  751072
480.127094984  748644
481.868904114  747227
483.612403154  746926
485.353605032  739661
487.089800119  739393
488.835919142  738371
490.599291086  736795
492.369474173  736107
494.174276114  735771
495.986467123  733908
497.791802168  712432
499.616943121  710449
501.457225084  710427
503.298721075  708926
505.155599117  708507
507.074293137  708121
509.005098104  707523
510.93753314  707465
513.201821089  707332
515.466920137  707324
515.583990097  707239
515.761110067  707100
518.046439171  707084
520.336328983  706986
522.622700214  706888
