0.0410549640656  7432725
0.0413529872894  7426624
0.0419120788574  7405422
0.0420570373535  7399541
0.0422010421753  7385169
0.0423450469971  7380746
0.0426309108734  7369548
0.0427749156952  7366638
0.0430610179901  7364399
0.0432040691376  7360904
0.0433490276337  7348022
0.0438749790192  7233320
0.0440030097961  7232187
0.0441300868988  7228590
0.0442569255829  7166248
0.0443840026855  7146311
0.0445129871368  7112105
0.0447659492493  7084075
0.0450170040131  7074725
0.0453910827637  7074116
0.0455188751221  7054786
0.0456480979919  7043854
0.0459048748016  7030971
0.0460319519043  7019382
0.046159029007  6978639
0.046875  6949788
0.047308921814  6894377
0.0475990772247  6890471
0.0477449893951  6885397
0.0478909015656  6802685
0.0483450889587  6744529
0.0484910011292  6731286
0.0486359596252  6696546
0.0489220619202  6679046
0.0492088794708  6659569
0.0494959354401  6654023
0.0496408939362  6615522
0.0499269962311  6612750
0.0503571033478  6606354
0.050500869751  6566449
0.0524408817291  6555986
0.0525729656219  6537125
0.0533258914948  6466923
0.0539519786835  6458647
0.0542070865631  6405645
0.0543971061707  6394324
0.0545449256897  6394066
0.0548059940338  6362506
0.0549359321594  6355009
0.055312871933  6268078
0.0564329624176  6247481
0.0565609931946  6239897
0.0566890239716  6239718
0.0568161010742  6202533
0.0574491024017  6201095
0.0575768947601  6197419
0.0579528808594  6185731
0.0580809116364  6179377
0.0584568977356  6172774
0.0587079524994  6137443
0.0590860843658  6137066
0.0593409538269  6105671
0.0594699382782  6099847
0.0595979690552  6093164
0.0597250461578  6067340
0.0602240562439  6058904
0.0607240200043  6048546
0.0618488788605  6026301
0.0624539852142  6023835
0.0626111030579  6017614
0.0640530586243  5983603
0.06463098526  5977636
0.0654470920563  5976683
0.0658249855042  5974562
0.0663280487061  5961124
0.0665810108185  5874179
0.0668320655823  5863138
0.0670840740204  5847416
0.0675859451294  5846239
0.067969083786  5840529
0.0690889358521  5795487
0.0695900917053  5790342
0.0709059238434  5786348
0.0711660385132  5757684
0.0722970962524  5757333
0.0726759433746  5746343
0.073301076889  5737154
0.0738019943237  5736358
0.0739290714264  5707452
0.0752100944519  5690829
0.0756199359894  5682170
0.0758879184723  5648167
0.0761549472809  5641203
0.0765550136566  5640948
0.0781760215759  5631886
0.0790989398956  5613415
0.0792500972748  5612719
0.079971075058  5605240
0.0809750556946  5598113
0.0823059082031  5584712
0.0835530757904  5548756
0.0836820602417  5544379
0.084930896759  5504952
0.0856828689575  5504900
0.086061000824  5437135
0.0868120193481  5426626
0.0869400501251  5423747
0.0873980522156  5422853
0.0881409645081  5420271
0.0884380340576  5401518
0.0890169143677  5379334
0.0894510746002  5354568
0.0901689529419  5354356
0.0908260345459  5354041
0.09170794487  5353609
0.0924599170685  5347509
0.0929620265961  5342545
0.0933420658112  5336420
0.0953719615936  5336350
0.0955810546875  5295209
0.0960578918457  5294295
0.0971949100494  5240686
0.0974519252777  5239773
0.0983319282532  5235900
0.0990839004517  5207295
0.10022187233  5191763
0.100724935532  5188446
0.10147690773  5186755
0.102230072021  5179358
0.103265047073  5155626
0.103767871857  5155236
0.103904008865  5140031
0.104162931442  5139306
0.105436086655  5135877
0.105693101883  5133680
0.107578039169  5122073
0.108994960785  5116438
0.109770059586  5084373
0.110280036926  4930019
0.113993883133  4927433
0.114274978638  4927270
0.115057945251  4920069
0.115442991257  4919002
0.115828037262  4918846
0.115958929062  4913912
0.117379903793  4810772
0.11814904213  4809284
0.118535995483  4804199
0.1207010746  4803143
0.120965957642  4798747
0.121737957001  4786672
0.122768878937  4775190
0.123816013336  4767495
0.124718904495  4764422
0.125753879547  4759090
0.126013994217  4655574
0.126147031784  4652351
0.126664876938  4556891
0.127472877502  4554946
0.129112005234  4521896
0.129380941391  4518083
0.130028963089  4500687
0.131692886353  4499357
0.132085084915  4485508
0.133241891861  4473225
0.137262105942  4472707
0.137659072876  4471601
0.138851881027  4437450
0.13898396492  4435413
0.139494895935  4408223
0.139755010605  4405499
0.141668081284  4403000
0.141798973083  4399400
0.142942905426  4395088
0.147654056549  4395035
0.148204088211  4392787
0.148614883423  4358288
0.151093006134  4354591
0.151397943497  4302629
0.151551008224  4289295
0.15486907959  4287684
0.156013965607  4284857
0.15753698349  4232515
0.158556938171  4232207
0.158814907074  4223665
0.160247087479  4221327
0.160398006439  4219638
0.160692930222  4218529
0.160830974579  4208057
0.162009000778  4198306
0.162640094757  4195183
0.163287878036  4194032
0.163801908493  4193181
0.165333032608  4187974
0.165591955185  4183196
0.167016029358  4180260
0.168750047684  4180147
0.169903993607  4178157
0.170670032501  4160031
0.170800924301  4158920
0.171058893204  4158397
0.173851013184  4143964
0.173981904984  4122598
0.175765991211  4118379
0.177793979645  4105293
0.178693056107  4093881
0.181871891022  4090073
0.182255029678  4080600
0.184029102325  4073165
0.184540987015  4073164
0.187445878983  4068034
0.19137597084  4065475
0.193029880524  4058722
0.193415880203  4055944
0.19657087326  4052214
0.199006080627  4051117
0.199393033981  4049626
0.19978094101  4038939
0.200040102005  4035612
0.200813055038  4031153
0.202991008759  4030225
0.20428609848  4010514
0.204426050186  3997934
0.204684019089  3972751
0.204816102982  3957833
0.208389043808  3955776
0.209281921387  3955019
0.210582017899  3954463
0.211103916168  3953468
0.212914943695  3947780
0.215208053589  3947403
0.215337991714  3901428
0.220040082932  3901146
0.220930099487  3900711
0.222272872925  3898905
0.223083019257  3898869
0.223352909088  3879049
0.223886966705  3870611
0.224473953247  3842589
0.22557091713  3840441
0.226064920425  3805894
0.228012084961  3799307
0.228686094284  3799144
0.230314970016  3798018
0.231854915619  3791982
0.232367992401  3791527
0.233391046524  3790628
0.236196041107  3786583
0.236587047577  3763235
0.236973047256  3753402
0.237624883652  3724336
0.238905906677  3717055
0.239295005798  3696967
0.239682912827  3694784
0.243144035339  3693644
0.250027894974  3692473
0.250165939331  3690563
0.252846002579  3689863
