0.0390238761902  6922268
0.0394690036774  6920927
0.0406188964844  6916840
0.0411260128021  6912871
0.0415229797363  6911847
0.0420699119568  6883466
0.0422358512878  6880869
0.0424978733063  6879812
0.0436158180237  6878997
0.0437829494476  6877881
0.0460109710693  6877306
0.0461528301239  6844059
0.0464539527893  6841539
0.046835899353  6830040
0.0473799705505  6826029
0.0481679439545  6822041
0.0495939254761  6819544
0.0501158237457  6816122
0.0523970127106  6815315
0.0526130199432  6811239
0.0534479618073  6798368
0.054025888443  6795309
0.0577299594879  6791128
0.058130979538  6779300
0.058317899704  6777543
0.0614898204803  6776307
0.0641169548035  6775543
0.0669088363647  6769690
0.067281961441  6767931
0.0703508853912  6767869
0.0738179683685  6767056
0.0739560127258  6747678
0.0781638622284  6745668
0.0783009529114  6744238
0.0790679454803  6744206
0.0834178924561  6743249
0.0881638526917  6742448
0.088301897049  6736810
0.0885188579559  6734945
0.0888140201569  6698033
0.0931468009949  6692860
0.0965218544006  6691366
0.101408004761  6690956
0.10263800621  6690699
0.103852987289  6690328
0.109325885773  6688814
0.115087985992  6688793
0.115304946899  6672609
0.115599870682  6672561
0.115737915039  6599542
0.116109848022  6597377
0.121157884598  6596907
0.12646484375  6596585
0.126602888107  6596397
0.12689781189  6588545
0.132239818573  6587889
0.137953996658  6587729
0.138091802597  6586765
0.138305902481  6571630
0.138834953308  6566338
0.144575834274  6566289
0.1503469944  6565183
0.150563001633  6564888
0.150698900223  6564422
0.156894922256  6564111
0.157032966614  6559934
0.157481908798  6559851
0.163791894913  6559049
0.163928985596  6558847
0.169719934464  6558105
0.175401926041  6557887
0.175539016724  6557288
0.181267023087  6557201
0.187557935715  6556146
0.194258928299  6555113
0.194866895676  6553250
0.195003986359  6553227
0.195218801498  6547854
0.201977014542  6546732
0.20881986618  6545524
0.2095079422  6545356
0.210037946701  6545006
0.216859817505  6544405
0.225178956985  6544279
0.226022005081  6541938
0.226315021515  6541786
0.226686954498  6535540
0.234378814697  6534798
0.242615938187  6533840
0.244244813919  6533833
0.244539022446  6533294
0.246168851852  6531658
0.254807949066  6531326
0.255102872849  6529402
0.257439851761  6529172
0.257576942444  6528644
0.258104801178  6525025
0.258710861206  6480816
0.259004831314  6479502
0.25984787941  6473635
0.261633872986  6473168
0.270277023315  6472234
0.279023885727  6471663
0.27919793129  6341960
0.289144992828  6340953
0.289438962936  6334447
0.289888858795  6332562
0.290573835373  6331537
0.290867805481  6328248
0.291630983353  6326400
0.291790008545  6289392
0.293023824692  6287147
0.303114891052  6286150
0.30325293541  6191462
0.313820838928  6190543
0.31435084343  6189546
0.325655937195  6188999
0.325950860977  6178570
0.326714992523  6177188
0.339242935181  6176741
0.339380025864  6174946
0.351989984512  6174369
0.352128982544  6173738
0.365271806717  6172530
0.365489006042  6165824
0.366016864777  6164421
0.379218816757  6163496
0.379356861115  6162682
0.394419908524  6161649
0.394557952881  6156787
0.394773006439  6154236
0.395144939423  6145613
0.395593881607  6142736
0.395887851715  6141014
0.396102905273  6138308
0.396708965302  6122177
0.396867990494  6118656
0.397082805634  6118553
0.398475885391  6114416
0.399632930756  6114137
0.400709867477  6107795
0.401160955429  6100529
0.401297807693  6088215
0.401885986328  6075331
0.402021884918  6073673
0.403177022934  6070823
0.404409885406  6069378
0.405961036682  6065511
0.40625500679  6061489
0.406391859055  6054244
0.40793800354  6050763
0.409274816513  6048387
0.410903930664  6042635
0.411041021347  6042135
0.411412000656  6038718
0.413244962692  6036775
0.42861199379  6036463
0.429613828659  6034938
0.429986000061  6034547
0.430200815201  5961383
0.430337905884  5959956
0.430788993835  5959591
0.431317806244  5958322
0.444351911545  5957512
0.444489002228  5881042
0.445333957672  5879216
0.446489810944  5878888
0.447747945786  5876270
0.460768938065  5876055
0.476827859879  5874464
0.49250292778  5874005
0.492646932602  5861980
0.509469985962  5861765
0.511188983917  5855364
0.512509822845  5854146
0.52849984169  5853708
0.5452709198  5853155
0.54754781723  5852531
0.549292802811  5842276
0.566354990005  5842265
0.583395957947  5841512
0.583534955978  5839770
0.583750963211  5838437
0.584043979645  5836779
0.586310863495  5809572
0.586448907852  5790451
0.588080883026  5785557
0.605211019516  5784740
0.605348825455  5775648
0.62307882309  5774707
0.623687982559  5767789
0.641945838928  5767518
0.642083883286  5751834
0.642701864243  5750579
0.661150932312  5750334
0.661288976669  5749884
0.661504030228  5747600
0.680773973465  5736257
0.702158927917  5733474
0.72127199173  5730996
0.740299940109  5724487
0.76104092598  5722584
0.781451940536  5721336
0.802284955978  5718643
0.821329832077  5715562
0.840672016144  5714092
0.862155914307  5711148
0.883992910385  5707859
0.906154870987  5704922
0.925457000732  5702555
0.944520950317  5701306
0.967468976974  5698220
0.9873919487  5695460
1.00647592545  5658985
1.02609491348  5655535
1.04917502403  5655399
1.06853485107  5648068
1.08749389648  5648048
1.10658597946  5646121
1.13063287735  5642824
1.14963698387  5640824
1.16979980469  5624299
1.18988895416  5623896
1.20931792259  5623035
1.24693083763  5623031
1.26593184471  5620837
1.28515982628  5618310
1.30484390259  5618158
1.32442593575  5615450
1.34351086617  5614646
1.36318683624  5614643
1.39135980606  5614155
1.4292140007  5605934
1.46693897247  5605654
1.50489902496  5605421
1.54267001152  5603793
1.58048200607  5598768
1.61844301224  5596159
1.65658283234  5591978
1.69891691208  5591966
1.69905495644  5591890
1.7062318325  5591581
1.70905089378  5591271
1.7101290226  5588589
1.71042394638  5588241
1.71087384224  5504958
1.71791100502  5504783
1.72621297836  5504551
1.72697901726  5504529
1.72711586952  5493493
1.72798895836  5492339
1.72922587395  5491945
1.76858091354  5484121
1.82019782066  5480674
1.86824798584  5480458
1.91350889206  5480371
1.95161986351  5480341
1.98940396309  5480166
2.02729701996  5479371
2.07005286217  5475266
2.10920000076  5475022
2.14737987518  5466136
2.18630099297  5465913
2.22413897514  5465644
2.26222395897  5462227
2.30098080635  5462131
2.338752985  5450648
2.37677288055  5443499
2.41472387314  5442111
2.45320892334  5438214
2.49093794823  5422272
2.52876782417  5416462
2.56674599648  5410717
2.60484695435  5406020
2.64374279976  5403538
2.68788290024  5401679
2.73079180717  5400187
2.77348089218  5400135
2.82568001747  5399592
2.86431598663  5395708
2.90239095688  5395528
2.94031691551  5392709
2.97887992859  5390682
3.01714801788  5389799
3.0553560257  5389307
3.09341788292  5386863
3.13258481026  5381931
3.17125082016  5380944
3.20929884911  5379565
3.25814795494  5379547
3.31908082962  5379027
3.34352302551  5379000
3.36288285255  5378755
3.38735795021  5377786
3.43047595024  5375605
3.48733782768  5375321
3.54903888702  5375055
3.60591483116  5374244
3.66720199585  5373769
3.72370696068  5338693
3.78175902367  5331708
3.83842897415  5331660
3.89495897293  5330718
3.95640182495  5329736
4.0309150219  5329690
4.06862282753  5329472
4.162722826  5323364
4.21922588348  5322049
4.31291484833  5317743
4.40649700165  5317346
4.50134181976  5316996
4.59485793114  5309459
4.59523081779  5309457
4.59552383423  5309368
4.59589481354  5309153
4.61639595032  5308345
4.61778593063  5307684
4.61807990074  5305166
4.61821579933  5304504
4.61843085289  5304317
4.6188018322  5295792
4.61893892288  5293520
4.61946702003  5277497
4.62077999115  5277132
4.63007593155  5276858
4.68659281731  5269049
4.74364900589  5268119
4.80012202263  5215512
4.85703992844  5214032
4.91421103477  5138555
4.97485899925  5136985
5.03202986717  5134184
5.08933091164  5123954
5.15679502487  5122677
5.21366095543  5112087
5.27087593079  5109955
5.32774782181  5043479
5.38543391228  5035355
5.44570994377  4982462
5.50348997116  4978982
5.5606098175  4978895
5.62850880623  4978719
5.68779993057  4976800
5.70698189735  4976776
5.76610684395  4976577
5.76632380486  4976382
5.82490682602  4974846
5.88392090797  4973915
5.88413786888  4973588
5.90331983566  4972582
5.96116495132  4966937
6.01839089394  4963079
6.03788089752  4963055
6.09664702415  4961947
6.09686493874  4961646
6.15361785889  4950286
6.21041083336  4947812
6.26783585548  4931819
6.32663083076  4927653
6.32684803009  4927329
6.34664702415  4927195
6.40526890755  4927108
6.46299982071  4874805
6.52498698235  4865830
6.52521586418  4865572
6.52535390854  4865423
6.58445286751  4859737
6.64850401878  4859512
6.79914498329  4859066
6.95666885376  4859022
7.11385703087  4858793
7.27067399025  4858439
7.43179488182  4851040
7.58975791931  4850005
7.78611588478  4849752
7.97305798531  4837236
8.04923987389  4836338
8.13449692726  4835811
8.2286670208  4835780
8.30504703522  4835315
8.40839290619  4834836
8.55234384537  4834824
8.70491981506  4832748
8.85827803612  4832278
9.01037502289  4827409
9.17123579979  4826613
9.28342485428  4826140
9.50429391861  4825895
9.70731186867  4825777
9.89267897606  4819942
10.0778989792  4819860
10.0786650181  4818748
10.0904519558  4817425
10.1842210293  4817320
10.2780809402  4817179
10.3718879223  4816517
10.465777874  4814824
10.5780558586  4810844
10.7081589699  4810675
10.8217208385  4809534
10.934335947  4807626
11.0472149849  4806253
11.1654629707  4805829
11.2796478271  4747001
11.3550949097  4746881
11.4374949932  4745351
11.444890976  4744995
11.4453408718  4743383
11.4517269135  4743260
11.4703178406  4742139
11.4748358727  4742106
11.4752089977  4742022
11.4768369198  4741721
11.4770538807  4732209
11.4794750214  4726435
11.4796128273  4725268
11.4872839451  4724840
11.4874989986  4724339
11.4893698692  4715206
11.4900548458  4714673
11.4931929111  4712165
11.5039408207  4711779
11.533438921  4711559
11.5713620186  4703590
11.6113660336  4699480
11.6491129398  4674355
11.687443018  4674292
11.7251858711  4661270
11.7633240223  4659286
11.8011779785  4654718
11.8395078182  4645371
11.8799788952  4644461
11.9205729961  4643812
11.9621829987  4643740
12.0000698566  4642046
12.0383489132  4638847
12.0763788223  4636856
12.1154379845  4635293
12.1535270214  4634102
12.1917729378  4633488
12.2300479412  4631733
12.2856049538  4631653
12.291821003  4631022
12.4053230286  4630581
12.5926578045  4611739
12.7072768211  4611711
12.8205888271  4611406
12.9763228893  4610859
13.0902760029  4610054
13.2461819649  4609598
13.3524580002  4609575
13.4557719231  4609550
13.5511009693  4606506
13.6448428631  4604307
13.7428798676  4604017
13.8416209221  4603705
13.9584109783  4603235
14.0932638645  4602301
14.2237038612  4601552
14.4086809158  4600473
14.5956218243  4599883
14.7845458984  4599003
14.9698770046  4574816
15.1603748798  4574532
15.3481128216  4566707
15.498103857  4566696
15.6865010262  4556783
15.8372459412  4555817
16.0239109993  4551050
16.2126739025  4546740
16.4023888111  4546436
16.5931229591  4545304
16.8072528839  4544937
17.0123620033  4544444
17.2179989815  4500218
17.4244208336  4496381
17.629655838  4493718
17.8366789818  4493278
18.041631937  4482918
18.2470769882  4475462
18.4555549622  4474075
18.6699919701  4474008
18.8769438267  4473100
19.1237440109  4472802
19.3283808231  4472775
19.6084020138  4471999
19.9074738026  4469941
20.2250359058  4469894
20.5382699966  4469516
20.8697879314  4469189
21.2197408676  4468841
21.5841779709  4467585
21.9495098591  4465472
22.3150548935  4463991
22.6915960312  4463943
23.057751894  4457221
23.3336260319  4456842
23.5193228722  4456739
23.6136758327  4456673
23.7443089485  4456605
23.8749690056  4456362
24.0251848698  4456322
24.2220518589  4456117
24.3642828465  4455645
24.4951789379  4455556
24.6254999638  4455295
24.7564058304  4454996
24.8872368336  4454963
25.0182948112  4454934
25.1488640308  4454364
25.2797529697  4454134
25.4651219845  4454025
25.759198904  4453636
26.0512948036  4428459
26.3431799412  4428165
26.636838913  4427227
26.9333589077  4420858
26.9346039295  4419830
26.9347419739  4418706
26.9350349903  4418592
26.9534869194  4418209
26.9543318748  4415284
26.9716420174  4414936
26.9906527996  4413932
27.0532469749  4344202
27.0534648895  4343907
27.0536308289  4343758
27.1101260185  4327488
27.1682548523  4327472
27.2247929573  4320860
27.2820940018  4316236
27.3395469189  4309210
27.4000039101  4308356
27.4571859837  4306816
27.5136950016  4304084
27.5716810226  4298043
27.6399857998  4297369
27.6971228123  4294808
27.6973388195  4294511
27.7174599171  4293505
27.7783548832  4168453
27.8349540234  4168325
27.8921909332  4168256
27.9683070183  4168180
28.0626900196  4167778
28.1193079948  4167575
28.2144079208  4166348
28.2714998722  4166279
28.4733920097  4166013
28.6754038334  4165795
28.8656089306  4164151
29.0696799755  4163811
29.2566478252  4162850
29.4444208145  4162193
29.6319158077  4161754
29.8577568531  4159617
30.0998528004  4148874
30.3438968658  4147480
30.6024968624  4145656
30.881538868  4143430
31.1593039036  4143034
31.4800989628  4142334
31.7973718643  4142162
32.1186528206  4140358
32.4466528893  4129876
32.7739470005  4122525
33.1007528305  4119476
33.4279518127  4108995
33.7551629543  4107563
34.0918619633  4107241
34.4302389622  4106363
34.7635409832  4106358
35.0943789482  4106339
35.4213178158  4096908
35.6426858902  4095828
35.8637959957  4095767
36.1909208298  4035734
36.4121248722  4030681
36.6872529984  4029891
37.0141899586  3995823
37.3412528038  3991096
37.5620658398  3989168
37.7831118107  3989107
38.1144080162  3984492
38.4452188015  3982645
38.7739479542  3955401
38.9971218109  3951160
39.2769908905  3950348
39.6067938805  3948851
39.9393110275  3943124
40.1629049778  3940836
40.386305809  3940775
40.716573  3940435
41.0455958843  3936423
41.3751068115  3935145
41.722468853  3934981
42.0878880024  3934544
42.5370368958  3933030
43.0694038868  3908601
43.3207349777  3905742
43.5534579754  3905522
43.8372709751  3904995
44.2542629242  3904205
44.7541489601  3903104
45.2434678078  3895082
45.2454528809  3894360
45.2455909252  3894336
45.2626650333  3893882
45.2629609108  3893081
45.2779400349  3892969
45.2781579494  3892930
45.2784509659  3787627
45.2789018154  3750783
45.2795100212  3679963
45.2796468735  3676060
45.2807478905  3669118
45.2821099758  3667982
45.2822468281  3607309
45.2824618816  3570764
45.2829129696  3512299
45.2831280231  3498316
45.2844409943  3497496
45.2859578133  3495144
45.2860939503  3494660
45.2913849354  3493139
45.2915220261  3477374
45.2920498848  3467402
45.3057329655  3466099
45.3130760193  3465827
45.3132920265  3465788
45.3278958797  3464947
45.3427548409  3464753
45.3433628082  3464339
45.3435778618  3463959
45.3438718319  3463617
45.3443229198  3463374
45.3663249016  3462965
45.3687210083  3462402
45.802685976  3462338
46.3532140255  3462330
46.6559319496  3460216
46.9077489376  3458721
47.2127599716  3458014
47.5526328087  3457993
47.9411869049  3453647
48.0831778049  3453170
48.1782279015  3452584
48.3210539818  3451942
48.4850728512  3451511
48.6232569218  3449553
48.6237928867  3449041
48.8713948727  3448840
49.0909638405  3448751
49.3481190205  3448672
49.6163330078  3448464
49.8484508991  3448263
50.1764178276  3447248
50.5088748932  3446658
50.8591530323  3445461
51.2214779854  3445218
51.5761809349  3444904
51.9215538502  3442925
52.2494888306  3442893
52.651693821  3442492
53.0627429485  3442134
53.4687409401  3441841
53.864951849  3438856
54.2486059666  3438303
54.6301298141  3426965
55.0171329975  3426675
55.4118309021  3423041
55.7961039543  3402664
56.1818869114  3400991
56.5694859028  3397884
56.9507069588  3396655
57.3305180073  3396190
57.7098200321  3394612
58.0884768963  3390299
58.4673578739  3362094
58.8454778194  3357694
59.2266578674  3350720
59.610765934  3349550
60.0057268143  3348611
60.4054429531  3348219
60.8589739799  3348134
61.0848679543  3347551
61.4067649841  3340466
61.7330758572  3340268
62.0468959808  3315500
62.3574848175  3314763
62.6710479259  3314599
63.0083608627  3313421
63.3213319778  3305226
63.6366820335  3304749
63.950304985  3291532
64.2654149532  3287537
64.5794320107  3285225
64.8940939903  3274613
65.2082760334  3268909
65.5218229294  3240800
65.8368489742  3238887
66.1603989601  3238778
66.4741268158  3238435
66.791864872  3238076
67.1018819809  3235302
67.421432972  3235282
67.7475697994  3233553
68.0729830265  3232091
68.3937380314  3217416
68.3951399326  3217003
68.3952870369  3216970
68.3955168724  3216853
68.3958308697  3216755
68.3966100216  3216221
68.5908329487  3215260
68.5989508629  3214346
68.7314329147  3199280
68.870210886  3196691
69.0060880184  3195057
69.1382079124  3194536
69.2693469524  3193732
69.4046349525  3185602
69.5381388664  3162786
69.6709020138  3150129
69.671435833  3149839
69.807174921  3140759
69.8077168465  3139981
69.9397289753  3138906
70.0758678913  3137172
70.2120299339  3135003
70.2125668526  3134713
70.3437409401  3114613
70.3442728519  3114334
70.4763038158  3094299
70.6174309254  3065450
70.7486059666  3065352
70.8796329498  3058378
71.0155258179  3026096
71.1475098133  3014690
71.28282094  2999635
71.4212369919  2999165
71.5613880157  2997871
71.6610620022  2997826
71.8104579449  2997644
71.9991559982  2993334
72.1875779629  2991567
72.3367488384  2990338
72.5224168301  2989935
72.7186758518  2989848
72.92907691  2987031
73.2946360111  2984676
73.663367033  2982149
74.0254108906  2980976
74.4480729103  2922072
74.7637917995  2920136
75.1374759674  2919671
75.5188088417  2915683
75.8382639885  2911000
76.2088530064  2901604
76.5840098858  2892252
76.9100408554  2892116
77.2735948563  2889032
77.583922863  2884361
77.9639208317  2884086
78.3322780132  2869058
78.7114539146  2855118
79.1147449017  2827624
79.511756897  2796079
79.9184348583  2785691
80.3022968769  2727108
80.7013678551  2723426
81.0805819035  2706964
81.4599130154  2706962
81.8388888836  2700818
82.2269430161  2696297
82.3948788643  2694010
82.5621099472  2691972
82.9427108765  2684483
83.2762188911  2684216
83.674353838  2683906
84.0021398067  2683626
84.4152958393  2680093
84.41751194  2679716
84.4198348522  2679668
84.4219048023  2679155
84.6871118546  2678833
84.7047288418  2678812
84.704885006  2678663
84.8994498253  2678276
85.1315279007  2677674
85.3518159389  2677395
85.6465330124  2676516
85.9391720295  2674402
86.2256059647  2670418
86.4991688728  2658898
86.7827470303  2638937
87.030452013  2616598
87.3445339203  2614407
87.6507759094  2612634
87.8953478336  2607411
88.1792838573  2587443
88.4449319839  2571322
88.6929559708  2569602
88.9365580082  2562905
89.1800518036  2559683
89.426789999  2559150
89.6911828518  2559140
89.9560229778  2558296
90.2153909206  2558180
90.4790580273  2557132
90.7563529015  2556509
91.1057608128  2556380
91.5916028023  2555558
92.1446669102  2554577
92.7795398235  2554012
93.3953859806  2553850
94.0492269993  2553714
94.7838919163  2553466
95.3573048115  2553336
95.9111199379  2553028
96.6239209175  2552885
97.3210909367  2552428
98.0558018684  2552362
98.7988159657  2550289
99.6117839813  2548853
100.43242383  2548632
101.180147886  2548580
101.944235802  2548305
102.68938303  2533580
103.042388916  2533022
103.208142996  2532876
103.529835939  2532416
103.85988903  2532410
104.188759804  2532201
104.505645037  2530667
104.917900801  2530659
105.241889954  2530359
105.596163988  2529007
106.069895983  2526194
106.569864035  2526093
107.055292845  2526019
107.573904037  2509569
108.101708889  2503128
108.644312859  2498529
109.301849842  2497508
109.856775999  2493228
110.440196991  2488821
111.002197981  2485989
111.555907011  2482284
112.06919384  2480652
112.595402002  2478305
113.132637024  2469273
113.675880909  2469213
114.211941004  2464912
114.74778986  2458912
115.285488844  2456584
115.82129097  2447985
116.355357885  2447042
116.884972811  2440514
117.414729834  2427731
117.94367981  2426742
118.474311829  2419833
119.049619913  2416846
119.640373945  2414833
120.219477892  2383742
120.813153982  2381787
121.398077965  2375991
122.086014986  2375943
122.718869925  2369554
123.311934948  2369525
123.762265921  2368550
124.071624994  2368342
124.202940941  2368285
124.372336864  2368145
124.539929867  2367757
124.722000837  2367745
124.979923964  2367712
125.163017035  2367116
125.404477835  2367114
125.629590988  2366736
125.85670495  2365164
126.36480093  2364711
126.873579025  2364303
127.424973965  2363686
127.995345831  2363252
128.50394702  2361932
129.008482933  2360214
129.514473915  2357013
130.070770025  2356367
130.622578859  2355483
131.133244991  2353864
131.642791033  2353399
132.144075871  2352249
132.647696018  2349635
133.155179977  2349254
133.651629925  2349050
134.162503004  2348177
134.691998959  2348029
135.204838991  2345820
135.792230844  2345638
136.416208029  2345380
137.102169037  2345297
137.776453972  2344763
138.488722801  2344179
139.17017293  2342333
139.78963995  2324868
140.422751904  2322956
141.10379982  2316987
141.430584908  2314635
141.723520994  2314493
142.021341801  2314319
142.375386953  2314213
142.715641022  2313427
143.064672947  2313107
143.642156839  2308471
144.257346869  2296137
144.883121967  2295137
145.518827915  2293567
146.147408962  2289098
146.775225878  2284551
147.434084892  2283463
148.05348897  2282686
148.62370491  2280407
149.23452282  2277201
149.853304863  2276528
150.484515905  2274627
151.103247881  2273495
151.734161854  2272105
152.369022846  2271822
153.057066917  2271368
153.744480848  2270128
154.382164955  2270011
155.025411844  2269752
155.672935963  2268756
156.309636831  2268736
156.941666842  2267959
157.557535887  2267715
158.211207867  2267643
158.880744934  2267567
159.560467005  2266587
160.258399963  2259437
160.936362982  2258421
161.629978895  2257837
162.283144951  2257541
163.010241985  2254523
163.771593809  2235731
164.508963823  2225165
164.968210936  2224983
165.292958021  2224115
165.863827944  2222751
166.440734863  2219749
167.01569891  2207275
167.572268009  2206289
168.134783983  2202923
168.609549999  2201605
169.088938951  2201404
169.693434954  2200660
170.261307955  2200615
170.857214928  2200193
171.415268898  2198760
172.022029877  2197452
172.661345959  2197382
173.260222912  2194878
173.871023893  2191627
174.496229887  2179508
175.119889021  2177668
175.742012978  2177165
176.360424995  2173943
176.827888966  2171675
177.297058821  2171657
177.76707983  2171435
178.254235029  2171228
178.83762598  2167600
179.454236984  2166716
180.075163841  2166178
180.692559004  2160625
181.31148982  2151867
181.92946887  2148039
182.555595875  2147149
183.023154974  2146676
183.489728928  2146475
184.105546951  2142820
184.814572811  2142245
185.52399683  2136448
186.23325181  2135857
186.990381956  2133886
187.732362986  2133148
188.465018034  2133000
189.189129829  2132784
189.946727991  2124909
190.734045029  2117749
191.518388033  2102229
192.287955999  2101784
193.077199936  2101576
193.848493814  2097235
194.625021935  2061826
195.40732193  2060286
196.20448494  2046800
196.99868989  2046562
197.783123016  2044900
198.552456856  2044495
199.326462984  2022355
200.117918015  2021921
200.896020889  2020494
201.705389023  2020236
202.509532928  2018659
203.29752183  2015915
204.078588963  2014200
204.874696016  2012247
205.668053865  2012072
206.465272903  2011638
207.262661934  2007763
208.075551987  2006244
208.895694017  2001887
209.722888947  1998025
210.558601856  1996243
211.379518032  1986256
212.193122864  1985566
212.597510815  1984187
212.896292925  1982409
213.613197803  1968812
214.351907015  1964794
215.134510994  1964693
215.91463995  1957408
216.744604826  1956963
217.468314886  1954956
218.187122822  1953805
218.910748005  1950153
219.642586946  1949438
220.358907938  1947526
221.082563877  1946420
221.795091867  1945705
222.50540781  1933590
223.258423805  1929729
224.016741037  1928995
224.76094389  1928721
225.503240824  1926911
226.249413967  1926694
226.990733862  1926602
227.684485912  1925393
228.404024839  1924045
229.074704885  1921516
229.742486  1901663
230.526129007  1874127
231.296995878  1862444
232.084569931  1858812
232.866508961  1850167
233.65019083  1849092
234.434803009  1840599
235.21971488  1836919
236.005815983  1836278
236.788021803  1833644
237.570964813  1822255
238.362272024  1817021
239.135882854  1816415
239.925760984  1788222
240.726600885  1786239
241.560931921  1785824
242.401258945  1782243
243.236430883  1779320
244.081755877  1774991
244.926576853  1770209
245.761677027  1766361
246.610733986  1763125
247.449400902  1760401
248.286463976  1758359
249.129755974  1753454
249.971347809  1752485
250.808799982  1752332
251.645073891  1750189
252.482303858  1747754
253.323787928  1743638
254.159948826  1742677
255.015760899  1741646
255.857478857  1741373
256.696089029  1740684
257.537919998  1740033
258.374619007  1739679
259.205322981  1738520
260.042078018  1737183
260.937260866  1735386
261.842804909  1732760
262.75127387  1724370
263.667690992  1720916
264.57346797  1716310
265.482793808  1710459
266.390285015  1708106
267.299090862  1707053
268.203655005  1706910
269.108521938  1706561
270.0201509  1704520
270.936014891  1703603
271.846344948  1703412
272.756765842  1703320
273.669116974  1694796
274.584427834  1693631
275.499847889  1693594
276.411916971  1691637
277.324626923  1691177
278.263154984  1690594
279.208971977  1689361
280.152773857  1689100
281.099149942  1688371
282.044466019  1686380
282.953110933  1686303
283.87499094  1685633
284.864193916  1685539
285.851853848  1683339
286.83589983  1683243
287.826570034  1667597
288.824745893  1666129
289.819350004  1661347
290.812198877  1659893
291.820216894  1659833
292.87073493  1659144
293.984675884  1654718
295.007704973  1654480
296.028288841  1653652
297.130012035  1652936
298.239228964  1651320
299.340082884  1649603
300.362553835  1649495
301.405721903  1649253
302.410460949  1648879
303.484449863  1648633
304.586768866  1641518
305.694185972  1640404
306.693327904  1640308
307.681171894  1639652
308.66900301  1639068
309.724550009  1639008
310.832937956  1638570
311.938915014  1637732
313.046213865  1636778
314.155661821  1635469
315.261651993  1635092
316.368628025  1634590
317.479598999  1633115
318.585315943  1632173
319.574752808  1630719
320.636942863  1630030
321.748342037  1627824
322.720042944  1626570
323.698171854  1624688
324.913136005  1622950
326.123333931  1622831
327.339148998  1621700
328.546805859  1615397
329.759349823  1607364
330.971557856  1606642
332.181855917  1605479
333.39250803  1605424
334.609645844  1605074
335.830847025  1604983
337.050917864  1555282
337.056876898  1554071
337.06611681  1553013
337.088285923  1552966
337.111186028  1552800
337.154819965  1552631
337.290908813  1550864
337.382912874  1550822
337.42649889  1550772
337.511765957  1550383
337.554735899  1550361
337.646348  1549858
337.773933887  1549085
337.922469854  1548388
338.081804037  1548084
338.189604998  1547480
338.339759827  1546945
338.488142014  1545633
338.71822691  1545405
338.949568987  1541604
339.19492197  1518034
339.351370811  1511780
339.394184828  1511497
339.438020945  1511182
340.756609917  1503152
342.070847034  1502152
343.384121895  1470226
344.703356981  1468534
346.020505905  1465081
347.342177868  1463062
348.669118881  1462694
349.996522903  1460982
351.358229876  1459991
352.717891932  1457668
354.090204  1457569
355.476038933  1452163
356.855733871  1449631
358.248631954  1448598
359.652499914  1448429
361.058248997  1445582
362.458552837  1444113
363.859040976  1444024
365.26114583  1442674
366.673244953  1441464
368.032104015  1440670
369.455735922  1440510
370.87921381  1435420
372.300993919  1433772
373.64997983  1433412
375.016891956  1430722
376.373744011  1427720
377.745922804  1427448
379.124285936  1427194
380.513703823  1424899
381.931254864  1422072
383.278478861  1421244
384.62229085  1420809
385.962368965  1419796
387.38171196  1419035
388.827911854  1418078
390.276240826  1416258
391.731467962  1416096
393.17906189  1415237
394.621105909  1413637
396.073104858  1408005
397.525094032  1405827
398.974298954  1397761
400.426554918  1396708
401.839282036  1396481
403.284564018  1395676
404.732810974  1394594
406.147744894  1394568
407.604177952  1391992
409.131487846  1389178
410.656595945  1385899
412.20180583  1382238
413.938114882  1381692
415.661965847  1381604
417.388255835  1381534
417.440193892  1380966
417.440349817  1380868
417.449268818  1380863
418.905659914  1380592
418.91938591  1380586
418.919709921  1380496
418.919857025  1380120
418.932484865  1380021
418.947718859  1379122
419.010103941  1378927
419.075592995  1378769
419.182202816  1378724
419.533833981  1378132
419.925840855  1377982
420.433957815  1373808
420.941993952  1345022
421.373095989  1342770
421.804750919  1341408
422.313997984  1321305
422.843689919  1290855
423.375381947  1285446
423.902740002  1284270
424.432500839  1283523
424.959684849  1270034
425.492007971  1253964
426.021979809  1252658
426.550383806  1229962
427.096657991  1229903
427.637797832  1222282
428.187985897  1221689
428.732662916  1179049
429.278052807  1170439
429.862821817  1166701
430.448043823  1133217
431.03273797  1131124
431.639743805  1129980
432.244163036  1127643
432.862835884  1125830
433.510479927  1118980
434.168744802  1117905
434.82673502  1117701
435.4879179  1113733
436.163990021  1094798
436.844770908  1094733
437.522394896  1094684
438.200335026  1093411
438.880968809  1058966
439.557806015  1058425
440.256088018  1055387
440.951089859  1054666
441.646716833  1054641
442.342207909  1051422
443.038980007  1018113
443.704303026  1017560
444.437419891  1017496
445.166272879  1015157
445.896425009  1014253
446.665704012  1003967
447.427173853  1003816
448.195331812  995801
449.000013828  995639
449.803422928  995467
450.746773958  966951
451.690294981  961907
452.635808945  960499
453.576751947  956420
454.514991999  954509
455.473105907  952848
456.428825855  952519
457.39533782  952058
458.352444887  951152
459.312238932  937540
460.303745985  918838
461.308965921  916423
462.313731909  902982
463.322361946  898485
464.328457832  887434
465.334939957  868242
466.356091022  863848
467.372367859  859524
468.388082981  859510
469.393836975  859121
470.417650938  857441
471.440315008  849246
472.480811834  846538
473.539147854  837318
474.593652964  800824
475.650660992  800541
476.708233833  800116
477.760340929  798972
478.877777815  796278
480.038764  795264
481.200695992  793418
482.348875999  788840
483.513165951  782202
484.663990021  781676
485.867466927  781377
487.078030825  772727
488.317596912  771349
489.572295904  758066
490.802680969  758014
492.070603848  746607
493.364463806  743669
493.781982899  741923
494.000351906  741761
494.215211868  741478
494.431082964  736718
494.601823807  736319
494.814360857  735007
496.099493027  734523
497.399612904  734405
498.703316927  732775
498.710276842  732609
498.71548295  731524
498.72091794  730991
498.726771832  730943
498.732324839  730430
500.911654949  730036
503.014073849  729905
505.123123884  728170
507.239830017  724415
509.366451979  714199
511.511011839  713583
513.657013893  713123
515.801128864  712925
517.945149899  712840
520.092080832  712437
522.236017942  711079
524.385206938  709275
526.537623882  709237
528.681562901  709200
530.772898912  706930
532.809999943  706693
534.866266012  706397
536.932134867  704145
539.007586002  703779
541.085886955  703332
543.386725903  703046
545.682041883  702640
547.987980843  702541
550.289108992  699780
552.615904808  699676
554.925763845  699062
557.251288891  698998
559.570365906  698219
561.908767939  697683
564.256371975  697144
566.601439953  696750
568.934859991  695775
571.264955997  695687
573.622282982  695090
575.988332033  695063
578.367394924  694781
580.751052856  694765
583.134941816  694667
585.51859498  694329
587.90871191  693103
590.308379889  692672
592.715461969  691901
595.122059822  691817
597.539369822  691789
599.83819294  691537
601.991462946  690429
