0.0399091243744  7217417
0.0404949188232  7194276
0.0406289100647  7192787
0.0414690971375  7176255
0.0420579910278  7168940
0.0423460006714  7117483
0.043016910553  7116325
0.0433950424194  7110278
0.0435221195221  7108321
0.0436489582062  7108295
0.0437769889832  7096510
0.0440299510956  7091033
0.044408082962  7077786
0.0447890758514  6940512
0.0450420379639  6894524
0.045294046402  6808511
0.0457949638367  6799474
0.0459220409393  6781060
0.0461800098419  6780174
0.0466821193695  6777299
0.0471799373627  6738323
0.0473079681396  6734387
0.0480561256409  6684322
0.0483090877533  6678935
0.0489449501038  6674774
0.0490729808807  6643343
0.0492000579834  6529700
0.0497031211853  6396385
0.0500779151917  6384443
0.0504541397095  6370815
0.051029920578  6339796
0.0511829853058  6331581
0.0517561435699  6328549
0.0518970489502  6311267
0.0524659156799  6307033
0.0528569221497  6302900
0.0536839962006  6282794
0.0538821220398  6114433
0.05402302742  6102389
0.0545909404755  6100249
0.0549809932709  6096311
0.0551090240479  6085557
0.0554149150848  6085551
0.0564630031586  6081471
0.0567691326141  6076405
0.0573060512543  6065078
0.0574460029602  6063663
0.0578210353851  6062166
0.057991027832  6058066
0.0586609840393  6021713
0.0598199367523  5895596
0.0601141452789  5866683
0.060240983963  5861468
0.0613179206848  5860256
0.0615789890289  5839741
0.0618319511414  5838980
0.0619781017303  5821874
0.0621149539948  5814707
0.0622429847717  5790449
0.0633399486542  5785147
0.0640931129456  5725639
0.0646860599518  5714901
0.064975976944  5648544
0.0656540393829  5585143
0.0663969516754  5513348
0.0671420097351  5490690
0.0676469802856  5486738
0.0688829421997  5467804
0.069503068924  5454194
0.0701220035553  5454062
0.0718660354614  5450935
0.072242975235  5440732
0.0726180076599  5402685
0.0731160640717  5402455
0.0732419490814  5389855
0.0733709335327  5372903
0.0745561122894  5369118
0.0746910572052  5367203
0.0753960609436  5366937
0.076681137085  5360957
0.0768239498138  5327349
0.0772421360016  5325929
0.078782081604  5325913
0.0791590213776  5325628
0.0795340538025  5307646
0.0822489261627  5290518
0.0851509571075  5289999
0.0855281352997  5278133
0.0857810974121  5265162
0.0861599445343  5251721
0.0862910747528  5249948
0.0879139900208  5245776
0.0885391235352  5219268
0.0889160633087  5216388
0.0892901420593  5149551
0.0919060707092  5135671
0.0924119949341  5134911
0.0938060283661  5133526
0.0946860313416  5115295
0.0949380397797  5114489
0.0953171253204  5101075
0.0955691337585  5092708
0.0960700511932  5081631
0.0974979400635  5078934
0.0980241298676  5077376
0.0996470451355  5072736
0.0999009609222  5061258
0.100901126862  5060453
0.102142095566  5059445
0.102766036987  5058749
0.103266954422  5035949
0.104265928268  5016894
0.104517936707  5010666
0.104895114899  5003873
0.105021953583  4956818
0.107105970383  4951670
0.107631921768  4941393
0.107891082764  4938271
0.109918117523  4932987
0.111460924149  4922683
0.112576961517  4920475
0.116796016693  4910900
0.118108987808  4910321
0.118684053421  4812214
0.118940114975  4803172
0.11919593811  4802247
0.120679140091  4799410
0.121195077896  4797573
0.121875047684  4795531
0.12319111824  4786869
0.124073982239  4785704
0.124580144882  4774859
0.125211954117  4773290
0.125340938568  4771946
0.125721931458  4754245
0.125852108002  4746989
0.126106977463  4708717
0.128298997879  4707261
0.129049062729  4706092
0.130792140961  4694966
0.132529973984  4679075
0.132812023163  4678358
0.134728908539  4654187
0.13537311554  4652575
0.137927055359  4630985
0.1381919384  4629727
0.138322114944  4620482
0.1399269104  4619586
0.141295909882  4604867
0.141845941544  4603227
0.143491029739  4597015
0.144380092621  4581320
0.146246910095  4580836
0.146927118301  4560063
0.147345066071  4559665
0.14775800705  4554227
0.147897005081  4547960
0.148437023163  4546808
0.148709058762  4546444
0.15128993988  4535764
0.151570081711  4535324
0.153208017349  4515915
0.155369997025  4508186
0.15588593483  4501249
0.156144142151  4498490
0.157161951065  4489717
0.158303976059  4473486
0.158819913864  4468357
0.162886142731  4458729
0.16429901123  4456842
0.164575099945  4456457
0.166574001312  4454435
0.167953968048  4451366
0.168462991714  4440058
0.168872117996  4430181
0.16900396347  4419413
0.170018911362  4419179
0.172673940659  4407604
0.173685073853  4324714
0.177227020264  4321066
0.177616119385  4310862
0.177747011185  4310808
0.181047916412  4291267
0.184963941574  4287687
0.186469078064  4287353
0.187031984329  4286800
0.187474966049  4285398
0.188627004623  4274342
0.18926692009  4252487
0.190288066864  4250924
0.190926074982  4239777
0.191055059433  4239188
0.191437959671  4229051
0.193216085434  4219172
0.193601131439  4218942
0.196517944336  4216914
0.196902990341  4119501
0.200643062592  4105055
0.203869104385  4104519
0.207564115524  4088755
0.208328008652  4087479
0.2093501091  4069829
0.210115909576  4066641
0.211138963699  4058110
0.211799144745  4047139
0.214860916138  4045898
0.216507911682  4040765
0.217065095901  4028818
0.218579053879  4025543
0.218723058701  4021073
0.220703125  4020938
0.223753929138  4014664
0.224045991898  4011708
0.225687980652  4006278
0.226500988007  4005490
0.230315923691  4002214
0.234848976135  3995047
0.23689699173  3964731
0.238116979599  3961669
0.241719007492  3958296
0.242134094238  3955678
0.244575023651  3954448
0.244715929031  3952638
0.244853973389  3949903
0.245146989822  3939663
0.248528003693  3935203
0.249902963638  3915914
0.254866123199  3913334
0.25841999054  3913286
0.258708953857  3909794
0.259763002396  3900565
0.262152910233  3896209
