0.0378468036652  7055929
0.0385859012604  7046145
0.038724899292  7040045
0.0389409065247  7015709
0.039235830307  6998933
0.0396089553833  6980349
0.0397469997406  6975355
0.0401978492737  6948399
0.0403349399567  6923332
0.0414638519287  6918457
0.0418918132782  6914531
0.042044878006  6912335
0.0422790050507  6909865
0.0436577796936  6896844
0.0437967777252  6892463
0.0452449321747  6886975
0.0454609394073  6885801
0.0455989837646  6883515
0.0458929538727  6880553
0.0474619865417  6874952
0.0481507778168  6840383
0.0488247871399  6831176
0.0504589080811  6814150
0.0505969524384  6808905
0.0508508682251  6801609
0.052001953125  6796204
0.053808927536  6760615
0.0539898872375  6756155
0.0558099746704  6729664
0.0584709644318  6728417
0.0590767860413  6723899
0.0592339038849  6719695
0.0596899986267  6707202
0.0598459243774  6694683
0.0601599216461  6691442
0.0603787899017  6688914
0.060516834259  6686518
0.0607328414917  6682791
0.0613408088684  6675920
0.0615589618683  6665987
0.0627999305725  6664687
0.0630948543549  6657848
0.0634689331055  6657837
0.0636048316956  6571458
0.0640578269958  6552542
0.0667479038239  6527501
0.0697507858276  6526463
0.0699307918549  6522154
0.073047876358  6502357
0.073737859726  6500488
0.0742688179016  6482086
0.0772449970245  6447097
0.0773828029633  6441004
0.0805728435516  6424739
0.0837588310242  6392014
0.0847189426422  6388004
0.085587978363  6380637
0.0888109207153  6373747
0.0902128219604  6368362
0.0934569835663  6355207
0.0971999168396  6338375
0.0975999832153  6337854
0.0977368354797  6337297
0.0979528427124  6333415
0.098484992981  6244181
0.0986218452454  6243739
0.10271692276  6239713
0.102937936783  6236857
0.107049942017  6220870
0.107345819473  6211271
0.107483863831  6208578
0.107877969742  6188111
0.108014822006  6182861
0.108287811279  6177519
0.112764835358  6176995
0.117035865784  6162113
0.117173910141  6160407
0.117600917816  6159934
0.119443893433  6158879
0.119679927826  6157487
0.120942831039  6157396
0.122015953064  6156822
0.123068809509  6155636
0.128114938736  6151669
0.129607915878  6151383
0.130539894104  6150305
0.134132862091  6146730
0.134296894073  6146332
0.140336990356  6145808
0.14691400528  6127479
0.152225971222  6118294
0.152372837067  6112094
0.157795906067  6108592
0.162316799164  6108493
0.165019989014  6102036
0.17068195343  6100022
0.177211999893  6074650
0.177390813828  6054812
0.177788972855  6046169
0.178339004517  6023459
0.178562879562  6021449
0.181754827499  6018201
0.184873819351  6009206
0.185012817383  6005869
0.191046953201  6003153
0.191190004349  5997094
0.201502799988  5975490
0.208966970444  5966762
0.210434913635  5955207
0.211597919464  5944540
0.218359947205  5938771
0.218497991562  5936876
0.226303815842  5926096
0.226441860199  5894407
0.226657867432  5892401
0.22695183754  5888865
0.227719783783  5875880
0.228173971176  5869752
0.228936910629  5855316
0.229784965515  5852723
0.231825828552  5841822
0.232986927032  5832391
0.240772008896  5815340
0.240909814835  5794772
0.248988866806  5790312
0.249440908432  5781091
0.258448839188  5774636
0.25860786438  5740106
0.268214941025  5730560
0.268363952637  5725326
0.268581867218  5723356
0.270625829697  5716429
0.270764827728  5714987
0.272545814514  5700459
0.281666994095  5682981
0.281811952591  5645487
0.292451858521  5640384
0.292749881744  5629374
0.292967796326  5618807
0.293342828751  5602226
0.293797969818  5580302
0.293936014175  5557715
0.294786930084  5536697
0.294924974442  5505592
0.295219898224  5504906
0.295357942581  5411893
0.296286821365  5361774
0.296424865723  5356253
0.298269987106  5352572
0.298408985138  5350905
0.298705816269  5339313
0.299316883087  5336096
0.299456834793  5298434
0.300148010254  5297068
0.303578853607  5291546
0.305144786835  5291489
0.315895795822  5290355
0.316035985947  5262493
0.327875852585  5257827
0.332490921021  5257485
0.336068868637  5243066
0.348343849182  5231311
0.348481893539  5200957
0.360785007477  5193220
0.361160993576  5183758
0.361298799515  5181795
0.363751888275  5180054
0.36404800415  5180007
0.364502906799  5171682
0.366577863693  5165949
0.366716861725  5135214
0.380160808563  5124240
0.380300998688  5095742
0.396140813828  5089139
0.396279811859  5078656
0.396819829941  5034557
0.396957874298  5034336
0.397173881531  5033034
0.39747095108  5029383
0.397844791412  5023790
0.398535966873  5002511
0.39867401123  4993055
0.399605989456  4987690
0.400000810623  4981269
0.40016579628  4979586
0.401817798615  4976714
0.402368783951  4971481
0.402591943741  4936715
0.402978897095  4933486
0.403934001923  4921499
0.404158830643  4920737
0.404543876648  4910572
0.406403779984  4909305
0.406627893448  4908858
0.407175779343  4906855
0.407317876816  4906338
0.407622814178  4898220
0.408496856689  4897367
0.409700870514  4894280
0.410076856613  4892691
0.410213947296  4891033
0.412520885468  4885549
0.413527965546  4876995
0.413733959198  4875348
0.414128780365  4875311
0.414345979691  4866890
0.414878845215  4857630
0.417562007904  4856354
0.418016910553  4855128
0.418390989304  4846208
0.420038938522  4844749
0.420255899429  4843430
0.420393943787  4843421
0.421717882156  4841724
0.424470901489  4839305
0.425163984299  4813618
0.425616979599  4813567
0.425992012024  4811976
0.426643848419  4811444
0.429939985275  4801593
0.430077791214  4792233
0.435813903809  4784830
0.438753843307  4783957
0.439446926117  4761614
0.460316896439  4757280
0.47690987587  4756069
0.477128982544  4742201
0.480604887009  4739009
0.483675956726  4733411
0.483914852142  4726117
0.500230789185  4722000
0.500998973846  4692744
0.501773834229  4691103
0.518019914627  4683519
0.518157958984  4683477
0.534515857697  4681555
0.534654855728  4679905
0.551338911057  4676208
0.551556825638  4665194
0.551694869995  4658910
0.551989793777  4658062
0.573798894882  4648544
0.573949813843  4635553
0.593237876892  4628421
0.593499898911  4617304
0.593658924103  4612853
0.611939907074  4592859
0.612082004547  4559901
0.631196975708  4551696
0.631497859955  4551382
0.631716012955  4550589
0.631853818893  4547028
0.632227897644  4540030
0.632364988327  4538880
0.632819890976  4537289
0.632956981659  4533827
0.633488893509  4532546
0.634574890137  4505789
0.635000944138  4489929
0.636051893234  4488611
0.636834859848  4488373
0.637444972992  4487525
0.637762784958  4485452
0.638136863708  4483097
0.638927936554  4478077
0.640190839767  4466051
0.640328884125  4449570
0.659773826599  4440266
0.659934997559  4418755
0.68138885498  4412491
0.681616783142  4400747
0.681953907013  4387909
0.682168006897  4381709
0.682626008987  4361255
0.683182954788  4351437
0.683387994766  4350361
0.684330940247  4344603
0.68452000618  4344430
0.684922933578  4341028
0.70538687706  4335165
0.705533981323  4313842
0.725629806519  4281124
0.750914812088  4279863
0.771698951721  4253280
0.811605930328  4252416
0.852526903152  4250292
0.893215894699  4247216
0.934266805649  4237203
0.97439289093  4230489
1.01302194595  4139681
1.05609178543  4137316
1.09604597092  4121417
1.13878798485  4121181
1.17826795578  4105526
1.21746897697  4026048
1.25698590279  4021653
1.29744291306  4013576
1.33674097061  4013359
1.41332578659  3988559
1.49003982544  3981825
1.56770896912  3981696
1.6093018055  3979573
1.68915390968  3977076
1.72892594337  3976273
1.80613088608  3946666
1.84924697876  3943545
1.9271299839  3930461
1.96566581726  3929285
2.04396390915  3908556
2.08226299286  3905382
2.16024279594  3901739
2.19899582863  3898980
2.27602481842  3896854
2.35343384743  3856960
2.4308359623  3855783
2.52574491501  3844945
2.62082982063  3843521
2.71736383438  3833276
2.81373786926  3831973
2.92806792259  3828140
3.04440379143  3805664
3.15930199623  3799056
3.34995388985  3785074
3.56138396263  3745892
3.76690888405  3743017
3.97265791893  3733901
4.178814888  3696879
4.45792293549  3690113
4.75683188438  3688621
5.11804199219  3685677
5.52849793434  3685440
5.92887496948  3615159
6.32884192467  3608308
6.73882579803  3572219
7.14547896385  3569521
7.54952979088  3567405
7.95431494713  3549235
8.36270189285  3547277
8.76680493355  3516848
9.17400693893  3464070
9.57707095146  3459074
9.98424100876  3450288
10.3833088875  3426309
10.7830898762  3425655
11.1832139492  3425433
11.5866558552  3425047
11.9854249954  3424359
12.3858258724  3423490
12.7846329212  3421147
13.1857938766  3416252
13.5831079483  3367006
13.985380888  3365254
14.3869159222  3365050
14.7865288258  3346986
15.1912269592  3345607
15.5984399319  3292804
16.0088558197  3290862
16.010589838  3290720
16.0121560097  3290291
16.0138809681  3288078
16.0692398548  3286725
16.084239006  3279313
16.087089777  3273492
16.0925109386  3271727
16.0935997963  3271645
16.0937378407  3269229
16.0939548016  3259240
16.0944099426  3258202
16.0946269035  3246909
16.0949218273  3241079
16.095058918  3236850
16.0955917835  3212632
16.0957288742  3212073
16.0963819027  3211402
16.0965189934  3196718
16.0972898006  3195743
16.097427845  3195338
16.0976669788  3194417
16.0988328457  3191373
16.1037428379  3186910
16.1049079895  3186907
16.1059958935  3186904
16.1067647934  3181013
16.1070618629  3130461
16.1116199493  3127525
16.1167318821  3120868
16.1254599094  3116541
16.1258349419  3111165
16.1285169125  3110531
16.1410229206  3110340
16.1416368484  3109702
16.1417748928  3108550
16.144618988  3108203
16.1448478699  3103615
16.1606698036  3098381
16.163435936  3093413
16.1659708023  3092508
16.1684219837  3091762
16.1687378883  3071148
16.1700649261  3070206
16.1714727879  3069640
16.1803538799  3061206
16.180492878  3048321
16.1835138798  3043854
16.1891748905  3040524
16.1951298714  3038742
16.1952688694  3038137
16.1954848766  3036568
16.1957809925  3035755
16.2079567909  3033519
16.208095789  3033322
16.2097449303  3030514
16.2152309418  3030384
16.2153699398  3029846
16.2209119797  3027605
16.227260828  3025853
16.2313280106  3025637
16.2314758301  3023433
16.2316939831  3021946
16.2349359989  3021139
16.2380959988  3018092
16.2382338047  3014055
16.238451004  3003227
16.2388238907  3001391
16.2390408516  2999398
16.2398087978  2995088
16.2401049137  2970430
16.2431128025  2969150
16.2466139793  2967457
16.2468450069  2967189
16.2544980049  2966461
16.261567831  2965441
16.2672448158  2964231
16.2674617767  2964115
16.2678358555  2962179
16.2687649727  2960701
16.2742788792  2960635
16.2747328281  2960586
16.2752869129  2960313
16.2755029202  2956500
16.2756409645  2954064
16.2796828747  2953419
16.2831799984  2951606
16.2947127819  2951167
16.3071219921  2950860
16.3250579834  2947986
16.3280138969  2943273
16.3281519413  2941686
16.734402895  2825213
17.1334748268  2822874
17.5398178101  2822699
17.9441227913  2822089
18.3576259613  2818791
18.7663428783  2738925
19.1748828888  2737602
19.5806539059  2731117
19.9877579212  2729938
20.3982639313  2689257
20.8020529747  2659129
21.2119398117  2642181
21.6195259094  2607457
22.0311059952  2606821
22.4822099209  2594440
22.9290268421  2573309
23.3340358734  2573114
23.7423019409  2520285
24.1544709206  2476775
24.5647478104  2475223
24.9766688347  2470393
25.3926858902  2468374
25.8003919125  2468256
26.201114893  2466540
26.6107947826  2463212
27.0163319111  2462611
27.4261929989  2450604
27.8441979885  2448094
28.2520430088  2438330
28.6678760052  2429199
29.0725178719  2426776
29.4782807827  2399204
29.8906428814  2372728
30.2990729809  2364313
30.7173678875  2359786
31.128112793  2357963
31.5306348801  2354616
31.9430809021  2353557
32.3567528725  2347288
32.764759779  2346873
33.1768069267  2345544
33.588244915  2316653
34.001199007  2316417
34.4119179249  2315914
34.8286929131  2315777
35.2371208668  2212826
35.6625537872  2202256
36.071767807  2199366
36.4783949852  2196875
36.8980247974  2195725
37.3093168736  2195274
37.7158939838  2192008
38.1245558262  2191554
38.5311319828  2188448
38.9574558735  2185832
39.3622620106  2174225
39.7842929363  2173776
40.2102208138  2172447
40.6420819759  2172200
41.0644807816  2170272
41.4808299541  2168372
41.9000298977  2166657
42.3205838203  2161165
42.7489128113  2160571
43.1696019173  2154934
43.5914378166  2154844
44.0197148323  2152561
44.4444348812  2115623
44.8859608173  2100942
45.3288788795  2095007
45.768037796  2092855
46.2117099762  2092401
46.662045002  2089950
47.1104938984  2076577
47.5567557812  2060171
48.032668829  2054390
48.5030078888  2053323
48.9940569401  2051628
49.4832189083  2051270
49.964373827  2049894
50.4328858852  2049814
