0.0372669696808  7055929
0.0385019779205  7046145
0.0387170314789  7040045
0.0390510559082  7015709
0.0395069122314  6998933
0.0400819778442  6980349
0.0402958393097  6975355
0.0409948825836  6948399
0.041207075119  6923332
0.0427589416504  6918457
0.0432660579681  6914531
0.0434529781342  6912335
0.0437450408936  6909865
0.0452799797058  6896844
0.0454459190369  6892463
0.0472538471222  6886975
0.0475270748138  6885801
0.0476958751678  6883515
0.0480999946594  6880553
0.0499129295349  6874952
0.0507349967957  6840383
0.0514039993286  6831176
0.0531389713287  6814150
0.0532810688019  6808905
0.053503036499  6801609
0.0545358657837  6796204
0.0563068389893  6760615
0.0564489364624  6756155
0.058317899704  6729664
0.0609920024872  6728417
0.0615389347076  6723899
0.0616860389709  6719695
0.062059879303  6707202
0.062196969986  6694683
0.0624918937683  6691442
0.0627088546753  6688914
0.0628459453583  6686518
0.0630629062653  6682791
0.0636720657349  6675920
0.0638880729675  6665987
0.0651299953461  6664687
0.0654249191284  6657848
0.0657999515533  6657837
0.0659379959106  6571458
0.0664000511169  6552542
0.0690288543701  6527501
0.0717179775238  6526463
0.0718560218811  6522154
0.0746839046478  6502357
0.0753729343414  6500488
0.0759038925171  6482086
0.0788118839264  6447097
0.0789499282837  6441004
0.0819389820099  6424739
0.0850319862366  6392014
0.0858800411224  6388004
0.0866470336914  6380637
0.0897948741913  6373747
0.0911939144135  6368362
0.0943870544434  6355207
0.0979578495026  6338375
0.0983319282532  6337854
0.0984690189362  6337297
0.0986840724945  6333415
0.0992150306702  6244181
0.0993518829346  6243739
0.103057861328  6239713
0.103273868561  6236857
0.10738492012  6220870
0.107679843903  6211271
0.107816934586  6208578
0.108211040497  6188111
0.108347892761  6182861
0.108563899994  6177519
0.112671852112  6176995
0.116968870163  6162113
0.117105960846  6160407
0.117478847504  6159934
0.119037866592  6158879
0.11917591095  6157487
0.120023012161  6157396
0.120970010757  6156822
0.121973991394  6155636
0.12680888176  6151669
0.128288030624  6151383
0.129210948944  6150305
0.132761955261  6146730
0.132899999619  6146332
0.136538028717  6145808
0.141368865967  6127479
0.146306037903  6118294
0.146443843842  6112094
0.151676893234  6108592
0.155956029892  6108493
0.158647060394  6102036
0.163884878159  6100022
0.170589923859  6074650
0.170884847641  6054812
0.171630859375  6046169
0.172695875168  6023459
0.173095941544  6021449
0.177664995193  6018201
0.181473970413  6009206
0.181640863419  6005869
0.187551021576  6003153
0.187689065933  5997094
0.194077014923  5975490
0.20067191124  5966762
0.20198392868  5955207
0.203137874603  5944540
0.209810018539  5938771
0.209948062897  5936876
0.217565059662  5926096
0.217702865601  5894407
0.217917919159  5892401
0.218209981918  5888865
0.218976020813  5875880
0.219425916672  5869752
0.220187902451  5855316
0.221029043198  5852723
0.223047018051  5841822
0.224202871323  5832391
0.231845855713  5815340
0.23198390007  5794772
0.240048885345  5790312
0.240499973297  5781091
0.248651981354  5774636
0.248790025711  5740106
0.257282018661  5730560
0.257420063019  5725326
0.2576649189  5723356
0.259714841843  5716429
0.2598528862  5714987
0.261561870575  5700459
0.270124912262  5682981
0.270262956619  5645487
0.281095027924  5640384
0.281388044357  5629374
0.281602859497  5618807
0.281973838806  5602226
0.282422065735  5580302
0.282557964325  5557715
0.283400058746  5536697
0.283539056778  5505592
0.283832073212  5504906
0.283968925476  5411893
0.284887075424  5361774
0.285023927689  5356253
0.2868039608  5352572
0.286941051483  5350905
0.287234067917  5339313
0.287839889526  5336096
0.287976980209  5298434
0.288661003113  5297068
0.292022943497  5291546
0.293595075607  5291489
0.304286956787  5290355
0.304425001144  5262493
0.316077947617  5257827
0.321132898331  5257485
0.32466006279  5243066
0.336420059204  5231311
0.336557865143  5200957
0.348643064499  5193220
0.349014997482  5183758
0.349151849747  5181795
0.351492881775  5180054
0.351785898209  5180007
0.352234840393  5171682
0.354322910309  5165949
0.35446190834  5135214
0.366687059402  5124240
0.366824865341  5095742
0.382854938507  5089139
0.382992982864  5078656
0.383442878723  5034557
0.383579969406  5034336
0.383795022964  5033034
0.384088993073  5029383
0.384460926056  5023790
0.385143995285  5002511
0.385280847549  4993055
0.38619685173  4987690
0.386568069458  4981269
0.386704921722  4979586
0.388254880905  4976714
0.388781070709  4971481
0.388998031616  4936715
0.389369010925  4933486
0.390287876129  4921499
0.390501976013  4920737
0.390872955322  4910572
0.392678022385  4909305
0.392893075943  4908858
0.393418073654  4906855
0.393554925919  4906338
0.393846035004  4898220
0.394685029984  4897367
0.395760059357  4894280
0.396172046661  4892691
0.396307945251  4891033
0.398562908173  4885549
0.399564027786  4876995
0.399700880051  4875348
0.400070905685  4875311
0.400285959244  4866890
0.400811910629  4857630
0.403507947922  4856354
0.403955936432  4855128
0.404326915741  4846208
0.405955076218  4844749
0.406169891357  4843430
0.40630698204  4843421
0.407614946365  4841724
0.410341978073  4839305
0.411026954651  4813618
0.411545991898  4813567
0.411938905716  4811976
0.412569046021  4811444
0.415808916092  4801593
0.415946960449  4792233
0.421458005905  4784830
0.424350976944  4783957
0.425034999847  4761614
0.440842866898  4757280
0.456778049469  4756069
0.456994056702  4742201
0.460121870041  4739009
0.463284015656  4733411
0.463505983353  4726117
0.480697870255  4722000
0.481469869614  4692744
0.482156038284  4691103
0.498568058014  4683519
0.498712062836  4683477
0.515071868896  4681555
0.515212059021  4679905
0.533858060837  4676208
0.534091949463  4665194
0.534246921539  4658910
0.534608840942  4658062
0.552587032318  4648544
0.552742958069  4635553
0.569510936737  4628421
0.569742918015  4617304
0.569880962372  4612853
0.586701869965  4592859
0.586840867996  4559901
0.604853868484  4551696
0.605149030685  4551382
0.605365991592  4550589
0.605502843857  4547028
0.605875015259  4540030
0.606010913849  4538880
0.606462001801  4537289
0.606597900391  4533827
0.607126951218  4532546
0.608126878738  4505789
0.608500957489  4489929
0.609422922134  4488611
0.61018705368  4488373
0.610794067383  4487525
0.611088037491  4485452
0.6114590168  4483097
0.612223863602  4478077
0.613460063934  4466051
0.613596916199  4449570
0.631630897522  4440266
0.631768941879  4418755
0.650267839432  4412491
0.650405883789  4400747
0.650621891022  4387909
0.65075802803  4381709
0.651052951813  4361255
0.65142583847  4351437
0.651562929153  4350361
0.652248859406  4344603
0.652385950089  4344430
0.652679920197  4341028
0.672294855118  4335165
0.67244386673  4313842
0.692254066467  4281124
0.716407060623  4279863
0.735950946808  4253280
0.774155855179  4252416
0.813027858734  4250292
0.851736068726  4247216
0.890627861023  4237203
0.930566072464  4230489
0.968929052353  4139681
1.00711894035  4137316
1.0455160141  4121417
1.08633089066  4121181
1.12500190735  4105526
1.16323399544  4026048
1.20632600784  4021653
1.24585103989  4013576
1.28444600105  4013359
1.35973501205  3988559
1.43556690216  3981825
1.5117430687  3981696
1.55463695526  3979573
1.63263702393  3977076
1.67761087418  3976273
1.75327396393  3946666
1.79134202003  3943545
1.86706590652  3930461
1.90501999855  3929285
1.98081898689  3908556
2.01899194717  3905382
2.10006904602  3901739
2.138215065  3898980
2.21397805214  3896854
2.28960084915  3856960
2.36554098129  3855783
2.46172499657  3844945
2.55624699593  3843521
2.65193200111  3833276
2.74624204636  3831973
2.85899496078  3828140
2.97144794464  3805664
3.08490085602  3799056
3.27226090431  3785074
3.47633695602  3745892
3.6811850071  3743017
3.88566493988  3733901
4.09089303017  3696879
4.36632585526  3690113
4.66062998772  3688621
4.98922896385  3685677
5.3918428421  3685440
5.79069805145  3615159
6.18969202042  3608308
6.59351301193  3572219
6.99395394325  3569521
7.3919699192  3567405
7.80192399025  3549235
8.20437693596  3547277
8.60011196136  3516848
8.99814486504  3464070
9.3939139843  3459074
9.7991528511  3450288
10.1962008476  3426309
10.5928800106  3425655
10.988052845  3425433
11.3941340446  3425047
11.7968080044  3424359
12.1955049038  3423490
12.5952019691  3421147
12.99457407  3416252
13.3929870129  3367006
13.7942230701  3365254
14.1923279762  3365050
14.5903599262  3346986
14.9934110641  3345607
15.3990559578  3292804
15.7964098454  3290862
15.7981128693  3290720
15.7996768951  3290291
15.8013758659  3288078
15.8557109833  3286725
15.870527029  3279313
15.8733780384  3273492
15.8783409595  3271727
15.8794169426  3271645
15.8795540333  3269229
15.8797678947  3259240
15.8802158833  3258202
15.8804309368  3246909
15.8807229996  3241079
15.8808598518  3236850
15.8813860416  3212632
15.8815238476  3212073
15.8821280003  3211402
15.8822648525  3196718
15.8830239773  3195743
15.8831598759  3195338
15.8833749294  3194417
15.88458395  3191373
15.8890650272  3186910
15.8902180195  3186907
15.8912930489  3186904
15.8920559883  3181013
15.8923499584  3130461
15.8968639374  3127525
15.9018959999  3120868
15.9105410576  3116541
15.9109129906  3111165
15.9135630131  3110531
15.924916029  3110340
15.9255218506  3109702
15.9256589413  3108550
15.928385973  3108203
15.9286019802  3103615
15.9436500072  3098381
15.9463758469  3093413
15.948884964  3092508
15.951294899  3091762
15.9515900612  3071148
15.9528999329  3070206
15.9542880058  3069640
15.9630858898  3061206
15.9632239342  3048321
15.9661948681  3043854
15.9718179703  3040524
15.9777019024  3038742
15.9778380394  3038137
15.9780519009  3036568
15.9783449173  3035755
15.9900269508  3033519
15.9901649952  3033322
15.9917910099  3030514
15.9972848892  3030384
15.9974219799  3029846
16.0028810501  3027605
16.0091490746  3025853
16.0131559372  3025637
16.0132939816  3023433
16.0135090351  3021946
16.0167188644  3021139
16.0198960304  3018092
16.0200328827  3014055
16.0202488899  3003227
16.0206620693  3001391
16.0208759308  2999398
16.0216388702  2995088
16.0219318867  2970430
16.0248990059  2969150
16.0284290314  2967457
16.0286450386  2967189
16.0359668732  2966461
16.0434629917  2965441
16.0492639542  2964231
16.0494799614  2964115
16.0498509407  2962179
16.0507688522  2960701
16.0562238693  2960635
16.0566740036  2960586
16.057199955  2960313
16.0574150085  2956500
16.0575518608  2954064
16.0615808964  2953419
16.0650269985  2951606
16.0764658451  2951167
16.0882189274  2950860
16.1063909531  2947986
16.1093080044  2943273
16.1094448566  2941686
16.507901907  2825213
16.9145770073  2822874
17.3152010441  2822699
17.7171099186  2822089
18.1193890572  2818791
18.5229949951  2738925
18.9280049801  2737602
19.327933073  2731117
19.7279179096  2729938
20.1258349419  2689257
20.5287740231  2659129
20.9279520512  2642181
21.3275158405  2607457
21.7258658409  2606821
22.1295120716  2594440
22.5286340714  2573309
22.930398941  2573114
23.3308799267  2520285
23.7346429825  2476775
24.133728981  2475223
24.5339899063  2470393
24.9338889122  2468374
25.3328518867  2468256
25.7309839725  2466540
26.1321768761  2463212
26.5306968689  2462611
26.9304878712  2450604
27.3433640003  2448094
27.7441689968  2438330
28.1476049423  2429199
28.544479847  2426776
28.942522049  2399204
29.3423569202  2372728
29.7533760071  2364313
30.1521959305  2359786
30.5500938892  2357963
30.9482848644  2354616
31.3512730598  2353557
31.7539389133  2347288
32.1542789936  2346873
32.5535068512  2345544
32.9530739784  2316653
33.3536720276  2316417
33.7516238689  2315914
34.1505720615  2315777
34.5494580269  2212826
34.9656729698  2202256
35.3634569645  2199366
35.7615890503  2196875
36.1595270634  2195725
36.5578460693  2195274
36.9553759098  2192008
37.354984045  2191554
37.7539129257  2188448
38.15198493  2185832
38.5521390438  2174225
38.9692230225  2173776
39.3853979111  2172447
39.8006420135  2172200
40.2166759968  2170272
40.6325519085  2168372
41.0489330292  2166657
41.465898037  2161165
41.8814499378  2160571
42.2995140553  2154934
42.7220990658  2154844
43.1488699913  2152561
43.5636649132  2115623
43.9958920479  2100942
44.4294030666  2095007
44.8626668453  2092855
45.2949428558  2092401
45.7272388935  2089950
46.16010499  2076577
46.5948860645  2060171
47.060833931  2054390
47.5267369747  2053323
47.9948499203  2051628
48.4605948925  2051270
48.9269800186  2049894
49.3933990002  2049814
49.8652539253  2049747
50.3331718445  2040030
50.8007159233  2033590
51.2677788734  2029487
51.7321119308  2024066
52.2015399933  2017218
52.6681900024  2016121
53.1349129677  1983228
53.6015789509  1982662
54.0683188438  1981669
54.5343768597  1980255
55.0106840134  1976999
55.4791200161  1976623
55.9459450245  1974526
56.4120910168  1931347
56.8789989948  1911407
57.4447000027  1904240
58.0269169807  1903529
58.6081109047  1894225
59.1897280216  1894216
59.7785589695  1892153
60.3643279076  1891944
60.9460458755  1891011
61.5434780121  1856712
62.1413290501  1856456
62.7544169426  1836371
63.3379709721  1836091
63.9522979259  1835977
64.5327410698  1835976
65.1494810581  1835514
65.7615818977  1834782
66.3769888878  1828227
66.9898738861  1817053
67.5725140572  1816997
68.1952400208  1816923
68.7790229321  1816880
69.3960189819  1813805
70.0111529827  1779231
70.595031023  1778678
71.276006937  1778017
71.9600329399  1774372
72.6375219822  1771294
73.3171930313  1771186
73.9940869808  1770192
74.6710879803  1766547
75.3683879375  1763527
76.0766489506  1763499
76.8772568703  1759758
77.2780380249  1758871
77.6757600307  1757931
78.0781259537  1754793
78.4820668697  1749210
79.2857789993  1747133
80.0849468708  1747070
80.8894739151  1744466
81.6896500587  1741417
82.4936289787  1739637
83.3002939224  1737636
84.1014418602  1736836
84.9080889225  1735452
85.7164008617  1735064
86.5202908516  1733643
87.3263349533  1726722
88.1360330582  1725108
88.9673759937  1724167
89.7669630051  1723874
90.5973348618  1723764
91.4281959534  1722921
92.2576260567  1722707
93.0972640514  1722356
93.9354720116  1716269
94.7817468643  1716052
95.625980854  1716010
96.4698040485  1711881
97.3143420219  1708655
98.1659698486  1708510
99.0112440586  1708022
99.8576538563  1697874
100.706455946  1694857
101.554717064  1687874
102.439369917  1686349
103.296951056  1684280
104.150945902  1683930
105.000918865  1683755
105.855392933  1680436
106.704755068  1677665
107.554681063  1676514
108.412672043  1676149
109.2654109  1675860
110.121289015  1675286
110.971916914  1674320
111.828567028  1669823
112.765580893  1669219
113.701935053  1668845
114.660289049  1668525
115.592261076  1668294
116.538977861  1668192
117.476897001  1663285
118.41444087  1661959
119.367516041  1659825
120.341935873  1659420
121.364774942  1658985
122.440320015  1658948
123.383558035  1658837
124.319571018  1658572
125.25415206  1658552
126.190717936  1656954
127.142369986  1656351
128.240159988  1653582
129.314270973  1653319
130.262604952  1653258
131.211153984  1652975
132.162222862  1652973
133.264991045  1652096
134.204336882  1651814
135.157608986  1651782
136.110280991  1651596
137.055572033  1649969
138.00216794  1646771
138.949970961  1646723
139.896359921  1646619
140.841594934  1644763
141.786391973  1641962
142.745466948  1639499
143.706344843  1635315
144.667136908  1633756
145.62883687  1633191
146.561084032  1633122
147.656910896  1633056
148.799654007  1630264
149.936316967  1629981
151.078289986  1629974
152.177268982  1629252
153.305474043  1628831
154.249119043  1628687
155.132722855  1628137
156.023010969  1627510
156.906281948  1627487
157.7832129  1627249
158.698484898  1626708
159.625818014  1626231
160.570339918  1626174
161.516299009  1625389
162.453651905  1625369
163.390384912  1624757
164.338445902  1624399
165.313753843  1623460
166.312092066  1622933
167.422966003  1615325
168.541115999  1614769
169.660737038  1605500
170.770755053  1603698
171.886612892  1602146
173.001339912  1599780
174.118995905  1598139
175.231641054  1595688
176.348999023  1594879
177.476311922  1565318
178.600502014  1562309
179.731765985  1562301
180.856684923  1560811
181.989348888  1559595
183.10898304  1559146
184.238743067  1556071
185.365959883  1555079
186.496692896  1554255
187.629914045  1553969
188.759929895  1552431
189.894098043  1552307
191.019927025  1552212
192.150418043  1550773
193.280889988  1548575
194.423327923  1547084
195.737693071  1545402
196.951298952  1544883
198.267540932  1544630
199.446321964  1543174
200.59935689  1541142
201.748883009  1538804
202.915009022  1538796
204.088708878  1538781
205.262289047  1530268
206.425595999  1529085
207.592892885  1528802
208.760586023  1527711
209.929846048  1526263
211.104598999  1525452
212.269909859  1525389
213.442401886  1525120
214.603508949  1524110
215.801435947  1523860
216.984416008  1523443
218.168848038  1521949
219.359008074  1521946
220.544101  1520688
221.665405989  1520364
222.81059289  1519960
223.974180937  1519886
225.104477882  1519192
226.257413864  1518207
227.44349885  1516571
228.638853073  1516139
229.834537029  1515892
231.021767855  1515641
232.219408989  1515010
233.478623867  1514507
234.744808912  1514470
236.017976999  1514273
237.279671907  1513518
238.542284012  1512662
239.808619976  1510687
241.073225975  1510058
242.274327993  1510053
243.475343943  1509893
244.741350889  1509500
245.942667007  1509325
247.170171976  1508718
248.440352917  1505464
249.716495991  1501986
250.923763037  1501881
252.132637978  1501721
253.409811974  1501561
254.616385937  1501548
255.846801043  1501114
257.136621952  1500809
258.433321953  1500276
259.718348026  1498169
261.016244888  1494679
262.314873934  1493901
263.606189013  1490642
264.907719851  1490511
266.070903063  1490461
267.19918704  1490421
268.349427938  1489510
269.497465849  1489402
270.645063877  1487712
271.803384066  1486666
272.954648018  1486390
274.075747013  1486023
275.238286972  1485661
276.412077904  1485408
277.580028057  1485172
278.74896884  1484495
279.918488026  1484022
281.082448006  1483761
282.246047974  1483609
283.412253857  1482853
284.590087891  1482110
285.754790068  1481639
286.920824051  1480321
288.088393927  1479374
289.252160072  1456473
290.417681932  1449963
291.586220026  1447912
292.773369074  1446905
293.922086954  1446549
295.063304901  1446161
296.223306894  1445840
297.395463943  1445500
298.579908848  1443242
299.789546967  1443067
300.997767925  1443066
302.199261904  1435468
303.403025866  1430186
304.607343912  1412620
305.807261944  1412237
307.004739046  1408885
308.176041842  1408884
309.378682852  1408864
310.552214861  1408472
311.766932964  1407231
312.978415012  1406759
314.179311991  1404510
315.381188869  1403300
316.589252949  1401171
317.799057961  1389964
319.007147074  1389768
320.206357956  1389167
321.405056  1389156
322.605905056  1388482
323.80724287  1386661
325.187972069  1386422
326.561078072  1386062
327.938564062  1385861
329.381542921  1385755
330.803370953  1385650
332.246568918  1385148
333.71152401  1385094
335.178015947  1384481
336.655997038  1384102
338.135344982  1383840
339.612238884  1383295
341.080119848  1382589
342.548768044  1380971
343.917528868  1380678
345.286179066  1379962
346.697946072  1379946
348.137695074  1379674
349.347431898  1379449
350.55911088  1379135
351.756072044  1379110
352.953263044  1378125
354.153445005  1377896
355.353718996  1377293
356.552058935  1377068
357.752416849  1377062
358.966012001  1376703
360.195746899  1376469
361.64427495  1376409
363.124279976  1375691
364.608044863  1375556
366.092233896  1373413
367.569772005  1373199
369.073221922  1372396
370.57465601  1370294
372.079376936  1370077
373.611922026  1369427
375.142686844  1369293
376.649843931  1369149
378.182939053  1368869
379.716423988  1368729
381.23069191  1368670
382.769224882  1367326
384.278868914  1367182
385.81170702  1364311
387.344174862  1364107
388.850157976  1363828
390.393558025  1361366
391.937339067  1360808
393.472672939  1340734
395.009017944  1339957
396.546184063  1329933
398.084627867  1320133
399.619603872  1317136
401.16118288  1313800
402.69788003  1307995
404.236786842  1290939
405.776548862  1289916
407.314317942  1288710
408.515039921  1288510
409.665328026  1288336
410.891296864  1288025
412.041324854  1287312
413.372957945  1286211
414.704455853  1286177
416.036932945  1286046
417.371250868  1285978
418.702026844  1285735
420.054470062  1285695
421.472107887  1285425
422.645525932  1285265
423.78382802  1285231
425.115475893  1284942
426.458667994  1284634
427.821953058  1284612
429.169009924  1284333
430.551349878  1283857
431.935014009  1283739
433.347089052  1283406
434.747474909  1280468
436.14597106  1280436
437.54727006  1279254
438.972090006  1276984
440.395580053  1273960
441.828600883  1254942
443.26799202  1252630
444.738955975  1251849
446.131429911  1251684
447.520051003  1251625
448.941156864  1251002
450.394705057  1250266
451.850638866  1249931
453.316922903  1248516
454.778512955  1247730
456.242634058  1246635
457.703153849  1246012
459.167042971  1245691
460.645138025  1245074
462.150768995  1244872
463.65643096  1244693
465.161588907  1244278
466.678315878  1243808
468.204768896  1243260
469.775991917  1243175
471.349293947  1242510
472.94749999  1242499
474.551338911  1242076
476.146424055  1241375
477.738981962  1239959
479.336508036  1238629
480.936037064  1236894
482.526546955  1236428
484.114261866  1235938
485.705322981  1235930
487.293179035  1235053
488.885258913  1234157
490.479912043  1234154
492.075708866  1234028
493.669838905  1232292
495.254065037  1231519
496.90417099  1230642
498.57133007  1230122
500.240017891  1230007
501.901051998  1229768
503.51036787  1229429
505.117856979  1228387
506.714817047  1227828
508.324715853  1227731
509.932313919  1226821
511.571316004  1226488
513.212812901  1226293
514.835939884  1224765
516.478231907  1224236
518.114660978  1223684
519.749243021  1222674
521.375087976  1222321
523.007932901  1221037
524.651677847  1220824
526.312084913  1219957
527.956574917  1219196
529.610944033  1219075
531.280082941  1218893
532.931524992  1218529
534.595294952  1218381
536.219846964  1218186
537.851292849  1218146
539.440675974  1218051
541.040760994  1217672
542.731006861  1217592
544.428529978  1217246
546.12638402  1215157
547.821980953  1208251
549.229147911  1208162
550.358451843  1207774
551.673112869  1206589
552.937635899  1206522
554.577340841  1206490
556.247251034  1205697
557.955147028  1190314
559.660663843  1189865
561.358566999  1187180
563.068775892  1185943
564.780235052  1182297
566.494749069  1181606
568.207991838  1176444
569.92235899  1175654
571.635900021  1167362
573.350198984  1150483
575.046925068  1149912
576.762665033  1143678
578.510473967  1136574
580.247288942  1130298
581.992626905  1129891
583.688977957  1129510
585.382468939  1128559
587.116111994  1126397
588.839222908  1111391
590.568063974  1105573
592.294415951  1104310
594.024980068  1104106
595.751674891  1103463
597.479161978  1101930
599.213463068  1101898
600.954125881  1099178
