0.040568113327  6761048
0.0410211086273  6752692
0.0415711402893  6744801
0.0417611598969  6734733
0.0424180030823  6729057
0.0425729751587  6722757
0.0437171459198  6721053
0.0439400672913  6712597
0.0453090667725  6711888
0.046049118042  6709857
0.046590089798  6688500
0.0477550029755  6684155
0.0493490695953  6684067
0.0507650375366  6683132
0.0509071350098  6681477
0.0528321266174  6679892
0.0545680522919  6677587
0.0547971725464  6666629
0.0549430847168  6666535
0.0566580295563  6663795
0.0589101314545  6662739
0.0590691566467  6658560
0.0594000816345  6657802
0.0596511363983  6651111
0.060173034668  6625632
0.0604660511017  6624285
0.0626311302185  6616722
0.0652170181274  6614587
0.0659341812134  6598768
0.0665459632874  6598329
0.0667331218719  6597946
0.0694220066071  6596493
0.0713231563568  6596423
0.0714731216431  6574614
0.0723810195923  6574053
0.0733251571655  6558431
0.0761239528656  6555230
0.0790920257568  6553383
0.0817551612854  6551941
0.0854260921478  6549839
0.0860359668732  6548948
0.0869450569153  6548887
0.0871181488037  6548585
0.0873801708221  6547653
0.0878291130066  6545743
0.0879940986633  6544637
0.0890901088715  6542608
0.0893530845642  6542491
0.0896849632263  6540069
0.0924801826477  6539809
0.0944671630859  6534942
0.0946049690247  6533458
0.0950529575348  6530179
0.0979840755463  6522017
0.0982899665833  6520244
0.101715087891  6517923
0.101856946945  6492906
0.102077960968  6479690
0.102378129959  6467819
0.102920055389  6466531
0.10306096077  6441044
0.106794118881  6432349
0.107218027115  6432235
0.112915039062  6431783
0.11313700676  6414282
0.117640972137  6407328
0.121646165848  6406924
0.12656712532  6406001
0.126712083817  6400970
0.126927137375  6396752
0.127604961395  6395061
0.127742052078  6379648
0.128262996674  6354290
0.133047103882  6350566
0.133339166641  6348855
0.140185117722  6348723
0.141584157944  6340226
0.141803979874  6335827
0.142271995544  6334093
0.149602174759  6332398
0.155859947205  6330692
0.156000137329  6327320
0.156789064407  6326286
0.163544178009  6324978
0.163697004318  6320401
0.170269012451  6318288
0.170732021332  6316573
0.178617954254  6316113
0.178761005402  6288600
0.179443120956  6286434
0.179579019547  6284982
0.179949045181  6284698
0.180240154266  6273842
0.181153059006  6273511
0.181290149689  6272568
0.181813001633  6271299
0.182182073593  6269073
0.183094978333  6264159
0.184164047241  6260996
0.193248987198  6258754
0.193398952484  6257643
0.193614006042  6240741
0.203011035919  6239024
0.203401088715  6238924
0.203701019287  6237825
0.203840970993  6235704
0.204298019409  6233632
0.216416120529  6231573
0.216612100601  6203182
0.225473165512  6201592
0.225687980652  6194369
0.234169006348  6192158
0.234307050705  6192078
0.234521150589  6163945
0.244294166565  6163875
0.244434118271  6161293
0.24493098259  6156398
0.245068073273  6148863
0.246189117432  6148691
0.246603965759  6146900
0.247051954269  6138116
0.247189044952  6135169
0.256895065308  6132981
0.257033109665  6119528
0.26730298996  6118344
0.267518043518  6114203
0.267888069153  6103059
0.268033027649  6102491
0.268635988235  6091134
0.268773078918  6072774
0.269065141678  6069492
0.270915031433  6064397
0.272063970566  6064162
0.282427072525  6062002
0.282565116882  6061248
0.296050071716  6059910
0.307806968689  6058094
0.307962179184  6056949
0.319450139999  6055133
0.319677114487  5925775
0.331618070602  5924688
0.33176612854  5917245
0.332134008408  5916355
0.345510959625  5915083
0.34579706192  5914797
0.346357107162  5903458
0.3609790802  5901987
0.361369132996  5901916
0.377489089966  5900890
0.378705024719  5893439
0.379060983658  5883014
0.391718149185  5882268
0.408115148544  5880939
0.408343076706  5880234
0.423463106155  5877999
0.423846960068  5873497
0.437621116638  5872340
0.437963008881  5868774
0.438174962997  5867300
0.438868999481  5861586
0.439083099365  5859034
0.454074144363  5858950
0.454220056534  5849787
0.454523086548  5846245
0.455131053925  5845115
0.455273151398  5841867
0.458677053452  5841072
0.460103988647  5838689
0.462494134903  5837579
0.479578018188  5837271
0.494048118591  5836047
0.49434709549  5833421
0.494563102722  5831882
0.498761177063  5831313
0.499056100845  5826718
0.499972105026  5826301
0.500108957291  5823932
0.500401973724  5819539
0.503200054169  5819370
0.503337144852  5797966
0.504817962646  5797256
0.508701086044  5796158
0.52280497551  5794436
0.523020982742  5789732
0.523313999176  5789391
0.523451089859  5788888
0.523743152618  5786438
0.524513959885  5783817
0.524651050568  5770237
0.524865150452  5769855
0.525156974792  5768589
0.5393409729  5766263
0.539558172226  5765553
0.556231021881  5763699
0.556410074234  5756933
0.556702136993  5738996
0.572071075439  5736987
0.572208166122  5731330
0.58716917038  5730479
0.587541103363  5721271
0.587677001953  5720855
0.587912082672  5715213
0.603103160858  5712841
0.603317975998  5711809
0.603610038757  5710885
0.619415998459  5710848
0.619708061218  5710545
0.639672040939  5708188
0.661417961121  5706579
0.66212105751  5705837
0.662695169449  5704803
0.663347005844  5683983
0.663532972336  5683381
0.681530952454  5681278
0.681751012802  5679743
0.698788166046  5678778
0.698930978775  5677178
0.717177152634  5676950
0.717465162277  5642469
0.736294031143  5640996
0.73645401001  5639931
0.737641096115  5639238
0.737782001495  5638787
0.738003015518  5637518
0.738144159317  5635921
0.738926172256  5635614
0.739228963852  5581809
0.739609956741  5524422
0.73975110054  5508784
0.74029302597  5505137
0.741513967514  5500402
0.743618011475  5499465
0.745640039444  5499459
0.745841026306  5493451
0.747769117355  5493089
0.747955083847  5492944
0.767292976379  5491019
0.767441034317  5468044
0.789119958878  5466373
0.789519071579  5464346
0.789659976959  5464140
0.812824964523  5462649
0.813045024872  5440831
0.816220998764  5439285
0.816517114639  5437945
0.816912174225  5435849
0.817785024643  5434058
0.818736076355  5431004
0.818995952606  5430494
0.820907115936  5428836
0.842259168625  5427385
0.842432975769  5427233
0.867602109909  5425417
0.887650966644  5424874
0.907430171967  5424052
0.926529169083  5422405
0.945729017258  5420241
0.969671964645  5400869
0.992321014404  5400702
1.01664805412  5397989
