0.0390391349792  7057761
0.0393459796906  7050730
0.0394821166992  7043001
0.0398061275482  7030079
0.0402910709381  7014269
0.0407791137695  7008604
0.0409409999847  7006725
0.0420370101929  7003814
0.0421869754791  6993391
0.0429811477661  6992355
0.0434310436249  6970676
0.0439260005951  6969929
0.0440881252289  6946716
0.0442500114441  6937828
0.0444121360779  6932350
0.0447361469269  6926459
0.0450580120087  6913830
0.0452239513397  6876990
0.0455510616302  6820593
0.045695066452  6771948
0.0458381175995  6736480
0.0461230278015  6736340
0.0462670326233  6658320
0.0464029312134  6655455
0.046777009964  6639620
0.0470271110535  6603781
0.0471539497375  6582781
0.047651052475  6577515
0.0481481552124  6570582
0.0482749938965  6560320
0.0484030246735  6553168
0.0486509799957  6431210
0.0489020347595  6379448
0.0490329265594  6359956
0.0491600036621  6354920
0.049535036087  6288820
0.0496621131897  6275620
0.0497980117798  6271681
0.0501990318298  6250330
0.0503361225128  6237041
0.0504720211029  6231816
0.0508060455322  6228031
0.0509610176086  6222756
0.0512380599976  6219853
0.0516531467438  6185830
0.052031993866  6185502
0.0526599884033  6105818
0.0527920722961  6098929
0.0529210567474  6085336
0.0530490875244  6084101
0.0536780357361  6076979
0.0540630817413  6075466
0.0548141002655  6068031
0.0549409389496  6065128
0.0554430484772  6049083
0.0555710792542  6045482
0.0561940670013  6043418
0.0570681095123  6042580
0.0575699806213  6037775
0.0579481124878  6036583
0.0583250522614  6036022
0.0585770606995  5999249
0.0591139793396  5997563
0.0592701435089  5997051
0.0605170726776  5984868
0.060909986496  5975368
0.06165599823  5956219
0.061784029007  5955459
0.0619120597839  5939201
0.0625431537628  5915392
0.0631771087646  5912394
0.0634310245514  5911266
0.063560962677  5892308
0.0646910667419  5890508
0.064945936203  5889167
0.0653259754181  5882965
0.0655810832977  5880199
0.065710067749  5876995
0.066465139389  5876493
0.0665941238403  5872345
0.0672380924225  5871027
0.0683071613312  5870172
0.0684430599213  5859369
0.0692400932312  5856988
0.0693669319153  5856240
0.0698671340942  5852912
0.0702419281006  5850756
0.0709910392761  5849121
0.0714881420135  5847957
0.0718641281128  5846251
0.0732221603394  5843136
0.0737321376801  5841832
0.0738670825958  5828919
0.0744111537933  5812223
0.0748691558838  5800203
0.0752711296082  5768396
0.0772960186005  5747851
0.0774400234222  5740579
0.0775761604309  5724943
0.0783579349518  5692023
0.0787341594696  5688402
0.0793571472168  5658861
0.0804750919342  5644992
0.0814690589905  5621307
0.0815961360931  5573869
0.0819699764252  5573079
0.0829091072083  5568048
0.0830359458923  5567610
0.0852069854736  5559570
0.0857210159302  5536678
0.0862219333649  5531486
0.0868470668793  5524838
0.0872709751129  5505660
0.0876779556274  5500411
0.0880560874939  5494425
0.0885570049286  5486172
0.0890591144562  5473124
0.089684009552  5470367
0.0906839370728  5460364
0.0908119678497  5459720
0.0918071269989  5432542
0.0924670696259  5415298
0.0929989814758  5348881
0.0931351184845  5332692
0.093976020813  5330914
0.0946180820465  5303509
0.095911026001  5297765
0.0960400104523  5293771
0.0964260101318  5199365
0.0968029499054  5123125
0.0977971553802  5123055
0.0985460281372  5087087
0.0987980365753  5056459
0.0991721153259  5055820
0.0996780395508  5055068
0.0999300479889  5025006
0.100677013397  5018980
0.101081132889  4984750
0.101623058319  4983697
0.102932929993  4976303
0.103307962418  4970758
0.105170965195  4964382
0.106677055359  4951146
0.106807947159  4944385
0.107191085815  4939897
0.108502149582  4938619
0.108659982681  4934056
0.109283924103  4879316
0.109836101532  4878516
0.109969139099  4878394
0.110370159149  4873863
0.110500097275  4867322
0.110640048981  4793992
0.111320972443  4786844
0.111861944199  4773098
0.115592002869  4756078
0.116115093231  4752356
0.117428064346  4739214
0.120221138  4737519
0.121112108231  4735111
0.122746944427  4722310
0.123880147934  4721881
0.128775119781  4721104
0.129302024841  4717886
0.129467010498  4716133
0.130237102509  4715886
0.130790948868  4706063
0.13169002533  4695653
0.132329940796  4695437
0.132715940475  4666738
0.132848024368  4664828
0.133738040924  4663693
0.134010076523  4662136
0.138579130173  4660139
0.138709068298  4639833
0.138839006424  4631193
0.139980077744  4629540
0.140362977982  4624449
0.141121149063  4616618
0.14226102829  4609128
0.142403125763  4598332
0.1434071064  4592823
0.143790960312  4584358
0.143918991089  4571980
0.146296024323  4563545
0.146925926208  4562391
0.147197961807  4558675
0.147864103317  4475047
0.148000001907  4460451
0.148136138916  4456833
0.148797988892  4455378
0.149385929108  4446717
0.151647090912  4395580
0.151780128479  4369738
0.152537107468  4359648
0.153298139572  4355378
0.1540620327  4352391
0.155195951462  4337940
0.156952142715  4228976
0.159836053848  4223109
0.16001200676  4172436
0.161469936371  4165392
0.163964986801  4163578
0.164618015289  4163571
0.165511131287  4144409
0.167783021927  4135679
0.168039083481  4125529
0.168547153473  4115385
0.16943693161  4110905
0.169821023941  4109870
0.170845031738  4108122
0.173126935959  4103224
0.174267053604  4094862
0.174525976181  4093012
0.178614139557  4089405
0.180146932602  4089259
0.180762052536  4082457
0.183604001999  4082099
0.183881998062  4081084
0.187683105469  4053102
0.190202951431  4051475
0.19045996666  4038745
0.192377090454  4037597
0.19877910614  4036916
0.199916124344  4018038
0.200675964355  4008407
0.205635070801  4007672
0.205765008926  4004190
0.211787939072  3989584
0.212553977966  3963344
0.213186979294  3963083
0.214070081711  3940816
0.214450120926  3932018
0.216455936432  3930974
0.21821808815  3929483
0.222654104233  3916390
0.227116107941  3915537
0.227484941483  3907360
0.230651140213  3902288
0.230787992477  3898013
0.232568979263  3890008
0.234838008881  3881812
0.234967947006  3881405
0.237233161926  3881097
0.23925113678  3874638
0.239760160446  3871655
0.241019964218  3779776
0.242031097412  3766071
0.24279499054  3760260
0.243946075439  3714425
0.245085954666  3708747
0.245718002319  3704812
0.247606039047  3699083
0.249134063721  3677157
0.249263048172  3675116
0.255434036255  3671244
0.257431983948  3667196
0.262186050415  3666800
0.262323141098  3599018
0.264631986618  3586016
0.266600131989  3573640
0.267275094986  3556376
0.268155097961  3556255
0.273440122604  3552235
0.27485704422  3551524
0.280390977859  3482895
0.281212091446  3458541
0.282968997955  3457874
0.283108949661  3457516
0.287249088287  3451375
0.289498090744  3449019
0.292084932327  3448866
0.294687986374  3446247
0.294846057892  3442717
0.297847986221  3368108
0.298741102219  3367309
0.300004959106  3363891
0.302155971527  3306533
0.303800106049  3301695
0.306621074677  3297414
0.311449050903  3293284
0.313070058823  3288561
0.317116975784  3286598
0.318511962891  3284298
0.319663047791  3280243
0.319924116135  3269846
0.324265956879  3268846
0.326174020767  3268839
0.326558113098  3264257
0.328475952148  3263805
0.328608036041  3260996
0.332646131516  3259642
0.338670969009  3256126
0.340840101242  3241305
0.342277050018  3221518
0.342852115631  3217727
0.344053030014  3210654
0.344361066818  3201741
0.345328092575  3199757
0.348139047623  3192009
0.348269939423  3191428
0.350669145584  3191177
0.359107017517  3190357
0.363044023514  3176626
0.373753070831  3165383
0.375163078308  3164832
0.377212047577  3107717
0.378368139267  3107447
0.379781007767  3102172
0.382094144821  3102058
0.382225036621  3070368
0.382740020752  3068733
0.388736009598  3068410
0.388868093491  3058627
0.389126062393  3050044
0.389896154404  3042106
0.390659093857  3041321
0.390789031982  3041264
0.392061948776  3041057
0.398147106171  3040985
0.398921012878  3039212
0.399703025818  3024404
0.400220155716  3023621
0.401761054993  3023589
0.409740924835  3021926
0.410591125488  3019630
0.411669015884  3016256
0.412477970123  3010784
0.413141012192  3009507
0.413273096085  3009147
0.416800022125  3007019
0.417432069778  3005244
0.418086051941  3003788
0.41964006424  3000883
0.426314115524  3000155
0.427976131439  2999958
0.429505109787  2998149
0.430139064789  2997777
0.435771942139  2996446
0.437442064285  2990653
0.437829971313  2984498
0.440917015076  2984439
0.442531108856  2983759
0.44721698761  2980841
0.448873996735  2979788
0.449509143829  2976763
0.450160980225  2971791
0.452610969543  2964612
0.456963062286  2961730
0.467231988907  2961095
0.470452070236  2960526
0.47328710556  2960447
0.475214958191  2959003
0.478140115738  2952553
0.481637001038  2950231
0.488629102707  2942571
0.497808933258  2939764
0.500507116318  2937181
0.501784086227  2937101
0.504936933517  2930308
0.505576133728  2925969
0.507598161697  2925653
0.508358955383  2922031
0.515547037125  2912242
0.517398118973  2911832
0.524625062943  2907884
0.527312994003  2900999
0.527588129044  2900493
0.535977125168  2899206
0.536364078522  2898491
0.538766145706  2869933
0.539400100708  2851573
0.544185161591  2850746
0.544947147369  2848960
0.546083927155  2847231
0.549916982651  2845724
0.556323051453  2843238
0.564746141434  2827727
0.566524982452  2821070
0.568174123764  2818883
0.572129011154  2814164
0.574800014496  2813621
0.577512025833  2789686
0.579811096191  2787790
0.580574035645  2785026
0.58070397377  2770687
0.584532976151  2769841
0.587209939957  2769188
0.595504999161  2766898
0.598705053329  2766049
0.605047941208  2757284
0.61064696312  2733952
0.619683027267  2733573
0.625071048737  2733049
0.633466959  2727984
0.634210109711  2726246
0.634912967682  2723771
0.635823011398  2723751
0.636590957642  2722054
0.647228002548  2721854
0.64825296402  2721819
0.65322804451  2719777
0.653991937637  2718114
0.656273126602  2717956
0.675905942917  2717950
0.676469087601  2716287
0.679471969604  2714664
0.688542127609  2707248
0.688806056976  2705623
0.695982933044  2705098
0.697152137756  2704240
0.704754114151  2701894
0.712371110916  2693477
0.714439153671  2689591
0.717003107071  2685229
0.728770971298  2684058
0.728915929794  2682722
0.732511997223  2682497
0.737637042999  2682082
0.745916128159  2679771
0.753479003906  2679060
0.756520986557  2678237
0.764204978943  2676792
0.766515016556  2676357
0.771064043045  2661091
0.772951126099  2659604
0.773641109467  2658110
0.775205135345  2657207
0.776157140732  2656855
0.781383037567  2651614
0.790514945984  2648896
0.799867153168  2646737
0.811511993408  2645168
0.817749977112  2641830
0.820091962814  2641727
0.826714038849  2638261
0.828258991241  2626547
0.8408639431  2620895
0.844706058502  2620108
0.844861984253  2619170
0.846223115921  2618199
0.846363067627  2617641
0.848639011383  2614430
0.857527017593  2614399
0.864504098892  2611030
0.87082695961  2578153
0.87678694725  2575901
0.877180099487  2575455
0.877818107605  2575453
0.886992931366  2572898
0.887382030487  2569593
0.891464948654  2567526
0.89385509491  2567142
0.899481058121  2566511
0.900541067123  2566468
0.902497053146  2560590
0.907366991043  2559421
0.909510135651  2555243
0.921550989151  2552124
0.93111205101  2540105
0.939455032349  2539926
0.950495004654  2539763
0.952533960342  2539013
0.954051971436  2538644
0.956074953079  2535987
0.968930959702  2535003
0.971133947372  2534222
0.972631931305  2534182
0.97961306572  2534039
0.984809160233  2532638
0.986576080322  2528552
1.00764894485  2521676
1.02244305611  2520745
1.03688097  2517456
1.04465293884  2505541
1.04816794395  2498622
1.05422210693  2497886
1.05828714371  2494760
1.058562994  2493383
1.05994796753  2492643
1.06117105484  2491014
1.06577801704  2488747
1.06661105156  2482702
1.07386898994  2482061
1.0817501545  2479436
1.09548401833  2476787
1.09991502762  2476740
1.10837197304  2472324
1.10979294777  2470427
1.11106514931  2469161
1.11729097366  2466578
1.12089514732  2466354
1.12330198288  2390819
1.12988615036  2389072
1.14683294296  2386796
1.15406012535  2384649
1.1553709507  2383269
1.15989804268  2381762
1.16079115868  2381336
1.16294407845  2379031
1.16907000542  2379023
1.17112398148  2375374
1.17151498795  2375050
1.17993211746  2371610
1.1810939312  2371248
1.18754601479  2370476
1.18934893608  2362265
1.19010996819  2361724
1.2207300663  2361311
1.22251296043  2361304
1.22671198845  2359504
1.22792410851  2359417
1.24411606789  2359107
1.25523996353  2358439
1.2565100193  2354751
1.25705599785  2352102
1.2616019249  2351889
1.2671380043  2337385
1.27218413353  2336706
1.27432703972  2336422
1.29284095764  2336171
1.30646300316  2332345
1.30814814568  2331456
1.31392502785  2330317
1.32477593422  2328824
1.3309879303  2327414
1.33189892769  2311844
1.35064196587  2285915
1.35813999176  2283249
1.35912895203  2283181
1.36479306221  2280403
1.37712693214  2279624
1.38487195969  2279299
1.38695311546  2278914
1.39169812202  2278596
1.39451813698  2278514
1.39639115334  2277638
1.40567994118  2275259
1.41653609276  2273660
1.42536211014  2273443
1.42549300194  2268069
1.42767095566  2266945
1.42818593979  2266264
1.4290831089  2264741
1.43099498749  2263380
1.43265914917  2260780
1.4353120327  2231116
1.43580007553  2230518
1.44329500198  2229270
1.44518899918  2229242
1.45572805405  2228612
1.4604511261  2221096
1.46096396446  2220848
1.46794199944  2220504
1.47139906883  2220080
1.48843407631  2218987
1.49383306503  2217789
1.49510192871  2217787
1.50115799904  2217752
1.5015411377  2217388
1.50451803207  2217304
1.51873898506  2214867
1.52422595024  2214034
1.55428004265  2213376
1.56502914429  2213051
1.57520914078  2212828
1.57534503937  2191725
1.58466911316  2187953
1.59378004074  2183285
1.60070514679  2177284
1.61688399315  2176267
1.63363409042  2173841
1.63680195808  2173121
1.64647102356  2172913
1.64789509773  2172598
1.64994502068  2172457
1.65259313583  2172419
1.65713596344  2168246
1.67993307114  2167896
1.69948792458  2165123
1.71158194542  2164626
1.71399092674  2163291
1.72018003464  2163099
1.73895597458  2161461
1.75256705284  2160989
1.75591301918  2160215
1.7648601532  2143233
1.7665541172  2135356
1.77102303505  2135021
1.78901815414  2134954
1.78929901123  2134473
1.81594800949  2121399
1.84197592735  2119848
1.84654211998  2119094
1.86698412895  2118200
1.87995314598  2117128
1.88162112236  2117018
1.91155195236  2115830
1.91349411011  2115404
1.92485308647  2102238
1.9253950119  2100933
1.93248796463  2095912
1.94374895096  2089683
1.95920014381  2089428
1.98963499069  2088710
2.00036096573  2086229
2.0085580349  2083944
2.00996208191  2082149
2.01384115219  2082032
2.01450800896  2080936
2.01791000366  2079559
2.03466200829  2078272
2.03522801399  2077738
2.0705010891  2076614
2.09689497948  2076222
2.09768009186  2076070
2.10889315605  2064786
2.11450505257  2064153
2.15406799316  2063707
2.19555711746  2062379
2.19877910614  2061800
2.20337915421  2060011
2.20919108391  2040299
2.21356797218  2040136
2.24716711044  2039680
2.26133799553  2039465
2.26465201378  2039391
2.26869297028  2038449
2.26946401596  2038272
2.27593803406  2036320
2.28510713577  2026539
2.29723310471  2022852
2.34594702721  2020842
2.38849210739  2012319
2.39682197571  2012110
2.44575214386  2009657
2.46044397354  2009562
2.46074199677  2006818
2.48805713654  2005705
2.52394509315  2002776
2.53892397881  1994717
2.54672408104  1994699
2.55880093575  1994440
2.58000612259  1991336
2.59680008888  1991327
2.60516905785  1988778
2.61117696762  1988660
2.62388300896  1987735
2.63874197006  1987706
2.64831805229  1987568
2.6613111496  1987248
2.66739106178  1986889
2.73281407356  1986722
2.80306506157  1986531
2.82740998268  1981389
2.83147311211  1972856
2.83708906174  1971044
2.84187602997  1941815
2.88196015358  1941057
