0.0384039878845  7219898
0.0389540195465  7164916
0.0399630069733  7164464
0.0404360294342  7158073
0.0405950546265  7155934
0.0410180091858  7155379
0.0412621498108  7155371
0.0414171218872  7155200
0.0417439937592  7152383
0.0423469543457  7139746
0.0424840450287  7139711
0.0426969528198  7137019
0.0441541671753  7115384
0.0442900657654  7113496
0.0446450710297  7108286
0.0451030731201  7106591
0.0452580451965  7104948
0.0457661151886  7088084
0.047315120697  7084244
0.0495700836182  7062875
0.0497140884399  7056488
0.0499300956726  7049057
0.0502231121063  7044135
0.0509061813354  7042516
0.0511209964752  7021896
0.0512571334839  7016444
0.0515511035919  7013255
0.051922082901  6997972
0.052059173584  6974281
0.0525541305542  6960892
0.0533580780029  6953397
0.0556981563568  6946896
0.0558359622955  6877602
0.0592379570007  6870222
0.0596899986267  6866720
0.0602171421051  6862934
0.0603530406952  6856303
0.0608801841736  6854838
0.0613739490509  6850386
0.061527967453  6837276
0.0617730617523  6798720
0.0647630691528  6744710
0.065761089325  6741734
0.0660541057587  6741703
0.0671281814575  6734761
0.0689079761505  6734557
0.0700480937958  6733538
0.0701851844788  6732073
0.072065114975  6720518
0.0760011672974  6719160
0.0761389732361  6692629
0.0765891075134  6687447
0.0768041610718  6666430
0.0779011249542  6662810
0.0785071849823  6647811
0.079195022583  6638087
0.0793499946594  6623199
0.0800909996033  6602198
0.0802280902863  6532716
0.0841159820557  6513582
0.0842530727386  6504181
0.0882630348206  6498333
0.0884411334991  6447198
0.0927121639252  6426154
0.0928499698639  6426107
0.0930659770966  6414964
0.0975430011749  6408481
0.0976819992065  6357323
0.103180170059  6356130
0.103317975998  6352776
0.103631973267  6349851
0.104238033295  6325196
0.104375123978  6320966
0.104748010635  6318961
0.105432033539  6312910
0.106774091721  6311073
0.112833023071  6304665
0.11901807785  6302928
0.119522094727  6293837
0.11981511116  6249753
0.119953155518  6247096
0.120335102081  6236415
0.120481967926  6232067
0.12100815773  6183328
0.121145009995  6181671
0.121747970581  6180734
0.12188410759  6173906
0.122567176819  6169676
0.129737138748  6163688
0.129887104034  6163028
0.130181074142  6144071
0.138055086136  6140083
0.138192176819  6113132
0.146665096283  6112467
0.14680314064  6045183
0.147096157074  6044706
0.15837097168  6043943
0.158988952637  6034471
0.159204959869  6000482
0.159341096878  5977116
0.159713029861  5971392
0.159850120544  5969698
0.160220146179  5967989
0.160746097565  5955201
0.161486148834  5900828
0.161633968353  5893961
0.162395954132  5885236
0.162533044815  5816422
0.164985179901  5809218
0.165200948715  5803529
0.165337085724  5802604
0.165706157684  5796980
0.166939973831  5796426
0.169927120209  5796402
0.172764062881  5793585
0.174080133438  5792207
0.175598144531  5790654
0.175819158554  5774540
0.17737698555  5773201
0.180318117142  5765622
0.193953990936  5765179
0.19589805603  5761423
0.196117162704  5753605
0.196803092957  5753055
0.197174072266  5748937
0.197932958603  5744948
0.206300020218  5744285
0.206521987915  5738267
0.207873106003  5729982
0.208315134048  5729351
0.208822965622  5729204
0.208978176117  5726879
0.209525108337  5718379
0.209895133972  5717660
0.210811138153  5713621
0.212272167206  5708321
0.212408065796  5653623
0.212778091431  5648910
0.213068962097  5644472
0.214944124222  5643834
0.215080976486  5642436
0.21529507637  5637440
0.215665102005  5635675
0.215881109238  5635399
0.216331005096  5631858
0.220442056656  5629722
0.22461605072  5627800
0.231009960175  5627638
0.231147050858  5626542
0.231361150742  5626268
0.231652021408  5573484
0.237522125244  5571937
0.243811130524  5559101
0.244024991989  5557106
0.257045030594  5555511
0.272206068039  5554540
0.272379159927  5549999
0.272624969482  5544190
0.272780179977  5541475
0.27302312851  5503352
0.273357152939  5479373
0.273600101471  5475044
0.274469137192  5471496
0.289468050003  5471406
0.304020166397  5470552
0.304627180099  5467320
0.304764032364  5435225
0.305135011673  5434473
0.305428028107  5433741
0.305855035782  5385934
0.30638217926  5383941
0.307065010071  5378347
0.32253909111  5377398
0.322833061218  5373117
0.323358058929  5370228
0.32349395752  5357811
0.324335098267  5352233
0.324550151825  5344528
0.341840982437  5344227
0.34197807312  5343388
0.342271089554  5341954
0.342642068863  5332744
0.343245983124  5324159
0.343616008759  5318172
0.343830108643  5311411
0.344769001007  5304363
0.34490609169  5185475
0.361022949219  5182655
0.37711596489  5181931
0.377253055573  5142144
0.393378973007  5141969
0.41325211525  5141962
0.43248295784  5140239
0.455271959305  5137476
0.474426984787  5126279
0.493412017822  5117330
0.515766143799  5112062
0.538661956787  5109883
0.557825088501  5108018
0.580327987671  5102768
0.599377155304  5102342
0.618288993835  5101989
0.641716957092  5101742
0.661086082458  5087355
0.679986953735  5087340
0.6989569664  5087187
0.718091011047  5085253
0.741353034973  5081081
0.76503610611  5081057
0.783864974976  5080898
0.80280995369  5066170
0.822144031525  5054400
0.844781160355  4988364
0.864344120026  4973914
0.8832051754  4955962
0.904713153839  4955355
0.933053016663  4951859
0.969203948975  4945783
1.00692200661  4945741
1.02670812607  4936949
1.04833698273  4934047
1.06842017174  4933020
1.08737611771  4927650
1.10842704773  4927221
1.12912416458  4923563
1.1481180191  4923001
1.1706161499  4919073
1.18957614899  4919031
1.21151709557  4918542
1.24936008453  4912313
1.28766298294  4911371
1.30673599243  4910397
1.34450006485  4853168
1.43067502975  4842588
1.51736497879  4827402
1.60497808456  4825577
1.69419407845  4821658
1.78392195702  4821429
1.86678195  4820832
1.95191812515  4819035
2.0306520462  4818207
2.10713815689  4817771
2.18881797791  4816188
2.30403494835  4816072
2.41666316986  4815997
2.5296561718  4815226
2.64440011978  4815221
2.76098418236  4815161
2.8896009922  4814644
2.91042995453  4813750
2.92941999435  4747368
2.94856715202  4746951
2.96753811836  4741326
2.98672199249  4701717
3.00624203682  4699773
3.02646613121  4697624
3.05348515511  4696097
3.07246303558  4692908
3.09202694893  4690754
3.11137199402  4688844
3.1304371357  4687097
3.14974713326  4684545
3.16923308372  4676800
3.19050598145  4673125
3.21431612968  4672010
3.23893117905  4671263
3.26166915894  4670943
3.28412008286  4670772
3.3159160614  4668241
3.33587408066  4649639
3.36071395874  4644835
3.38456010818  4644748
3.40860795975  4644589
3.42778897285  4643972
3.44721007347  4627399
3.46611499786  4578716
3.50326895714  4576599
3.52590107918  4576255
3.54887700081  4526575
3.57039999962  4526424
3.59266209602  4525165
3.61507916451  4524246
3.63970804214  4523672
3.67154312134  4523342
3.70124411583  4520459
3.72739315033  4520211
3.75043916702  4477400
3.77183318138  4476542
3.79430198669  4472728
3.81681609154  4471936
3.84021496773  4471742
3.86382818222  4469830
3.88600206375  4469251
3.9071521759  4447062
3.9332420826  4402832
3.95432496071  4387634
3.97657799721  4366338
4.0016579628  4362189
4.02431607246  4357794
4.0477540493  4323075
4.07433509827  4322823
4.09884405136  4304730
4.12494206429  4304533
4.15106201172  4304410
4.17871904373  4302469
4.20095515251  4271211
4.2231631279  4262157
4.24910712242  4254410
4.27884817123  4252964
4.31480407715  4252867
4.33811903  4214152
4.36153912544  4208491
4.38923811913  4206467
4.42555212975  4206338
4.5211751461  4187187
4.61482000351  4185544
4.66041302681  4185534
4.7475039959  4184774
4.8344180584  4183757
4.92591714859  4182269
5.01761007309  4180974
5.06460404396  4180434
5.15684008598  4177120
5.24859809875  4154841
5.34383606911  4151157
5.43682003021  4147863
5.53161215782  4120208
5.574614048  4120177
5.66788911819  4119202
5.71717596054  4118657
5.80790996552  4118275
5.90195512772  4113000
5.99519109726  4105882
6.09116506577  4086747
6.14167404175  4086704
6.23765516281  4060172
6.28651118279  4059639
6.39282917976  4058808
6.48251008987  4037139
6.58359217644  4034435
6.6833281517  4024844
6.73139095306  4024497
6.81989216805  4020646
6.86696314812  4020266
6.95753216743  4015179
7.00096607208  4014951
7.09180212021  4010173
7.18718314171  4009996
7.29275012016  4009699
7.38404607773  4009421
7.48572397232  4008884
7.57882714272  4008423
7.68276810646  4008303
7.85954999924  4004772
8.08273100853  4003030
8.30471897125  4002617
8.52048110962  4002455
8.74627017975  3997747
8.98985314369  3997469
9.19612002373  3997454
9.38754916191  3996980
9.57285308838  3981876
9.59240102768  3977878
9.61160302162  3976757
9.7053501606  3976230
9.89443516731  3942449
10.0458471775  3941631
10.2347791195  3925842
10.3909561634  3925813
10.5775899887  3921319
10.7642309666  3908928
10.8588349819  3908702
11.0475051403  3904645
11.2374770641  3897931
11.4274201393  3897067
11.6278641224  3870576
11.8179049492  3870561
12.0101790428  3870202
12.2011680603  3865729
12.3942701817  3865527
12.5910811424  3864940
12.7867980003  3864606
12.9795939922  3861418
13.1666650772  3858287
13.359716177  3856340
13.5762410164  3856093
13.7484719753  3856027
13.9655461311  3856025
14.139726162  3855554
14.3432991505  3853710
14.5512349606  3852948
14.7653801441  3852438
14.9740459919  3851654
15.1808130741  3851044
15.3941540718  3850871
15.6023440361  3850575
15.8103580475  3847161
16.017991066  3846413
16.1847031116  3846347
16.4145619869  3845684
16.6392321587  3833070
16.8750679493  3832944
17.0987751484  3829997
17.3419861794  3829844
17.5894880295  3829496
17.8563690186  3829208
18.1382670403  3809279
18.2493281364  3803850
18.3445379734  3803490
18.4490470886  3802885
18.6526210308  3802075
18.7766041756  3801792
18.9503509998  3791484
19.0581130981  3791260
19.2012810707  3790746
19.3152730465  3790655
19.4978899956  3763956
19.6644620895  3755764
19.7928371429  3755735
19.9707520008  3755000
20.1441559792  3726837
20.2762291431  3726785
20.4579470158  3724546
20.6351699829  3722270
20.7946870327  3719197
20.9777700901  3717699
21.1353480816  3676583
21.2476580143  3676309
21.4030661583  3672976
21.5153410435  3672924
21.674628973  3672489
21.8334510326  3672293
21.987552166  3672193
22.1376330853  3671370
22.2905139923  3658723
22.4479751587  3652322
22.6075441837  3649985
22.7608981133  3648708
22.9193310738  3648675
23.0691270828  3648213
23.2257471085  3647244
23.3846070766  3647107
23.5457479954  3646367
23.7040550709  3639783
23.8543550968  3617965
23.8737030029  3617671
23.8936860561  3616474
23.9687399864  3615853
24.1185760498  3615545
24.2774879932  3614170
24.4405121803  3613446
24.6086690426  3612841
24.7941169739  3610673
24.9808590412  3610628
25.1693911552  3610155
25.3636541367  3579131
25.5494861603  3579020
25.7363371849  3578630
25.9247510433  3550882
26.1189780235  3550874
26.3359391689  3550193
26.5619039536  3548760
26.8233730793  3548598
27.0851759911  3547909
27.3465540409  3545961
27.5502610207  3545862
27.7766849995  3545205
27.950961113  3544594
28.1921210289  3543165
28.437472105  3541838
28.6849329472  3541178
28.9330790043  3541099
29.1888101101  3540834
29.4271709919  3540624
29.6593811512  3540546
29.8877720833  3537203
30.0563821793  3536936
30.2712841034  3536176
30.4537630081  3536089
30.6401660442  3535792
30.8262431622  3533916
31.0174281597  3508152
31.2036399841  3507475
31.3996870518  3506886
31.5895049572  3504913
31.7823240757  3503944
31.9692239761  3503690
32.166079998  3500922
32.3592200279  3498007
32.559278965  3496060
32.7821810246  3495854
33.0102081299  3495516
33.2341229916  3494067
33.5005781651  3493516
33.7738311291  3493305
34.0395059586  3492768
34.3170671463  3492752
34.5949261189  3492730
34.871833086  3492688
35.1674079895  3491476
35.5228490829  3491403
35.8714289665  3491391
36.2455780506  3482533
36.5437960625  3482415
36.801224947  3482249
37.1043159962  3482102
37.4408559799  3482072
37.8577599525  3481719
38.1944720745  3480925
38.5070021152  3480557
38.8258531094  3480555
39.1721401215  3480533
39.4289360046  3480488
39.8302781582  3480046
40.191450119  3479602
40.5872499943  3479384
40.9821851254  3478896
41.3787920475  3477687
41.7779221535  3477401
42.1763551235  3476991
42.6025509834  3476932
43.0371110439  3476670
43.4367010593  3476509
43.8531341553  3475898
44.3663890362  3475389
44.7596330643  3475256
45.1478731632  3474893
45.5325591564  3471203
45.915667057  3471175
46.2986869812  3465881
46.6855921745  3460062
47.0707221031  3458589
47.4559321404  3457637
47.8512401581  3457465
48.2672729492  3456927
48.6925480366  3456902
49.1320259571  3456871
49.5535199642  3456484
50.1066541672  3454745
