0.0407819747925  7219898
0.041445016861  7164916
0.0427479743958  7164464
0.0432929992676  7158073
0.0434589385986  7155934
0.0439069271088  7155379
0.0441679954529  7155371
0.0443329811096  7155200
0.0446979999542  7152383
0.0453598499298  7139746
0.0455100536346  7139711
0.0457439422607  7137019
0.047492980957  7115384
0.0476438999176  7113496
0.047947883606  7108286
0.0483298301697  7106591
0.0484709739685  7104948
0.0489318370819  7088084
0.0504419803619  7084244
0.0528080463409  7062875
0.052962064743  7056488
0.0531899929047  7049057
0.0535008907318  7044135
0.0542259216309  7042516
0.054456949234  7021896
0.0546410083771  7016444
0.0551788806915  7013255
0.055704832077  6997972
0.0559179782867  6974281
0.0566148757935  6960892
0.0577988624573  6953397
0.0609650611877  6946896
0.0611560344696  6877602
0.0650880336761  6870222
0.0655930042267  6866720
0.0661358833313  6862934
0.0662770271301  6856303
0.0668199062347  6854838
0.067281961441  6850386
0.0674228668213  6837276
0.0676429271698  6798720
0.0706160068512  6744710
0.0718669891357  6741734
0.0721750259399  6741703
0.073282957077  6734761
0.0751249790192  6734557
0.0762319564819  6733538
0.0763728618622  6732073
0.0783729553223  6720518
0.083536863327  6719160
0.0837309360504  6692629
0.0843439102173  6687447
0.0846359729767  6666430
0.0859839916229  6662810
0.0866639614105  6647811
0.0876219272614  6638087
0.0878088474274  6623199
0.0885789394379  6602198
0.0887289047241  6532716
0.0927278995514  6513582
0.0928699970245  6504181
0.097137928009  6498333
0.0972819328308  6447198
0.101538896561  6426154
0.101680994034  6426107
0.101902008057  6414964
0.108525037766  6408481
0.108746051788  6357323
0.116595029831  6356130
0.11679983139  6352776
0.117157936096  6349851
0.117892026901  6325196
0.118057012558  6320966
0.118510007858  6318961
0.119343996048  6312910
0.120880842209  6311073
0.126574039459  6304665
0.13655090332  6302928
0.137168884277  6293837
0.137567996979  6249753
0.137757062912  6247096
0.138262987137  6236415
0.138448953629  6232067
0.139117002487  6183328
0.139282941818  6181671
0.140017032623  6180734
0.140182971954  6173906
0.14101099968  6169676
0.147929906845  6163688
0.148073911667  6163028
0.148375988007  6144071
0.15757393837  6140083
0.157793045044  6113132
0.168153047562  6112467
0.168297052383  6045183
0.168680906296  6044706
0.183647871017  6043943
0.184321880341  6034471
0.18456697464  6000482
0.184814929962  5977116
0.185191869736  5971392
0.185328960419  5969698
0.185698986053  5967989
0.186248064041  5955201
0.187013864517  5900828
0.187154054642  5893961
0.187936067581  5885236
0.188076972961  5816422
0.190559864044  5809218
0.190780878067  5803529
0.190920829773  5802604
0.19130396843  5796980
0.192570924759  5796426
0.197397947311  5796402
0.201745986938  5793585
0.203542947769  5792207
0.205618858337  5790654
0.205909967422  5774540
0.20783495903  5773201
0.211189031601  5765622
0.224422931671  5765179
0.226359844208  5761423
0.226577043533  5753605
0.22725892067  5753055
0.227628946304  5748937
0.228391885757  5744948
0.236593008041  5744285
0.2368080616  5738267
0.238119840622  5729982
0.238489866257  5729351
0.238940000534  5729204
0.239075899124  5726879
0.239681005478  5718379
0.240061998367  5717660
0.241003036499  5713621
0.242468833923  5708321
0.242605924606  5653623
0.242975950241  5648910
0.243268966675  5644472
0.245127916336  5643834
0.245265007019  5642436
0.245480060577  5637440
0.245851039886  5635675
0.246065855026  5635399
0.246512889862  5631858
0.250505924225  5629722
0.25466799736  5627800
0.260593891144  5627638
0.260731935501  5626542
0.260946989059  5626268
0.261237859726  5573484
0.267097949982  5571937
0.273414850235  5559101
0.273628950119  5557106
0.286748886108  5555511
0.30065703392  5554540
0.300817012787  5549999
0.301032066345  5544190
0.301167964935  5541475
0.301382064819  5503352
0.30167388916  5479373
0.301888942719  5475044
0.302649974823  5471496
0.317373991013  5471406
0.337655067444  5470552
0.338542938232  5467320
0.338729858398  5435225
0.339233875275  5434473
0.339640855789  5433741
0.3401658535  5385934
0.340924024582  5383941
0.341779947281  5378347
0.362099885941  5377398
0.36242890358  5373117
0.363008975983  5370228
0.363169908524  5357811
0.364009857178  5352233
0.364223957062  5344528
0.383587837219  5344227
0.383761882782  5343388
0.384119987488  5341954
0.384531021118  5332744
0.38521194458  5324159
0.385694026947  5318172
0.385985851288  5311411
0.387233972549  5304363
0.387418985367  5185475
0.404371023178  5182655
0.422024011612  5181931
0.422195911407  5142144
0.441534996033  5141969
0.465955972672  5141962
0.48894906044  5140239
0.518198013306  5137476
0.541687965393  5126279
0.566066026688  5117330
0.594689846039  5112062
0.623044013977  5109883
0.647475004196  5108018
0.673989057541  5102768
0.697825908661  5102342
0.719536066055  5101989
0.743713855743  5101742
0.764193058014  5087355
0.7887840271  5087340
0.81285405159  5087187
0.836683988571  5085253
0.864070892334  5081081
0.889610052109  5081057
0.911643028259  5080898
0.931016921997  5066170
0.951827049255  5054400
0.974062919617  4988364
0.994117021561  4973914
1.01373004913  4955962
