0.0392808914185  7055929
0.0404930114746  7046145
0.0407049655914  7040045
0.0410330295563  7015709
0.0414819717407  6998933
0.0420489311218  6980349
0.0422580242157  6975355
0.0429430007935  6948399
0.0431518554688  6923332
0.0446858406067  6918457
0.0451838970184  6914531
0.0453689098358  6912335
0.045658826828  6909865
0.0473158359528  6896844
0.0475080013275  6892463
0.0493040084839  6886975
0.0495629310608  6885801
0.0497279167175  6883515
0.0501298904419  6880553
0.051983833313  6874952
0.052759885788  6840383
0.0534198284149  6831176
0.0553920269012  6814150
0.0555629730225  6808905
0.0557959079742  6801609
0.0568690299988  6796204
0.0586678981781  6760615
0.058807849884  6756155
0.0606830120087  6729664
0.0636379718781  6728417
0.0642800331116  6723899
0.0644459724426  6719695
0.0648899078369  6707202
0.065064907074  6694683
0.0653820037842  6691442
0.0656139850616  6688914
0.0657639503479  6686518
0.0659959316254  6682791
0.066654920578  6675920
0.0668740272522  6665987
0.0681300163269  6664687
0.0684280395508  6657848
0.0688049793243  6657837
0.068943977356  6571458
0.0693998336792  6552542
0.0722539424896  6527501
0.0749628543854  6526463
0.0751028060913  6522154
0.0779600143433  6502357
0.0787580013275  6500488
0.0794858932495  6482086
0.0824258327484  6447097
0.0825660228729  6441004
0.0856440067291  6424739
0.0889229774475  6392014
0.0897789001465  6388004
0.0905549526215  6380637
0.0937309265137  6373747
0.0953619480133  6368362
0.0984449386597  6355207
0.103530883789  6338375
0.104133844376  6337854
0.104332923889  6337297
0.104624986649  6333415
0.105334997177  6244181
0.105500936508  6243739
0.109704971313  6239713
0.109925031662  6236857
0.114320993423  6220870
0.11462688446  6211271
0.114786863327  6208578
0.115154981613  6188111
0.115289926529  6182861
0.11550283432  6177519
0.119747877121  6176995
0.127053022385  6162113
0.127260923386  6160407
0.127823829651  6159934
0.129904985428  6158879
0.130091905594  6157487
0.131160974503  6157396
0.132262945175  6156822
0.133427858353  6155636
0.138595819473  6151669
0.140091896057  6151383
0.141026973724  6150305
0.145525932312  6146730
0.145808935165  6146332
0.151589870453  6145808
0.158567905426  6127479
0.16560292244  6118294
0.165819883347  6112094
0.172749996185  6108592
0.177301883698  6108493
0.179920911789  6102036
0.185463905334  6100022
0.191120862961  6074650
0.19127202034  6054812
0.191650867462  6046169
0.192430973053  6023459
0.192826032639  6021449
0.19602394104  6018201
0.200340032578  6009206
0.200524806976  6005869
0.207571983337  6003153
0.207713842392  5997094
0.2172768116  5975490
0.225186824799  5966762
0.226752996445  5955207
0.227931976318  5944540
0.234908819199  5938771
0.235059976578  5936876
0.243013858795  5926096
0.243165969849  5894407
0.243384838104  5892401
0.243680953979  5888865
0.244449853897  5875880
0.244906902313  5869752
0.245651006699  5855316
0.246544837952  5852723
0.249130010605  5841822
0.250627994537  5832391
0.258360862732  5815340
0.258558988571  5794772
0.267194986343  5790312
0.268096923828  5781091
0.280122995377  5774636
0.280277013779  5740106
0.289094924927  5730560
0.28924202919  5725326
0.289463996887  5723356
0.291690826416  5716429
0.291836023331  5714987
0.29358291626  5700459
0.305146932602  5682981
0.305366039276  5645487
0.319343805313  5640384
0.319918870926  5629374
0.320246934891  5618807
0.320811033249  5602226
0.321492910385  5580302
0.321700811386  5557715
0.322976827621  5536697
0.323185920715  5505592
0.323635816574  5504906
0.323843002319  5411893
0.325079917908  5361774
0.325265884399  5356253
0.327556848526  5352572
0.327723026276  5350905
0.328075885773  5339313
0.328804969788  5336096
0.328971862793  5298434
0.329728841782  5297068
0.333201885223  5291546
0.334729909897  5291489
0.34515786171  5290355
0.345294952393  5262493
0.361153841019  5257827
0.365911006927  5257485
0.369376897812  5243066
0.385571956635  5231311
0.385744810104  5200957
0.399803876877  5193220
0.400537014008  5183758
0.400746822357  5181795
0.404273033142  5180054
0.404668807983  5180007
0.405273914337  5171682
0.407986879349  5165949
0.408159017563  5135214
0.420789003372  5124240
0.420929908752  5095742
0.436682939529  5089139
0.43682384491  5078656
0.437268972397  5034557
0.437404870987  5034336
0.437701940536  5033034
0.438413858414  5029383
0.439149856567  5023790
0.440376996994  5002511
0.440586805344  4993055
0.441989898682  4987690
0.442555904388  4981269
0.442764997482  4979586
0.445122003555  4976714
0.445943832397  4971481
0.446238040924  4936715
0.446736812592  4933486
0.447974920273  4921499
0.448262929916  4920737
0.448725938797  4910572
0.450933933258  4909305
0.451200962067  4908858
0.451834917068  4906855
0.451997995377  4906338
0.452349901199  4898220
0.453357934952  4897367
0.454591035843  4894280
0.454999923706  4892691
0.455152988434  4891033
0.45737195015  4885549
0.458355903625  4876995
0.458492040634  4875348
0.458858013153  4875311
0.45906996727  4866890
0.459589958191  4857630
0.462240934372  4856354
0.462855815887  4855128
0.463357925415  4846208
0.464967012405  4844749
0.465180873871  4843430
0.465315818787  4843421
0.466610908508  4841724
0.469393014908  4839305
0.470067024231  4813618
0.470543861389  4813567
0.471128940582  4811976
0.471738815308  4811444
0.474925994873  4801593
0.475061893463  4792233
0.480773925781  4784830
0.483639001846  4783957
0.484316825867  4761614
0.50524687767  4757280
0.524479866028  4756069
0.524746894836  4742201
0.528298854828  4739009
0.531407833099  4733411
0.531628847122  4726117
0.551647901535  4722000
0.552795886993  4692744
0.553716897964  4691103
0.573712825775  4683519
0.573886871338  4683477
0.590471029282  4681555
0.590611934662  4679905
0.614459991455  4676208
0.614799022675  4665194
0.615011930466  4658910
0.615459918976  4658062
0.633848905563  4648544
0.633986949921  4635553
0.650468826294  4628421
0.650683879852  4617304
0.650820970535  4612853
0.667793989182  4592859
0.667930841446  4559901
0.685889959335  4551696
0.686184883118  4551382
0.686398983002  4550589
0.686534881592  4547028
0.686901807785  4540030
0.687037944794  4538880
0.687513828278  4537289
0.687649965286  4533827
0.688169002533  4532546
0.689154863358  4505789
0.689522027969  4489929
0.69043302536  4488611
0.691237926483  4488373
0.691836833954  4487525
0.692126989365  4485452
0.692494869232  4483097
0.693248033524  4478077
0.694484949112  4466051
0.694622039795  4449570
0.719153881073  4440266
0.719436883926  4418755
0.742408037186  4412491
0.742709875107  4400747
0.743168830872  4387909
0.743548870087  4381709
0.744125843048  4361255
0.744951963425  4351437
0.745235919952  4350361
0.746531963348  4344603
0.746881008148  4344430
0.747565984726  4341028
0.768867015839  4335165
0.769026994705  4313842
0.790705919266  4281124
0.811100959778  4279863
0.831311941147  4253280
0.875124931335  4252416
0.919481039047  4250292
0.962512969971  4247216
1.00417494774  4237203
