0.0411829948425  6762786
0.0417568683624  6720763
0.0421860218048  6705659
0.0427849292755  6602212
0.0433790683746  6596810
0.0435230731964  6574188
0.0436658859253  6570391
0.0438060760498  6552337
0.0439419746399  6537605
0.0443670749664  6486118
0.0449118614197  6485573
0.0450398921967  6482848
0.0452909469604  6459738
0.0454180240631  6453478
0.0461649894714  6453455
0.046294927597  6451680
0.0468709468842  6443017
0.0472750663757  6439544
0.0476529598236  6437528
0.0479900836945  6426312
0.0484359264374  6417537
0.0487289428711  6341671
0.0490210056305  6332742
0.049437046051  6330439
0.0497260093689  6288398
0.0498640537262  6247332
0.0499908924103  6229495
0.0505709648132  6143027
0.0509240627289  6140863
0.0517039299011  6125146
0.0518329143524  6089687
0.0523250102997  6088329
0.0524759292603  6029198
0.0526208877563  6007418
0.0530469417572  5980637
0.0536189079285  5944106
0.0539169311523  5943519
0.0557210445404  5942353
0.0558528900146  5928472
0.0567290782928  5917173
0.0568599700928  5852676
0.0569870471954  5817061
0.0572390556335  5809610
0.0574910640717  5807316
0.0587298870087  5802190
0.0588569641113  5802042
0.0589849948883  5801623
0.059112071991  5797672
0.0593628883362  5789214
0.0597360134125  5755612
0.0604820251465  5751312
0.0611040592194  5732600
0.0616030693054  5719979
0.0619778633118  5717399
0.0622279644012  5712414
0.0631589889526  5711541
0.0632910728455  5705287
0.0637910366058  5689080
0.0639190673828  5688148
0.0642929077148  5658904
0.0646770000458  5657693
0.0649290084839  5655419
0.0653040409088  5650279
0.0654308795929  5626345
0.067174911499  5620399
0.0674269199371  5613800
0.0685548782349  5612247
0.0688049793243  5599819
0.070051908493  5594246
0.0701808929443  5592724
0.070307970047  5580843
0.0704350471497  5577098
0.0716378688812  5567442
0.0717689990997  5565718
0.0718960762024  5557473
0.0720238685608  5530232
0.0721509456635  5489347
0.0746190547943  5478878
0.0751218795776  5434663
0.0754990577698  5416854
0.0756258964539  5380341
0.075758934021  5373784
0.0760300159454  5372114
0.0764319896698  5364410
0.0765690803528  5361642
0.0772259235382  5361195
0.077360868454  5359260
0.0778839588165  5351552
0.0789079666138  5336926
0.079313993454  5336863
0.0797040462494  5313486
0.0800719261169  5268106
0.0803470611572  5201644
0.0812170505524  5189005
0.0818409919739  5184846
0.0833339691162  5173930
0.0835859775543  5167295
0.0837140083313  5158063
0.0839738845825  5133625
0.0853989124298  5099967
0.0855309963226  5097896
0.0857849121094  5094360
0.0873930454254  5092491
0.0878040790558  5051282
0.0882999897003  5036506
0.088693857193  4974994
0.0904240608215  4974962
0.0917940139771  4974895
0.0920460224152  4974060
0.0922989845276  4973213
0.0924260616302  4908336
0.0929238796234  4892851
0.093544960022  4852167
0.0936720371246  4851973
0.0938000679016  4846175
0.0945680141449  4816558
0.0947289466858  4778984
0.0950050354004  4771423
0.0974440574646  4762375
0.097718000412  4759446
0.098219871521  4759176
0.0983469486237  4740104
0.0986008644104  4726785
0.0988540649414  4721940
0.0993540287018  4702219
0.0994820594788  4700292
0.0998589992523  4695944
0.101530075073  4694913
0.101785898209  4690002
0.10191488266  4667920
0.102041959763  4656612
0.104637861252  4650400
0.10488986969  4647459
0.105016946793  4635469
0.105144023895  4619616
0.106266021729  4611417
0.106394052505  4605054
0.106890916824  4596509
0.107528924942  4593977
0.107786893845  4593337
0.109926939011  4591887
0.11105799675  4588927
0.112680912018  4586411
0.113089084625  4579963
0.11322593689  4579011
0.113895893097  4572944
0.115095853806  4570390
0.115514993668  4567829
0.117434978485  4557515
0.119325876236  4415822
0.119710922241  4413922
0.121500015259  4405474
0.122111082077  4402344
0.122251033783  4399344
0.124779939651  4395727
0.125412940979  4395065
0.125668048859  4388743
0.126175880432  4383871
0.127307891846  4376833
0.127851963043  4374502
0.129142045975  4367869
0.129911899567  4364642
0.130676031113  4357895
0.132574081421  4298985
0.132956027985  4296776
0.13308596611  4280413
0.133342027664  4267993
0.133889913559  4255563
0.134527921677  4233002
0.137134075165  4232815
0.137533903122  4225312
0.138809919357  4220661
0.139576911926  4220310
0.139961004257  4219816
0.140090942383  4216546
0.141484022141  4215750
0.143003940582  4214463
0.143765926361  4173208
0.145392894745  4135159
0.14691400528  4134894
0.147047042847  4121290
0.147937059402  4117480
0.149219989777  4116082
0.149532079697  4107425
0.15389585495  4099675
0.154296875  4089556
0.154428005219  4080247
0.155833005905  4067835
0.155963897705  4067638
0.157115936279  4058455
0.157754898071  4035182
0.16695690155  4003330
0.167343854904  4003045
0.167855024338  4002654
0.169762849808  3997097
0.170026063919  3970155
0.170413970947  3966587
0.174332857132  3958124
0.17446398735  3957910
0.174977064133  3954685
0.175107002258  3911326
0.176248073578  3906249
0.176759958267  3899713
0.17941904068  3889582
0.179548978806  3884741
0.179805994034  3837318
0.179934978485  3820304
0.180820941925  3819047
0.182343959808  3818236
0.18417096138  3767017
0.185235023499  3761271
0.185519933701  3746475
0.188737869263  3730391
0.189280986786  3708074
0.190171003342  3701563
0.19043302536  3658150
0.190821886063  3654033
0.191082954407  3646765
0.193933963776  3634381
0.197371959686  3633313
0.197506904602  3624233
0.198651075363  3622614
0.199037075043  3619800
0.200809955597  3615461
0.200939893723  3597041
0.20218205452  3595143
0.202482938766  3584441
0.204897880554  3582737
0.205158948898  3578420
0.207722902298  3575514
0.210551977158  3557303
0.21205496788  3556732
0.212208032608  3555756
0.213937044144  3549712
0.214086055756  3547356
0.214231967926  3539417
0.219012022018  3499401
0.220416069031  3498527
0.22635602951  3488536
0.230598926544  3479573
0.232012033463  3479392
0.232656955719  3467861
0.233295917511  3466774
0.238246917725  3459312
0.23851108551  3453825
0.239912986755  3450815
0.241203069687  3450137
0.241333007812  3444597
0.245251893997  3444262
0.24741601944  3402573
