0.0417859554291  6903794
0.0423829555511  6890415
0.0436158180237  6869798
0.0440998077393  6847506
0.0447390079498  6847487
0.044900894165  6764643
0.0450618267059  6634790
0.0452148914337  6627478
0.0453579425812  6607998
0.0456609725952  6601315
0.0457878112793  6595727
0.0459280014038  6580386
0.0460557937622  6537634
0.0461819171906  6526691
0.0464317798615  6521748
0.0465610027313  6511933
0.0469369888306  6494917
0.0472729206085  6491722
0.0475800037384  6491423
0.0480608940125  6487836
0.048211812973  6485496
0.048357963562  6477192
0.0487790107727  6472682
0.0490679740906  6469732
0.0492129325867  6451998
0.0493588447571  6403959
0.0496459007263  6384776
0.0509669780731  6339683
0.0510938167572  6331062
0.0515949726105  6325071
0.0522119998932  6320984
0.053484916687  6308178
0.0537688732147  6308143
0.0544488430023  6307822
0.0545768737793  6294650
0.0553228855133  6293719
0.0554668903351  6290987
0.056126832962  6280396
0.0566289424896  6263571
0.0569069385529  6248933
0.0570437908173  6240106
0.0579710006714  6235328
0.0588409900665  6224737
0.0590918064117  6220450
0.0595908164978  6207777
0.0600879192352  6180453
0.0609538555145  6152497
0.061203956604  6146965
0.0613307952881  6138009
0.061949968338  6137839
0.0634288787842  6067302
0.0637018680573  6056960
0.0643639564514  6017870
0.0645108222961  6017320
0.0649318695068  6016462
0.0653460025787  5989879
0.0657207965851  5973634
0.0662178993225  5951372
0.0664689540863  5950938
0.0677030086517  5950357
0.0698158740997  5894071
0.0699439048767  5893921
0.0701940059662  5885127
0.070319890976  5858089
0.0712039470673  5855417
0.0714719295502  5806638
0.0726189613342  5805054
0.0727608203888  5802168
0.0730338096619  5753426
0.0742809772491  5751520
0.0747878551483  5744479
0.0749177932739  5742655
0.0768249034882  5726004
0.0773508548737  5711597
0.0776138305664  5703105
0.079274892807  5674458
0.0796928405762  5668491
0.0798399448395  5667384
0.0806658267975  5641055
0.0808029174805  5640724
0.0822818279266  5634379
0.0839347839355  5633990
0.0841908454895  5631375
0.0853078365326  5631166
0.0866708755493  5625786
0.0890409946442  5625046
0.0891759395599  5624742
0.0894429683685  5621882
0.0895788669586  5582777
0.090717792511  5572311
0.0919778347015  5568890
0.0938439369202  5563841
0.0953269004822  5556834
0.0964968204498  5541709
0.0966508388519  5528969
0.0969438552856  5527911
0.0970959663391  5526462
0.0972318649292  5509515
0.098659992218  5504709
0.0996508598328  5501564
0.100314855576  5501153
0.100812911987  5498110
0.101436853409  5484558
0.102300882339  5481432
0.102921009064  5474502
0.103665828705  5441090
0.104164838791  5424548
0.105736970901  5424517
0.105875015259  5418052
0.106532812119  5416020
0.106782913208  5390450
0.106908798218  5388993
0.1072909832  5318667
0.107666969299  5315198
0.10791683197  5254099
0.108538866043  5248780
0.109684944153  5237626
0.110193014145  5237011
0.111073970795  5232776
0.111378908157  5225290
0.111768960953  5224882
0.112023830414  5217954
0.113199949265  5214481
0.113484859467  5145974
0.114664793015  5139973
0.116979837418  5137256
0.117988824844  5135568
0.118136882782  5122472
0.118571996689  5109583
0.118718862534  5108209
0.119008779526  5105182
0.119156837463  5104799
0.11959195137  5102459
0.119881868362  5097754
0.120174884796  5095218
0.12045788765  5049401
0.120714902878  5047446
0.120843887329  5044683
0.120971918106  5022997
0.121650934219  5021209
0.122537851334  5014446
0.123488903046  5014356
0.124752998352  5006826
0.12501001358  4936538
0.125141859055  4935973
0.127534866333  4928768
0.127791881561  4922272
0.128300905228  4910969
0.128429889679  4888430
0.128685951233  4885449
0.130111932755  4885085
0.132061004639  4883119
0.133769989014  4879108
0.134905815125  4869467
0.136043787003  4865906
0.137942790985  4848604
0.139242887497  4848193
0.140240907669  4841292
0.140940904617  4833431
0.141680002213  4819723
0.143708944321  4812833
0.144219875336  4811774
0.144351005554  4811614
0.14448094368  4759467
0.146627902985  4755815
0.148175954819  4752679
0.14834189415  4729555
0.1509578228  4723611
0.151401996613  4717560
0.152043819427  4676870
0.152595996857  4668973
0.153042793274  4666681
0.153190851212  4562825
0.154052972794  4503519
0.154819965363  4477772
0.155579805374  4467561
0.156086921692  4412378
0.156216859818  4392871
0.159128904343  4383915
0.160388946533  4374555
0.160518884659  4363670
0.161403894424  4359364
0.162791013718  4358205
0.164202928543  4354040
0.164474964142  4351063
0.164745807648  4340956
0.166496992111  4329969
0.167106866837  4329276
0.168259859085  4309981
0.17029094696  4307899
0.171185016632  4306865
0.171691894531  4306768
0.175318956375  4296735
0.176831960678  4295802
0.178606987  4255602
0.179241895676  4242776
0.180753946304  4234185
0.181046009064  4220990
0.18203997612  4220307
0.183435916901  4217389
0.18382191658  4208288
0.184077978134  4207077
0.185480833054  4204013
0.185887813568  4199103
0.18642783165  4153385
0.186563968658  4153230
0.187633991241  4152235
0.190495967865  4118985
0.19126200676  4077531
0.191645860672  4072978
0.1919028759  4072576
0.195200920105  4070712
0.195833921432  4066672
0.199633836746  4063243
0.200397014618  4055265
0.206583976746  4053440
0.208974838257  4051503
0.209989786148  3994334
0.210246801376  3973719
0.210629940033  3968613
0.211261987686  3912082
0.212651014328  3902171
0.215807914734  3897169
0.217849969864  3897028
0.219235897064  3893329
0.219866991043  3891741
0.221254825592  3818884
0.221762895584  3800409
0.222644805908  3798715
0.224912881851  3798565
0.225572824478  3792557
0.226254940033  3784341
0.226408004761  3782658
0.226661920547  3782081
0.232611894608  3777329
0.2328748703  3774513
0.233258962631  3773095
0.236113786697  3755910
0.236642837524  3751846
0.236775875092  3726039
0.238816976547  3715495
0.241357803345  3715378
0.242746829987  3694769
0.244521856308  3694644
0.244779825211  3691665
0.245416879654  3691479
0.247067928314  3689444
0.24770283699  3689325
0.250734806061  3642196
0.251242876053  3627385
0.252136945724  3615616
0.252409934998  3604579
0.253623008728  3604294
0.260018825531  3601396
0.26075387001  3600361
0.263003826141  3600110
0.264946937561  3583242
0.265994787216  3583150
0.267022848129  3569563
0.268400907516  3559121
0.273680925369  3558422
0.274219989777  3557095
0.275990009308  3556218
0.27840089798  3552923
0.27916097641  3549835
0.281119823456  3537331
0.282421827316  3535092
0.284713983536  3530101
0.286983013153  3520996
0.287237882614  3517206
0.288626909256  3511863
0.290390014648  3506423
0.290643930435  3505255
0.292418956757  3501176
0.29305100441  3497741
0.293684005737  3495288
0.293812990189  3491914
0.294957876205  3476061
0.296274900436  3473754
0.298254966736  3463076
0.299613952637  3456883
0.301783800125  3453660
0.303504943848  3453122
0.304906845093  3451822
0.306171894073  3451114
0.307954788208  3443306
0.309600830078  3442289
0.309980869293  3440720
0.313391923904  3423410
0.313668966293  3421587
0.314245939255  3420446
0.314670801163  3419991
0.31743478775  3409980
0.319458007812  3405076
0.320602893829  3404812
0.322390794754  3399237
0.324445009232  3394527
0.324957847595  3391762
0.325469970703  3369998
0.326610803604  3367464
0.326990842819  3357243
0.332804918289  3355237
0.333343982697  3355000
0.334563970566  3352938
0.336091995239  3340278
0.338840007782  3340040
0.339096784592  3320360
0.339860916138  3316634
0.340245008469  3314005
0.341892957687  3291810
0.342660903931  3288199
0.344307899475  3274474
0.345955848694  3271448
0.347386837006  3270232
0.347795009613  3268794
0.34846997261  3248726
0.349572896957  3246448
0.353754997253  3245097
0.354642868042  3237353
0.355150938034  3232956
0.360183000565  3219206
0.361819982529  3215830
0.363083839417  3215133
0.363212823868  3207386
0.374653816223  3204935
0.374922990799  3204073
0.375820875168  3203313
0.377127885818  3198118
0.377517938614  3130235
0.380244970322  3129815
0.383672952652  3128996
0.385843992233  3128842
0.387616872787  3122664
0.394608974457  3104613
0.398175001144  3097786
0.398305892944  3095803
0.398561954498  3093670
0.39995598793  3082976
0.401475906372  3076974
0.405902862549  3072877
0.407563924789  3064613
0.41001701355  3059128
0.410164833069  3050049
0.41259098053  3049930
0.41322684288  3047810
0.413863897324  3029521
0.416077852249  3022755
0.418383836746  3022271
0.419275999069  3021115
0.421170949936  2963077
0.430580854416  2962553
0.436419010162  2961938
0.438717842102  2961516
0.440988779068  2950719
0.441118955612  2945758
0.443405866623  2942878
0.443945884705  2933968
0.444485902786  2932680
0.446105957031  2928669
0.446249008179  2926131
0.449252843857  2923533
0.450165987015  2920143
0.450931787491  2919898
0.451320886612  2914061
0.456306934357  2890523
0.456698894501  2890230
0.459193944931  2889747
0.460595846176  2885525
0.463657855988  2884969
0.465049982071  2878877
0.47024679184  2877473
0.470758914948  2873825
0.473536968231  2873150
0.476440906525  2860531
0.47657084465  2859949
0.486226797104  2850711
0.490258932114  2849367
0.491165876389  2843772
0.491997003555  2842228
0.492321014404  2839911
0.498070001602  2833040
0.510276794434  2832541
0.515843868256  2831398
0.518515825272  2828984
0.523587942123  2828722
0.5294008255  2825571
0.532991886139  2791643
0.535074949265  2790167
0.535478830338  2789804
0.544391870499  2784417
0.546988964081  2780219
0.548410892487  2777054
0.550457954407  2775989
0.551600933075  2728216
0.554614782333  2727314
0.557003974915  2724520
0.558158874512  2723836
0.563784837723  2722792
0.564059972763  2721841
0.570398807526  2718236
0.571317911148  2716562
0.5745408535  2709227
0.576959848404  2667298
0.577597856522  2666387
0.581064939499  2662469
0.582962989807  2659022
0.590961933136  2658579
0.592496871948  2653172
0.593793869019  2648828
0.597977876663  2648500
0.599067926407  2643776
0.601120948792  2643113
0.601511001587  2635542
0.60176897049  2614939
0.602031946182  2613147
0.606710910797  2612860
0.614118814468  2534839
0.616395950317  2532624
0.621320962906  2531647
0.623595952988  2531186
0.634885787964  2530324
0.635150909424  2530319
0.640208005905  2530059
0.64160490036  2526625
0.647240877151  2526357
0.647516965866  2524537
0.654261827469  2521372
0.70533490181  2515578
0.705599784851  2514144
0.707243919373  2509390
0.711949825287  2497514
0.717686891556  2491879
0.719488859177  2490793
0.720650911331  2465200
0.732872962952  2463159
0.734504938126  2462035
0.736586809158  2459586
0.736738920212  2454308
0.745174884796  2453761
0.761595964432  2443776
0.766266822815  2440810
0.777328014374  2430923
0.778049945831  2429260
0.778198957443  2428991
0.78169798851  2427826
0.799824953079  2422841
0.802109956741  2420616
0.807690858841  2419617
0.814541816711  2408137
0.818728923798  2408114
0.825872898102  2405991
0.827792882919  2400974
0.829469919205  2389618
0.831640005112  2385244
0.834903001785  2381719
0.856393814087  2367920
0.862758874893  2367837
0.872408866882  2366779
0.878916978836  2366084
0.884243011475  2363116
0.885149002075  2357606
0.88657283783  2357003
0.892361879349  2355243
0.899529933929  2322712
0.900303840637  2320734
0.907438993454  2319007
0.913188934326  2316977
0.915788888931  2316734
0.919732809067  2315271
0.925276994705  2314186
0.928882837296  2307632
0.929140806198  2307235
0.930208921432  2306544
0.936147928238  2305480
0.943675994873  2304047
0.952049016953  2302958
0.954597949982  2301295
0.958050966263  2296101
0.962077856064  2295967
0.962730884552  2293130
0.967198848724  2292927
0.96964097023  2286849
0.976417779922  2270619
0.98831486702  2270566
0.988829851151  2266592
0.990975856781  2261560
1.00205993652  2259381
1.00899386406  2256830
1.00912594795  2252197
1.01105189323  2251939
1.01289391518  2241086
1.01930880547  2240837
1.02039599419  2237369
1.02141690254  2236807
1.0220580101  2234862
1.02536988258  2232596
1.0290927887  2227955
1.03146481514  2227876
1.03399395943  2226697
1.03744792938  2226224
1.04411482811  2223238
1.04833388329  2222344
1.04925394058  2222033
1.04939198494  2220685
1.05030584335  2217107
1.0551469326  2216821
1.06101799011  2216629
1.06333589554  2216021
1.06500482559  2214520
1.06778383255  2207184
1.07287192345  2205180
1.07581996918  2185128
1.08119082451  2184697
1.08712387085  2182589
1.08740186691  2181131
1.09219479561  2177136
1.10295200348  2174131
1.10563492775  2167126
1.1096777916  2152502
1.11371898651  2151982
1.11551594734  2148523
1.12077188492  2146872
1.12773489952  2146605
1.13938999176  2144479
1.14494299889  2143998
1.14870500565  2143215
1.14959478378  2142934
1.15464878082  2141245
1.15492796898  2141053
1.15651488304  2139900
1.15942978859  2138308
1.16070580482  2132605
1.16096401215  2132116
1.17332696915  2131702
1.17601680756  2130175
1.18690085411  2124277
1.18819880486  2113551
1.18907594681  2113549
1.19161987305  2113191
1.19558596611  2111986
1.20237779617  2111906
1.21156096458  2111079
1.22498393059  2106898
1.24051594734  2105502
1.24598288536  2102430
1.24735593796  2102026
1.25440883636  2101777
1.27388381958  2101453
1.27614879608  2101310
1.27777791023  2100891
1.28789496422  2098402
1.29292488098  2093454
1.30812287331  2093241
1.31359696388  2092238
1.32720279694  2092228
1.32868099213  2090400
1.3354640007  2088852
1.33856487274  2087392
1.33934998512  2086498
1.34075689316  2085263
1.34690284729  2081997
1.35714888573  2077675
1.3676970005  2075494
1.37019085884  2072386
1.37187600136  2071507
1.37277698517  2067079
1.37873697281  2065924
1.38309597969  2065304
1.38711881638  2062823
1.38884091377  2062469
1.39644479752  2050929
1.40658378601  2049540
1.41385793686  2049521
1.41551280022  2049269
1.41928982735  2040731
1.46355485916  2040076
1.49232888222  2039376
1.49749779701  2038609
1.53774785995  2038595
1.54760479927  2038238
1.55108499527  2037043
1.56050181389  2036882
1.56240296364  2035169
1.57436299324  2032022
1.59033584595  2028830
1.59288787842  2028780
1.60028791428  2027945
1.60185480118  1982813
1.61265993118  1982552
1.61579084396  1981800
1.62932896614  1948083
1.63212990761  1946872
1.63476991653  1944364
1.64057183266  1941432
1.66470479965  1938370
1.66886281967  1938299
1.68450093269  1937920
1.6900408268  1932319
1.69133591652  1931099
1.69269895554  1931049
1.71361994743  1929042
1.71876788139  1924280
1.72075891495  1923946
1.72312283516  1923680
1.72403883934  1923604
1.72906589508  1922081
1.73157501221  1920862
1.7360727787  1920412
1.74542284012  1919820
1.74581599236  1918042
1.76349401474  1917806
1.77389287949  1917145
1.79900479317  1916464
1.80381083488  1914616
1.80935788155  1914475
1.81647586823  1914099
1.82673883438  1913264
1.83004999161  1911069
1.8362197876  1910908
1.85468888283  1897739
1.86836194992  1896908
1.88668680191  1882511
1.897990942  1881981
1.90740299225  1880317
1.91357588768  1878966
1.92124295235  1876372
1.9314289093  1866968
1.94109392166  1866534
1.95209097862  1848278
1.97181487083  1848005
1.99741697311  1847802
2.00529885292  1846499
2.01487183571  1845037
2.01704192162  1844252
2.01767778397  1842794
2.0186958313  1841470
2.05223894119  1830344
2.05555987358  1829061
2.05713796616  1827526
2.05766391754  1827419
2.0868499279  1827246
2.08877897263  1826789
2.09064292908  1826123
2.09434080124  1826049
2.1213748455  1824180
2.12759590149  1823739
2.12900185585  1822738
2.1318488121  1812226
2.1379468441  1809645
2.1503238678  1808357
2.16264081001  1806201
2.17540287971  1798470
2.18250989914  1796724
2.18422079086  1795620
2.20860695839  1795504
17.6054639816  1795372
17.6060478687  1795360
17.6073257923  1794134
17.6580839157  1793166
17.6606419086  1792572
17.6771988869  1789036
17.6962168217  1788976
17.7265589237  1787787
17.7393758297  1787495
17.7962839603  1786960
17.803429842  1786844
17.8091688156  1761454
17.8156378269  1753697
17.8164060116  1753440
17.8750619888  1752839
17.9059858322  1752553
17.9105639458  1751871
17.9310278893  1750791
17.9423508644  1750384
17.958275795  1750013
18.0139529705  1746853
18.0335829258  1746290
18.1016459465  1740113
18.1024289131  1740111
18.1112978458  1739268
