0.0384120941162  7217417
0.0390250682831  7194276
0.0391719341278  7192787
0.0400159358978  7176255
0.040589094162  7168940
0.0408470630646  7117483
0.0414850711823  7116325
0.0418729782104  7110278
0.042004108429  7108321
0.0421431064606  7108295
0.0422699451447  7096510
0.0425190925598  7091033
0.0428919792175  7077786
0.0432651042938  6940512
0.0435149669647  6894524
0.0437638759613  6808511
0.0442600250244  6799474
0.0443871021271  6781060
0.044636964798  6780174
0.0451319217682  6777299
0.0456259250641  6738323
0.0457520484924  6734387
0.0464930534363  6684322
0.0467441082001  6678935
0.0473620891571  6674774
0.0474879741669  6643343
0.0476140975952  6529700
0.0481100082397  6396385
0.0484819412231  6384443
0.0488550662994  6370815
0.0492720603943  6339796
0.0494439601898  6331581
0.0500209331512  6328549
0.0501658916473  6311267
0.0507340431213  6307033
0.0511610507965  6302900
0.0519828796387  6282794
0.0521099567413  6114433
0.0522379875183  6102389
0.0527369976044  6100249
0.0531129837036  6096311
0.0532410144806  6085557
0.0534920692444  6085551
0.0544819831848  6081471
0.0547339916229  6076405
0.0552320480347  6065078
0.0553600788116  6063663
0.0557339191437  6062166
0.0558619499207  6058066
0.056480884552  6021713
0.0575978755951  5895596
0.0578560829163  5866683
0.0579850673676  5861468
0.0589880943298  5860256
0.0592529773712  5839741
0.0595118999481  5838980
0.0596430301666  5821874
0.0597720146179  5814707
0.0599009990692  5790449
0.0609059333801  5785147
0.0615329742432  5725639
0.0620300769806  5714901
0.0622880458832  5648544
0.0629160404205  5585143
0.0636661052704  5513348
0.0644099712372  5490690
0.0649170875549  5486738
0.0661540031433  5467804
0.066780090332  5454194
0.0673990249634  5454062
0.0691270828247  5450935
0.0695049762726  5440732
0.0698840618134  5402685
0.0703830718994  5402455
0.0705099105835  5389855
0.0706379413605  5372903
0.0717570781708  5369118
0.0718870162964  5367203
0.0725100040436  5366937
0.0733509063721  5360957
0.0734920501709  5327349
0.0738909244537  5325929
0.0753300189972  5325913
0.0762128829956  5325628
0.0766370296478  5307646
0.0791399478912  5290518
0.0819408893585  5289999
0.0823268890381  5278133
0.0825788974762  5265162
0.0829548835754  5251721
0.0830829143524  5249948
0.0847311019897  5245776
0.0853590965271  5219268
0.085736989975  5216388
0.0861120223999  5149551
0.0887129306793  5135671
0.0892109870911  5134911
0.0905740261078  5133526
0.0914430618286  5115295
0.0916950702667  5114489
0.0920829772949  5101075
0.092453956604  5092708
0.0934150218964  5081631
0.0949580669403  5078934
0.0954639911652  5077376
0.0970809459686  5072736
0.0973329544067  5061258
0.0983378887177  5060453
0.0995810031891  5059445
0.100205898285  5058749
0.100703954697  5035949
0.101701021194  5016894
0.101953029633  5010666
0.102328062057  5003873
0.102454900742  4956818
0.104481935501  4951670
0.104990959167  4941393
0.105247974396  4938271
0.107260942459  4932987
0.108644962311  4922683
0.109668970108  4920475
0.113046884537  4910900
0.114492893219  4910321
0.115149974823  4812214
0.115417003632  4803172
0.115673065186  4802247
0.117068052292  4799410
0.11745095253  4797573
0.118084907532  4795531
0.119343042374  4786869
0.120225906372  4785704
0.12073302269  4774859
0.121365070343  4773290
0.121495008469  4771946
0.121875047684  4754245
0.122004032135  4746989
0.122292995453  4708717
0.124314069748  4707261
0.124821901321  4706092
0.126569986343  4694966
0.128380060196  4679075
0.128640890121  4678358
0.130162000656  4654187
0.130676984787  4652575
0.132706880569  4630985
0.132963895798  4629727
0.133094072342  4620482
0.134610891342  4619586
0.135876893997  4604867
0.136395931244  4603227
0.138045072556  4597015
0.138936042786  4581320
0.140707015991  4580836
0.141342878342  4560063
0.141762018204  4559665
0.142160892487  4554227
0.142292976379  4547960
0.142949104309  4546808
0.143263101578  4546444
0.145660877228  4535764
0.145955085754  4535324
0.14777803421  4515915
0.150504112244  4508186
0.151019096375  4501249
0.15127491951  4498490
0.152286052704  4489717
0.153465986252  4473486
0.154053926468  4468357
0.158197879791  4458729
0.159698009491  4456842
0.160043001175  4456457
0.161935091019  4454435
0.163822889328  4451366
0.164505958557  4440058
0.165289878845  4430181
0.165427923203  4419413
0.166449069977  4419179
0.169111967087  4407604
0.170124053955  4324714
0.173299074173  4321066
0.173701047897  4310862
0.173832893372  4310808
0.177673101425  4291267
0.181041955948  4287687
0.182190895081  4287353
0.182699918747  4286800
0.183082103729  4285398
0.184150934219  4274342
0.184818983078  4252487
0.18615603447  4250924
0.186855077744  4239777
0.187005996704  4239188
0.187460899353  4229051
0.189363956451  4219172
0.189748048782  4218942
0.192852020264  4216914
0.193321943283  4119501
0.196554899216  4105055
0.199707984924  4104519
0.203384876251  4088755
0.204144001007  4087479
0.20515704155  4069829
0.20591211319  4066641
0.206922054291  4058110
0.207554101944  4047139
0.210196018219  4045898
0.21170592308  4040765
0.212213039398  4028818
0.213478088379  4025543
0.213608026505  4021073
0.215224981308  4020938
0.217715978622  4014664
0.21799492836  4011708
0.219712972641  4006278
0.220644950867  4005490
0.225188970566  4002214
0.229788064957  3995047
0.231817960739  3964731
0.232954978943  3961669
0.236350059509  3958296
0.23676109314  3955678
0.239149093628  3954448
0.239279985428  3952638
0.239410877228  3949903
0.239672899246  3939663
0.242642879486  3935203
0.24415397644  3915914
0.24915099144  3913334
0.252593040466  3913286
0.25284910202  3909794
0.253732919693  3900565
0.255373001099  3896209
0.259113073349  3890940
0.259382963181  3890718
0.259787082672  3889782
0.260323047638  3889466
0.261744976044  3859519
0.262080907822  3855660
0.262413024902  3851774
0.26577091217  3849105
0.267441034317  3801453
0.270180940628  3793703
0.271832942963  3792320
0.275603055954  3790443
0.278469085693  3786642
0.280253887177  3783795
0.280891895294  3780569
0.282793998718  3773049
0.283051013947  3742325
0.283686876297  3742002
0.284837007523  3741687
0.285351037979  3741229
0.288641929626  3734499
0.292079925537  3729809
0.293219089508  3729570
0.29727101326  3727356
0.297676086426  3715757
0.298687934875  3708980
0.299100875854  3705131
0.302331924438  3700609
0.305241107941  3689294
0.305371999741  3686748
0.305501937866  3685572
0.306642055511  3683888
0.307149887085  3682996
0.31285405159  3674870
0.315437078476  3669987
0.315821886063  3663139
0.317223072052  3655375
0.317354917526  3650859
0.320020914078  3650837
0.320528030396  3650478
0.32218003273  3649975
0.324472904205  3649443
0.327646017075  3645580
0.32815694809  3635001
0.329046010971  3634348
0.331465959549  3630920
0.33602809906  3618504
0.336474895477  3617825
0.338392019272  3569359
0.340204000473  3561883
0.340337991714  3539239
0.341110944748  3538693
0.344134092331  3536868
0.345428943634  3527262
0.348634958267  3514655
0.349407911301  3513618
0.351604938507  3512449
0.355473995209  3511620
0.358319997787  3508986
0.361383914948  3506196
0.366991043091  3505297
0.367641925812  3494683
0.375206947327  3492587
0.378127098083  3492062
0.381815910339  3457603
0.385859012604  3457052
0.385989904404  3439856
0.386874914169  3436042
0.390314102173  3432981
0.39132809639  3432703
0.394381046295  3427957
0.398689985275  3422554
0.401483058929  3418779
0.402245044708  3417491
0.408428907394  3410174
0.418646097183  3409002
0.423477888107  3407235
0.425009012222  3405012
0.425519943237  3404579
0.426604032516  3403913
0.427197933197  3403633
0.430876016617  3396612
0.432286977768  3394368
0.432983875275  3393563
0.43368601799  3392642
0.437139987946  3389848
0.438107967377  3382928
0.43879199028  3382080
0.443203926086  3361907
0.453219890594  3352784
0.453356981277  3350179
0.453869104385  3348512
0.455274105072  3346294
0.466999053955  3346061
0.467137098312  3337852
0.470108032227  3333674
0.477391958237  3333300
0.478791952133  3330908
0.478952884674  3310079
0.479522943497  3308218
0.479656934738  3306560
0.492712974548  3306485
0.492999076843  3300337
0.493139028549  3295951
0.493546962738  3291606
0.495012998581  3289128
0.499262094498  3282077
0.500066041946  3281465
0.500196933746  3279712
0.501214981079  3278655
0.503385066986  3277155
0.512386083603  3275333
0.51486492157  3275178
0.516159057617  3269259
0.531107902527  3266006
0.533025026321  3253047
0.536719083786  3252613
0.536976099014  3250975
0.53710603714  3250757
0.539292097092  3248733
0.54375910759  3246508
0.54628610611  3229799
0.547465085983  3228567
0.550496101379  3228498
0.555155038834  3209174
0.56978392601  3206238
0.571227073669  3205152
0.574923992157  3204514
0.579534053802  3202918
0.582333087921  3202444
0.584435939789  3202074
0.585375070572  3201819
0.58657002449  3194542
0.588804006577  3194332
0.590778112411  3193537
0.590919017792  3193091
0.597582101822  3192245
0.597718000412  3187268
0.601418018341  3184438
0.609940052032  3182810
0.618679046631  3170722
0.619585990906  3166327
0.622783899307  3165303
0.625313997269  3150025
0.62758398056  3147222
0.630136013031  3146989
0.632342100143  3146914
0.632474899292  3146905
0.638958930969  3146661
0.640996932983  3145730
0.645041942596  3139079
0.647624015808  3138557
0.651443004608  3132850
0.658567905426  3126511
0.662590026855  3111362
0.663930892944  3109610
0.666100025177  3109269
0.667260885239  3083846
0.668519973755  3083686
0.669691085815  3080208
0.672029972076  3078315
0.673194885254  3073484
0.674105882645  3072003
0.675682067871  3071474
0.681405067444  3066652
0.683084964752  3064868
0.684501886368  3057832
0.68665599823  3049795
0.689194917679  3047437
0.693005084991  3047006
0.694780111313  3046581
0.6951649189  3046473
0.696050882339  3044408
0.696558952332  3043943
0.701534986496  3042924
0.704999923706  3033106
0.705154895782  3027124
0.706227064133  3025938
0.712006092072  3023200
0.714304924011  3020438
0.721790075302  3019941
0.732582092285  3010104
0.734227895737  3009224
0.735497951508  3008639
0.735881090164  3008071
0.739633083344  3008010
0.745742082596  3004912
0.747648954391  2979631
0.750549077988  2978258
0.75509595871  2977725
0.759943962097  2940321
0.76234292984  2939836
0.763746976852  2935134
0.76743888855  2932796
0.770852088928  2930895
0.775630950928  2929137
0.77826499939  2927560
0.790412902832  2925725
0.790548086166  2922274
0.798263072968  2921719
0.798396110535  2917303
0.799918889999  2915671
0.807656049728  2902561
0.809179067612  2901347
0.812273979187  2900237
0.818806886673  2898635
0.820606946945  2894832
0.824601888657  2878502
0.826690912247  2878412
0.835067033768  2874973
0.836227893829  2874237
0.838011980057  2866603
0.840061903  2866159
0.841967105865  2850646
0.843111038208  2850611
0.844638109207  2847621
0.845968961716  2846208
0.847557067871  2842167
0.852776050568  2830895
0.862067937851  2727819
0.86626791954  2723805
0.867705106735  2719782
0.871835947037  2717569
0.873367071152  2716517
0.874509096146  2712884
0.876911878586  2710137
0.882267951965  2710020
0.886934995651  2703332
0.891454935074  2697635
0.89284992218  2692047
0.896378993988  2690185
0.898822069168  2686456
0.899082899094  2686218
0.900860071182  2685191
0.90212392807  2683671
0.902631998062  2679448
0.904151916504  2677636
0.904280900955  2677541
0.905566930771  2676430
0.908349990845  2675234
0.916182041168  2590959
0.922898054123  2573545
0.923984050751  2573446
0.930109977722  2547207
0.932274103165  2546343
0.941040039062  2545789
0.942071914673  2543449
0.948852062225  2541311
0.949119091034  2540218
0.958139896393  2538311
0.960925102234  2536277
0.968492031097  2535257
0.970529079437  2534814
0.973483085632  2534538
0.979619979858  2534055
0.980813980103  2532782
0.981975078583  2527235
0.983131885529  2522877
0.988212108612  2521879
0.990516901016  2520696
0.99568605423  2518056
0.999846935272  2507346
1.00945496559  2506581
1.01989293098  2499241
1.02145195007  2498080
1.03630805016  2494562
1.03695297241  2494048
1.04034805298  2488196
1.04162406921  2482748
1.05271291733  2482426
1.05887508392  2480458
1.06323695183  2479029
1.06401801109  2475779
1.0725979805  2473871
1.07831692696  2465712
1.07911705971  2462298
1.08186292648  2461323
1.08252096176  2458791
1.08808302879  2453865
1.09539604187  2453091
1.09958004951  2453018
1.10099601746  2452371
1.11346507072  2449804
1.12171387672  2437726
1.13733696938  2436302
1.13877010345  2432739
1.15722990036  2425103
1.15736889839  2417960
1.16186404228  2416499
1.16391706467  2411819
1.16418099403  2408493
1.16635990143  2407266
1.1697010994  2396722
1.17390108109  2396643
1.19951200485  2395577
1.20198607445  2328864
1.20656204224  2325067
1.21776390076  2321446
1.2185959816  2320951
1.22653889656  2314940
1.23016309738  2314914
1.23294901848  2314686
1.23793506622  2308799
1.23998689651  2308789
1.24116206169  2307637
1.24182200432  2305512
1.24395799637  2302428
1.24488687515  2302418
1.24669194221  2294532
1.24894404411  2293372
1.25513291359  2293123
1.26521897316  2291270
1.27615594864  2290961
1.27679491043  2287485
1.28806495667  2286031
1.29600596428  2284916
1.29792499542  2283306
1.31362605095  2277543
1.31711506844  2275141
1.31817102432  2267883
1.33383893967  2267813
1.33411407471  2267443
1.33647108078  2267290
1.35974907875  2266180
1.36028409004  2259201
1.3649020195  2227080
1.3718380928  2226898
1.383425951  2226749
1.3879339695  2224184
1.38943004608  2218384
1.39634203911  2218310
1.41463804245  2216831
1.41605591774  2202639
1.42879009247  2201079
1.43797397614  2200938
1.43952488899  2200378
1.44621491432  2194355
1.4576830864  2193750
1.46487188339  2193680
1.46609807014  2193206
1.47364497185  2191640
1.4901509285  2191301
1.49196004868  2191199
1.49318289757  2181670
1.49812793732  2180649
1.51262497902  2180504
1.5182890892  2178971
1.52294301987  2175761
1.52976703644  2174400
1.53332591057  2171864
1.54113698006  2171726
1.57128810883  2171134
1.57428693771  2169363
1.57890510559  2163301
1.57903504372  2162721
1.5830180645  2162583
1.59695506096  2162257
1.62096309662  2160502
1.63469600677  2160480
1.64004898071  2152119
1.66035294533  2150705
1.66509795189  2150494
1.67265892029  2150282
1.68527293205  2149825
1.68605208397  2130971
1.6986041069  2130489
1.70044803619  2126872
1.70773601532  2126586
1.71539592743  2124967
1.72345304489  2124864
3.72711491585  2122127
3.72931194305  2121987
3.76799607277  2121976
3.78466892242  2121435
3.79180002213  2107315
3.80510306358  2105441
3.81371188164  2100161
3.82273697853  2099277
3.82460904121  2099210
3.84521794319  2099022
3.85913205147  2098302
3.86627292633  2096983
3.8934071064  2095616
3.89651989937  2095098
3.90998601913  2094991
3.92739105225  2080266
3.93394804001  2079811
3.97957992554  2079243
3.98248791695  2076919
3.99800610542  2076404
4.00790905952  2075291
4.02850389481  2074345
4.0439388752  2070725
4.05366492271  2062269
4.05572104454  2061839
4.05740499496  2058929
4.09047198296  2057674
4.11152911186  2057399
4.11314511299  2056354
4.11393904686  2055996
4.12575602531  2049399
4.13088202477  2048817
4.1343960762  2048554
4.15410709381  2048277
4.17666196823  2046519
4.18584108353  2045784
4.19752788544  2038429
4.20978808403  2038406
4.22225403786  2034757
4.2239010334  2034563
4.22445392609  2033164
4.23159408569  2032950
4.2619099617  2026307
4.27988290787  2024501
4.28527808189  2023066
4.30084991455  2022538
4.30551505089  2022527
4.32675409317  2022433
4.32819604874  2017610
4.34475398064  2003040
4.34805703163  2000468
4.35008597374  2000463
4.38540101051  1999950
4.38664698601  1997825
4.42139410973  1997436
4.4485681057  1995318
4.48228693008  1992809
4.48283100128  1992783
4.49965405464  1990304
4.50209498405  1989853
4.50722002983  1983063
4.53292989731  1982860
4.54386305809  1982646
4.55301094055  1982638
4.55327510834  1974358
4.56790804863  1973930
4.57044506073  1973438
4.58428096771  1972739
4.62561798096  1971664
4.66453194618  1962180
4.69059801102  1958858
4.71452593803  1958029
8.60295891762  1954743
8.60488796234  1954414
8.60689592361  1953898
8.63380694389  1953059
8.64451503754  1952597
8.66397500038  1948982
11.7278029919  1947434
11.7463779449  1944819
11.7581288815  1944463
11.7674560547  1941909
11.781414032  1941736
11.7844700813  1938049
11.7850959301  1937928
11.8008770943  1937363
11.8250870705  1937332
11.8277690411  1935600
11.8448319435  1934823
11.8475210667  1934413
11.8524980545  1932575
11.8775599003  1931635
11.8806529045  1925491
11.8832979202  1924926
11.8872098923  1924885
11.8876008987  1922020
11.9045250416  1921662
11.9290890694  1921230
11.9374120235  1919741
11.9436490536  1918521
11.9453430176  1918165
11.9616599083  1917755
20.6613230705  1893915
20.6645030975  1892494
20.6694719791  1891036
20.6764318943  1889338
20.7326979637  1884781
20.7607870102  1884632
20.798760891  1878736
20.8054170609  1878525
20.8223679066  1877267
20.8311159611  1876974
20.8664500713  1876563
20.8843619823  1873314
20.9169509411  1873003
20.9363980293  1869164
20.9483890533  1867477
20.9573769569  1866921
20.9873530865  1864679
21.0005869865  1864134
21.007390976  1862876
21.0092489719  1862637
21.0236129761  1862537
21.0497250557  1860579
21.087059021  1859833
21.1271839142  1858377
21.1445150375  1848252
21.157777071  1845857
21.1622869968  1845794
21.1836349964  1841552
21.1858210564  1840054
21.1992020607  1838330
21.2011170387  1831038
21.2506620884  1830385
21.3026850224  1829906
21.3169798851  1828081
21.3261740208  1827860
21.3559579849  1826623
21.3737289906  1825126
21.3755669594  1825101
21.3779809475  1823910
21.3842449188  1822282
21.3856608868  1821315
21.4053800106  1820860
21.4074320793  1820384
21.4170079231  1819394
21.4428329468  1815369
21.4569220543  1813512
21.4776449203  1811697
21.4784619808  1810961
21.4989099503  1810763
21.5107400417  1808573
21.5739400387  1803914
21.5826990604  1803715
21.5875999928  1800817
21.6471130848  1799695
21.661657095  1799185
21.6702899933  1798816
21.7119998932  1796776
21.714509964  1796175
21.7207970619  1795803
21.7310419083  1791581
21.7474880219  1790625
21.7562499046  1786058
21.8035039902  1780015
21.8070909977  1779399
21.8072280884  1763558
21.8196439743  1763518
21.8788230419  1761991
21.9029829502  1761598
21.9128570557  1761522
21.9433090687  1760123
21.9536640644  1758751
21.9952418804  1757244
22.0452940464  1757162
22.0577139854  1756201
22.0676350594  1756031
22.087651968  1755397
22.0953381062  1755334
22.1232919693  1752753
22.1423389912  1752329
22.1888399124  1752294
22.2038168907  1751747
22.2234869003  1751030
22.2811999321  1749722
22.2832579613  1749511
88.8264429569  1744804
88.8398458958  1744667
88.8696050644  1744460
88.8933649063  1744243
88.9219310284  1744152
88.9293119907  1743436
88.972176075  1742583
88.980036974  1740682
89.0000538826  1740291
89.0167369843  1739347
89.038449049  1733420
89.0609118938  1731890
89.0819509029  1730824
89.1042439938  1727460
89.1138520241  1724785
89.1184129715  1719237
89.1228089333  1707719
89.1323349476  1707591
89.1599168777  1707525
89.1999549866  1706091
89.2451779842  1706070
89.2578999996  1703259
89.2744970322  1700414
89.2882800102  1700171
89.289329052  1692031
89.2995219231  1691486
89.3408699036  1690058
89.3517930508  1689725
89.3702809811  1682025
89.3938639164  1681999
89.4020218849  1681433
89.4044570923  1681411
