0.039393901825  6922268
0.0397789478302  6920927
0.0407218933105  6916840
0.0411279201508  6912871
0.0414218902588  6911847
0.0418720245361  6883466
0.0420079231262  6880869
0.0422229766846  6879812
0.04314494133  6878997
0.0433378219604  6877881
0.0455830097198  6877306
0.0457389354706  6844059
0.0460560321808  6841539
0.0464308261871  6830040
0.0470089912415  6826029
0.0477800369263  6822041
0.0491800308228  6819544
0.0494740009308  6816122
0.0517828464508  6815315
0.0519988536835  6811239
0.0526049137115  6798368
0.0530178546906  6795309
0.0556650161743  6791128
0.0559589862823  6779300
0.0560958385468  6777543
0.0585708618164  6776307
0.0609028339386  6775543
0.0638208389282  6769690
0.0641939640045  6767931
0.0672500133514  6767869
0.0709588527679  6767056
0.0710968971252  6747678
0.0753078460693  6745668
0.0754449367523  6744238
0.0762288570404  6744206
0.0808279514313  6743249
0.0855829715729  6742448
0.0857198238373  6736810
0.0859348773956  6734945
0.0862598419189  6698033
0.0907289981842  6692860
0.0937809944153  6691366
0.0976548194885  6690956
0.0982618331909  6690699
0.0989470481873  6690328
0.10271692276  6688814
0.108139038086  6688793
0.108356952667  6672609
0.10865187645  6672561
0.108789920807  6599542
0.109160900116  6597377
0.114599943161  6596907
0.119976997375  6596585
0.120132923126  6596397
0.120465040207  6588545
0.126008987427  6587889
0.132009029388  6587729
0.132150888443  6586765
0.13237285614  6571630
0.132917881012  6566338
0.139070987701  6566289
0.145112037659  6565183
0.145357847214  6564888
0.145511865616  6564422
0.151837825775  6564111
0.151975870132  6559934
0.152426958084  6559851
0.159049987793  6559049
0.159190893173  6558847
0.165277004242  6558105
0.171133041382  6557887
0.171278953552  6557288
0.177438020706  6557201
0.184196949005  6556146
0.190934896469  6555113
0.191542863846  6553250
0.191680908203  6553227
0.191895961761  6547854
0.199096918106  6546732
0.205950975418  6545524
0.206637859344  6545356
0.207165956497  6545006
0.214201927185  6544405
0.223096847534  6544279
0.223940849304  6541938
0.224236011505  6541786
0.224607944489  6535540
0.23238492012  6534798
0.240702867508  6533840
0.242331981659  6533833
0.242625951767  6533294
0.244272947311  6531658
0.25349187851  6531326
0.253829956055  6529402
0.256276845932  6529172
0.256418943405  6528644
0.256974935532  6525025
0.257663965225  6480816
0.257995843887  6479502
0.258949995041  6473635
0.261024951935  6473168
0.270290851593  6472234
0.279219865799  6471663
0.279357910156  6341960
0.289350032806  6340953
0.289644002914  6334447
0.290094852448  6332562
0.290781021118  6331537
0.291074037552  6328248
0.291837930679  6326400
0.291973829269  6289392
0.293216943741  6287147
0.303231954575  6286150
0.303369045258  6191462
0.314069032669  6190543
0.314597845078  6189546
0.326606988907  6188999
0.326902866364  6178570
0.327667951584  6177188
0.340279817581  6176741
0.340416908264  6174946
0.353011846542  6174369
0.353148937225  6173738
0.366391897202  6172530
0.36660695076  6165824
0.367136001587  6164421
0.380373954773  6163496
0.380511045456  6162682
0.395638942719  6161649
0.395776987076  6156787
0.395992040634  6154236
0.396364927292  6145613
0.396816015244  6142736
0.397109985352  6141014
0.39732503891  6138308
0.397933006287  6122177
0.398068904877  6118656
0.398283958435  6118553
0.3996758461  6114416
0.400833845139  6114137
0.401911973953  6107795
0.402362823486  6100529
0.402499914169  6088215
0.403025865555  6075331
0.403162002563  6073673
0.404340028763  6070823
0.405661821365  6069378
0.407269001007  6065511
0.407572031021  6061489
0.407711982727  6054244
0.409307956696  6050763
0.410686969757  6048387
0.412361860275  6042635
0.412503004074  6042135
0.412884950638  6038718
0.414738893509  6036775
0.430614948273  6036463
0.431615829468  6034938
0.43198800087  6034547
0.432237863541  5961383
0.432379007339  5959956
0.432842969894  5959591
0.433387041092  5958322
0.446491003036  5957512
0.446627855301  5881042
0.447469949722  5879216
0.448627948761  5878888
0.449862957001  5876270
0.462970972061  5876055
0.478488922119  5874464
0.494168996811  5874005
0.494307041168  5861980
0.510226011276  5861765
0.511950016022  5855364
0.51326084137  5854146
0.529211997986  5853708
0.545619010925  5853155
0.54736495018  5852531
0.548672914505  5842276
0.565047979355  5842265
0.582170963287  5841512
0.582329034805  5839770
0.582543849945  5838437
0.582837820053  5836779
0.585099935532  5809572
0.585237026215  5790451
0.586868047714  5785557
0.60399389267  5784740
0.604131937027  5775648
0.622007846832  5774707
0.622633934021  5767789
0.641356945038  5767518
0.641494035721  5751834
0.642101049423  5750579
0.660755872726  5750334
0.660894870758  5749884
0.661108970642  5747600
0.680196046829  5736257
0.701699018478  5733474
0.720738887787  5730996
0.740171909332  5724487
0.762668848038  5722584
0.785085916519  5721336
0.807288885117  5718643
0.827059030533  5715562
0.847349882126  5714092
0.86994099617  5711148
0.892622947693  5707859
0.915503025055  5704922
0.935839891434  5702555
0.955821037292  5701306
0.979693889618  5698220
0.999981880188  5695460
1.02192902565  5658985
1.04247999191  5655535
1.06586885452  5655399
1.086165905  5648068
1.106580019  5648048
1.12579488754  5646121
1.15120196342  5642824
1.17036986351  5640824
1.19103288651  5624299
1.21031093597  5623896
1.23140192032  5623035
1.27189087868  5623031
1.29126381874  5620837
1.31054496765  5618310
1.330286026  5618158
1.35082983971  5615450
1.36991786957  5614646
1.3899140358  5614643
1.41793489456  5614155
1.45693182945  5605934
1.49472284317  5605654
1.53293800354  5605421
1.57152891159  5603793
1.60980987549  5598768
1.64847588539  5596159
1.68814182281  5591978
1.73082184792  5591966
1.7309589386  5591890
1.73816990852  5591581
1.74099183083  5591271
1.74206900597  5588589
1.7423620224  5588241
1.74281191826  5504958
1.74983501434  5504783
1.75900888443  5504551
1.75977492332  5504529
1.75991082191  5493493
1.76079583168  5492339
1.76210594177  5491945
1.80689692497  5484121
1.85877990723  5480674
1.90939903259  5480458
1.95620894432  5480371
1.99617195129  5480341
2.03519392014  5480166
2.07391381264  5479371
2.11243796349  5475266
2.15165686607  5475022
2.1903989315  5466136
2.23066186905  5465913
2.26934599876  5465644
2.30753397942  5462227
2.34645485878  5462131
2.38497591019  5450648
2.42319989204  5443499
2.46156382561  5442111
2.50059604645  5438214
2.53935003281  5422272
2.5774948597  5416462
2.61566185951  5410717
2.65462803841  5406020
2.69411492348  5403538
2.73636388779  5401679
2.77693891525  5400187
2.81521582603  5400135
2.8623290062  5399592
2.90117096901  5395708
2.93958997726  5395528
2.97741103172  5392709
3.0166118145  5390682
3.05466389656  5389799
3.09313488007  5389307
3.1309709549  5386863
3.17000985146  5381931
3.20872282982  5380944
3.24692082405  5379565
3.29642987251  5379547
3.35246181488  5379027
3.37690281868  5379000
3.3968360424  5378755
3.42119693756  5377786
3.4644908905  5375605
3.5217499733  5375321
3.5837700367  5375055
3.64227604866  5374244
3.70630884171  5373769
3.76490592957  5338693
3.82221603394  5331708
3.87869095802  5331660
3.93627285957  5330718
3.99774599075  5329736
4.07271504402  5329690
4.11093091965  5329472
4.20503282547  5323364
4.26203298569  5322049
4.3564748764  5317743
4.45100402832  5317346
4.54652881622  5316996
4.6409330368  5309459
4.64130783081  5309457
4.64160299301  5309368
4.64197492599  5309153
4.66254091263  5308345
4.66393494606  5307684
4.66422891617  5305166
4.66436600685  5304504
4.66458082199  5304317
4.66495203972  5295792
4.66508984566  5293520
4.66561985016  5277497
4.66693592072  5277132
4.67621803284  5276858
4.73329687119  5269049
4.79021692276  5268119
4.84721183777  5215512
4.90399885178  5214032
4.96079492569  5138555
5.01736593246  5136985
5.07483100891  5134184
5.13199281693  5123954
5.19934797287  5122677
5.25623703003  5112087
5.3133289814  5109955
5.37007284164  5043479
5.4268219471  5035355
5.48389196396  4982462
5.54114294052  4978982
5.59832382202  4978895
5.66587781906  4978719
5.72376990318  4976800
5.74278783798  4976776
5.80122685432  4976577
5.80144500732  4976382
5.85996103287  4974846
5.91826200485  4973915
5.91847801208  4973588
5.93747091293  4972582
5.99546289444  4966937
6.0525829792  4963079
6.0720448494  4963055
6.1308259964  4961947
6.13104200363  4961646
6.18880081177  4950286
6.24590802193  4947812
6.30296993256  4931819
6.36167788506  4927653
6.36189389229  4927329
6.38156795502  4927195
6.43945288658  4927108
6.49679088593  4874805
6.55769300461  4865830
6.55790781975  4865572
6.55804491043  4865423
6.61489796638  4859737
6.67912697792  4859512
6.83402299881  4859066
6.99062585831  4859022
7.14675998688  4858793
7.30299901962  4858439
7.45320796967  4851040
7.60937404633  4850005
7.80332183838  4849752
7.98941397667  4837236
8.0652089119  4836338
8.15003299713  4835811
8.24438095093  4835780
8.31988096237  4835315
8.42256784439  4834836
8.5650498867  4834824
8.71383786201  4832748
8.86683297157  4832278
9.01817893982  4827409
9.18006682396  4826613
9.2925298214  4826140
9.51485800743  4825895
9.7187628746  4825777
9.90533185005  4819942
10.0935139656  4819860
10.094285965  4818748
10.1060688496  4817425
10.2002708912  4817320
10.2944920063  4817179
10.3885769844  4816517
10.4822869301  4814824
10.5952358246  4810844
10.7258269787  4810675
10.838518858  4809534
10.9515788555  4807626
11.0646049976  4806253
11.1834030151  4805829
11.2967448235  4747001
11.3719098568  4746881
11.4543869495  4745351
11.4617679119  4744995
11.4622180462  4743383
11.4685828686  4743260
11.4870259762  4742139
11.4915440083  4742106
11.4919159412  4742022
11.4935488701  4741721
11.4937648773  4732209
11.4961879253  4726435
11.496325016  4725268
11.5039768219  4724840
11.5041928291  4724339
11.5060558319  4715206
11.5067420006  4714673
11.5098969936  4712165
11.5205709934  4711779
11.5502460003  4711559
11.5883948803  4703590
11.6286129951  4699480
11.6664659977  4674355
11.7051279545  4674292
11.7429008484  4661270
11.7810518742  4659286
11.8192880154  4654718
11.8576128483  4645371
11.8980360031  4644461
11.9433648586  4643812
11.9850459099  4643740
12.027766943  4642046
12.0668828487  4638847
12.1063859463  4636856
12.1457908154  4635293
12.1853358746  4634102
12.2286109924  4633488
12.2718470097  4631733
12.328250885  4631653
12.3344290257  4631022
12.4476790428  4630581
12.6389389038  4611739
12.7507679462  4611711
12.8875699043  4611406
13.0441009998  4610859
13.1841828823  4610054
13.3436579704  4609598
13.4439878464  4609575
13.5500359535  4609550
13.65158391  4606506
13.7457909584  4604307
13.8444638252  4604017
13.9429879189  4603705
14.0899648666  4603235
14.2391979694  4602301
14.3811860085  4601552
14.5733149052  4600473
14.7610659599  4599883
14.9559688568  4599003
15.1498508453  4574816
15.3452279568  4574532
15.5349838734  4566707
15.6879799366  4566696
15.8788619041  4556783
16.037184  4555817
16.2246818542  4551050
16.4150760174  4546740
16.6055519581  4546436
16.7990088463  4545304
17.0177879333  4544937
17.2260680199  4544444
17.4408199787  4500218
17.6504130363  4496381
17.8578538895  4493718
18.0656559467  4493278
18.2724368572  4482918
18.4829668999  4475462
18.691092968  4474075
18.9053659439  4474008
19.1107449532  4473100
19.3570699692  4472802
19.5628859997  4472775
19.8515949249  4471999
20.1519038677  4469941
20.4727599621  4469894
20.7850730419  4469516
21.1224069595  4469189
21.4710459709  4468841
21.8367388248  4467585
22.2033610344  4465472
22.5756950378  4463991
22.9515519142  4463943
23.3224298954  4457221
23.5983269215  4456842
23.7862248421  4456739
23.8823950291  4456673
24.0151050091  4456605
24.1473610401  4456362
24.2985069752  4456322
24.5042250156  4456117
24.6476960182  4455645
24.7802610397  4455556
24.9115588665  4455295
25.0456750393  4454996
25.1806678772  4454963
25.3149318695  4454934
25.4490499496  4454364
25.5821769238  4454134
25.7717549801  4454025
26.0743060112  4453636
26.369412899  4428459
26.6659040451  4428165
26.9678678513  4427227
27.2674160004  4420858
27.268666029  4419830
27.2688028812  4418706
27.2690968513  4418592
27.2890789509  4418209
27.2899599075  4415284
27.307448864  4414936
27.3265678883  4413932
27.3900849819  4344202
27.3903000355  4343907
27.3904578686  4343758
27.4469499588  4327488
27.5057868958  4327472
27.5632078648  4320860
27.6206278801  4316236
27.6796419621  4309210
27.7402179241  4308356
27.7992188931  4306816
27.8559868336  4304084
27.9144499302  4298043
27.9851169586  4297369
28.0484669209  4294808
28.0486938953  4294511
28.0677230358  4293505
28.1293280125  4168453
28.1960399151  4168325
28.2536609173  4168256
28.3320548534  4168180
28.4269058704  4167778
28.4934289455  4167575
28.5889480114  4166348
28.6485979557  4166279
28.8589978218  4166013
29.0608110428  4165795
29.2554779053  4164151
29.4688568115  4163811
29.66603899  4162850
29.8557498455  4162193
30.0498609543  4161754
30.2783420086  4159617
30.519110918  4148874
30.7642168999  4147480
31.0285069942  4145656
31.3130919933  4143430
31.5949978828  4143034
31.9625849724  4142334
32.3326518536  4142162
32.7246258259  4140358
33.1199889183  4129876
33.476845026  4122525
33.8110380173  4119476
34.1440570354  4108995
34.4793038368  4107563
34.8199000359  4107241
35.1703979969  4106363
35.5107169151  4106358
35.8469319344  4106339
36.1966300011  4096908
36.4583919048  4095828
36.7430930138  4095767
37.0829119682  4035734
37.3128409386  4030681
37.5957729816  4029891
37.9687168598  3995823
38.3168900013  3991096
38.5463860035  3989168
38.7742509842  3989107
39.113617897  3984492
39.4467098713  3982645
39.7867889404  3955401
40.0121159554  3951160
40.3251709938  3950348
40.6948029995  3948851
41.028949976  3943124
41.2558820248  3940836
41.480276823  3940775
41.8430848122  3940435
42.2275118828  3936423
42.6346378326  3935145
43.0535738468  3934981
43.4675338268  3934544
44.0044739246  3933030
44.5375490189  3908601
44.7707710266  3905742
44.9949979782  3905522
45.227080822  3904995
45.6334190369  3904205
46.0868840218  3903104
46.5500538349  3895082
46.5520038605  3894360
46.5521409512  3894336
46.5692059994  3893882
46.5694990158  3893081
46.5844969749  3892969
46.5847120285  3892930
46.5850059986  3787627
46.5854549408  3750783
46.5860610008  3679963
46.5861978531  3676060
46.5872769356  3669118
46.5886108875  3667982
46.5887479782  3607309
46.5889618397  3570764
46.589411974  3512299
46.5896270275  3498316
46.5909438133  3497496
46.5924429893  3495144
46.5925798416  3494660
46.597894907  3493139
46.5980329514  3477374
46.5985629559  3467402
46.61302495  3466099
46.6205489635  3465827
46.6207649708  3465788
46.6353318691  3464947
46.6500389576  3464753
46.6506500244  3464339
46.6508648396  3463959
46.6511590481  3463617
46.6516089439  3463374
46.6699938774  3462965
46.6721799374  3462402
47.0950260162  3462338
47.6094880104  3462330
47.9107139111  3460216
48.1349239349  3458721
48.3942499161  3458014
48.6876959801  3457993
49.0548100471  3453647
49.1872830391  3453170
49.2820019722  3452584
49.4160978794  3451942
49.5663199425  3451511
49.7022538185  3449553
49.7027850151  3449041
49.9416878223  3448840
50.1567909718  3448751
