0.038526058197  6816567
0.0390570163727  6778071
0.0392229557037  6681261
0.0393850803375  6667530
0.0395510196686  6659952
0.0397131443024  6658613
0.040030002594  6640285
0.0401730537415  6638385
0.0404560565948  6627504
0.0406000614166  6625516
0.0407431125641  6620310
0.0411670207977  6615885
0.04159116745  6613943
0.0417351722717  6578210
0.0420200824738  6566558
0.0421640872955  6558030
0.0436220169067  6545726
0.0438890457153  6499464
0.0445070266724  6470801
0.0446331501007  6469131
0.0448801517487  6452258
0.0450069904327  6429236
0.0451331138611  6392277
0.0452580451965  6386794
0.0456299781799  6348475
0.0460000038147  6348469
0.0464930534363  6341832
0.0469861030579  6274564
0.0472350120544  6273796
0.0473611354828  6267818
0.0476100444794  6263489
0.0479819774628  6259680
0.0482311248779  6244573
0.048602104187  6238362
0.0487291812897  6180263
0.0488550662994  6176447
0.0492260456085  6150276
0.0495841503143  6145166
0.0497350692749  6137756
0.0498790740967  6133411
0.0511510372162  6132111
0.05157995224  6131160
0.0519821643829  6125482
0.0524821281433  6123192
0.0531029701233  6123070
0.0533549785614  6120800
0.0536060333252  6119402
0.0538561344147  6112686
0.0541050434113  6111484
0.0542349815369  6106381
0.0544900894165  6096351
0.0546181201935  6094326
0.0548701286316  6092756
0.0554940700531  6059769
0.0556221008301  6036038
0.0561180114746  6031348
0.056244134903  5991644
0.0569851398468  5977934
0.057480096817  5977281
0.0579769611359  5969528
0.0581040382385  5957993
0.0583550930023  5952120
0.058482170105  5950884
0.0588581562042  5936732
0.0591070652008  5931632
0.0593590736389  5898570
0.0594890117645  5890583
0.0597381591797  5889266
0.0603539943695  5879325
0.0608501434326  5863266
0.061222076416  5854529
0.0624511241913  5850460
0.062577009201  5840661
0.0628261566162  5840184
0.0633201599121  5819151
0.0634460449219  5815130
0.0639481544495  5796503
0.064197063446  5744323
0.0653040409088  5721470
0.0667750835419  5684649
0.0669021606445  5684217
0.0671510696411  5682454
0.0691180229187  5633005
0.0693709850311  5630929
0.0702381134033  5604902
0.0707349777222  5600897
0.0708620548248  5596974
0.0709891319275  5582933
0.0717360973358  5580806
0.0719900131226  5541265
0.07248711586  5541247
0.0748159885406  5477139
0.0752100944519  5468012
0.0767021179199  5441107
0.0768430233002  5425924
0.0771541595459  5416712
0.0779571533203  5395338
0.0789470672607  5393501
0.0798740386963  5390153
0.0809080600739  5389754
0.0811851024628  5376230
0.0818901062012  5352288
0.0831151008606  5333723
0.0832471847534  5333459
0.0839960575104  5329701
0.084370136261  5301064
0.0867381095886  5296383
0.0868661403656  5249474
0.0873630046844  5242696
0.0878570079803  5222405
0.0897190570831  5218031
0.0907189846039  5212426
0.0908491611481  5209058
0.0912230014801  5190774
0.0918481349945  5189744
0.0921030044556  5179035
0.0930061340332  5178103
0.0958199501038  5171926
0.0959720611572  5168129
0.0962591171265  5167965
0.0966861248016  5167844
0.0993311405182  5160704
0.0994610786438  5158387
0.100449085236  5156013
0.100576162338  5150260
0.101320981979  5026406
0.105297088623  5024508
0.105556964874  5024215
0.105937957764  5016334
0.106191158295  5012063
0.106570959091  5002112
0.107074022293  5000812
0.10745716095  4991146
0.108337163925  4941394
0.108965158463  4936022
0.111060142517  4927097
0.111593961716  4918098
0.112207174301  4917932
0.113130092621  4898062
0.115225076675  4874581
0.116628170013  4873857
0.117267131805  4865068
0.119292020798  4860868
0.119421958923  4859388
0.119554042816  4859030
0.119812011719  4831383
0.121206045151  4827344
0.121462106705  4816519
0.122608184814  4806066
0.124251127243  4801174
0.125650167465  4791935
0.126420021057  4719060
0.12667798996  4709856
0.127065181732  4709733
0.127454042435  4706336
0.12784910202  4702415
0.130185127258  4700712
0.131849050522  4687474
0.133162975311  4684694
0.133445978165  4680076
0.134093046188  4677081
0.134364128113  4672500
0.135010004044  4669164
0.135396957397  4664846
0.135658025742  4664510
0.136557102203  4649942
0.138602972031  4634691
0.139677047729  4629012
0.140197038651  4626792
0.14058804512  4600645
0.141618013382  4598192
0.14226102829  4595658
0.142393112183  4594191
0.142660140991  4571987
0.144319057465  4541213
0.14612197876  4525396
0.146640062332  4520579
0.148105144501  4511556
0.149821996689  4509992
0.149965047836  4508766
0.153854131699  4498348
0.155749082565  4468625
0.158643960953  4463509
0.159027099609  4462837
0.159286975861  4461628
0.15954709053  4451661
0.16107916832  4450182
0.161209106445  4443816
0.161339998245  4434794
0.162400960922  4433193
0.162673950195  4432208
0.163079977036  4426217
0.16505408287  4414794
0.166350126266  4413677
0.166483163834  4409448
0.170812129974  4409239
0.172212123871  4403945
0.173612117767  4399226
0.177636146545  4393792
0.179038047791  4381434
0.18057513237  4328088
0.181334972382  4324575
0.182976007462  4322384
0.183109045029  4320414
0.184175014496  4320351
0.184452056885  4313270
0.184856176376  4309707
0.187716007233  4304231
0.188040018082  4302957
0.190448999405  4302291
0.191082000732  4238963
0.192706108093  4236765
0.195325136185  4230981
0.197448015213  4230499
0.199058055878  4220799
0.200690984726  4205854
0.202825069427  4205741
0.203457117081  4197132
0.205108165741  4180094
0.206624984741  4179808
0.207637071609  4166097
0.208017110825  4163676
0.210278987885  4163244
0.210409164429  4152825
0.210915088654  4147677
0.211169958115  4146931
0.21430015564  4141767
0.214427947998  4103984
0.214559078217  4100479
0.215193033218  4090519
0.215948104858  4058061
0.216336965561  4057097
0.216468095779  4042291
0.217355012894  4041052
0.218240022659  3995017
0.218868970871  3994637
0.220146179199  3870345
0.220685005188  3868503
0.221084117889  3864592
0.221879005432  3863285
0.222502946854  3801659
0.222670078278  3782205
0.223222017288  3780035
0.225275993347  3772830
0.228090047836  3752664
0.228223085403  3751041
0.228624105453  3746605
0.22994017601  3745300
0.231033086777  3743634
0.235319137573  3702238
0.236757993698  3699022
0.23716711998  3695937
0.238871097565  3676086
0.240504980087  3673425
0.242769956589  3670098
0.243895053864  3641465
0.244896173477  3640979
0.246520996094  3637964
0.248394966125  3637399
0.25189614296  3628205
0.256664991379  3627232
0.260600090027  3626435
0.260745048523  3625469
0.261397123337  3618135
0.261547088623  3617172
0.264789104462  3610200
0.265439987183  3609063
0.266976118088  3606970
0.268510103226  3600120
0.268640995026  3599884
0.270416021347  3587177
0.271684169769  3586468
0.273211956024  3581650
0.273977041245  3578940
0.274234056473  3574837
0.276672124863  3568146
0.278109073639  3566112
0.27824306488  3565743
0.279414176941  3564627
0.279674053192  3537979
0.280066013336  3536841
0.280707120895  3535592
0.281612157822  3535582
0.2823741436  3531763
0.284265995026  3530835
0.287556171417  3530538
0.287811994553  3530437
0.298187017441  3522052
0.29883313179  3515037
0.299597024918  3512459
0.299728155136  3509303
0.3001101017  3508771
0.300994157791  3500521
0.302380084991  3499774
0.305886983871  3496747
0.308408021927  3491449
0.318284988403  3490970
0.322025060654  3489977
0.322790145874  3472236
0.327728033066  3467339
0.328240156174  3463637
0.329064130783  3456236
0.332875967026  3405609
0.335355997086  3403704
0.338700056076  3394965
0.339215040207  3394718
0.344284057617  3394536
0.344794034958  3393044
0.345304012299  3385154
0.345705986023  3381391
0.350727081299  3381217
0.35111618042  3378938
0.351634979248  3374895
0.354815006256  3372540
0.356387138367  3372460
0.357689142227  3371487
0.357822179794  3364694
0.358731985092  3326459
0.362187147141  3319421
0.363075017929  3318828
0.363204956055  3312146
0.363336086273  3307714
0.365123033524  3307085
0.366252183914  3297021
0.374691009521  3296351
0.378441095352  3279665
0.38049697876  3276646
0.38213300705  3275900
0.382816076279  3274602
0.383339166641  3271134
0.383598089218  3264347
0.387550115585  3263605
0.388692140579  3257883
0.398380994797  3252818
0.399928092957  3248702
0.401605129242  3246550
0.404169082642  3246277
0.405652999878  3244411
0.410598993301  3237213
0.417808055878  3225599
0.419335126877  3224048
0.420104980469  3211779
0.423128128052  3208690
0.425534963608  3205447
0.428212165833  3204083
0.431740999222  3201056
0.440138101578  3195119
0.44363617897  3194085
0.443777084351  3188547
0.445150136948  3187752
0.449836969376  3187751
0.451308965683  3179258
0.451570034027  3178280
0.453107118607  3165643
0.458981990814  3154380
0.46227312088  3152291
0.462923049927  3147885
0.463564157486  3147861
0.467766046524  3134764
0.472820997238  3129707
0.479280948639  3125823
0.480627059937  3113307
0.481158971786  3112920
0.486570119858  3112564
0.487087011337  3111364
0.497269153595  3108650
0.502484083176  3105509
0.504405021667  3103722
0.513153076172  3099923
0.53070306778  3084633
0.535593986511  3026982
0.54310297966  3019639
0.545122146606  3018611
0.546992063522  3014566
0.550328969955  3011946
0.558818101883  3011047
0.561918973923  3004705
0.56299495697  3003844
0.566833019257  3003772
0.567602157593  3003771
0.574706077576  2997982
0.579924106598  2997922
0.58154296875  2993949
0.58407998085  2991580
0.585819005966  2985547
0.586488962173  2982953
0.591632127762  2982596
0.593585014343  2982183
0.596356153488  2982000
0.599008083344  2981439
0.603317975998  2966957
0.615515947342  2965601
0.623730182648  2964691
0.624727010727  2964438
0.625288009644  2964036
0.628540039062  2962334
0.63674902916  2962255
0.637897968292  2960363
0.659470081329  2959659
0.66744017601  2959632
0.672152042389  2957614
0.67597413063  2949811
0.678953170776  2949800
0.681082010269  2949405
0.688117027283  2948119
0.694185972214  2947840
0.695778131485  2941503
0.703220129013  2939011
0.713345050812  2936814
0.715751171112  2936275
0.716427087784  2934491
0.717628955841  2933781
0.718162059784  2933770
0.724547147751  2932869
0.732262134552  2930727
0.739189147949  2926725
0.751857995987  2926571
0.754067182541  2925423
0.754199981689  2924570
0.754588127136  2919899
0.756397008896  2917083
0.756782054901  2915929
0.766585111618  2915263
0.772338151932  2915062
0.77247095108  2910239
0.776993989944  2907345
0.779239177704  2905642
0.77992606163  2903947
0.782407999039  2902214
0.783566951752  2901177
0.791804075241  2898354
0.793320178986  2898229
0.807095050812  2896435
0.80811214447  2896345
0.822796106339  2895083
0.82431602478  2889855
0.824572086334  2886377
0.826472043991  2882003
0.84379696846  2879915
0.84752202034  2877544
0.862581014633  2877161
0.866391181946  2876810
0.867542028427  2875025
0.868078947067  2867420
0.869004964828  2863607
0.873795032501  2862853
0.87877702713  2851792
0.881724119186  2847184
0.896855115891  2846581
0.900413990021  2841175
0.900962114334  2839318
0.921967029572  2833654
0.922391176224  2832337
0.928867101669  2830517
0.929833173752  2828971
0.939660072327  2828787
0.949012994766  2828349
0.953015089035  2828285
0.95608496666  2822566
0.959053039551  2820250
0.961925029755  2819460
0.965340137482  2812393
0.969071149826  2800303
0.979150056839  2800013
0.982782125473  2795781
0.982938051224  2792008
0.983237981796  2791475
0.992210149765  2789961
0.992871999741  2787949
0.999056100845  2783987
1.00294518471  2782875
1.00625896454  2781752
1.00841403008  2779192
1.0187060833  2777782
1.02425503731  2774448
1.02540016174  2774447
1.03033900261  2774374
1.03805112839  2771214
1.04065012932  2769182
1.04410910606  2768691
1.04577517509  2767149
1.05445313454  2759264
1.05778503418  2733323
1.06096196175  2729582
1.08009505272  2724194
1.08550810814  2722956
1.09683895111  2717312
1.10261917114  2716095
1.10506701469  2715787
1.11921811104  2715239
1.12658715248  2709360
1.13133406639  2703076
1.15665197372  2701593
1.16956806183  2700367
1.17439007759  2699064
1.17716217041  2696485
1.1996819973  2696040
1.21726799011  2677319
1.21770715714  2676121
1.228317976  2675898
1.23415112495  2675835
1.23851299286  2675273
1.24281001091  2672688
1.25121212006  2663830
1.25829696655  2663385
1.26497507095  2663261
1.26690196991  2662829
1.26848506927  2658150
1.27346205711  2656913
1.29704403877  2654655
1.30288815498  2653261
1.30570197105  2652497
1.30819511414  2652444
1.32451605797  2649130
1.32591795921  2643020
1.33618402481  2642796
1.34297704697  2641097
1.35386705399  2639894
1.35531306267  2639881
1.36849617958  2637516
1.36940002441  2637363
1.36966109276  2636566
1.37712097168  2635712
1.38561916351  2631908
1.4120080471  2631805
1.41697096825  2630515
1.42102909088  2630274
1.42253994942  2626795
1.42398500443  2624685
1.42584300041  2622029
1.42911410332  2621966
1.43301701546  2621182
1.43461704254  2619028
1.45695996284  2618151
1.45835018158  2617590
1.46507501602  2615697
1.4712100029  2615506
1.48382115364  2615419
1.48700714111  2615391
1.49382805824  2614601
1.50032305717  2613507
1.50585317612  2613134
1.51348900795  2612976
1.53235411644  2591618
1.53540611267  2590788
1.53592705727  2587505
1.53734517097  2587469
1.5436000824  2587394
1.57351398468  2583718
1.58329916  2578291
1.58607316017  2578164
1.58676314354  2572453
1.59061217308  2572179
1.60413908958  2570316
1.60553002357  2569195
1.60834908485  2568407
1.61019396782  2567463
1.61133313179  2566109
1.61260008812  2565244
1.62269806862  2554093
1.63114714622  2553383
1.63664698601  2553221
1.64902210236  2553218
1.65975809097  2552342
1.66746807098  2552242
1.67776799202  2541135
1.67803215981  2540424
1.68764901161  2539651
1.70454502106  2534876
1.70534515381  2534088
1.70639109612  2522866
1.74013495445  2522248
1.74624204636  2521410
1.76491117477  2518586
1.76910996437  2495036
1.7702729702  2494139
1.77180314064  2491082
1.77256512642  2488351
1.77269411087  2481149
1.79561710358  2479421
1.81877303123  2478720
1.82666707039  2477801
1.83580303192  2476864
1.84335207939  2476405
1.8631529808  2474097
1.86525416374  2470971
1.87458610535  2470537
1.88353013992  2470202
1.89042901993  2461473
1.92189598083  2454941
1.9636490345  2454923
1.97557806969  2454571
1.98180603981  2450681
2.01066994667  2447765
2.01371908188  2447068
2.01802897453  2446753
2.01831007004  2438110
2.03103208542  2437481
2.03359818459  2437259
2.0501229763  2434275
2.05154299736  2433841
2.05218195915  2433464
2.0551700592  2432798
2.06637096405  2431180
2.07241106033  2421149
2.08518409729  2421138
2.08895397186  2418844
2.08987808228  2417745
2.09610199928  2417627
2.11043214798  2412282
2.11933016777  2411478
2.12350416183  2409981
2.14285707474  2407376
2.14430999756  2407114
2.15003108978  2393849
2.15504813194  2393558
2.16824412346  2392296
2.18056201935  2391395
2.18351507187  2391350
2.20279312134  2390535
2.22345209122  2390087
2.2339849472  2388595
2.23424601555  2387598
2.24132704735  2386443
2.24732518196  2385806
2.2572081089  2385515
2.25859904289  2385495
2.26794195175  2384913
2.2906999588  2384569
2.29845499992  2384341
2.3076710701  2384204
2.31610512733  2377167
2.31691813469  2376645
2.32613897324  2372697
2.32945895195  2372134
2.3469979763  2371972
2.3613140583  2363091
2.3748049736  2362821
2.38235497475  2359917
2.38513803482  2357841
2.38603496552  2355167
2.38708400726  2343419
2.39320802689  2342929
2.40344405174  2342697
2.43570899963  2296083
2.43662810326  2293007
2.45727014542  2291191
2.46450710297  2291172
2.46733117104  2291049
2.48544812202  2286427
2.49855995178  2284382
3.6492190361  2267391
3.65422797203  2265698
3.65794301033  2265283
3.66437602043  2262184
3.66501808167  2260722
3.66993618011  2258496
3.68846797943  2257989
3.69080114365  2256968
3.69361710548  2253752
3.69377303123  2244538
3.69642305374  2243717
3.69753909111  2240122
3.71057009697  2239046
3.71702098846  2238627
3.72297310829  2227486
3.72361898422  2225636
3.72463917732  2225539
3.72694611549  2222931
3.73495411873  2222590
3.74009013176  2221045
3.74348115921  2218073
3.75913095474  2214205
3.78159809113  2207731
3.78924918175  2206035
3.78977704048  2204840
3.79155898094  2203387
3.81677913666  2203166
3.82054495811  2202308
3.82081913948  2202028
3.82172203064  2199614
3.823127985  2198363
3.83125805855  2196851
3.84225201607  2196600
3.84583806992  2192805
5.65743994713  2170808
5.65867614746  2163467
5.66849207878  2147986
5.67226099968  2147801
5.68389296532  2147237
5.71085715294  2145108
5.72795510292  2140108
5.75608515739  2139631
5.75960016251  2125850
5.76274609566  2123310
5.76836895943  2123149
5.77668404579  2123143
5.78724098206  2122832
5.78737616539  2114312
5.79198217392  2114210
5.79865908623  2113957
5.80893707275  2113194
5.81350898743  2111561
5.8407959938  2111266
5.86876916885  2111210
5.8747780323  2111206
5.89630413055  2110873
5.91564297676  2105098
5.9225859642  2103716
5.92419195175  2103696
5.92815303802  2100108
5.96952414513  2099942
5.98150801659  2099886
5.98443412781  2099778
5.98573899269  2096535
5.99123716354  2084749
6.00054502487  2083429
6.00098800659  2077945
6.00259113312  2077641
6.02191305161  2077633
6.027987957  2077152
6.03602099419  2076523
6.04330611229  2076181
6.05233216286  2056263
6.06552910805  2054522
6.09348702431  2049343
6.09722614288  2046831
6.11479496956  2046501
6.11915707588  2045970
6.1200940609  2045767
6.14652013779  2045711
6.14693307877  2044933
6.14933800697  2044846
6.15913414955  2043548
6.16103506088  2043199
6.16202807426  2043190
6.17070007324  2041794
6.17190504074  2041686
6.17584896088  2039716
6.20302605629  2039202
6.20474600792  2038508
6.25429010391  2036337
6.26160597801  2035918
6.26690912247  2034436
6.28412604332  2034326
6.29359817505  2033629
6.30325913429  2033133
6.30797314644  2031940
6.32567405701  2031936
6.33744716644  2030988
6.34195113182  2026445
6.38766217232  2025969
6.43307995796  2025759
6.4436750412  2025143
6.46286511421  2024256
6.46595907211  2024097
6.47093200684  2021193
6.48712396622  2021181
6.51505708694  2020550
6.52372503281  2019312
6.52905416489  2011669
6.5559091568  1998059
6.5567741394  1997677
6.58579206467  1996760
6.58698296547  1996675
6.5872490406  1993110
6.58815813065  1992664
6.59657907486  1990780
6.64190196991  1990625
6.66187596321  1989706
6.66915202141  1988945
6.68054413795  1988719
6.68115401268  1988327
6.69146203995  1983919
6.700548172  1982760
6.70160412788  1982135
6.72740507126  1981236
6.793364048  1981120
6.80817508698  1980549
6.80849909782  1978316
6.80991911888  1977489
6.81658005714  1977038
6.82582211494  1976682
6.82733106613  1976133
6.83742213249  1976099
6.88705396652  1976077
6.88960003853  1975436
6.89872717857  1974183
6.90747213364  1973854
6.91645407677  1973694
6.92923116684  1971899
6.94343400002  1970752
6.97158312798  1970023
6.97301912308  1963240
6.98016309738  1961499
6.98776102066  1961071
7.031509161  1958339
7.04806494713  1958307
7.04913806915  1958082
7.05364203453  1956653
7.07929110527  1938733
7.08194804192  1937702
7.09171414375  1937178
7.13476610184  1935986
7.15770506859  1925734
7.18183112144  1924931
7.19166517258  1924846
7.20952105522  1924334
7.21476697922  1920669
7.21716308594  1920598
7.21821713448  1920235
7.2266740799  1919857
7.24667716026  1918060
7.24896717072  1916413
7.27536296844  1916389
7.2932510376  1916290
7.32090711594  1913477
7.32925200462  1908521
7.38174796104  1906257
7.44908213615  1905526
7.46174502373  1904216
7.4684150219  1899659
7.47357010841  1899637
7.50118803978  1889288
7.54031205177  1882030
7.55231809616  1881881
7.55888414383  1881509
7.58392095566  1880894
7.62750506401  1880774
7.62863612175  1880527
7.63095211983  1880124
7.63263010979  1880039
7.6377120018  1870772
7.65173101425  1870115
7.70706605911  1867472
7.74584102631  1867450
7.75593209267  1865307
7.79942512512  1865233
7.81937503815  1864907
7.86729502678  1852569
7.87717103958  1851831
7.87823200226  1850081
7.91210699081  1849437
7.93236708641  1848958
7.97200107574  1847336
7.98355913162  1847316
7.98888611794  1847236
7.99242401123  1846930
8.03633403778  1846545
8.04355597496  1846471
32.2781140804  1846418
32.2920920849  1845188
32.3199150562  1845070
32.3411900997  1845041
32.3486449718  1842378
32.3646819592  1836015
32.3915970325  1836008
32.4094610214  1835529
32.4214119911  1833989
32.4394049644  1833935
32.4456591606  1814660
32.4510040283  1814551
32.45581007  1814411
32.4577260017  1814104
32.4804451466  1813675
32.5083889961  1812535
32.5155491829  1811306
32.5236289501  1810378
32.524271965  1808871
32.5669510365  1808328
32.5976631641  1808045
32.6052451134  1806799
32.6243360043  1806290
32.6866149902  1797051
