0.0485818386078  6762786
0.0493760108948  6720763
0.0499639511108  6705659
0.0506229400635  6602212
0.0513198375702  6596810
0.0515120029449  6574188
0.0517048835754  6570391
0.0518608093262  6552337
0.0520508289337  6537605
0.0527420043945  6486118
0.0535838603973  6485573
0.0538058280945  6482848
0.0542638301849  6459738
0.0544610023499  6453478
0.0557999610901  6453455
0.0560238361359  6451680
0.0567507743835  6443017
0.0572929382324  6439544
0.0579879283905  6437528
0.0583620071411  6426312
0.0589189529419  6417537
0.0593099594116  6341671
0.0596787929535  6332742
0.0601198673248  6330439
0.0603787899017  6288398
0.0605409145355  6247332
0.0607218742371  6229495
0.0614488124847  6143027
0.0618388652802  6140863
0.062686920166  6125146
0.0628249645233  6089687
0.0632410049438  6088329
0.0633888244629  6029198
0.0635359287262  6007418
0.0639209747314  5980637
0.0644378662109  5944106
0.0647368431091  5943519
0.0666167736053  5942353
0.0667779445648  5928472
0.0677399635315  5917173
0.0678789615631  5852676
0.068018913269  5817061
0.0683000087738  5809610
0.0685830116272  5807316
0.0699779987335  5802190
0.0701148509979  5802042
0.0702619552612  5801623
0.0704019069672  5797672
0.0706939697266  5789214
0.0710699558258  5755612
0.0718197822571  5751312
0.07244181633  5732600
0.0729417800903  5719979
0.0733158588409  5717399
0.0735659599304  5712414
0.0744438171387  5711541
0.0745718479156  5705287
0.0750699043274  5689080
0.0751957893372  5688148
0.0755698680878  5658904
0.075945854187  5657693
0.0762279033661  5655419
0.0766348838806  5650279
0.0767707824707  5626345
0.0786159038544  5620399
0.0789389610291  5613800
0.0800728797913  5612247
0.0803308486938  5599819
0.0815978050232  5594246
0.0817458629608  5592724
0.0819799900055  5580843
0.0821719169617  5577098
0.0840799808502  5567442
0.0843408107758  5565718
0.0846099853516  5557473
0.0848479270935  5530232
0.0850830078125  5489347
0.0900528430939  5478878
0.0909209251404  5434663
0.0915939807892  5416854
0.0918509960175  5380341
0.0921008586884  5373784
0.0925509929657  5372114
0.0929689407349  5364410
0.0931057929993  5361642
0.0937559604645  5361195
0.0938839912415  5359260
0.0943858623505  5351552
0.0950229167938  5336926
0.0954239368439  5336863
0.0959179401398  5313486
0.0961728096008  5268106
0.096529006958  5201644
0.0976448059082  5189005
0.0983939170837  5184846
0.100046873093  5173930
0.100317001343  5167295
0.100446939468  5158063
0.100700855255  5133625
0.102245807648  5099967
0.102377891541  5097896
0.102670907974  5094360
0.104412794113  5092491
0.104851007462  5051282
0.105294942856  5036506
0.10573387146  4974994
0.107603788376  4974962
0.109076976776  4974895
0.109498977661  4974060
0.109885931015  4973213
0.110165834427  4908336
0.110924005508  4892851
0.111680984497  4852167
0.111812829971  4851973
0.111941814423  4846175
0.112893819809  4816558
0.113038778305  4778984
0.113296985626  4771423
0.115612983704  4762375
0.115993976593  4759446
0.116659879684  4759176
0.116793870926  4740104
0.117045879364  4726785
0.117296934128  4721940
0.117793798447  4702219
0.117920875549  4700292
0.118294000626  4695944
0.119989871979  4694913
0.120250940323  4690002
0.120379924774  4667920
0.120507955551  4656612
0.123780965805  4650400
0.124416828156  4647459
0.124669790268  4635469
0.124927997589  4619616
0.127508878708  4611417
0.127660989761  4605054
0.128508806229  4596509
0.129750967026  4593977
0.130239963531  4593337
0.134197950363  4591887
0.136132955551  4588927
0.138589859009  4586411
0.139221906662  4579963
0.139503955841  4579011
0.140789985657  4572944
0.142294883728  4570390
0.142817974091  4567829
0.146340847015  4557515
0.149763822556  4415822
0.150449991226  4413922
0.152861833572  4405474
0.153741836548  4402344
0.15399479866  4399344
0.157371997833  4395727
0.158354997635  4395065
0.158802986145  4388743
0.159664869308  4383871
0.16099691391  4376833
0.161279916763  4374502
0.16277885437  4367869
0.163662910461  4364642
0.16450381279  4357895
0.167195796967  4298985
0.167708873749  4296776
0.167876958847  4280413
0.168172836304  4267993
0.168726921082  4255563
0.169466972351  4233002
0.172092914581  4232815
0.172477006912  4225312
0.173741817474  4220661
0.174588918686  4220310
0.175128936768  4219816
0.175379991531  4216546
0.177736997604  4215750
0.179792881012  4214463
0.180568933487  4173208
0.18208193779  4135159
0.183470964432  4134894
0.183604001999  4121290
0.184262990952  4117480
0.184897899628  4116082
0.185154914856  4107425
0.189073801041  4099675
0.189565896988  4089556
0.189702987671  4080247
0.191171884537  4067835
0.191306829453  4067638
0.192468881607  4058455
0.193114995956  4035182
0.202362775803  4003330
0.202771902084  4003045
0.203306913376  4002654
0.205779790878  3997097
0.206044912338  3970155
0.206429958344  3966587
0.210943937302  3958124
0.211082935333  3957910
0.211684942245  3954685
0.211840867996  3911326
0.213115930557  3906249
0.213636875153  3899713
0.216327905655  3889582
0.216459989548  3884741
0.21671795845  3837318
0.216847896576  3820304
0.217731952667  3819047
0.219256877899  3818236
0.221391916275  3767017
0.222516775131  3761271
0.222834825516  3746475
0.225865840912  3730391
0.22650384903  3708074
0.2274518013  3701563
0.227723836899  3658150
0.228123903275  3654033
0.228386878967  3646765
0.231403827667  3634381
0.234550952911  3633313
0.234684944153  3624233
0.235828876495  3622614
0.236211776733  3619800
0.237993955612  3615461
0.238130807877  3597041
0.240183830261  3595143
0.240587949753  3584441
0.24333190918  3582737
0.243593931198  3578420
0.24637389183  3575514
0.249450922012  3557303
0.251442909241  3556732
0.251705884933  3555756
0.25349187851  3549712
0.253630876541  3547356
0.253760814667  3539417
0.258454799652  3499401
0.26073384285  3498527
0.26656794548  3488536
0.270174980164  3479573
0.271711826324  3479392
0.272353887558  3467861
0.27299284935  3466774
0.279922008514  3459312
0.280221939087  3453825
0.281665802002  3450815
0.283156871796  3450137
0.283332824707  3444597
0.287177801132  3444262
0.290343999863  3402573
0.301247835159  3385679
0.301931858063  3385495
0.305854797363  3379433
0.308620929718  3376768
0.309637784958  3364138
0.311511993408  3362101
0.322854995728  3360287
0.323957920074  3359642
0.327881813049  3358502
0.328018903732  3355046
0.328808784485  3354746
0.329703807831  3330825
0.332120895386  3330499
0.333433866501  3323365
0.334472894669  3322553
0.335392951965  3312468
0.338557004929  3303741
0.339275836945  3301946
0.33967089653  3287352
0.340321779251  3283681
0.343465805054  3283495
0.344515800476  3282854
0.345133781433  3281590
0.347594976425  3272069
0.350142002106  3244127
0.351497888565  3243701
0.357149839401  3243700
0.357690811157  3237169
0.358109951019  3236929
0.360383987427  3228165
0.360894918442  3223250
0.363227844238  3220183
0.367692947388  3219128
0.369055986404  3203360
0.369730949402  3201275
0.370244979858  3191911
0.371136903763  3190785
0.371393918991  3189055
0.376788854599  3186032
0.377305984497  3176370
0.377819776535  3173551
0.378582000732  3171856
0.381330966949  3137709
0.382799863815  3137697
0.383736848831  3102243
0.390528917313  3029022
0.391084909439  3025285
0.391430854797  3022423
0.391983985901  3021987
0.398476839066  3016251
0.399243831635  3013962
0.399756908417  3013552
0.403189897537  3011017
0.404334783554  3010585
0.407255887985  3006320
0.42191696167  2996069
0.422309875488  2986691
0.422952890396  2985747
0.424688816071  2984903
0.425987958908  2984867
0.428069829941  2977172
0.430218935013  2971582
0.430374860764  2970390
0.430889844894  2969771
0.439942836761  2961752
0.444769859314  2954417
0.445549964905  2949805
0.450382947922  2935423
0.451898813248  2933191
0.454993963242  2925092
0.456775903702  2924401
0.460201978683  2921442
0.46261882782  2917290
0.464021921158  2914419
0.465679883957  2913361
0.469457864761  2903590
0.480292797089  2896881
0.484264850616  2894285
0.48733997345  2893238
0.489246845245  2892817
0.490390777588  2866300
0.500128984451  2855379
0.502067804337  2855134
0.505479812622  2854335
0.507516860962  2854065
0.510069847107  2851142
0.512741804123  2849585
0.51452088356  2844974
0.517452001572  2842316
0.524201869965  2840296
0.524710893631  2839222
0.524840831757  2835174
0.525096893311  2830735
0.525738954544  2829133
0.526885986328  2813077
0.536625862122  2791241
0.539891958237  2714353
0.54119682312  2713718
0.541329860687  2705654
0.54188990593  2705494
0.547696828842  2705181
0.551398992538  2676234
0.553681850433  2670617
0.560050010681  2668256
0.562644958496  2667622
0.563032865524  2666769
0.564311981201  2662504
0.564568996429  2662012
0.56697177887  2661386
0.567478895187  2659301
0.56924200058  2658903
0.575040817261  2649317
0.575552940369  2599231
0.576694011688  2595251
0.577578783035  2584733
0.58070397377  2577269
0.581788778305  2575573
0.587392807007  2575476
0.609397888184  2574502
0.609661817551  2574044
0.609794855118  2573903
0.610440969467  2567687
0.613240003586  2556106
0.622852802277  2547883
0.62685585022  2547008
0.629635810852  2546797
0.629893779755  2546788
0.630904912949  2545421
0.63583278656  2543641
0.639663934708  2543174
0.639839887619  2542695
0.64090180397  2537608
0.647466897964  2536509
0.647991895676  2533545
0.650574922562  2525642
0.650990962982  2521775
0.664717912674  2516214
0.665528774261  2514497
0.677567005157  2510878
0.679322004318  2510401
0.684154987335  2502106
0.684290885925  2478886
0.688435792923  2476599
0.692499876022  2475527
0.69365477562  2473273
0.700710773468  2472814
0.707366943359  2472545
0.711726903915  2463412
0.714234828949  2453426
0.72390294075  2449784
0.730402946472  2441645
0.735957860947  2439835
0.746992826462  2436450
0.750316858292  2433305
0.750451803207  2431982
0.750721931458  2431332
0.751233816147  2427271
0.752666950226  2426542
0.754104852676  2425968
0.757885932922  2421410
0.762522935867  2419004
0.762789964676  2416911
0.770315885544  2414797
0.785738945007  2412699
0.791754961014  2407624
0.793562889099  2404018
0.801592826843  2400590
0.803150892258  2398651
0.803675889969  2398632
0.804339885712  2397433
0.805253982544  2396958
0.808350801468  2396949
0.809877872467  2396115
0.815333843231  2395518
0.817205905914  2394042
0.820494890213  2392219
0.820755004883  2391195
0.82354593277  2390504
0.849239826202  2390171
0.850923776627  2387317
0.859050989151  2377054
0.879005908966  2374879
0.881677865982  2364860
0.884202003479  2360686
0.900882005692  2360040
0.906892776489  2359621
0.921072006226  2357318
0.922736883163  2347206
0.928170919418  2346293
0.935537815094  2346216
0.939351797104  2345745
0.940400838852  2343780
0.94105386734  2342151
0.942358970642  2338241
0.943645000458  2336286
0.945050001144  2333395
0.94859290123  2333024
0.952263832092  2332651
0.958651781082  2330671
0.972952842712  2329908
0.982440948486  2329087
0.995630979538  2327637
0.997058868408  2327540
0.998747825623  2321419
1.00272083282  2321034
1.00953984261  2320274
1.01268386841  2316850
1.01638579369  2316722
1.01677298546  2316354
1.03118491173  2316255
1.04613685608  2316078
1.04902887344  2314240
1.05322098732  2310346
1.06686687469  2308638
1.07534980774  2307443
1.07798600197  2307128
1.07929897308  2304725
1.07959079742  2304334
1.0896999836  2303824
1.09426093102  2302837
1.09630179405  2302631
1.10268092155  2302261
1.11408686638  2301584
1.12495279312  2292175
1.1605989933  2291770
1.16924381256  2291089
1.17041182518  2289078
1.18842291832  2286624
1.19189977646  2278162
1.21139979362  2277930
1.24402189255  2276506
1.24520897865  2275118
1.25493788719  2267695
1.27437400818  2267048
1.2746348381  2266124
1.28005194664  2266046
1.2827630043  2265916
1.29152488708  2264946
1.2958688736  2264553
1.29641199112  2260350
1.31687498093  2259232
1.3172659874  2257517
1.32409000397  2256401
1.3396999836  2255397
1.35345578194  2253061
1.35379481316  2249130
1.36893486977  2246603
1.39116597176  2238393
1.41049098969  2235253
1.41716885567  2234615
1.41795682907  2233808
1.42197394371  2224174
1.42300081253  2223628
1.44630980492  2223540
1.45946979523  2223266
1.46109986305  2222590
1.51758384705  2214219
1.53587794304  2212348
1.55506587029  2210973
1.56304097176  2207617
1.56375980377  2205935
1.5870859623  2203710
1.59032392502  2202953
1.59115886688  2202564
1.60024690628  2200005
1.62422084808  2199731
1.62980890274  2199090
1.63552594185  2194392
1.64033699036  2187049
1.64659285545  2186524
1.65496182442  2185758
1.67588686943  2185027
1.73029398918  2184427
1.73656892776  2184157
1.7527589798  2182306
1.75592279434  2179640
1.76287078857  2176514
1.76600885391  2170836
1.77967095375  2170821
1.7809278965  2169912
1.78371787071  2168591
1.78535294533  2167996
1.80004692078  2167992
1.80669498444  2167920
1.80846691132  2167589
1.82770180702  2166560
1.83813381195  2164657
1.89926481247  2164418
1.90314388275  2164169
1.90334296227  2162511
1.90921878815  2161057
1.91671180725  2159828
1.91863584518  2159624
1.94520783424  2158616
1.94564700127  2155132
1.98505377769  2145026
1.99087095261  2144316
2.00164794922  2144137
2.01561498642  2143889
2.04376482964  2142425
2.04586982727  2142304
2.05945491791  2138642
2.06618189812  2131939
2.0725338459  2131933
2.07476878166  2123600
2.07659292221  2121271
2.10641098022  2120689
2.15198397636  2120500
2.15625977516  2119522
2.16489481926  2104390
2.17127895355  2100448
2.18036985397  2099978
2.18433094025  2097661
2.18966889381  2097657
2.19807100296  2096074
2.1983499527  2094302
2.20068788528  2094241
2.22937297821  2093084
2.23752188683  2092309
2.23802900314  2090447
2.25386500359  2089912
2.25442790985  2089502
2.2620549202  2089298
2.28376483917  2089178
2.30127978325  2088584
2.36399078369  2088437
2.37305092812  2087136
2.37415790558  2068109
2.40828490257  2068101
2.41820287704  2067703
2.43874692917  2066796
2.44678378105  2063813
2.47986078262  2058576
2.48866987228  2049464
2.5013449192  2048100
2.51280999184  2048083
2.52482199669  2047851
2.55019879341  2047408
2.55151200294  2046046
2.55904793739  2045854
2.57420778275  2041899
2.58605790138  2041778
2.61418581009  2036326
2.62494182587  2036203
2.63828682899  2036112
2.64515900612  2036110
2.64920186996  2032834
2.68506479263  2030745
2.71052193642  2026280
2.71469378471  2025967
2.71910095215  2023096
2.72195196152  2012350
2.72618079185  2006022
2.73832297325  2004581
2.74833297729  2003689
2.75110888481  2003442
2.75911879539  2001548
2.7689678669  1997531
2.79430580139  1997395
2.79469895363  1997386
2.82308697701  1995023
2.82334899902  1993967
2.82977294922  1993746
2.83003687859  1993623
2.83029985428  1992665
2.85917496681  1991808
2.86987185478  1990789
2.91933679581  1978181
2.92083787918  1977895
2.94645190239  1976863
2.96426796913  1976824
3.01299595833  1976782
3.02786898613  1967019
3.03319883347  1966213
3.06825399399  1965570
3.07555294037  1960349
3.11367583275  1959978
3.13091278076  1958861
3.15123200417  1957607
3.15559697151  1955709
3.16316199303  1955702
3.17850899696  1954779
3.19869685173  1952116
3.20275092125  1952113
3.21269798279  1950363
3.2322268486  1945614
3.24545288086  1945520
3.24572896957  1945167
3.24990081787  1942982
3.28542280197  1942940
3.33600878716  1942606
3.35888695717  1942342
3.36348485947  1941715
3.37219595909  1941129
3.39093279839  1939287
3.40400290489  1939061
3.41715884209  1933603
3.42944288254  1930739
3.43378400803  1906233
3.46509480476  1904878
3.47154378891  1904629
3.49198794365  1903394
3.53007483482  1902850
3.56996393204  1900479
3.62120389938  1899515
3.62797784805  1897608
3.64872980118  1897027
3.65361690521  1896340
3.67047595978  1896303
3.68370199203  1895324
3.68679785728  1894606
3.70229792595  1894591
3.70600485802  1887852
3.72635483742  1886272
3.72661995888  1885748
3.74722480774  1882911
3.75592899323  1876774
3.7891368866  1872330
3.79483985901  1872251
3.80111694336  1871734
3.80928897858  1871048
3.81195092201  1870072
3.8191409111  1868584
3.82263278961  1868458
3.84396886826  1868405
3.85975193977  1867855
3.8808028698  1867541
3.88624382019  1866274
3.89409685135  1864247
3.90669298172  1863768
3.90914988518  1863671
3.94569182396  1861826
3.95283079147  1857453
3.97564196587  1856019
3.98828792572  1856016
4.05233097076  1855831
4.05641889572  1853454
4.09296393394  1852346
4.09311389923  1850735
4.09411287308  1796919
4.09638094902  1796345
4.09708690643  1795582
4.11291384697  1774669
4.1200799942  1774075
4.12912297249  1749678
4.1438229084  1747714
4.18023300171  1747577
4.20955896378  1746930
4.25086688995  1746680
4.25697779655  1746645
4.26892399788  1744941
4.28623485565  1744913
4.28968691826  1742456
4.33046984673  1742453
4.3350379467  1739880
4.33517193794  1739122
4.34369397163  1737761
4.36183190346  1737739
4.38699793816  1735999
4.43279600143  1734516
4.43701887131  1734201
4.48274683952  1731966
4.48495483398  1720125
4.49276685715  1719255
4.50065898895  1716494
4.54231190681  1715101
4.5533080101  1705449
4.55576181412  1704961
4.57145595551  1703964
35.5346448421  1703747
35.5408768654  1690824
35.5426609516  1688591
35.5511097908  1687841
35.551366806  1685200
35.5758929253  1685169
35.5785598755  1683975
35.5805389881  1683170
177.807789803  1675872
177.861294985  1675104
177.867400885  1674824
177.869102955  1674185
177.871444941  1673550
177.874771833  1673365
177.880561829  1673226
177.903562784  1669885
177.917629957  1669317
177.98871398  1668849
178.002995968  1668622
178.007609844  1667953
178.008883953  1667901
178.032946825  1667228
178.058382988  1666503
178.079846859  1665455
178.086504936  1665242
178.102185965  1664547
178.136613846  1660964
178.210505962  1659086
178.235667944  1658499
178.238920927  1658182
178.258875847  1657492
178.32691884  1654959
178.353392839  1647771
178.362571955  1646909
178.364197969  1646895
178.367988825  1646756
178.390710831  1646449
178.415373802  1644840
178.421961784  1644303
178.468622923  1644211
178.505271912  1642126
178.506653786  1638547
178.541165829  1638246
178.563013792  1626239
178.569856882  1621852
178.575464964  1619899
354.515268803  1572875
354.517592907  1570725
354.546230793  1563555
354.561772823  1561839
354.575466871  1561649
354.599324942  1561621
354.60163784  1560193
354.601933002  1559934
354.63825798  1559321
354.657168865  1554094
354.697593927  1553391
354.705484867  1551987
354.719018936  1551653
354.72841692  1548941
354.731349945  1548675
354.747909784  1547820
354.75916791  1547428
354.791351795  1543950
354.801422834  1542222
354.813650846  1541425
