0.0381100177765  7428596
0.0382790565491  7427066
0.0384180545807  7349315
0.0391561985016  7341976
0.0393090248108  7319345
0.0394721031189  7302521
0.0396311283112  7300795
0.0405340194702  7291521
0.0406789779663  7288355
0.040815114975  7232983
0.0409641265869  7182449
0.0411281585693  7167302
0.0416021347046  7157206
0.0424029827118  7153063
0.0426700115204  7150973
0.0430171489716  7131901
0.0432941913605  7131115
0.0434310436249  7128897
0.0437021255493  7122617
0.0441579818726  7091714
0.0445821285248  7088185
0.0448670387268  7074422
0.0456721782684  7047537
0.0462889671326  7047172
0.0464181900024  7046946
0.0466690063477  7037404
0.0482861995697  7032465
0.0485379695892  7031993
0.0490491390228  7024522
0.0494270324707  6958257
0.0498030185699  6946592
0.0499310493469  6810398
0.0500581264496  6809527
0.0501880645752  6755157
0.0510580539703  6631356
0.0513920783997  6628952
0.0519731044769  6598080
0.0521199703217  6595986
0.0524079799652  6595503
0.0525531768799  6592732
0.0528430938721  6592092
0.0529880523682  6545724
0.0531330108643  6529145
0.0536949634552  6490013
0.0539469718933  6441385
0.0541989803314  6441261
0.0545840263367  6426706
0.0557579994202  6424013
0.0561790466309  6401850
0.0565581321716  6383267
0.0569360256195  6382558
0.0573229789734  6359716
0.0576090812683  6356839
0.0577549934387  6350430
0.0580410957336  6348069
0.0583469867706  6309816
0.058629989624  6306365
0.0590331554413  6142752
0.0593030452728  6118020
0.0600690841675  6113758
0.0602130889893  6109952
0.0609810352325  6107346
0.0611090660095  6099816
0.0612690448761  6080348
0.0618979930878  6075071
0.0621500015259  6073647
0.062402009964  6000373
0.0626540184021  6000331
0.0636451244354  5993252
0.0637719631195  5959231
0.0641469955444  5955556
0.0642750263214  5953798
0.0653870105743  5903040
0.0657620429993  5899228
0.0660130977631  5895307
0.0662641525269  5886520
0.0666441917419  5881044
0.0668950080872  5844807
0.0670220851898  5819394
0.0672731399536  5807156
0.0677680969238  5804794
0.0686321258545  5793476
0.0690050125122  5788376
0.0692551136017  5782824
0.0693850517273  5775741
0.0696361064911  5772256
0.0698871612549  5749207
0.070629119873  5739373
0.0713810920715  5739193
0.0735111236572  5719046
0.0736391544342  5713432
0.0743811130524  5699529
0.0747520923615  5693708
0.0751349925995  5690523
0.0756711959839  5686237
0.0759370326996  5663893
0.0766670703888  5648116
0.0769441127777  5645809
0.0772180557251  5637131
0.0773470401764  5632525
0.07772397995  5624808
0.0780990123749  5618263
0.078351020813  5617119
0.0789771080017  5608778
0.0801041126251  5539219
0.0812311172485  5529698
0.0813591480255  5497935
0.0816080570221  5492393
0.082859992981  5491372
0.0836100578308  5474683
0.0838639736176  5465822
0.0847539901733  5454585
0.08513712883  5449779
0.0866351127625  5441630
0.087256193161  5432618
0.0876340866089  5410783
0.0880081653595  5352889
0.0887911319733  5333416
0.0889921188354  5297090
0.0892989635468  5285598
0.0909821987152  5283497
0.0917530059814  5241999
0.0922880172729  5240666
0.0924251079559  5240490
0.092561006546  5239266
0.0941951274872  5239119
0.0945780277252  5231150
0.0948309898376  5228536
0.0955791473389  5228087
0.095831155777  5223488
0.0976929664612  5207523
0.0978200435638  5207087
0.098072052002  5206173
0.0982000827789  5174974
0.0991940498352  5169263
0.0996930599213  5153649
0.100563049316  5114534
0.10132598877  5110723
0.101824045181  5104529
0.102076053619  5087033
0.102203130722  5085256
0.102452993393  5067454
0.102704048157  5066777
0.102959156036  5055935
0.103208065033  5046353
0.103458166122  5036081
0.10409617424  4998044
0.104357004166  4985129
0.105911016464  4984937
0.109152078629  4968581
0.110571146011  4967797
0.11111998558  4947061
0.111751079559  4934054
0.112260103226  4930029
0.112517118454  4929049
0.113023996353  4870866
0.113154172897  4870608
0.114415168762  4867250
0.114796161652  4865302
0.116440057755  4864389
0.117201089859  4862484
0.117583036423  4847463
0.118342161179  4845774
0.118975162506  4810537
0.119104146957  4798227
0.119359016418  4780664
0.120412111282  4774502
0.121298074722  4771077
0.121692180634  4763103
0.123157024384  4735461
0.123561143875  4722812
0.128076076508  4716122
0.129341125488  4707997
0.130604982376  4707990
0.131497144699  4706677
0.132003068924  4702680
0.132132053375  4702492
0.132641077042  4687692
0.132770061493  4675821
0.133529186249  4670028
0.135179042816  4669640
0.136064052582  4669592
0.137077093124  4666411
0.138381004333  4664812
0.139754056931  4660293
0.140011072159  4655435
0.140516042709  4648117
0.141149044037  4641892
0.141278982162  4638922
0.142943143845  4638096
0.146262168884  4624985
0.147025108337  4624886
0.147284984589  4619383
0.147417068481  4584275
0.149324178696  4573594
0.150092124939  4565741
0.152009963989  4554842
0.15354514122  4553053
0.15444111824  4549082
0.154956102371  4498054
0.155086994171  4497010
0.155346155167  4483589
0.159916162491  4481190
0.160336017609  4420677
0.163397073746  4419303
0.163907051086  4412136
0.164038181305  4398121
0.164672136307  4365515
0.166817188263  4358447
0.167073011398  4355948
0.169088125229  4355119
0.170104026794  4350534
0.170613050461  4321345
0.173704147339  4318468
0.174546003342  4317104
0.17889714241  4299025
0.179161071777  4291301
0.181317090988  4289595
0.181447029114  4282796
0.181706190109  4265957
0.183284044266  4256297
0.184445142746  4229726
0.186228990555  4228764
0.187564134598  4209829
0.190600156784  4190201
0.192063093185  4186573
0.193891048431  4182144
0.19540810585  4181766
0.196165084839  4178899
0.199072122574  4175942
0.199455976486  4173207
0.202167987823  4171861
0.202557086945  4166438
0.202943086624  4164313
0.203454017639  4164194
0.204935073853  4161549
0.205564975739  4150741
0.206618070602  4150034
0.208270072937  4147383
0.208657026291  4134021
0.209048986435  4132059
0.209815979004  4129797
0.211343050003  4129354
0.215651035309  4121503
0.216413021088  4120105
0.217427968979  4061628
0.217825174332  4058631
0.218866109848  4057335
0.219189167023  4056991
0.220473051071  4046399
0.221431970596  4024290
0.221821069717  4023981
0.222465991974  4023936
0.22323513031  4021497
0.225255012512  4020316
0.225769996643  4016784
0.225902080536  3974928
0.227431058884  3973801
0.228193998337  3948422
0.231614112854  3945508
0.232625961304  3934917
0.233011007309  3934863
0.234917163849  3931501
0.236438989639  3923427
0.237452030182  3919998
0.239863157272  3915979
0.240761995316  3907228
0.247194051743  3902836
0.247450113297  3900709
0.248465061188  3884235
0.249103069305  3883922
0.249988079071  3883388
0.253031015396  3882440
0.255187034607  3846087
0.255465984344  3844069
0.25574016571  3842671
0.25669002533  3837965
0.257564067841  3836863
0.259720087051  3835627
0.260397195816  3834560
0.261488199234  3833772
0.26270699501  3792533
0.264194965363  3792526
0.264471054077  3783859
0.265696048737  3780993
0.269922971725  3780740
0.275758981705  3773008
0.276578187943  3738154
0.277542114258  3737634
0.280831098557  3735546
0.28409409523  3734053
0.284612178802  3728520
0.289000034332  3726577
0.291608095169  3722134
0.293513059616  3713356
0.294914007187  3709138
0.296694040298  3705761
0.300976991653  3704950
0.301129102707  3703754
0.305672168732  3697272
0.309776067734  3692811
0.311691999435  3676094
0.311949968338  3675120
0.313091993332  3619396
0.31574010849  3617192
0.316884994507  3615042
0.317524194717  3614910
0.321704149246  3613190
0.322854995728  3610715
0.323744058609  3609426
0.330829143524  3609339
0.331467151642  3608611
0.33210515976  3607235
0.333513975143  3604846
0.334535121918  3604120
0.334666013718  3602567
0.335049152374  3594063
0.336322069168  3591746
0.336713075638  3589906
0.338520050049  3580325
0.339161157608  3572695
0.340311050415  3571844
0.3440990448  3560465
0.350591182709  3559239
0.350723028183  3556520
0.351871013641  3555186
0.352885007858  3554032
0.35466504097  3550228
0.354796171188  3540187
0.355303049088  3520957
0.355432987213  3517539
0.35632610321  3509357
0.35798406601  3494896
0.363187074661  3474365
0.366876125336  3474031
0.367262125015  3395895
0.367648124695  3385654
0.370438098907  3319041
0.372266054153  3317285
0.373157978058  3315278
0.373665094376  3310205
0.376878023148  3294848
0.377075195312  3292627
0.378056049347  3292481
0.381735086441  3287349
0.382508039474  3283324
0.384055137634  3282750
0.384468078613  3282311
0.38601899147  3281845
0.389675140381  3279001
0.399183034897  3277127
0.400197029114  3269820
0.402976989746  3263772
0.403861045837  3263753
0.405261039734  3262048
0.413146972656  3260988
0.422978162766  3260093
0.42684006691  3254323
0.428250074387  3246572
0.428382158279  3242920
0.430045127869  3240883
0.430432081223  3239289
0.435652971268  3238748
0.4370470047  3236889
0.43794298172  3236008
0.440253019333  3234330
0.443067073822  3229497
0.451019048691  3229120
0.452702045441  3229106
0.453857183456  3211054
0.462192058563  3210883
0.46360206604  3209575
0.464892148972  3209340
0.465281009674  3189584
0.466955184937  3188986
0.470558166504  3172533
0.471618175507  3170619
0.473585128784  3169280
0.474107027054  3156321
0.475661039352  3143891
0.477590084076  3134401
0.477993965149  3133459
0.478394985199  3112775
0.478532075882  3108812
0.479593038559  3104720
0.480518102646  3103001
0.484972000122  3095072
0.486133098602  3095017
0.487287044525  3092971
0.489362001419  3088979
0.495150089264  3079549
0.499648094177  3076555
0.504140138626  3074875
0.506052017212  3074113
0.506818056107  3073553
0.507583141327  3073541
0.51415014267  3072183
0.515547037125  3071666
0.525657176971  3068344
0.528310060501  3067105
0.535537004471  3064071
0.543500185013  3062068
0.543755054474  3059606
0.54758310318  3059518
0.551131010056  3059271
0.551259994507  3057095
0.553807020187  3049843
0.556254148483  3043292
0.55651307106  3042418
0.560216188431  3040180
0.566328048706  3035509
0.569494009018  3032211
0.570006132126  3020470
0.582406997681  3009830
0.586277008057  3007840
0.586795091629  3007043
0.588488101959  3006689
0.592048168182  3005522
0.619203090668  3001727
0.627732992172  2998317
0.630572080612  2994961
0.633223056793  2990401
0.633483171463  2990242
0.645963191986  2990105
0.647886991501  2989231
0.649788141251  2988081
0.650959968567  2987691
0.656304121017  2982390
0.66002702713  2925143
0.661614179611  2923995
0.66875910759  2920189
0.673053026199  2916650
0.67372918129  2912070
0.677456140518  2907206
0.684789180756  2906314
0.690744161606  2906271
0.695073127747  2905849
0.704159021378  2905195
0.706443071365  2903540
0.709208965302  2903064
0.711031198502  2902397
0.714714050293  2901428
0.724229097366  2830541
0.729506969452  2824985
0.730934143066  2822474
0.731837034225  2821339
0.732859134674  2802964
0.735224962234  2775731
0.737302064896  2774802
0.739955186844  2773881
0.745604991913  2772491
0.755304098129  2765607
0.755951166153  2765187
0.756721019745  2759342
0.769356966019  2756732
0.774671077728  2742835
0.778257131577  2737316
0.778515100479  2733816
0.778771162033  2726213
0.780037164688  2724056
0.787484169006  2715646
0.790033102036  2708781
0.797231197357  2707533
0.799520969391  2706942
0.801794052124  2703552
0.80194401741  2702371
0.805236101151  2700602
0.81042599678  2699331
0.814368963242  2682855
0.815023183823  2680247
0.81777215004  2678538
0.819375991821  2674642
0.822189092636  2671464
0.82893204689  2659122
0.838008165359  2654845
0.839545965195  2654386
0.84069108963  2652948
0.842858076096  2651872
0.845517158508  2651434
0.849570035934  2619379
0.853888034821  2618639
0.859701156616  2614815
0.862779140472  2613746
0.864686012268  2610018
0.870004177094  2602983
0.870908975601  2601852
0.874536037445  2601410
0.875055074692  2600592
0.876845121384  2598327
0.879045009613  2597149
0.886193037033  2596257
0.898246049881  2591315
0.900698184967  2590690
0.903760194778  2590500
0.907430171967  2573189
0.910223007202  2570019
0.919612169266  2567938
0.919943094254  2564147
0.928941011429  2562959
0.9303150177  2562954
0.933179140091  2562282
0.940992116928  2561877
0.945895195007  2557481
0.946453094482  2557473
0.956959009171  2556846
0.960628986359  2548933
0.967267990112  2544208
0.967529058456  2543173
0.969014167786  2542385
0.969920158386  2541725
0.973875045776  2537378
0.974007129669  2536175
0.983781099319  2536016
0.987713098526  2535508
0.989279031754  2531937
0.991863965988  2510441
0.996306180954  2502239
0.998089075089  2499686
0.99960899353  2479691
1.00310397148  2476854
1.02161097527  2475268
1.03716802597  2474434
1.03858613968  2473457
1.05941700935  2473206
1.07390904427  2473025
1.08587312698  2472146
1.10242414474  2469513
1.10383319855  2464924
1.10451817513  2462967
1.11890816689  2462497
1.12098908424  2462337
1.12292098999  2450965
1.12457919121  2450860
1.12573003769  2450742
1.12627506256  2450447
1.13133502007  2444478
1.14561009407  2442082
1.16468214989  2438225
1.17240309715  2437990
1.17710518837  2433383
1.18540406227  2432765
1.22157001495  2431615
1.22327303886  2431429
1.22534918785  2430754
1.22753119469  2391432
1.23356103897  2391224
1.23496508598  2388989
1.23699903488  2387901
1.26396298409  2386922
1.26480102539  2385009
1.27057218552  2368266
1.27340912819  2366564
1.27514600754  2364443
1.28934311867  2363385
1.30384802818  2347387
1.31262516975  2345578
1.31651902199  2344384
1.31864404678  2343177
1.32425498962  2343113
1.32451605797  2341003
1.33807611465  2337138
1.34783911705  2335798
1.34810614586  2335691
1.35877418518  2318838
1.3711810112  2318028
1.39105415344  2317853
1.4002661705  2317163
1.41297101974  2313619
1.44330096245  2309926
1.4454190731  2309848
1.45253801346  2307143
1.45279717445  2306626
1.45469999313  2305153
1.47536206245  2301855
1.48074913025  2300156
1.48341798782  2299649
1.48495101929  2297906
1.49045610428  2297060
1.50709915161  2296530
1.5200521946  2294849
1.53041911125  2294752
1.53446412086  2294706
1.53931808472  2294535
1.54453110695  2293423
1.56827306747  2291545
1.58003902435  2291493
1.58068418503  2290510
1.5939950943  2289693
1.59828996658  2287310
1.60236501694  2286552
1.61009597778  2284490
1.62223696709  2281445
1.63708615303  2280828
1.6483900547  2280476
1.64918112755  2278699
1.65536999702  2278257
1.65550112724  2277612
1.65651798248  2277579
1.65891098976  2276288
1.66561818123  2275087
1.66612505913  2260576
1.67353796959  2257340
1.68064403534  2256938
1.68193101883  2253147
1.68837809563  2252602
1.6952931881  2251781
1.70153713226  2251360
1.70648407936  2245044
1.70661616325  2241694
1.72135305405  2238935
1.72758412361  2238740
1.73254704475  2236553
1.77352404594  2236168
1.78628396988  2236008
1.78908109665  2235264
1.79850101471  2235117
1.82540512085  2232858
1.83133411407  2232777
1.83572816849  2230458
1.83775901794  2228455
1.84782004356  2228169
1.86861896515  2227769
1.89000511169  2218104
1.89307403564  2193201
1.89370918274  2192620
1.89434218407  2192611
1.89497804642  2192267
1.90759801865  2190446
1.91878008842  2189878
1.92988204956  2188243
1.93039417267  2186063
1.95801997185  2181940
1.96254396439  2181052
2.00239896774  2180145
2.01470017433  2179074
2.02718400955  2178105
2.04722905159  2174933
2.0708091259  2173508
2.09318900108  2172874
2.09581613541  2158946
2.09595513344  2156356
2.12535905838  2154019
2.1402721405  2152416
2.14906215668  2152275
2.1536090374  2151357
2.16031098366  2148716
2.18252706528  2148467
2.19362807274  2143563
2.198346138  2142091
2.2054810524  2138597
2.21289205551  2126154
2.24289512634  2090901
2.25660705566  2090627
2.25749111176  2086777
2.29528713226  2083978
2.30110406876  2079782
2.30162811279  2079279
2.31386399269  2078528
2.33018517494  2062532
2.35086798668  2056585
2.35389900208  2054495
2.39418411255  2051522
2.42873716354  2047569
2.43287301064  2046544
2.43957209587  2046307
7.01692509651  2046303
7.01919603348  2045923
7.04419803619  2043956
7.0606880188  2022572
7.06786298752  2021239
7.07231497765  2020997
7.07713007927  2020876
7.09187197685  2020615
7.12321615219  2019686
7.12834596634  2019611
7.16716909409  2019540
7.17303204536  2018428
7.17558312416  2016973
7.18431615829  2016239
7.19040608406  2015978
7.19307112694  2012497
7.2017250061  2008102
7.20386815071  2007664
7.20486497879  2007269
7.23291110992  2006104
7.24754405022  2006051
7.28213906288  2005881
7.30574917793  2004713
7.3240339756  2004111
7.33820605278  1998803
7.35833096504  1997256
7.37893199921  1996808
7.37973403931  1991944
7.39291810989  1991889
7.41174006462  1988846
7.41657710075  1988822
7.4172270298  1987783
7.41864919662  1983645
7.42507004738  1982375
7.43717098236  1981371
7.45364618301  1978637
7.45631217957  1978345
7.4695379734  1977939
7.48656797409  1977758
7.49976396561  1968039
7.50525999069  1963867
7.50881814957  1944704
7.51090312004  1944544
7.5168941021  1943525
7.52794408798  1942357
7.54627418518  1942354
7.55240416527  1939677
7.55515217781  1939645
7.55914902687  1939284
7.56169319153  1937355
7.57145905495  1935347
7.57548713684  1935133
7.58167719841  1934424
7.59423518181  1933830
7.60389614105  1933128
7.62450218201  1933088
7.64840698242  1932989
7.6636660099  1929618
7.67925906181  1928501
7.70510601997  1928034
7.70602011681  1926994
7.71908807755  1926108
7.75276708603  1926034
7.75545501709  1925629
7.78577709198  1924624
7.79726719856  1922511
7.80668401718  1901125
7.81610202789  1899932
7.84179210663  1899205
7.85812306404  1897450
7.86617016792  1896241
7.90718698502  1886470
7.94606208801  1886186
7.95736312866  1885454
7.96452307701  1884817
7.9939160347  1884376
8.02287507057  1884119
8.02683115005  1881223
8.0333070755  1880655
8.03641319275  1870442
8.07724404335  1870292
8.08990097046  1869986
8.12266516685  1869823
8.13174200058  1869496
8.17094898224  1867313
8.19708609581  1867020
8.20819115639  1866849
8.22322511673  1865377
8.22943401337  1864731
16.8541610241  1862692
16.8668279648  1860890
16.8769350052  1858986
16.8883690834  1858683
16.8926341534  1858557
16.9106941223  1853973
16.9122540951  1848926
16.9332649708  1844016
16.9334011078  1842095
16.9344580173  1841757
16.9389841557  1841254
16.949985981  1840824
16.9554920197  1840430
16.9624869823  1840208
16.9888911247  1839758
17.0045831203  1838865
17.0254361629  1838435
17.0369241238  1837563
17.0577831268  1836030
17.0617930889  1835747
17.0643920898  1831214
17.0840911865  1831040
17.0856490135  1830800
17.0998790264  1828818
17.1163721085  1827547
17.1167640686  1823330
17.125138998  1823317
17.1297090054  1816070
17.1482679844  1815347
17.1506831646  1815335
17.1729331017  1814574
17.1803309917  1812066
17.2050499916  1811307
17.2081971169  1806220
17.2084591389  1806065
17.2122740746  1805768
17.2343740463  1805102
17.2458431721  1799148
17.2931270599  1798654
17.2951960564  1791696
17.303153038  1788325
17.3045799732  1786141
17.3155460358  1786071
17.3248310089  1783084
17.3284380436  1777560
17.332709074  1776943
17.3422460556  1776730
17.3861100674  1775559
17.4233241081  1761374
17.4888169765  1761226
17.4907791615  1759246
17.4992029667  1758774
17.5020191669  1758222
17.5100190639  1757125
17.5560309887  1757040
17.5607089996  1751821
17.5731520653  1750470
17.5734121799  1750077
17.6065480709  1749580
17.6188511848  1749424
17.6493730545  1748750
17.6547021866  1748131
17.6779801846  1742114
