0.0426788330078  7426853
0.0429627895355  7403079
0.0433008670807  7401351
0.0434429645538  7390481
0.0439088344574  7378252
0.0440509319305  7377575
0.0447568893433  7377406
0.0453319549561  7375492
0.0460188388824  7375414
0.0471479892731  7363956
0.0473330020905  7357108
0.0477669239044  7355883
0.0483679771423  7352524
0.0499119758606  7352335
0.0500857830048  7352121
0.0503489971161  7351854
0.0514709949493  7350494
0.051707983017  7350148
0.0520370006561  7338942
0.0536088943481  7338864
0.0560579299927  7332354
0.0572497844696  7250438
0.0580818653107  7249614
0.0601968765259  7247927
0.060341835022  7194687
0.0608189105988  7194291
0.0609638690948  7168089
0.0613567829132  7167770
0.0618329048157  7166278
0.0624248981476  7164247
0.0629320144653  7163481
0.0635290145874  7140019
0.0650339126587  7138363
0.067097902298  7134957
0.0691969394684  7132354
0.0693378448486  7120870
0.0717217922211  7119639
0.0718638896942  7117875
0.074579000473  7117777
0.0748839378357  7115862
0.0764889717102  7114235
0.0790319442749  7111930
0.0819699764252  7108767
0.0849349498749  7107152
0.0851190090179  7091955
0.0855729579926  7090510
0.0862658023834  7086239
0.0864768028259  7040493
0.0909488201141  7036595
0.0911469459534  7035867
0.0948188304901  7033958
0.0949788093567  7024161
0.0988669395447  7022582
0.0994029045105  7021478
0.0997059345245  7020847
0.100514888763  7004651
0.100655794144  7003713
0.100878000259  7003683
0.101178884506  7002807
0.101640939713  7002334
0.102183818817  7001909
0.106496810913  6999840
0.106645822525  6998241
0.110567808151  6995352
0.110951900482  6993156
0.111092805862  6992064
0.111393928528  6991675
0.111775875092  6982781
0.112018823624  6978531
0.112180948257  6978431
0.116709947586  6978372
0.122943878174  6978345
0.123602867126  6968414
0.123914957047  6965273
0.128582000732  6963398
0.133938789368  6961813
0.134167909622  6959380
0.134470939636  6917915
0.134634017944  6917036
0.135301828384  6916277
0.135695934296  6915167
0.135840892792  6911164
0.136567831039  6902776
0.136900901794  6902537
0.1370408535  6900354
0.139005899429  6897207
0.140499830246  6896408
0.140852928162  6880050
0.141284942627  6868715
0.142668962479  6868478
0.143953800201  6868108
0.149461984634  6865794
0.149630784988  6862577
0.155333995819  6860883
0.155495882034  6860486
0.160894870758  6860247
0.161039829254  6841481
0.161431789398  6835899
0.16738986969  6834013
0.17484998703  6831721
0.175010919571  6831702
0.175246953964  6823416
0.182132959366  6822010
0.182439804077  6743469
0.191103935242  6742237
0.191286802292  6729395
0.197814941406  6727061
0.197990894318  6648086
0.206075906754  6645887
0.206249952316  6637610
0.207273960114  6630410
0.207902908325  6598086
0.209571838379  6595667
0.210025787354  6594874
0.212069988251  6576249
0.212574005127  6575732
0.214142799377  6574906
0.221989870071  6572603
0.222132921219  6505583
0.229387998581  6503252
0.2295358181  6496536
0.229840993881  6494367
0.237170934677  6492491
0.237312793732  6492156
0.24511885643  6491509
0.24557185173  6479368
0.253535985947  6477593
0.253817796707  6476106
0.254450798035  6475561
0.254616975784  6433069
0.255042791367  6432639
0.256905794144  6431567
0.258307933807  6431533
0.267794847488  6429497
0.267936944962  6429034
0.2681620121  6417756
0.272225856781  6416314
0.272362947464  6415809
0.272578001022  6413877
0.272713899612  6412891
0.275285005569  6412652
0.28456401825  6410330
0.284700870514  6409867
0.294699907303  6409738
0.294992923737  6409584
0.304694890976  6408896
0.314406871796  6406782
0.314543962479  6395201
0.324382781982  6393278
0.324675798416  6382539
0.335155963898  6380444
0.335448980331  6375879
0.335974931717  6355669
0.346592903137  6353928
0.34672999382  6353629
0.348428964615  6353144
0.349443912506  6352651
0.358378887177  6352110
0.358904838562  6346821
0.363291978836  6344639
0.364993810654  6343225
0.365285873413  6342314
0.366280794144  6338780
0.372625827789  6336233
0.387704849243  6334135
0.387861967087  6328214
0.388185977936  6324559
0.388335943222  6321402
0.388742923737  6304464
0.398437976837  6303181
0.398803949356  6301787
0.404536008835  6300987
0.409493923187  6300926
0.409669876099  6300140
0.409931898117  6290277
0.410573005676  6289561
0.411262989044  6281841
0.412761926651  6281623
0.412902832031  6278854
0.413363933563  6273127
0.41366481781  6271700
0.414045810699  6271015
0.414186000824  6255721
0.414808988571  6254936
0.416514873505  6254876
0.423808813095  6254175
0.424491882324  6253953
0.424713850021  6253607
0.42525601387  6252911
0.425879955292  6245362
0.430541992188  6245319
0.430680990219  6240363
0.430992841721  6221255
0.431441783905  6220707
0.431577920914  6209842
0.431792974472  6179310
0.432317972183  6173518
0.436638832092  6173150
0.439795017242  6172897
0.440360784531  6160898
0.441630840302  6160823
0.443406820297  6159714
0.443572998047  6088463
0.445360898972  6087682
0.45802283287  6087598
0.458208799362  6087568
0.458557844162  6084900
0.470544815063  6084877
0.48341178894  6084691
0.483633995056  6084285
0.484784841537  6083637
0.48492193222  6083294
0.485759973526  6082288
0.499872922897  6081521
0.500024795532  6057638
0.500396966934  6053202
0.500533819199  6053083
0.501060962677  6052884
0.514010906219  6051027
0.516996860504  6049842
0.521420001984  6046341
0.539554834366  6045520
0.539707899094  6042603
0.540002822876  6027251
0.540768861771  6019944
0.540983915329  5988419
0.541121006012  5986956
0.541491985321  5985653
0.542756795883  5985536
0.542892932892  5984736
0.557169914246  5983590
0.55748295784  5982229
0.577932834625  5981170
0.579162836075  5979379
0.579749822617  5974118
0.594532012939  5973826
0.594689846039  5966308
0.595383882523  5965953
0.595988988876  5965701
0.596202850342  5958250
0.59680891037  5957466
0.5975689888  5957153
0.597782850266  5955529
0.597931861877  5955255
0.598704814911  5955223
0.599583864212  5954584
0.6131939888  5953368
0.619871854782  5953192
0.620876789093  5952722
0.621034860611  5951784
0.630834817886  5951535
0.63118481636  5951380
0.631397008896  5950812
0.646790981293  5949167
0.664517879486  5948937
0.664713859558  5948831
0.665013790131  5922379
0.665494918823  5920397
0.666704893112  5920350
0.666870832443  5919792
0.6837849617  5918767
0.701725006104  5917757
0.7020008564  5911644
0.702358007431  5909492
0.702524900436  5873894
0.703544855118  5871839
0.704197883606  5870782
0.720695972443  5869107
0.738222837448  5868271
0.738613843918  5868206
0.738754987717  5864117
0.73897600174  5860356
0.739280939102  5859684
0.739650964737  5857720
0.74033498764  5856748
0.740569829941  5855438
0.755391836166  5854889
0.7710750103  5854587
0.786244869232  5853339
0.801420927048  5853316
0.801558971405  5851361
0.816781997681  5851120
0.832001924515  5849994
0.832683801651  5844868
0.833210945129  5842828
0.848453998566  5841582
0.863945007324  5840920
0.864159822464  5828376
0.880545854568  5827348
0.896822929382  5826270
0.896961927414  5824875
0.897254943848  5818767
0.898092985153  5817497
0.915546894073  5816285
0.932348966599  5815359
0.932485818863  5813948
0.932700872421  5812925
0.932990789413  5797912
0.933360815048  5786573
0.933884859085  5785836
0.95067191124  5785220
0.970971822739  5784927
0.971386909485  5775566
0.97153878212  5772214
0.993992805481  5770654
1.01356601715  5770572
1.01380681992  5769570
1.03634786606  5765951
1.06199097633  5762211
1.08400297165  5761365
1.10843992233  5757366
1.13035488129  5756398
1.15526986122  5755815
1.17625689507  5752209
1.20023179054  5751636
1.22072696686  5750572
1.2401099205  5723240
1.26114201546  5722879
1.28501296043  5707102
1.3121278286  5676458
1.33666300774  5673675
1.38427686691  5671652
1.42138981819  5671255
1.45529079437  5670844
1.47494983673  5670257
1.50008296967  5670022
1.53729891777  5669986
1.5563378334  5666574
1.59513092041  5666404
1.61606478691  5665529
1.65974378586  5664889
1.70884585381  5630572
1.75755500793  5628444
1.75770282745  5628285
1.77707886696  5628169
1.77779698372  5627825
1.77810096741  5626553
1.77824187279  5625117
1.77862381935  5589428
1.77877783775  5588848
1.77957892418  5587552
1.7798268795  5586691
1.78051996231  5584004
1.78128290176  5577685
1.78163790703  5576308
1.78277683258  5573916
1.78293299675  5573289
1.78694701195  5573027
1.78989195824  5571526
1.79098200798  5571430
1.79222798347  5568664
1.8060259819  5568577
1.80705094337  5558252
1.80719780922  5556121
1.81025099754  5555293
1.81147193909  5554042
1.82518482208  5552300
1.84654784203  5552051
1.84680080414  5547156
1.84925484657  5546331
1.89978694916  5545866
1.98546600342  5464865
2.07223892212  5460596
2.16059994698  5445587
2.25484395027  5445088
2.34600186348  5372924
2.43381881714  5324193
2.5204269886  5318592
2.60793495178  5279708
2.70136785507  5274973
2.77966690063  5268799
2.85732483864  5263543
2.93910598755  5261721
3.01511788368  5243213
3.09227800369  5237633
3.1737279892  5236060
3.19273781776  5235914
3.21396493912  5235699
3.21615695953  5234949
3.2162938118  5228926
3.21801686287  5221302
3.21823191643  5215275
3.22169995308  5213707
3.22295379639  5213642
3.22410583496  5212816
3.2440237999  5212546
3.31935787201  5211631
3.39469981194  5144547
3.47082090378  5142457
3.54647278786  5090049
3.62301492691  5014106
3.69978880882  5013833
3.78183078766  5013651
3.80608582497  5013130
3.84497499466  5012519
3.92957091331  5012405
4.00566387177  5007472
4.0818798542  5001616
4.15685081482  4930827
4.24029779434  4922494
4.31609892845  4922324
4.33522200584  4922323
4.52531194687  4921793
4.7180519104  4921687
4.92762899399  4896630
5.14008998871  4895712
5.34928894043  4894886
5.56045794487  4892504
5.76890587807  4891330
5.97353696823  4888124
6.18071389198  4886679
6.38556981087  4886171
6.5897397995  4872307
6.79579591751  4872169
7.00057196617  4871332
7.23121380806  4868903
7.4735147953  4868332
7.71744680405  4867645
7.96483492851  4866676
8.14410400391  4866654
8.44400000572  4862697
8.64458584785  4862061
8.84622979164  4861722
9.14343380928  4860070
9.40140390396  4855222
9.42545390129  4855138
9.44502186775  4854719
9.46548199654  4854706
9.48686480522  4854459
9.74359178543  4847647
9.96692299843  4847261
10.2024509907  4846283
