0.0408749580383  6761048
0.0414221286774  6752692
0.0420451164246  6744801
0.0422110557556  6734733
0.0428500175476  6729057
0.0430171489716  6722757
0.0441360473633  6721053
0.0443959236145  6712597
0.0455989837646  6711888
0.0463299751282  6709857
0.0468571186066  6688500
0.0480010509491  6684155
0.0496859550476  6684067
0.0509369373322  6683132
0.0511829853058  6681477
0.0527760982513  6679892
0.0544469356537  6677587
0.0546669960022  6666629
0.054808139801  6666535
0.05650806427  6663795
0.0584909915924  6662739
0.0586309432983  6658560
0.0589311122894  6657802
0.059149980545  6651111
0.0596089363098  6625632
0.0597491264343  6624285
0.0617320537567  6616722
0.0639779567719  6614587
0.0645339488983  6598768
0.0649790763855  6598329
0.0651140213013  6597946
0.0671949386597  6596493
0.0688059329987  6596423
0.0689420700073  6574614
0.0697751045227  6574053
0.070375919342  6558431
0.0716991424561  6555230
0.0731570720673  6553383
0.0747690200806  6551941
0.0773401260376  6549839
0.0777850151062  6548948
0.0784621238708  6548887
0.0785980224609  6548585
0.0788109302521  6547653
0.0791790485382  6545743
0.0793149471283  6544637
0.080225944519  6542608
0.0804390907288  6542491
0.0807299613953  6540069
0.0831260681152  6539809
0.0855140686035  6534942
0.0857639312744  6533458
0.0864279270172  6530179
0.0895879268646  6522017
0.0900650024414  6520244
0.093456029892  6517923
0.0935990810394  6492906
0.0938911437988  6479690
0.0942239761353  6467819
0.0947680473328  6466531
0.0949101448059  6441044
0.0990381240845  6432349
0.0994250774384  6432235
0.10316991806  6431783
0.103344917297  6414282
0.106909990311  6407328
0.110598087311  6406924
0.115252017975  6406001
0.115394115448  6400970
0.115608930588  6396752
0.116294145584  6395061
0.116430997849  6379648
0.116878986359  6354290
0.122488021851  6350566
0.122992992401  6348855
0.130656957626  6348723
0.131530046463  6340226
0.13169503212  6335827
0.13204908371  6334093
0.137758970261  6332398
0.144290924072  6330692
0.144439935684  6327320
0.145061969757  6326286
0.15122294426  6324978
0.151365041733  6320401
0.15790104866  6318288
0.158489942551  6316573
0.16708612442  6316113
0.167258024216  6288600
0.168082952499  6286434
0.168249130249  6284982
0.168699979782  6284698
0.169006109238  6273842
0.170120954514  6273511
0.170293092728  6272568
0.17098903656  6271299
0.17146897316  6269073
0.173105955124  6264159
0.174404144287  6260996
0.183184146881  6258754
0.18333697319  6257643
0.183558940887  6240741
0.192620038986  6239024
0.193017959595  6238924
0.19332909584  6237825
0.193474054337  6235704
0.19394993782  6233632
0.203167915344  6231573
0.203310966492  6203182
0.211969137192  6201592
0.212191104889  6194369
0.221214056015  6192158
0.221354961395  6192078
0.221576929092  6163945
0.231498003006  6163875
0.231635093689  6161293
0.232084989548  6156398
0.232219934464  6148863
0.23345708847  6148691
0.233994007111  6146900
0.234477996826  6138116
0.234619140625  6135169
0.24486207962  6132981
0.245000123978  6119528
0.256010055542  6118344
0.256242036819  6114203
0.256623983383  6103059
0.256766080856  6102491
0.257386922836  6091134
0.257528066635  6072774
0.257828950882  6069492
0.259793996811  6064397
0.261024951935  6064162
0.271721124649  6062002
0.271903038025  6061248
0.283030033112  6059910
0.294091939926  6058094
0.294229030609  6056949
0.305078029633  6055133
0.305293083191  5925775
0.317726135254  5924688
0.317877054214  5917245
0.318181037903  5916355
0.330538988113  5915083
0.330685138702  5914797
0.330986022949  5903458
0.342639923096  5901987
0.34300994873  5901916
0.355314016342  5900890
0.356303930283  5893439
0.356595039368  5883014
0.369156122208  5882268
0.382270097733  5880939
0.382493972778  5880234
0.398571968079  5877999
0.398936986923  5873497
0.412123918533  5872340
0.412352085114  5868774
0.412487983704  5867300
0.412934064865  5861586
0.413069963455  5859034
0.426662921906  5858950
0.426799058914  5849787
0.427134037018  5846245
0.427680015564  5845115
0.42781496048  5841867
0.431159973145  5841072
0.432536125183  5838689
0.434849977493  5837579
0.448050022125  5837271
0.461884021759  5836047
0.462185144424  5833421
0.462403059006  5831882
0.467545032501  5831313
0.467891931534  5826718
0.468899965286  5826301
0.469041109085  5823932
0.469340085983  5819539
0.472440958023  5819370
0.472607135773  5797966
0.474144935608  5797256
0.478040933609  5796158
0.495084047318  5794436
0.495320081711  5789732
0.495613098145  5789391
0.495749950409  5788888
0.496042013168  5786438
0.496755123138  5783817
0.496896028519  5770237
0.497117042542  5769855
0.497452974319  5768589
0.51181101799  5766263
0.512026071548  5765553
0.52779507637  5763699
0.528023004532  5756933
0.528474092484  5738996
0.545704126358  5736987
0.545845985413  5731330
0.561027050018  5730479
0.561402082443  5721271
0.561537981033  5720855
0.561752080917  5715213
0.576956987381  5712841
0.577172040939  5711809
0.577463150024  5710885
0.592936992645  5710848
0.593230009079  5710545
0.608844041824  5708188
0.624671936035  5706579
0.625118017197  5705837
0.62548494339  5704803
0.625931024551  5683983
0.626066923141  5683381
0.642138004303  5681278
0.642352104187  5679743
0.658538103104  5678778
0.658674955368  5677178
0.674900054932  5676950
0.675035953522  5642469
0.691447973251  5640996
0.691606998444  5639931
0.692748069763  5639238
0.692883968353  5638787
0.693097114563  5637518
0.693233013153  5635921
0.694003105164  5635614
0.694324970245  5581809
0.694693088531  5524422
0.694828033447  5508784
0.695349931717  5505137
0.696491956711  5500402
0.698024988174  5499465
0.699321985245  5499459
0.699458122253  5493451
0.700861930847  5493089
0.700998067856  5492944
0.717432022095  5491019
0.717569112778  5468044
0.734316110611  5466373
0.734684944153  5464346
0.734822034836  5464140
0.752002954483  5462649
0.75214099884  5440831
0.7542719841  5439285
0.754486083984  5437945
0.754776000977  5435849
0.75537610054  5434058
0.756130933762  5431004
0.756390094757  5430494
0.75800204277  5428836
0.775223970413  5427385
0.775360107422  5427233
0.793422937393  5425417
0.812355041504  5424874
0.831470966339  5424052
0.859017133713  5422405
0.878205060959  5420241
0.897114992142  5400869
0.916523933411  5400702
0.935810089111  5397989
0.954977035522  5393029
0.986649990082  5393020
1.00578999519  5386436
1.02654600143  5383493
1.04539608955  5383479
1.06993508339  5382555
1.08870601654  5382425
1.10755896568  5372853
1.14025712013  5371362
1.17695713043  5370920
1.19598293304  5370457
1.23308300972  5367849
1.25200104713  5354605
1.2754149437  5354522
1.29475498199  5353314
1.33299708366  5352637
1.35577511787  5351446
1.3755979538  5350250
1.39666199684  5349055
1.41684293747  5349052
1.43912100792  5348967
1.47660112381  5348590
1.53294610977  5343617
1.59450411797  5331752
1.65611004829  5328733
1.71728897095  5328531
1.77510714531  5289351
1.83213996887  5278680
1.88979506493  5276435
1.94719409943  5274154
2.00401306152  5247321
2.06847000122  5245732
2.13181614876  5245658
2.15179514885  5245452
2.17087507248  5239616
2.2039899826  5238567
2.22303295135  5216560
2.24254798889  5208324
2.26149106026  5206566
2.28045606613  5204441
2.29965591431  5201509
2.31854200363  5201413
2.33824396133  5197305
2.36975598335  5197186
2.38969302177  5194668
2.41990494728  5194173
2.43883299828  5192147
2.46701192856  5191194
2.48572802544  5191042
2.50480508804  5190790
2.52363204956  5188815
2.54263901711  5180873
2.57366800308  5180223
2.59827804565  5180219
2.6210899353  5177170
2.65303707123  5177091
2.70390200615  5176889
2.74153804779  5176147
2.78062105179  5175004
2.78075814247  5174943
2.78120398521  5174443
2.7814950943  5174228
2.78217411041  5170927
2.78254199028  5169798
2.82384204865  5167236
2.86499714851  5164763
2.90463399887  5150234
2.94348502159  5148078
2.94362211227  5147845
2.97641015053  5147622
2.98939204216  5147043
3.00369310379  5145639
3.00483703613  5145477
3.00605797768  5144931
3.04019713402  5143643
3.06552195549  5140326
3.0905880928  5138261
3.11007094383  5135141
3.1492099762  5133685
3.20209598541  5133434
3.25530695915  5133173
3.31237697601  5132714
3.3723089695  5132521
3.42982411385  5126336
3.50298404694  5126197
3.57630205154  5125921
3.63330292702  5119628
3.69236803055  5116247
3.74885702133  5097657
3.74907112122  5097115
3.76652002335  5096753
3.78418493271  5096167
3.80400514603  5065023
3.82308793068  5032133
3.84194898605  5025670
3.86236095428  5018411
3.88133096695  4963569
3.90215206146  4940026
3.92109203339  4931527
3.94056010246  4926535
3.97626805305  4926434
3.99606895447  4925695
4.0153529644  4924889
4.03494405746  4924360
4.0540459156  4918320
4.07361912727  4911398
4.09413099289  4910892
4.11411499977  4907804
4.13874697685  4907755
4.16350793839  4905748
4.19712615013  4905372
4.21642708778  4904966
4.30994796753  4903767
4.40793299675  4890905
4.50219893456  4887244
4.59762907028  4869993
4.65520000458  4869344
4.7559030056  4865169
4.77489304543  4864245
4.87189412117  4848768
4.89083600044  4848547
4.92853999138  4848386
5.02217411995  4831728
5.11543512344  4829842
5.21031999588  4828417
5.24852013588  4827769
5.34144711494  4793206
5.44773507118  4775264
5.54445815086  4775184
5.6005461216  4775068
5.69437193871  4770026
5.78834915161  4760103
5.84905004501  4759871
5.94277310371  4747467
5.98053407669  4747206
6.07543706894  4746945
6.11483597755  4746229
6.20928502083  4746142
6.26530599594  4746001
6.36080503464  4745619
6.41702795029  4745223
6.51021504402  4745207
6.60319709778  4728680
6.71449804306  4724447
6.82547807693  4721096
6.93688893318  4719044
7.04896211624  4718982
7.16154193878  4718799
7.29113912582  4711452
7.4214990139  4704911
7.55166292191  4704722
7.68649601936  4703541
7.82258296013  4701413
7.97077012062  4697920
8.12495708466  4695663
8.27232408524  4690482
8.42108297348  4689977
8.4402821064  4688567
8.47643399239  4687822
8.49547505379  4687587
8.53299498558  4687290
8.57062911987  4686810
8.58958601952  4686782
8.60862803459  4686779
8.62762093544  4685644
8.73907995224  4683550
8.75808811188  4683225
8.77976608276  4682672
8.81746196747  4682567
8.85692214966  4682114
8.90000510216  4681895
8.94261693954  4681270
8.98562598228  4680998
9.02892494202  4680552
9.08336496353  4679502
9.1261370182  4678589
9.17466807365  4677645
9.22914814949  4677279
9.28504610062  4676915
9.32394099236  4676003
9.47329497337  4675933
9.62183499336  4675604
9.64121603966  4674227
9.80865693092  4674001
9.83651614189  4673649
9.9666159153  4673616
10.1011910439  4673281
10.2312250137  4669721
10.2688000202  4669549
10.3435111046  4669410
10.3995831013  4669382
10.4423599243  4669191
10.4812381268  4668399
10.5266189575  4667188
10.5650451183  4666871
10.6063380241  4666636
10.6439549923  4665778
10.6849970818  4664962
10.7243490219  4664135
10.7244861126  4663687
10.7619891167  4663101
10.863063097  4661742
10.882463932  4660147
10.9760940075  4659910
11.0736911297  4649497
11.1711361408  4648614
11.2636499405  4626126
11.3613169193  4625489
11.4604830742  4616383
11.5535550117  4616234
11.6468091011  4615552
11.7473311424  4615467
11.7548429966  4615140
11.7629489899  4613068
11.7630860806  4613004
11.7636110783  4612802
11.7639801502  4611588
11.9068119526  4611346
12.0387220383  4611139
12.1740350723  4610312
12.359046936  4610117
12.5039949417  4610037
12.6412301064  4609912
12.7977061272  4609390
12.9608359337  4609366
13.1113300323  4605174
13.2747011185  4604903
13.4252579212  4595596
13.5733809471  4595125
13.6495230198  4595070
13.7433681488  4594985
13.8971431255  4594797
14.049407959  4579870
14.1241691113  4579126
14.1997089386  4578625
14.3480939865  4577999
14.497535944  4575701
14.6469590664  4561228
14.7961289883  4560930
14.9466130733  4560049
15.1074819565  4559626
15.2631640434  4554672
15.420568943  4552722
15.5683200359  4503267
15.568944931  4502760
15.5690820217  4502696
15.5822510719  4501761
15.6217079163  4491391
15.6596231461  4489027
15.6971120834  4488403
15.7353761196  4488345
15.7729361057  4478415
15.8110611439  4478302
15.8485119343  4477476
15.8868749142  4477098
15.9254529476  4476460
15.9636521339  4476316
16.0020041466  4476085
16.0408420563  4473206
16.080821991  4470894
16.1185851097  4469818
16.1747391224  4469398
16.2805731297  4469344
16.281815052  4468165
16.393652916  4467776
16.5421440601  4467218
16.7251589298  4467187
16.8765919209  4466668
17.0281159878  4465331
17.1800379753  4460941
17.3595340252  4460896
17.5383131504  4459856
17.7038180828  4456702
17.8696610928  4452733
17.9990990162  4451214
18.1609830856  4451077
18.3041670322  4450692
18.4537730217  4449765
18.6119549274  4447570
18.7764499187  4447364
18.925235033  4447211
19.0989530087  4447137
19.2799129486  4446946
19.499019146  4446898
19.6287689209  4446384
19.8120479584  4446134
20.0329389572  4433542
20.2533090115  4430990
20.4371819496  4430786
20.636111021  4430646
20.779266119  4430037
21.0793581009  4430023
21.4355280399  4429849
21.8496949673  4429338
21.8726260662  4429176
21.8918309212  4412484
21.9124209881  4407634
21.9386849403  4386470
21.9610290527  4378640
21.9835240841  4377726
22.0068790913  4374300
22.0379021168  4374205
22.058152914  4371045
22.0924639702  4370590
22.116519928  4370365
22.1445569992  4370128
22.170938015  4369678
22.1971111298  4369292
22.2177839279  4369016
22.2373170853  4368100
22.2565140724  4365859
22.2754349709  4365537
22.2944710255  4364123
22.3206069469  4363673
22.3395209312  4363374
22.3670880795  4363368
22.394701004  4363167
22.4222810268  4363077
22.4502620697  4362250
22.4807019234  4362102
22.4998090267  4361438
22.5320920944  4360841
22.568721056  4360435
22.7408239841  4360321
22.7804601192  4360241
22.9441981316  4358557
23.0800280571  4357074
23.2448980808  4352332
23.440887928  4347581
23.609112978  4344916
23.7662360668  4332764
23.9238889217  4330087
24.068778038  4329826
24.2208800316  4328529
24.35029006  4328197
24.4665310383  4206817
24.466905117  4206667
24.4670419693  4206462
24.4946329594  4206197
24.5954949856  4205487
24.6807570457  4205136
24.7249619961  4205024
24.8055651188  4204198
24.8960709572  4203802
24.9341671467  4203520
25.0467460155  4202801
25.1744301319  4202344
25.2897391319  4201349
25.4037549496  4200010
25.5200519562  4199684
25.6514670849  4199145
25.7873871326  4198269
25.9228041172  4196668
26.0446090698  4136979
26.1991860867  4133658
26.3543200493  4131692
26.4917449951  4128929
26.622533083  4125363
26.7561089993  4124979
26.8999330997  4124801
27.0301251411  4124212
27.1894381046  4124149
27.3302791119  4123793
27.4787859917  4122118
27.6405329704  4121557
27.7732031345  4121222
27.9030511379  4121088
28.0356190205  4120855
28.1684250832  4120562
28.3311901093  4120381
28.4797799587  4044459
28.6280219555  4032439
28.7767241001  4029230
28.9254689217  4026515
29.0946490765  3948771
29.2602639198  3942855
29.4266409874  3942528
29.5917999744  3940909
29.75750494  3940559
29.9343569279  3940122
30.1116089821  3939830
30.2979121208  3939418
30.4681460857  3937788
30.6375589371  3937354
30.8057610989  3936856
30.9915411472  3936599
31.2100450993  3936582
31.4148111343  3935872
31.6348559856  3935505
31.8388619423  3933837
32.0428819656  3933672
32.2499630451  3933203
32.4513809681  3931663
32.6641271114  3931138
32.8796069622  3930652
33.0117161274  3930582
33.1436741352  3930539
33.2730119228  3929875
33.4205789566  3929610
33.6180169582  3929091
33.8128750324  3929045
34.0132379532  3847317
34.2208759785  3847216
34.4337260723  3847179
34.6354660988  3773635
34.8425741196  3773627
35.0471050739  3772049
35.2602860928  3766929
35.4708271027  3763855
35.6739830971  3759168
35.876760006  3753361
36.0833990574  3751798
36.2900490761  3751260
36.4975309372  3750522
36.709692955  3750452
36.9220480919  3750106
37.1380751133  3749385
37.378798008  3749213
37.6268870831  3749098
37.8705561161  3749008
38.1177461147  3747854
38.3681659698  3747528
38.6071801186  3747088
38.7908439636  3746962
38.9740850925  3746715
39.2146499157  3745210
39.3976349831  3745188
39.5990629196  3744567
39.8358719349  3744349
40.0739629269  3744111
40.3111851215  3697311
40.4945471287  3697224
40.6782240868  3696977
40.9150779247  3694632
41.1546311378  3691888
41.3965740204  3680433
41.6404731274  3642546
41.7165160179  3641899
41.7914299965  3641428
41.8290300369  3641400
41.9191839695  3640793
41.9337499142  3640572
41.9349019527  3640540
41.9351949692  3640445
41.9358770847  3637952
41.9504339695  3637382
42.0413329601  3637189
42.0789270401  3637160
42.154307127  3637152
42.192305088  3637102
42.2823801041  3636958
42.3730020523  3636887
42.449657917  3636718
42.5404491425  3635512
42.6313230991  3634537
42.668856144  3634505
42.7629821301  3634381
42.8750939369  3633623
43.2021939754  3633429
43.3544449806  3633386
43.5592670441  3633210
43.7638549805  3632450
44.0798070431  3630246
44.395031929  3629489
44.5998489857  3629290
44.8402431011  3628920
45.0817019939  3628483
45.3232929707  3626944
45.7030379772  3626114
46.1364500523  3625797
46.5193059444  3625593
46.902823925  3625465
47.2855229378  3625239
47.6677050591  3624850
48.1163449287  3532060
48.5663831234  3506055
49.0137131214  3505031
49.4650931358  3503750
49.911853075  3503315
50.3622441292  3500957
50.8117620945  3490439
51.2649741173  3490202
51.7182350159  3490074
52.1865580082  3489985
52.6555161476  3489678
53.1201479435  3489397
53.4667160511  3489361
53.7089829445  3488937
53.9456379414  3488720
54.2780680656  3488180
54.6310319901  3487870
55.1712360382  3487139
55.667552948  3486560
55.99771595  3486504
56.3301870823  3486036
56.8782250881  3485058
57.451967001  3481640
57.9883649349  3479934
58.5587480068  3476017
59.1194541454  3474617
59.6799731255  3467402
60.20865798  3467110
60.7751460075  3466175
61.0142519474  3465902
61.236082077  3465416
61.5630970001  3464653
61.8890330791  3463551
62.2235369682  3463543
62.4338109493  3463534
62.4422450066  3462632
62.4604809284  3461313
62.5167660713  3460676
62.5862560272  3459862
62.7705471516  3459831
62.9728870392  3459806
63.2503530979  3413197
63.5260379314  3361294
63.8013520241  3337968
64.0039770603  3337854
64.2063889503  3337744
64.4090061188  3337279
64.6496050358  3336983
64.8543701172  3336958
65.0770099163  3334586
65.2987229824  3334487
65.5730171204  3334112
65.8466050625  3288429
66.1275150776  3285610
66.1895949841  3285545
66.1898100376  3285246
66.4158270359  3285025
66.9662671089  3284738
67.1907949448  3284539
67.4320430756  3284202
67.9935951233  3284108
68.5576279163  3283058
69.1231379509  3281911
69.6947200298  3281852
70.2683551311  3228411
70.8419630527  3223109
71.4199171066  3219610
71.997205019  3176354
72.5771751404  3171147
73.1657099724  3162010
73.755095005  3160766
74.3287401199  3091480
74.912801981  3081247
75.5027649403  3081082
76.0759730339  3079572
76.6551499367  3069718
77.2321050167  3068707
77.8095650673  3068552
78.3865790367  3067608
78.981194973  3067559
79.570084095  3067504
80.1474339962  3060691
80.7390880585  3060487
81.3583230972  3060240
81.9784810543  3056995
82.5554189682  3056973
83.1619341373  3056928
83.839411974  3056180
84.5177409649  3054287
85.1869390011  3053690
85.8699569702  3053056
86.5433371067  3052973
87.2147269249  3048518
87.8867440224  3048410
88.5572299957  2978729
89.2293679714  2977694
89.9086310863  2977053
90.5939071178  2976505
91.2719600201  2975319
91.9538619518  2974801
92.6248221397  2974100
93.3115160465  2971896
94.0890130997  2971575
94.9683039188  2971051
95.9220221043  2956546
96.8751161098  2955479
97.7400391102  2955404
98.6195240021  2955312
99.4843990803  2955297
100.36641407  2955017
101.314497948  2946213
102.277573109  2937970
103.235839128  2936708
103.942878008  2936703
104.648627043  2936416
105.352359056  2936344
106.061851025  2936107
106.767704964  2936045
107.476676941  2935944
108.239637136  2935801
109.016601086  2935321
109.70092392  2934483
109.717612028  2933351
109.754703999  2932498
109.99337697  2932401
110.267430067  2932278
110.578459024  2932029
111.563252926  2931368
112.552644968  2930688
113.539469957  2929962
114.530139923  2928459
115.505234003  2928254
116.483420134  2927532
117.531120062  2925596
118.575911999  2921666
119.611009121  2896557
119.653460979  2895743
119.690834045  2895712
119.729025126  2895197
119.768032074  2895015
119.808367968  2894986
119.864128113  2894959
119.882498026  2893775
120.173321962  2893491
120.501765966  2893295
121.062283993  2893291
121.625757933  2893018
121.632055044  2892978
121.637220144  2892965
121.637510061  2892844
121.656383038  2892636
121.96874404  2892569
122.242607117  2892466
122.689729929  2892399
123.104048967  2891449
123.712896109  2882126
124.320100069  2880798
124.929611921  2861729
125.535258055  2852458
126.157164097  2843463
126.591259956  2843151
127.037962914  2843101
127.46645093  2842986
127.778419018  2841890
128.088452101  2841620
128.502635002  2841579
128.916309118  2841444
129.330104113  2841325
129.77899313  2841242
130.227735996  2840187
130.674915075  2839708
131.118611097  2839406
131.565041065  2839265
132.035810947  2838903
132.598662138  2838756
133.195048094  2837891
133.760143995  2837800
134.41902113  2837735
135.08088398  2836961
135.754765034  2836531
136.423958063  2835755
137.209149122  2835688
137.990987062  2835646
138.775563955  2834901
139.450695992  2834608
140.140597105  2834588
140.969689131  2834185
141.827064037  2807521
142.139248133  2807385
142.143252134  2807214
142.161348104  2806550
142.211733103  2806104
142.250859976  2799477
142.297106981  2796619
142.334615946  2795450
142.372972012  2788374
142.411438942  2787401
142.451046944  2777263
142.49049902  2777023
142.530938148  2776797
142.587088108  2775048
142.592180967  2773509
142.867219925  2773162
143.176701069  2773132
143.486099958  2773054
143.798426151  2769365
144.072260141  2768841
144.382252932  2768720
144.695297956  2768271
145.304186106  2767457
145.903512955  2767453
146.499130011  2765827
146.813195944  2765661
147.142822981  2765395
147.782475948  2765155
148.408167124  2763893
149.047728062  2763810
149.690824986  2762702
150.362806082  2761740
151.05274415  2761202
151.677226067  2760874
152.237858057  2760686
152.798372984  2760496
153.390480042  2759420
154.089293957  2757724
154.744759083  2757139
155.309997082  2756572
155.871541977  2755774
156.574080944  2754349
157.272488117  2753410
157.959404945  2751994
158.660620928  2747328
159.361432076  2746361
160.050033092  2733749
160.737961054  2730264
161.426495075  2728900
162.128708124  2725538
162.815470934  2724645
163.534522057  2721380
164.266505957  2719378
164.983838081  2714324
165.701038122  2711146
166.419007063  2708312
167.139904022  2706897
167.870023966  2706718
168.593675137  2702365
169.325623989  2700220
170.059072971  2698492
170.796402931  2689841
171.534246922  2687046
172.280389071  2686390
173.034552097  2686203
173.80279398  2684898
174.600964069  2681082
175.396091938  2680532
176.198658943  2680149
176.917665958  2679242
177.636780977  2678482
178.424804926  2673553
179.21352911  2666701
180.002438068  2662494
180.717523098  2660895
181.447073936  2658003
182.235683918  2657631
183.023859024  2655311
183.812575102  2652357
184.60050106  2647002
185.344386101  2646780
186.10511899  2646288
186.849192142  2646101
187.63635397  2644835
188.394922018  2644461
189.183916092  2643758
189.942996025  2643527
190.732588053  2633821
191.491876125  2632476
192.295397043  2632248
193.099785089  2631081
193.902399063  2624207
194.7079041  2621141
195.51000309  2620376
196.316102028  2619157
197.133459091  2614821
197.944513083  2591640
198.755870104  2590735
199.569116116  2585933
200.378103018  2585760
201.186434984  2578918
202.023322105  2577577
202.861257076  2576501
203.697963953  2575054
204.532681942  2574676
205.36935401  2567238
206.206535101  2564793
207.042541027  2564291
207.877411127  2562795
208.717106104  2559908
209.554532051  2558607
210.393747091  2557333
211.230736971  2548762
212.079878092  2548277
212.917289019  2546700
213.753802061  2546565
214.590491056  2545860
215.431010008  2519711
216.28156209  2519343
217.123677015  2518632
217.961007118  2513275
218.797721148  2511441
219.631516933  2498350
220.46527195  2496652
221.300878048  2493432
222.138587952  2493030
222.97272706  2492672
223.811120987  2490654
224.657791138  2480554
225.496387959  2459790
225.892815113  2459659
226.28946805  2458991
226.686340094  2458765
227.087258101  2457917
227.088997126  2457555
227.111761093  2457425
227.115695  2457222
227.115911007  2457020
227.175948143  2456223
227.178462982  2455750
227.179460049  2455415
227.180613995  2455280
227.181864977  2454470
227.201812029  2454111
227.24050498  2453936
227.259565115  2453570
227.316827059  2452491
227.410635948  2452490
227.504328012  2451659
227.597957134  2451318
227.700500011  2447700
227.793789148  2445539
227.887283087  2438938
227.980812073  2438279
228.074579954  2425383
228.17957592  2424588
228.274590015  2422321
228.36789012  2417033
228.461357117  2410184
228.554954052  2407328
228.64836812  2405665
228.742007017  2395767
228.836832047  2392564
228.930599928  2367442
229.024384975  2304344
229.080713034  2304200
229.155050039  2304011
229.210643053  2303583
229.248893023  2264369
229.286544085  2257612
229.328063011  2257272
229.365673065  2257222
229.79381609  2255374
230.222039938  2241232
230.65012908  2240822
231.078387976  2234063
231.508441925  2233644
231.938790083  2233605
232.36462307  2232927
232.791060925  2229849
233.217184067  2228286
233.642902136  2223125
234.081089973  2222966
234.508360147  2221420
234.944783926  2209403
235.370430946  2200537
235.806909084  2198958
236.243602037  2194968
236.675858021  2183279
237.105754137  2173921
237.545097113  2172140
237.988681078  2167211
238.416051149  2158147
238.842499971  2157031
239.268280029  2153701
239.694905996  2147864
240.132491112  2147854
240.575230122  2143391
241.004790068  2141858
241.435153008  2140058
241.868132114  2139281
242.296522141  2138898
242.724982977  2136565
243.153762102  2136487
243.585044146  2135667
244.017754078  2135460
244.448393106  2134652
244.879023075  2134413
245.310744047  2131657
245.745157003  2131611
246.173453093  2128321
246.633660078  2127371
247.095176935  2121296
247.556720972  2119255
248.018324137  2117884
248.493505955  2116620
248.921637058  2115644
249.430457115  2098465
249.94167614  2040893
250.452494144  2040052
250.976783037  2036589
251.48900795  2036479
252.001852036  2032572
252.514013052  2032257
253.026286125  2031884
253.53689599  2030874
254.047800064  2030442
254.571334124  2023845
255.098843098  2022592
255.626547098  2022150
256.154629946  2017503
256.683715105  2017442
257.209289074  2017390
257.736814976  2012361
258.264003038  2012302
258.792662144  2001829
259.320830107  1998434
259.850214005  1997080
260.378258944  1994338
260.911287069  1985425
261.43997097  1984466
261.971019983  1984251
262.50069499  1983285
263.046642065  1983102
263.608173132  1982570
264.187400103  1977842
264.727949142  1977516
265.300102949  1977297
265.839143991  1977057
266.411842108  1971611
267.002331972  1970796
267.590881109  1970262
268.182280064  1967071
268.721656084  1966856
269.261244059  1966785
269.849822044  1966692
270.430635929  1966486
271.010641098  1963391
271.586137056  1963048
272.160054922  1962911
272.732177973  1958210
273.303966999  1957340
273.892310143  1955414
274.496690035  1954401
275.116152048  1935935
275.650802135  1932853
276.187299967  1919052
276.728488922  1917657
277.255520105  1889402
277.793996096  1876039
278.332777023  1869874
278.923903942  1868537
279.580039978  1867056
280.233823061  1866407
280.919263124  1865606
281.570466042  1865529
282.239428043  1864859
282.955383062  1863817
283.775133133  1863198
284.592916965  1854601
285.461622  1854215
286.31084609  1852254
287.191024065  1851291
288.069042921  1849382
288.95076108  1848096
289.875144958  1847559
290.796491146  1847003
291.747040033  1846874
292.697343111  1845605
293.647987127  1843772
294.635806084  1843320
295.621591091  1842924
296.599211931  1842248
297.551613092  1842108
298.500294924  1841266
299.522438049  1840911
300.555202961  1838473
301.58997798  1826534
302.624520063  1821290
303.657796144  1799971
304.684628963  1798164
305.713155985  1796281
306.742057085  1795516
307.768156052  1731751
308.824218988  1728431
309.844938993  1727889
310.79462409  1727619
311.742010117  1727196
312.691972971  1726945
313.780107021  1667345
314.899277925  1666221
316.007369995  1665401
317.115206003  1662643
318.222211123  1653933
319.328747988  1622586
320.434167147  1615628
321.552269936  1585301
322.660051107  1584796
323.767537117  1584700
324.871182919  1584471
325.977970123  1570241
327.09356904  1570018
328.195616961  1535380
329.304482937  1517416
329.34705615  1517057
329.388538122  1515045
329.425820112  1514885
329.467508078  1514303
329.509204149  1513571
329.564362049  1511885
329.638191938  1509776
329.730967999  1509773
330.714402914  1506663
331.692405939  1505442
332.696636915  1503196
333.694740057  1491331
334.703279018  1488210
335.716001987  1486618
336.722254992  1483537
337.737316132  1479554
338.749750137  1474858
339.761675119  1465841
340.785640955  1464337
341.824084044  1448483
342.832643032  1445362
343.872822046  1435708
344.88283205  1435249
345.92196393  1377679
346.962363005  1373748
347.991816998  1373109
349.029686928  1372941
350.088153124  1368256
351.153976917  1362478
352.219819069  1355870
353.3249681  1345522
354.432295084  1341839
355.535504103  1335791
356.636368036  1329893
357.672471046  1326567
358.772660017  1313632
359.807703018  1302914
360.910789967  1295215
362.020893097  1286993
363.132467031  1279034
364.239242077  1277109
365.35582304  1271856
366.4754951  1271618
367.568254948  1262716
368.687384129  1225694
369.890934944  1222750
371.148586035  1214232
372.408949137  1199489
373.672073126  1199184
374.939269066  1146828
376.206018925  1134648
377.474888086  1132263
378.747607946  1127032
380.014698029  1125922
381.285148144  1115118
382.555174112  1111976
383.826019049  1111892
385.098463058  1107557
386.368245125  1105232
387.64113307  1101845
388.910887003  1100909
390.182002068  1066066
391.456020117  1051290
392.722937107  1051289
393.982649088  1049661
395.24991703  1044981
396.521834135  1044295
396.536294937  1043475
396.536431074  1043425
396.538275957  1041799
396.539670944  1040562
396.554532051  1040259
396.624964952  1040166
396.699440956  1039816
396.717880011  1038756
397.112786055  1038448
397.523669004  1038348
397.916911125  1038282
398.310843945  1038266
398.707808018  1038081
399.11948514  1026036
399.51534009  1025937
399.910440922  1025936
400.303622007  1024702
400.701152086  1023829
401.177250147  1023448
401.920261145  1023382
402.725161076  1023325
403.855873108  1022196
404.963114023  1021661
406.067865133  1020349
407.22704196  1010953
408.403625965  993364
409.574846983  979771
410.750452042  974337
411.926563978  970997
413.109606981  940923
414.289556026  922585
415.469877958  916757
416.644573927  901593
417.840569973  900546
419.037259102  895751
420.245196104  895740
421.459794044  895110
422.671770096  892017
423.892322063  891895
425.094409943  880103
426.306391001  874108
427.537239075  872531
428.781058073  864645
430.024358988  862832
431.276129961  855982
432.552919149  833160
433.835103035  829586
435.125390053  799037
436.392262936  798757
437.692141056  798550
438.953675985  798438
440.238075018  798179
441.522321939  795714
442.807569027  795011
444.092553139  773779
445.353591919  773226
446.662992001  772181
447.97426796  761460
449.277571917  761396
450.580582142  759057
451.879763126  758111
453.208387136  747916
454.532767057  747833
455.865139961  747748
457.200925112  739733
458.553689957  739571
459.906898022  739399
461.853492022  739393
463.812608004  736218
465.766196966  731380
467.81181097  731334
469.838194132  729062
471.871671915  727872
473.827781916  727309
475.781022072  725475
477.729046106  724569
479.782064915  723795
481.828580141  723768
483.894544125  720669
485.945989132  718793
487.996978045  714744
490.05677104  709764
492.120079994  707601
494.186619043  705784
496.240936041  705441
498.300503969  704810
500.369440079  704655
502.428372145  704634
504.49142313  703858
506.442116022  698833
508.394985914  698198
510.348446131  695929
512.298804045  694187
514.259422064  694096
516.225287914  692815
518.203253984  691020
520.280827999  690398
522.235949993  689163
524.210977077  688328
526.182448149  688184
528.166691065  687771
530.135802031  687567
532.094608068  686686
534.065284014  686374
536.030606031  685646
538.130955935  684166
540.203616142  683582
542.283735037  680485
544.365453959  680270
546.456191063  679182
548.547896147  678782
550.65617013  678601
552.772861958  677695
554.898028135  677080
557.009215117  676853
557.209630013  676844
557.410403967  675506
559.525720119  675338
561.637578011  675120
563.750592947  674903
565.873778105  674897
