0.0406470298767  7362295
0.0413889884949  7360268
0.0426890850067  7350806
0.0433750152588  7348588
0.0438959598541  7346473
0.0449340343475  7338356
0.0452251434326  7330639
0.0458390712738  7318788
0.0472900867462  7316423
0.0475499629974  7302912
0.0480940341949  7287495
0.048259973526  7259677
0.0496649742126  7251817
0.0498149394989  7249589
0.0511960983276  7247954
0.0514581203461  7232638
0.0543410778046  7225534
0.0545599460602  7211962
0.055135011673  7211206
0.0558350086212  7208740
0.0588331222534  7208541
0.0590391159058  7193904
0.0599789619446  7193202
0.0605230331421  7184762
0.0638840198517  7183636
0.0643689632416  7183555
0.064621925354  7179644
0.0651271343231  7171282
0.068069934845  7170404
0.0682120323181  7165843
0.0684490203857  7160265
0.0703279972076  7148301
0.0714371204376  7145692
0.075581073761  7140435
0.079824924469  7137833
0.0800931453705  7131583
0.0802581310272  7128743
0.0836770534515  7124810
0.0889401435852  7122386
0.089644908905  7105087
0.0902199745178  7099188
0.0904309749603  6973993
0.090763092041  6973985
0.0909750461578  6973895
0.092894077301  6961491
0.0930840969086  6955454
0.09761095047  6951410
0.0977799892426  6951163
0.0981271266937  6948240
0.102509975433  6945539
0.102657079697  6915637
0.104147911072  6909720
0.105579137802  6906942
0.105720996857  6901571
0.10594201088  6875091
0.106404066086  6871469
0.106544971466  6865294
0.110896110535  6864127
0.111041069031  6860366
0.115503072739  6858810
0.115718126297  6827259
0.116635084152  6824082
0.116848945618  6821325
0.11750793457  6797463
0.122153997421  6793885
0.122291088104  6785578
0.127763032913  6783901
0.127990007401  6769224
0.128130912781  6768594
0.128354072571  6758443
0.128739118576  6757604
0.128880023956  6681238
0.129101991653  6680695
0.129264116287  6680575
0.130620956421  6656708
0.130842924118  6627150
0.131632089615  6616975
0.1326649189  6616003
0.132806062698  6576683
0.13302898407  6559145
0.133332014084  6548299
0.135088920593  6527762
0.135235071182  6467693
0.135538101196  6401841
0.135688066483  6401815
0.135909080505  6399728
0.138154983521  6394631
0.14522600174  6392016
0.145649909973  6379310
0.15315413475  6376842
0.153422117233  6337510
0.153589963913  6334373
0.159565925598  6330446
0.166810035706  6328786
0.167218923569  6311077
0.167511940002  6305832
0.170094013214  6304274
0.172498941422  6303953
0.180660009384  6302368
0.188323974609  6301753
0.188652038574  6301292
0.196166038513  6300664
0.20219707489  6299791
0.202425003052  6298977
0.202567100525  6296332
0.204648971558  6269595
0.214293956757  6266555
0.214699983597  6264937
0.215311050415  6262001
0.215626001358  6254999
0.216901063919  6253849
0.224529981613  6253270
0.224673032761  6252597
0.224895000458  6247532
0.230526924133  6246659
0.230747938156  6246213
0.231128931046  6237815
0.231979131699  6237527
0.232732057571  6235912
0.233160018921  6234634
0.2338950634  6230626
0.235908031464  6229883
0.238052129745  6229067
0.238263130188  6228313
0.24035692215  6227228
0.247688055038  6226261
0.247833967209  6224306
0.248522043228  6223479
0.257291078568  6220876
0.257590055466  6218957
0.258001089096  6217680
0.267441034317  6216338
0.267683029175  6208507
0.278171062469  6204242
0.279021024704  6202705
0.279338121414  6189399
0.289130926132  6186696
0.289304018021  6173573
0.289638996124  6173352
0.289889097214  6172229
0.290271043777  6153577
0.290543079376  6152250
0.298998117447  6148990
0.299148082733  6142454
0.30774307251  6139945
0.30788898468  6130065
0.312458992004  6129204
0.313771009445  6112230
0.313926935196  6112102
0.321831941605  6108544
0.322077989578  6108124
0.330832958221  6107405
0.339939117432  6105274
0.349519968033  6103144
0.349669933319  6096673
0.350134134293  6090555
0.359952926636  6088999
0.360099077225  6088970
0.360321044922  6063376
0.370676040649  6061625
0.370907068253  6060603
0.371289014816  6057046
0.371829986572  6050389
0.383105039597  6047782
0.383535146713  6029970
0.38369011879  6029880
0.383932113647  6023039
0.384088039398  6021542
0.384418964386  6021147
0.385103940964  6006492
0.385493040085  6004413
0.386484146118  5991267
0.386752128601  5978228
0.387218952179  5977119
0.388721942902  5975110
0.389056921005  5975091
0.389302015305  5974282
0.389725923538  5944814
0.401134967804  5940207
0.401281118393  5930425
0.412703037262  5928304
0.41287612915  5917293
0.425199985504  5914933
0.425342082977  5907423
0.436599969864  5906295
0.440969944  5905991
0.44474697113  5905907
0.445465087891  5905483
0.44563293457  5902882
0.446367025375  5902722
0.447191953659  5900432
0.460737943649  5898398
0.47509598732  5895814
0.476649999619  5893529
0.476881027222  5892614
0.478595972061  5892286
0.479329109192  5886264
0.480250120163  5884185
0.48041510582  5883316
0.481692075729  5883203
0.481903076172  5882612
0.48343706131  5879611
0.497080087662  5879036
0.509447097778  5879033
0.50967502594  5871927
0.509978055954  5855654
0.510360956192  5855304
0.510502099991  5851902
0.511290073395  5838499
0.511671066284  5829825
0.523656129837  5829255
0.537090063095  5827981
0.540857076645  5826947
0.541408061981  5823749
0.555907011032  5822015
0.560540914536  5820377
0.572391033173  5820195
0.572694063187  5812412
0.584492921829  5812296
0.598112106323  5810097
0.598248958588  5751525
0.61058807373  5750158
0.610724925995  5744991
0.62365603447  5743666
0.623871088028  5737218
0.62447810173  5722816
0.62461400032  5722574
0.624828100204  5718019
0.637700080872  5716037
0.637836933136  5715067
0.650656938553  5712862
0.650794029236  5708125
0.668622016907  5708042
0.669136047363  5705983
0.669287919998  5703151
0.687315940857  5699778
0.704777002335  5697994
0.704921007156  5691452
0.705137014389  5689659
0.705465078354  5681744
0.706327915192  5678513
0.706521987915  5672658
0.706845998764  5660254
0.721565008163  5659222
0.72178196907  5653545
0.722074985504  5648329
0.722446918488  5641016
0.722584009171  5613971
0.72311091423  5610369
0.723326921463  5608449
0.723932981491  5608313
0.724070072174  5577095
0.724762916565  5557400
0.725604057312  5555689
0.726603031158  5554745
0.727051973343  5543162
0.727189064026  5534646
0.727504014969  5533493
0.728579998016  5531767
0.749555110931  5530864
0.767534017563  5530122
0.76841211319  5524985
0.768553972244  5518338
0.768857002258  5517801
0.769078969955  5516552
0.769381046295  5515467
0.769845962524  5514720
0.769987106323  5513178
0.770208120346  5512919
0.770869016647  5511192
0.773386001587  5507080
0.773968935013  5506621
0.774120092392  5506518
0.774353981018  5500468
0.776073932648  5495784
0.776585102081  5491869
0.776883125305  5480741
0.777369976044  5479932
0.780874967575  5479220
0.794284105301  5478498
0.794569969177  5467578
0.798721075058  5464794
0.814907073975  5463233
0.81506896019  5457040
0.822510957718  5456490
0.824289083481  5456141
0.824536085129  5453503
0.830146074295  5452746
0.83310508728  5450582
0.836971998215  5449595
0.844002008438  5449391
0.845497131348  5447282
0.845847129822  5446224
0.845994949341  5435748
0.846591949463  5422575
0.856118917465  5419548
0.87286400795  5417473
0.889693975449  5416694
0.889851093292  5415693
0.907161951065  5413390
0.908035039902  5380471
0.908545017242  5372201
0.908700942993  5372111
0.928280115128  5370017
0.92844414711  5364395
0.928765058517  5347984
0.934517145157  5347449
0.934799909592  5345262
0.934948921204  5343266
0.935595989227  5342885
0.935743093491  5342550
0.935971975327  5342291
0.937036991119  5340765
0.938683986664  5340225
0.938830137253  5339669
0.941998004913  5339268
0.942243099213  5337980
0.946949005127  5336433
0.952144145966  5336153
0.952297925949  5334316
0.956845998764  5332960
0.974229097366  5332551
0.974749088287  5318146
0.97549700737  5313864
0.993916988373  5310928
0.994080066681  5230945
0.99431014061  5212739
0.994704961777  5197027
0.995964050293  5196330
0.996266126633  5195744
0.996485948563  5193972
0.996947050095  5192635
0.997087001801  5189124
0.997548103333  5188678
0.997928142548  5185557
0.998470067978  5179228
1.01859498024  5177694
