0.0390059947968  6801739
0.0393719673157  6785238
0.0395278930664  6775011
0.0398988723755  6764619
0.0408217906952  6764175
0.0411949157715  6763005
0.0413320064545  6756378
0.0415468215942  6755012
0.0422308444977  6752065
0.0423679351807  6750806
0.042582988739  6747259
0.0435810089111  6742577
0.0437948703766  6712034
0.0439319610596  6709130
0.0450899600983  6696952
0.0453038215637  6693713
0.0465397834778  6685032
0.0466759204865  6681560
0.0490808486938  6672203
0.0492169857025  6664345
0.0501379966736  6659723
0.0538778305054  6653817
0.0540478229523  6650837
0.0543839931488  6647119
0.0596668720245  6643958
0.0598599910736  6643367
0.0602569580078  6636483
0.0604238510132  6636206
0.0611619949341  6606192
0.0615179538727  6603305
0.0616848468781  6599616
0.0621378421783  6597933
0.0631198883057  6594156
0.0632698535919  6583495
0.0636789798737  6574409
0.0646498203278  6571685
0.0647878646851  6570183
0.065789937973  6565367
0.0659267902374  6557981
0.0677168369293  6556173
0.0684018135071  6551516
0.0721678733826  6548359
0.0723049640656  6525149
0.0762479305267  6508989
0.0763847827911  6508627
0.0766789913177  6500510
0.0811688899994  6498545
0.0813069343567  6496062
0.081521987915  6481945
0.0829977989197  6481216
0.083370923996  6478278
0.0847859382629  6468224
0.084921836853  6455048
0.0851378440857  6448191
0.0855867862701  6421934
0.0901370048523  6420575
0.090274810791  6412277
0.09556889534  6407548
0.095862865448  6407033
0.0962347984314  6404650
0.0991899967194  6399488
0.0993268489838  6398735
0.104576826096  6398537
0.104714870453  6396420
0.105008840561  6396242
0.105145931244  6396005
0.105674982071  6391731
0.106046915054  6389093
0.106184959412  6387383
0.107107877731  6383583
0.107558012009  6381044
0.107694864273  6378313
0.108744859695  6377922
0.108881950378  6375621
0.109488964081  6375323
0.110491991043  6375174
0.111569881439  6374481
0.113677978516  6365932
0.119100809097  6361304
0.11923789978  6359551
0.124969959259  6358279
0.125106811523  6347037
0.125322818756  6321301
0.12637090683  6319771
0.127065896988  6316916
0.132870912552  6315141
0.133008956909  6313844
0.139029979706  6313687
0.140113830566  6312118
0.140409946442  6301678
0.140545845032  6300676
0.141389846802  6293223
0.147437810898  6286788
0.153815984726  6283993
0.154277801514  6280996
0.154451847076  6280808
0.154711961746  6275698
0.161278009415  6271778
0.161729812622  6269330
0.161866903305  6212419
0.162160873413  6211990
0.16854095459  6208913
0.168913841248  6204349
0.169050931931  6196577
0.172189950943  6194430
0.174379825592  6194046
0.174516916275  6193087
0.174732923508  6189090
0.176703929901  6184996
0.179605007172  6182165
0.185958862305  6181141
0.193245887756  6177321
0.193775892258  6166109
0.193990945816  6144459
0.196338891983  6143073
0.196553945541  6139959
0.198025941849  6137936
0.205729961395  6131457
0.20586681366  6129716
0.206160783768  6129312
0.206533908844  6128984
0.206670999527  6126714
0.214802980423  6125880
0.214948892593  6117349
0.222976922989  6113533
0.223272800446  6113350
0.223488807678  6108234
0.224003791809  6106889
0.224146842957  6104894
0.23222899437  6100504
0.232445955276  6095526
0.240999937057  6090627
0.241216897964  6079362
0.24150800705  6075607
0.241642951965  5998749
0.242632865906  5993658
0.243155956268  5993005
0.243755817413  5992541
0.253138780594  5987699
0.253275871277  5973092
0.253488779068  5956434
0.254359960556  5956236
0.254819869995  5953918
0.255033016205  5950133
0.258890867233  5945074
0.259282827377  5938142
0.259744882584  5932170
0.259881973267  5913005
0.261207818985  5912748
0.262007951736  5908251
0.264573812485  5905420
0.26478600502  5902747
0.265075922012  5899184
0.276035785675  5894898
0.279059886932  5889660
0.280849933624  5885112
0.281140804291  5800270
0.291394948959  5795497
0.291608810425  5794087
0.29189991951  5791529
0.292113780975  5788408
0.292249917984  5788397
0.292618989944  5786555
0.302869796753  5784873
0.303006887436  5771756
0.313630819321  5770359
0.324634790421  5767559
0.337046861649  5766968
0.337415933609  5764230
0.337882995605  5760507
0.33801984787  5756178
0.338563919067  5752553
0.339163780212  5751734
0.339299917221  5740757
0.339975833893  5740269
0.340112924576  5738361
0.341336011887  5737683
0.342168807983  5731246
0.349674940109  5729922
0.350044965744  5728904
0.350489854813  5727871
0.351400852203  5726223
0.351536989212  5725809
0.351749897003  5695706
0.352582931519  5695322
0.352950811386  5692929
0.355584859848  5692312
0.355953931808  5681233
0.356089830399  5680329
0.356612920761  5679984
0.3573179245  5678020
0.360771894455  5676370
0.3683989048  5675697
0.368843793869  5674490
0.369366884232  5632694
0.369502782822  5627280
0.370569944382  5625708
0.370704889297  5622193
0.383163928986  5619296
0.396414995193  5616566
0.396550893784  5612257
0.397024869919  5608374
0.397251844406  5608150
0.397640943527  5604733
0.398332834244  5603904
0.398643016815  5601448
0.398854970932  5598646
0.399456977844  5598134
0.399592876434  5595305
0.399883985519  5592459
0.400095939636  5591655
0.400539875031  5559454
0.401215791702  5556205
0.402047872543  5555962
0.416448831558  5554222
0.416817903519  5545768
0.417961835861  5541923
0.41809797287  5536334
0.418696880341  5536331
0.418910980225  5530458
0.419276952744  5526028
0.419412851334  5526020
0.419626951218  5492345
0.419993877411  5491726
0.42067193985  5481211
0.436836004257  5480907
0.437057971954  5478665
0.456558942795  5478507
0.456860780716  5475970
0.457047939301  5471127
0.45735001564  5470359
0.457751989365  5469797
0.458239793777  5459035
0.4592628479  5457635
0.459628820419  5456184
0.459795951843  5453432
0.460464954376  5445045
0.461394786835  5438341
0.462553977966  5435456
0.481464862823  5433039
0.481622934341  5404703
0.481845855713  5402097
0.481986999512  5398490
0.482450008392  5380163
0.483234882355  5351275
0.483374834061  5328615
0.483836889267  5326608
0.48405790329  5299026
0.484952926636  5289158
0.485097885132  5283524
0.487020015717  5277913
0.48862195015  5274534
0.489100933075  5259224
0.48997092247  5249867
0.490123987198  5247356
0.511963844299  5246003
0.512162923813  5237460
0.51277589798  5229592
0.512960910797  5225011
0.514089822769  5224080
0.515316009521  5220530
0.515483856201  5204316
0.516872882843  5203153
0.536949872971  5202462
0.537524938583  5193874
0.538589000702  5192062
0.538731813431  5155498
0.539270877838  5151639
0.539410829544  5130403
0.539870977402  5125296
0.540011882782  5119103
0.540230989456  5109042
0.540849924088  5106516
0.542917013168  5091060
0.543534994125  5088902
0.54439997673  5088743
0.544553995132  5087221
0.546064853668  5086153
0.546350955963  5084723
0.546784877777  5082690
0.549288988113  5081870
0.572608947754  5080433
0.593154907227  5079871
0.613888978958  5070121
0.635450839996  5066197
0.664591789246  5066135
0.69105887413  5066054
0.713938951492  5063520
0.741808891296  5062621
0.784442901611  5062386
0.830922842026  5061112
0.876838922501  5059749
0.9211769104  5059689
0.968033790588  5057839
1.00768494606  5055841
1.04693484306  5055451
1.08928585052  5051577
1.13784098625  5050872
1.20603084564  5048888
1.28027200699  5048144
1.33746194839  5047800
1.40655183792  5047026
1.50003099442  5044591
1.59136891365  5042142
1.66691088676  5040699
1.74446797371  5035777
1.82573080063  5035319
1.90070199966  5034284
1.99437594414  5032808
2.10648488998  5032477
2.16293287277  5032157
2.22046089172  5031996
2.27820777893  5031575
2.33667087555  5026396
2.39344787598  5026118
2.4518558979  5025426
2.50822687149  5025109
2.56521677971  4991504
2.62246179581  4991436
2.67959189415  4991331
2.75601100922  4985922
2.85168981552  4984287
2.90869379044  4984001
3.00403285027  4983389
3.10008478165  4975666
3.15780591965  4975368
3.25365900993  4972069
3.34956479073  4965410
3.40650081635  4965062
3.50242996216  4951734
3.59906387329  4944528
3.7012629509  4942782
3.76415896416  4942298
3.8675558567  4940654
3.92406201363  4940354
4.01862287521  4938659
4.11399579048  4938524
4.21133685112  4938188
4.3057949543  4933631
4.36286997795  4933442
4.45817494392  4933438
4.55390787125  4926913
4.61108279228  4926613
4.709679842  4923947
4.80706191063  4921865
4.90166091919  4917286
4.9972679615  4916521
5.09270787239  4912676
5.18739891052  4911194
5.24399399757  4911075
5.34332299232  4910837
5.40063595772  4910510
5.49586486816  4907989
5.53392386436  4907924
5.62826800346  4907375
5.64703083038  4904679
5.64716887474  4904010
5.64801597595  4903622
5.65411901474  4903268
5.65433382988  4899580
5.65462779999  4891028
5.65523600578  4889945
5.65545201302  4889187
5.65558791161  4887792
5.65588188171  4865749
5.65633201599  4863849
5.65788793564  4861473
5.65825891495  4858647
5.67064285278  4857459
5.67240190506  4857402
5.67382693291  4855464
5.67481279373  4854693
5.67587685585  4847152
5.69474196434  4842709
5.7131819725  4842685
5.71509981155  4841658
5.71531486511  4840000
5.71647286415  4832743
5.7365489006  4831350
5.76308989525  4830970
5.78842186928  4827523
5.80792999268  4822834
5.82762598991  4820283
5.84672284126  4727619
5.86657094955  4724097
5.88562893867  4721986
5.90927290916  4720839
5.92841696739  4646005
5.94769096375  4640597
5.96676278114  4639080
5.98634290695  4626077
6.00580382347  4626012
6.02771687508  4623769
6.04787397385  4621198
6.06773281097  4601735
6.08685493469  4600584
6.10632491112  4597032
6.12582588196  4592658
6.14951491356  4592121
6.17002296448  4580763
6.18919301033  4490614
6.21580195427  4488928
6.23554682732  4488877
6.25522494316  4488578
6.27481389046  4487847
6.29418301582  4487695
6.31384396553  4485698
6.33323788643  4484539
6.35312795639  4484040
6.39021492004  4484015
6.40063500404  4483351
6.40081691742  4446410
6.41125798225  4442989
6.4117898941  4441368
6.41200494766  4440061
6.41229987144  4434984
6.41386079788  4427422
6.41399788857  4427123
6.41437101364  4424967
6.42557477951  4424538
6.43099689484  4424350
6.43430280685  4424109
6.43491196632  4423071
6.43599295616  4416900
6.43620896339  4414364
6.4365029335  4407145
6.43695282936  4404915
6.43708992004  4403202
6.4373049736  4399804
6.43798995018  4380416
6.43820691109  4376189
6.43984079361  4373533
6.43997788429  4368369
6.44019293785  4356034
6.44048786163  4341844
6.44092178345  4331196
6.44105887413  4329309
6.44166684151  4303221
6.44180488586  4302693
6.44217681885  4297310
6.44239187241  4297178
6.44665694237  4291740
6.46285390854  4288282
6.50871801376  4286695
6.5682258606  4286100
6.62789392471  4284785
6.6899368763  4284568
6.75315999985  4283381
6.81561088562  4280470
6.87779593468  4279304
6.93491697311  4278715
6.99185681343  4277153
7.06829595566  4273454
7.14904594421  4270233
7.23353695869  4270013
7.30923080444  4269874
7.38524198532  4269726
7.46550488472  4269244
7.54161000252  4267767
7.61786794662  4266542
7.65652894974  4266468
7.69458198547  4265882
7.74914979935  4265318
7.78718590736  4263751
7.84180784225  4263480
7.92590689659  4262043
7.99198198318  4261903
8.06161880493  4261055
8.12231397629  4260415
8.18034887314  4254957
8.23751497269  4254608
8.29516983032  4252066
8.35294699669  4251011
8.41385388374  4250858
8.47089886665  4248917
8.56108593941  4248839
8.6376748085  4248378
8.71326184273  4247239
8.79046797752  4246103
8.88529086113  4239599
8.94214296341  4239405
9.03822183609  4239348
9.13220596313  4238832
9.22745585442  4238126
9.28461790085  4237532
9.37917089462  4230329
9.48957085609  4230004
9.59447693825  4228992
9.6513428688  4227951
9.74786901474  4227831
9.84353780746  4226429
9.93921995163  4224806
10.0385558605  4223567
10.1334598064  4165433
10.1905930042  4164754
10.2866399288  4153766
10.3440308571  4151846
10.4388279915  4151725
10.5336380005  4149200
10.6302239895  4146648
10.7328519821  4145813
10.8289718628  4145679
10.9246308804  4145261
11.0196459293  4126447
11.1143817902  4126032
11.20814991  4125038
11.3026709557  4123182
11.3983747959  4118577
11.498677969  4118511
11.5937569141  4117161
11.6888108253  4116614
11.7833387852  4116180
11.8780310154  4113642
11.9727199078  4113340
12.069631815  4112289
12.1650798321  4111862
12.2602398396  4111849
12.3543379307  4111024
12.4503529072  4111000
12.5458660126  4110010
12.6497159004  4109768
12.7472279072  4109154
12.907104969  4106422
13.0584049225  4106357
13.20951581  4105163
13.3782258034  4104675
13.5462729931  4102352
13.7159388065  4102044
13.8857359886  4101177
14.0534348488  4101025
14.2346858978  4100814
14.4036109447  4093081
14.5723769665  4092695
14.7418580055  4081839
14.9189407825  4081707
15.0910139084  4080510
15.2716298103  4080362
15.4503560066  4080117
15.631071806  4079731
15.8004889488  4079659
15.9692997932  4078428
16.1372609138  4078125
16.3051328659  4076773
16.4830598831  4076512
16.6626880169  4074780
16.8679709435  4074365
17.0353479385  4074203
17.2709310055  4073708
17.4940087795  4073560
17.727755785  4072836
17.9511218071  4072272
18.1747620106  4069655
18.4055938721  4068642
18.6365230083  4066442
18.8595049381  4066388
19.0827319622  4066169
19.3084599972  4063646
19.5468688011  4062905
19.7692627907  4062432
20.0009407997  4061372
20.2269039154  4061276
20.4494838715  4061186
20.6728718281  3945633
20.8965058327  3942780
21.1207540035  3939130
21.3535149097  3938440
21.5791149139  3933526
21.6416909695  3932185
21.7126898766  3931096
21.7702748775  3929303
21.8273038864  3929058
21.8977539539  3926122
21.9543249607  3925877
22.0493628979  3925566
22.1829810143  3919281
22.2399427891  3917985
22.3170518875  3917973
22.3930938244  3916481
22.4880259037  3916294
22.5833067894  3915818
22.6772079468  3915431
22.8466777802  3915133
23.0160307884  3914884
23.1847758293  3914029
23.4584519863  3913463
23.6552538872  3913097
23.8611838818  3909537
23.8620269299  3909205
23.8621637821  3909036
23.8733069897  3908950
23.8737568855  3904496
23.8741278648  3890578
23.8742649555  3829816
23.8781909943  3824279
23.87921381  3737600
23.8793509007  3737219
23.8813779354  3734681
23.8819849491  3733733
23.8838458061  3733649
23.8841388226  3733361
23.8850820065  3731091
23.8852188587  3727525
23.8863749504  3727247
23.888712883  3724219
23.8917868137  3720796
23.9020068645  3720697
23.9022219181  3719854
23.9025149345  3711974
23.9133529663  3711810
23.9317820072  3711642
23.9319210052  3709764
23.9397118092  3705555
24.1074140072  3704976
24.3135318756  3704064
24.5901808739  3703603
24.9307508469  3703124
25.2654538155  3702332
25.6203558445  3702132
25.9692509174  3702050
26.3200278282  3701115
26.673858881  3701018
27.0198609829  3700909
27.2242028713  3700568
27.4549388885  3700441
27.6692228317  3700215
27.8733108044  3699876
28.209389925  3697471
28.609913826  3697438
29.0092477798  3696881
29.4451129436  3696779
29.8907339573  3696582
30.3284068108  3696067
30.7283718586  3695907
31.1670999527  3694668
31.2254748344  3694663
31.2819290161  3694339
31.3394048214  3694026
31.7883639336  3693326
32.2449698448  3687754
32.7603578568  3683099
33.275482893  3681113
33.7937297821  3656961
33.8147687912  3656440
33.833717823  3656432
33.9297440052  3654474
34.063477993  3649938
34.3403449059  3649811
34.5690348148  3649295
34.7557618618  3649166
34.9637868404  3648943
35.2069118023  3647330
35.4487450123  3645860
35.936218977  3645692
36.4534227848  3615624
36.8847358227  3615485
37.3208379745  3615410
37.8412389755  3608510
38.3622088432  3565948
38.8817229271  3553463
39.4038598537  3533151
39.83948493  3532091
40.3117718697  3530993
40.7957119942  3530772
41.3164169788  3530540
41.8421559334  3529398
42.436729908  3529162
43.0064218044  3528736
43.5924229622  3528725
44.1581549644  3528721
44.7112410069  3528703
45.3409378529  3527735
45.9559488297  3487400
46.1991369724  3487123
46.4419288635  3486860
46.682626009  3485822
47.1334929466  3484593
47.7528889179  3405736
48.2031788826  3405358
48.7034108639  3405355
49.2030379772  3405019
49.7708089352  3404821
50.3918218613  3401098
50.9599688053  3400648
51.5420827866  3400569
52.1569697857  3387527
52.7784059048  3377630
52.801514864  3377393
52.8202879429  3377381
52.8392488956  3377134
52.8701848984  3376297
52.9088540077  3374052
52.9462449551  3373936
52.9833388329  3373862
53.0216908455  3373395
53.1009309292  3373209
53.162694931  3371255
53.1816678047  3370997
53.2195539474  3370987
53.2569169998  3370855
53.3328487873  3368845
53.4087638855  3366821
53.4849839211  3365112
53.5615918636  3364443
53.6409850121  3363144
53.7169878483  3361442
53.7940659523  3358061
53.8871939182  3357672
53.9640798569  3355768
53.964370966  3355132
53.9645829201  3354797
53.9829838276  3354679
54.0012168884  3349731
54.0220119953  3337951
54.0409519672  3335787
54.0691139698  3334593
54.1065039635  3333710
54.1827859879  3330769
54.2586789131  3330525
54.3355438709  3324918
54.4105639458  3324059
54.4923968315  3321029
54.57051301  3316373
54.6464669704  3304157
54.7223579884  3302635
54.7978579998  3300096
54.8740768433  3299953
54.9525938034  3298537
55.0279848576  3290036
55.1080429554  3289139
55.1881818771  3284662
55.2652368546  3283574
55.3411819935  3283442
55.4171628952  3281243
55.4938960075  3276650
55.5894370079  3274087
55.7397408485  3273563
55.892015934  3273283
56.0432319641  3272031
56.195472002  3270044
56.3463180065  3269238
56.4983689785  3264778
56.6488289833  3264577
56.8209819794  3263928
56.9708387852  3263811
57.1235058308  3263778
57.2744579315  3261760
57.4284889698  3261442
57.5798869133  3260820
57.7875599861  3259986
57.9938027859  3259121
58.199685812  3258590
58.4084298611  3258271
58.6144669056  3257833
58.8576598167  3256675
59.1717038155  3255842
59.3787229061  3255469
59.5846679211  3254169
59.7905058861  3254033
59.9963679314  3247947
60.2012188435  3247447
60.4064078331  3246270
60.7525119781  3245007
61.1171519756  3244402
61.531842947  3243581
61.963613987  3242112
62.4082260132  3240518
62.8416159153  3231682
63.2761509418  3223820
63.7094368935  3223700
63.7859869003  3216255
63.8682799339  3213635
63.9456548691  3206294
64.0238728523  3206274
64.1000268459  3206209
64.1759519577  3205499
64.2512447834  3205344
64.3294999599  3194725
64.4055969715  3192975
64.4895079136  3191431
64.565048933  3190474
64.6415629387  3190117
64.7175028324  3177657
64.7938067913  3175356
64.8693728447  3160819
64.9465448856  3158017
65.0306107998  3157892
65.116081953  3155676
65.1351618767  3155376
65.1541669369  3155368
65.1733808517  3154206
65.2119338512  3153699
65.2311458588  3153599
65.250207901  3153515
65.3912539482  3152381
65.5674159527  3151550
65.7548367977  3149129
65.9547028542  3146349
66.1102979183  3143844
66.8351519108  3141412
67.5586578846  3140337
68.2831158638  3139932
69.0194249153  3139779
69.7450158596  3138418
70.4686338902  3109882
71.2001848221  3109873
71.938354969  3108142
72.6776838303  3107767
73.4267778397  3107169
74.1758618355  3100925
74.9225828648  3100866
75.663713932  3100338
76.4058208466  3095510
77.1531858444  3095337
77.8989338875  3095111
78.6557757854  3094590
79.4292647839  3094555
80.2128829956  3094223
80.9550309181  3094120
81.7334008217  3093687
82.5235478878  3093014
83.3158948421  3092789
84.1285629272  3079575
84.9372727871  3079001
85.7570447922  3078779
86.58411479  3075623
87.3628258705  3075051
88.2160899639  3072692
89.0383889675  3072628
89.8986239433  3071147
90.7717149258  3071097
91.6502449512  3067361
92.5414710045  3064100
93.4157779217  3063931
94.2039749622  3063286
94.7305119038  3063201
95.3016908169  3061473
95.8711109161  3061318
96.4782128334  3061021
97.0351548195  3060878
97.7970459461  3060345
98.6215908527  3059533
99.4460577965  3059257
100.009640932  3058584
100.615172863  3057447
101.217428923  3056601
101.822479963  3056402
102.433287859  3056009
103.001484871  3055916
103.607342005  3055595
104.178120852  3054765
104.78071785  3054479
105.386453867  3052707
105.988761902  3052225
106.556478977  3052155
107.15669179  3051412
107.76493597  3049308
108.64577198  3048312
109.59821701  3048221
110.549234867  3046841
111.485816956  3046563
112.421247005  3046460
113.381337881  3044626
114.229511976  3044599
115.077251911  3044298
115.980950832  3043913
116.888478994  3043527
117.788349867  3042894
118.692071915  3042559
119.60778594  3041070
120.536352873  3040490
121.456354856  3039670
122.027743816  3039177
122.593777895  3038277
123.159315825  3037747
123.938377857  3037671
124.734457016  3037638
125.309882879  3037250
125.911997795  3035920
126.509116888  3035219
127.120811939  3033829
127.763754845  3033672
128.400921822  3033627
129.032727003  3032363
129.682384968  3024182
130.332686901  3022724
130.981940985  3022259
131.640873909  3021702
132.31258893  3021335
132.982358932  3020124
133.657212973  3017263
134.326816797  3013414
134.960630894  3012406
135.60333395  3012361
136.244863987  3010795
136.904937983  3010158
137.557796001  3010132
138.209757805  3008903
138.878144979  3003831
139.565300941  2997496
140.24324584  2997333
140.92156291  2997251
141.600163937  2932116
142.246581793  2931469
142.922603846  2931447
143.600706816  2931342
144.302776814  2930986
145.041214943  2928563
145.766340971  2860442
146.493477821  2846923
146.664796829  2846835
146.817753792  2846154
147.024526834  2845807
147.229545832  2845769
147.433828831  2844163
147.638572931  2843668
147.843919992  2843422
148.050088882  2843347
148.255764961  2842903
148.479269981  2842035
148.642791986  2841897
148.864578962  2839966
149.122853994  2839657
149.363783836  2839470
149.65841198  2819181
149.95132494  2819155
150.210316896  2819135
150.360091925  2818256
150.584425926  2817644
150.913352966  2816970
151.241438866  2775001
151.57075882  2762581
151.722186804  2759179
151.871304989  2758933
152.020979881  2757614
152.169627905  2756384
152.332026958  2755041
152.512261868  2754937
152.729265928  2754749
153.036742926  2754203
153.360065937  2753539
153.838728905  2753241
154.352030993  2752975
154.916240931  2752642
155.596004963  2752638
156.288028002  2752025
156.867054939  2751039
157.73077178  2740864
158.595947981  2739625
159.461743832  2739189
160.329252005  2734729
161.203152895  2733768
162.0715518  2729829
162.939502001  2724006
163.807587862  2718917
164.677544832  2712880
165.5454669  2706078
166.425126791  2705763
167.30009079  2704040
168.167006969  2699862
169.036881924  2698280
169.902066946  2697820
170.7721138  2696356
171.639923811  2691665
172.509782791  2685325
173.375786781  2684907
174.24344182  2684669
175.108817816  2666290
175.987116814  2664720
176.863972902  2652890
177.742906809  2651638
178.620805979  2650486
179.511599779  2649979
180.461850882  2649853
181.408965826  2647709
182.360312939  2644256
183.306337833  2629578
184.251592875  2627678
185.200970888  2627427
186.099509954  2626570
186.992630005  2626136
187.944036007  2623956
188.900843859  2621893
189.854774952  2621418
190.813391924  2612256
191.710425854  2608198
192.631321907  2605194
193.619879007  2604958
194.838805914  2595952
196.020787001  2594249
197.299235821  2503065
198.512287855  2501207
198.518646955  2500380
198.518782854  2498704
198.525223017  2496680
198.959651947  2496200
199.412349939  2495544
199.871640921  2495169
200.336541891  2495059
200.803369999  2494890
201.323721886  2493871
201.870066881  2493859
202.43639493  2493714
203.071443796  2493683
203.684718847  2491428
204.345904827  2491215
205.010713816  2490803
205.642241001  2490030
206.307974815  2483689
207.01897788  2482419
207.651604891  2482389
208.294064999  2480888
209.000755787  2480864
209.731420994  2458083
210.457067013  2408002
211.180902004  2405785
211.839747906  2387304
212.486076832  2379659
213.119896889  2352421
213.143700838  2352284
213.163712978  2352247
213.188427925  2352162
213.209698915  2351856
213.246556997  2349648
213.28490591  2348734
213.416935921  2348345
213.603899002  2347361
213.755380869  2347080
213.944406986  2346755
214.132404804  2346478
214.361971855  2346430
214.647249937  2346400
214.953411818  2346001
215.174453974  2345185
215.74236989  2344647
216.266893864  2344348
216.823335886  2343036
217.457522869  2342760
218.043729782  2342500
218.709008932  2341504
219.36110878  2339905
220.375635862  2339811
221.453421831  2339383
221.664281845  2339219
221.892796993  2338986
222.114341974  2338973
223.2064538  2338257
224.421439886  2337997
225.541944981  2337846
226.652424812  2337484
227.769554853  2337285
228.891064882  2337262
230.01767683  2336124
231.143471003  2335832
232.275935888  2335825
233.40415597  2335587
234.543096781  2335241
235.707834005  2333969
235.937093973  2333957
236.191233873  2333445
237.335429907  2332970
238.521981001  2332938
239.67797184  2332021
240.881107807  2331940
242.139123917  2331745
243.423889875  2331587
244.698469877  2331542
246.170513868  2330540
247.649443865  2272794
249.139820814  2233641
250.614812851  2233640
252.10170579  2166021
253.592628002  2140982
255.061324835  2140038
256.561308861  2140030
258.052684784  2139574
259.55535388  2125482
261.049603939  2124927
262.516573906  2124790
263.982589006  2121644
265.451762915  2121084
266.93758297  2121044
268.404859781  2115835
269.890260935  2112886
271.39189291  2067427
272.877153873  2067341
274.36311698  1988598
275.828474998  1987645
277.32565093  1987589
278.81751585  1979498
280.311683893  1965048
281.813483953  1964976
283.311209917  1949186
284.804802895  1885446
286.277842999  1885318
287.764128923  1880736
289.25068593  1878725
290.716874838  1877907
292.20489192  1830717
293.702769995  1824822
295.203558922  1824593
296.717092991  1769243
298.194201946  1768761
299.705401897  1764910
301.223805904  1750145
