0.0382831096649  7192398
0.038449048996  7168267
0.0387210845947  7158854
0.0388660430908  7154830
0.0397369861603  7140844
0.0399129390717  7105506
0.0405459403992  7098294
0.0408570766449  7092698
0.0410130023956  7086671
0.0411601066589  7057782
0.0416009426117  7052995
0.0418770313263  7038221
0.0420129299164  7006380
0.0421380996704  6985050
0.0423879623413  6980383
0.0426371097565  6980202
0.0430779457092  6973867
0.0434119701385  6941154
0.0435750484467  6884685
0.043781042099  6883416
0.0440781116486  6868736
0.0444791316986  6864105
0.0450670719147  6863929
0.0452251434326  6829035
0.0456600189209  6814297
0.0461061000824  6799657
0.0465321540833  6768858
0.0468151569366  6759931
0.0471000671387  6686693
0.0473799705505  6685074
0.0475080013275  6666023
0.0476341247559  6653720
0.0478830337524  6649294
0.0483350753784  6637257
0.0486280918121  6599713
0.0487740039825  6568306
0.0489180088043  6540778
0.0492060184479  6540623
0.0499169826508  6536873
0.0500741004944  6536822
0.0503261089325  6490897
0.0513191223145  6485523
0.0514459609985  6478218
0.0515739917755  6470925
0.0517001152039  6465564
0.0518269538879  6439496
0.0524480342865  6435910
0.0528521537781  6433015
0.0530059337616  6431621
0.0532989501953  6413642
0.0538721084595  6411449
0.0541579723358  6411235
0.0547270774841  6401788
0.0555300712585  6400570
0.0565159320831  6352499
0.0572559833527  6349310
0.0575051307678  6349266
0.0576310157776  6344013
0.0577571392059  6342577
0.0580070018768  6325810
0.0584990978241  6319862
0.0593581199646  6289387
0.0596270561218  6213214
0.0600211620331  6210751
0.0602841377258  6140439
0.0606229305267  6057149
0.0607740879059  6053176
0.0609381198883  6034644
0.0612089633942  6032802
0.0614819526672  6013869
0.061625957489  6005764
0.0622861385345  5936158
0.0624179840088  5923441
0.062793970108  5921980
0.0629260540009  5915367
0.0634219646454  5895132
0.0639190673828  5892706
0.0653901100159  5888745
0.065642118454  5879179
0.0657689571381  5872044
0.0660181045532  5867299
0.0661430358887  5865637
0.0663940906525  5838176
0.0666460990906  5833688
0.0674021244049  5757868
0.0681409835815  5755859
0.0682680606842  5746326
0.0707731246948  5645004
0.0709090232849  5641450
0.0715260505676  5641127
0.0725510120392  5640506
0.073459148407  5634490
0.0738489627838  5630025
0.075355052948  5629403
0.0759360790253  5600221
0.0771181583405  5585149
0.077271938324  5508466
0.0783090591431  5503852
0.0787529945374  5497110
0.0818660259247  5483950
0.0831000804901  5476515
0.0843360424042  5409152
0.0847089290619  5403637
0.0852251052856  5400618
0.0856051445007  5399573
0.0860590934753  5398224
0.0861871242523  5396053
0.0893881320953  5390069
0.0909759998322  5382721
0.0917811393738  5335959
0.0938739776611  5334895
0.0942051410675  5328471
0.0944859981537  5303096
0.095694065094  5301886
0.0990190505981  5272556
0.1013879776  5265014
0.102318048477  5254764
0.102447032928  5207349
0.102574110031  5195739
0.102825164795  5182582
0.102952003479  5175064
0.103446960449  5152471
0.103574037552  5135060
0.103702068329  5126721
0.103953123093  5126693
0.104947090149  5108292
0.10519695282  5103918
0.105570077896  5095780
0.105942964554  5095556
0.106591939926  5087297
0.106971979141  5078141
0.108231067657  5057024
0.108360052109  5012668
0.109169006348  5009801
0.109702110291  5009210
0.11047410965  4998564
0.111307144165  4981633
0.112020015717  4976686
0.112838983536  4951458
0.113724946976  4947345
0.113871097565  4911045
0.114401102066  4908833
0.114781141281  4897502
0.115409135818  4896478
0.115663051605  4885750
0.116539955139  4882382
0.116667985916  4846225
0.117841005325  4700636
0.118066072464  4700203
0.11914896965  4682049
0.12251996994  4681516
0.122779130936  4677509
0.122908115387  4677301
0.123785972595  4674720
0.127692937851  4673217
0.128518104553  4657998
0.128901958466  4654997
0.129030942917  4653969
0.129158973694  4600709
0.129415035248  4592387
0.129544019699  4591614
0.130177974701  4591529
0.130815029144  4589464
0.131323099136  4585704
0.132082939148  4584203
0.13422203064  4570187
0.135355949402  4567406
0.13551902771  4566322
0.138633012772  4489196
0.139889955521  4482895
0.140906095505  4464476
0.14106798172  4455945
0.141701936722  4415291
0.142549991608  4411077
0.143595933914  4410624
0.14405298233  4410528
0.144557952881  4407783
0.146049976349  4401955
0.146980047226  4394312
0.147789001465  4393498
0.148066997528  4384806
0.149104118347  4358433
0.150489091873  4355391
0.150618076324  4335884
0.150747060776  4324761
0.151376962662  4323089
0.151884078979  4320300
0.152265071869  4319537
0.155282974243  4317752
0.157421112061  4313810
0.159321069717  4312584
0.15958404541  4312107
0.16086602211  4310799
0.161692142487  4307735
0.161842107773  4306372
0.161988019943  4303508
0.16642999649  4280326
0.167062044144  4280294
0.167943000793  4264090
0.168699979782  4245715
0.168828010559  4244254
0.171079158783  4243310
0.171206951141  4235036
0.171460151672  4232087
0.173458099365  4224671
0.174580097198  4223340
0.176205158234  4213154
0.178202152252  4212342
0.18202495575  4210044
0.183727025986  4205341
0.184577941895  4191610
0.185569047928  4153891
0.185702085495  4144336
0.189085960388  4142361
0.189342021942  4135518
0.191344976425  4135514
0.192353010178  4134253
0.192482948303  4133269
0.192867040634  4132622
0.193993091583  4131050
0.194494009018  4123582
0.196860074997  4114431
0.200098991394  4113912
0.200227022171  4102295
0.203706026077  4083758
0.204219102859  4081109
0.204349040985  4080367
0.212976932526  4072522
0.213232040405  4070543
0.213485002518  4066889
0.214238166809  4054696
0.215739965439  4049563
0.218461036682  4028937
0.21902012825  4023689
0.219157934189  4021486
0.21943116188  4020886
0.222265958786  4019794
0.225242137909  4016416
0.22537612915  4013973
0.225881099701  4012224
0.226133108139  4012150
0.22626209259  4010130
0.227141141891  4010054
0.229037046432  4009930
0.232048034668  4008612
0.232924938202  4005664
0.233178138733  4005565
0.234938144684  4000130
0.235564947128  3993456
0.236314058304  3934390
0.237575054169  3932376
0.238574981689  3927998
0.239448070526  3911147
0.239577054977  3907645
0.23970413208  3898256
0.241352081299  3898249
0.241484165192  3894356
0.242251157761  3893112
0.243777990341  3885317
0.24441409111  3881859
0.246339082718  3881370
0.246719121933  3881310
0.247354030609  3879626
0.247483968735  3873426
0.24786901474  3871411
0.249614953995  3848678
0.249747991562  3804030
0.250138998032  3803402
0.250904083252  3798924
0.253426074982  3798307
0.253684997559  3797860
0.25458407402  3796947
0.255656003952  3790804
0.255928039551  3790449
0.256063938141  3783794
0.256730079651  3783365
0.258301019669  3774630
0.260453939438  3768854
0.261465072632  3766144
0.271306037903  3757995
0.273226976395  3754436
0.274405956268  3754119
0.27978014946  3739990
0.280060052872  3738874
0.281008958817  3737983
0.281690120697  3737160
0.282860040665  3735447
0.284264087677  3735313
0.285351037979  3734777
0.287599086761  3730903
0.287981987  3728700
0.288877010345  3726891
0.29342007637  3673941
0.297158956528  3651298
0.302849054337  3650588
0.303396940231  3636352
0.303535938263  3565990
0.304302930832  3556074
0.305562973022  3552606
0.306089162827  3551622
0.308938026428  3550837
0.309574127197  3550729
0.309829950333  3549224
0.310086011887  3538514
0.310215950012  3537775
0.314326047897  3536321
0.314980983734  3526422
0.322970151901  3521459
0.328736066818  3513466
0.331088066101  3511706
0.333024978638  3510583
0.333940029144  3507636
0.342623949051  3505276
0.342885017395  3469382
0.343899011612  3465202
0.345798969269  3463405
0.346056938171  3461748
0.346189022064  3460853
0.347437143326  3458272
0.347584962845  3388323
0.348147153854  3359948
0.351555109024  3355645
0.353564977646  3350480
0.353693962097  3331808
0.354073047638  3329171
0.355530977249  3325064
0.356070041656  3322177
0.3568379879  3317731
0.357099056244  3313015
0.357356071472  3312951
0.366214036942  3312334
0.367313146591  3310911
0.370954990387  3306081
0.371360063553  3305216
0.372848987579  3301767
0.374876022339  3301485
0.377890110016  3300372
0.381910085678  3299520
0.386142969131  3295095
0.394618988037  3288702
0.408482074738  3275520
0.409769058228  3249314
0.410154104233  3248404
0.41840004921  3248387
0.420170068741  3248035
0.421571016312  3245920
0.421772956848  3245894
0.422179937363  3245892
0.424582958221  3241574
0.425873994827  3240858
0.432528972626  3239217
0.433418989182  3239011
0.433675050735  3237155
0.441103935242  3236006
0.44415807724  3235868
0.446951150894  3229828
0.450109958649  3219150
0.453940153122  3218911
0.455760002136  3213668
0.462527990341  3154592
0.468888998032  3147404
0.469532966614  3145697
0.473080158234  3119795
0.473210096359  3117675
0.473984956741  3113393
0.47682094574  3113258
0.486326932907  3112265
0.48899102211  3106179
0.490129947662  3105783
0.492439985275  3103407
0.49387216568  3101734
0.494771957397  3098703
0.501142978668  3096157
0.508383989334  3095643
0.510535001755  3094898
0.512383937836  3091216
0.512522935867  3073599
0.513195037842  3059421
0.514132976532  3057817
0.516812086105  3056762
0.517074108124  3055339
0.52454996109  3054035
0.527498006821  3049702
0.534191131592  3048997
0.538160085678  3048393
0.542400121689  3047427
0.545156002045  3046596
0.545813083649  3046489
0.546335935593  3046235
0.548329114914  3042292
0.549267053604  3040672
0.552865982056  3028115
0.555377960205  3026664
0.562068939209  3026258
0.562853097916  3025655
0.56400513649  3011685
0.564517021179  3010450
0.565154075623  3009425
0.568428039551  3000908
0.568565130234  2996802
0.570245027542  2986528
0.571274995804  2985690
0.590572118759  2984282
0.597264051437  2970682
0.606163978577  2963450
0.610856056213  2963047
0.623427152634  2960237
0.626214981079  2956110
0.626516103745  2954884
0.629070043564  2954159
0.632926940918  2952908
0.643625974655  2952560
0.645487070084  2951395
0.651566982269  2950972
0.663980960846  2950161
0.664117097855  2949765
0.668929100037  2941970
0.673655033112  2941850
0.686329126358  2940877
0.69838309288  2940397
0.702299118042  2937660
0.704519033432  2935238
0.706238985062  2927808
0.708866119385  2923396
0.709514141083  2919943
0.713073015213  2910330
0.713458061218  2909143
0.716519117355  2908939
0.720443964005  2908905
0.720715045929  2904259
0.721632957458  2902825
0.72202706337  2886933
0.72728395462  2883499
0.732257127762  2877471
0.737041950226  2874691
0.747128009796  2874320
0.750967979431  2874302
0.752102136612  2873851
0.757944107056  2872199
0.766698122025  2871806
0.767249107361  2866617
0.76811003685  2862753
0.783511161804  2862362
0.789644956589  2862175
0.801048994064  2862022
0.804312944412  2861007
0.805555105209  2852550
0.82043504715  2852021
0.821738958359  2850300
0.822510004044  2849615
0.82720208168  2845952
0.832231044769  2844145
0.838605165482  2843335
0.845849990845  2842651
0.857175111771  2841883
0.8597240448  2838308
0.86012506485  2837372
0.865816116333  2827996
0.872503042221  2826518
0.874495029449  2826096
0.874904155731  2825905
0.884129047394  2819462
0.888425111771  2803389
0.894735097885  2802768
0.907918930054  2759593
0.915667057037  2752223
0.917916059494  2750519
0.92172908783  2746081
0.925370931625  2744112
0.927459955215  2707507
0.928121089935  2704851
0.928267002106  2703272
0.929986000061  2703213
0.93100810051  2642360
0.934704065323  2640657
0.942219018936  2635538
0.943871974945  2630181
0.950601100922  2621770
0.955008029938  2615228
0.95777797699  2610696
0.967647075653  2607790
0.970207929611  2606992
0.98011803627  2601943
0.983595132828  2599746
0.98738193512  2599509
0.990838050842  2599248
0.991295099258  2592684
0.994259119034  2588210
1.00700116158  2588133
1.0121691227  2583797
1.01636695862  2581039
1.02042412758  2579694
1.02852106094  2577255
1.03240513802  2575818
1.03380298615  2565600
1.03404116631  2565225
1.03461503983  2565053
1.04078006744  2560886
1.04135894775  2560766
1.04230904579  2560124
1.04966711998  2560115
1.05264401436  2559962
1.05515599251  2557754
1.07366609573  2555666
1.07436800003  2555349
1.07596302032  2555226
1.07764315605  2553084
1.07905507088  2545197
1.08731508255  2544841
1.0928940773  2544438
1.09669995308  2544179
1.09779715538  2542724
1.11566495895  2542020
1.11748313904  2539859
1.13206195831  2539837
1.15840601921  2538648
1.16030216217  2536996
1.16145706177  2536307
1.17569112778  2535199
1.18749713898  2534591
1.20246911049  2532540
1.20627999306  2531763
1.21219205856  2529679
1.21484899521  2516380
1.21903300285  2515626
1.21930813789  2507589
1.24027895927  2506515
1.24225997925  2505417
1.24889993668  2505363
1.25571107864  2503048
1.2639939785  2502054
1.26442098618  2501666
1.26869297028  2501309
1.27799797058  2495217
1.28019094467  2491523
1.28228998184  2491059
1.28259301186  2477081
1.29009413719  2476691
1.2959561348  2475166
1.3029999733  2474846
1.30502200127  2474613
1.3097410202  2456197
1.32543611526  2454801
1.32638406754  2454351
1.33493709564  2452403
1.33639812469  2451829
1.34993004799  2451806
1.35982203484  2451508
1.37688302994  2449902
1.38217401505  2449794
1.38309812546  2447911
1.43465304375  2447685
1.44114804268  2446103
1.45100998878  2445958
1.45592904091  2443374
1.46395397186  2443120
1.4699780941  2439968
1.47467112541  2432913
1.47749114037  2423931
1.48495912552  2422408
1.48713302612  2421707
1.48942708969  2415364
1.49509215355  2415348
1.50404310226  2414786
1.51594996452  2414350
1.51826000214  2413291
1.52053713799  2413064
1.52546906471  2411888
1.52932906151  2411362
1.53549695015  2410562
1.54815411568  2409123
1.55083799362  2408569
1.55845308304  2405688
1.5593521595  2403677
1.56328606606  2400958
1.5647251606  2400669
1.56550812721  2398279
1.57314610481  2396291
1.58235502243  2393070
1.58299398422  2391009
1.5846350193  2388643
1.59196305275  2385772
1.60988116264  2385663
1.61246299744  2369903
1.62253904343  2368990
1.62490916252  2368974
1.63302493095  2368651
1.65054416656  2368376
1.65300893784  2365169
1.65985202789  2365062
1.66438102722  2356062
1.68829512596  2352397
1.70160508156  2351321
1.71668314934  2350979
1.7215180397  2350724
1.75251507759  2349164
1.7679669857  2348814
1.77016711235  2317449
1.77980208397  2315996
1.79763007164  2308795
1.81249094009  2308632
1.81613016129  2307664
1.81919312477  2307199
1.82445812225  2306672
1.83397102356  2298595
1.83809995651  2298571
1.85149407387  2297461
1.87491703033  2295342
1.88306593895  2294446
1.9131000042  2293561
1.91974401474  2291207
1.93152403831  2277584
1.95835208893  2276226
2.01070308685  2274411
2.03460097313  2274222
2.06948709488  2272591
2.09417414665  2270543
2.10323309898  2259172
2.10537195206  2255059
2.11915016174  2254795
2.18356394768  2254708
2.19548416138  2253668
2.19964694977  2251333
2.2239279747  2251122
2.23614907265  2249856
2.2486679554  2248784
2.25278115273  2246459
2.2557311058  2244886
2.2588789463  2243493
2.26518011093  2243159
2.26708698273  2240489
2.26999211311  2240236
2.29429316521  2238146
2.29714298248  2236831
2.30657315254  2230737
2.31259012222  2230488
2.31531906128  2229261
2.33419299126  2228301
2.34265494347  2226594
2.37105202675  2226424
2.41670012474  2225740
2.42040610313  2225283
2.42406797409  2224897
2.43050098419  2223529
2.43363809586  2223503
2.44933104515  2217101
2.46652603149  2216746
2.47792696953  2216383
2.5235710144  2216228
2.54435801506  2215170
2.55360293388  2215030
2.57322001457  2214515
2.58724093437  2214122
2.59273505211  2213449
2.61462211609  2212842
2.64667606354  2212553
2.65554499626  2212461
2.65784716606  2212340
2.66207098961  2211660
2.68857312202  2210969
2.71603798866  2210200
2.74251914024  2208642
2.75016212463  2195729
2.76439595222  2194745
2.7806930542  2194289
2.78696203232  2194161
2.79310798645  2193120
2.79642295837  2193117
2.79895114899  2192835
2.80052995682  2192438
2.80235600471  2191739
2.80773901939  2190357
2.83015799522  2182703
2.83181715012  2181922
2.86151313782  2180276
2.87266802788  2178183
2.87723398209  2177017
2.88391494751  2173828
2.9095261097  2172156
2.920814991  2171174
2.93195915222  2171024
2.93762397766  2165105
2.98031401634  2164426
3.00259113312  2164286
3.01718711853  2164194
3.01877593994  2163320
3.04121994972  2162366
3.06721806526  2161659
3.10856795311  2160938
3.13170003891  2160266
3.13534092903  2159964
3.16920304298  2155450
3.17987513542  2155151
3.19348216057  2154423
3.19365310669  2152086
4.5971159935  2150442
4.59751415253  2149468
4.60152101517  2145569
4.60290503502  2143305
4.60367894173  2137737
4.6044549942  2136945
4.61679816246  2132660
4.6204969883  2123341
4.63021802902  2123051
4.63393712044  2119352
4.63740801811  2119311
4.64386701584  2118549
4.64827013016  2113237
4.66195702553  2112839
4.66234397888  2109300
4.6698141098  2109090
4.67009210587  2108867
4.67023205757  2108817
4.679500103  2107831
4.69282913208  2107206
4.69975495338  2105984
4.70587015152  2090875
4.71666002274  2090297
4.72212004662  2089553
4.72795605659  2087471
4.74321699142  2085350
4.74541211128  2073252
4.7458729744  2071159
4.74960803986  2070117
4.76052308083  2068602
4.77013993263  2048699
4.77150702477  2046655
4.78747010231  2044635
4.7992041111  2042817
4.80869412422  2042334
4.80985498428  2042125
4.82046508789  2037111
4.82405996323  2035154
4.82603001595  2034435
4.8319580555  2032527
4.83363604546  2025276
4.84166193008  2023334
4.85204601288  2017281
4.85339403152  2017132
4.85926294327  2016425
4.86427116394  2015652
4.87840104103  2012168
4.89742803574  2011011
4.91029596329  2007130
4.91321897507  2001132
4.93078899384  1993907
4.94627308846  1993689
4.94748497009  1989493
4.95861196518  1987828
4.96158504486  1984189
4.96820116043  1983709
5.00646615028  1983308
5.01939606667  1982650
5.02044296265  1982244
5.02659702301  1981945
5.02673411369  1979263
5.02724814415  1978213
5.0319340229  1977954
5.05217313766  1977150
5.05410313606  1972415
5.05533194542  1971843
5.06924200058  1969891
5.06990695  1969540
5.08024501801  1966676
5.10609698296  1962870
5.13374304771  1962248
5.13402104378  1960227
5.1472260952  1959692
5.14888095856  1959074
5.15151810646  1957308
5.16902494431  1956960
5.17980408669  1956268
5.18526005745  1956170
5.19872093201  1956137
5.20916509628  1955744
5.21597194672  1952117
5.21849513054  1950758
5.2289891243  1948035
5.23272395134  1947153
5.24457001686  1946914
5.24765706062  1946739
5.25109195709  1945181
5.25447702408  1944539
5.28062796593  1923216
5.28307104111  1922823
5.2944791317  1922669
5.32390713692  1921589
5.33352398872  1921426
5.33682703972  1921204
5.35838603973  1912271
5.35857605934  1910448
5.36728906631  1910417
5.3692381382  1910358
5.38410997391  1909309
5.387114048  1909279
5.40635800362  1899814
5.41928005219  1899428
5.43683314323  1899063
5.45924901962  1898043
5.46817612648  1897853
5.47442412376  1894444
5.47569513321  1894439
5.48225307465  1894297
5.48583698273  1891833
5.49057912827  1891245
5.51125216484  1891219
5.51609516144  1881432
5.53609013557  1881172
5.55013012886  1880558
5.55711197853  1876396
5.57110500336  1876270
5.57356595993  1876005
5.58478403091  1875774
5.58512806892  1875410
5.59646511078  1875316
5.61050009727  1874114
5.65530896187  1872764
5.68210816383  1872433
5.69606113434  1870566
5.69881105423  1870402
5.70451211929  1870106
5.70593309402  1868425
5.71427512169  1865602
5.78121614456  1864953
5.79173612595  1861157
5.81084799767  1860188
5.82865095139  1859976
5.84532094002  1859337
5.86228203773  1857739
5.88739013672  1854500
5.89447712898  1854194
5.89930415154  1853315
5.91402101517  1852956
5.93375897408  1852821
5.93837714195  1852534
5.9534201622  1851366
5.95712399483  1850701
5.96259903908  1848974
5.96692204475  1848962
5.9695789814  1846375
5.98155593872  1845772
5.98603105545  1841212
6.03213596344  1840781
6.0406999588  1840504
6.05353093147  1839274
6.05727696419  1838909
6.09547901154  1838162
6.1252579689  1837527
6.13113212585  1836292
6.16944909096  1835859
6.19938206673  1825670
6.21875810623  1825561
6.2314260006  1825289
6.23933196068  1824339
6.24260616302  1824001
6.2432410717  1822673
6.26807713509  1822573
6.27821493149  1822449
6.28204202652  1821629
6.30487108231  1818122
6.32830500603  1817928
6.32909202576  1816829
6.33102297783  1816763
6.33204507828  1816513
6.33293795586  1815870
6.3680460453  1815438
6.38165998459  1815342
6.44289398193  1813375
6.44536399841  1811654
6.45435714722  1809764
6.5191590786  1808103
38.0872671604  1807893
38.159001112  1805075
38.2147130966  1804681
38.238710165  1803527
38.2549979687  1799053
38.2830431461  1798921
89.0864500999  1781382
89.0926160812  1779918
89.094217062  1766754
89.1052849293  1765445
89.1307761669  1760557
89.132447958  1756469
89.1693060398  1755215
89.1751470566  1753946
89.1797981262  1751539
89.1921069622  1749514
89.2193889618  1748870
89.2233140469  1748366
89.2336330414  1748271
89.2393000126  1747423
89.2463030815  1745991
89.2716851234  1745676
89.2795369625  1745075
89.2870910168  1744979
89.3219881058  1740535
89.3451969624  1739338
89.3500630856  1738076
89.378316164  1737407
89.3991069794  1726582
89.4050581455  1720329
89.4227690697  1720150
89.4679200649  1718410
89.4693500996  1718313
89.4868290424  1717582
89.5011570454  1715888
89.5162601471  1715044
89.5733580589  1715015
89.5871291161  1714464
89.605962038  1714336
89.6088709831  1713193
89.6207680702  1711861
89.6370749474  1709984
89.6799221039  1709484
