0.0374319553375  6903794
0.0384709835052  6890415
0.0395691394806  6869798
0.0399610996246  6847506
0.0404651165009  6847487
0.0405941009521  6764643
0.0407221317291  6634790
0.0408501625061  6627478
0.0409779548645  6607998
0.0412321090698  6601315
0.0413601398468  6595727
0.0414881706238  6580386
0.0416159629822  6537634
0.0417439937592  6526691
0.0419960021973  6521748
0.0421261787415  6511933
0.0425050258636  6494917
0.0427579879761  6491722
0.0430159568787  6491423
0.0433931350708  6487836
0.0435199737549  6485496
0.0436480045319  6477192
0.0440261363983  6472682
0.0442781448364  6469732
0.0444049835205  6451998
0.0445339679718  6403959
0.0447859764099  6384776
0.0460321903229  6339683
0.0461611747742  6331062
0.0466661453247  6325071
0.0471680164337  6320984
0.0482931137085  6308178
0.0485451221466  6308143
0.0491800308228  6307822
0.0493700504303  6294650
0.0502581596375  6293719
0.0504081249237  6290987
0.0511331558228  6280396
0.0515670776367  6263571
0.0518879890442  6248933
0.0521099567413  6240106
0.0530700683594  6235328
0.0539531707764  6224737
0.054211139679  6220450
0.0547180175781  6207777
0.0552270412445  6180453
0.0561151504517  6152497
0.0563721656799  6146965
0.0565021038055  6138009
0.0571329593658  6137839
0.0587210655212  6067302
0.0590581893921  6056960
0.0597031116486  6017870
0.0598380565643  6017320
0.0602769851685  6016462
0.0606591701508  5989879
0.0610361099243  5973634
0.0615329742432  5951372
0.0617830753326  5950938
0.0630249977112  5950357
0.0651359558105  5894071
0.0652639865875  5893921
0.0655159950256  5885127
0.0656440258026  5858089
0.0665121078491  5855417
0.0667631626129  5806638
0.067754983902  5805054
0.0678820610046  5802168
0.0681331157684  5753426
0.0692510604858  5751520
0.0697491168976  5744479
0.0698759555817  5742655
0.0717771053314  5726004
0.0723049640656  5711597
0.07257604599  5703105
0.0739011764526  5674458
0.0742971897125  5668491
0.0744380950928  5667384
0.0757691860199  5641055
0.0759191513062  5640724
0.0771970748901  5634379
0.0783450603485  5633990
0.0785970687866  5631375
0.0797140598297  5631166
0.0810790061951  5625786
0.0834319591522  5625046
0.0835599899292  5624742
0.0838119983673  5621882
0.08393907547  5582777
0.0849440097809  5572311
0.0868291854858  5568890
0.0889911651611  5563841
0.0904920101166  5556834
0.0914940834045  5541709
0.0916299819946  5528969
0.0918850898743  5527911
0.0920131206512  5526462
0.0921421051025  5509515
0.0934009552002  5504709
0.0943059921265  5501564
0.0949311256409  5501153
0.0954329967499  5498110
0.09605717659  5484558
0.0969300270081  5481432
0.0975539684296  5474502
0.0982999801636  5441090
0.0988051891327  5424548
0.100296020508  5424517
0.10042309761  5418052
0.101047039032  5416020
0.101298093796  5390450
0.101425170898  5388993
0.101801156998  5318667
0.102177143097  5315198
0.102429151535  5254099
0.103054046631  5248780
0.104205131531  5237626
0.104714155197  5237011
0.105602025986  5232776
0.105857133865  5225290
0.106239080429  5224882
0.106494188309  5217954
0.107630968094  5214481
0.107886075974  5145974
0.108392000198  5139973
0.110136032104  5137256
0.111087083817  5135568
0.111225128174  5122472
0.111628055573  5109583
0.111765146255  5108209
0.112506151199  5105182
0.112717151642  5104799
0.11314201355  5102459
0.113415956497  5097754
0.113716125488  5095218
0.114012002945  5049401
0.11430811882  5047446
0.114459037781  5044683
0.114609003067  5022997
0.11532998085  5021209
0.116094112396  5014446
0.116981983185  5014356
0.118244171143  5006826
0.118501186371  4936538
0.118630170822  4935973
0.122037172318  4928768
0.122298002243  4922272
0.122810125351  4910969
0.122940063477  4888430
0.123196125031  4885449
0.124582052231  4885085
0.125965118408  4883119
0.127102136612  4879108
0.128241062164  4869467
0.129418134689  4865906
0.131317138672  4848604
0.132582187653  4848193
0.133466005325  4841292
0.134099006653  4833431
0.134731054306  4819723
0.13674902916  4812833
0.1372590065  4811774
0.137389183044  4811614
0.13751912117  4759467
0.139659166336  4755815
0.141049146652  4752679
0.141179084778  4729555
0.143856048584  4723611
0.144270181656  4717560
0.14465212822  4676870
0.145159959793  4668973
0.145542144775  4666681
0.145672082901  4562825
0.146453142166  4503519
0.147256135941  4477772
0.14808011055  4467561
0.148629188538  4412378
0.148766040802  4392871
0.152498960495  4383915
0.154510974884  4374555
0.154735088348  4363670
0.155745983124  4359364
0.157153129578  4358205
0.158549070358  4354040
0.158809185028  4351063
0.159065961838  4340956
0.160207033157  4329969
0.160590171814  4329276
0.161731958389  4309981
0.163756132126  4307899
0.164666175842  4306865
0.165204048157  4306768
0.168612957001  4296735
0.170130968094  4295802
0.171899080276  4255602
0.172533988953  4242776
0.17377614975  4234185
0.174059152603  4220990
0.175060987473  4220307
0.17658495903  4217389
0.176970005035  4208288
0.177230119705  4207077
0.178622961044  4204013
0.179006099701  4199103
0.179514169693  4153385
0.179643154144  4153230
0.180655002594  4152235
0.18306016922  4118985
0.183823108673  4077531
0.184209108353  4072978
0.184466123581  4072576
0.187960147858  4070712
0.188634157181  4066672
0.192272186279  4063243
0.193042039871  4055265
0.199033975601  4053440
0.201438188553  4051503
0.20245718956  3994334
0.202715158463  3973719
0.203099012375  3968613
0.203916072845  3912082
0.205834150314  3902171
0.209287166595  3897169
0.211338996887  3897028
0.212738990784  3893329
0.213379144669  3891741
0.214775085449  3818884
0.215288162231  3800409
0.216181993484  3798715
0.21834897995  3798565
0.218780040741  3792557
0.2194211483  3784341
0.2195520401  3782658
0.219808101654  3782081
0.225003004074  3777329
0.225275993347  3774513
0.225694179535  3773095
0.229515075684  3755910
0.230050086975  3751846
0.230182170868  3726039
0.232217073441  3715495
0.234775066376  3715378
0.23650097847  3694769
0.239070177078  3694644
0.239344120026  3691665
0.239979982376  3691479
0.241625070572  3689444
0.24226307869  3689325
0.245303153992  3642196
0.245813131332  3627385
0.246703147888  3615616
0.246958971024  3604579
0.248121023178  3604294
0.254256010056  3601396
0.254901170731  3600361
0.256425142288  3600110
0.257447957993  3583242
0.25821518898  3583150
0.258980035782  3569563
0.260249137878  3559121
0.265948057175  3558422
0.266546964645  3557095
0.26887512207  3556218
0.272063970566  3552923
0.272838115692  3549835
0.274747133255  3537331
0.275902032852  3535092
0.278195142746  3530101
0.280531167984  3520996
0.280786991119  3517206
0.282183170319  3511863
0.283957958221  3506423
0.284216165543  3505255
0.286000013351  3501176
0.286635160446  3497741
0.287273168564  3495288
0.287404060364  3491914
0.288557052612  3476061
0.289847135544  3473754
0.291510105133  3463076
0.292783021927  3456883
0.294949054718  3453660
0.296599149704  3453122
0.297996044159  3451822
0.299334049225  3451114
0.301239013672  3443306
0.303635120392  3442289
0.304072141647  3440720
0.307514190674  3423410
0.307773113251  3421587
0.30828499794  3420446
0.308542013168  3419991
0.311161994934  3409980
0.313193082809  3405076
0.314334154129  3404812
0.316123962402  3399237
0.318194150925  3394527
0.318709135056  3391762
0.319221019745  3369998
0.321055173874  3367464
0.321871995926  3357243
0.328189134598  3355237
0.328763008118  3355000
0.329955101013  3352938
0.330985069275  3340278
0.333405971527  3340040
0.333662986755  3320360
0.334426164627  3316634
0.33481502533  3314005
0.336656093597  3291810
0.337475061417  3288199
0.340264081955  3274474
0.342162132263  3271448
0.343625068665  3270232
0.344012022018  3268794
0.344527959824  3248726
0.345556974411  3246448
0.349790096283  3245097
0.350690126419  3237353
0.351202964783  3232956
0.357403039932  3219206
0.359063148499  3215830
0.360466003418  3215133
0.360625982285  3207386
0.371464967728  3204935
0.371726989746  3204073
0.372620105743  3203313
0.373929023743  3198118
0.374338150024  3130235
0.377659082413  3129815
0.38067317009  3128996
0.382833003998  3128842
0.384608983994  3122664
0.392585039139  3104613
0.396384954453  3097786
0.396520137787  3095803
0.396778106689  3093670
0.398180007935  3082976
0.39971113205  3076974
0.404143095016  3072877
0.405678987503  3064613
0.407211065292  3059128
0.407341957092  3050049
0.409759998322  3049930
0.410398006439  3047810
0.410909175873  3029521
0.412404060364  3022755
0.415539979935  3022271
0.416916131973  3021115
0.419850111008  2963077
0.432192087173  2962553
0.439403057098  2961938
0.441851139069  2961516
0.444146156311  2950719
0.444278001785  2945758
0.446561098099  2942878
0.447074174881  2933968
0.447587966919  2932680
0.448750972748  2928669
0.448889970779  2926131
0.451317071915  2923533
0.452747106552  2920143
0.453639030457  2919898
0.454142093658  2914061
0.459500074387  2890523
0.459892034531  2890230
0.462345123291  2889747
0.463754177094  2885525
0.466814041138  2884969
0.46821308136  2878877
0.474986076355  2877473
0.475510120392  2873825
0.478334188461  2873150
0.481276988983  2860531
0.481409072876  2859949
0.490694046021  2850711
0.49606013298  2849367
0.496976137161  2843772
0.497756004333  2842228
0.498017072678  2839911
0.503206968307  2833040
0.516196012497  2832541
0.522076129913  2831398
0.524659156799  2828984
0.52895116806  2828722
0.535936117172  2825571
0.540068149567  2791643
0.542586088181  2790167
0.5430560112  2789804
0.552062034607  2784417
0.554422140121  2780219
0.555852174759  2777054
0.557914972305  2775989
0.559065103531  2728216
0.561997175217  2727314
0.563780069351  2724520
0.564794063568  2723836
0.571323156357  2722792
0.57160615921  2721841
0.5775141716  2718236
0.57842707634  2716562
0.581655979156  2709227
0.584092140198  2667298
0.584733009338  2666387
0.588638067245  2662469
0.591454982758  2659022
0.600360155106  2658579
0.601400136948  2653172
0.602566003799  2648828
0.607392072678  2648500
0.608272075653  2643776
0.610453128815  2643113
0.610839128494  2635542
0.611096143723  2614939
0.611361980438  2613147
0.616242170334  2612860
0.62459897995  2534839
0.62689614296  2532624
0.632055997849  2531647
0.634392976761  2531186
0.644757986069  2530324
0.645195960999  2530319
0.651105165482  2530059
0.652507066727  2526625
0.659424066544  2526357
0.659686088562  2524537
0.665657997131  2521372
0.716611146927  2515578
0.716886997223  2514144
0.71866106987  2509390
0.724356174469  2497514
0.729829072952  2491879
0.731659173965  2490793
0.732822179794  2465200
0.746387958527  2463159
0.748059988022  2462035
0.750128984451  2459586
0.750281095505  2454308
0.759334087372  2453761
0.776757955551  2443776
0.781447172165  2440810
0.791762113571  2430923
0.792400121689  2429260
0.792530059814  2428991
0.795668125153  2427826
0.81613111496  2422841
0.818443059921  2420616
0.824074029922  2419617
0.830399036407  2408137
0.835329055786  2408114
0.843641996384  2405991
0.845566034317  2400974
0.847239017487  2389618
0.849053144455  2385244
0.852218151093  2381719
0.874325037003  2367920
0.880886077881  2367837
0.892330169678  2366779
0.899724960327  2366084
0.905277013779  2363116
0.906033039093  2357606
0.907685995102  2357003
0.915390014648  2355243
0.922873020172  2322712
0.923763036728  2320734
0.931166172028  2319007
0.936856031418  2316977
0.939380168915  2316734
0.943287134171  2315271
0.949038028717  2314186
0.953055143356  2307632
0.953340053558  2307235
0.955032110214  2306544
0.960466146469  2305480
0.968007087708  2304047
0.976351976395  2302958
0.978895187378  2301295
0.98223400116  2296101
0.985784053802  2295967
0.987030029297  2293130
0.991467952728  2292927
0.99391913414  2286849
1.00072097778  2270619
1.01390910149  2270566
1.01443099976  2266592
1.01660108566  2261560
1.0272090435  2259381
1.03420710564  2256830
1.03433799744  2252197
1.03629612923  2251939
1.03829598427  2241086
1.04537510872  2240837
1.04640102386  2237369
1.04742002487  2236807
1.04806613922  2234862
1.05161499977  2232596
1.05541396141  2227955
1.05735301971  2227876
1.05992507935  2226697
1.06420397758  2226224
1.07133412361  2223238
1.07574605942  2222344
1.07627701759  2222033
1.07641410828  2220685
1.07732796669  2217107
1.0822520256  2216821
1.08816719055  2216629
1.09050512314  2216021
1.09218096733  2214520
1.09447908401  2207184
1.09955000877  2205180
1.10376405716  2185128
1.10960412025  2184697
1.11501312256  2182589
1.11527299881  2181131
1.11965608597  2177136
1.12893509865  2174131
1.13097214699  2167126
1.13470101357  2152502
1.1387450695  2151982
1.14114308357  2148523
1.14563703537  2146872
1.15241312981  2146605
1.16487216949  2144479
1.16983819008  2143998
1.17344403267  2143215
1.17426013947  2142934
1.18053007126  2141245
1.18079614639  2141053
1.18219709396  2139900
1.18500900269  2138308
1.18631505966  2132605
1.18658900261  2132116
1.1993329525  2131702
1.20210599899  2130175
1.21113705635  2124277
1.21241116524  2113551
1.21317505836  2113549
1.21580004692  2113191
1.22055602074  2111986
1.22842597961  2111906
1.2392141819  2111079
1.25215315819  2106898
1.26755714417  2105502
1.27440309525  2102430
1.27572703362  2102026
1.28206396103  2101777
1.30061006546  2101453
1.30291795731  2101310
1.30484008789  2100891
1.31411314011  2098402
1.31895112991  2093454
1.33475399017  2093241
1.34171319008  2092238
1.3544280529  2092228
1.35597515106  2090400
1.36205506325  2088852
1.36517000198  2087392
1.3659529686  2086498
1.3674621582  2085263
1.37412118912  2081997
1.38379311562  2077675
1.39421796799  2075494
1.39675807953  2072386
1.39847898483  2071507
1.3993999958  2067079
1.4056429863  2065924
1.41074705124  2065304
1.41425609589  2062823
1.4158411026  2062469
1.42430305481  2050929
1.43339896202  2049540
1.44064807892  2049521
1.44193005562  2049269
1.44595098495  2040731
1.49122905731  2040076
1.51865696907  2039376
1.52450895309  2038609
1.56780815125  2038595
1.57823705673  2038238
1.58162307739  2037043
1.59108400345  2036882
1.59299612045  2035169
1.60674500465  2032022
1.62204909325  2028830
1.62462496758  2028780
1.63152909279  2027945
1.63331198692  1982813
1.64637112617  1982552
1.64918899536  1981800
1.6641960144  1948083
1.66626596451  1946872
1.66892695427  1944364
1.67474102974  1941432
1.69981813431  1938370
1.70376801491  1938299
1.72152304649  1937920
1.7272939682  1932319
1.72859716415  1931099
1.72994399071  1931049
1.74915719032  1929042
1.75497698784  1924280
1.75720405579  1923946
1.75958895683  1923680
1.76051306725  1923604
1.7655711174  1922081
1.76761698723  1920862
1.77308416367  1920412
1.7826051712  1919820
1.78300499916  1918042
1.80089616776  1917806
1.8109600544  1917145
1.83652305603  1916464
1.84213018417  1914616
1.84704208374  1914475
1.85398507118  1914099
1.86426210403  1913264
1.86826515198  1911069
1.87605404854  1910908
1.89322900772  1897739
1.90798711777  1896908
1.92595601082  1882511
1.93726396561  1881981
1.9477519989  1880317
1.95477104187  1878966
1.96221208572  1876372
1.97235512733  1866968
1.98253512383  1866534
1.99376511574  1848278
2.01260018349  1848005
2.04002714157  1847802
2.04749917984  1846499
2.05849003792  1845037
2.06090712547  1844252
2.06154799461  1842794
2.06257414818  1841470
2.09450817108  1830344
2.09860110283  1829061
2.10031914711  1827526
2.10085010529  1827419
2.12991809845  1827246
2.13184499741  1826789
2.13400506973  1826123
2.13854598999  1826049
2.16621112823  1824180
2.17262101173  1823739
2.1741361618  1822738
2.17750906944  1812226
2.18290901184  1809645
2.19564414024  1808357
2.20816206932  1806201
2.22188305855  1798470
2.22863197327  1796724
2.23036003113  1795620
2.25648498535  1795504
17.9405720234  1795372
17.9415881634  1795360
17.9429349899  1794134
17.9943330288  1793166
17.9969940186  1792572
18.0147900581  1789036
18.0335421562  1788976
18.0651371479  1787787
18.0796091557  1787495
18.1371049881  1786960
18.1435961723  1786844
18.1493580341  1761454
18.1575541496  1753697
18.1587309837  1753440
18.2166190147  1752839
18.2481629848  1752553
18.2527451515  1751871
18.2744910717  1750791
18.2853710651  1750384
18.3006870747  1750013
18.3596351147  1746853
18.3782711029  1746290
18.4472081661  1740113
18.4479999542  1740111
18.4569740295  1739268
68.354861021  1738748
68.3724310398  1738624
68.3860299587  1738122
68.39103508  1737586
68.4057371616  1736524
68.4113190174  1729423
68.4361460209  1728729
67.7308371067  1728691
67.7356641293  1722013
67.7403249741  1711659
67.7436890602  1710597
67.7740511894  1707709
67.8046710491  1706488
67.8314671516  1704198
67.8725590706  1704157
67.8734650612  1703676
67.8809549809  1699002
67.9239499569  1698015
67.9256019592  1693659
67.9457361698  1693609
67.9611561298  1693278
67.9706599712  1692198
67.973785162  1689888
67.9817380905  1686754
67.9975800514  1684951
68.028452158  1684762
68.0383880138  1681285
68.0615000725  1658657
68.0670349598  1658581
68.0674650669  1658110
68.0999619961  1656922
