0.0383861064911  7192398
0.0386140346527  7168267
0.0389940738678  7158854
0.0391800403595  7154830
0.040020942688  7140844
0.0401830673218  7105506
0.040657043457  7098294
0.0409779548645  7092698
0.0411400794983  7086671
0.0413010120392  7057782
0.0417730808258  7052995
0.0420889854431  7038221
0.0422489643097  7006380
0.0424098968506  6985050
0.042711019516  6980383
0.042995929718  6980202
0.0434200763702  6973867
0.0437049865723  6941154
0.043848991394  6884685
0.0439920425415  6883416
0.0442810058594  6868736
0.044704914093  6864105
0.0452489852905  6863929
0.0453789234161  6829035
0.0457639694214  6814297
0.0461480617523  6799657
0.046539068222  6768858
0.0467879772186  6759931
0.0470371246338  6686693
0.0472860336304  6685074
0.0474119186401  6666023
0.0475370883942  6653720
0.0477859973907  6649294
0.0481579303741  6637257
0.0484080314636  6599713
0.0485329627991  6568306
0.0486590862274  6540778
0.048907995224  6540623
0.0495290756226  6536873
0.0496559143066  6536822
0.0499050617218  6490897
0.0508899688721  6485523
0.0510160923004  6478218
0.0511410236359  6470925
0.0512669086456  6465564
0.0513920783997  6439496
0.0520069599152  6435910
0.0523769855499  6433015
0.0525019168854  6431621
0.0527501106262  6413642
0.0532410144806  6411449
0.0534899234772  6411235
0.0539801120758  6401788
0.0547189712524  6400570
0.0557019710541  6352499
0.0564389228821  6349310
0.05668592453  6349266
0.0568120479584  6344013
0.0569369792938  6342577
0.0571839809418  6325810
0.0576770305634  6319862
0.0585350990295  6289387
0.0587809085846  6213214
0.0591509342194  6210751
0.0593979358673  6140439
0.0596470832825  6057149
0.0597720146179  6053176
0.0598978996277  6034644
0.0601470470428  6032802
0.0603950023651  6013869
0.0605220794678  6005764
0.0611369609833  5936158
0.0612630844116  5923441
0.0616340637207  5921980
0.0617589950562  5915367
0.0622498989105  5895132
0.0627419948578  5892706
0.0642061233521  5888745
0.0644590854645  5879179
0.0645859241486  5872044
0.0648350715637  5867299
0.0649619102478  5865637
0.0652101039886  5838176
0.0654590129852  5833688
0.0662069320679  5757868
0.0669479370117  5755859
0.0670740604401  5746326
0.0695300102234  5645004
0.0696558952332  5641450
0.0702729225159  5641127
0.0712609291077  5640506
0.0721220970154  5634490
0.0724949836731  5630025
0.0735170841217  5629403
0.0740439891815  5600221
0.0749540328979  5585149
0.0750880241394  5508466
0.0764338970184  5503852
0.0768539905548  5497110
0.0799849033356  5483950
0.0815649032593  5476515
0.0831890106201  5409152
0.083573102951  5403637
0.0839478969574  5400618
0.0843210220337  5399573
0.0846939086914  5398224
0.0848209857941  5396053
0.0876591205597  5390069
0.0891389846802  5382721
0.0898840427399  5335959
0.0917320251465  5334895
0.0919830799103  5328471
0.0922429561615  5303096
0.0933649539948  5301886
0.0965690612793  5272556
0.0989129543304  5265014
0.0997800827026  5254764
0.0999050140381  5207349
0.100033044815  5195739
0.100281953812  5182582
0.10040807724  5175064
0.100900888443  5152471
0.101027965546  5135060
0.101154088974  5126721
0.101403951645  5126693
0.102392911911  5108292
0.102642059326  5103918
0.103015899658  5095780
0.103385925293  5095556
0.104029893875  5087297
0.104411125183  5078141
0.105668067932  5057024
0.105797052383  5012668
0.106554031372  5009801
0.107059955597  5009210
0.107563018799  4998564
0.10794210434  4981633
0.108571052551  4976686
0.109200954437  4951458
0.109992027283  4947345
0.110131025314  4911045
0.110667943954  4908833
0.111068964005  4897502
0.111733913422  4896478
0.112411022186  4885750
0.113433122635  4882382
0.11360001564  4846225
0.114844083786  4700636
0.114974021912  4700203
0.115853071213  4682049
0.118730068207  4681516
0.118984937668  4677509
0.119113922119  4677301
0.119995117188  4674720
0.123379945755  4673217
0.124133110046  4657998
0.124511003494  4654997
0.124639034271  4653969
0.124768018723  4600709
0.125020980835  4592387
0.125149011612  4591614
0.125777006149  4591529
0.126405000687  4589464
0.126910924911  4585704
0.127664089203  4584203
0.129817962646  4570187
0.13104391098  4567406
0.131287097931  4566322
0.134565114975  4489196
0.135718107224  4482895
0.136610984802  4464476
0.136740922928  4455945
0.13724899292  4415291
0.138010025024  4411077
0.138896942139  4410624
0.139277935028  4410528
0.139658927917  4407783
0.141050100327  4401955
0.141937971115  4394312
0.142447948456  4393498
0.142704963684  4384806
0.143718957901  4358433
0.145111083984  4355391
0.14524102211  4335884
0.145370960236  4324761
0.146002054214  4323089
0.146552085876  4320300
0.146955013275  4319537
0.150502920151  4317752
0.152739048004  4313810
0.154622077942  4312584
0.154876947403  4312107
0.156018972397  4310799
0.156773090363  4307735
0.156903028488  4306372
0.157031059265  4303508
0.161320924759  4280326
0.161955118179  4280294
0.162853956223  4264090
0.163664102554  4245715
0.163800954819  4244254
0.16649389267  4243310
0.166629076004  4235036
0.166883945465  4232087
0.168894052505  4224671
0.170025110245  4223340
0.171658992767  4213154
0.173664093018  4212342
0.177417039871  4210044
0.178173065186  4205341
0.178802013397  4191610
0.179558992386  4153891
0.179687976837  4144336
0.183156967163  4142361
0.183428049088  4135518
0.186053037643  4135514
0.187356948853  4134253
0.187521934509  4133269
0.187964916229  4132622
0.189120054245  4131050
0.189631938934  4123582
0.192040920258  4114431
0.195342063904  4113912
0.195472955704  4102295
0.199255943298  4083758
0.1997859478  4081109
0.199918031693  4080367
0.208638906479  4072522
0.2088971138  4070543
0.209152936935  4066889
0.209912061691  4054696
0.21142911911  4049563
0.21408700943  4028937
0.214596033096  4023689
0.214725971222  4021486
0.214982032776  4020886
0.217248916626  4019794
0.220351934433  4016416
0.220493078232  4013973
0.221029043198  4012224
0.22176194191  4012150
0.221925020218  4010130
0.222904920578  4010054
0.224841117859  4009930
0.227859020233  4008612
0.228739023209  4005664
0.22899389267  4005565
0.230824947357  4000130
0.231580018997  3993456
0.232625961304  3934390
0.233953952789  3932376
0.234970092773  3927998
0.235856056213  3911147
0.235985040665  3907645
0.236114025116  3898256
0.237628936768  3898249
0.237756967545  3894356
0.238522052765  3893112
0.240046024323  3885317
0.240684986115  3881859
0.242583036423  3881370
0.242962121964  3881310
0.243591070175  3879626
0.243720054626  3873426
0.244100093842  3871411
0.24573302269  3848678
0.245862007141  3804030
0.246247053146  3803402
0.247009038925  3798924
0.249524116516  3798307
0.249780893326  3797860
0.250664949417  3796947
0.251673936844  3790804
0.251929044724  3790449
0.252058029175  3783794
0.252686023712  3783365
0.253691911697  3774630
0.255870103836  3768854
0.256939888  3766144
0.268320083618  3757995
0.270143032074  3754436
0.271173000336  3754119
0.276140928268  3739990
0.276397943497  3738874
0.277283906937  3737983
0.27792096138  3737160
0.278830051422  3735447
0.280101060867  3735313
0.281110048294  3734777
0.283258914948  3730903
0.283639907837  3728700
0.284529924393  3726891
0.288038015366  3673941
0.290945053101  3651298
0.295887947083  3650588
0.29643702507  3636352
0.296606063843  3565990
0.297581911087  3556074
0.298934936523  3552606
0.299317121506  3551622
0.301578044891  3550837
0.302211046219  3550729
0.302468061447  3549224
0.302724123001  3538514
0.302854061127  3537775
0.306756973267  3536321
0.307265996933  3526422
0.315165996552  3521459
0.321021080017  3513466
0.322788953781  3511706
0.324485063553  3510583
0.325397968292  3507636
0.334242105484  3505276
0.334530115128  3469382
0.3356590271  3465202
0.337574005127  3463405
0.337834119797  3461748
0.337965011597  3460853
0.338989973068  3458272
0.339119911194  3388323
0.339505910873  3359948
0.342921972275  3355645
0.344944953918  3350480
0.345074892044  3331808
0.345458030701  3329171
0.34677696228  3325064
0.347327947617  3322177
0.348385095596  3317731
0.348676919937  3313015
0.349316120148  3312951
0.358480930328  3312334
0.359153985977  3310911
0.362539052963  3306081
0.362833023071  3305216
0.364269018173  3301767
0.366350889206  3301485
0.370038986206  3300372
0.374125957489  3299520
0.378401994705  3295095
0.387236118317  3288702
0.39955997467  3275520
0.400837898254  3249314
0.40122294426  3248404
0.409765005112  3248387
0.411313056946  3248035
0.412750959396  3245920
0.412889957428  3245894
0.413297891617  3245892
0.416115045547  3241574
0.417412996292  3240858
0.4239590168  3239217
0.424860954285  3239011
0.425116062164  3237155
0.434609889984  3236006
0.437705993652  3235868
0.440577983856  3229828
0.444329023361  3219150
0.449350118637  3218911
0.451183080673  3213668
0.458079099655  3154592
0.46488904953  3147404
0.465692043304  3145697
0.469383001328  3119795
0.469516992569  3117675
0.470282077789  3113393
0.472698926926  3113258
0.482584953308  3112265
0.485259056091  3106179
0.486416101456  3105783
0.488722085953  3103407
0.490143060684  3101734
0.491046905518  3098703
0.497510910034  3096157
0.505024909973  3095643
0.507286071777  3094898
0.509252071381  3091216
0.5093998909  3073599
0.510088920593  3059421
0.510766983032  3057817
0.513369083405  3056762
0.513645887375  3055339
0.52202796936  3054035
0.525495052338  3049702
0.534395933151  3048997
0.538496017456  3048393
0.542918920517  3047427
0.545644044876  3046596
0.546289920807  3046489
0.546803951263  3046235
0.548976898193  3042292
0.549874067307  3040672
0.552638053894  3028115
0.555604934692  3026664
0.561819076538  3026258
0.562716960907  3025655
0.564353942871  3011685
0.564963102341  3010450
0.565609931946  3009425
0.568785905838  3000908
0.568917989731  2996802
0.570610046387  2986528
0.5716381073  2985690
0.589895963669  2984282
0.597489118576  2970682
0.607044935226  2963450
0.611773967743  2963047
0.623354911804  2960237
0.625660896301  2956110
0.625919103622  2954884
0.628921985626  2954159
0.63302397728  2952908
0.643330097198  2952560
0.645184993744  2951395
0.651901960373  2950972
0.663125991821  2950161
0.66325712204  2949765
0.668306112289  2941970
0.673084020615  2941850
0.685458898544  2940877
0.696908950806  2940397
0.700480937958  2937660
0.702832937241  2935238
0.704931020737  2927808
0.707127094269  2923396
0.707770109177  2919943
0.711307048798  2910330
0.711688995361  2909143
0.714622020721  2908939
0.718621969223  2908905
0.718893051147  2904259
0.719836950302  2902825
0.720233917236  2886933
0.725271940231  2883499
0.729691982269  2877471
0.73360490799  2874691
0.744440078735  2874320
0.749264955521  2874302
0.750420093536  2873851
0.755228042603  2872199
0.763487100601  2871806
0.764000892639  2866617
0.764642953873  2862753
0.78036904335  2862362
0.786992073059  2862175
0.798151016235  2862022
0.801209926605  2861007
0.802124977112  2852550
0.816880941391  2852021
0.818260908127  2850300
0.819029092789  2849615
0.823657035828  2845952
0.828521966934  2844145
0.835594892502  2843335
0.841706991196  2842651
0.853765964508  2841883
0.856412887573  2838308
0.856806993484  2837372
0.862199068069  2827996
0.869379997253  2826518
0.871383905411  2826096
0.871784925461  2825905
0.87996006012  2819462
0.884140968323  2803389
0.890955924988  2802768
0.904457092285  2759593
0.911159038544  2752223
0.913114070892  2750519
0.916856050491  2746081
0.920519113541  2744112
0.922410964966  2707507
0.922920942307  2704851
0.923053026199  2703272
0.92466711998  2703213
0.925743103027  2642360
0.930499076843  2640657
0.938577890396  2635538
0.940131902695  2630181
0.946393966675  2621770
0.949569940567  2615228
0.951987981796  2610696
0.960547924042  2607790
0.962910890579  2606992
0.97211098671  2601943
0.975577116013  2599746
0.97861289978  2599509
0.981086969376  2599248
0.981705904007  2592684
0.984095096588  2588210
0.994724035263  2588133
0.999037981033  2583797
1.00349998474  2581039
1.00603199005  2579694
1.01114106178  2577255
1.01575493813  2575818
1.01715707779  2565600
1.01728892326  2565225
1.01767611504  2565053
1.02179098129  2560886
1.02231097221  2560766
1.02308702469  2560124
1.03021812439  2560115
1.03309607506  2559962
1.03536891937  2557754
1.05270910263  2555666
1.05338311195  2555349
1.05496501923  2555226
1.05664896965  2553084
1.05780911446  2545197
1.06529092789  2544841
1.0704729557  2544438
1.07406806946  2544179
1.0748488903  2542724
1.09068894386  2542020
1.09226989746  2539859
1.10516905785  2539837
1.1302781105  2538648
1.13218092918  2536996
1.13333797455  2536307
1.14508700371  2535199
1.15770101547  2534591
1.17311096191  2532540
1.17685699463  2531763
1.18203997612  2529679
1.18501400948  2516380
1.18939590454  2515626
1.18966197968  2507589
1.21017599106  2506515
1.21182799339  2505417
1.2164978981  2505363
1.22470092773  2503048
1.23382306099  2502054
1.23422288895  2501666
1.2385160923  2501309
1.24865102768  2495217
1.25080800056  2491523
1.25255203247  2491059
1.2528090477  2477081
1.26007199287  2476691
1.26664996147  2475166
1.27334904671  2474846
1.27504205704  2474613
1.2791531086  2456197
1.29352211952  2454801
1.29458189011  2454351
1.30329203606  2452403
1.30444598198  2451829
1.3174290657  2451806
1.32595705986  2451508
1.34279894829  2449902
1.34820199013  2449794
1.34979009628  2447911
1.40116906166  2447685
1.4077129364  2446103
1.41892790794  2445958
1.42379999161  2443374
1.43223810196  2443120
1.43748402596  2439968
1.44192194939  2432913
1.44536709785  2423931
1.45388197899  2422408
1.45592808723  2421707
1.45821094513  2415364
1.46377301216  2415348
1.47171211243  2414786
1.48372006416  2414350
1.48662304878  2413291
1.48860812187  2413064
1.49353194237  2411888
1.49707603455  2411362
1.5033249855  2410562
1.5147690773  2409123
1.51749706268  2408569
1.5258769989  2405688
1.52678394318  2403677
1.5305659771  2400958
1.53279805183  2400669
1.53357791901  2398279
1.54091596603  2396291
1.54897904396  2393070
1.54971289635  2391009
1.55118012428  2388643
1.55906391144  2385772
1.57643294334  2385663
1.57888197899  2369903
1.58805704117  2368990
1.59034705162  2368974
1.59970402718  2368651
1.616314888  2368376
1.61783909798  2365169
1.62421393394  2365062
1.62873911858  2356062
1.65297794342  2352397
1.66473507881  2351321
1.68032193184  2350979
1.68586111069  2350724
1.71775507927  2349164
1.7325899601  2348814
1.73478794098  2317449
1.74536108971  2315996
1.76357793808  2308795
1.77719497681  2308632
1.78174090385  2307664
1.7849650383  2307199
1.7902610302  2306672
1.80036401749  2298595
1.803814888  2298571
1.81768488884  2297461
1.84091091156  2295342
1.84838891029  2294446
1.87831306458  2293561
1.88441610336  2291207
1.89627194405  2277584
1.92102789879  2276226
1.97326898575  2274411
1.99595403671  2274222
2.03233909607  2272591
2.0575530529  2270543
2.06631493568  2259172
2.06848096848  2255059
2.08358407021  2254795
2.14866805077  2254708
2.16003489494  2253668
2.16398906708  2251333
2.188133955  2251122
2.20029902458  2249856
2.21096301079  2248784
2.21476602554  2246459
2.21772909164  2244886
2.22116398811  2243493
2.227684021  2243159
2.22935605049  2240489
2.23292803764  2240236
2.25378608704  2238146
2.25706791878  2236831
2.26637911797  2230737
2.27205109596  2230488
2.27401304245  2229261
2.29115605354  2228301
2.30100011826  2226594
2.32794499397  2226424
2.37371110916  2225740
2.37741208076  2225283
2.38041901588  2224897
2.38718008995  2223529
2.39030003548  2223503
2.40676307678  2217101
2.42309308052  2216746
2.43441104889  2216383
2.4797809124  2216228
2.50048208237  2215170
2.50970411301  2215030
2.52891993523  2214515
2.54362511635  2214122
2.54922008514  2213449
2.57153201103  2212842
2.60348391533  2212553
2.61143112183  2212461
2.61373209953  2212340
2.61794996262  2211660
2.64398312569  2210969
2.67135310173  2210200
2.69844603539  2208642
2.70601701736  2195729
2.71973490715  2194745
2.73709607124  2194289
2.7434220314  2194161
2.74892902374  2193120
2.75247192383  2193117
2.754997015  2192835
2.75657892227  2192438
2.75840806961  2191739
2.76355099678  2190357
2.78660297394  2182703
2.78830003738  2181922
2.81976008415  2180276
2.82951498032  2178183
2.83397889137  2177017
2.8403069973  2173828
2.86442708969  2172156
2.87621307373  2171174
2.8880109787  2171024
2.89293289185  2165105
2.93690609932  2164426
2.95999407768  2164286
2.97345495224  2164194
2.97505402565  2163320
2.99779605865  2162366
3.02285408974  2161659
3.06332206726  2160938
3.08646798134  2160266
3.09108304977  2159964
3.12433409691  2155450
3.13470101357  2155151
3.14847111702  2154423
3.14862298965  2152086
4.54299998283  2150442
4.54341006279  2149468
4.54789209366  2145569
4.54926609993  2143305
4.55003190041  2137737
4.55079507828  2136945
4.56234312057  2132660
4.56595110893  2123341
4.57357096672  2123051
4.57702898979  2119352
4.58012104034  2119311
4.58688402176  2118549
4.59131193161  2113237
4.60342097282  2112839
4.60381007195  2109300
4.61078596115  2109090
4.61104512215  2108867
4.6111741066  2108817
4.62053894997  2107831
4.63405609131  2107206
4.64036297798  2105984
4.64618611336  2090875
4.65669608116  2090297
4.66208410263  2089553
4.66797208786  2087471
4.68291807175  2085350
4.68509697914  2073252
4.6854839325  2071159
4.68923401833  2070117
4.7018198967  2068602
4.71069407463  2048699
4.71186208725  2046655
4.72801709175  2044635
4.74064898491  2042817
4.75051593781  2042334
4.75166392326  2042125
4.76220798492  2037111
4.76584792137  2035154
4.76798295975  2034435
4.7735490799  2032527
4.77508592606  2025276
4.78303909302  2023334
4.79263997078  2017281
4.79390501976  2017132
4.79975605011  2016425
4.80544495583  2015652
4.82050204277  2012168
4.83874893188  2011011
4.85235691071  2007130
4.85522198677  2001132
4.87138295174  1993907
4.88782095909  1993689
4.8890581131  1989493
4.89937901497  1987828
4.90239405632  1984189
4.9083878994  1983709
4.94600296021  1983308
4.95896291733  1982650
4.96000909805  1982244
4.96520900726  1981945
4.96541404724  1979263
4.96615600586  1978213
4.97104406357  1977954
4.99166607857  1977150
4.99380707741  1972415
4.9950530529  1971843
5.00831103325  1969891
5.00896406174  1969540
5.01871299744  1966676
5.04503393173  1962870
5.07279396057  1962248
5.07305908203  1960227
5.08544993401  1959692
5.0871078968  1959074
5.08973503113  1957308
5.10773205757  1956960
5.1177740097  1956268
5.12314200401  1956170
5.13556694984  1956137
5.14667701721  1955744
5.15386891365  1952117
5.15640497208  1950758
5.166877985  1948035
5.17062401772  1947153
5.18399310112  1946914
5.18642401695  1946739
5.18985891342  1945181
5.19328188896  1944539
5.22015309334  1923216
5.22205805779  1922823
5.23284101486  1922669
5.2611219883  1921589
5.2713830471  1921426
5.27459692955  1921204
5.29496693611  1912271
5.29510593414  1910448
5.30413889885  1910417
5.30609107018  1910358
5.32048892975  1909309
5.32423996925  1909279
5.34273195267  1899814
5.35505104065  1899428
5.37308812141  1899063
5.39449310303  1898043
5.4030148983  1897853
5.40892601013  1894444
5.41019010544  1894439
5.41734004021  1894297
5.42095899582  1891833
5.42552900314  1891245
5.44566011429  1891219
5.45097494125  1881432
5.4712460041  1881172
5.4855670929  1880558
5.49243497849  1876396
5.50635409355  1876270
5.50932192802  1876005
5.52031207085  1875774
5.52059197426  1875410
5.53182697296  1875316
5.54628801346  1874114
5.58932209015  1872764
5.61538410187  1872433
5.62800192833  1870566
5.63072896004  1870402
5.63652205467  1870106
5.63777303696  1868425
5.64508795738  1865602
5.70955896378  1864953
5.71911501884  1861157
5.73828697205  1860188
5.75607609749  1859976
5.77258706093  1859337
5.7891740799  1857739
5.81268596649  1854500
5.82000494003  1854194
5.82462501526  1853315
5.83818602562  1852956
5.85939002037  1852821
5.86399698257  1852534
5.87877511978  1851366
5.88355207443  1850701
5.8890619278  1848974
5.89339900017  1848962
5.89608097076  1846375
5.90705704689  1845772
5.91097807884  1841212
5.95740509033  1840781
5.96601295471  1840504
5.97842311859  1839274
5.98169803619  1838909
6.01989006996  1838162
6.05043911934  1837527
6.05555796623  1836292
6.09402298927  1835859
6.12568092346  1825670
6.14522910118  1825561
6.15830206871  1825289
6.16601896286  1824339
6.16855812073  1824001
6.16912102699  1822673
6.19456410408  1822573
6.20392298698  1822449
6.20742607117  1821629
6.23014307022  1818122
6.25359106064  1817928
6.25438308716  1816829
6.25632596016  1816763
6.25735497475  1816513
6.25825309753  1815870
6.29366207123  1815438
6.30777311325  1815342
6.36877298355  1813375
6.37126994133  1811654
6.37872695923  1809764
6.44019794464  1808103
32.5839591026  1807893
32.6411259174  1805075
32.6797389984  1804681
32.6898679733  1803527
32.7054760456  1799053
32.7180459499  1798921
81.2299621105  1781382
81.2370009422  1779918
81.2386190891  1766754
81.249792099  1765445
81.2758369446  1760557
81.2772591114  1756469
81.3137950897  1755215
81.3196380138  1753946
81.324395895  1751539
81.3376410007  1749514
81.3651340008  1748870
81.3690640926  1748366
81.3786020279  1748271
81.3851549625  1747423
81.3930590153  1745991
81.4172699451  1745676
81.4268538952  1745075
81.4332520962  1744979
81.4678220749  1740535
81.490350008  1739338
81.4955070019  1738076
81.5246560574  1737407
81.545249939  1726582
81.5512299538  1720329
81.5690329075  1720150
81.6148619652  1718410
81.6162970066  1718313
81.6339769363  1717582
81.6477661133  1715888
81.6638889313  1715044
81.7201371193  1715015
81.7337779999  1714464
81.7522859573  1714336
81.7551970482  1713193
81.7671608925  1711861
81.7835769653  1709984
81.8259038925  1709484
