0.038880109787  6597682
0.0393419265747  6584576
0.0398049354553  6569035
0.0403490066528  6564329
0.0411341190338  6549266
0.0412740707397  6548598
0.0414941310883  6541368
0.0430850982666  6536438
0.0435590744019  6536422
0.0437729358673  6516363
0.0444660186768  6514651
0.0449180603027  6502416
0.0451381206512  6474914
0.0459620952606  6462211
0.0461509227753  6461246
0.0476260185242  6459372
0.0496101379395  6457689
0.0502481460571  6451727
0.0504641532898  6450432
0.0518600940704  6449578
0.0528299808502  6445947
0.0545270442963  6445536
0.0552179813385  6444027
0.0553591251373  6443909
0.0569980144501  6440780
0.0589110851288  6439509
0.0590479373932  6436823
0.0607521533966  6431815
0.0628509521484  6431442
0.0629880428314  6423151
0.0634570121765  6422839
0.0657370090485  6420743
0.0691599845886  6417856
0.0692980289459  6410610
0.0698239803314  6407735
0.0699601173401  6403657
0.0706419944763  6385785
0.070778131485  6385166
0.0709910392761  6360431
0.0718331336975  6358291
0.0720479488373  6353272
0.0731470584869  6336510
0.0733821392059  6332499
0.0737519264221  6313877
0.0738890171051  6306244
0.076189994812  6302389
0.0772659778595  6301446
0.0808260440826  6299902
0.0811190605164  6289944
0.0812880992889  6285494
0.0873970985413  6285272
0.0876219272614  6268261
0.0879549980164  6268242
0.0881659984589  6265280
0.0886180400848  6257039
0.0937540531158  6256706
0.0979900360107  6253859
0.0991389751434  6253682
0.0992770195007  6253249
0.0994911193848  6252859
0.1005859375  6248748
0.104488134384  6247686
0.104624986649  6245169
0.108778953552  6243306
0.108915090561  6243263
0.109173059464  6241938
0.113445997238  6241269
0.113583087921  6241118
0.113796949387  6238005
0.118093967438  6236100
0.118230104446  6233736
0.122625112534  6232819
0.122761011124  6193783
0.128396987915  6192233
0.128534078598  6177537
0.129369020462  6177007
0.129972934723  6173670
0.130419015884  6118983
0.130556106567  6100874
0.131156921387  6098536
0.132151126862  6091603
0.132364988327  6080121
0.133455038071  6078275
0.133592128754  6076140
0.134781122208  6074106
0.134917974472  6063627
0.136142969131  6063288
0.142080068588  6061596
0.142251968384  6044850
0.144196033478  6041127
0.144411087036  6039675
0.144859075546  6029813
0.144994974136  6029790
0.145208120346  6029326
0.145498991013  6027215
0.147136926651  6022560
0.153515100479  6021351
0.160095930099  6020317
0.168132066727  6018979
0.168268918991  6004051
0.168638944626  5981538
0.168775081635  5978070
0.169536113739  5977072
0.170840024948  5976080
0.171210050583  5973846
0.171350002289  5971932
0.171607017517  5967764
0.172245979309  5963224
0.174041986465  5962897
0.174643993378  5945761
0.174782037735  5945012
0.182929992676  5942232
0.183071136475  5942220
0.183296918869  5936919
0.191844940186  5935857
0.191992044449  5930803
0.201128959656  5927987
0.201266050339  5927402
0.201480150223  5922012
0.201925992966  5914170
0.202141046524  5894712
0.202512025833  5884595
0.203037977219  5853141
0.203174114227  5851137
0.204167127609  5845555
0.204303026199  5809818
0.213623046875  5808477
0.213760137558  5808439
0.213974952698  5799198
0.22412610054  5797371
0.224287986755  5747599
0.235791921616  5746203
0.235940933228  5737702
0.236706018448  5735498
0.236843109131  5734570
0.237370014191  5697688
0.238445997238  5694268
0.249825954437  5691415
0.250000953674  5691235
0.260782003403  5690171
0.26092004776  5682545
0.275568962097  5679782
0.275764942169  5679767
0.288053035736  5678670
0.300661087036  5678503
0.300881147385  5678120
0.301172971725  5676487
0.312771081924  5676429
0.312907934189  5665006
0.313143014908  5664180
0.313436031342  5664037
0.313806056976  5654717
0.32590508461  5654347
0.338040113449  5653006
0.338490962982  5652713
0.350914955139  5652243
0.351676940918  5652073
0.352123022079  5651892
0.366122961044  5651145
0.380069971085  5650762
0.380367040634  5630527
0.381067991257  5627704
0.382561922073  5627418
0.382976055145  5576394
0.383162975311  5573061
0.384946107864  5572941
0.385452032089  5572796
0.399959087372  5572680
0.418903112411  5572264
0.420429944992  5572223
0.420587062836  5571939
0.421235084534  5571699
0.422343015671  5570046
0.422483921051  5568481
0.422704935074  5561320
0.423753023148  5557919
0.439887046814  5556967
0.458343029022  5556845
0.458542108536  5550985
0.458820104599  5542057
0.458985090256  5534249
0.459341049194  5528155
0.459883928299  5504441
0.460902929306  5502011
0.461164951324  5470642
0.462430000305  5461914
0.462666988373  5451217
0.463037967682  5440518
0.46707201004  5438021
0.467215061188  5436389
0.467515945435  5435554
0.467675924301  5432378
0.468713998795  5429851
0.469398021698  5425953
0.470173120499  5376597
0.470327138901  5335369
0.471379041672  5335075
0.475345134735  5332857
0.482587099075  5331211
0.482842922211  5330826
0.483175039291  5326892
0.486684083939  5326790
0.486904144287  5326310
0.503077983856  5326181
0.503489017487  5266702
0.504317045212  5262842
0.504506111145  5258116
0.505185127258  5245487
0.505878925323  5245483
0.506308078766  5237666
0.507099151611  5236887
0.523895025253  5235870
0.540530920029  5235513
0.557372093201  5234993
0.557531118393  5187860
0.557745933533  5182922
0.558192968369  5176977
0.558717012405  5176975
0.559632062912  5175893
0.561727046967  5172291
0.562644004822  5169485
0.56278014183  5168632
0.563072919846  5168179
0.563210964203  5167292
0.563580036163  5134327
0.564731121063  5130427
0.581504106522  5130172
0.599125146866  5130097
0.599264144897  5128939
0.601272106171  5120490
0.603132963181  5119211
0.605087995529  5118538
0.605225086212  5102645
0.617594957352  5101702
0.623603105545  5100922
0.640794038773  5099281
0.641165971756  5098332
0.6584379673  5098033
0.658575057983  5097592
0.6761469841  5096778
0.676293134689  5096700
0.67650604248  5092546
0.695429086685  5092427
0.695729970932  5089235
0.695867061615  5085426
0.69623708725  5068046
0.69637298584  5068007
0.696588039398  5066699
0.697112083435  5062628
0.697247982025  5024721
0.697808027267  5014261
0.700539112091  5013650
0.702625989914  5009262
0.702763080597  5008665
0.720916986465  5007185
0.740607976913  5007167
0.740904092789  4993038
0.764745950699  4989631
0.784112930298  4988339
0.80434513092  4988329
0.804484128952  4988184
0.843677043915  4986450
0.882769107819  4986398
0.945842027664  4986252
1.02247905731  4985363
1.08913993835  4985328
1.14635300636  4978861
1.20458102226  4977863
1.22400712967  4977781
1.28704214096  4969407
1.28728413582  4969360
1.35162997246  4967689
1.35185194016  4967471
1.37073493004  4967426
1.4298889637  4960685
1.49057102203  4954874
1.49086213112  4954838
1.49104499817  4954736
1.55221796036  4951869
1.55243897438  4951834
1.61423110962  4951259
1.61445093155  4951149
1.6711139679  4945222
1.73627209663  4943500
1.73649811745  4943271
1.75551009178  4943207
1.81207895279  4942131
1.87307596207  4923913
1.93337011337  4919570
1.99842405319  4919374
1.99867200851  4919354
1.99882912636  4919252
2.06018209457  4916928
2.11671495438  4907389
2.17364692688  4906627
2.23158311844  4904662
2.23181796074  4904577
2.2893550396  4904361
2.28956913948  4904315
2.35350704193  4901803
2.42760515213  4900868
2.4279460907  4900833
2.49613213539  4900694
2.49635314941  4900638
2.55348014832  4900629
2.61111998558  4899354
2.67689013481  4896797
2.67711591721  4896688
2.74078297615  4895752
2.74099802971  4895634
2.79932808876  4893229
2.86368298531  4887442
2.92210412025  4886922
2.99727797508  4885969
3.06280207634  4885015
3.12306404114  4878311
3.1232881546  4878067
3.14226293564  4877871
3.20519900322  4875379
3.26490592957  4875236
3.32165908813  4874622
3.42467403412  4869963
3.51902198792  4861338
3.61822295189  4860089
3.73857998848  4852985
3.86693310738  4852745
3.99673199654  4851783
4.11226701736  4851081
4.22910809517  4850611
4.34899497032  4849550
4.47199392319  4849177
4.59043693542  4838165
4.71084213257  4837774
4.83672094345  4834661
4.9735019207  4832715
5.10025596619  4824163
5.22696995735  4821994
5.22743105888  4821681
5.24704098701  4821385
5.24718308449  4807886
5.26654791832  4805318
5.28565597534  4804694
5.30577111244  4800981
5.32515501976  4799574
5.36328196526  4794008
5.40916800499  4790103
5.45014309883  4789684
5.49532914162  4788373
5.57751703262  4786152
5.67321515083  4783991
5.77123212814  4783825
5.87021803856  4783589
5.97181200981  4778116
6.07381796837  4777369
6.17027306557  4774643
6.27033305168  4774032
6.37121415138  4774018
6.46910405159  4773935
6.56798601151  4772862
6.66790795326  4769863
6.76445293427  4767483
6.87015509605  4766336
6.96622204781  4759906
7.06248402596  4759246
7.15770411491  4758340
7.26274704933  4758314
7.36864614487  4754881
7.46386003494  4753714
7.55904912949  4753612
7.66307401657  4753526
7.76654100418  4752572
7.8674030304  4749499
7.96830105782  4749073
8.07999300957  4748047
8.18071007729  4746418
8.27887511253  4745897
8.37537908554  4745706
8.49288606644  4743925
8.54927992821  4743914
8.64657402039  4737385
8.70393514633  4736782
8.8063750267  4736679
8.91077494621  4736114
9.01949310303  4735805
9.15234804153  4735768
9.27804398537  4731997
9.40572595596  4731941
9.52956104279  4728532
9.64330291748  4728247
9.81861495972  4723588
9.98912405968  4721589
10.0901210308  4721132
10.1895909309  4721110
10.2842440605  4720927
10.3970091343  4720925
10.5529050827  4719638
10.7176611423  4718579
10.8800840378  4715813
11.0522720814  4715629
11.2191650867  4715570
11.3708341122  4712834
11.5266549587  4712335
11.6887850761  4712088
11.8474731445  4711423
12.0157210827  4710899
12.1874849796  4710846
12.3577649593  4710007
12.53115201  4705305
12.7051639557  4705171
12.8707849979  4705164
13.0362100601  4703999
13.2181649208  4703940
13.4053959846  4703304
13.5723850727  4699423
13.5730690956  4699382
13.5734391212  4699066
13.573964119  4699040
13.5745711327  4698983
13.5752530098  4698930
13.6657171249  4698537
13.680809021  4698279
13.6811020374  4697952
13.6814720631  4692608
13.6816091537  4686812
13.6821360588  4674260
13.6859230995  4671041
13.6936421394  4670252
13.6940920353  4660771
13.6942279339  4659478
13.7092750072  4659351
13.7243480682  4658327
13.7582890987  4657393
13.8483281136  4657254
13.9384191036  4656340
14.0343260765  4655996
14.1257071495  4655298
14.2344810963  4655032
14.3378901482  4654682
14.4369361401  4653213
14.5468981266  4648645
14.6657919884  4647444
14.7721960545  4636882
14.875412941  4631737
14.9862971306  4624402
15.0890409946  4616030
15.2335529327  4613862
15.3920359612  4612411
15.5489609241  4610085
15.7017281055  4609469
15.8495390415  4578320
16.0053639412  4575230
16.1627590656  4574556
16.3248970509  4546268
16.4851620197  4545170
16.6428239346  4544724
16.78510499  4543979
16.9214611053  4542916
17.0671010017  4541755
17.2266740799  4541114
17.3712589741  4539574
17.5413060188  4538864
17.6814310551  4537231
17.8470859528  4537054
18.003729105  4535977
18.1465871334  4535763
18.3098599911  4535468
18.4408249855  4535320
18.5721430779  4534357
18.7032001019  4533856
18.84167099  4533690
18.9720051289  4532772
19.0482699871  4532608
19.1273300648  4532517
19.2062830925  4532513
19.2857329845  4532045
19.3617720604  4530593
19.4411349297  4529038
19.5233950615  4527945
19.6063990593  4527768
19.6895489693  4527746
19.7647929192  4527509
19.8549649715  4527038
20.0031819344  4523945
20.1533329487  4523139
20.3021299839  4521088
20.4695260525  4517501
20.6427340508  4517213
20.8183670044  4516203
21.0159981251  4516187
21.2356920242  4514810
21.457775116  4513998
21.6659431458  4513358
21.9198470116  4512850
22.1635410786  4512795
22.3872611523  4511921
22.623057127  4510703
22.8585450649  4510309
23.0857870579  4509989
23.309636116  4508279
23.5623850822  4507527
23.7179629803  4506843
23.9326379299  4489768
24.0905740261  4487358
24.2954010963  4482723
24.5452339649  4479745
24.8035581112  4476169
25.0630800724  4476168
25.3086209297  4470079
25.5679690838  4469114
25.7791180611  4468957
26.0553431511  4468404
26.2380959988  4468156
26.4624900818  4467731
26.7542700768  4467477
27.0334510803  4389357
27.3037669659  4388825
27.5707321167  4388203
27.8361840248  4388093
28.1352341175  4387862
28.4114050865  4296784
28.7073500156  4293829
29.009417057  4290319
29.2876689434  4267977
29.5810170174  4265258
29.8688299656  4265203
30.1684730053  4260277
30.4440510273  4259371
30.7407460213  4257649
31.0303180218  4256434
31.3058791161  4255750
31.5962491035  4254152
31.8867609501  4254019
32.1843831539  4254014
32.4682531357  4252555
32.7651560307  4199199
32.9271321297  4199153
33.0933310986  4198348
33.2433941364  4198268
33.4124789238  4196405
33.6258249283  4196371
33.8508501053  4196306
34.0602240562  4195989
34.275053978  4195428
34.5019619465  4194432
34.7051029205  4194429
34.9560070038  4166608
35.1681900024  4166210
35.4246480465  4165752
35.6286389828  4165545
35.8865740299  4156058
36.0612940788  4155682
36.2374260426  4155077
36.4798080921  4154845
36.7710239887  4154838
37.0493900776  4143955
37.3382079601  4141978
37.4335279465  4141936
37.5170171261  4141850
37.6029231548  4141407
37.8973479271  4138067
37.9202520847  4138043
37.9449379444  4137732
38.2008199692  4137399
38.2214319706  4137199
38.2411401272  4135340
38.2413589954  4135314
38.2416520119  4135257
38.2420260906  4134601
38.2618429661  4134127
38.3107199669  4133356
38.3764619827  4133272
38.6816520691  4132831
39.0008161068  4131843
39.1003530025  4131165
39.1577479839  4130352
39.260545969  4130321
39.4886629581  4128543
39.7666079998  4128105
40.0905380249  4124364
40.4549040794  4033570
40.809800148  4033400
41.1693379879  4032964
41.5264940262  4032623
41.9273509979  4031760
42.3246359825  4031149
42.79373312  4030869
43.2363219261  4029835
43.6058671474  4029219
43.9665081501  4029174
44.3988940716  3950372
44.7928769588  3950285
45.1519229412  3950119
45.5163209438  3949950
45.9508121014  3947908
46.2992990017  3947905
46.7244460583  3943968
46.7262430191  3943900
46.7266139984  3942592
46.7275891304  3942123
46.729197979  3941807
46.7309861183  3941781
46.7328391075  3941724
46.8987939358  3939848
46.9044320583  3939575
46.904569149  3937991
46.9047839642  3936659
46.9053111076  3935282
46.9234640598  3934240
46.9355649948  3934078
46.9664001465  3933604
46.9983170033  3932722
47.0173289776  3932529
47.0367729664  3932063
47.0783860683  3931504
47.1367490292  3931200
47.1984770298  3931145
47.276943922  3929709
47.4349849224  3929110
47.8703780174  3928641
48.3071341515  3924016
48.6755981445  3923400
49.0331730843  3923355
49.4706010818  3841602
49.5689439774  3841399
49.6704881191  3841060
49.8478701115  3840443
50.0201721191  3839867
50.203977108  3838118
50.495732069  3838096
50.7329070568  3838059
50.9344880581  3837058
51.1093270779  3836837
51.3444459438  3835359
51.5910570621  3835284
51.8302810192  3835215
52.0966660976  3834712
52.3926651478  3833737
52.6923351288  3832707
52.9895849228  3830153
53.2847371101  3829401
53.6301550865  3829340
53.9775719643  3825180
54.3316650391  3823700
54.6844220161  3823454
55.029031992  3822300
55.3768389225  3820507
55.7281410694  3818346
56.0823941231  3815258
56.402559042  3815214
56.7422540188  3814877
57.092056036  3813460
57.3912789822  3813268
57.7483780384  3813081
58.1424410343  3812390
58.4600589275  3812183
58.7940919399  3812132
59.1331651211  3811327
59.4854559898  3811167
59.856306076  3810632
60.2089729309  3809623
60.5626831055  3765309
60.8971619606  3759902
61.242773056  3757630
61.5939021111  3757325
61.9408330917  3756488
62.2884509563  3754106
62.6562240124  3753948
62.9932160378  3753218
63.3514931202  3753027
63.698029995  3752534
64.043514967  3752416
64.3890089989  3750933
64.75426507  3750482
65.135764122  3749544
65.5195960999  3746629
65.8831949234  3744027
66.244863987  3743594
66.2464900017  3743489
66.2660429478  3742923
66.2831759453  3742751
66.2992401123  3741757
66.3408310413  3735686
66.3888001442  3734729
66.4362621307  3731779
66.4880421162  3730257
66.5453419685  3728924
66.6049511433  3728792
66.6644041538  3728155
66.7212450504  3727149
66.778660059  3724148
66.8399119377  3714209
66.9168419838  3713777
66.9327399731  3711425
66.949821949  3711066
67.1223080158  3710661
67.3026340008  3691298
67.4855041504  3690701
67.6798200607  3683449
67.8324100971  3682455
67.9967069626  3682452
68.1660699844  3681683
68.3420140743  3681335
68.5340099335  3681290
68.717056036  3676076
68.9047260284  3675528
69.0719749928  3672658
69.2411000729  3671681
69.4267261028  3671661
69.603292942  3670048
69.7760469913  3669959
69.9541270733  3664045
70.1272549629  3650118
70.228249073  3649578
70.3369629383  3649424
70.4310920238  3648626
70.6177971363  3647492
70.8181700706  3644817
71.023070097  3643995
71.2177979946  3630114
71.4229681492  3630088
71.6154930592  3614809
71.7297670841  3613236
71.8121290207  3613225
71.8689310551  3613221
71.9066700935  3613203
72.1061780453  3610951
72.3407149315  3610259
72.5317759514  3610083
72.7620909214  3593576
72.9579949379  3592979
73.2142851353  3592564
73.4748990536  3587685
73.7204730511  3581703
73.973690033  3567812
74.2221140862  3562384
74.4802849293  3560979
74.7325940132  3560335
74.9910290241  3559465
75.2653570175  3559234
75.5506279469  3554031
75.866476059  3546898
76.1294360161  3545650
76.4296000004  3543559
76.6866140366  3543045
76.9653530121  3542850
77.2099699974  3542663
77.5299761295  3523529
77.7863399982  3523269
78.0903840065  3519257
78.389359951  3513777
78.6994349957  3510581
79.0166249275  3506533
79.3221859932  3491294
79.6382701397  3488201
79.9400479794  3482945
80.240926981  3479644
80.5504219532  3473522
80.8683459759  3469163
81.1853289604  3466385
81.4938070774  3465956
81.5565950871  3465288
81.5578360558  3465241
81.5589299202  3465009
81.5602560043  3464955
81.6730320454  3463962
81.7675719261  3463506
81.8622090816  3462520
82.0006260872  3462284
82.3148241043  3424950
82.6442489624  3341912
82.6455080509  3341806
82.9847741127  3325331
82.9860229492  3325289
83.3451759815  3319704
83.6741640568  3318236
83.6767821312  3317895
84.0111439228  3296550
84.3395020962  3295263
84.6570730209  3294495
84.9944591522  3278489
85.3097059727  3275482
85.3109691143  3275448
85.3681631088  3275283
85.6707861423  3274762
85.9771239758  3273526
86.2892270088  3272406
86.607624054  3270512
86.669989109  3270450
86.6712419987  3270135
86.9736161232  3269678
87.280449152  3268861
87.2816939354  3268802
87.5914139748  3268640
87.9000899792  3268315
87.9013421535  3268121
88.2212779522  3267992
88.2225210667  3267849
88.5276329517  3265980
88.528990984  3265839
88.9525279999  3265755
89.3671839237  3264841
89.7294371128  3264786
90.1198880672  3264324
90.6694691181  3264127
91.1986010075  3261966
91.6567070484  3261866
92.1495850086  3261774
92.6805970669  3225788
93.2135250568  3225653
93.7456440926  3225586
94.2657799721  3221720
94.7981419563  3179949
95.2872159481  3179617
95.8210289478  3165020
96.3418200016  3162171
96.8320641518  3162089
97.3465471268  3111836
97.8442649841  3111785
98.3633301258  3108999
98.8838729858  3085785
99.403275013  3085279
99.8963270187  3085205
100.424641132  3029903
100.908075094  3029571
101.513589144  3007726
102.047057152  3005047
102.507609129  3004976
102.977863073  3004925
103.50226593  3004541
103.969584942  3004390
104.446264029  3004371
105.024765015  3003648
105.622189045  3003582
106.19450593  3003260
106.807531118  3001059
107.340176105  3000748
107.897969961  3000572
108.475413084  2984873
108.477792978  2984306
108.497086048  2983729
108.515095949  2983181
108.541891098  2981148
108.566792965  2973671
108.59732914  2972204
108.619411945  2968133
108.639341116  2959299
108.665385008  2952328
108.687591076  2951199
108.709003925  2948165
108.730175018  2917780
108.763097048  2917564
108.784151077  2917392
108.803879976  2917365
108.828396082  2917345
108.847681999  2917204
108.86740613  2917157
108.908857107  2917147
108.909001112  2917095
108.931457043  2915749
108.950335026  2915492
109.244549036  2914744
109.505890131  2914741
109.870702028  2912656
110.255481005  2908703
110.655609131  2905598
111.056474924  2904750
111.44897604  2883955
111.622007132  2880959
111.792104006  2879997
111.904763937  2879970
112.145168066  2878976
112.514595032  2878302
112.902563095  2877697
113.256792068  2868450
113.619996071  2854535
114.017652988  2846944
114.428766012  2841458
114.842128038  2791305
114.907767057  2790811
114.909340143  2790761
114.910752058  2790529
114.912298918  2790496
115.02564311  2789412
115.121999025  2788956
115.217251062  2787970
115.348742008  2787363
115.484810114  2787127
115.858935118  2780288
116.125227928  2777960
116.352596045  2777745
116.621958017  2777716
117.022056103  2777336
117.407776117  2777254
117.806489944  2776744
118.235275984  2773809
118.405429125  2772044
118.546690941  2770410
118.710650921  2769641
118.974611998  2769218
119.144376993  2768971
119.257911921  2768596
119.371860981  2767373
119.578412056  2766674
119.803916931  2766355
120.146939993  2765228
120.502748013  2764397
120.891314983  2761705
121.293951988  2753263
121.685488939  2750202
122.088139057  2684168
122.480735064  2662220
122.889862061  2660207
123.305016041  2651133
123.705287933  2650292
124.116652012  2647697
124.518573999  2647075
124.931899071  2635351
125.403932095  2634199
125.861722946  2624623
126.058551073  2622499
126.236881018  2621870
126.430900097  2621845
126.621686935  2621740
126.715553045  2621200
126.812550068  2621046
126.909482956  2620248
127.139738083  2620012
127.391968966  2618878
127.615330935  2616472
127.968755007  2613763
128.233536005  2613461
128.366518021  2612747
128.47043395  2612559
128.664232969  2612318
128.933794022  2611318
129.235949039  2609607
129.538073063  2609167
129.850870132  2608296
130.188933134  2605309
130.496856928  2592127
130.797044992  2552952
130.7982831  2552406
130.798421144  2552382
130.798712969  2550742
130.799160957  2550194
130.800385952  2550106
130.863224983  2549966
130.938585043  2549306
131.014624119  2549303
131.116358995  2549096
131.347382069  2548741
131.445373058  2548286
131.446633101  2547597
131.465386152  2547274
131.501627922  2546955
131.538746119  2546188
131.559183121  2545073
131.658874035  2544462
131.775620937  2543707
131.896811008  2542873
132.187507153  2542071
132.497833967  2541041
132.798969984  2540313
133.07377696  2540260
133.371201992  2539572
133.703762054  2539197
133.996881008  2538794
134.359189034  2538573
134.731186152  2537774
135.109452963  2536504
135.483551025  2535115
135.895028114  2534709
136.34029007  2534495
136.803056002  2532759
137.355004072  2496238
137.830448151  2494743
138.350497961  2494620
138.884493113  2493963
139.479094028  2493672
140.092973948  2478939
140.60366106  2478165
141.047621012  2477917
141.584131956  2477875
142.1717031  2477517
142.809755087  2477007
143.497973919  2463753
144.175414085  2463050
144.863703966  2462721
145.554548025  2461665
146.252869129  2413759
146.949273109  2411509
147.588953018  2411026
148.251886129  2395197
148.835111141  2394662
149.42889905  2360800
150.041466951  2347053
150.595128059  2345741
151.299747944  2344796
151.924000978  2342175
152.622934103  2268241
153.251568079  2265758
153.93226409  2255972
154.551800013  2238231
155.191380024  2234142
155.877690077  2204206
156.444641113  2204056
156.890891075  2202034
157.455317974  2201518
158.225961924  2198226
158.748336077  2195028
159.248556137  2193706
159.764987946  2193704
160.537223101  2189171
161.226971149  2131679
161.730837107  2130676
162.364213943  2124095
163.07309413  2120285
163.811284065  2083152
164.337661028  2081608
164.867361069  2080286
165.40656209  2080284
166.212552071  2076824
166.968150139  2028431
167.722257137  2026271
168.494601965  2023704
169.303936958  2023505
170.060508966  2013838
170.750143051  2013736
171.553544044  2013460
172.339901924  2013349
173.162070036  2005732
173.902792931  1991206
174.708483934  1983556
175.512684107  1982569
176.32653594  1975121
177.147498131  1974938
177.972434044  1969534
178.8030231  1967019
179.624954939  1966423
180.45024395  1964878
181.345417976  1963287
182.200887918  1930917
183.05568409  1929120
183.918300152  1929026
184.787971973  1922156
185.688266039  1910071
186.600335121  1906150
187.516088963  1905216
188.387726068  1883669
189.294094086  1880109
190.224636078  1870709
191.164633036  1848182
192.059494972  1847902
193.002530098  1847767
193.850415945  1847729
194.76641202  1847693
195.584497929  1832162
196.403427124  1807158
197.19186902  1806605
198.038643122  1805965
198.968598127  1794183
199.978873014  1793994
200.975664139  1792885
201.941775084  1789240
202.913691044  1784072
203.864001036  1783281
204.900440931  1783109
205.894696951  1776778
206.925931931  1776602
207.963566065  1776574
209.04877305  1768533
210.120290995  1745860
211.156744003  1711862
211.714131117  1708798
212.236367941  1707407
213.28498292  1705103
214.258599997  1705082
215.2276721  1705081
216.224831104  1704493
217.178333998  1704071
218.113760948  1702805
219.185066938  1699524
220.368973017  1678226
221.428637028  1664751
222.490337133  1663545
223.603630066  1663116
224.720597982  1662271
225.825052977  1619682
226.869215012  1618659
227.908282042  1582253
228.971848965  1582093
230.021922112  1564925
231.070304155  1563749
232.12272501  1563336
233.337818146  1562781
234.463310957  1553704
235.696269035  1549054
236.866997957  1545713
237.995332003  1542821
239.103649139  1528966
240.202693939  1527784
241.258109093  1527264
242.313303947  1522310
243.370640993  1521233
244.44125104  1520436
245.507714987  1517078
246.57885313  1516381
247.744996071  1512528
248.988960981  1507300
250.205512047  1506396
251.452798128  1463091
252.711957932  1446605
253.958405018  1444560
255.087486029  1443640
256.162482977  1424874
257.243394136  1420607
258.332587957  1418262
259.387350082  1412012
260.508470058  1407990
261.617722988  1399095
262.7264781  1396117
264.013644934  1395149
265.330811024  1393991
266.594136953  1339311
267.821917057  1336319
269.11048913  1335467
270.386688948  1333287
271.684113026  1321755
272.974098921  1282526
274.1352911  1282035
275.526303053  1277839
276.914885998  1275260
278.366012096  1259268
279.769405127  1258710
281.126528025  1254163
282.594450951  1253001
284.064059019  1248128
285.474754095  1245112
286.98062706  1243882
288.485765934  1243165
290.016204119  1240510
291.443069935  1239674
292.757121086  1227427
294.061717033  1221182
295.372071028  1219030
296.696061134  1216285
298.117712021  1216247
299.564186096  1215836
300.970833063  1214456
