0.0393719673157  7246845
0.0396480560303  7229300
0.0403809547424  7220284
0.0411899089813  7208830
0.0420620441437  7206968
0.0423600673676  7206931
0.0433719158173  7198760
0.0435109138489  7196915
0.0451810359955  7194254
0.0453209877014  7188688
0.0455400943756  7185376
0.0456781387329  7181956
0.0459940433502  7166993
0.0462250709534  7157938
0.0470459461212  7142676
0.0473201274872  7137660
0.0477449893951  7125093
0.0492510795593  7106235
0.0517230033875  7106198
0.0520601272583  7102116
0.0522711277008  7098524
0.053190946579  7098302
0.0538849830627  7096453
0.0547749996185  7062934
0.0568590164185  7061180
0.0589280128479  7060739
0.0590929985046  7054181
0.0617980957031  7052492
0.0625140666962  7051740
0.0630071163177  7046325
0.063148021698  7029311
0.0660009384155  7025769
0.0663061141968  7024750
0.0667541027069  7023967
0.0673189163208  7017865
0.0721831321716  7016369
0.072478055954  7001824
0.0734131336212  6995839
0.073578119278  6995424
0.0739290714264  6981767
0.0744659900665  6977880
0.0746309757233  6977434
0.0748879909515  6975756
0.0762491226196  6972684
0.0764811038971  6947460
0.0766370296478  6943664
0.0774109363556  6943438
0.0778660774231  6937967
0.0787971019745  6923398
0.0841760635376  6922677
0.0889689922333  6922614
0.0892701148987  6922502
0.0933921337128  6917596
0.0975909233093  6915615
0.0980150699615  6915241
0.101771116257  6914526
0.102876901627  6908928
0.103380918503  6891771
0.103533983231  6870675
0.105588912964  6867324
0.10604596138  6864826
0.10676407814  6859240
0.106904029846  6856644
0.110557079315  6855300
0.110697031021  6850219
0.117646932602  6850039
0.117866039276  6844299
0.118206977844  6836396
0.118868112564  6836366
0.124190092087  6831696
0.130039930344  6829979
0.130270957947  6824630
0.130412101746  6816684
0.131448984146  6797385
0.13174700737  6795646
0.131886005402  6791564
0.132262945175  6789789
0.132719039917  6784067
0.138704061508  6782881
0.145463943481  6780302
0.145631074905  6780295
0.147010087967  6767586
0.147155046463  6766881
0.147381067276  6766673
0.147854089737  6764683
0.147998094559  6764459
0.148922920227  6763530
0.149080991745  6763444
0.150388002396  6763282
0.151541948318  6763235
0.151901006699  6762973
0.152969121933  6759257
0.154191970825  6759194
0.160578012466  6757660
0.165782928467  6755463
0.1722240448  6752674
0.172404050827  6751938
0.173780918121  6751869
0.180619955063  6751258
0.180783987045  6712855
0.181067943573  6698626
0.181464910507  6697068
0.188406944275  6695133
0.194989919662  6693091
0.195152044296  6669562
0.202217102051  6666475
0.202532052994  6665796
0.20267701149  6663441
0.20298409462  6663437
0.20320892334  6660936
0.203597068787  6658298
0.210844993591  6655831
0.210989952087  6622694
0.211709976196  6620792
0.211935043335  6619797
0.212242126465  6603882
0.219789981842  6600765
0.220168113708  6598670
0.220308065414  6582142
0.22284913063  6580601
0.223062038422  6578591
0.223351955414  6577651
0.223487138748  6577209
0.223854064941  6571668
0.226737976074  6570418
0.23929810524  6568083
0.240322113037  6566810
0.241223096848  6565890
0.241795063019  6565412
0.242635965347  6562428
0.251215934753  6561082
0.251352071762  6531894
0.251796960831  6529687
0.260494947433  6527915
0.261250019073  6514308
0.261385917664  6417465
0.26206111908  6414704
0.271593093872  6411749
0.27196097374  6411498
0.272175073624  6410849
0.272464990616  6405912
0.272601127625  6383710
0.273044109344  6382342
0.273873090744  6381621
0.274086952209  6380190
0.274222135544  6380125
0.274898052216  6374804
0.275274991989  6374253
0.275717973709  6372445
0.275854110718  6371611
0.276606082916  6370356
0.277512073517  6368252
0.287749052048  6367872
0.298087120056  6366970
0.298223018646  6364484
0.308830022812  6363253
0.308967113495  6361547
0.309179067612  6356382
0.309468984604  6356199
0.30960392952  6347877
0.310512065887  6327232
0.310724020004  6320795
0.311187982559  6319709
0.311409950256  6311209
0.31193113327  6311131
0.323173046112  6311018
0.323308944702  6310328
0.323599100113  6268647
0.334015130997  6267362
0.334463119507  6259283
0.347422122955  6257072
0.354474067688  6256991
0.354645013809  6256278
0.354903936386  6256149
0.355721950531  6251007
0.355885028839  6189614
0.356373071671  6175010
0.359074115753  6173183
0.3601770401  6170013
0.36177611351  6169642
0.362155914307  6169573
0.362375974655  6168559
0.362754106522  6164733
0.364661931992  6160295
0.369307041168  6158522
0.381086111069  6156087
0.381359100342  6114140
0.393566131592  6111486
0.393727064133  6111402
0.393954992294  6106507
0.406955003738  6105242
0.407356977463  6099770
0.407582998276  6099088
0.407727003098  6098819
0.408117055893  6097771
0.408587932587  6073480
0.408977031708  6060138
0.410358905792  6057710
0.411157131195  6052622
0.425082921982  6051115
0.425240039825  6038790
0.425878047943  6036719
0.426099061966  6025671
0.426511049271  6019617
0.440845012665  6017759
0.440998077393  5985493
0.45486497879  5982640
0.455032110214  5976230
0.468133926392  5973754
0.468287944794  5945645
0.482070922852  5942983
0.482310056686  5941468
0.496700048447  5938920
0.497270107269  5909772
0.497415065765  5903044
0.497805118561  5902014
0.497949123383  5818701
0.498255968094  5816363
0.498645067215  5815155
0.501267910004  5811708
0.501657962799  5807397
0.503911972046  5807143
0.518285989761  5806977
0.518445968628  5806048
0.519863128662  5797702
0.520029067993  5797480
0.520268917084  5785557
0.521160125732  5783011
0.540369033813  5781266
0.540597915649  5779815
0.554512023926  5779770
0.554651021957  5778894
0.554868936539  5750344
0.569209098816  5748839
0.569576025009  5744575
0.569822072983  5739107
0.572531938553  5732650
0.572822093964  5727706
0.575235128403  5725629
0.575448036194  5721222
0.593449115753  5718334
0.593641996384  5717246
0.608866930008  5716663
0.609133005142  5691409
0.626078128815  5688849
0.626250982285  5682442
0.641060113907  5679825
0.641201019287  5679046
0.641413927078  5654676
0.662143945694  5651884
0.662297964096  5651008
0.662604093552  5650503
0.662745952606  5646601
0.662966012955  5640811
0.663430929184  5638500
0.664132118225  5637264
0.664351940155  5636240
0.664650917053  5634573
0.664792060852  5633103
0.68169093132  5630891
0.681844949722  5609533
0.698288917542  5608587
0.699990987778  5606018
0.700191020966  5603008
0.700748920441  5602886
0.70089507103  5602882
0.701204061508  5602115
0.701600074768  5600944
0.70265007019  5599940
0.702883958817  5597236
0.703263044357  5595970
0.703802108765  5595458
0.703943014145  5594488
0.704185962677  5519680
0.706619024277  5519545
0.707484006882  5518812
0.708755016327  5518622
0.71207690239  5510025
0.712392091751  5506276
0.713092088699  5503040
0.714345932007  5502798
0.715131998062  5501942
0.71538901329  5501546
0.716913938522  5500095
0.718460083008  5498239
0.718688011169  5497374
0.720298051834  5497073
0.720442056656  5496791
0.72251200676  5493724
0.722656965256  5491962
0.725323915482  5490988
0.736266136169  5489482
0.736994981766  5488552
0.747859954834  5487326
0.748039960861  5485493
0.748508930206  5485429
0.748698949814  5485037
0.75094294548  5481958
0.753924131393  5481264
0.759962081909  5480813
0.766073942184  5480668
0.782587051392  5480470
0.782742023468  5471962
0.783705949783  5471664
0.783850908279  5467065
0.784075975418  5452618
0.784225940704  5452482
0.78468298912  5442454
0.801633119583  5441258
0.801875114441  5440797
0.802186012268  5440508
0.819298028946  5438333
0.819453001022  5429244
0.8360850811  5427544
0.836236953735  5427122
0.836462974548  5422989
0.857198953629  5420455
0.857350111008  5412827
0.857563018799  5412259
0.857851028442  5411414
0.878806114197  5410952
0.895461082458  5410877
0.895676136017  5409263
0.895966053009  5402165
0.896101951599  5394072
0.897316932678  5391587
0.897840023041  5379546
0.898669958115  5369669
0.915307044983  5368659
0.932564973831  5367894
0.93270611763  5338204
0.953807115555  5336112
0.954423904419  5333922
0.954610109329  5328306
0.955275058746  5322036
0.978240966797  5321308
0.978634119034  5315358
0.978776931763  5300772
0.979234933853  5300693
0.980958938599  5290416
0.981337070465  5284706
0.981589078903  5271193
0.982724905014  5263349
0.988600969315  5262580
0.991707086563  5261935
0.992007017136  5260494
0.992383956909  5254882
0.993058919907  5254353
0.994139909744  5243762
0.995209932327  5243721
0.995402097702  5229197
0.996484994888  5215633
0.998790979385  5215574
0.99902510643  5212206
1.00004601479  5182336
