0.0344800949097  7428596
0.0346441268921  7427066
0.0347831249237  7349315
0.0355100631714  7341976
0.0356750488281  7319345
0.0358381271362  7302521
0.0360021591187  7300795
0.0369639396667  7291521
0.0371191501617  7288355
0.0372641086578  7232983
0.0374090671539  7182449
0.0375461578369  7167302
0.0379209518433  7157206
0.0386691093445  7153063
0.0389211177826  7150973
0.0391731262207  7131901
0.0394270420074  7131115
0.0395550727844  7128897
0.0398051738739  7122617
0.0401780605316  7091714
0.040549993515  7088185
0.0408010482788  7074422
0.0415451526642  7047537
0.0421659946442  7047172
0.0422940254211  7046946
0.0425479412079  7037404
0.044163942337  7032465
0.0444669723511  7031993
0.0449910163879  7024522
0.0453660488129  6958257
0.0457401275635  6946592
0.0458669662476  6810398
0.0459949970245  6809527
0.0461220741272  6755157
0.0469889640808  6631356
0.0472400188446  6628952
0.0477349758148  6598080
0.0478620529175  6595986
0.0481131076813  6595503
0.0482399463654  6592732
0.0484900474548  6592092
0.0486171245575  6545724
0.0487430095673  6529145
0.0492401123047  6490013
0.0494899749756  6441385
0.0497410297394  6441261
0.05011510849  6426706
0.0511059761047  6424013
0.0514800548553  6401850
0.0518550872803  6383267
0.052227973938  6382558
0.0526010990143  6359716
0.0528500080109  6356839
0.0529770851135  6350430
0.0532281398773  6348069
0.0534770488739  6309816
0.0537281036377  6306365
0.0541031360626  6142752
0.0543529987335  6118020
0.0549781322479  6113758
0.055104970932  6109952
0.0558481216431  6107346
0.0559720993042  6099816
0.056097984314  6080348
0.0567080974579  6075071
0.0569550991058  6073647
0.0572021007538  6000373
0.0574491024017  6000331
0.0584230422974  5993252
0.0585491657257  5959231
0.0589179992676  5955556
0.0590431690216  5953798
0.0601270198822  5903040
0.0604751110077  5899228
0.0607080459595  5895307
0.0609400272369  5886520
0.0612940788269  5881044
0.061527967453  5844807
0.0616459846497  5819394
0.06187915802  5807156
0.0623400211334  5804794
0.0631439685822  5793476
0.0634911060333  5788376
0.0637230873108  5782824
0.0638411045074  5775741
0.0640740394592  5772256
0.064306974411  5749207
0.0649981498718  5739373
0.0656859874725  5739193
0.0675189495087  5719046
0.0676369667053  5713432
0.0683259963989  5699529
0.0686719417572  5693708
0.076024055481  5690523
0.077152967453  5686237
0.0776281356812  5663893
0.0785660743713  5648116
0.0790369510651  5645809
0.0795080661774  5637131
0.0797460079193  5632525
0.080372095108  5624808
0.0809149742126  5618263
0.0812780857086  5617119
0.0821759700775  5608778
0.0837819576263  5539219
0.0852100849152  5529698
0.0853731632233  5497935
0.0856950283051  5492393
0.0872189998627  5491372
0.0880720615387  5474683
0.0883581638336  5465822
0.0893330574036  5454585
0.0897200107574  5449779
0.091245174408  5441630
0.0918660163879  5432618
0.0922410488129  5410783
0.0926170349121  5352889
0.0932381153107  5333416
0.0933649539948  5297090
0.0936150550842  5285598
0.0949771404266  5283497
0.0957319736481  5241999
0.09623503685  5240666
0.096363067627  5240490
0.0964901447296  5239266
0.0979759693146  5239119
0.0983510017395  5231150
0.0986020565033  5228536
0.0993490219116  5228087
0.0996000766754  5223488
0.101454973221  5207523
0.101583003998  5207087
0.101834058762  5206173
0.101961135864  5174974
0.102954149246  5169263
0.103451967239  5153649
0.104319095612  5114534
0.105062961578  5110723
0.10556101799  5104529
0.105810165405  5087033
0.105937004089  5085256
0.106186151505  5067454
0.106434106827  5066777
0.106681108475  5055935
0.106928110123  5046353
0.107175111771  5036081
0.107800960541  4998044
0.108057022095  4985129
0.109549045563  4984937
0.112379074097  4968581
0.113552093506  4967797
0.1140229702  4947061
0.114612102509  4934054
0.115085124969  4930029
0.115323066711  4929049
0.115803956985  4870866
0.115924119949  4870608
0.117099046707  4867250
0.117454051971  4865302
0.118973970413  4864389
0.127148151398  4862484
0.127871990204  4847463
0.129289150238  4845774
0.130383968353  4810537
0.130572080612  4798227
0.13093996048  4780664
0.132400989532  4774502
0.133721113205  4771077
0.134207963943  4763103
0.13582110405  4735461
0.13631105423  4722812
0.141024112701  4716122
0.142282009125  4707997
0.143540143967  4707990
0.144423961639  4706677
0.144930124283  4702680
0.145059108734  4702492
0.145565986633  4687692
0.14569401741  4675821
0.146458148956  4670028
0.148094177246  4669640
0.14897608757  4669592
0.149986028671  4666411
0.151247024536  4664812
0.152503013611  4660293
0.15275812149  4655435
0.153263092041  4648117
0.153892993927  4641892
0.154021978378  4638922
0.155528068542  4638096
0.158511161804  4624985
0.159258127213  4624886
0.159511089325  4619383
0.15965294838  4584275
0.16140294075  4573594
0.16210603714  4565741
0.163861989975  4554842
0.165263175964  4553053
0.166084051132  4549082
0.166556119919  4498054
0.166676998138  4497010
0.166913986206  4483589
0.179497003555  4481190
0.180190086365  4420677
0.184457063675  4419303
0.185106992722  4412136
0.185274124146  4398121
0.186084985733  4365515
0.188585996628  4358447
0.188876152039  4355948
0.190973997116  4355119
0.191982030869  4350534
0.192490100861  4321345
0.195530176163  4318468
0.196292161942  4317104
0.200581073761  4299025
0.200839996338  4291301
0.202986955643  4289595
0.203115940094  4282796
0.203372001648  4265957
0.204755067825  4256297
0.20588517189  4229726
0.207631111145  4228764
0.208753108978  4209829
0.211418151855  4190201
0.212713956833  4186573
0.214351177216  4182144
0.215755939484  4181766
0.216463088989  4178899
0.21915102005  4175942
0.226792097092  4173207
0.231390953064  4171861
0.231948137283  4166438
0.232505083084  4164313
0.233242988586  4164194
0.235069036484  4161549
0.235722064972  4150741
0.236974954605  4150034
0.23886013031  4147383
0.239283084869  4134021
0.239683151245  4132059
0.240477085114  4129797
0.242009162903  4129354
0.246324062347  4121503
0.247087001801  4120105
0.248101949692  4061628
0.248487949371  4058631
0.24937415123  4057335
0.249632120132  4056991
0.250771999359  4046399
0.251667976379  4024290
0.252055168152  4023981
0.252697944641  4023936
0.253465175629  4021497
0.25549197197  4020316
0.256004095078  4016784
0.256134986877  3974928
0.25764298439  3973801
0.25839805603  3948422
0.261662006378  3945508
0.262626171112  3934917
0.262983083725  3934863
0.264748096466  3931501
0.266165971756  3923427
0.267115116119  3919998
0.276026964188  3915979
0.277930021286  3907228
0.287240982056  3902836
0.287536144257  3900709
0.288697004318  3884235
0.289394140244  3883922
0.290313959122  3883388
0.293375015259  3882440
0.295529127121  3846087
0.295784950256  3844069
0.296043157578  3842671
0.296935081482  3837965
0.297698974609  3836863
0.299725055695  3835627
0.300359964371  3834560
0.301381111145  3833772
0.302526950836  3792533
0.30391907692  3792526
0.304178953171  3783859
0.305323123932  3780993
0.309319019318  3780740
0.314520120621  3773008
0.315230131149  3738154
0.316066980362  3737634
0.318900108337  3735546
0.330747127533  3734053
0.331310033798  3728520
0.336436033249  3726577
0.339207172394  3722134
0.34116101265  3713356
0.342566013336  3709138
0.344352006912  3705761
0.348653078079  3704950
0.348783969879  3703754
0.353095054626  3697272
0.35719203949  3692811
0.359097957611  3676094
0.359353065491  3675120
0.360505104065  3619396
0.363132953644  3617192
0.364264965057  3615042
0.364896059036  3614910
0.368525028229  3613190
0.369642972946  3610715
0.377387046814  3609426
0.387602090836  3609339
0.38833117485  3608611
0.389069080353  3607235
0.39053606987  3604846
0.391556024551  3604120
0.39168715477  3602567
0.392071008682  3594063
0.393347024918  3591746
0.393737077713  3589906
0.395539045334  3580325
0.39618396759  3572695
0.397330999374  3571844
0.401131153107  3560465
0.40757894516  3559239
0.407709121704  3556520
0.408842086792  3555186
0.40987610817  3554032
0.411528110504  3550228
0.411648988724  3540187
0.412122011185  3520957
0.412242174149  3517539
0.413089036942  3509357
0.414618968964  3494896
0.426422119141  3474365
0.432646989822  3474031
0.433211088181  3395895
0.433753013611  3385654
0.437282085419  3319041
0.439344167709  3317285
0.440268993378  3315278
0.440799951553  3310205
0.443988084793  3294848
0.444118976593  3292627
0.445021152496  3292481
0.448706150055  3287349
0.449481964111  3283324
0.451015949249  3282750
0.45140004158  3282311
0.452667951584  3281845
0.456243991852  3279001
0.465311050415  3277127
0.466283082962  3269820
0.468871116638  3263772
0.476907014847  3263753
0.479568004608  3262048
0.489665031433  3260988
0.499314069748  3260093
0.503142118454  3254323
0.50454211235  3246572
0.50467300415  3242920
0.506325960159  3240883
0.506704092026  3239289
0.511749982834  3238748
0.5130879879  3236889
0.513941049576  3236008
0.516139030457  3234330
0.518829107285  3229497
0.536895990372  3229120
0.538792133331  3229106
0.540017127991  3211054
0.548305988312  3210883
0.549700021744  3209575
0.550971984863  3209340
0.551357984543  3189584
0.55300617218  3188986
0.556571960449  3172533
0.557600021362  3170619
0.559515953064  3169280
0.559996128082  3156321
0.561417102814  3143891
0.563189029694  3134401
0.563560962677  3133459
0.563929080963  3112775
0.564054012299  3108812
0.56502699852  3104720
0.565876960754  3103001
0.577164173126  3095072
0.579327106476  3095017
0.581155061722  3092971
0.584056138992  3088979
0.590688943863  3079549
0.595159053802  3076555
0.599359989166  3074875
0.601279973984  3074113
0.602048158646  3073553
0.602813959122  3073541
0.60936999321  3072183
0.61070394516  3071666
0.627637147903  3068344
0.632053136826  3067105
0.640794992447  3064071
0.648779153824  3062068
0.649037122726  3059606
0.652876138687  3059518
0.656413078308  3059271
0.656542062759  3057095
0.659064054489  3049843
0.66140294075  3043292
0.661643981934  3042418
0.665078163147  3040180
0.679084062576  3035509
0.68389415741  3032211
0.684545040131  3020470
0.697921991348  3009830
0.701820135117  3007840
0.702336072922  3007043
0.703748941422  3006689
0.706922054291  3005522
0.742300987244  3001727
0.750080108643  2998317
0.752910137177  2994961
0.755584001541  2990401
0.755843162537  2990242
0.767191171646  2990105
0.768980979919  2989231
0.776906013489  2988081
0.778926134109  2987691
0.785537004471  2982390
0.789467096329  2925143
0.791018009186  2923995
0.798076152802  2920189
0.802134990692  2916650
0.802808046341  2912070
0.806380033493  2907206
0.813143968582  2906314
0.818648099899  2906271
0.82986998558  2905849
0.840487003326  2905195
0.842602968216  2903540
0.845347166061  2903064
0.84703207016  2902397
0.85072517395  2901428
0.859857082367  2830541
0.864495038986  2824985
0.865818977356  2822474
0.866659164429  2821339
0.867612123489  2802964
0.875242948532  2775731
0.878942012787  2774802
0.882712125778  2773881
0.88897395134  2772491
0.898447036743  2765607
0.899088144302  2765187
0.899851083755  2759342
0.912004947662  2756732
0.917006015778  2742835
0.926236152649  2737316
0.926733016968  2733816
0.927217006683  2726213
0.929337024689  2724056
0.938398122787  2715646
0.940967082977  2708781
0.947989940643  2707533
0.950308084488  2706942
0.952368974686  2703552
0.952502012253  2702371
0.955847978592  2700602
0.960736036301  2699331
0.964252948761  2682855
0.964883089066  2680247
0.967393159866  2678538
0.968579053879  2674642
0.977839946747  2671464
0.98676609993  2659122
0.995717048645  2654845
0.997245073318  2654386
0.998387098312  2652948
1.00056505203  2651872
1.00321912766  2651434
1.00718903542  2619379
1.01063203812  2618639
1.0162229538  2614815
1.01942706108  2613746
1.02573513985  2610018
1.03185915947  2602983
1.03287696838  2601852
1.03656196594  2601410
1.0370759964  2600592
1.0388481617  2598327
1.04100894928  2597149
1.04782295227  2596257
1.0592751503  2591315
1.06158304214  2590690
1.06444311142  2590500
1.06784796715  2573189
1.0767121315  2570019
1.08902812004  2567938
1.08929204941  2564147
1.09742617607  2562959
1.09869503975  2562954
1.10137701035  2562282
1.10880017281  2561877
1.1131169796  2557481
1.11360096931  2557473
1.12942695618  2556846
1.13416910172  2548933
1.14124798775  2544208
1.1415040493  2543173
1.14277815819  2542385
1.14354300499  2541725
1.14748501778  2537378
1.14765501022  2536175
1.15742897987  2536016
1.16122794151  2535508
1.16268014908  2531937
1.16507816315  2510441
1.16920113564  2502239
1.17761611938  2499686
1.18000102043  2479691
1.18526697159  2476854
1.20556807518  2475268
1.226334095  2474434
1.22881698608  2473457
1.25153899193  2473206
1.2653939724  2473025
1.28469014168  2472146
1.30153894424  2469513
1.30293703079  2464924
1.3036210537  2462967
1.31742811203  2462497
1.3193500042  2462337
1.32692408562  2450965
1.3296661377  2450860
1.33133006096  2450742
1.33209300041  2450447
1.33808302879  2444478
1.35232710838  2442082
1.37597608566  2438225
1.38684105873  2437990
1.39172410965  2433383
1.40002703667  2432765
1.44411802292  2431615
1.44581604004  2431429
1.44788908958  2430754
1.4500579834  2391432
1.45608401299  2391224
1.45747494698  2388989
1.45948314667  2387901
1.4947450161  2386922
1.49559211731  2385009
1.50136399269  2368266
1.50420117378  2366564
1.50594115257  2364443
1.51941394806  2363385
1.54292106628  2347387
1.5517771244  2345578
1.55568313599  2344384
1.55778598785  2343177
1.56312513351  2343113
1.56336808205  2341003
1.58431315422  2337138
1.59453511238  2335798
1.59480214119  2335691
1.60552597046  2318838
1.61737799644  2318028
1.64602994919  2317853
1.6552670002  2317163
1.66736507416  2313619
1.70668196678  2309926
1.70878410339  2309848
1.71553397179  2307143
1.71577715874  2306626
1.71755099297  2305153
1.74636507034  2301855
1.75181603432  2300156
1.75452303886  2299649
1.75606608391  2297906
1.7614171505  2297060
1.78381204605  2296530
1.79692101479  2294849
1.80733394623  2294752
1.81125211716  2294706
1.81579709053  2294535
1.82675814629  2293423
1.85339403152  2291545
1.86480712891  2291493
1.86540794373  2290510
1.88719511032  2289693
1.89160513878  2287310
1.89569211006  2286552
1.9034781456  2284490
1.91532611847  2281445
1.93828511238  2280828
1.94978499413  2280476
1.95058703423  2278699
1.95684099197  2278257
1.95697212219  2277612
1.95798516273  2277579
1.96036815643  2276288
1.96683502197  2275087
1.96730995178  2260576
1.98252511024  2257340
1.99057602882  2256938
1.9918680191  2253147
1.99833917618  2252602
2.00528597832  2251781
2.01138305664  2251360
2.01602101326  2245044
2.01614499092  2241694
2.03960108757  2238935
2.04589605331  2238740
2.05090808868  2236553
2.10038399696  2236168
2.1128821373  2236008
2.1154999733  2235264
2.13302016258  2235117
2.16081905365  2232858
2.16650795937  2232777
2.1756939888  2230458
2.17928910255  2228455
2.19130897522  2228169
2.21203494072  2227769
2.24138617516  2218104
2.24448108673  2193201
2.24512410164  2192620
2.24576497078  2192611
2.2464029789  2192267
2.25911307335  2190446
2.26973104477  2189878
2.28562307358  2188243
2.28614497185  2186063
2.31355905533  2181940
2.3178050518  2181052
2.3664431572  2180145
2.38473105431  2179074
2.39731097221  2178105
2.41683197021  2174933
2.44732403755  2173508
2.46903514862  2172874
2.47863912582  2158946
2.4788479805  2156356
2.51030611992  2154019
2.53255295753  2152416
2.54226207733  2152275
2.5468211174  2151357
2.55355405807  2148716
2.58071804047  2148467
2.59224510193  2143563
2.59698200226  2142091
2.60414600372  2138597
2.61141300201  2126154
2.65006899834  2090901
2.66348409653  2090627
2.66430997849  2086777
2.71028995514  2083978
2.71570611  2079782
2.71619606018  2079279
2.73640203476  2078528
2.75241208076  2062532
2.777987957  2056585
2.78237915039  2054495
2.8287460804  2051522
2.86447405815  2047569
2.86833095551  2046544
2.8768351078  2046307
7.5415289402  2046303
7.54382109642  2045923
7.56899595261  2043956
7.58589816093  2022572
7.59313011169  2021239
7.59760904312  2020997
7.60244202614  2020876
7.61762094498  2020615
7.64849805832  2019686
7.65359807014  2019611
7.69195699692  2019540
7.69783616066  2018428
7.70038604736  2016973
7.70947003365  2016239
7.71561312675  2015978
7.71830105782  2012497
7.72702908516  2008102
7.72918510437  2007664
7.73018598557  2007269
7.75865602493  2006104
7.77349805832  2006051
7.80790805817  2005881
7.83160305023  2004713
7.84990715981  2004111
7.86438012123  1998803
7.88454699516  1997256
7.90503096581  1996808
7.90583395958  1991944
7.91902804375  1991889
7.93791007996  1988846
7.94277215004  1988822
7.94342398643  1987783
7.94484901428  1983645
7.95134711266  1982375
7.96351408958  1981371
7.98004794121  1978637
7.98292207718  1978345
7.99603700638  1977939
8.01341509819  1977758
8.02686405182  1968039
8.03240013123  1963867
8.03599214554  1944704
8.03809213638  1944544
8.04421806335  1943525
8.05537104607  1942357
8.07387804985  1942354
8.08006215096  1939677
8.08285808563  1939645
8.08689212799  1939284
8.08945798874  1937355
8.09926009178  1935347
8.1033141613  1935133
8.10970115662  1934424
8.12226700783  1933830
8.13191914558  1933128
8.15303611755  1933088
8.17705607414  1932989
8.1924200058  1929618
8.20820307732  1928501
8.2345199585  1928034
8.23544597626  1926994
8.24860906601  1926108
8.28256511688  1926034
8.28526902199  1925629
8.31571412086  1924624
8.32765698433  1922511
8.33713102341  1901125
8.34663105011  1899932
8.37256813049  1899205
8.3889811039  1897450
8.39706802368  1896241
8.43847203255  1886470
8.47774815559  1886186
8.48910403252  1885454
8.49630212784  1884817
8.52578806877  1884376
8.55510997772  1884119
8.5590929985  1881223
8.56593298912  1880655
8.5690510273  1870442
8.60988306999  1870292
8.62158417702  1869986
8.65465211868  1869823
8.66402506828  1869496
8.70364117622  1867313
8.72990512848  1867020
8.74101996422  1866849
8.7563700676  1865377
8.76261997223  1864731
17.4891631603  1862692
17.5019011497  1860890
17.5120680332  1858986
17.5235919952  1858683
17.5278770924  1858557
17.5461361408  1853973
17.5477120876  1848926
17.5688080788  1844016
17.5689549446  1842095
17.5700099468  1841757
17.5745651722  1841254
17.5855510235  1840824
17.5910379887  1840430
17.5980370045  1840208
17.6247041225  1839758
17.6403751373  1838865
17.6612231731  1838435
17.6730229855  1837563
17.6940751076  1836030
17.6977450848  1835747
17.7003560066  1831214
17.7213561535  1831040
17.7229189873  1830800
17.7374229431  1828818
17.754034996  1827547
17.7544300556  1823330
17.7628540993  1823317
17.7674479485  1816070
17.7860841751  1815347
17.7886741161  1815335
17.8114180565  1814574
17.8190450668  1812066
17.8433220387  1811307
17.8464519978  1806220
17.8467140198  1806065
17.8507759571  1805768
17.8728909492  1805102
17.884483099  1799148
17.9320530891  1798654
17.9341340065  1791696
17.9422869682  1788325
17.9439060688  1786141
17.9550349712  1786071
17.964370966  1783084
17.9680039883  1777560
17.9723470211  1776943
17.9819879532  1776730
18.0262181759  1775559
18.0640180111  1761374
18.1302931309  1761226
18.1322710514  1759246
18.1407570839  1758774
18.143597126  1758222
18.1516671181  1757125
18.198321104  1757040
18.2030229568  1751821
18.2154991627  1750470
18.2157609463  1750077
18.2497830391  1749580
18.2625720501  1749424
18.2937550545  1748750
18.2991101742  1748131
18.322922945  1742114
218.275427103  1740950
218.278507948  1738671
218.296343088  1738571
218.30360508  1728686
218.32517004  1728655
218.325551987  1726445
218.326868057  1722762
218.343878984  1722620
218.397906065  1722230
218.427718163  1720555
218.444573164  1720426
218.451015949  1717080
221.358483076  1717075
221.397381067  1716588
221.397772074  1713766
221.400841951  1712481
221.441586971  1712018
221.442985058  1711448
221.449179173  1711298
221.460433006  1709716
221.469496012  1709652
221.504326105  1706506
221.546609163  1706487
221.558335066  1706226
221.561153173  1705365
221.563936949  1701843
221.577823162  1700779
221.587149143  1700103
221.588438034  1698226
221.620243073  1697975
221.627133131  1697041
221.629415035  1679670
221.632521152  1679473
221.632658005  1678878
221.653035164  1676583
221.667837143  1676054
221.672966957  1675065
221.673638105  1670233
221.694540977  1669469
221.731245041  1669159
221.735721111  1668304
221.738131046  1668202
221.740404129  1667211
221.748510122  1666902
221.78183198  1666388
221.784989119  1666292
221.800693035  1666195
221.809988022  1666186
221.828547001  1665456
221.831418037  1664915
221.849296093  1660267
221.888467073  1659486
