0.0389750003815  6816567
0.039412021637  6778071
0.0395820140839  6681261
0.0397469997406  6667530
0.0399119853973  6659952
0.0400760173798  6658613
0.0404009819031  6640285
0.0405650138855  6638385
0.0408890247345  6627504
0.0410521030426  6625516
0.041207075119  6620310
0.041610956192  6615885
0.0419881343842  6613943
0.0421149730682  6578210
0.042366027832  6566558
0.0424931049347  6558030
0.0438661575317  6545726
0.0441200733185  6499464
0.0447580814362  6470801
0.0448861122131  6469131
0.0451390743256  6452258
0.0452671051025  6429236
0.0453939437866  6392277
0.0455241203308  6386794
0.0459020137787  6348475
0.0462779998779  6348469
0.0467791557312  6341832
0.0472781658173  6274564
0.0475339889526  6273796
0.0476620197296  6267818
0.0479140281677  6263489
0.048290014267  6259680
0.0485420227051  6244573
0.0489161014557  6238362
0.0490441322327  6180263
0.0491709709167  6176447
0.049546957016  6150276
0.0498731136322  6145166
0.0500400066376  6137756
0.0501890182495  6133411
0.0514950752258  6132111
0.0519239902496  6131160
0.052353143692  6125482
0.0528810024261  6123192
0.0535111427307  6123070
0.0537669658661  6120800
0.0540201663971  6119402
0.0542719364166  6112686
0.0545239448547  6111484
0.0546519756317  6106381
0.0549039840698  6096351
0.0550310611725  6094326
0.0552840232849  6092756
0.0559160709381  6059769
0.0560441017151  6036038
0.0565440654755  6031348
0.0566711425781  5991644
0.0574190616608  5977934
0.0579199790955  5977281
0.0584211349487  5969528
0.0585491657257  5957993
0.0588009357452  5952120
0.0589280128479  5950884
0.0593039989471  5936732
0.0595560073853  5931632
0.0598120689392  5898570
0.0599410533905  5890583
0.0601940155029  5889266
0.060821056366  5879325
0.0613231658936  5863266
0.0617020130157  5854529
0.0629489421844  5850460
0.0630769729614  5840661
0.0633299350739  5840184
0.0638301372528  5819151
0.0639591217041  5815130
0.0644659996033  5796503
0.0647180080414  5744323
0.065838098526  5721470
0.0673270225525  5684649
0.0674540996552  5684217
0.0677061080933  5682454
0.0696921348572  5633005
0.0699460506439  5630929
0.0708169937134  5604902
0.0713160037994  5600897
0.0714440345764  5596974
0.0715720653534  5582933
0.0723240375519  5580806
0.0725750923157  5541265
0.073105096817  5541247
0.075914144516  5477139
0.0763380527496  5468012
0.07759308815  5441107
0.0777640342712  5425924
0.0780391693115  5416712
0.0787260532379  5395338
0.0797209739685  5393501
0.0807240009308  5390153
0.0814850330353  5389754
0.0816121101379  5376230
0.0819890499115  5352288
0.0831120014191  5333723
0.0832419395447  5333459
0.0842571258545  5329701
0.0852320194244  5301064
0.0876369476318  5296383
0.0877680778503  5249474
0.0882790088654  5242696
0.0887870788574  5222405
0.0906839370728  5218031
0.0916931629181  5212426
0.0918340682983  5209058
0.0922269821167  5190774
0.0928549766541  5189744
0.0931091308594  5179035
0.0939841270447  5178103
0.0967240333557  5171926
0.096853017807  5168129
0.0971059799194  5167965
0.0974860191345  5167844
0.0999851226807  5160704
0.100114107132  5158387
0.10128903389  5156013
0.10143995285  5150260
0.102296113968  5026406
0.106379032135  5024508
0.106637954712  5024215
0.107021093369  5016334
0.107279062271  5012063
0.107663154602  5002112
0.108170986176  5000812
0.108556985855  4991146
0.109480142593  4941394
0.110157966614  4936022
0.112746953964  4927097
0.113343000412  4918098
0.113636016846  4917932
0.114483118057  4898062
0.116393089294  4874581
0.118248939514  4873857
0.118906021118  4865068
0.12100815773  4860868
0.121145963669  4859388
0.121279001236  4859030
0.121538162231  4831383
0.122956991196  4827344
0.123216152191  4816519
0.124355077744  4806066
0.126009941101  4801174
0.127418041229  4791935
0.128211021423  4719060
0.128471136093  4709856
0.128859043121  4709733
0.129251003265  4706336
0.129637002945  4702415
0.131812095642  4700712
0.132969141006  4687474
0.133756160736  4684694
0.134017944336  4680076
0.134663105011  4677081
0.134923934937  4672500
0.13557100296  4669164
0.135960102081  4664846
0.136219978333  4664510
0.13711810112  4649942
0.139163017273  4634691
0.140227079391  4629012
0.140742063522  4626792
0.141132116318  4600645
0.142164945602  4598192
0.142806053162  4595658
0.142936944962  4594191
0.143197059631  4571987
0.144865036011  4541213
0.146695137024  4525396
0.147243022919  4520579
0.149069070816  4511556
0.15073299408  4509992
0.15110707283  4508766
0.154935121536  4498348
0.156849145889  4468625
0.159773111343  4463509
0.160158157349  4462837
0.160416126251  4461628
0.160676002502  4451661
0.162208080292  4450182
0.162338972092  4443816
0.16247010231  4434794
0.16348695755  4433193
0.163743019104  4432208
0.164126157761  4426217
0.165426015854  4414794
0.166443109512  4413677
0.166573047638  4409448
0.170907974243  4409239
0.172306060791  4403945
0.173701047897  4399226
0.177745103836  4393792
0.179142951965  4381434
0.18066906929  4328088
0.181442975998  4324575
0.18313908577  4322384
0.183278083801  4320414
0.184350967407  4320351
0.184623003006  4313270
0.185448169708  4309707
0.187958955765  4304231
0.188230037689  4302957
0.190387010574  4302291
0.191025018692  4238963
0.192677021027  4236765
0.195343017578  4230981
0.197247028351  4230499
0.198639154434  4220799
0.200287103653  4205854
0.203143119812  4205741
0.203784942627  4197132
0.205431938171  4180094
0.206948041916  4179808
0.207958936691  4166097
0.208347082138  4163676
0.21062207222  4163244
0.210752010345  4152825
0.211266994476  4147677
0.211526155472  4146931
0.214700937271  4141767
0.21483206749  4103984
0.214964151382  4100479
0.215600967407  4090519
0.216364145279  4058061
0.216753959656  4057097
0.216886043549  4042291
0.217793941498  4041052
0.218685150146  3995017
0.219321012497  3994637
0.220653057098  3870345
0.221197128296  3868503
0.221600055695  3864592
0.222860097885  3863285
0.223150968552  3801659
0.223289966583  3782205
0.223874092102  3780035
0.226083993912  3772830
0.229079961777  3752664
0.229210138321  3751041
0.229592084885  3746605
0.230726003647  3745300
0.231609106064  3743634
0.236139059067  3702238
0.237550020218  3699022
0.237936019897  3695937
0.239611148834  3676086
0.241269111633  3673425
0.243571996689  3670098
0.244720935822  3641465
0.245739936829  3640979
0.247390031815  3637964
0.249300956726  3637399
0.252861976624  3628205
0.257732152939  3627232
0.261729955673  3626435
0.261872053146  3625469
0.262454986572  3618135
0.262596130371  3617172
0.265170097351  3610200
0.265686988831  3609063
0.267107009888  3606970
0.269180059433  3600120
0.269315958023  3599884
0.271109104156  3587177
0.272382974625  3586468
0.273916959763  3581650
0.274682998657  3578940
0.274940013885  3574837
0.277379989624  3568146
0.278784036636  3566112
0.278915166855  3565743
0.280073165894  3564627
0.280333995819  3537979
0.280724048615  3536841
0.281365156174  3535592
0.282259941101  3535582
0.283030986786  3531763
0.284945011139  3530835
0.288237094879  3530538
0.288493156433  3530437
0.299102067947  3522052
0.299751996994  3515037
0.300534963608  3512459
0.300675153732  3509303
0.301140069962  3508771
0.302298069  3500521
0.303708076477  3499774
0.307271003723  3496747
0.309811115265  3491449
0.318868160248  3490970
0.322575092316  3489977
0.323339939117  3472236
0.328283071518  3467339
0.328798055649  3463637
0.329565048218  3456236
0.33362698555  3405609
0.336146116257  3403704
0.339334011078  3394965
0.339844942093  3394718
0.344927072525  3394536
0.345440149307  3393044
0.345950126648  3385154
0.34633398056  3381391
0.350451946259  3381217
0.350837945938  3378938
0.351360082626  3374895
0.354547977448  3372540
0.356132030487  3372460
0.357442140579  3371487
0.357574939728  3364694
0.35848903656  3326459
0.361974954605  3319421
0.362875938416  3318828
0.363007068634  3312146
0.363139152527  3307714
0.364917993546  3307085
0.366147994995  3297021
0.374469041824  3296351
0.378237009048  3279665
0.380182981491  3276646
0.381477117538  3275900
0.382121086121  3274602
0.382637023926  3271134
0.382895946503  3264347
0.387398004532  3263605
0.388556957245  3257883
0.397860050201  3252818
0.399383068085  3248702
0.401047945023  3246550
0.403640985489  3246277
0.405112981796  3244411
0.409862995148  3237213
0.416420936584  3225599
0.418260097504  3224048
0.41922712326  3211779
0.422487974167  3208690
0.424916028976  3205447
0.427493095398  3204083
0.43080496788  3201056
0.438878059387  3195119
0.44282913208  3194085
0.442981958389  3188547
0.443958044052  3187752
0.447849988937  3187751
0.449125051498  3179258
0.449383974075  3178280
0.451466083527  3165643
0.457668066025  3154380
0.460926055908  3152291
0.461575984955  3147885
0.462223052979  3147861
0.46645116806  3134764
0.470908164978  3129707
0.477057933807  3125823
0.477745056152  3113307
0.478445053101  3112920
0.483361959457  3112564
0.483958959579  3111364
0.495249032974  3108650
0.498929977417  3105509
0.50088095665  3103722
0.509838104248  3099923
0.527899980545  3084633
0.53204703331  3026982
0.539474964142  3019639
0.541528940201  3018611
0.543272972107  3014566
0.546502113342  3011946
0.555999040604  3011047
0.559334039688  3004705
0.560539960861  3003844
0.563658952713  3003772
0.564427137375  3003771
0.571978092194  2997982
0.577357053757  2997922
0.578420162201  2993949
0.580968141556  2991580
0.582728147507  2985547
0.58340215683  2982953
0.587962150574  2982596
0.590353012085  2982183
0.593307971954  2982000
0.595286130905  2981439
0.600041151047  2966957
0.612316131592  2965601
0.620829105377  2964691
0.621745109558  2964438
0.622267007828  2964036
0.625643968582  2962334
0.63287115097  2962255
0.634150981903  2960363
0.656032085419  2959659
0.663861036301  2959632
0.668527126312  2957614
0.672816038132  2949811
0.675316095352  2949800
0.677305936813  2949405
0.683799028397  2948119
0.690243005753  2947840
0.691797018051  2941503
0.698820114136  2939011
0.709200143814  2936814
0.711156129837  2936275
0.71186208725  2934491
0.713078022003  2933781
0.713616132736  2933770
0.720329046249  2932869
0.726984024048  2930727
0.735054969788  2926725
0.747135162354  2926571
0.749348163605  2925423
0.749480962753  2924570
0.749870061874  2919899
0.752122163773  2917083
0.75257897377  2915929
0.762668132782  2915263
0.768526077271  2915062
0.768674135208  2910239
0.773332118988  2907345
0.77544593811  2905642
0.77596616745  2903947
0.777503013611  2902214
0.778521060944  2901177
0.787441015244  2898354
0.788975000381  2898229
0.801994085312  2896435
0.803014993668  2896345
0.818186044693  2895083
0.8203561306  2889855
0.820636987686  2886377
0.822673082352  2882003
0.838557958603  2879915
0.842299938202  2877544
0.857746124268  2877161
0.861045122147  2876810
0.862113952637  2875025
0.862650156021  2867420
0.863575935364  2863607
0.868554115295  2862853
0.873430013657  2851792
0.876569032669  2847184
0.891836166382  2846581
0.894534111023  2841175
0.895074129105  2839318
0.916840076447  2833654
0.917248010635  2832337
0.923599004745  2830517
0.92450594902  2828971
0.933820009232  2828787
0.943477153778  2828349
0.947442054749  2828285
0.950500011444  2822566
0.953262090683  2820250
0.955590009689  2819460
0.959468126297  2812393
0.963196992874  2800303
0.97460103035  2800013
0.97793006897  2795781
0.978068113327  2792008
0.978333950043  2791475
0.987195014954  2789961
0.987848997116  2787949
0.993726968765  2783987
0.998221158981  2782875
1.00161194801  2781752
1.00413799286  2779192
1.01364707947  2777782
1.01904916763  2774448
1.02019405365  2774447
1.0256550312  2774374
1.03374195099  2771214
1.03708004951  2769182
1.04066514969  2768691
1.04232907295  2767149
1.05060005188  2759264
1.05418896675  2733323
1.05738210678  2729582
1.07663106918  2724194
1.08180594444  2722956
1.09419703484  2717312
1.10005807877  2716095
1.10255408287  2715787
1.11639308929  2715239
1.12444400787  2709360
1.12905097008  2703076
1.14598202705  2701593
1.15591597557  2700367
1.16058516502  2699064
1.16316604614  2696485
1.18121194839  2696040
1.19226813316  2677319
1.19253015518  2676121
1.19885396957  2675898
1.20381498337  2675835
1.20775198936  2675273
1.21174407005  2672688
1.21822714806  2663830
1.22620797157  2663385
1.23314499855  2663261
1.23510813713  2662829
1.23674106598  2658150
1.24191403389  2656913
1.26532006264  2654655
1.27143716812  2653261
1.27465796471  2652497
1.27632212639  2652444
1.29232501984  2649130
1.2937810421  2643020
1.30477595329  2642796
1.31082510948  2641097
1.32084512711  2639894
1.32218503952  2639881
1.33728504181  2637516
1.33819508553  2637363
1.33845615387  2636566
1.34632396698  2635712
1.35419297218  2631908
1.38123106956  2631805
1.38544607162  2630515
1.38979697227  2630274
1.39126706123  2626795
1.39271616936  2624685
1.39457511902  2622029
1.3983399868  2621966
1.40208601952  2621182
1.40383911133  2619028
1.42653393745  2618151
1.4279460907  2617590
1.4341480732  2615697
1.4410071373  2615506
1.45467305183  2615419
1.45788502693  2615391
1.46427202225  2614601
1.46940398216  2613507
1.4759221077  2613134
1.48356103897  2612976
1.50182199478  2591618
1.50495815277  2590788
1.50548696518  2587505
1.50679111481  2587469
1.51388406754  2587394
1.54277801514  2583718
1.55217194557  2578291
1.55540013313  2578164
1.55633807182  2572453
1.56066703796  2572179
1.57313609123  2570316
1.57453203201  2569195
1.5773870945  2568407
1.57917809486  2567463
1.58032512665  2566109
1.58155012131  2565244
1.59225201607  2554093
1.60052800179  2553383
1.6057240963  2553221
1.61726593971  2553218
1.62845206261  2552342
1.63669109344  2552242
1.6464509964  2541135
1.64671111107  2540424
1.65623211861  2539651
1.67499113083  2534876
1.67580199242  2534088
1.67687416077  2522866
1.71087503433  2522248
1.71695208549  2521410
1.73636007309  2518586
1.74000096321  2495036
1.74115610123  2494139
1.7426879406  2491082
1.7434489727  2488351
1.74357914925  2481149
1.76708197594  2479421
1.79051399231  2478720
1.79765105247  2477801
1.80741000175  2476864
1.81501507759  2476405
1.83457493782  2474097
1.8366060257  2470971
1.84684705734  2470537
1.8564620018  2470202
1.86345505714  2461473
1.89320206642  2454941
1.93405914307  2454923
1.94534611702  2454571
1.95232105255  2450681
1.9801261425  2447765
1.98317503929  2447068
1.98691511154  2446753
1.98757815361  2438110
2.00035405159  2437481
2.00343108177  2437259
2.01822805405  2434275
2.01963996887  2433841
2.02028107643  2433464
2.02383494377  2432798
2.03557610512  2431180
2.04198312759  2421149
2.05380415916  2421138
2.05763316154  2418844
2.05861711502  2417745
2.06559300423  2417627
2.08193516731  2412282
2.08982896805  2411478
2.0939950943  2409981
2.1143219471  2407376
2.11577296257  2407114
2.12135100365  2393849
2.1258251667  2393558
2.13909912109  2392296
2.15147209167  2391395
2.15530800819  2391350
2.17462706566  2390535
2.19623613358  2390087
2.20569515228  2388595
2.20596814156  2387598
2.21399593353  2386443
2.2207429409  2385806
2.23069810867  2385515
2.23202610016  2385495
2.24050307274  2384913
2.26440811157  2384569
2.27157616615  2384341
2.28132200241  2384204
2.289675951  2377167
2.29047298431  2376645
2.29975199699  2372697
2.30300807953  2372134
2.32144093513  2371972
2.33611702919  2363091
2.34866213799  2362821
2.35569214821  2359917
2.35865807533  2357841
2.35962414742  2355167
2.36068296432  2343419
2.36677503586  2342929
2.37786197662  2342697
2.41093015671  2296083
2.41185593605  2293007
2.43177914619  2291191
2.43973112106  2291172
2.44259309769  2291049
2.45985794067  2286427
2.47381711006  2284382
3.63078999519  2267391
3.63584494591  2265698
3.63958001137  2265283
3.64647102356  2262184
3.64705109596  2260722
3.65165114403  2258496
3.66985106468  2257989
3.67217612267  2256968
3.67476511002  2253752
3.67489814758  2244538
3.67753195763  2243717
3.67861294746  2240122
3.69108295441  2239046
3.69674897194  2238627
3.70264601707  2227486
3.70329213142  2225636
3.70453596115  2225539
3.70707011223  2222931
3.71512293816  2222590
3.72062397003  2221045
3.72406411171  2218073
3.73919200897  2214205
3.761729002  2207731
3.76942205429  2206035
3.77021408081  2204840
3.77224993706  2203387
3.79785108566  2203166
3.80194211006  2202308
3.80228304863  2202028
3.80336809158  2199614
3.80479502678  2198363
3.81294894218  2196851
3.82408308983  2196600
3.8283200264  2192805
5.65447807312  2170808
5.65572500229  2163467
5.66556811333  2147986
5.66971993446  2147801
5.68095612526  2147237
5.70774912834  2145108
5.7237200737  2140108
5.75235104561  2139631
5.75578999519  2125850
5.75904417038  2123310
5.76402497292  2123149
5.77280807495  2123143
5.78381705284  2122832
5.78395295143  2114312
5.78957104683  2114210
5.79526901245  2113957
5.8050160408  2113194
5.81046009064  2111561
5.83751606941  2111266
5.86635613441  2111210
5.87241196632  2111206
5.89525413513  2110873
5.9137711525  2105098
5.92139816284  2103716
5.92316293716  2103696
5.92716407776  2100108
5.96872401237  2099942
5.98063802719  2099886
5.98307299614  2099778
5.9843890667  2096535
5.99000406265  2084749
5.9999859333  2083429
6.00043511391  2077945
6.00288701057  2077641
6.02171611786  2077633
6.02830815315  2077152
6.03656315804  2076523
6.04386997223  2076181
6.05226016045  2056263
6.06606602669  2054522
6.09423613548  2049343
6.09799814224  2046831
6.11637806892  2046501
6.12114310265  2045970
6.12209200859  2045767
6.14827203751  2045711
6.14868617058  2044933
6.15110516548  2044846
6.16160297394  2043548
6.16341114044  2043199
6.16393303871  2043190
6.17196202278  2041794
6.17324495316  2041686
6.17806315422  2039716
6.20539498329  2039202
6.20713615417  2038508
6.25784516335  2036337
6.26543402672  2035918
6.27109193802  2034436
6.28790998459  2034326
6.2972650528  2033629
6.30700802803  2033133
6.31112408638  2031940
6.32901501656  2031936
6.34096097946  2030988
6.34549403191  2026445
6.39036011696  2025969
6.4366080761  2025759
6.44688916206  2025143
6.46534514427  2024256
6.46934604645  2024097
6.47436904907  2021193
6.49086594582  2021181
6.51862812042  2020550
6.52794909477  2019312
6.53265810013  2011669
6.56092596054  1998059
6.56178593636  1997677
6.59098410606  1996760
6.59216594696  1996675
6.59243011475  1993110
6.5933599472  1992664
6.60183000565  1990780
6.64678907394  1990625
6.66808199883  1989706
6.67551994324  1988945
6.68596696854  1988719
6.68657493591  1988327
6.6977519989  1983919
6.70770907402  1982760
6.70878410339  1982135
6.73467111588  1981236
6.80186009407  1981120
6.81642198563  1980549
6.81674313545  1978316
6.81815814972  1977489
6.82478499413  1977038
6.83306503296  1976682
6.83506512642  1976133
6.84502315521  1976099
6.8944940567  1976077
6.89706897736  1975436
6.90543007851  1974183
6.91454410553  1973854
6.92392396927  1973694
6.93647694588  1971899
6.95052409172  1970752
6.97760415077  1970023
6.97908496857  1963240
6.98737311363  1961499
6.9939661026  1961071
7.03800010681  1958339
7.05393505096  1958307
7.0552649498  1958082
7.05986905098  1956653
7.0847799778  1938733
7.08727908134  1937702
7.09758710861  1937178
7.14229011536  1935986
7.16494607925  1925734
7.18988609314  1924931
7.19927811623  1924846
7.21769595146  1924334
7.22369813919  1920669
7.22611498833  1920598
7.22718095779  1920235
7.2349729538  1919857
7.25615000725  1918060
7.25847411156  1916413
7.2839281559  1916389
7.30294203758  1916290
7.33194708824  1913477
7.34038114548  1908521
7.39319205284  1906257
7.46041607857  1905526
7.47393798828  1904216
7.48065710068  1899659
7.48584103584  1899637
7.51287102699  1889288
7.55231595039  1882030
7.56429004669  1881881
7.57139515877  1881509
7.59601211548  1880894
7.64056015015  1880774
7.64119505882  1880527
7.64354610443  1880124
7.64479613304  1880039
7.64970993996  1870772
7.66466808319  1870115
7.71949195862  1867472
7.7583489418  1867450
7.76805710793  1865307
7.81156301498  1865233
7.83141493797  1864907
7.88162398338  1852569
7.89155316353  1851831
7.89263010025  1850081
7.92676901817  1849437
7.94670796394  1848958
7.98738503456  1847336
7.9991440773  1847316
8.0046441555  1847236
8.00901508331  1846930
8.0518989563  1846545
8.05969405174  1846471
32.3174650669  1846418
32.3314111233  1845188
32.3601679802  1845070
32.381221056  1845041
32.3891100883  1842378
32.4041359425  1836015
32.4316689968  1836008
32.4482929707  1835529
32.4617741108  1833989
32.4782860279  1833935
32.4849100113  1814660
32.4907431602  1814551
32.495898962  1814411
32.4978320599  1814104
32.5199201107  1813675
32.548058033  1812535
32.5552761555  1811306
32.5629689693  1810378
32.5640921593  1808871
32.6083581448  1808328
32.6385309696  1808045
32.6463830471  1806799
32.6642661095  1806290
32.7290551662  1797051
70.3756549358  1797030
70.3896701336  1796959
70.3959100246  1796710
70.4047241211  1795946
70.4241349697  1794558
70.4256751537  1794159
70.426500082  1793556
70.4316329956  1793453
70.4572279453  1793389
70.4803960323  1788027
70.5176410675  1784867
70.5453550816  1774632
70.546653986  1772579
70.5549809933  1771630
70.555273056  1771501
70.576488018  1771445
70.5887360573  1770044
70.6154401302  1767482
70.6261250973  1766877
70.6291079521  1766138
70.6352059841  1765337
70.6421480179  1758287
70.646476984  1757500
70.681581974  1757342
70.6884491444  1749953
70.6922309399  1743701
70.7094669342  1742626
70.7253921032  1741950
70.733907938  1741146
70.7496590614  1738770
91.2849080563  1737828
91.2910850048  1737306
91.3081250191  1736657
91.3158359528  1736219
91.33177495  1734982
91.3371500969  1733877
91.3405530453  1732786
91.3475649357  1729628
91.3563401699  1729497
91.3585269451  1727980
91.3799071312  1726278
91.382076025  1725307
91.3957691193  1724020
91.4234111309  1723000
91.4241890907  1722239
