0.0374350547791  6801739
0.0377979278564  6785238
0.0379898548126  6775011
0.0385589599609  6764619
0.0399639606476  6764175
0.040531873703  6763005
0.0407450199127  6756378
0.0410718917847  6755012
0.0420498847961  6752065
0.0422348976135  6750806
0.0425260066986  6747259
0.0438690185547  6742577
0.0441589355469  6712034
0.0443439483643  6709130
0.045774936676  6696952
0.0460410118103  6693713
0.0474848747253  6685032
0.0476350784302  6681560
0.0501968860626  6672203
0.0503439903259  6664345
0.0510468482971  6659723
0.053603887558  6653817
0.053740978241  6650837
0.053955078125  6647119
0.0575330257416  6643958
0.0576689243317  6643367
0.0579590797424  6636483
0.0580959320068  6636206
0.0587000846863  6606192
0.0589909553528  6603305
0.0591268539429  6599616
0.059494972229  6597933
0.060329914093  6594156
0.0604660511017  6583495
0.0608339309692  6574409
0.06174492836  6571685
0.0618810653687  6570183
0.0628678798676  6565367
0.0630059242249  6557981
0.0647718906403  6556173
0.0654909610748  6551516
0.0691459178925  6548359
0.0692820549011  6525149
0.0733618736267  6508989
0.0735039710999  6508627
0.0738048553467  6500510
0.0788779258728  6498545
0.079069852829  6496062
0.0793619155884  6481945
0.0813150405884  6481216
0.0817649364471  6478278
0.0834519863129  6468224
0.0836038589478  6455048
0.0838379859924  6448191
0.084331035614  6421934
0.0890488624573  6420575
0.0891849994659  6412277
0.0943949222565  6407548
0.0946869850159  6407033
0.0950539112091  6404650
0.0979149341583  6399488
0.0980520248413  6398735
0.103218078613  6398537
0.103353977203  6396420
0.103643894196  6396242
0.103780031204  6396005
0.104302883148  6391731
0.104671001434  6389093
0.104806900024  6387383
0.105803012848  6383583
0.106246948242  6381044
0.106384038925  6378313
0.107372999191  6377922
0.107507944107  6375621
0.108106851578  6375323
0.109092950821  6375174
0.110157966614  6374481
0.112274885178  6365932
0.117604017258  6361304
0.117739915848  6359551
0.123445034027  6358279
0.123580932617  6347037
0.123795032501  6321301
0.124783039093  6319771
0.125459909439  6316916
0.131242990494  6315141
0.131380081177  6313844
0.137428998947  6313687
0.138494968414  6312118
0.138786077499  6301678
0.138921976089  6300676
0.139754056931  6293223
0.145781040192  6286788
0.151895046234  6283993
0.152262926102  6280996
0.152397871017  6280808
0.152611970901  6275698
0.158853054047  6271778
0.15929889679  6269330
0.159435033798  6212419
0.1597468853  6211990
0.166095972061  6208913
0.166463851929  6204349
0.166599988937  6196577
0.169692993164  6194430
0.171845912933  6194046
0.171982049942  6193087
0.172216892242  6189090
0.174154996872  6184996
0.177094936371  6182165
0.183372974396  6181141
0.190852880478  6177321
0.191396951675  6166109
0.191642045975  6144459
0.194540977478  6143073
0.194761037827  6139959
0.196408987045  6137936
0.206317901611  6131457
0.206472873688  6129716
0.206763029099  6129312
0.20713186264  6128984
0.207268953323  6126714
0.214915990829  6125880
0.215054035187  6117349
0.22300195694  6113533
0.223291873932  6113350
0.223505020142  6108234
0.223950862885  6106889
0.224086999893  6104894
0.232615947723  6100504
0.232830047607  6095526
0.241301059723  6090627
0.241514921188  6079362
0.241807937622  6075607
0.241945028305  5998749
0.242934942245  5993658
0.243458986282  5993005
0.24406003952  5992541
0.25349187851  5987699
0.253628969193  5973092
0.253843069077  5956434
0.254678964615  5956236
0.255125999451  5953918
0.255339860916  5950133
0.258488893509  5945074
0.258857965469  5938142
0.259304046631  5932170
0.259439945221  5913005
0.260741949081  5912748
0.261496067047  5908251
0.26405787468  5905420
0.264271020889  5902747
0.264561891556  5899184
0.27446603775  5894898
0.277549982071  5889660
0.279322862625  5885112
0.279636859894  5800270
0.290624856949  5795497
0.290838956833  5794087
0.291200876236  5791529
0.29141497612  5788408
0.29155087471  5788397
0.291919946671  5786555
0.30239200592  5784873
0.302528858185  5771756
0.312818050385  5770359
0.323924064636  5767559
0.336467981339  5766968
0.336837053299  5764230
0.337282896042  5760507
0.337449073792  5756178
0.337970972061  5752553
0.338572025299  5751734
0.338707923889  5740757
0.339386940002  5740269
0.339524030685  5738361
0.340769052505  5737683
0.341601848602  5731246
0.349086999893  5729922
0.349454879761  5728904
0.349901914597  5727871
0.350885868073  5726223
0.351021051407  5725809
0.351234912872  5695706
0.352067947388  5695322
0.352436065674  5692929
0.355062961578  5692312
0.355431079865  5681233
0.355567932129  5680329
0.356088876724  5679984
0.356767892838  5678020
0.35946893692  5676370
0.366664886475  5675697
0.367110013962  5674490
0.367632865906  5632694
0.367769956589  5627280
0.368911981583  5625708
0.369047880173  5622193
0.381438970566  5619296
0.395438909531  5616566
0.395575046539  5612257
0.396020889282  5608374
0.396234989166  5608150
0.396602869034  5604733
0.397280931473  5603904
0.397572040558  5601448
0.397784948349  5598646
0.398427963257  5598134
0.39856505394  5595305
0.398854970932  5592459
0.399069070816  5591655
0.399513959885  5559454
0.400192022324  5556205
0.401023864746  5555962
0.414870023727  5554222
0.415283918381  5545768
0.416429042816  5541923
0.416564941406  5536334
0.417165994644  5536331
0.417378902435  5530458
0.417747974396  5526028
0.417883872986  5526020
0.41809797287  5492345
0.418464899063  5491726
0.419142007828  5481211
0.435174942017  5480907
0.43533205986  5478665
0.451351881027  5478507
0.451581001282  5475970
0.451722860336  5471127
0.451941013336  5470359
0.452238082886  5469797
0.452612876892  5459035
0.453463077545  5457635
0.45376086235  5456184
0.453901052475  5453432
0.454441070557  5445045
0.455312013626  5438341
0.456343889236  5435456
0.472306013107  5433039
0.472441911697  5404703
0.47265291214  5402097
0.472787857056  5398490
0.473229885101  5380163
0.474065065384  5351275
0.474200963974  5328615
0.474641084671  5326608
0.474852085114  5299026
0.475676059723  5289158
0.475811958313  5283524
0.477401018143  5277913
0.478533983231  5274534
0.478898048401  5259224
0.479646921158  5249867
0.479781866074  5247356
0.497909069061  5246003
0.498044967651  5237460
0.498486995697  5229592
0.498622894287  5225011
0.499446868896  5224080
0.500424861908  5220530
0.500560998917  5204316
0.501769065857  5203153
0.518903970718  5202462
0.519268989563  5193874
0.520191907883  5192062
0.520328044891  5155498
0.520844936371  5151639
0.52098107338  5130403
0.521421909332  5125296
0.521558046341  5119103
0.521769046783  5109042
0.522362947464  5106516
0.524345874786  5091060
0.524939060211  5088902
0.5256960392  5088743
0.525905847549  5087221
0.526808023453  5086153
0.526942968369  5084723
0.527154922485  5082690
0.528517007828  5081870
0.546447992325  5080433
0.56519985199  5079871
0.584039926529  5070121
0.60534286499  5066197
0.626885890961  5066135
0.64657998085  5066054
0.665911912918  5063520
0.690278053284  5062621
0.728165864944  5062386
0.767071962357  5061112
0.804837942123  5059749
0.843219995499  5059689
0.88102388382  5057839
0.918719053268  5055841
0.957342863083  5055451
1.00065398216  5051577
