0.0375928878784  7428596
0.0377948284149  7427066
0.0379648208618  7349315
0.0388889312744  7341976
0.0390779972076  7319345
0.039265871048  7302521
0.0394539833069  7300795
0.0405869483948  7291521
0.0407757759094  7288355
0.0409619808197  7232983
0.0411489009857  7182449
0.0413358211517  7167302
0.0418918132782  7157206
0.0429019927979  7153063
0.0432188510895  7150973
0.0435519218445  7131901
0.0439469814301  7131115
0.0441589355469  7128897
0.0445308685303  7122617
0.0450909137726  7091714
0.0456500053406  7088185
0.0460259914398  7074422
0.0470728874207  7047537
0.0479879379272  7047172
0.0481657981873  7046946
0.0485079288483  7037404
0.0505139827728  7032465
0.0508229732513  7031993
0.051481962204  7024522
0.0521218776703  6958257
0.0526239871979  6946592
0.0527889728546  6810398
0.05295586586  6809527
0.0531117916107  6755157
0.0541708469391  6631356
0.054477930069  6628952
0.0550858974457  6598080
0.0552418231964  6595986
0.0555458068848  6595503
0.0556988716125  6592732
0.0560050010681  6592092
0.0561609268188  6545724
0.0563127994537  6529145
0.056921005249  6490013
0.0572278499603  6441385
0.0575339794159  6441261
0.0579898357391  6426706
0.0591609477997  6424013
0.0596179962158  6401850
0.060094833374  6383267
0.0606157779694  6382558
0.0611209869385  6359716
0.0614268779755  6356839
0.0615828037262  6350430
0.0618879795074  6348069
0.0621938705444  6309816
0.0625  6306365
0.0629549026489  6142752
0.0632598400116  6118020
0.0640180110931  6113758
0.0641717910767  6109952
0.0651068687439  6107346
0.0652618408203  6099816
0.0654180049896  6080348
0.0661728382111  6075071
0.0664799213409  6073647
0.0667839050293  6000373
0.0670897960663  6000331
0.0682988166809  5993252
0.0684638023376  5959231
0.0689527988434  5955556
0.069118976593  5953798
0.0705389976501  5903040
0.0709958076477  5899228
0.071300983429  5895307
0.0716278553009  5886520
0.0721228122711  5881044
0.0724468231201  5844807
0.0726099014282  5819394
0.0729339122772  5807156
0.0737738609314  5804794
0.0749897956848  5793476
0.0755209922791  5788376
0.0758838653564  5782824
0.0760579109192  5775741
0.0763938426971  5772256
0.0767259597778  5749207
0.0777139663696  5739373
0.0790138244629  5739193
0.081748008728  5719046
0.0819118022919  5713432
0.0828340053558  5699529
0.083328962326  5693708
0.0838308334351  5690523
0.0844798088074  5686237
0.0848059654236  5663893
0.0854649543762  5648116
0.0857927799225  5645809
0.086119890213  5637131
0.0862829685211  5632525
0.0867388248444  5624808
0.0871918201447  5618263
0.0874969959259  5617119
0.0882499217987  5608778
0.0896058082581  5539219
0.0909628868103  5529698
0.0911169052124  5497935
0.0914208889008  5492393
0.0929219722748  5491372
0.0940098762512  5474683
0.0943598747253  5465822
0.0954229831696  5454585
0.09588098526  5449779
0.0976870059967  5441630
0.0984399318695  5432618
0.0989098548889  5410783
0.0993669033051  5352889
0.100124835968  5333416
0.100279808044  5297090
0.100584983826  5285598
0.102280855179  5283497
0.103261947632  5241999
0.103910923004  5240666
0.104064941406  5240490
0.104218959808  5239266
0.106025934219  5239119
0.106482982635  5231150
0.106787919998  5228536
0.107689857483  5228087
0.107994794846  5223488
0.110749959946  5207523
0.110991954803  5207087
0.111633777618  5206173
0.111817836761  5174974
0.113137960434  5169263
0.113808870316  5153649
0.114982843399  5114534
0.116003990173  5110723
0.116736888885  5104529
0.117090940475  5087033
0.117262840271  5085256
0.117609977722  5067454
0.117949962616  5066777
0.118314981461  5055935
0.118658781052  5046353
0.118982791901  5036081
0.119889974594  4998044
0.120227813721  4985129
0.122257947922  4984937
0.126035928726  4968581
0.127695798874  4967797
0.128843784332  4947061
0.129822969437  4934054
0.130602836609  4930029
0.130952835083  4929049
0.131641864777  4870866
0.131816864014  4870608
0.133422851562  4867250
0.133891820908  4865302
0.13608789444  4864389
0.137032985687  4862484
0.137494802475  4847463
0.138417959213  4845774
0.139183998108  4810537
0.139340877533  4798227
0.139649868011  4780664
0.14088177681  4774502
0.14199590683  4771077
0.142459869385  4763103
0.144152879715  4735461
0.144643783569  4722812
0.150470972061  4716122
0.152193784714  4707997
0.153883934021  4707990
0.154961824417  4706677
0.155577898026  4702680
0.155733823776  4702492
0.156345844269  4687692
0.156502008438  4675821
0.1574177742  4670028
0.159395933151  4669640
0.160508871078  4669592
0.161991834641  4666411
0.163750886917  4664812
0.165282964706  4660293
0.165592908859  4655435
0.166205883026  4648117
0.166969776154  4641892
0.167124986649  4638922
0.168955802917  4638096
0.172618865967  4624985
0.173537969589  4624886
0.173846960068  4619383
0.174002885818  4584275
0.176325798035  4573594
0.177677869797  4565741
0.180001974106  4554842
0.181840896606  4553053
0.182971000671  4549082
0.183625936508  4498054
0.183791875839  4497010
0.18411898613  4483589
0.18977189064  4481190
0.190237998962  4420677
0.194280862808  4419303
0.194947004318  4412136
0.195187807083  4398121
0.196066856384  4365515
0.198900938034  4358447
0.199214935303  4355948
0.201650857925  4355119
0.202885866165  4350534
0.203516960144  4321345
0.207183837891  4318468
0.208098888397  4317104
0.213291883469  4299025
0.213601827621  4291301
0.216315984726  4289595
0.216473817825  4282796
0.216782808304  4265957
0.218470811844  4256297
0.219902992249  4229726
0.222532987595  4228764
0.224058866501  4209829
0.227596998215  4190201
0.229888916016  4186573
0.232245922089  4182144
0.234236955643  4181766
0.235219955444  4178899
0.238897800446  4175942
0.239364862442  4173207
0.242595911026  4171861
0.243063926697  4166438
0.243528842926  4164313
0.24414896965  4164194
0.245835781097  4161549
0.246454000473  4150741
0.247689008713  4150034
0.249683856964  4147383
0.250153779984  4134021
0.25062084198  4132059
0.25155377388  4129797
0.253398895264  4129354
0.259364843369  4121503
0.260360002518  4120105
0.262048959732  4061628
0.262630939484  4058631
0.263845920563  4057335
0.264158010483  4056991
0.265543937683  4046399
0.266639947891  4024290
0.267112970352  4023981
0.267889976501  4023936
0.268823862076  4021497
0.271274805069  4020316
0.271894931793  4016784
0.272053003311  3974928
0.273895978928  3973801
0.274813890457  3948422
0.278977870941  3945508
0.280206918716  3934917
0.280670881271  3934863
0.282961845398  3931501
0.28480386734  3923427
0.286032915115  3919998
0.288945913315  3915979
0.290028810501  3907228
0.29878783226  3902836
0.299103975296  3900709
0.30033493042  3884235
0.301105976105  3883922
0.302182912827  3883388
0.305864810944  3882440
0.308459997177  3846087
0.30876994133  3844069
0.309079885483  3842671
0.310178995132  3837965
0.311193943024  3836863
0.314138889313  3835627
0.314916849136  3834560
0.316151857376  3833772
0.317549943924  3792533
0.319240808487  3792526
0.319553852081  3783859
0.320944786072  3780993
0.325857877731  3780740
0.333069801331  3773008
0.334151983261  3738154
0.335353851318  3737634
0.339166879654  3735546
0.342681884766  3734053
0.343143939972  3728520
0.348193883896  3726577
0.351121902466  3722134
0.353415966034  3713356
0.355111837387  3709138
0.357267856598  3705761
0.36249089241  3704950
0.362648010254  3703754
0.368382930756  3697272
0.373624801636  3692811
0.37594294548  3676094
0.376256942749  3675120
0.377800941467  3619396
0.381291866302  3617192
0.382686853409  3615042
0.383464813232  3614910
0.387935876846  3613190
0.389320850372  3610715
0.39039683342  3609426
0.399015903473  3609339
0.399785995483  3608611
0.400557994843  3607235
0.40225982666  3604846
0.403564929962  3604120
0.403732776642  3602567
0.40422296524  3594063
0.406386852264  3591746
0.406939983368  3589906
0.40928196907  3580325
0.41007900238  3572695
0.412093877792  3571844
0.416756868362  3560465
0.424770832062  3559239
0.424930810928  3556520
0.426322937012  3555186
0.42755484581  3554032
0.429719924927  3550228
0.429878950119  3540187
0.430498838425  3520957
0.430655956268  3517539
0.431736946106  3509357
0.433728933334  3494896
0.440094947815  3474365
0.445833921432  3474031
0.446356773376  3395895
0.446831941605  3385654
0.450237989426  3319041
0.452402830124  3317285
0.453518867493  3315278
0.454140901566  3310205
0.458001852036  3294848
0.458158969879  3292627
0.459426879883  3292481
0.464487791061  3287349
0.465560913086  3283324
0.467688798904  3282750
0.468220949173  3282311
0.469982862473  3281845
0.474732875824  3279001
0.487706899643  3277127
0.488945007324  3269820
0.492326974869  3263772
0.493417978287  3263753
0.495751857758  3262048
0.505392789841  3260988
0.517718791962  3260093
0.522679805756  3254323
0.524385929108  3246572
0.524546861649  3242920
0.526569843292  3240883
0.52706694603  3239289
0.53377699852  3238748
0.535497903824  3236889
0.536574840546  3236008
0.539350986481  3234330
0.5427339077  3229497
0.552351951599  3229120
0.554909944534  3229106
0.55658197403  3211054
0.567346811295  3210883
0.569048881531  3209575
0.570616006851  3209340
0.571086883545  3189584
0.573087930679  3188986
0.577433824539  3172533
0.578692913055  3170619
0.581026792526  3169280
0.581650972366  3156321
0.583511829376  3143891
0.585826873779  3134401
0.586311817169  3133459
0.58678984642  3112775
0.586949825287  3108812
0.588276863098  3104720
0.589443922043  3103001
0.596040964127  3095072
0.597498893738  3095017
0.598963975906  3092971
0.601507902145  3088979
0.608466863632  3079549
0.613888978958  3076555
0.61893081665  3074875
0.621248960495  3074113
0.622175931931  3073553
0.62310385704  3073541
0.63202381134  3072183
0.633719921112  3071666
0.64670586586  3068344
0.649937868118  3067105
0.658669948578  3064071
0.669221878052  3062068
0.669537782669  3059606
0.674171924591  3059518
0.679119825363  3059271
0.679292917252  3057095
0.68244099617  3049843
0.685375928879  3043292
0.685689926147  3042418
0.690185785294  3040180
0.697626829147  3035509
0.702398777008  3032211
0.703106880188  3020470
0.719151973724  3009830
0.7238509655  3007840
0.72447180748  3007043
0.726162910461  3006689
0.730001926422  3005522
0.763230800629  3001727
0.77326798439  2998317
0.777263879776  2994961
0.780842781067  2990401
0.781157970428  2990242
0.795575857162  2990105
0.79789185524  2989231
0.800186872482  2988081
0.801584005356  2987691
0.807664871216  2982390
0.813014984131  2925143
0.814857006073  2923995
0.823244810104  2920189
0.82868885994  2916650
0.829724788666  2912070
0.834115982056  2907206
0.842744827271  2906314
0.850649833679  2906271
0.855595827103  2905849
0.866933822632  2905195
0.86949300766  2903540
0.872849941254  2903064
0.874886989594  2902397
0.879379987717  2901428
0.891367912292  2830541
0.897769927979  2824985
0.89949297905  2822474
0.900583982468  2821339
0.90185379982  2802964
0.904612779617  2775731
0.907081842422  2774802
0.910299777985  2773881
0.916858911514  2772491
0.93035697937  2765607
0.931151866913  2765187
0.932069778442  2759342
0.946947813034  2756732
0.953441858292  2742835
0.958505868912  2737316
0.95885682106  2733816
0.959224939346  2726213
0.960833787918  2724056
0.970029830933  2715646
0.973229885101  2708781
0.981913805008  2707533
0.984691858292  2706942
0.987149000168  2703552
0.987308979034  2702371
0.991827964783  2700602
0.998708963394  2699331
1.00328779221  2682855
1.00407385826  2680247
1.00734782219  2678538
1.00891089439  2674642
1.01229977608  2671464
1.02036380768  2659122
1.03205895424  2654845
1.03420877457  2654386
1.03573083878  2652948
1.03834986687  2651872
1.0415558815  2651434
1.04689788818  2619379
1.05130791664  2618639
1.0576839447  2614815
1.0614259243  2613746
1.06387090683  2610018
1.07043600082  2602983
1.07153081894  2601852
1.07587480545  2601410
1.07649993896  2600592
1.07900881767  2598327
1.08191299438  2597149
1.09024500847  2596257
1.10565900803  2591315
1.10864186287  2590690
1.11288881302  2590500
1.11779999733  2573189
1.1214158535  2570019
1.13291478157  2567938
1.13323283195  2564147
1.14431381226  2562959
1.14627099037  2562954
1.14953899384  2562282
1.1586728096  2561877
1.16424679756  2557481
1.16487884521  2557473
1.17667388916  2556846
1.18164587021  2548933
1.1909058094  2544208
1.19122385979  2543173
1.19300293922  2542385
1.19403386116  2541725
1.19905185699  2537378
1.1992149353  2536175
1.21182894707  2536016
1.21704697609  2535508
1.21899080276  2531937
1.22267389297  2510441
1.22943782806  2502239
1.23181390762  2499686
1.23366785049  2479691
1.23800492287  2476854
1.26277494431  2475268
1.28196287155  2474434
1.28383994102  2473457
1.31151485443  2473206
1.33038496971  2473025
1.34467983246  2472146
1.36606788635  2469513
1.36783194542  2464924
1.36866378784  2462967
1.38592290878  2462497
1.38841295242  2462337
1.39075398445  2450965
1.39279294014  2450860
1.39426779747  2450742
1.39531898499  2450447
1.40243887901  2444478
1.42079496384  2442082
1.44506597519  2438225
1.45482087135  2437990
1.46089696884  2433383
1.47171378136  2432765
1.51923680305  2431615
1.52131891251  2431429
1.52399992943  2430754
1.52664780617  2391432
1.53433299065  2391224
1.5361738205  2388989
1.53880381584  2387901
1.57340884209  2386922
1.57441878319  2385009
1.5824508667  2368266
1.58607077599  2366564
1.5884449482  2364443
1.6073179245  2363385
1.62630081177  2347387
1.63814496994  2345578
1.6428527832  2344384
1.64580798149  2343177
1.65353798866  2343113
1.6538579464  2341003
1.67074298859  2337138
1.68322181702  2335798
1.68354892731  2335691
1.69832777977  2318838
1.7134718895  2318028
1.73947381973  2317853
1.75067281723  2317163
1.76692795753  2313619
1.80654597282  2309926
1.80921077728  2309848
1.81896281242  2307143
1.81931781769  2306626
1.82168197632  2305153
1.84845781326  2301855
1.85517787933  2300156
1.85852599144  2299649
1.86037993431  2297906
1.867166996  2297060
1.88881897926  2296530
1.90482187271  2294849
1.91909480095  2294752
1.92414879799  2294706
1.93009400368  2294535
1.93671298027  2293423
1.97025799751  2291545
1.98601698875  2291493
1.98684000969  2290510
2.0047287941  2289693
2.01003980637  2287310
2.01533579826  2286552
2.02571392059  2284490
2.04155993462  2281445
2.06033778191  2280828
2.07441592216  2280476
2.07537698746  2278699
2.08386683464  2278257
2.08403897285  2277612
2.08529090881  2277579
2.08821797371  2276288
2.09690189362  2275087
2.09764385223  2260576
2.1077709198  2257340
2.11722779274  2256938
2.11880683899  2253147
2.12668085098  2252602
2.13606190681  2251781
2.1438138485  2251360
2.15025401115  2245044
2.15050983429  2241694
2.16931295395  2238935
2.17798995972  2238740
2.18457794189  2236553
2.2372739315  2236168
2.25500798225  2236008
2.25841593742  2235264
2.27048397064  2235117
2.30414795876  2232858
2.31166291237  2232777
2.31802177429  2230458
2.32065582275  2228455
2.33353185654  2228169
2.35985088348  2227769
2.38741087914  2218104
2.39196777344  2193201
2.39282798767  2192620
2.39361190796  2192611
2.39443683624  2192267
2.41052699089  2190446
2.42416191101  2189878
2.44001483917  2188243
2.44083690643  2186063
2.48075199127  2181940
2.48694300652  2181052
2.54149699211  2180145
2.55981993675  2179074
2.57909488678  2178105
2.60536789894  2174933
2.63587498665  2173508
2.66503787041  2172874
2.668227911  2158946
2.66839599609  2156356
2.706594944  2154019
2.72676301003  2152416
2.73846697807  2152275
2.7440237999  2151357
2.75236988068  2148716
2.78180193901  2148467
2.79648184776  2143563
2.80273389816  2142091
2.81173682213  2138597
2.82215380669  2126154
2.86024188995  2090901
2.8777358532  2090627
2.87918782234  2086777
2.93974900246  2083978
2.94742584229  2079782
2.94810581207  2079279
2.96448493004  2078528
2.98392701149  2062532
3.01218485832  2056585
3.01601290703  2054495
3.06868886948  2051522
3.11632299423  2047569
3.12128400803  2046544
3.13034582138  2046307
