0.040981054306  7432725
0.0412881374359  7426624
0.0418632030487  7405422
0.0420081615448  7399541
0.0421531200409  7385169
0.0422971248627  7380746
0.0425801277161  7369548
0.0427241325378  7366638
0.0430181026459  7364399
0.0431680679321  7360904
0.0433051586151  7348022
0.0438389778137  7233320
0.0439729690552  7232187
0.0441091060638  7228590
0.0443861484528  7166248
0.044557094574  7146311
0.0447089672089  7112105
0.0449860095978  7084075
0.045294046402  7074725
0.0457530021667  7074116
0.0458981990814  7054786
0.0460569858551  7043854
0.0463540554047  7030971
0.0464980602264  7019382
0.0466930866241  6978639
0.0472910404205  6949788
0.0477230548859  6894377
0.0480120182037  6890471
0.0481581687927  6885397
0.0483040809631  6802685
0.0487360954285  6744529
0.0488831996918  6731286
0.0490291118622  6696546
0.0493099689484  6679046
0.049565076828  6659569
0.0498189926147  6654023
0.0499460697174  6615522
0.0501999855042  6612750
0.0505821704865  6606354
0.0507102012634  6566449
0.0526440143585  6555986
0.052787065506  6537125
0.0535891056061  6466923
0.0542681217194  6458647
0.0545680522919  6405645
0.0546970367432  6394324
0.0548269748688  6394066
0.0551021099091  6362506
0.055242061615  6355009
0.0556221008301  6268078
0.056752204895  6247481
0.0568821430206  6239897
0.0570089817047  6239718
0.0571370124817  6202533
0.0577731132507  6201095
0.057902097702  6197419
0.0582780838013  6185731
0.0584061145782  6179377
0.0587840080261  6172774
0.0590391159058  6137443
0.0594170093536  6137066
0.0596699714661  6105671
0.059798002243  6099847
0.0599410533905  6093164
0.0600781440735  6067340
0.0606200695038  6058904
0.0612711906433  6048546
0.0624539852142  6026301
0.0629570484161  6023835
0.0630860328674  6017614
0.0643310546875  5983603
0.0648310184479  5977636
0.0655791759491  5976683
0.0659561157227  5974562
0.0664541721344  5961124
0.0667049884796  5874179
0.0669560432434  5863138
0.0672070980072  5847416
0.0677061080933  5846239
0.0680811405182  5840529
0.0692210197449  5795487
0.069766998291  5790342
0.0710351467133  5786348
0.0712940692902  5757684
0.0725030899048  5757333
0.07288813591  5746343
0.073527097702  5737154
0.074038028717  5736358
0.0741691589355  5707452
0.0754261016846  5690829
0.0758261680603  5682170
0.0760941505432  5648167
0.0763611793518  5641203
0.0768091678619  5640948
0.0785989761353  5631886
0.0793550014496  5613415
0.0795040130615  5612719
0.0802111625671  5605240
0.0811491012573  5598113
0.0824041366577  5584712
0.0836579799652  5548756
0.0837872028351  5544379
0.0850620269775  5504952
0.0858500003815  5504900
0.0862510204315  5437135
0.0870501995087  5426626
0.087354183197  5423747
0.0878582000732  5422853
0.0885090827942  5420271
0.0887641906738  5401518
0.089289188385  5379334
0.0896761417389  5354568
0.0903031826019  5354356
0.0909261703491  5354041
0.0918030738831  5353609
0.0925531387329  5347509
0.093052148819  5342545
0.0934591293335  5336420
0.0947880744934  5336350
0.0949239730835  5295209
0.095367193222  5294295
0.0965030193329  5240686
0.0967571735382  5239773
0.0976421833038  5235900
0.0984070301056  5207295
0.0995471477509  5191763
0.10004901886  5188446
0.10081410408  5186755
0.10157418251  5179358
0.102656126022  5155626
0.103091001511  5155236
0.103228092194  5140031
0.103497028351  5139306
0.104917049408  5135877
0.105175018311  5133680
0.107048034668  5122073
0.108441114426  5116438
0.109201192856  5084373
0.109711170197  4930019
0.113485097885  4927433
0.113765001297  4927270
0.114834070206  4920069
0.115252971649  4919002
0.115676164627  4918846
0.115807056427  4913912
0.117201089859  4810772
0.117964982986  4809284
0.118367195129  4804199
0.120505094528  4803143
0.12077498436  4798747
0.121546983719  4786672
0.122572183609  4775190
0.123591184616  4767495
0.124487161636  4764422
0.125504970551  4759090
0.12576007843  4655574
0.125890016556  4652351
0.126444101334  4556891
0.127195119858  4554946
0.128013134003  4521896
0.128273010254  4518083
0.128919124603  4500687
0.130567073822  4499357
0.130954027176  4485508
0.132126092911  4473225
0.136234045029  4472707
0.13664317131  4471601
0.137889146805  4437450
0.138028144836  4435413
0.138542175293  4408223
0.138800144196  4405499
0.140706062317  4403000
0.140837192535  4399400
0.141983985901  4395088
0.146939992905  4395035
0.147497177124  4392787
0.147932052612  4358288
0.149944067001  4354591
0.150218009949  4302629
0.150356054306  4289295
0.154149055481  4287684
0.1553170681  4284857
0.156852006912  4232515
0.157872200012  4232207
0.158130168915  4223665
0.159392118454  4221327
0.159523010254  4219638
0.159779071808  4218529
0.159946203232  4208057
0.16085600853  4198306
0.161365032196  4195183
0.162001132965  4194032
0.162511110306  4193181
0.164041996002  4187974
0.164300203323  4183196
0.165949106216  4180260
0.168047189713  4180147
0.169718027115  4178157
0.170749187469  4160031
0.170891046524  4158920
0.171153068542  4158397
0.174144983292  4143964
0.1742811203  4122598
0.176217079163  4118379
0.178244113922  4105293
0.179141998291  4093881
0.182301998138  4090073
0.182685136795  4080600
0.184461116791  4073165
0.1852850914  4073164
0.188368082047  4068034
0.192367076874  4065475
0.19401717186  4058722
0.194396972656  4055944
0.196846008301  4052214
0.199321985245  4051117
0.199709177017  4049626
0.200093984604  4038939
0.200350046158  4035612
0.201127052307  4031153
0.204122066498  4030225
0.205977201462  4010514
0.206112146378  3997934
0.20637011528  3972751
0.206500053406  3957833
0.210190057755  3955776
0.211091041565  3955019
0.212251186371  3954463
0.212777137756  3953468
0.214562177658  3947780
0.216845989227  3947403
0.216976165771  3901428
0.22217798233  3901146
0.223148107529  3900711
0.224954128265  3898905
0.225836038589  3898869
0.22611117363  3879049
0.226241111755  3870611
0.226747989655  3842589
0.227634191513  3840441
0.228069067001  3805894
0.229590177536  3799307
0.230099201202  3799144
0.231424093246  3798018
0.233023166656  3791982
0.233543157578  3791527
0.234675168991  3790628
0.237998008728  3786583
0.238391160965  3763235
0.238779067993  3753402
0.239425182343  3724336
0.240722179413  3717055
0.241115093231  3696967
0.24150800705  3694784
0.244971990585  3693644
0.251658201218  3692473
0.251790046692  3690563
0.254446029663  3689863
0.261449098587  3677419
0.266060113907  3673790
0.273391008377  3672548
0.28376698494  3670467
0.287631034851  3669244
0.289674043655  3668489
0.292848110199  3665754
0.294622182846  3665144
0.296523094177  3663352
0.296653032303  3662343
0.298130989075  3661698
0.298670053482  3661623
0.301664113998  3657998
0.304953098297  3652669
0.306421995163  3648787
0.308979034424  3646716
0.311799049377  3646696
0.31464099884  3618742
0.316590070724  3615048
0.31867313385  3614527
0.318804979324  3610329
0.325824022293  3605211
0.327875137329  3563864
0.330100059509  3561460
0.331519126892  3556640
0.335352182388  3547127
0.335654020309  3539866
0.337974071503  3534917
0.341449975967  3534184
0.344387054443  3508383
0.344523191452  3499567
0.346489191055  3496590
0.34740114212  3496382
0.348054170609  3495471
0.349349975586  3472000
0.35307598114  3468199
0.357511043549  3467853
0.361726045609  3466619
0.367285013199  3462347
0.369182109833  3461639
0.370580196381  3457733
0.370850086212  3457284
0.37272810936  3454107
0.372867107391  3450861
0.373018026352  3435441
0.373556137085  3434673
0.373974084854  3432450
0.37589597702  3418439
0.376919031143  3416568
0.379340171814  3413050
0.379600048065  3411225
0.380114078522  3411165
0.381258010864  3411056
0.382536172867  3390561
0.382667064667  3387323
0.382797002792  3386780
0.383944034576  3380338
0.385805130005  3366623
0.387309074402  3366320
0.389867067337  3358664
0.394086122513  3355485
0.397777080536  3355243
0.400333166122  3334914
0.400985002518  3331147
0.403290987015  3328980
0.411595106125  3313352
0.41760802269  3312950
0.419321060181  3312791
0.421185016632  3311480
0.42969417572  3310865
0.431509971619  3309731
0.432927131653  3308593
0.437117099762  3308539
0.440522193909  3306927
0.447345018387  3302910
0.451102018356  3300603
0.451487064362  3299444
0.456217050552  3294529
0.457129001617  3292022
0.459827184677  3290982
0.467533111572  3288351
0.468173027039  3283215
0.472392082214  3283192
0.478317975998  3273285
0.478967189789  3270778
0.479616165161  3270371
0.484784126282  3268782
0.485476970673  3266558
0.485750198364  3266442
0.486778020859  3264742
0.487003087997  3261779
0.491574048996  3255806
0.491965055466  3255499
0.500822067261  3241342
0.504712104797  3235769
0.510850191116  3233961
0.515320062637  3231916
0.515706062317  3225914
0.518022060394  3219857
0.522603034973  3217773
0.527048110962  3213595
0.529641151428  3213216
0.530543088913  3205564
0.535410165787  3204907
0.544378042221  3199706
0.550153970718  3198297
0.551805973053  3186410
0.554618120193  3184039
0.567041158676  3170031
0.567305088043  3107458
0.569046974182  3107186
0.572868108749  3103955
0.575575113297  3103443
0.57688498497  3102275
0.583196163177  3087713
0.585134983063  3087491
0.586347103119  3087104
0.588443040848  3084733
0.59082698822  3084195
0.596168994904  3081931
0.597701072693  3081180
0.598724126816  3074589
0.601283073425  3074323
0.613425970078  3072834
0.613816022873  3070854
0.614763021469  3070145
0.615988969803  3068540
0.622279167175  3066142
0.624286174774  3066054
0.625440120697  3065022
0.625576019287  3058015
0.626123189926  3057642
0.630462169647  3052110
0.631435155869  3051645
0.637339115143  3051502
0.64106798172  3049049
0.642353057861  3048068
0.643293142319  3046144
0.643434047699  3045341
0.645683050156  3042748
0.64645409584  3040167
0.651431083679  3037687
0.662832021713  3035130
0.664899110794  3033866
0.665285110474  3030922
0.67044711113  3028316
0.67124915123  3027395
0.672127008438  3025991
0.673199176788  3022396
0.674786090851  3020484
0.676114082336  3017711
0.685705184937  3014308
0.688054084778  2994480
0.688902139664  2990375
0.689598083496  2985255
0.691667079926  2985040
0.692833185196  2978910
0.692965984344  2973947
0.699450016022  2970464
0.703263044357  2968282
0.705465078354  2967685
0.710787057877  2965718
0.716516971588  2963929
0.718231201172  2962308
0.718537092209  2959601
0.720193147659  2956996
0.723875999451  2950632
0.735839128494  2948097
0.740504980087  2947268
0.743165969849  2925401
0.754103183746  2924140
0.756083011627  2923437
0.757501125336  2910834
0.757759094238  2910755
0.765659093857  2909482
0.773198127747  2908103
0.775119066238  2907793
0.777044057846  2907733
0.777598142624  2907206
0.783823013306  2907087
0.786869049072  2906316
0.790296077728  2905918
0.792359113693  2905837
0.793292999268  2905188
0.802618026733  2904931
0.804944992065  2903780
0.80725312233  2901889
0.816426038742  2896449
0.818050146103  2895613
0.82296204567  2894329
0.825505971909  2893599
0.833423137665  2889257
0.83892416954  2888475
0.845700025558  2888370
0.850500106812  2887083
0.86354804039  2887055
0.872961044312  2886248
0.873357057571  2881798
0.881105184555  2881570
0.899002075195  2879209
0.902547121048  2878577
0.91800904274  2873868
0.93027806282  2864974
0.936324119568  2863892
0.945307970047  2862192
0.947933197021  2858408
0.95046710968  2856263
0.951904058456  2856034
0.958007097244  2842082
0.958149194717  2839455
0.960415124893  2838563
0.968585968018  2744442
0.972613096237  2743608
0.979349136353  2740301
0.985511064529  2740144
0.988479137421  2738160
0.991894006729  2737416
0.992871999741  2737216
1.01188111305  2733388
1.02140617371  2727262
1.02599406242  2727084
1.02728414536  2723081
1.0304441452  2722624
1.03213620186  2721578
1.0430791378  2718915
1.05698919296  2718213
1.06057214737  2717556
1.06399416924  2717145
1.0645430088  2716624
1.06603217125  2715372
1.08395409584  2712455
1.11835312843  2712074
1.12146615982  2711238
1.12186002731  2710663
1.12714004517  2708160
1.12740111351  2706209
1.14070010185  2703232
1.14083600044  2702109
1.14359307289  2701851
1.1445081234  2700930
1.14648914337  2700846
1.15806317329  2700600
1.16020607948  2699521
1.16808319092  2699502
1.17363619804  2696590
1.19134998322  2695694
1.19291114807  2695411
1.20369315147  2695276
1.20548820496  2694404
1.20985007286  2692758
1.23349308968  2692064
1.2461540699  2691227
1.24842214584  2691090
1.26777505875  2690182
1.26886701584  2689048
1.26990604401  2687406
1.27439308167  2687247
1.28200411797  2686479
1.28296613693  2684185
1.28743600845  2681491
1.29709815979  2680880
1.29941320419  2679629
1.30120110512  2678437
1.3033850193  2678304
1.31154417992  2678114
1.31221008301  2677018
1.31790304184  2671429
1.31966900826  2671319
1.32423996925  2669480
1.32833313942  2668201
1.32901000977  2667129
1.33039617538  2665135
1.33094501495  2663381
1.34366798401  2663076
1.34380912781  2662701
1.35292410851  2660461
1.36917710304  2660323
1.3701570034  2659811
1.38014698029  2659172
1.38782310486  2658036
1.39673805237  2656184
1.39847111702  2648362
1.40212917328  2647607
1.40616297722  2646648
1.40704607964  2644860
1.40730810165  2644285
1.42408919334  2644164
1.43534708023  2643851
1.45646309853  2638663
1.45736598969  2637939
1.46020197868  2637652
1.46805214882  2635053
1.47022008896  2633056
1.47303009033  2631654
1.49736404419  2629825
1.50455403328  2628214
1.52956199646  2628035
1.53348112106  2627079
1.54046702385  2623568
1.54402899742  2623136
1.54651498795  2622521
1.54698514938  2613984
1.55958914757  2613938
1.56128001213  2610250
1.60458898544  2609980
1.61787199974  2609831
1.62105607986  2608307
1.64247298241  2605625
1.64334201813  2605394
1.64776515961  2603238
1.67220306396  2597827
1.67713499069  2597646
1.67915320396  2595783
1.68060517311  2595643
1.68256115913  2593527
1.68770909309  2592073
1.69521403313  2589828
1.69564819336  2586772
1.70100712776  2585852
1.70457005501  2584248
1.71054315567  2582576
1.71067500114  2582197
1.71156811714  2582007
1.72217011452  2578642
1.72379398346  2576844
1.73520803452  2576522
1.74344205856  2573970
1.74853515625  2571967
1.75007414818  2564524
1.75815415382  2561964
1.77074599266  2561099
1.77455997467  2559880
1.77998399734  2559712
1.78143906593  2558742
1.79655003548  2558463
1.79965996742  2557032
1.80301117897  2557030
1.80811500549  2555746
1.82864618301  2552391
1.83786606789  2552083
1.85614800453  2548039
1.86428117752  2547533
1.86584019661  2547389
1.87415909767  2547136
1.8766720295  2546767
1.88171315193  2546284
1.88819408417  2545946
1.89264202118  2540380
1.90297818184  2538875
1.92447900772  2538814
1.92573714256  2538570
1.93095207214  2537815
1.93657803535  2537160
1.94734716415  2536739
1.95041918755  2536261
1.97021007538  2534561
1.98991107941  2534147
2.00211906433  2533889
2.02377414703  2531550
2.02842211723  2531266
2.0315721035  2529832
2.03897309303  2519652
2.04710412025  2516103
2.05097413063  2514091
2.09383106232  2504353
2.09973597527  2503451
2.12235498428  2500970
2.12519001961  2500536
2.14760017395  2499696
2.15072107315  2499071
2.16569805145  2497945
2.19591903687  2497714
2.1987760067  2493976
2.20058608055  2489751
2.23276114464  2486783
2.23751711845  2482431
2.24018406868  2481865
2.25523114204  2481472
2.25892710686  2478770
2.26397705078  2478762
2.298787117  2478725
2.30382013321  2477519
2.30669498444  2475466
2.30708503723  2475393
2.30989098549  2472460
2.34316802025  2470750
2.3456799984  2469031
2.36597204208  2467045
2.37002897263  2466298
2.38493704796  2465889
2.40375804901  2460898
2.40470600128  2460785
2.41732811928  2458841
2.42858099937  2456532
2.46440005302  2456425
2.46570611  2453016
2.4731771946  2452582
2.47783398628  2451402
2.47915005684  2451252
2.50273513794  2449764
2.51513314247  2449354
2.54070210457  2447746
2.54949498177  2418416
2.57362818718  2417731
2.57858109474  2417338
2.57897305489  2415359
2.59027910233  2415290
2.59179401398  2412607
2.59453606606  2412530
2.61241197586  2411927
2.62754917145  2410363
2.64800810814  2404638
2.67144799232  2404487
2.67660212517  2403482
2.68724608421  2402566
2.69165706635  2401820
2.69880819321  2401787
2.70657610893  2399937
2.71487808228  2399678
2.7189540863  2391379
2.72377300262  2391187
2.7455971241  2389926
2.75347900391  2389314
2.7597360611  2388367
2.76335811615  2388365
2.77172017097  2387065
2.79205513  2384055
2.79219913483  2378903
2.81597399712  2373500
2.81843113899  2370512
2.82262706757  2367684
2.83163309097  2366965
2.84785413742  2366592
2.87594509125  2353662
2.89542412758  2353617
2.91008996964  2353486
2.91114711761  2341149
2.91460418701  2340671
2.9209280014  2338077
2.93804907799  2336069
2.9420580864  2331310
2.9441010952  2331177
2.95956110954  2330792
3.01968407631  2330255
3.02778697014  2329567
3.05607700348  2329079
3.08261299133  2327329
3.09348797798  2326601
3.11164498329  2326594
3.13891100883  2320366
3.17129015923  2319963
3.22679710388  2319296
3.25317311287  2316327
3.27290606499  2315454
3.27333712578  2314972
3.28375911713  2314820
3.30056500435  2312267
3.35568213463  2311602
3.35641407967  2311209
3.36363101006  2308101
3.37364506721  2307004
3.40475797653  2306034
3.44491004944  2301486
3.44835615158  2300987
3.47182607651  2297720
3.4740049839  2297497
3.47692298889  2295577
3.48616719246  2295111
3.49091696739  2290386
3.49307918549  2287404
3.50313210487  2286986
3.50384116173  2285440
3.5101211071  2284060
3.52052211761  2282066
3.53112697601  2282038
3.53650307655  2281250
3.54678010941  2280005
3.57002210617  2278613
3.57432317734  2277135
3.57582306862  2276736
3.5820441246  2276615
3.58569598198  2276160
3.60122513771  2276125
3.60624504089  2275893
3.65049910545  2275651
3.66489815712  2274832
3.68057012558  2274236
3.70166516304  2238856
3.7179350853  2235810
3.7432551384  2235702
3.76049017906  2235287
3.76133203506  2235162
3.76395797729  2235106
3.76438713074  2233566
3.76851916313  2226033
3.77068400383  2225455
3.77631211281  2222069
3.78131914139  2220326
3.78973317146  2219110
3.80983805656  2218646
3.83054304123  2217884
3.83588504791  2217857
3.84420919418  2217808
3.84524512291  2189565
3.86094498634  2189331
3.89004397392  2185727
3.90517711639  2185104
3.92588114738  2169500
3.93708705902  2169359
3.93982410431  2169242
3.94984698296  2168887
3.9798181057  2168391
4.02806901932  2165701
4.03516411781  2163506
4.04716300964  2163413
4.08606314659  2158067
4.09832119942  2157797
4.10185599327  2156624
4.11268115044  2154524
4.11450004578  2146451
4.12957406044  2146323
4.15265417099  2146317
4.16389513016  2145871
4.17646408081  2144436
4.18934798241  2144359
4.20589208603  2144114
4.21754407883  2142964
4.22420120239  2142827
4.22834515572  2142799
4.24832320213  2142748
4.26130008698  2140140
4.26488208771  2138715
4.27666497231  2138145
4.2797870636  2131265
4.28564405441  2130610
4.29772520065  2130096
4.31530404091  2125038
4.31553411484  2123663
4.3299510479  2122915
4.34274315834  2120219
4.37602305412  2111962
4.38178110123  2109802
4.40172219276  2109644
4.42982912064  2109616
6.913834095  2109026
6.91614699364  2108547
6.92786598206  2107440
6.9419260025  2106743
6.98278808594  2106616
7.00947904587  2105249
7.02216410637  2103918
7.03765916824  2102591
7.05809402466  2100659
7.05880308151  2100284
7.06521511078  2095524
7.09971904755  2095211
7.10284614563  2095177
7.12868499756  2095055
7.12973117828  2094352
7.13102412224  2093630
7.17064809799  2093384
7.17507100105  2093351
7.1902320385  2092894
7.19664096832  2091827
7.20021915436  2091675
7.21113014221  2090285
7.23436498642  2089168
7.237596035  2087683
7.24879407883  2085979
7.25065803528  2084940
7.2522521019  2083408
7.25384497643  2081255
7.30934119225  2050982
7.32564115524  2050617
7.32672119141  2050485
7.3555150032  2050465
7.37159013748  2050039
7.38147711754  2049854
7.41172814369  2049377
7.41599011421  2049298
7.42394113541  2048647
7.42675304413  2048586
7.43026900291  2047829
7.48672199249  2043697
7.49733304977  2041219
7.50445914268  2037375
7.51329016685  2017305
7.53536915779  2015282
7.56462407112  2014467
7.57226610184  2012308
7.58494520187  2012219
7.5925681591  2009514
7.65991711617  2009124
7.66578912735  2008177
7.66868519783  2007858
7.67941713333  2007446
7.70255899429  2007188
7.71428012848  2003774
7.7262980938  2003224
7.74947714806  2002595
7.75852704048  1999937
7.76680803299  1988716
11.2585091591  1986278
11.2738001347  1986239
11.2760550976  1985354
11.2856760025  1984704
11.3004250526  1984386
11.3159570694  1984144
11.3730490208  1984053
11.3825089931  1983351
11.4278070927  1982598
11.4365921021  1978656
11.446721077  1978047
11.4610891342  1977467
11.4641320705  1977190
11.5243241787  1972944
11.551664114  1972522
11.5641441345  1971794
11.5828871727  1971755
11.5837051868  1971107
11.625975132  1970648
11.6278049946  1964488
11.6340310574  1964185
11.6408991814  1961615
11.6640532017  1961184
11.701267004  1960691
11.7213339806  1958076
11.7727401257  1957133
11.7780151367  1952950
11.7855291367  1952523
11.793418169  1952515
11.8083171844  1951743
11.8242270947  1950385
11.8421711922  1949106
11.8828070164  1948906
11.9033241272  1948850
11.9090349674  1947421
11.9161710739  1945915
11.9173440933  1944153
11.9314510822  1943574
11.9521300793  1942873
11.9939510822  1931348
11.9973549843  1931282
12.0220820904  1930778
12.0466661453  1930550
12.0494270325  1930134
12.0716581345  1930001
12.0758721828  1929439
12.0799310207  1926538
12.0907740593  1926454
12.0955140591  1923875
12.1183841228  1923780
12.1273291111  1923302
12.147121191  1922921
12.1638081074  1921253
12.1642341614  1919856
12.1926071644  1918785
12.2138681412  1918553
12.2338521481  1916731
12.2631671429  1916672
22.2662930489  1912592
22.2665929794  1911336
22.2696011066  1910051
22.2761220932  1904663
22.2839221954  1898701
22.2946901321  1898475
22.3012700081  1897902
22.3432691097  1895503
22.3516659737  1891517
22.3720099926  1891014
22.3830640316  1883512
22.3940341473  1883232
22.3949999809  1883222
22.3966720104  1882963
22.4032762051  1877516
22.4039411545  1873842
22.4181280136  1873754
22.4399631023  1873017
22.44592309  1872194
22.4469690323  1870904
22.4628331661  1866548
22.4851751328  1865908
22.5254070759  1863843
22.5382471085  1863678
22.5451641083  1863501
22.5639591217  1859048
22.5698859692  1857988
22.5852460861  1856916
22.6016201973  1856758
22.6187009811  1854517
22.618844986  1854320
22.6464660168  1832589
22.6832191944  1832366
22.6998181343  1831129
22.7218561172  1827259
22.7702200413  1825610
22.7710521221  1825302
22.7799050808  1824933
22.7837090492  1823279
22.8120141029  1822673
22.8403949738  1822288
22.880325079  1821764
22.8820400238  1821729
22.898555994  1821727
28.2432100773  1811676
28.2632482052  1811259
28.3008511066  1810809
28.3516731262  1809709
28.3908381462  1808870
28.4184720516  1805744
28.4378480911  1804820
39.5142650604  1799452
39.5158240795  1797878
39.5164711475  1796892
39.5198700428  1796890
39.5241110325  1795533
39.5284180641  1794997
39.5312101841  1794082
39.5342440605  1792366
39.5652680397  1792290
39.6065831184  1791983
39.6119270325  1789404
39.6169300079  1789335
39.6257929802  1786670
39.6416530609  1786226
39.6439301968  1774482
39.6694819927  1773842
39.6840720177  1773576
39.6935901642  1773325
39.7107350826  1773221
39.7151319981  1772381
39.722851038  1771874
39.7447140217  1771775
39.7563340664  1770622
39.7709259987  1769542
39.8023481369  1765221
39.8034191132  1763161
39.8153669834  1761847
39.8215661049  1761293
39.8758010864  1736760
39.8858690262  1735877
39.8870429993  1734110
39.9026391506  1733934
39.9085390568  1729627
39.9116551876  1726891
39.9248900414  1726618
39.9341881275  1726076
39.9674119949  1723070
39.9723381996  1722965
