0.037878036499  7217417
0.0386128425598  7194276
0.0387599468231  7192787
0.0395479202271  7176255
0.0400419235229  7168940
0.0402929782867  7117483
0.0409219264984  7116325
0.0412938594818  7110278
0.0414209365845  7108321
0.0415468215942  7108295
0.0416719913483  7096510
0.0419239997864  7091033
0.0422968864441  7077786
0.0426738262177  6940512
0.0429239273071  6894524
0.0431728363037  6808511
0.0436680316925  6799474
0.0437948703766  6781060
0.0440449714661  6780174
0.0445399284363  6777299
0.0450348854065  6738323
0.0451619625092  6734387
0.0459020137787  6684322
0.0461819171906  6678935
0.0468199253082  6674774
0.0469479560852  6643343
0.0470750331879  6529700
0.0475699901581  6396385
0.0479500293732  6384443
0.0483210086823  6370815
0.0486919879913  6339796
0.0488178730011  6331581
0.049311876297  6328549
0.049437046051  6311267
0.0499310493469  6307033
0.0503029823303  6302900
0.0510430335999  6282794
0.0511689186096  6114433
0.051295042038  6102389
0.0517890453339  6100249
0.0521609783173  6096311
0.0522878170013  6085557
0.0525360107422  6085551
0.0535168647766  6081471
0.0537669658661  6076405
0.0542619228363  6065078
0.0543868541718  6063663
0.0547568798065  6062166
0.0548830032349  6058066
0.055496931076  6021713
0.0566070079803  5895596
0.0568568706512  5866683
0.0569829940796  5861468
0.0579669475555  5860256
0.0582158565521  5839741
0.0584650039673  5838980
0.0585908889771  5821874
0.0587170124054  5814707
0.0588419437408  5790449
0.0598268508911  5785147
0.0604429244995  5725639
0.0609359741211  5714901
0.0611848831177  5648544
0.0617990493774  5585143
0.0625369548798  5513348
0.0632748603821  5490690
0.063777923584  5486738
0.065004825592  5467804
0.0656208992004  5454194
0.0662398338318  5454062
0.06796002388  5450935
0.0683329105377  5440732
0.0687029361725  5402685
0.0691978931427  5402455
0.0693249702454  5389855
0.0694499015808  5372903
0.0705599784851  5369118
0.0706858634949  5367203
0.0713028907776  5366937
0.0720388889313  5360957
0.0721659660339  5327349
0.0725378990173  5325929
0.0739719867706  5325913
0.0743639469147  5325628
0.0748970508575  5307646
0.0774228572845  5290518
0.0801320075989  5289999
0.0805058479309  5278133
0.0807559490204  5265162
0.0811278820038  5251721
0.0812549591064  5249948
0.0829439163208  5245776
0.0835700035095  5219268
0.0839428901672  5216388
0.0843160152435  5149551
0.0868968963623  5135671
0.0873930454254  5134911
0.0887448787689  5133526
0.089607000351  5115295
0.0898559093475  5114489
0.0902278423309  5101075
0.0904769897461  5092708
0.0909700393677  5081631
0.092386007309  5078934
0.092896938324  5077376
0.0945188999176  5072736
0.0947709083557  5061258
0.0957589149475  5060453
0.0969889163971  5059445
0.0976059436798  5058749
0.0980999469757  5035949
0.099084854126  5016894
0.0993340015411  5010666
0.0998179912567  5003873
0.100073814392  4956818
0.102433919907  4951670
0.102977991104  4941393
0.103299856186  4938271
0.105640888214  4932987
0.107127904892  4922683
0.108568906784  4920475
0.112571001053  4910900
0.113986968994  4910321
0.114756822586  4812214
0.115154027939  4803172
0.115603923798  4802247
0.118006944656  4799410
0.118589878082  4797573
0.11954498291  4795531
0.121371030807  4786869
0.122555017471  4785704
0.123062849045  4774859
0.12392783165  4773290
0.124073028564  4771946
0.124596834183  4754245
0.12473487854  4746989
0.125049829483  4708717
0.127065896988  4707261
0.12757897377  4706092
0.128973960876  4694966
0.130511045456  4679075
0.130766868591  4678358
0.132510900497  4654187
0.133121967316  4652575
0.135146856308  4630985
0.135403871536  4629727
0.135532855988  4620482
0.137046813965  4619586
0.138301849365  4604867
0.138806819916  4603227
0.140439987183  4597015
0.141590833664  4581320
0.143638849258  4580836
0.144325971603  4560063
0.144707918167  4559665
0.145087003708  4554227
0.145215988159  4547960
0.145721912384  4546808
0.145977973938  4546444
0.148634910583  4535764
0.149461984634  4535324
0.152298927307  4515915
0.15430688858  4508186
0.154814004898  4501249
0.155068874359  4498490
0.156069993973  4489717
0.157604932785  4473486
0.158463954926  4468357
0.162271022797  4458729
0.163653850555  4456842
0.163908958435  4456457
0.165431976318  4454435
0.166733980179  4451366
0.167232036591  4440058
0.167752981186  4430181
0.167899847031  4419413
0.169013977051  4419179
0.171680927277  4407604
0.17275595665  4324714
0.176595926285  4321066
0.176985025406  4310862
0.177115917206  4310808
0.180385828018  4291267
0.18471288681  4287687
0.186419963837  4287353
0.187475919724  4286800
0.188094854355  4285398
0.189705848694  4274342
0.190726041794  4252487
0.191916942596  4250924
0.192831039429  4239777
0.192996025085  4239188
0.19350194931  4229051
0.195613861084  4219172
0.196002006531  4218942
0.199242830276  4216914
0.199797868729  4119501
0.203611850739  4105055
0.207541942596  4104519
0.211185932159  4088755
0.211940050125  4087479
0.212947845459  4069829
0.213855981827  4066641
0.215253829956  4058110
0.216022014618  4047139
0.219236850739  4045898
0.220751047134  4040765
0.221258878708  4028818
0.222916841507  4025543
0.223104000092  4021073
0.225222826004  4020938
0.22786283493  4014664
0.2281229496  4011708
0.229707956314  4006278
0.230607032776  4005490
0.234876871109  4002214
0.238286972046  3995047
0.240679979324  3964731
0.242105960846  3961669
0.245391845703  3958296
0.245774030685  3955678
0.248378992081  3954448
0.248616933823  3952638
0.24883890152  3949903
0.24915099144  3939663
0.251999855042  3935203
0.253270864487  3915914
0.258289813995  3913334
0.261632919312  3913286
0.261903047562  3909794
0.263160943985  3900565
0.264849901199  3896209
0.268499851227  3890940
0.268756866455  3890718
0.269137859344  3889782
0.269644021988  3889466
0.270545005798  3859519
0.270807981491  3855660
0.271064996719  3851774
0.273838996887  3849105
0.27535700798  3801453
0.278005838394  3793703
0.27978682518  3792320
0.283596038818  3790443
0.285858869553  3786642
0.287662029266  3783795
0.288293838501  3780569
0.290199041367  3773049
0.290457010269  3742325
0.291093826294  3742002
0.292232036591  3741687
0.292744874954  3741229
0.296035051346  3734499
0.300109863281  3729809
0.301455020905  3729570
0.305737018585  3727356
0.306118965149  3715757
0.306622982025  3708980
0.307001829147  3705131
0.309973955154  3700609
0.312902927399  3689294
0.313035011292  3686748
0.313163995743  3685572
0.314357042313  3683888
0.314867973328  3682996
0.320016860962  3674870
0.322569847107  3669987
0.322950839996  3663139
0.324336051941  3655375
0.324466943741  3650859
0.327131986618  3650837
0.327647924423  3650478
0.329300880432  3649975
0.331573009491  3649443
0.334862947464  3645580
0.335467815399  3635001
0.336879014969  3634348
0.339303016663  3630920
0.3430788517  3618504
0.343457937241  3617825
0.345247030258  3569359
0.347021818161  3561883
0.34715294838  3539239
0.34791302681  3538693
0.35018992424  3536868
0.351642847061  3527262
0.354869842529  3514655
0.355628013611  3513618
0.357758998871  3512449
0.361527919769  3511620
0.364433050156  3508986
0.36746096611  3506196
0.373107910156  3505297
0.373783826828  3494683
0.381237983704  3492587
0.383668899536  3492062
0.387415885925  3457603
0.391441822052  3457052
0.391580820084  3439856
0.392472028732  3436042
0.395884990692  3432981
0.396899938583  3432703
0.399947881699  3427957
0.404230833054  3422554
0.407025814056  3418779
0.407781839371  3417491
0.415766954422  3410174
0.42583489418  3409002
0.431308984756  3407235
0.432875871658  3405012
0.433446884155  3404579
0.434844970703  3403913
0.435336828232  3403633
0.438951969147  3396612
0.440243005753  3394368
0.440886974335  3393563
0.441527843475  3392642
0.445299863815  3389848
0.446200847626  3382928
0.446960926056  3382080
0.452044010162  3361907
0.461684942245  3352784
0.461858034134  3350179
0.462443828583  3348512
0.463845014572  3346294
0.475358009338  3346061
0.475512981415  3337852
0.479038953781  3333674
0.487538814545  3333300
0.488713026047  3330908
0.488845825195  3310079
0.489404916763  3308218
0.489553928375  3306560
0.503321886063  3306485
0.503589868546  3300337
0.503721952438  3295951
0.504112958908  3291606
0.505395889282  3289128
0.509591817856  3282077
0.510670900345  3281465
0.510805845261  3279712
0.511814832687  3278655
0.513986825943  3277155
0.524344921112  3275333
0.527214050293  3275178
0.528491973877  3269259
0.543148040771  3266006
0.545055866241  3253047
0.54872584343  3252613
0.549053907394  3250975
0.549262046814  3250757
0.551589012146  3248733
0.556038856506  3246508
0.559422969818  3229799
0.560978889465  3228567
0.564079046249  3228498
0.569197893143  3209174
0.584105968475  3206238
0.585536956787  3205152
0.58917593956  3204514
0.594447851181  3202918
0.597347021103  3202444
0.600092887878  3202074
0.601063966751  3201819
0.602246999741  3194542
0.604463815689  3194332
0.606497049332  3193537
0.606632947922  3193091
0.612347841263  3192245
0.612478017807  3187268
0.61625289917  3184438
0.624475002289  3182810
0.632889032364  3170722
0.633785009384  3166327
0.637548923492  3165303
0.640216827393  3150025
0.64277100563  3147222
0.645120859146  3146989
0.647181034088  3146914
0.647316932678  3146905
0.653770923615  3146661
0.655786037445  3145730
0.659193992615  3139079
0.662083864212  3138557
0.665861845016  3132850
0.674134016037  3126511
0.67874288559  3111362
0.680011034012  3109610
0.68203997612  3109269
0.682672977448  3083846
0.68411397934  3083686
0.685456037521  3080208
0.687999010086  3078315
0.689157009125  3073484
0.690057039261  3072003
0.69148182869  3071474
0.696786880493  3066652
0.698827028275  3064868
0.700734853745  3057832
0.702960968018  3049795
0.705924034119  3047437
0.712308883667  3047006
0.716287851334  3046581
0.716881990433  3046473
0.718410968781  3044408
0.719007015228  3043943
0.724504947662  3042924
0.727645874023  3033106
0.727813005447  3027124
0.728776931763  3025938
0.734681844711  3023200
0.737639904022  3020438
0.748379945755  3019941
0.75946187973  3010104
0.761160850525  3009224
0.762509822845  3008639
0.762902021408  3008071
0.766563892365  3008010
0.771481990814  3004912
0.773386001587  2979631
0.776278018951  2978258
0.780922889709  2977725
0.786737918854  2940321
0.789470911026  2939836
0.79092001915  2935134
0.794945001602  2932796
0.798876047134  2930895
0.804052829742  2929137
0.806105852127  2927560
0.818635940552  2925725
0.818830013275  2922274
0.827294826508  2921719
0.827481031418  2917303
0.82959485054  2915671
0.838409900665  2902561
0.840042829514  2901347
0.84330701828  2900237
0.849638938904  2898635
0.85143494606  2894832
0.855840921402  2878502
0.857497930527  2878412
0.866438865662  2874973
0.867708921432  2874237
0.870806932449  2866603
0.873587846756  2866159
0.876355886459  2850646
0.878237009048  2850611
0.880594015121  2847621
0.882553815842  2846208
0.885126829147  2842167
0.891086816788  2830895
0.90297794342  2727819
0.908994913101  2723805
0.910879850388  2719782
0.915630817413  2717569
0.917429924011  2716517
0.919044017792  2712884
0.921658992767  2710137
0.927448034286  2710020
0.932358980179  2703332
0.937065839767  2697635
0.938452959061  2692047
0.941577911377  2690185
0.944355010986  2686456
0.944615840912  2686218
0.946391820908  2685191
0.947654008865  2683671
0.948160886765  2679448
0.949836015701  2677636
0.950027942657  2677541
0.951519966125  2676430
0.954299926758  2675234
0.962316036224  2590959
0.969383955002  2573545
0.970901012421  2573446
0.976433038712  2547207
0.978744029999  2546343
0.987998008728  2545789
0.989013910294  2543449
0.995558023453  2541311
0.995820045471  2540218
1.00654196739  2538311
1.01291203499  2536277
1.02143001556  2535257
1.0239880085  2534814
1.02735686302  2534538
1.03271698952  2534055
1.03403687477  2532782
1.03523802757  2527235
1.03638195992  2522877
1.04181694984  2521879
1.04415893555  2520696
1.05225396156  2518056
1.0579419136  2507346
1.06961488724  2506581
1.08054995537  2499241
1.08334898949  2498080
1.10182404518  2494562
1.10233998299  2494048
1.10575985909  2488196
1.10762381554  2482748
1.11907792091  2482426
1.12671494484  2480458
1.13138699532  2479029
1.13246798515  2475779
1.14141392708  2473871
1.14582490921  2465712
1.14678788185  2462298
1.15033483505  2461323
1.15102100372  2458791
1.15761995316  2453865
1.1659040451  2453091
1.17067790031  2453018
1.17225503922  2452371
1.18953490257  2449804
1.20097398758  2437726
1.21888494492  2436302
1.22029495239  2432739
1.23822402954  2425103
1.23835992813  2417960
1.24194383621  2416499
1.24396085739  2411819
1.24421882629  2408493
1.24637293816  2407266
1.24966692924  2396722
1.25381088257  2396643
1.27943301201  2395577
1.28187394142  2328864
1.2865729332  2325067
1.2980890274  2321446
1.29886984825  2320951
1.30663299561  2314940
1.30970191956  2314914
1.31211996078  2314686
1.31716585159  2308799
1.3196208477  2308789
1.32102584839  2307637
1.32174396515  2305512
1.3241288662  2302428
1.32495903969  2302418
1.32618498802  2294532
1.32812190056  2293372
1.33421587944  2293123
1.34462189674  2291270
1.3586909771  2290961
1.35958790779  2287485
1.37165594101  2286031
1.37984585762  2284916
1.38193202019  2283306
1.4020409584  2277543
1.40701293945  2275141
1.40891504288  2267883
1.43016695976  2267813
1.43047189713  2267443
1.43399786949  2267290
1.46132493019  2266180
1.46189284325  2259201
1.46723294258  2227080
1.47371983528  2226898
1.48569893837  2226749
1.4912250042  2224184
1.49305105209  2218384
1.49973297119  2218310
1.51918697357  2216831
1.52139782906  2202639
1.54125595093  2201079
1.55096292496  2200938
1.55331587791  2200378
1.55946803093  2194355
1.57252192497  2193750
1.57986092567  2193680
1.58109998703  2193206
1.58858990669  2191640
1.60563492775  2191301
1.60758399963  2191199
1.60872983932  2181670
1.61329197884  2180649
1.62799692154  2180504
1.6333489418  2178971
1.64023995399  2175761
1.64801692963  2174400
1.6516430378  2171864
1.65987992287  2171726
1.69407296181  2171134
1.69740891457  2169363
1.70215892792  2163301
1.70238399506  2162721
1.70657587051  2162583
1.72169589996  2162257
1.75006985664  2160502
1.76393389702  2160480
1.76962590218  2152119
1.79127883911  2150705
1.79608488083  2150494
1.80387187004  2150282
1.81588888168  2149825
1.81666183472  2130971
1.82943797112  2130489
1.83096599579  2126872
1.83811283112  2126586
1.84511804581  2124967
1.85315990448  2124864
4.20387601852  2122127
4.20566082001  2121987
4.24440002441  2121976
4.2610809803  2121435
4.26814699173  2107315
4.28027486801  2105441
4.28874802589  2100161
4.29834890366  2099277
4.30021691322  2099210
4.31941604614  2099022
4.33402991295  2098302
4.34111905098  2096983
4.36847901344  2095616
4.37204098701  2095098
4.38411998749  2094991
4.40150904655  2080266
4.4071419239  2079811
4.45528483391  2079243
4.45946884155  2076919
4.478276968  2076404
4.4882979393  2075291
4.50812387466  2074345
4.52450990677  2070725
4.53415703773  2062269
4.53613781929  2061839
4.5377099514  2058929
4.56979489326  2057674
4.58981084824  2057399
4.59136104584  2056354
4.59214401245  2055996
4.60384488106  2049399
4.60836291313  2048817
4.61142086983  2048554
4.63123202324  2048277
4.65311193466  2046519
4.66283893585  2045784
4.67481589317  2038429
4.68600296974  2038406
4.69826698303  2034757
4.69999098778  2034563
4.70053982735  2033164
4.70764398575  2032950
4.7371070385  2026307
4.75427985191  2024501
4.75955200195  2023066
4.77491903305  2022538
4.77951383591  2022527
4.79941296577  2022433
4.80055785179  2017610
4.81795597076  2003040
4.82124996185  2000468
4.82316803932  2000463
4.85816693306  1999950
4.85935091972  1997825
4.89479494095  1997436
4.92051386833  1995318
4.95637202263  1992809
4.95690584183  1992783
4.97281098366  1990304
4.97511982918  1989853
4.980437994  1983063
5.01077795029  1982860
5.02087283134  1982646
5.0305378437  1982638
5.03089904785  1974358
5.04609394073  1973930
5.04881095886  1973438
5.06122398376  1972739
5.10496091843  1971664
5.14609599113  1962180
5.17664504051  1958858
5.20201587677  1958029
9.355479002  1954743
9.35689282417  1954414
9.35854887962  1953898
9.3876478672  1953059
9.39877486229  1952597
9.41845583916  1948982
12.5383439064  1947434
12.5575389862  1944819
12.5699379444  1944463
12.5788450241  1941909
12.5944788456  1941736
12.5969099998  1938049
12.5974500179  1937928
12.6126189232  1937363
12.6379549503  1937332
12.640488863  1935600
12.6575779915  1934823
12.6602709293  1934413
12.6662199497  1932575
12.6910328865  1931635
12.6943199635  1925491
12.6971650124  1924926
12.7018258572  1924885
12.7022619247  1922020
12.7185869217  1921662
12.7475669384  1921230
12.7554879189  1919741
12.7617559433  1918521
12.7631709576  1918165
12.780395031  1917755
21.5068519115  1893915
21.5094668865  1892494
21.5160329342  1891036
21.5289900303  1889338
21.5925040245  1884781
21.6208188534  1884632
21.6595339775  1878736
21.6652388573  1878525
21.6830320358  1877267
21.6924889088  1876974
21.7281980515  1876563
21.7459199429  1873314
21.7792179585  1873003
21.7976648808  1869164
21.8096530437  1867477
21.8183660507  1866921
21.8483300209  1864679
21.8618810177  1864134
21.8690268993  1862876
21.8709578514  1862637
21.8857059479  1862537
21.9114558697  1860579
21.9490818977  1859833
21.988476038  1858377
22.0056669712  1848252
22.018226862  1845857
22.0227279663  1845794
22.0433049202  1841552
22.0454440117  1840054
22.0585830212  1838330
22.0607719421  1831038
22.1095299721  1830385
22.1607308388  1829906
22.1752598286  1828081
22.1836159229  1827860
22.2130520344  1826623
22.2303068638  1825126
22.2321288586  1825101
22.2345039845  1823910
22.2407250404  1822282
22.242125988  1821315
22.260819912  1820860
22.2630598545  1820384
22.2730548382  1819394
22.2983088493  1815369
22.3111889362  1813512
22.3315999508  1811697
22.3324878216  1810961
22.3521258831  1810763
22.3629469872  1808573
22.4245269299  1803914
22.4316859245  1803715
22.4365408421  1800817
22.4946098328  1799695
22.5082769394  1799185
22.5168869495  1798816
22.5580840111  1796776
22.5605428219  1796175
22.566685915  1795803
22.5753920078  1791581
22.5925140381  1790625
22.6012868881  1786058
22.646832943  1780015
22.6503808498  1779399
22.6505160332  1763558
22.6621758938  1763518
22.7195739746  1761991
22.7438910007  1761598
22.7524168491  1761522
22.7828190327  1760123
22.7922718525  1758751
22.8320000172  1757244
22.87824893  1757162
22.8905558586  1756201
22.8997738361  1756031
22.9199969769  1755397
22.9268898964  1755334
22.9548130035  1752753
22.9736690521  1752329
23.0192630291  1752294
23.034984827  1751747
23.0532670021  1751030
23.110093832  1749722
23.1120669842  1749511
98.0029888153  1744804
98.0161969662  1744667
98.0431108475  1744460
98.0658969879  1744243
98.0929279327  1744152
98.1006278992  1743436
98.1380989552  1742583
98.1458418369  1740682
98.1649048328  1740291
98.1807658672  1739347
98.2013499737  1733420
98.2235188484  1731890
98.2424268723  1730824
98.2650909424  1727460
98.2735478878  1724785
98.2780399323  1719237
98.281785965  1707719
98.2907278538  1707591
98.3166379929  1707525
98.3543570042  1706091
98.3974740505  1706070
98.4091110229  1703259
98.4242420197  1700414
98.4367899895  1700171
98.437707901  1692031
98.4475259781  1691486
98.4858908653  1690058
98.4967899323  1689725
98.5142159462  1682025
98.5369329453  1681999
98.5447180271  1681433
98.5469460487  1681411
168.8488729  1679743
168.869452  1677171
168.871615887  1675824
168.896517992  1675772
168.9018929  1674913
168.90632987  1670441
168.932636023  1670361
168.935056925  1667066
168.937523842  1664796
168.975172043  1664401
168.991194963  1664204
169.038101912  1660107
169.062314034  1655030
169.085866928  1654045
169.123064995  1648653
169.139968872  1646572
169.15732789  1636203
169.171564817  1632547
169.197980881  1632303
169.212342978  1631797
169.214134932  1628709
169.272806883  1628436
169.301970005  1627875
169.326948881  1627835
