0.0378279685974  7057761
0.0381541252136  7050730
0.0383319854736  7043001
0.0387651920319  7030079
0.0392601490021  7014269
0.0397319793701  7008604
0.039911031723  7006725
0.0410251617432  7003814
0.0411891937256  6993391
0.0419850349426  6992355
0.0423941612244  6970676
0.0427670478821  6969929
0.0428941249847  6946716
0.0430200099945  6937828
0.0431461334229  6932350
0.0433971881866  6926459
0.0436470508575  6913830
0.0437731742859  6876990
0.0440230369568  6820593
0.0441501140594  6771948
0.0442759990692  6736480
0.0445280075073  6736340
0.0446541309357  6658320
0.0447809696198  6655455
0.0451550483704  6639620
0.0454039573669  6603781
0.0455310344696  6582781
0.046028137207  6577515
0.0465221405029  6570582
0.046648979187  6560320
0.0467760562897  6553168
0.0470249652863  6431210
0.0472750663757  6379448
0.0474021434784  6359956
0.0475280284882  6354920
0.0478999614716  6288820
0.0480270385742  6275620
0.0481531620026  6271681
0.0485291481018  6250330
0.0486571788788  6237041
0.0487840175629  6231816
0.0490341186523  6228031
0.0491600036621  6222756
0.0494101047516  6219853
0.0497841835022  6185830
0.0501580238342  6185502
0.0507781505585  6105818
0.0509049892426  6098929
0.0510320663452  6085336
0.0511581897736  6084101
0.0517740249634  6076979
0.0521459579468  6075466
0.0528860092163  6068031
0.053013086319  6065128
0.0535080432892  6049083
0.0536351203918  6045482
0.0542531013489  6043418
0.0552651882172  6042580
0.0558021068573  6037775
0.056193113327  6036583
0.0565671920776  6036022
0.0568180084229  5999249
0.0573151111603  5997563
0.0574421882629  5997051
0.058434009552  5984868
0.0588090419769  5975368
0.0595541000366  5956219
0.0596821308136  5955459
0.0598101615906  5939201
0.0604331493378  5915392
0.0610580444336  5912394
0.0613090991974  5911266
0.0614361763  5892308
0.0625519752502  5890508
0.0628020763397  5889167
0.0631761550903  5882965
0.0634269714355  5880199
0.0635540485382  5876995
0.0643000602722  5876493
0.0644271373749  5872345
0.0650601387024  5871027
0.0660500526428  5870172
0.0661771297455  5859369
0.066920042038  5856988
0.0670461654663  5856240
0.0675411224365  5852912
0.0679140090942  5850756
0.0686631202698  5849121
0.0691640377045  5847957
0.0695371627808  5846251
0.070897102356  5843136
0.0713951587677  5841832
0.0715231895447  5828919
0.0720450878143  5812223
0.0724470615387  5800203
0.0729281902313  5768396
0.0741121768951  5747851
0.0742471218109  5740579
0.0747811794281  5724943
0.0756330490112  5692023
0.076024055481  5688402
0.0767250061035  5658861
0.0778830051422  5644992
0.0788841247559  5621307
0.0790121555328  5573869
0.0793850421906  5573079
0.0802500247955  5568048
0.0803771018982  5567610
0.0821080207825  5559570
0.0826029777527  5536678
0.0831031799316  5531486
0.0837230682373  5524838
0.0841000080109  5505660
0.0844750404358  5500411
0.0848500728607  5494425
0.0853459835052  5486172
0.085841178894  5473124
0.0864591598511  5470367
0.0874500274658  5460364
0.0875771045685  5459720
0.088632106781  5432542
0.0892910957336  5415298
0.0897979736328  5348881
0.0899240970612  5332692
0.0905539989471  5330914
0.0909290313721  5303509
0.0920519828796  5297765
0.0921790599823  5293771
0.0925559997559  5199365
0.0929341316223  5123125
0.0939240455627  5123055
0.0946660041809  5087087
0.0949151515961  5056459
0.0952880382538  5055820
0.095782995224  5055068
0.0960330963135  5025006
0.0967741012573  5018980
0.097146987915  4984750
0.0976421833038  4983697
0.0988750457764  4976303
0.099249124527  4970758
0.101094007492  4964382
0.102594137192  4951146
0.102724075317  4944385
0.103106021881  4939897
0.104238986969  4938619
0.104393005371  4934056
0.104933023453  4879316
0.10547208786  4878516
0.10560798645  4878394
0.106012105942  4873863
0.106142044067  4867322
0.106270074844  4793992
0.106899023056  4786844
0.107403993607  4773098
0.110674142838  4756078
0.111669063568  4752356
0.113051176071  4739214
0.115893125534  4737519
0.116779088974  4735111
0.118415117264  4722310
0.119548082352  4721881
0.124382972717  4721104
0.1248960495  4717886
0.125027179718  4716133
0.125792980194  4715886
0.126343011856  4706063
0.127230167389  4695653
0.12787604332  4695437
0.128257989883  4666738
0.128388166428  4664828
0.1292719841  4663693
0.12952709198  4662136
0.133928060532  4660139
0.134057998657  4639833
0.134186983109  4631193
0.135321140289  4629540
0.135704994202  4624449
0.136460065842  4616618
0.137468099594  4609128
0.13759803772  4598332
0.138483047485  4592823
0.138893127441  4584358
0.139029979706  4571980
0.141530036926  4563545
0.142173051834  4562391
0.142428159714  4558675
0.143141031265  4475047
0.143277168274  4460451
0.143408060074  4456833
0.144042015076  4455378
0.144427061081  4446717
0.146417140961  4395580
0.146558046341  4369738
0.147364139557  4359648
0.148588180542  4355378
0.149369001389  4352391
0.150496959686  4337940
0.152255058289  4228976
0.155066013336  4223109
0.155204057693  4172436
0.156277179718  4165392
0.158668994904  4163578
0.159307003021  4163571
0.160187959671  4144409
0.162443161011  4135679
0.162697076797  4125529
0.163202047348  4115385
0.164085149765  4110905
0.164463996887  4109870
0.165477991104  4108122
0.167732000351  4103224
0.168859004974  4094862
0.169114112854  4093012
0.172614097595  4089405
0.174129009247  4089259
0.174636125565  4082457
0.177653074265  4082099
0.177957057953  4081084
0.18165397644  4053102
0.184612035751  4051475
0.184887170792  4038745
0.187213182449  4037597
0.19317817688  4036916
0.194323062897  4018038
0.195085048676  4008407
0.200015068054  4007672
0.20014500618  4004190
0.20517206192  3989584
0.206026077271  3963344
0.20672917366  3963083
0.207650184631  3940816
0.208031177521  3932018
0.210041046143  3930974
0.211892127991  3929483
0.215908050537  3916390
0.219992160797  3915537
0.220263004303  3907360
0.223726987839  3902288
0.223870992661  3898013
0.225653171539  3890008
0.22793507576  3881812
0.228064060211  3881405
0.230327129364  3881097
0.23234295845  3874638
0.23285317421  3871655
0.234115123749  3779776
0.235121965408  3766071
0.235884189606  3760260
0.237030982971  3714425
0.238168001175  3708747
0.23880815506  3704812
0.240694999695  3699083
0.242218971252  3677157
0.242349147797  3675116
0.248522996902  3671244
0.250418186188  3667196
0.254263162613  3666800
0.254395008087  3599018
0.25671505928  3586016
0.259147167206  3573640
0.259860038757  3556376
0.260822057724  3556255
0.266330003738  3552235
0.267790079117  3551524
0.272145986557  3482895
0.272961139679  3458541
0.274836063385  3457874
0.274979114532  3457516
0.278891086578  3451375
0.281260967255  3449019
0.283970117569  3448866
0.285493135452  3446247
0.285624027252  3442717
0.288024187088  3368108
0.288910150528  3367309
0.290170192719  3363891
0.29231595993  3306533
0.294002056122  3301695
0.297382116318  3297414
0.301428079605  3293284
0.302566051483  3288561
0.306480169296  3286598
0.307873010635  3284298
0.309015035629  3280243
0.309277057648  3269846
0.313634157181  3268846
0.31552696228  3268839
0.315910100937  3264257
0.317815065384  3263805
0.317947149277  3260996
0.32136297226  3259642
0.327079057693  3256126
0.329262018204  3241305
0.33053612709  3221518
0.331070184708  3217727
0.331871032715  3210654
0.332139015198  3201741
0.33343911171  3199757
0.336358070374  3192009
0.336490154266  3191428
0.338894128799  3191177
0.347248077393  3190357
0.35116314888  3176626
0.361018180847  3165383
0.362414121628  3164832
0.364188194275  3107717
0.365195989609  3107447
0.366583108902  3102172
0.368927001953  3102058
0.369063138962  3070368
0.36959695816  3068733
0.376496076584  3068410
0.376631975174  3058627
0.376891136169  3050044
0.377652168274  3042106
0.378415107727  3041321
0.378545045853  3041264
0.379812002182  3041057
0.385894060135  3040985
0.386664152145  3039212
0.387447118759  3024404
0.387963056564  3023621
0.389497995377  3023589
0.396206140518  3021926
0.396713972092  3019630
0.397597074509  3016256
0.398235082626  3010784
0.398874044418  3009507
0.399005174637  3009147
0.402546167374  3007019
0.403179168701  3005244
0.403834104538  3003788
0.405336141586  3000883
0.412572145462  3000155
0.414231061935  2999958
0.415750980377  2998149
0.416385173798  2997777
0.422394990921  2996446
0.424074172974  2990653
0.42446398735  2984498
0.427497148514  2984439
0.429008960724  2983759
0.433032035828  2980841
0.434667110443  2979788
0.435300111771  2976763
0.435945987701  2971791
0.438382148743  2964612
0.443169116974  2961730
0.452486038208  2961095
0.455520153046  2960526
0.45822095871  2960447
0.460144042969  2959003
0.463051080704  2952553
0.466083049774  2950231
0.473036050797  2942571
0.482463121414  2939764
0.485198974609  2937181
0.486469984055  2937101
0.489631175995  2930308
0.490276098251  2925969
0.492304086685  2925653
0.493067026138  2922031
0.500013113022  2912242
0.501276016235  2911832
0.508390188217  2907884
0.510723114014  2900999
0.510984182358  2900493
0.520169019699  2899206
0.520557165146  2898491
0.522963047028  2869933
0.523601055145  2851573
0.528460025787  2850746
0.529231071472  2848960
0.530371189117  2847231
0.534222126007  2845724
0.53984618187  2843238
0.547495126724  2827727
0.54926609993  2821070
0.55090212822  2818883
0.555370092392  2814164
0.558099985123  2813621
0.560804128647  2789686
0.563098192215  2787790
0.563858985901  2785026
0.563989162445  2770687
0.567838191986  2769841
0.570274114609  2769188
0.576370000839  2766898
0.579470157623  2766049
0.585431098938  2757284
0.591168165207  2733952
0.600913047791  2733573
0.606090068817  2733049
0.613754034042  2727984
0.614400148392  2726246
0.615049123764  2723771
0.615951061249  2723751
0.616724014282  2722054
0.626667976379  2721854
0.627743005753  2721819
0.633448123932  2719777
0.634215116501  2718114
0.636495113373  2717956
0.655121088028  2717950
0.65571308136  2716287
0.658470153809  2714664
0.668078184128  2707248
0.668343067169  2705623
0.675227165222  2705098
0.676378965378  2704240
0.683073997498  2701894
0.690021038055  2693477
0.692041158676  2689591
0.694570064545  2685229
0.70654797554  2684058
0.706691026688  2682722
0.71026301384  2682497
0.714828968048  2682082
0.722205162048  2679771
0.72952413559  2679060
0.732562065125  2678237
0.740756988525  2676792
0.743041038513  2676357
0.74738407135  2661091
0.749148130417  2659604
0.749796152115  2658110
0.750957012177  2657207
0.751857042313  2656855
0.756677150726  2651614
0.765506029129  2648896
0.775182008743  2646737
0.785971164703  2645168
0.79215502739  2641830
0.79419708252  2641727
0.800584077835  2638261
0.801611185074  2626547
0.81489610672  2620895
0.818315982819  2620108
0.818449020386  2619170
0.819725990295  2618199
0.81985616684  2617641
0.821372032166  2614430
0.829959154129  2614399
0.835741996765  2611030
0.842398166656  2578153
0.848705053329  2575901
0.849193096161  2575455
0.849874019623  2575453
0.858842134476  2572898
0.859233140945  2569593
0.86335515976  2567526
0.8652780056  2567142
0.870584011078  2566511
0.871641159058  2566468
0.873604059219  2560590
0.878499031067  2559421
0.880700111389  2555243
0.892551183701  2552124
0.901221990585  2540105
0.909491062164  2539926
0.921483039856  2539763
0.923751115799  2539013
0.925369977951  2538644
0.92728805542  2535987
0.940663099289  2535003
0.942936182022  2534222
0.944367170334  2534182
0.950658082962  2534039
0.95645904541  2532638
0.958394050598  2528552
0.977384090424  2521676
0.991883039474  2520745
1.00682115555  2517456
1.01380896568  2505541
1.01722097397  2498622
1.02332615852  2497886
1.02747106552  2494760
1.02776098251  2493383
1.02918410301  2492643
1.03088402748  2491014
1.03536915779  2488747
1.03615403175  2482702
1.0427441597  2482061
1.0495569706  2479436
1.06346011162  2476787
1.06867098808  2476740
1.07632017136  2472324
1.07760715485  2470427
1.07862615585  2469161
1.08482408524  2466578
1.08849716187  2466354
1.09105205536  2390819
1.0976331234  2389072
1.1139819622  2386796
1.12114596367  2384649
1.12249398232  2383269
1.1270840168  2381762
1.12797904015  2381336
1.13014411926  2379031
1.13631010056  2379023
1.13845205307  2375374
1.13885998726  2375050
1.14725208282  2371610
1.14843511581  2371248
1.15452098846  2370476
1.15651798248  2362265
1.1573240757  2361724
1.18916416168  2361311
1.19093418121  2361304
1.19500517845  2359504
1.19593000412  2359417
1.21246004105  2359107
1.22409796715  2358439
1.22536110878  2354751
1.22590517998  2352102
1.22998404503  2351889
1.23551607132  2337385
1.24051117897  2336706
1.24264597893  2336422
1.26110100746  2336171
1.27439808846  2332345
1.27611899376  2331456
1.2822701931  2330317
1.29369807243  2328824
1.29917502403  2327414
1.30007219315  2311844
1.31846904755  2285915
1.32623314857  2283249
1.32729911804  2283181
1.33238101006  2280403
1.3440990448  2279624
1.35157108307  2279299
1.3536760807  2278914
1.35847401619  2278596
1.36138105392  2278514
1.36370706558  2277638
1.3727350235  2275259
1.38298106194  2273660
1.39175915718  2273443
1.39188909531  2268069
1.39403510094  2266945
1.39454913139  2266264
1.39544200897  2264741
1.39737915993  2263380
1.39934396744  2260780
1.40156316757  2231116
1.40201306343  2230518
1.40910601616  2229270
1.41049599648  2229242
1.42080307007  2228612
1.42548108101  2221096
1.425989151  2220848
1.43288302422  2220504
1.43578910828  2220080
1.45272111893  2218987
1.45806717873  2217789
1.45933699608  2217787
1.4653980732  2217752
1.46578097343  2217388
1.46874403954  2217304
1.48257803917  2214867
1.48804402351  2214034
1.51807618141  2213376
1.52826404572  2213051
1.53845000267  2212828
1.53858613968  2191725
1.54835009575  2187953
1.55731415749  2183285
1.56411409378  2177284
1.5795071125  2176267
1.59628915787  2173841
1.59943318367  2173121
1.60885000229  2172913
1.61027097702  2172598
1.6123251915  2172457
1.61486816406  2172419
1.61896014214  2168246
1.64157605171  2167896
1.66020798683  2165123
1.67219209671  2164626
1.6745891571  2163291
1.68075013161  2163099
1.69935417175  2161461
1.71219706535  2160989
1.71550917625  2160215
1.7240190506  2143233
1.7254140377  2135356
1.73087406158  2135021
1.74829697609  2134954
1.7485730648  2134473
1.77430105209  2121399
1.79896807671  2119848
1.80336499214  2119094
1.82394313812  2118200
1.83558106422  2117128
1.83768606186  2117018
1.86761808395  2115830
1.8694050312  2115404
1.88138508797  2102238
1.88192105293  2100933
1.88824915886  2095912
1.89945697784  2089683
1.91454195976  2089428
1.94373106956  2088710
1.9548060894  2086229
1.96299815178  2083944
1.96440315247  2082149
1.96828198433  2082032
1.96894812584  2080936
1.9723610878  2079559
1.98857212067  2078272
1.98912906647  2077738
2.02291703224  2076614
2.04844808578  2076222
2.04923200607  2076070
2.0610640049  2064786
2.06570601463  2064153
2.10428309441  2063707
2.14556217194  2062379
2.14879798889  2061800
2.15280508995  2060011
2.15835404396  2040299
2.16252112389  2040136
2.19518518448  2039680
2.21014809608  2039465
2.21346616745  2039391
2.21754002571  2038449
2.21831297874  2038272
2.22415709496  2036320
2.23293805122  2026539
2.24501299858  2022852
2.29199314117  2020842
2.32873511314  2012319
2.33549404144  2012110
2.38407301903  2009657
2.39883899689  2009562
2.39910507202  2006818
2.42576599121  2005705
2.4597260952  2002776
2.47371196747  1994717
2.48108816147  1994699
2.49376606941  1994440
2.51392698288  1991336
2.53143906593  1991327
2.53977417946  1988778
2.54475307465  1988660
2.55740118027  1987735
2.57299017906  1987706
2.58174204826  1987568
2.59312915802  1987248
2.59592199326  1986889
2.62355804443  1986722
2.68374896049  1986531
2.70629000664  1981389
2.7103099823  1972856
2.71629309654  1971044
2.72110009193  1941815
2.76014399529  1941057
14.7679851055  1925510
14.7698450089  1924955
14.772124052  1924531
14.8271801472  1923659
19.2219560146  1922862
19.2606301308  1922626
19.2847971916  1920745
19.311904192  1920438
19.3208701611  1919771
19.3277790546  1915887
19.3598651886  1913955
19.3717200756  1913794
19.3790509701  1912874
19.3898260593  1912535
19.4183721542  1912248
19.4541890621  1911108
19.4803481102  1907964
19.5170190334  1907629
19.5184559822  1904619
19.5238311291  1901339
19.5286781788  1901122
19.5463340282  1900655
19.5599219799  1899976
19.5642421246  1899936
19.6066901684  1872563
19.6090490818  1872255
19.6137840748  1871903
19.6240751743  1869175
19.6414160728  1868637
22.9015591145  1865544
22.9195241928  1861178
22.9251670837  1860860
22.9392740726  1860593
22.9436941147  1860103
22.9439570904  1858981
22.9873611927  1858637
22.9881350994  1856707
23.0045759678  1855423
23.0292379856  1854906
23.0641629696  1854711
23.1082880497  1854096
23.1103839874  1852229
23.1131410599  1846847
23.1242990494  1846335
23.169490099  1844979
23.1816191673  1844069
23.1943280697  1843616
23.2329850197  1843327
23.2381560802  1842719
23.2554349899  1840950
23.2557091713  1840656
23.2787661552  1840238
23.2963831425  1839468
23.3598301411  1838771
23.4132370949  1835363
23.414203167  1834769
23.4391319752  1833059
23.4700140953  1832435
23.4982361794  1832053
23.5003721714  1830685
23.5211820602  1829806
29.4136340618  1829789
29.4714791775  1829507
29.4723751545  1827562
29.5021381378  1827055
29.5578379631  1824228
29.5756781101  1823814
29.5788891315  1823382
29.6173450947  1822413
29.6245081425  1822006
29.6873581409  1821896
29.7106611729  1821755
29.7339081764  1818355
45.8634221554  1817193
45.8736691475  1810819
45.8819990158  1810544
45.9052431583  1802387
45.9290640354  1799017
45.9433641434  1798877
45.9495031834  1797909
45.9765191078  1796183
45.9846301079  1792871
46.0340981483  1792587
46.0419070721  1792385
46.0506219864  1792267
46.0599291325  1792240
46.068832159  1791509
46.070371151  1790949
46.1184911728  1784390
46.1294841766  1783168
46.1576330662  1781160
49.3390581608  1779894
49.3817231655  1779365
59.3770000935  1775118
59.3918361664  1774332
59.4003791809  1771900
59.409913063  1771537
59.4321260452  1768611
59.4859681129  1768262
59.4910120964  1767899
59.4919400215  1767871
59.4971060753  1767601
59.5069789886  1767065
59.5126991272  1763044
59.5337090492  1762093
59.5718209743  1761798
59.5895500183  1760308
59.6055390835  1759840
140.674489021  1759160
140.682548046  1758061
140.684808016  1757230
193.47329402  1756658
193.474847078  1756307
193.48021698  1755850
193.512022972  1751880
193.532209158  1751355
193.537434101  1750509
193.542907  1749664
193.551019192  1749003
193.565433025  1748643
193.585107088  1748074
193.588584185  1746891
193.610469103  1746685
193.616036177  1746570
193.641705036  1742592
193.676506042  1742545
193.69423604  1712037
193.719035149  1708217
193.733133078  1707243
193.77444911  1706927
193.780403137  1706399
193.782178164  1706189
193.785698175  1704017
193.806050062  1703983
193.825450182  1701638
193.852420092  1700254
193.857318163  1699463
193.871138096  1698130
193.89488101  1697912
279.203498125  1697812
279.205936193  1697414
279.223550081  1696556
279.28055501  1696371
279.286834002  1694538
279.34112215  1694387
279.347854137  1693483
