0.043487071991  7219898
0.0442678928375  7164916
0.0455410480499  7164464
0.0461819171906  7158073
0.0464649200439  7155934
0.0471410751343  7155379
0.0474510192871  7155371
0.0476629734039  7155200
0.0481190681458  7152383
0.0490601062775  7139746
0.0492720603943  7139711
0.0496039390564  7137019
0.051677942276  7115384
0.0518651008606  7113496
0.0522780418396  7108286
0.0528290271759  7106591
0.0530378818512  7104948
0.0537359714508  7088084
0.0557560920715  7084244
0.0584969520569  7062875
0.0586650371552  7056488
0.0589230060577  7049057
0.0592451095581  7044135
0.0599958896637  7042516
0.0603420734406  7021896
0.0605130195618  7016444
0.0608489513397  7013255
0.0612800121307  6997972
0.0614349842072  6974281
0.0619471073151  6960892
0.0627629756927  6953397
0.0651240348816  6946896
0.0652658939362  6877602
0.0686569213867  6870222
0.0691699981689  6866720
0.0697739124298  6862934
0.0699300765991  6856303
0.0704989433289  6854838
0.0709619522095  6850386
0.0711040496826  6837276
0.0713260173798  6798720
0.0742199420929  6744710
0.0752770900726  6741734
0.0755701065063  6741703
0.076728105545  6734761
0.078831911087  6734557
0.0801019668579  6733538
0.0802500247955  6732073
0.0821619033813  6720518
0.0862240791321  6719160
0.0863819122314  6692629
0.0868699550629  6687447
0.0870859622955  6666430
0.0881659984589  6662810
0.0886950492859  6647811
0.0893449783325  6638087
0.0894820690155  6623199
0.0901660919189  6602198
0.0903029441833  6532716
0.0945188999176  6513582
0.0946829319  6504181
0.0987589359283  6498333
0.0988969802856  6447198
0.103286981583  6426154
0.103432893753  6426107
0.103662014008  6414964
0.107868909836  6408481
0.108006000519  6357323
0.11395406723  6356130
0.114100933075  6352776
0.114403963089  6349851
0.115030050278  6325196
0.115170955658  6320966
0.115555047989  6318961
0.11626291275  6312910
0.117638111115  6311073
0.123522043228  6304665
0.130661964417  6302928
0.131423950195  6293837
0.13187789917  6249753
0.13209104538  6247096
0.132666110992  6236415
0.132878065109  6232067
0.133692979813  6183328
0.133903980255  6181671
0.134793043137  6180734
0.134979009628  6173906
0.135921955109  6169676
0.143387079239  6163688
0.143544912338  6163028
0.143877983093  6144071
0.15295290947  6140083
0.153120994568  6113132
0.161659955978  6112467
0.161811113358  6045183
0.16211605072  6044706
0.173789978027  6043943
0.174419879913  6034471
0.174643993378  6000482
0.174784898758  5977116
0.175168037415  5971392
0.175308942795  5969698
0.175714969635  5967989
0.176352977753  5955201
0.177063941956  5900828
0.177205085754  5893961
0.177993059158  5885236
0.178133964539  5816422
0.180938959122  5809218
0.181184053421  5803529
0.181335926056  5802604
0.181746959686  5796980
0.183022975922  5796426
0.187139034271  5796402
0.190273046494  5793585
0.191467046738  5792207
0.192982912064  5790654
0.193203926086  5774540
0.195842981339  5773201
0.200705051422  5765622
0.215759038925  5765179
0.217735052109  5761423
0.21795797348  5753605
0.218683958054  5753055
0.219120979309  5748937
0.220733880997  5744948
0.232282876968  5744285
0.232522964478  5738267
0.233856916428  5729982
0.234241962433  5729351
0.234724998474  5729204
0.234862089157  5726879
0.235414028168  5718379
0.235795974731  5717660
0.236716985703  5713621
0.238215923309  5708321
0.238353967667  5653623
0.238727092743  5648910
0.239021062851  5644472
0.240889072418  5643834
0.241025924683  5642436
0.241241931915  5637440
0.241615056992  5635675
0.241831064224  5635399
0.242322921753  5631858
0.246361970901  5629722
0.251405000687  5627800
0.257713079453  5627638
0.257873058319  5626542
0.258105993271  5626268
0.258418083191  5573484
0.265139102936  5571937
0.272233009338  5559101
0.272464036942  5557106
0.287270069122  5555511
0.301580905914  5554540
0.301727056503  5549999
0.301944971085  5544190
0.302082061768  5541475
0.302299022675  5503352
0.302596092224  5479373
0.302813053131  5475044
0.303581953049  5471496
0.317507982254  5471406
0.332135915756  5470552
0.332771062851  5467320
0.332909107208  5435225
0.33328294754  5434473
0.333579063416  5433741
0.333988904953  5385934
0.334521055222  5383941
0.335212945938  5378347
0.350614070892  5377398
0.350987911224  5373117
0.351597070694  5370228
0.351770877838  5357811
0.352741956711  5352233
0.353003025055  5344528
0.369462966919  5344227
0.369601964951  5343388
0.3698990345  5341954
0.370274066925  5332744
0.370886087418  5324159
0.371260881424  5318172
0.37147808075  5311411
0.372406959534  5304363
0.372545957565  5185475
0.388667106628  5182655
0.405250072479  5181931
0.40540099144  5142144
0.422375917435  5141969
0.441590070724  5141962
0.461499929428  5140239
0.48512005806  5137476
0.50580906868  5126279
0.525018930435  5117330
0.547580003738  5112062
0.571921110153  5109883
0.592537879944  5108018
0.615495920181  5102768
0.634705066681  5102342
0.653841018677  5101989
0.677674055099  5101742
0.697818040848  5087355
0.717047929764  5087340
0.736244916916  5087187
0.755624055862  5085253
0.779383897781  5081081
0.803097963333  5081057
0.822184085846  5080898
0.841420888901  5066170
0.861553907394  5054400
0.890466928482  4988364
0.915301084518  4973914
0.936325073242  4955962
0.960860967636  4955355
0.992676973343  4951859
1.03660106659  4945783
1.07738304138  4945741
1.09815096855  4936949
1.1196269989  4934047
1.14015889168  4933020
1.16572999954  4927650
1.19013094902  4927221
1.21351003647  4923563
1.23329806328  4923001
1.25720000267  4919073
1.27942109108  4919031
1.3022339344  4918542
1.34143900871  4912313
1.38733100891  4911371
1.40839600563  4910397
1.44664788246  4853168
1.54284906387  4842588
1.64242100716  4827402
1.72037100792  4825577
1.81197500229  4821658
1.89936804771  4821429
1.97642207146  4820832
2.06502604485  4819035
2.15189409256  4818207
2.24270892143  4817771
2.32147693634  4816188
2.43745303154  4816072
2.55490994453  4815997
2.66824793816  4815226
2.784471035  4815221
2.90240097046  4815161
3.0324819088  4814644
3.05274510384  4813750
3.07462310791  4747368
3.09471106529  4746951
3.11508107185  4741326
3.13466191292  4701717
3.15365791321  4699773
3.17881202698  4697624
3.20611310005  4696097
3.22652888298  4692908
3.24724006653  4690754
3.26715493202  4688844
3.28657698631  4687097
3.30607891083  4684545
3.32653188705  4676800
3.34840297699  4673125
3.36904788017  4672010
3.38852405548  4671263
3.40882205963  4670943
3.43035888672  4670772
3.46100592613  4668241
3.48063397408  4649639
3.49987006187  4644835
3.51883387566  4644748
3.539509058  4644589
3.55865502357  4643972
3.5784881115  4627399
3.59752607346  4578716
3.63590908051  4576599
3.65510606766  4576255
3.67449593544  4526575
3.695125103  4526424
3.71407794952  4525165
3.7342441082  4524246
3.75502610207  4523672
3.78239488602  4523342
3.80762600899  4520459
3.8267929554  4520211
3.84696006775  4477400
3.86610603333  4476542
3.88656997681  4472728
3.90678095818  4471936
3.92685508728  4471742
3.94718599319  4469830
3.96677398682  4469251
3.9863820076  4447062
4.0085580349  4402832
4.02761292458  4387634
4.04781603813  4366338
4.06702709198  4362189
4.08646011353  4357794
4.10595989227  4323075
4.12493109703  4322823
4.14573287964  4304730
4.16604804993  4304533
4.18798494339  4304410
4.21145296097  4302469
4.23065900803  4271211
4.25122308731  4262157
4.27031993866  4254410
4.29463291168  4252964
4.32658696175  4252867
4.34669804573  4214152
4.37177801132  4208491
4.39294695854  4206467
4.42615199089  4206338
4.50217795372  4187187
4.57802891731  4185544
4.61583709717  4185534
4.69190192223  4184774
4.76784801483  4183757
4.84582805634  4182269
4.92349100113  4180974
4.96132588387  4180434
5.03648090363  4177120
5.11215496063  4154841
5.18859410286  4151157
5.26384592056  4147863
5.34723496437  4120208
5.38544011116  4120177
5.46170806885  4119202
5.49992108345  4118657
5.57559108734  4118275
5.65104293823  4113000
5.72638702393  4105882
5.80240893364  4086747
5.84024596214  4086704
5.91655111313  4060172
5.95437288284  4059639
6.02992105484  4058808
6.1057510376  4037139
6.18113398552  4034435
6.2580909729  4024844
6.29631304741  4024497
6.37295889854  4020646
6.41113090515  4020266
6.48852300644  4015179
6.52684307098  4014951
6.60346889496  4010173
6.68551206589  4009996
6.7706079483  4009699
6.84647703171  4009421
6.93153190613  4008884
7.00698900223  4008423
7.0929620266  4008303
7.23997092247  4004772
7.42896699905  4003030
7.61747288704  4002617
7.80705690384  4002455
7.99365496635  3997747
8.18257308006  3997469
8.37086892128  3997454
8.56025505066  3996980
8.74881792068  3981876
8.76926803589  3977878
8.78868103027  3976757
8.88357305527  3976230
9.07108187675  3942449
9.22160196304  3941631
9.40931200981  3925842
9.55970907211  3925813
9.750633955  3921319
9.93748402596  3908928
10.0363869667  3908702
10.2235400677  3904645
10.414345026  3897931
10.6034429073  3897067
10.7890911102  3870576
10.9761219025  3870561
11.1638259888  3870202
11.3509540558  3865729
11.5396049023  3865527
11.7301189899  3864940
11.9212400913  3864606
12.108850956  3861418
12.3053081036  3858287
12.498609066  3856340
12.7134640217  3856093
12.8821759224  3856027
13.0956280231  3856025
13.2687931061  3855554
13.4740788937  3853710
13.6833109856  3852948
13.8909900188  3852438
14.0976829529  3851654
14.3152179718  3851044
14.5307359695  3850871
14.7397580147  3850575
14.9460220337  3847161
15.1567709446  3846413
15.3326261044  3846347
15.5568881035  3845684
15.7798628807  3833070
16.0042369366  3832944
16.2290930748  3829997
16.4736270905  3829844
16.7225339413  3829496
16.9660348892  3829208
17.2077150345  3809279
17.3040339947  3803850
17.4002389908  3803490
17.4956839085  3802885
17.6743478775  3802075
17.7784159184  3801792
17.9300410748  3791484
18.0299959183  3791260
18.142747879  3790746
18.2372488976  3790655
18.3870820999  3763956
18.5372600555  3755764
18.6501400471  3755735
18.7999138832  3755000
18.9493091106  3726837
19.0620570183  3726785
19.2138030529  3724546
19.3649470806  3722270
19.5158679485  3719197
19.6674189568  3717699
19.8179600239  3676583
19.9302220345  3676309
20.0795960426  3672976
20.1925859451  3672924
20.3491990566  3672489
20.5025179386  3672293
20.6561338902  3672193
20.8056900501  3671370
20.9559779167  3658723
21.1086139679  3652322
21.2624409199  3649985
21.4139349461  3648708
21.5675709248  3648675
21.7169730663  3648213
21.8708748817  3647244
22.0245928764  3647107
22.1816270351  3646367
22.3390541077  3639783
22.4894530773  3617965
22.5088438988  3617671
22.527848959  3616474
22.6036250591  3615853
22.7534039021  3615545
22.909995079  3614170
23.0728850365  3613446
23.2331171036  3612841
23.3942101002  3610673
23.5859520435  3610628
23.8049149513  3610155
24.0126929283  3579131
24.2183520794  3579020
24.4044229984  3578630
24.5919499397  3550882
24.8022880554  3550874
25.0611109734  3550193
25.3201100826  3548760
25.6175599098  3548598
25.9291629791  3547909
26.2385709286  3545961
26.4830451012  3545862
26.737210989  3545205
26.9473779202  3544594
27.2333259583  3543165
27.5115199089  3541838
27.7887830734  3541178
28.0735580921  3541099
28.3688569069  3540834
28.6382770538  3540624
28.9030869007  3540546
29.133439064  3537203
29.3023610115  3536936
29.5048780441  3536176
29.6940128803  3536089
29.8822550774  3535792
30.0696868896  3533916
30.2594850063  3508152
30.4473769665  3507475
30.6418850422  3506886
30.8303339481  3504913
31.0184900761  3503944
31.207392931  3503690
31.3993771076  3500922
31.5951900482  3498007
31.7969870567  3496060
32.0499529839  3495854
32.2924880981  3495516
32.5216889381  3494067
32.7808699608  3493516
33.0420670509  3493305
33.3032579422  3492768
33.5850460529  3492752
33.8615450859  3492730
34.138835907  3492688
34.4368329048  3491476
34.7902519703  3491403
35.1406888962  3491391
35.4986989498  3482533
35.775562048  3482415
36.0369510651  3482249
36.297935009  3482102
36.5763449669  3482072
36.9327480793  3481719
37.2184479237  3480925
37.4877901077  3480557
37.746336937  3480555
38.042331934  3480533
38.3016529083  3480488
38.7131440639  3480046
39.080737114  3479602
39.4838750362  3479384
39.8879609108  3478896
40.292347908  3477687
40.6938230991  3477401
41.1018710136  3476991
41.5225799084  3476932
41.955976963  3476670
42.359390974  3476509
42.7757530212  3475898
43.2890710831  3475389
43.6805269718  3475256
44.0668768883  3474893
44.4639799595  3471203
44.8455529213  3471175
45.2267620564  3465881
45.6080548763  3460062
45.9905250072  3458589
46.3735098839  3457637
46.7646949291  3457465
47.1538150311  3456927
47.5475950241  3456902
47.9573459625  3456871
48.3677120209  3456484
48.9017450809  3454745
49.4369399548  3453573
49.970293045  3453261
50.5037889481  3450408
51.0381379128  3449435
51.5772809982  3448585
52.1136779785  3443865
52.6505970955  3441602
53.1870350838  3437808
53.7250170708  3436610
54.2628231049  3436209
54.8004670143  3435275
55.3373160362  3433855
55.8741378784  3423321
56.4104890823  3422665
56.9511759281  3421640
57.4933719635  3421575
58.0377869606  3420629
58.5729420185  3419246
59.072906971  3419143
59.6301670074  3418338
60.2160840034  3417743
60.7911200523  3417052
61.4473910332  3416316
62.0302119255  3415792
62.6249039173  3415516
63.3261420727  3414300
63.9518759251  3412353
64.5920889378  3411136
65.2399270535  3410401
65.8846790791  3402898
66.5232260227  3356889
67.1584949493  3356339
67.8064210415  3356306
68.4475660324  3355849
69.1055030823  3303871
69.5446310043  3303865
69.8049440384  3303008
70.0607759953  3302957
70.3175189495  3302878
70.5398719311  3302795
70.7635889053  3302694
71.0038869381  3302469
71.4385900497  3302201
71.8803310394  3301618
71.9064500332  3300755
71.94322896  3256662
71.9623229504  3254636
71.9814341068  3254366
72.0004849434  3254141
72.0197489262  3246163
72.0395131111  3236170
72.0620410442  3228513
72.0812110901  3222847
72.1008400917  3222833
72.1199419498  3221871
72.1409358978  3217476
72.1620800495  3215366
72.1904981136  3210753
72.2392170429  3210676
72.4278159142  3210075
72.7110209465  3210024
72.9888999462  3197198
73.2706890106  3197108
73.5551059246  3196724
73.8708519936  3194016
74.1914958954  3194008
74.5119709969  3193291
74.8496720791  3193125
75.1661438942  3192989
75.5006370544  3191815
75.7774469852  3191758
76.2735469341  3191378
77.0570089817  3191085
77.7717459202  3190697
78.4980299473  3190508
79.3017370701  3188534
80.1720240116  3186237
80.9551110268  3185805
81.6217460632  3185209
82.3199110031  3184886
83.0162730217  3184604
83.7130899429  3184237
84.4103929996  3180759
85.0749239922  3180737
85.7700591087  3179059
86.564193964  3178909
86.8433868885  3178728
87.1225750446  3178454
87.8562231064  3178379
88.1434879303  3177837
88.5312418938  3175533
88.9332149029  3174912
89.3322269917  3168324
89.7300069332  3163491
90.1296999454  3163333
90.5280270576  3161798
90.9452300072  3161752
91.3470089436  3146239
91.5342299938  3144325
91.5537500381  3143805
91.6676120758  3143482
91.7818109989  3143183
91.8025839329  3140351
91.8976008892  3139930
91.9927680492  3139829
92.230659008  3139619
92.336894989  3139480
92.4441149235  3138869
92.6879990101  3127786
92.9314460754  3113446
93.137196064  3113320
93.3253769875  3113118
93.5685269833  3107776
93.8105370998  3103916
93.9985220432  3103903
94.1860759258  3103468
94.4303689003  3034138
94.642565012  3034012
94.8283529282  3033810
95.083466053  3017367
95.3249061108  3016313
95.5293118954  3016265
95.8059399128  3016001
96.0830380917  3015173
96.3616600037  3008015
96.6398150921  3005426
96.9879341125  3004884
97.3656148911  3003757
97.839951992  3003583
98.3066210747  3001579
98.7099990845  2968220
99.1207199097  2968083
99.5830819607  2954713
100.072311878  2946594
