0.0379180908203  7432725
0.0382180213928  7426624
0.0388269424438  7405422
0.0389909744263  7399541
0.0391550064087  7385169
0.0393209457397  7380746
0.0396461486816  7369548
0.0398299694061  7366638
0.0401530265808  7364399
0.0403001308441  7360904
0.0404281616211  7348022
0.0409271717072  7233320
0.0410540103912  7232187
0.0411810874939  7228590
0.0413069725037  7166248
0.041433095932  7146311
0.0415589809418  7112105
0.0418100357056  7084075
0.0420610904694  7074725
0.04243516922  7074116
0.0425610542297  7054786
0.0426890850067  7043854
0.0429451465607  7030971
0.0430731773376  7019382
0.0431981086731  6978639
0.0436949729919  6949788
0.0440690517426  6894377
0.0443179607391  6890471
0.0444440841675  6885397
0.0445699691772  6802685
0.0449430942535  6744529
0.0450689792633  6731286
0.0451951026917  6696546
0.0454430580139  6679046
0.0456910133362  6659569
0.0459411144257  6654023
0.0460660457611  6615522
0.0463161468506  6612750
0.0466890335083  6606354
0.0468139648438  6566449
0.0486681461334  6555986
0.0488810539246  6537125
0.0497550964355  6466923
0.0504751205444  6458647
0.050763130188  6405645
0.0509090423584  6394324
0.0510470867157  6394066
0.0512981414795  6362506
0.0514271259308  6355009
0.0518009662628  6268078
0.0529110431671  6247481
0.0530371665955  6239897
0.0531640052795  6239718
0.0532891750336  6202533
0.0539109706879  6201095
0.0540380477905  6197419
0.0544130802155  6185731
0.0545411109924  6179377
0.0549149513245  6172774
0.0551660060883  6137443
0.0555429458618  6137066
0.0557940006256  6105671
0.055920124054  6099847
0.0560481548309  6093164
0.0561740398407  6067340
0.0566711425781  6058904
0.057177066803  6048546
0.0582990646362  6026301
0.0588109493256  6023835
0.0589389801025  6017614
0.0601940155029  5983603
0.0606989860535  5977636
0.0615561008453  5976683
0.0619821548462  5974562
0.0625510215759  5961124
0.0628371238708  5874179
0.0631241798401  5863138
0.0634100437164  5847416
0.0639350414276  5846239
0.0643091201782  5840529
0.065425157547  5795487
0.0659201145172  5790342
0.0670371055603  5786348
0.0672869682312  5757684
0.0683960914612  5757333
0.0687680244446  5746343
0.0693881511688  5737154
0.069883108139  5736358
0.0700089931488  5707452
0.0712461471558  5690829
0.0716199874878  5682170
0.0718700885773  5648167
0.0721180438995  5641203
0.0724899768829  5640948
0.0736651420593  5631886
0.0743260383606  5613415
0.0744590759277  5612719
0.0751130580902  5605240
0.0764861106873  5598113
0.0779161453247  5584712
0.0791909694672  5548756
0.0793190002441  5544379
0.0806031227112  5504952
0.0813450813293  5504900
0.08171916008  5437135
0.0824620723724  5426626
0.0825891494751  5423747
0.0829620361328  5422853
0.0835809707642  5420271
0.0838301181793  5401518
0.0843269824982  5379334
0.0847020149231  5354568
0.0853281021118  5354356
0.0859501361847  5354041
0.0868151187897  5353609
0.0875601768494  5347509
0.0880589485168  5342545
0.0884311199188  5336420
0.089663028717  5336350
0.0897891521454  5295209
0.0901610851288  5294295
0.0913031101227  5240686
0.0915689468384  5239773
0.0927240848541  5235900
0.0936501026154  5207295
0.0948181152344  5191763
0.0953259468079  5188446
0.0960681438446  5186755
0.0968110561371  5179358
0.0977971553802  5155626
0.0981769561768  5155236
0.0983071327209  5140031
0.0985579490662  5139306
0.0997891426086  5135877
0.10003900528  5133680
0.101886034012  5122073
0.103266954422  5116438
0.104027032852  5084373
0.10453414917  4930019
0.107547044754  4927433
0.107802152634  4927270
0.108556985855  4920069
0.108936071396  4919002
0.109331130981  4918846
0.109467983246  4913912
0.110929012299  4810772
0.112226009369  4809284
0.112653017044  4804199
0.11464715004  4803143
0.114902973175  4798747
0.115659952164  4786672
0.116664171219  4775190
0.117671012878  4767495
0.118548154831  4764422
0.119557142258  4759090
0.119812965393  4655574
0.119943141937  4652351
0.120448112488  4556891
0.121081113815  4554946
0.121840000153  4521896
0.122130155563  4518083
0.122773170471  4500687
0.124432086945  4499357
0.124982118607  4485508
0.126427173615  4473225
0.130350112915  4472707
0.130771160126  4471601
0.131908178329  4437450
0.132040977478  4435413
0.132545948029  4408223
0.132801055908  4405499
0.134682178497  4403000
0.134809017181  4399400
0.135950088501  4395088
0.140475988388  4395035
0.140980958939  4392787
0.141360998154  4358288
0.143249034882  4354591
0.143502950668  4302629
0.143632173538  4289295
0.146697998047  4287684
0.147897005081  4284857
0.150017023087  4232515
0.151268959045  4232207
0.151570081711  4223665
0.15283203125  4221327
0.152961969376  4219638
0.153217077255  4218529
0.153346061707  4208057
0.154230117798  4198306
0.154736042023  4195183
0.155364990234  4194032
0.155867099762  4193181
0.157370090485  4187974
0.157641172409  4183196
0.159559011459  4180260
0.161193132401  4180147
0.16259598732  4178157
0.163354158401  4160031
0.163484096527  4158920
0.163738012314  4158397
0.166499137878  4143964
0.166629076004  4122598
0.168380975723  4118379
0.170386075974  4105293
0.171276092529  4093881
0.174426078796  4090073
0.174805164337  4080600
0.176558971405  4073165
0.177062988281  4073164
0.179453134537  4068034
0.183103084564  4065475
0.184828996658  4058722
0.185230016708  4055944
0.18856215477  4052214
0.191405057907  4051117
0.191861152649  4049626
0.192249059677  4038939
0.192506074905  4035612
0.1932721138  4031153
0.195427179337  4030225
0.196686983109  4010514
0.196817159653  3997934
0.197071075439  3972751
0.197199106216  3957833
0.200704097748  3955776
0.201585054398  3955019
0.202731132507  3954463
0.203264951706  3953468
0.205047130585  3947780
0.207312107086  3947403
0.207440137863  3901428
0.212102174759  3901146
0.212998151779  3900711
0.214255094528  3898905
0.215012073517  3898869
0.215265035629  3879049
0.215393066406  3870611
0.215898990631  3842589
0.216777086258  3840441
0.217156171799  3805894
0.218657016754  3799307
0.219163179398  3799144
0.220431089401  3798018
0.222036123276  3791982
0.222569942474  3791527
0.224081039429  3790628
0.226866960526  3786583
0.227246999741  3763235
0.227626085281  3753402
0.228255987167  3724336
0.229516029358  3717055
0.229899168015  3696967
0.230281114578  3694784
0.233669042587  3693644
0.24022603035  3692473
0.240355968475  3690563
0.243836164474  3689863
0.250781059265  3677419
0.254640102386  3673790
0.261067152023  3672548
0.270737171173  3670467
0.274201154709  3669244
0.276858091354  3668489
0.280069112778  3665754
0.281831979752  3665144
0.283727169037  3663352
0.283858060837  3662343
0.285248041153  3661698
0.285755157471  3661623
0.288160085678  3657998
0.290451049805  3652669
0.291859149933  3648787
0.294372081757  3646716
0.29777097702  3646696
0.300858974457  3618742
0.302783966064  3615048
0.304828166962  3614527
0.304959058762  3610329
0.310846090317  3605211
0.312143087387  3563864
0.313697099686  3561460
0.315118074417  3556640
0.318531036377  3547127
0.31878900528  3539866
0.320562124252  3534917
0.324023962021  3534184
0.326939105988  3508383
0.327073097229  3499567
0.329027175903  3496590
0.329931974411  3496382
0.330579042435  3495471
0.331863164902  3472000
0.336004018784  3468199
0.340197086334  3467853
0.344782114029  3466619
0.350353002548  3462347
0.352272033691  3461639
0.353666067123  3457733
0.353921175003  3457284
0.355698108673  3454107
0.355828046799  3450861
0.35595703125  3435441
0.356213092804  3434673
0.356592178345  3432450
0.358232021332  3418439
0.359245061874  3416568
0.361644029617  3413050
0.361902952194  3411225
0.362410068512  3411165
0.3635430336  3411056
0.364809036255  3390561
0.364940166473  3387323
0.365069150925  3386780
0.366196155548  3380338
0.367957115173  3366623
0.369260072708  3366320
0.372281074524  3358664
0.377264976501  3355485
0.38093996048  3355243
0.383486032486  3334914
0.384119987488  3331147
0.386388063431  3328980
0.393527030945  3313352
0.398568153381  3312950
0.400087118149  3312791
0.401476144791  3311480
0.410598993301  3310865
0.412395954132  3309731
0.413818120956  3308593
0.417984008789  3308539
0.421384096146  3306927
0.4300801754  3302910
0.43409705162  3300603
0.434481143951  3299444
0.4387819767  3294529
0.439727067947  3292022
0.443952083588  3290982
0.452656984329  3288351
0.453295946121  3283215
0.457479000092  3283192
0.464020967484  3273285
0.464671134949  3270778
0.465312957764  3270371
0.469751119614  3268782
0.4703810215  3266558
0.470635175705  3266442
0.471517086029  3264742
0.47164607048  3261779
0.4761531353  3255806
0.476539134979  3255499
0.485908031464  3241342
0.489725112915  3235769
0.496411085129  3233961
0.500972986221  3231916
0.501386165619  3225914
0.503878116608  3219857
0.507879972458  3217773
0.512655973434  3213595
0.515490055084  3213216
0.516420125961  3205564
0.522160053253  3204907
0.531460046768  3199706
0.537177085876  3198297
0.538815975189  3186410
0.541620016098  3184039
0.552536964417  3170031
0.552802085876  3107458
0.554476976395  3107186
0.558138132095  3103955
0.561131000519  3103443
0.562400102615  3102275
0.568107128143  3087713
0.569883108139  3087491
0.570904016495  3087104
0.57297706604  3084733
0.576156139374  3084195
0.580752134323  3081931
0.582154035568  3081180
0.58303809166  3074589
0.585343122482  3074323
0.596789121628  3072834
0.597231149673  3070854
0.598304033279  3070145
0.599567174911  3068540
0.605129003525  3066142
0.607025146484  3066054
0.608199119568  3065022
0.608347177505  3058015
0.609361171722  3057642
0.613609075546  3052110
0.614519119263  3051645
0.619488954544  3051502
0.623183012009  3049049
0.624470949173  3048068
0.62535905838  3046144
0.62548995018  3045341
0.627522945404  3042748
0.628280162811  3040167
0.633825063705  3037687
0.645086050034  3035130
0.647150993347  3033866
0.647540092468  3030922
0.652313947678  3028316
0.652704000473  3027395
0.653367996216  3025991
0.654438018799  3022396
0.656034946442  3020484
0.657367944717  3017711
0.666663169861  3014308
0.668429136276  2994480
0.669722080231  2990375
0.670402050018  2985255
0.672459125519  2985040
0.673604011536  2978910
0.673787117004  2973947
0.680740118027  2970464
0.684420108795  2968282
0.686210155487  2967685
0.690832138062  2965718
0.696387052536  2963929
0.697915077209  2962308
0.698176145554  2959601
0.69969701767  2956996
0.702948093414  2950632
0.715363025665  2948097
0.719670057297  2947268
0.722193002701  2925401
0.732629060745  2924140
0.734158992767  2923437
0.735553979874  2910834
0.735810041428  2910755
0.743899106979  2909482
0.751309156418  2908103
0.753231048584  2907793
0.755151033401  2907733
0.755686998367  2907206
0.761775016785  2907087
0.764552116394  2906316
0.767461061478  2905918
0.769488096237  2905837
0.770411968231  2905188
0.780483007431  2904931
0.782644033432  2903780
0.78462600708  2901889
0.793449163437  2896449
0.795021057129  2895613
0.799422979355  2894329
0.802006959915  2893599
0.809908151627  2889257
0.814470052719  2888475
0.822062015533  2888370
0.827672958374  2887083
0.839956045151  2887055
0.848217964172  2886248
0.848600149155  2881798
0.856654167175  2881570
0.873857975006  2879209
0.877300024033  2878577
0.892696142197  2873868
0.904179096222  2864974
0.910156965256  2863892
0.917963027954  2862192
0.920526027679  2858408
0.922798156738  2856263
0.924152135849  2856034
0.930546045303  2842082
0.930685043335  2839455
0.932907104492  2838563
0.940478086472  2744442
0.944458961487  2743608
0.951187133789  2740301
0.957324981689  2740144
0.960344076157  2738160
0.963849067688  2737416
0.964812994003  2737216
0.984059095383  2733388
0.992805957794  2727262
0.99600315094  2727084
0.997018098831  2723081
0.999811172485  2722624
1.00160002708  2721578
1.01333808899  2718915
1.02646112442  2718213
1.03009200096  2717556
1.03351902962  2717145
1.03406596184  2716624
1.03555607796  2715372
1.05389094353  2712455
1.08753395081  2712074
1.09027004242  2711238
1.0906829834  2710663
1.09623217583  2708160
1.09649300575  2706209
1.10972714424  2703232
1.10987114906  2702109
1.11322617531  2701851
1.11431002617  2700930
1.11639809608  2700846
1.12623810768  2700600
1.12836313248  2699521
1.13611507416  2699502
1.14160704613  2696590
1.16031002998  2695694
1.16202402115  2695411
1.17283916473  2695276
1.1745121479  2694404
1.17881917953  2692758
1.20286607742  2692064
1.21462917328  2691227
1.21692895889  2691090
1.23635601997  2690182
1.23738908768  2689048
1.23815202713  2687406
1.24245715141  2687247
1.24999117851  2686479
1.25094199181  2684185
1.25536704063  2681491
1.26529097557  2680880
1.26759910583  2679629
1.26938009262  2678437
1.27146816254  2678304
1.27881908417  2678114
1.27946615219  2677018
1.28495597839  2671429
1.28658103943  2671319
1.29097509384  2669480
1.29512810707  2668201
1.29582095146  2667129
1.29751014709  2665135
1.29811501503  2663381
1.31021213531  2663076
1.3103530407  2662701
1.31942796707  2660461
1.33550095558  2660323
1.33626699448  2659811
1.34607315063  2659172
1.35307312012  2658036
1.36126804352  2656184
1.36291599274  2648362
1.36645412445  2647607
1.37053203583  2646648
1.37144994736  2644860
1.37175512314  2644285
1.38778710365  2644164
1.39885401726  2643851
1.41909503937  2638663
1.41999197006  2637939
1.42260098457  2637652
1.43039703369  2635053
1.43256807327  2633056
1.43535614014  2631654
1.45937204361  2629825
1.46617698669  2628214
1.49047398567  2628035
1.49501013756  2627079
1.50219297409  2623568
1.50574016571  2623136
1.50813007355  2622521
1.50854516029  2613984
1.52098917961  2613938
1.52266097069  2610250
1.56545805931  2609980
1.57846713066  2609831
1.5815680027  2608307
1.60244512558  2605625
1.60331106186  2605394
1.60770201683  2603238
1.63102602959  2597827
1.63594412804  2597646
1.63793897629  2595783
1.63938212395  2595643
1.64134812355  2593527
1.64718604088  2592073
1.65463113785  2589828
1.65503811836  2586772
1.65967917442  2585852
1.66282296181  2584248
1.66944313049  2582576
1.66957712173  2582197
1.67045712471  2582007
1.68135309219  2578642
1.68298006058  2576844
1.69372105598  2576522
1.70229315758  2573970
1.70769500732  2571967
1.70957612991  2564524
1.71753311157  2561964
1.72977995872  2561099
1.73270606995  2559880
1.73868513107  2559712
1.74013209343  2558742
1.7551150322  2558463
1.75821399689  2557032
1.7615339756  2557030
1.76600003242  2555746
1.78604698181  2552391
1.79606294632  2552083
1.81331706047  2548039
1.82127308846  2547533
1.82279896736  2547389
1.83180809021  2547136
1.83431601524  2546767
1.8387901783  2546284
1.84452295303  2545946
1.84977602959  2540380
1.86057901382  2538875
1.88109517097  2538814
1.88231301308  2538570
1.88789105415  2537815
1.89397501945  2537160
1.90417313576  2536739
1.9072201252  2536261
1.92661499977  2534561
1.9457321167  2534147
1.95721101761  2533889
1.97882795334  2531550
1.98215913773  2531266
1.98478007317  2529832
1.99187397957  2519652
2.0003361702  2516103
2.00414896011  2514091
2.04703617096  2504353
2.05294513702  2503451
2.07508611679  2500970
2.07801198959  2500536
2.09946703911  2499696
2.10228395462  2499071
2.11653995514  2497945
2.14644908905  2497714
2.14928412437  2493976
2.15103816986  2489751
2.1834321022  2486783
2.1882481575  2482431
2.19089317322  2481865
2.20460295677  2481472
2.20824813843  2478770
2.21321797371  2478762
2.24815511703  2478725
2.25271511078  2477519
2.25589704514  2475466
2.25632095337  2475393
2.25962495804  2472460
2.29127907753  2470750
2.29442214966  2469031
2.31466317177  2467045
2.31834506989  2466298
2.33418011665  2465889
2.35203814507  2460898
2.35295701027  2460785
2.36600208282  2458841
2.37840914726  2456532
2.41355514526  2456425
2.41492199898  2453016
2.42169904709  2452582
2.42616605759  2451402
2.42746400833  2451252
2.45172715187  2449764
2.46284198761  2449354
2.48875713348  2447746
2.49723100662  2418416
2.52118301392  2417731
2.52705907822  2417338
2.52745699883  2415359
2.5369451046  2415290
2.53844809532  2412607
2.54116201401  2412530
2.56031799316  2411927
2.57447314262  2410363
2.59581613541  2404638
2.61697006226  2404487
2.62202596664  2403482
2.63386297226  2402566
2.63813114166  2401820
2.64451599121  2401787
2.65145111084  2399937
2.6602230072  2399678
2.66463208199  2391379
2.66942405701  2391187
2.68999314308  2389926
2.69883799553  2389314
2.70506000519  2388367
2.70938611031  2388365
2.71645307541  2387065
2.73738098145  2384055
2.73752617836  2378903
2.76065611839  2373500
2.7630841732  2370512
2.76639199257  2367684
2.77650213242  2366965
2.79125905037  2366592
2.81898808479  2353662
2.83756399155  2353617
2.85228800774  2353486
2.85332798958  2341149
2.85613703728  2340671
2.8626871109  2338077
2.87970805168  2336069
2.88457417488  2331310
2.88667201996  2331177
2.90146207809  2330792
2.96189308167  2330255
2.96853208542  2329567
2.99672007561  2329079
3.02207612991  2327329
3.03355097771  2326601
3.04995107651  2326594
3.07714009285  2320366
3.10978412628  2319963
3.16348600388  2319296
3.18901395798  2316327
3.20883917809  2315454
3.20926809311  2314972
3.21981716156  2314820
3.23651814461  2312267
3.29064202309  2311602
3.29139208794  2311209
3.29808807373  2308101
3.30718016624  2307004
3.33738708496  2306034
3.37778401375  2301486
3.38122010231  2300987
3.4043841362  2297720
3.40655303001  2297497
3.40994215012  2295577
3.41907906532  2295111
3.42344307899  2290386
3.42554211617  2287404
3.43494915962  2286986
3.43565917015  2285440
3.44319796562  2284060
3.45295810699  2282066
3.46305203438  2282038
3.46836709976  2281250
3.47881007195  2280005
3.50192594528  2278613
3.50616502762  2277135
3.50757813454  2276736
3.5132689476  2276615
3.51691198349  2276160
3.5331530571  2276125
3.53816509247  2275893
3.58298110962  2275651
3.59770202637  2274832
3.61232495308  2274236
3.63385105133  2238856
3.64900517464  2235810
3.67330098152  2235702
3.69104909897  2235287
3.69184803963  2235162
3.69391608238  2235106
3.69457101822  2233566
3.69862508774  2226033
3.70027399063  2225455
3.70581316948  2222069
3.71189904213  2220326
3.72078299522  2219110
3.74051499367  2218646
3.76200199127  2217884
3.76685595512  2217857
3.77578210831  2217808
3.77737617493  2189565
3.79329204559  2189331
3.82243895531  2185727
3.83744716644  2185104
3.857681036  2169500
3.86949014664  2169359
3.87222504616  2169242
3.88200998306  2168887
3.91197514534  2168391
3.95874500275  2165701
3.96607708931  2163506
3.97757005692  2163413
4.01636004448  2158067
4.0283510685  2157797
4.03197216988  2156624
4.04222297668  2154524
4.04454994202  2146451
4.05883407593  2146323
4.08153414726  2146317
4.09254312515  2145871
4.10359716415  2144436
4.11504006386  2144359
4.12744903564  2144114
4.13600301743  2142964
4.14184308052  2142827
4.14636111259  2142799
4.16571903229  2142748
4.17871713638  2140140
4.18229317665  2138715
4.19401597977  2138145
4.19713997841  2131265
4.20298409462  2130610
4.21524214745  2130096
4.23109102249  2125038
4.23122906685  2123663
4.24502396584  2122915
4.25963711739  2120219
4.29287695885  2111962
4.29872202873  2109802
4.31730103493  2109644
4.34465694427  2109616
6.79410600662  2109026
6.79620504379  2108547
6.80768203735  2107440
6.82052707672  2106743
6.86159300804  2106616
6.88904905319  2105249
6.90136003494  2103918
6.91734910011  2102591
6.9364361763  2100659
6.93713498116  2100284
6.94507002831  2095524
6.97817111015  2095211
6.98152208328  2095177
7.00688695908  2095055
7.00794410706  2094352
7.00923705101  2093630
7.04878115654  2093384
7.05387210846  2093351
7.06887602806  2092894
7.07493805885  2091827
7.07846212387  2091675
7.08853197098  2090285
7.11138606071  2089168
7.1139690876  2087683
7.12552714348  2085979
7.12748217583  2084940
7.1290500164  2083408
7.13062000275  2081255
7.18498516083  2050982
7.20208406448  2050617
7.20328211784  2050485
7.2306060791  2050465
7.24802899361  2050039
7.25731801987  2049854
7.28697109222  2049377
7.29118800163  2049298
7.29850006104  2048647
7.30127310753  2048586
7.30469608307  2047829
7.36043000221  2043697
7.37038397789  2041219
7.3771109581  2037375
7.3865711689  2017305
7.40831804276  2015282
7.43728899956  2014467
7.44417309761  2012308
7.45667409897  2012219
7.46480202675  2009514
7.53017807007  2009124
7.53639006615  2008177
7.53918409348  2007858
7.54851412773  2007446
7.57203507423  2007188
7.58356404305  2003774
7.59559798241  2003224
7.61788606644  2002595
7.62621903419  1999937
7.63526511192  1988716
11.0666000843  1986278
11.0805020332  1986239
11.0827431679  1985354
11.0921971798  1984704
11.1068220139  1984386
11.1219079494  1984144
11.178771019  1984053
11.1875300407  1983351
11.2318229675  1982598
11.2413630486  1978656
11.2521700859  1978047
11.2652990818  1977467
11.2683191299  1977190
11.3287711143  1972944
11.3558030128  1972522
11.3681499958  1971794
11.3863310814  1971755
11.3876299858  1971107
11.4296720028  1970648
11.4315011501  1964488
11.4376709461  1964185
11.4438610077  1961615
11.4662749767  1961184
11.5027961731  1960691
11.5216841698  1958076
11.5726339817  1957133
11.5785691738  1952950
11.5851409435  1952523
11.592138052  1952515
11.6069231033  1951743
11.6231160164  1950385
11.6399891376  1949106
11.6805281639  1948906
11.7006361485  1948850
11.7060520649  1947421
11.7131550312  1945915
11.7143249512  1944153
11.7289860249  1943574
11.7478940487  1942873
11.7896201611  1931348
11.7935860157  1931282
11.8183939457  1930778
11.84268713  1930550
11.8459300995  1930134
11.8682370186  1930001
11.8722059727  1929439
11.8767180443  1926538
11.8862681389  1926454
11.8909399509  1923875
11.9145560265  1923780
11.9227509499  1923302
11.9436349869  1922921
11.9594919682  1921253
11.9599120617  1919856
11.9878101349  1918785
12.0089600086  1918553
12.0299091339  1916731
12.0598790646  1916672
21.9992611408  1912592
21.999557972  1911336
22.0025999546  1910051
22.0086669922  1904663
22.0175061226  1898701
22.0281841755  1898475
22.0347311497  1897902
22.07665205  1895503
22.0856881142  1891517
22.1051571369  1891014
22.1160809994  1883512
22.1264200211  1883232
22.1277201176  1883222
22.1298999786  1882963
22.1364769936  1877516
22.1371371746  1873842
22.1511690617  1873754
22.1730389595  1873017
22.1788229942  1872194
22.1798579693  1870904
22.1956050396  1866548
22.2176151276  1865908
22.2576451302  1863843
22.271337986  1863678
22.2774200439  1863501
22.2956311703  1859048
22.3022830486  1857988
22.3163371086  1856916
22.3319129944  1856758
22.3496510983  1854517
22.3497929573  1854320
22.3766381741  1832589
22.4137229919  1832366
22.4301900864  1831129
22.4516050816  1827259
22.500287056  1825610
22.501116991  1825302
22.5091860294  1824933
22.5127091408  1823279
22.5416791439  1822673
22.5694921017  1822288
22.6096351147  1821764
22.6115469933  1821729
22.6278610229  1821727
27.8584899902  1811676
27.8786101341  1811259
27.9148221016  1810809
27.9659509659  1809709
28.0047330856  1808870
28.0340721607  1805744
28.0526771545  1804820
38.9485969543  1799452
38.9505791664  1797878
38.9513399601  1796892
38.9548001289  1796890
38.958976984  1795533
38.964110136  1794997
38.9668490887  1794082
38.9698140621  1792366
39.001816988  1792290
39.0425050259  1791983
39.0471360683  1789404
39.0516209602  1789335
39.0594911575  1786670
39.0762150288  1786226
39.0782711506  1774482
39.1028881073  1773842
39.1177420616  1773576
39.125852108  1773325
39.1422071457  1773221
39.1457979679  1772381
39.1530511379  1771874
39.1743290424  1771775
39.1867010593  1770622
39.2001521587  1769542
39.231317997  1765221
39.2324011326  1763161
39.2437441349  1761847
39.2508189678  1761293
39.3018100262  1736760
39.3117201328  1735877
39.3128800392  1734110
39.3288371563  1733934
39.3342909813  1729627
39.3369271755  1726891
39.3493921757  1726618
39.3588769436  1726076
39.3906600475  1723070
39.3971471786  1722965
