0.0395970344543  7426853
0.0398850440979  7403079
0.0402371883392  7401351
0.0403861999512  7390481
0.0408639907837  7378252
0.0410091876984  7377575
0.041736125946  7377406
0.0422961711884  7375492
0.0430212020874  7375414
0.0440871715546  7363956
0.0442390441895  7357108
0.0444660186768  7355883
0.0447762012482  7352524
0.0459091663361  7352335
0.0460550785065  7352121
0.0462820529938  7351854
0.047336101532  7350494
0.0475640296936  7350148
0.0478730201721  7338942
0.0489251613617  7338864
0.0503079891205  7332354
0.0516760349274  7250438
0.0530571937561  7249614
0.0552291870117  7247927
0.0553810596466  7194687
0.0558581352234  7194291
0.0560040473938  7168089
0.0563971996307  7167770
0.056871175766  7166278
0.0574300289154  7164247
0.0579051971436  7163481
0.0584621429443  7140019
0.0598971843719  7138363
0.0618920326233  7134957
0.0640461444855  7132354
0.06418800354  7120870
0.066379070282  7119639
0.0665521621704  7117875
0.0694479942322  7117777
0.0697710514069  7115862
0.0714280605316  7114235
0.0739810466766  7111930
0.0767819881439  7108767
0.0798439979553  7107152
0.0799980163574  7091955
0.0803110599518  7090510
0.080785036087  7086239
0.0809321403503  7040493
0.0841171741486  7036595
0.0842800140381  7035867
0.0874271392822  7033958
0.087574005127  7024161
0.0911390781403  7022582
0.0916390419006  7021478
0.0921330451965  7020847
0.0930480957031  7004651
0.0932011604309  7003713
0.0934300422668  7003683
0.0937411785126  7002807
0.0942180156708  7002334
0.0947771072388  7001909
0.0984251499176  6999840
0.0985732078552  6998241
0.102670192719  6995352
0.103072166443  6993156
0.103219985962  6992064
0.103531122208  6991675
0.1039249897  6982781
0.104153156281  6978531
0.104298114777  6978431
0.108687162399  6978372
0.113102197647  6978345
0.113665103912  6968414
0.1138920784  6965273
0.118596076965  6963398
0.12367606163  6961813
0.124019145966  6959380
0.124344110489  6917915
0.124514102936  6917036
0.125249147415  6916277
0.12565112114  6915167
0.125797986984  6911164
0.126523017883  6902776
0.126834154129  6902537
0.126979112625  6900354
0.12878203392  6897207
0.129984140396  6896408
0.130217075348  6880050
0.130612134933  6868715
0.131753206253  6868478
0.133176088333  6868108
0.138287067413  6865794
0.1384370327  6862577
0.143815040588  6860883
0.143966197968  6860486
0.150165081024  6860247
0.150323152542  6841481
0.150717973709  6835899
0.156231164932  6834013
0.162204027176  6831721
0.162358045578  6831702
0.162582159042  6823416
0.168697118759  6822010
0.168850183487  6743469
0.174945116043  6742237
0.175101041794  6729395
0.18103313446  6727061
0.181181192398  6648086
0.188379049301  6645887
0.188539028168  6637610
0.189434051514  6630410
0.190147161484  6598086
0.191336154938  6595667
0.191653013229  6594874
0.193125009537  6576249
0.193519115448  6575732
0.194742202759  6574906
0.202082157135  6572603
0.20223903656  6505583
0.209814071655  6503252
0.209979057312  6496536
0.210345029831  6494367
0.217947006226  6492491
0.218185186386  6492156
0.226270198822  6491509
0.226760149002  6479368
0.234940052032  6477593
0.235181093216  6476106
0.235740184784  6475561
0.235887050629  6433069
0.236280202866  6432639
0.238174200058  6431567
0.239902973175  6431533
0.249850988388  6429497
0.250012159348  6429034
0.250243186951  6417756
0.25484418869  6416314
0.255065202713  6415809
0.255400180817  6413877
0.255556106567  6412891
0.258357048035  6412652
0.269442081451  6410330
0.269599199295  6409867
0.280212163925  6409738
0.280538082123  6409584
0.290834188461  6408896
0.301383018494  6406782
0.301541090012  6395201
0.312461137772  6393278
0.312927007675  6382539
0.325601100922  6380444
0.325914144516  6375879
0.326457023621  6355669
0.337987184525  6353928
0.338138103485  6353629
0.339910984039  6353144
0.340960979462  6352651
0.349128007889  6352110
0.349684000015  6346821
0.354197025299  6344639
0.355949163437  6343225
0.356251001358  6342314
0.357272148132  6338780
0.36648607254  6336233
0.379971027374  6334135
0.380114078522  6328214
0.380407094955  6324559
0.380544185638  6321402
0.38091301918  6304464
0.389664173126  6303181
0.38996219635  6301787
0.393676996231  6300987
0.397306203842  6300926
0.397443056107  6300140
0.397657155991  6290277
0.398181200027  6289561
0.398782014847  6281841
0.400183200836  6281623
0.400320053101  6278854
0.400842189789  6273127
0.40113401413  6271700
0.40150308609  6271015
0.401640176773  6255721
0.402240991592  6254936
0.403700113297  6254876
0.41127705574  6254175
0.41193318367  6253953
0.412155151367  6253607
0.412698030472  6252911
0.413320064545  6245362
0.419188976288  6245319
0.41935801506  6240363
0.41971206665  6221255
0.420255184174  6220707
0.420427083969  6209842
0.420662164688  6179310
0.421236991882  6173518
0.423546075821  6173150
0.425574064255  6172897
0.42594408989  6160898
0.42686009407  6160823
0.42816400528  6159714
0.428301095963  6088463
0.429847002029  6087682
0.442361116409  6087598
0.442499160767  6087568
0.442790985107  6084900
0.454126119614  6084877
0.465774059296  6084691
0.465989112854  6084285
0.467138051987  6083637
0.467276096344  6083294
0.468110084534  6082288
0.480238199234  6081521
0.480377197266  6057638
0.480746984482  6053202
0.480884075165  6053083
0.481409072876  6052884
0.493740081787  6051027
0.496692180634  6049842
0.499485015869  6046341
0.512834072113  6045520
0.512971162796  6042603
0.513262987137  6027251
0.514022111893  6019944
0.514235973358  5988419
0.514373064041  5986956
0.514741182327  5985653
0.515974998474  5985536
0.516185998917  5984736
0.530031204224  5983590
0.530173063278  5982229
0.544773101807  5981170
0.545850992203  5979379
0.546378135681  5974118
0.565946102142  5973826
0.566102981567  5966308
0.566832065582  5965953
0.567476034164  5965701
0.567704200745  5958250
0.568345069885  5957466
0.569152116776  5957153
0.569380998611  5955529
0.5695271492  5955255
0.570442199707  5955223
0.571344137192  5954584
0.585714101791  5953368
0.592657089233  5953192
0.593643188477  5952722
0.593793153763  5951784
0.600284099579  5951535
0.600584030151  5951380
0.6007771492  5950812
0.615784168243  5949167
0.630359172821  5948937
0.630508184433  5948831
0.630731105804  5922379
0.631114006042  5920397
0.632137060165  5920350
0.632278203964  5919792
0.646977186203  5918767
0.661823034286  5917757
0.662051200867  5911644
0.662352085114  5909492
0.662492990494  5873894
0.66335606575  5871839
0.663899183273  5870782
0.678680181503  5869107
0.694061040878  5868271
0.694444179535  5868206
0.694585084915  5864117
0.694806098938  5860356
0.69510602951  5859684
0.695487976074  5857720
0.696189165115  5856748
0.696410179138  5855438
0.71152305603  5854889
0.727869987488  5854587
0.74450802803  5853339
0.760236024857  5853316
0.760385036469  5851361
0.775915145874  5851120
0.79198217392  5849994
0.792597055435  5844868
0.793123006821  5842828
0.808910131454  5841582
0.827220201492  5840920
0.827497005463  5828376
0.845803022385  5827348
0.864140033722  5826270
0.864283084869  5824875
0.864595174789  5818767
0.865487098694  5817497
0.882615089417  5816285
0.899938106537  5815359
0.900083065033  5813948
0.900298118591  5812925
0.900588035583  5797912
0.900957107544  5786573
0.901480197906  5785836
0.923284053802  5785220
0.941522121429  5784927
0.941955089569  5775566
0.942112207413  5772214
0.963146209717  5770654
0.981780052185  5770572
0.982002019882  5769570
1.00454306602  5765951
