0.0395929813385  7055929
0.0403079986572  7046145
0.0405330657959  7040045
0.0408079624176  7015709
0.0411489009857  6998933
0.0416369438171  6980349
0.0418128967285  6975355
0.0423529148102  6948399
0.042496919632  6923332
0.0437479019165  6918457
0.044182062149  6914531
0.0443398952484  6912335
0.0445868968964  6909865
0.0459089279175  6896844
0.046117067337  6892463
0.0479800701141  6886975
0.0482869148254  6885801
0.04847407341  6883515
0.0488729476929  6880553
0.0509450435638  6874952
0.0517959594727  6840383
0.0525350570679  6831176
0.0544228553772  6814150
0.054573059082  6808905
0.0548169612885  6801609
0.0559968948364  6796204
0.0577549934387  6760615
0.0579059123993  6756155
0.0604069232941  6729664
0.0631060600281  6728417
0.0636720657349  6723899
0.0638139247894  6719695
0.0641958713531  6707202
0.064337015152  6694683
0.0646388530731  6691442
0.0648610591888  6688914
0.0650038719177  6686518
0.0652260780334  6682791
0.0658478736877  6675920
0.0660688877106  6665987
0.0674569606781  6664687
0.0677890777588  6657848
0.0681848526001  6657837
0.0683259963989  6571458
0.0687890052795  6552542
0.0714659690857  6527501
0.0744860172272  6526463
0.0746638774872  6522154
0.0776460170746  6502357
0.0783469676971  6500488
0.0788850784302  6482086
0.08185505867  6447097
0.081995010376  6441004
0.0851888656616  6424739
0.0882909297943  6392014
0.0891418457031  6388004
0.0898940563202  6380637
0.0930218696594  6373747
0.0943970680237  6368362
0.0975089073181  6355207
0.101244926453  6338375
0.101611852646  6337854
0.101747989655  6337297
0.101959943771  6333415
0.102504014969  6244181
0.102638959885  6243739
0.106312990189  6239713
0.106528043747  6236857
0.110616922379  6220870
0.110920906067  6211271
0.111060857773  6208578
0.111439943314  6188111
0.11159491539  6182861
0.111922979355  6177519
0.116775989532  6176995
0.121824026108  6162113
0.121960878372  6160407
0.122328996658  6159934
0.123879909515  6158879
0.124016046524  6157487
0.124908924103  6157396
0.1258289814  6156822
0.126816987991  6155636
0.131550073624  6151669
0.133101940155  6151383
0.134139060974  6150305
0.137706041336  6146730
0.137841939926  6146332
0.141383886337  6145808
0.1462059021  6127479
0.151238918304  6118294
0.151375055313  6112094
0.156579017639  6108592
0.160816907883  6108493
0.163441896439  6102036
0.168706893921  6100022
0.174347877502  6074650
0.174484014511  6054812
0.174850940704  6046169
0.175374984741  6023459
0.175586938858  6021449
0.178674936295  6018201
0.181733846664  6009206
0.182010889053  6005869
0.189823865891  6003153
0.189991950989  5997094
0.196651935577  5975490
0.20324587822  5966762
0.204591035843  5955207
0.205731868744  5944540
0.212605953217  5938771
0.212761878967  5936876
0.22101187706  5926096
0.221148014069  5894407
0.22136092186  5892401
0.221651077271  5888865
0.222408056259  5875880
0.222853899002  5869752
0.223607063293  5855316
0.224495887756  5852723
0.226497888565  5841822
0.227639913559  5832391
0.235286951065  5815340
0.235422849655  5794772
0.243389844894  5790312
0.243835926056  5781091
0.251882076263  5774636
0.252017974854  5740106
0.260412931442  5730560
0.260550022125  5725326
0.260761976242  5723356
0.262762069702  5716429
0.262919902802  5714987
0.264843940735  5700459
0.275385856628  5682981
0.275563955307  5645487
0.286249876022  5640384
0.286545991898  5629374
0.28676199913  5618807
0.287132978439  5602226
0.287581920624  5580302
0.287718057632  5557715
0.288558006287  5536697
0.288696050644  5505592
0.288991928101  5504906
0.289129018784  5411893
0.290050029755  5361774
0.290185928345  5356253
0.291970014572  5352572
0.292108058929  5350905
0.29239988327  5339313
0.293004989624  5336096
0.293142080307  5298434
0.293825864792  5297068
0.297198057175  5291546
0.298766851425  5291489
0.310206890106  5290355
0.310349941254  5262493
0.322064876556  5257827
0.326688051224  5257485
0.330211877823  5243066
0.342014074326  5231311
0.34215092659  5200957
0.354258060455  5193220
0.354629039764  5183758
0.354765892029  5181795
0.357101917267  5180054
0.357394933701  5180007
0.357846021652  5171682
0.359865903854  5165949
0.360040903091  5135214
0.372273921967  5124240
0.372411966324  5095742
0.388200998306  5089139
0.388341903687  5078656
0.388845920563  5034557
0.389003038406  5034336
0.389252901077  5033034
0.389601945877  5029383
0.390013933182  5023790
0.39074587822  5002511
0.390889883041  4993055
0.391942977905  4987690
0.392363071442  4981269
0.392518043518  4979586
0.39408493042  4976714
0.394613981247  4971481
0.394829034805  4936715
0.395245075226  4933486
0.396162033081  4921499
0.396378040314  4920737
0.396748065948  4910572
0.398536920547  4909305
0.398751020432  4908858
0.399277925491  4906855
0.399415016174  4906338
0.399707078934  4898220
0.400547981262  4897367
0.401655912399  4894280
0.402039051056  4892691
0.402174949646  4891033
0.404551029205  4885549
0.405642032623  4876995
0.405783891678  4875348
0.406164884567  4875311
0.406386852264  4866890
0.406931877136  4857630
0.410264968872  4856354
0.410740852356  4855128
0.411123991013  4846208
0.412811040878  4844749
0.413032054901  4843430
0.413172960281  4843421
0.414548873901  4841724
0.417361974716  4839305
0.418052911758  4813618
0.418500900269  4813567
0.418873071671  4811976
0.419477939606  4811444
0.422823905945  4801593
0.422971963882  4792233
0.428618907928  4784830
0.431552886963  4783957
0.432281970978  4761614
0.451981067657  4757280
0.469219923019  4756069
0.469442844391  4742201
0.472733974457  4739009
0.476109981537  4733411
0.476336956024  4726117
0.493149995804  4722000
0.494021892548  4692744
0.494772911072  4691103
0.511543989182  4683519
0.511688947678  4683477
0.528657913208  4681555
0.528846025467  4679905
0.546675920486  4676208
0.547051906586  4665194
0.547314882278  4658910
0.547910928726  4658062
0.566316843033  4648544
0.566460847855  4635553
0.583433866501  4628421
0.583652019501  4617304
0.583787918091  4612853
0.601258039474  4592859
0.601399898529  4559901
0.619647979736  4551696
0.619942903519  4551382
0.620158910751  4550589
0.620296001434  4547028
0.620678901672  4540030
0.620825052261  4538880
0.621275901794  4537289
0.621412992477  4533827
0.621939897537  4532546
0.622940063477  4505789
0.62331199646  4489929
0.624319076538  4488611
0.625081062317  4488373
0.625684976578  4487525
0.625977993011  4485452
0.626349925995  4483097
0.627114057541  4478077
0.628401041031  4466051
0.62853884697  4449570
0.64816403389  4440266
0.648330926895  4418755
0.671876907349  4412491
0.672060012817  4400747
0.672304868698  4387909
0.672461032867  4381709
0.672793865204  4361255
0.673218011856  4351437
0.673404932022  4350361
0.674290895462  4344603
0.674449920654  4344430
0.674836874008  4341028
0.696841001511  4335165
0.696980953217  4313842
0.71574306488  4281124
0.739829063416  4279863
0.761765003204  4253280
0.801707029343  4252416
0.845417976379  4250292
0.884474992752  4247216
0.927784919739  4237203
0.970242977142  4230489
1.01362204552  4139681
1.05417394638  4137316
1.0932199955  4121417
1.13751792908  4121181
1.17703795433  4105526
1.21591496468  4026048
1.25734400749  4021653
1.29778695107  4013576
1.33647084236  4013359
1.42064404488  3988559
1.49684596062  3981825
1.57463097572  3981696
1.6152369976  3979573
1.69847607613  3977076
1.74294400215  3976273
1.82100391388  3946666
1.85885691643  3943545
1.93397307396  3930461
1.97241687775  3929285
2.04787898064  3908556
2.08668088913  3905382
2.16380405426  3901739
2.20727992058  3898980
2.29291701317  3896854
2.37318897247  3856960
2.45985293388  3855783
2.55637001991  3844945
2.65852594376  3843521
2.76135492325  3833276
2.85754704475  3831973
2.97874999046  3828140
3.09966301918  3805664
3.22018003464  3799056
3.4170460701  3785074
3.6273150444  3745892
3.83603191376  3743017
4.04280090332  3733901
4.25290203094  3696879
4.53809905052  3690113
4.8386528492  3688621
5.19492602348  3685677
5.61779594421  3685440
6.03799200058  3615159
6.45661187172  3608308
6.86806297302  3572219
7.27944087982  3569521
7.70185995102  3567405
8.10956096649  3549235
8.52025794983  3547277
8.93437504768  3516848
9.34338092804  3464070
9.75454497337  3459074
10.180893898  3450288
10.6007518768  3426309
11.0082039833  3425655
11.4345428944  3425433
11.8445410728  3425047
12.2686140537  3424359
12.6808400154  3423490
13.1039328575  3421147
13.5150380135  3416252
13.9257528782  3367006
14.3428988457  3365254
14.7617540359  3365050
15.1676440239  3346986
15.5962069035  3345607
16.0212328434  3292804
16.4335038662  3290862
16.4352178574  3290720
16.4367718697  3290291
16.4384589195  3288078
16.4984529018  3286725
16.5138480663  3279313
16.5166339874  3273492
16.5215659142  3271727
16.5226299763  3271645
16.522767067  3269229
16.5229790211  3259240
16.5234649181  3258202
16.523679018  3246909
16.523968935  3241079
16.524105072  3236850
16.5246288776  3212632
16.524764061  3212073
16.5253620148  3211402
16.5254969597  3196718
16.5262520313  3195743
16.5263879299  3195338
16.526599884  3194417
16.5277838707  3191373
16.5322299004  3186910
16.5334210396  3186907
16.534496069  3186904
16.5352489948  3181013
16.5355389118  3130461
16.5399949551  3127525
16.5450148582  3120868
16.5535149574  3116541
16.5538840294  3111165
16.5565030575  3110531
16.5688128471  3110340
16.5694160461  3109702
16.5695519447  3108550
16.5722720623  3108203
16.5724849701  3103615
16.5873630047  3098381
16.590102911  3093413
16.592607975  3092508
16.5950009823  3091762
16.5953018665  3071148
16.5966279507  3070206
16.5980038643  3069640
16.6073799133  3061206
16.6075289249  3048321
16.6105389595  3043854
16.6167759895  3040524
16.6229259968  3038742
16.623062849  3038137
16.6232759953  3036568
16.6235668659  3035755
16.6387400627  3033519
16.638915062  3033322
16.6408979893  3030514
16.6466259956  3030384
16.64676404  3029846
16.6522109509  3027605
16.658493042  3025853
16.6625058651  3025637
16.6626429558  3023433
16.662899971  3021946
16.6661179066  3021139
16.6692328453  3018092
16.6693689823  3014055
16.6695840359  3003227
16.6699540615  3001391
16.6701889038  2999398
16.6709499359  2995088
16.6712419987  2970430
16.6742110252  2969150
16.6776649952  2967457
16.6778788567  2967189
16.6842849255  2966461
16.6912639141  2965441
16.6969590187  2964231
16.6972100735  2964115
16.6976299286  2962179
16.698704958  2960701
16.7053279877  2960635
16.7059588432  2960586
16.7066750526  2960313
16.706966877  2956500
16.7071518898  2954064
16.7117860317  2953419
16.7153198719  2951606
16.7271289825  2951167
16.7393739223  2950860
16.7581708431  2947986
16.7612650394  2943273
16.7614169121  2941686
17.1685259342  2825213
17.5823869705  2822874
17.9958548546  2822699
18.4281158447  2822089
18.8609039783  2818791
19.2641000748  2738925
19.6992628574  2737602
20.1184380054  2731117
20.5335879326  2729938
20.9812150002  2689257
21.3866548538  2659129
21.7961509228  2642181
22.221765995  2607457
22.6442098618  2606821
23.0528030396  2594440
23.4666478634  2573309
23.8972599506  2573114
24.3172688484  2520285
24.7269909382  2476775
25.1399888992  2475223
25.5539309978  2470393
25.9679720402  2468374
26.3888480663  2468256
26.7964789867  2466540
27.2171220779  2463212
27.6546089649  2462611
28.0707640648  2450604
28.4877078533  2448094
28.928622961  2438330
29.3387050629  2429199
29.746201992  2426776
30.1577119827  2399204
30.5666868687  2372728
30.9861140251  2364313
31.390296936  2359786
31.8062958717  2357963
32.2358629704  2354616
32.6508610249  2353557
33.0769169331  2347288
33.4899129868  2346873
33.9020369053  2345544
34.311303854  2316653
34.7201960087  2316417
35.1283979416  2315914
35.5415940285  2315777
35.9662029743  2212826
36.3941340446  2202256
36.8076479435  2199366
37.2214808464  2196875
37.6384370327  2195725
38.0477318764  2195274
38.4563360214  2192008
38.8662250042  2191554
39.2919509411  2188448
39.7098259926  2185832
40.1415910721  2174225
40.5675530434  2173776
41.007874012  2172447
41.4396879673  2172200
41.871712923  2170272
42.2970190048  2168372
42.7327358723  2166657
43.1541969776  2161165
43.578897953  2160571
44.0027039051  2154934
44.4347729683  2154844
44.8783149719  2152561
45.3195888996  2115623
45.7827730179  2100942
46.2358469963  2095007
46.6960940361  2092855
47.1424219608  2092401
47.6069190502  2089950
48.0562000275  2076577
48.5021829605  2060171
48.9996049404  2054390
49.4717068672  2053323
49.9696600437  2051628
50.520843029  2051270
51.0562579632  2049894
51.5474970341  2049814
52.0328879356  2049747
52.5254380703  2040030
53.0046539307  2033590
53.4993848801  2029487
53.9717268944  2024066
54.4587109089  2017218
54.9411129951  2016121
55.437183857  1983228
55.9233620167  1982662
56.4063980579  1981669
56.8918478489  1980255
57.3753559589  1976999
57.8508169651  1976623
58.3354878426  1974526
58.8293719292  1931347
59.3231298923  1911407
59.9118769169  1904240
60.5312230587  1903529
61.1340720654  1894225
61.7551090717  1894216
62.3760859966  1892153
62.9829649925  1891944
63.5832989216  1891011
64.223487854  1856712
64.8431620598  1856456
65.49888587  1836371
66.1075959206  1836091
66.7498309612  1835977
67.3645730019  1835976
68.0048918724  1835514
68.6545789242  1834782
69.2812709808  1828227
69.9263460636  1817053
70.542345047  1816997
71.1760680676  1816923
71.7782590389  1816880
72.4321699142  1813805
73.05645895  1779231
73.6681759357  1778678
74.3710670471  1778017
75.061070919  1774372
75.7804679871  1771294
76.5042328835  1771186
77.2102918625  1770192
77.9464190006  1766547
78.670675993  1763527
79.4029679298  1763499
80.2528319359  1759758
80.6689319611  1758871
81.0995960236  1757931
81.5211889744  1754793
81.9390799999  1749210
82.7740619183  1747133
83.6003649235  1747070
84.420776844  1744466
85.2451229095  1741417
86.0955269337  1739637
86.92085886  1737636
87.7444870472  1736836
88.590929985  1735452
89.4383049011  1735064
90.2823748589  1733643
91.1335299015  1726722
91.9943199158  1725108
92.8599720001  1724167
93.7317979336  1723874
94.6562330723  1723764
95.5157370567  1722921
96.3995330334  1722707
97.2588939667  1722356
98.1460909843  1716269
99.0547859669  1716052
99.931748867  1716010
100.805768013  1711881
101.705455065  1708655
102.573027849  1708510
103.443175077  1708022
104.325752974  1697874
105.206367016  1694857
106.084820986  1687874
106.984222889  1686349
107.853442907  1684280
108.756211996  1683930
109.614259958  1683755
110.486758947  1680436
111.39605093  1677665
112.281230927  1676514
113.154577017  1676149
114.017642021  1675860
114.932855844  1675286
115.811344862  1674320
116.699516058  1669823
117.674435854  1669219
118.64743495  1668845
119.643117905  1668525
120.618252993  1668294
121.599573851  1668192
122.571333885  1663285
123.53403306  1661959
124.507361889  1659825
125.531977892  1659420
126.584431887  1658985
127.688551903  1658948
128.657203913  1658837
129.640753984  1658572
130.622110844  1658552
131.579442024  1656954
132.555986881  1656351
133.690805912  1653582
134.808114052  1653319
135.793524981  1653258
136.788285971  1652975
137.7792449  1652973
138.940728903  1652096
139.906339884  1651814
140.894227028  1651782
141.886292934  1651596
142.874069929  1649969
143.854073048  1646771
144.848571062  1646723
145.83314395  1646619
146.833353043  1644763
147.83545804  1641962
148.835680962  1639499
149.843860865  1635315
150.854918003  1633756
151.86501193  1633191
152.844908953  1633122
153.970566034  1633056
155.162575006  1630264
156.33788991  1629981
157.509747982  1629974
158.642896891  1629252
159.815680027  1628831
160.790066957  1628687
161.707592964  1628137
162.619428873  1627510
163.52243185  1627487
164.419578075  1627249
165.361353874  1626708
166.322244883  1626231
167.297111988  1626174
168.271575928  1625389
169.226902008  1625369
170.184184074  1624757
171.169437885  1624399
172.179246902  1623460
173.203930855  1622933
174.359351873  1615325
175.514351845  1614769
176.678633928  1605500
177.837969065  1603698
179.000128031  1602146
180.162770987  1599780
181.307414055  1598139
182.455481052  1595688
183.640029907  1594879
184.813642025  1565318
185.972656965  1562309
187.137101889  1562301
188.29834795  1560811
189.468100071  1559595
190.648581028  1559146
191.819273949  1556071
192.984513044  1555079
194.153486967  1554255
195.333399057  1553969
196.504252911  1552431
197.68827796  1552307
198.860183001  1552212
200.028720856  1550773
201.200335026  1548575
202.374927044  1547084
203.545959949  1545402
204.707704067  1544883
205.896766901  1544630
207.092113018  1543174
208.312054873  1541142
209.508069038  1538804
210.806711912  1538796
212.008947849  1538781
213.224807024  1530268
214.440583944  1529085
215.659004927  1528802
216.853127956  1527711
218.07178688  1526263
219.299660921  1525452
220.494570017  1525389
221.704617977  1525120
222.936872005  1524110
224.190719843  1523860
225.434079885  1523443
226.663178921  1521949
227.919735909  1521946
229.195570946  1520688
230.358006001  1520364
231.548832893  1519960
232.772294044  1519886
233.953377008  1519192
235.16318202  1518207
236.422911882  1516571
237.683894873  1516139
238.914707899  1515892
240.146978855  1515641
241.455998898  1515010
242.809911013  1514507
244.121747017  1514470
245.506398916  1514273
246.93394804  1513518
248.258673906  1512662
249.566761017  1510687
250.910136938  1510058
252.244801044  1510053
253.44280386  1509893
254.711380959  1509500
255.914293051  1509325
257.147428989  1508718
258.453049898  1505464
259.891285896  1501986
261.143344879  1501881
262.450691938  1501721
263.861392021  1501561
265.295779943  1501548
266.670968056  1501114
268.079326868  1500809
269.527663946  1500276
270.938001871  1498169
272.438964844  1494679
273.811372995  1493901
275.164634943  1490642
276.517039061  1490511
277.728805065  1490461
278.922868967  1490421
280.128155947  1489510
281.327973843  1489402
282.524818897  1487712
283.746935844  1486666
284.959284067  1486390
286.114444017  1486023
287.323727846  1485661
288.53410387  1485408
289.74454093  1485172
290.945992947  1484495
292.148552895  1484022
293.376929998  1483761
294.574881077  1483609
295.774641991  1482853
296.99255991  1482110
298.211890936  1481639
299.439131021  1480321
300.641780853  1479374
