0.0374529361725  6922891
0.0380668640137  6895606
0.0385370254517  6863503
0.0392119884491  6859536
0.0402119159698  6844273
0.0404238700867  6841663
0.0414559841156  6794441
0.0418989658356  6785242
0.0420470237732  6730141
0.0421948432922  6677238
0.0423429012299  6663664
0.0426330566406  6662110
0.0429229736328  6658807
0.0432138442993  6593009
0.0433528423309  6587232
0.0434818267822  6561501
0.0436089038849  6551159
0.0437369346619  6549637
0.0439898967743  6476466
0.0442419052124  6389877
0.0444939136505  6386587
0.0448670387268  6351945
0.0449938774109  6339971
0.0453670024872  6320758
0.0454928874969  6318285
0.0456209182739  6314573
0.0459949970245  6310739
0.0462460517883  6291254
0.0463728904724  6276862
0.0466248989105  6274417
0.0467519760132  6271414
0.047003030777  6230299
0.0471289157867  6228675
0.0485310554504  6200416
0.0492579936981  6194544
0.0499269962311  6191905
0.0500550270081  6190050
0.0504298210144  6189927
0.0509259700775  6181452
0.0511758327484  6171535
0.0520429611206  6158787
0.0522940158844  6157338
0.0529129505157  6155931
0.0530400276184  6150587
0.0542728900909  6147794
0.0551378726959  6147047
0.0552649497986  6144541
0.0553929805756  6009579
0.0558910369873  6001383
0.0560169219971  6001134
0.0573740005493  5932368
0.0577459335327  5843544
0.0581228733063  5760749
0.0583739280701  5760530
0.0587458610535  5754498
0.0589959621429  5717483
0.0598700046539  5712991
0.0602428913116  5708348
0.060614824295  5685600
0.0617380142212  5679284
0.0624809265137  5671411
0.0633449554443  5667047
0.0638389587402  5665392
0.0640888214111  5662738
0.0642149448395  5656860
0.0647158622742  5603747
0.0650889873505  5593068
0.0654699802399  5592714
0.0667049884796  5590668
0.0670788288116  5589973
0.0674538612366  5588124
0.0679519176483  5572301
0.0688190460205  5568394
0.0694379806519  5563425
0.0695638656616  5541166
0.0705528259277  5535374
0.0708029270172  5534669
0.0711760520935  5531568
0.0714259147644  5531030
0.0715520381927  5512214
0.0719230175018  5506373
0.0721728801727  5492335
0.0737760066986  5492115
0.0740249156952  5452887
0.0746438503265  5409873
0.074893951416  5405748
0.0751440525055  5395112
0.0753939151764  5394904
0.0757670402527  5391058
0.0761389732361  5383970
0.0762648582458  5381243
0.076514005661  5373149
0.0767638683319  5291088
0.077507019043  5273429
0.0776338577271  5262337
0.0777609348297  5244213
0.0781378746033  5239048
0.0785129070282  5238877
0.0788860321045  5238822
0.0791349411011  5237591
0.0792629718781  5231494
0.0793888568878  5229048
0.0798850059509  5191558
0.0805048942566  5183389
0.0807549953461  5167237
0.0812509059906  5159484
0.0818698406219  5156068
0.0822439193726  5141995
0.082494020462  5139773
0.0827438831329  5138984
0.0839810371399  5138923
0.0849740505219  5129812
0.0850999355316  5125991
0.0852270126343  5123403
0.0853538513184  5121062
0.0859718322754  5114575
0.086592912674  5105526
0.087210893631  5105184
0.0873379707336  5098511
0.0891900062561  5069488
0.0899479389191  5064952
0.090950012207  5053462
0.0912179946899  5047791
0.091591835022  5040038
0.091719865799  5030783
0.0935728549957  5024622
0.0936999320984  5022097
0.0953099727631  5021432
0.0954370498657  5013651
0.0955638885498  5012396
0.0976598262787  5004846
0.0977869033813  4986446
0.0979149341583  4977359
0.0980410575867  4974128
0.100142002106  4973843
0.100888967514  4969614
0.101014852524  4923426
0.101264953613  4923112
0.102401018143  4919539
0.102530956268  4902663
0.103564023972  4898745
0.10521697998  4885215
0.107626914978  4869791
0.108774900436  4869479
0.108906984329  4869463
0.109797954559  4860528
0.110180854797  4849924
0.110945940018  4847039
0.112337827682  4824849
0.113219976425  4823792
0.113477945328  4823571
0.11575293541  4815846
0.116387844086  4810791
0.116518974304  4806029
0.116776943207  4802724
0.117535829544  4802402
0.117666006088  4790171
0.118424892426  4779782
0.119184017181  4766183
0.119313955307  4765462
0.121603012085  4762691
0.125358819962  4758932
0.125998973846  4758791
0.127014875412  4749451
0.12714600563  4748508
0.127651929855  4746567
0.127818822861  4746176
0.129210948944  4745183
0.129972934723  4743423
0.130353927612  4742919
0.130734920502  4736120
0.132500886917  4734487
0.132630825043  4725508
0.134266853333  4723898
0.135900974274  4720025
0.13653588295  4717526
0.136682033539  4717494
0.137496948242  4717448
0.138731002808  4701132
0.138864994049  4661499
0.140377044678  4661302
0.140633821487  4658855
0.141774892807  4657531
0.142158031464  4654433
0.143293857574  4617989
0.144557952881  4617819
0.14493894577  4596232
0.14631986618  4595756
0.148969888687  4588827
0.149350881577  4566325
0.151244878769  4564817
0.154211997986  4559599
0.15594291687  4542040
0.158597946167  4531339
0.158728837967  4530312
0.160117864609  4518134
0.160629034042  4516873
0.161138057709  4510970
0.161770820618  4510744
0.162279844284  4510149
0.162662982941  4509834
0.16304898262  4507378
0.16419005394  4495112
0.169590950012  4489402
0.170356035233  4478297
0.172633886337  4474157
0.173267841339  4468336
0.174026966095  4461440
0.175161838531  4446236
0.175544977188  4445567
0.17706990242  4428453
0.179342985153  4395190
0.181730985641  4335987
0.183117866516  4329104
0.183748006821  4328924
0.186274051666  4321271
0.187795877457  4319887
0.191560029984  4319412
0.192443847656  4314054
0.193076848984  4308312
0.193706989288  4308222
0.202623844147  4307929
0.203006982803  4305830
0.203639030457  4268301
0.204269886017  4224209
0.204807043076  4221885
0.207857847214  4220740
0.209002017975  4199795
0.211416006088  4199371
0.213700056076  4199289
0.214995861053  4197686
0.216265916824  4192050
0.217151880264  4191805
0.218788862228  4188597
0.221199035645  4186840
0.221739053726  4184833
0.222374916077  4183601
0.222758054733  4182742
0.223140001297  4182353
0.224902868271  4172412
0.227676868439  4162800
0.228068828583  4160734
0.228200912476  4126328
0.229873895645  4108023
0.23179101944  4101436
0.232552051544  4086323
0.232681035995  4076899
0.234196901321  4073917
0.234834909439  4058530
0.237364053726  4056823
0.239384889603  4048324
0.239642858505  4042496
0.240152835846  3986373
0.242305994034  3985830
0.24323797226  3984110
0.243870973587  3983674
0.244014978409  3954487
0.24546289444  3945970
0.245611906052  3944912
0.248699903488  3940009
0.251481056213  3939596
0.252244949341  3936938
0.25345993042  3923767
0.255154848099  3920351
0.25604891777  3911275
0.260831832886  3902450
0.26096701622  3892240
0.261101007462  3884942
0.263174057007  3884076
0.26687502861  3883945
0.267004966736  3882802
0.269021987915  3879249
0.270092010498  3878927
0.270484924316  3809339
0.273017883301  3805982
0.273402929306  3801857
0.275084972382  3801178
0.277770996094  3798021
0.282213926315  3775116
0.282472848892  3773009
0.28551197052  3769877
0.286149978638  3768622
0.28754401207  3702593
0.293077945709  3701529
0.293977975845  3699781
0.295377016068  3699488
0.296643972397  3699149
0.297150850296  3695193
0.29728102684  3683118
0.297915935516  3667073
0.29820394516  3665874
0.298338890076  3634474
0.299226045609  3631121
0.299482822418  3625194
0.304931879044  3621720
0.30658698082  3621304
0.307533979416  3620136
0.311645030975  3619379
0.312806844711  3614580
0.318552017212  3614045
0.318685054779  3611611
0.322662830353  3609884
0.323309898376  3609499
0.324975967407  3607789
0.326386928558  3555472
0.326519966125  3532416
0.328707933426  3532283
0.329737901688  3532015
0.330379962921  3531013
0.330896854401  3520487
0.331790924072  3518753
0.333822011948  3518189
0.334332942963  3498274
0.334590911865  3468615
0.336668968201  3466280
0.336812973022  3464794
0.339939832687  3462732
0.348817825317  3457216
0.349076986313  3454131
0.349711894989  3450799
0.356762886047  3449881
0.357533931732  3416401
0.358052968979  3411225
0.360591888428  3408146
0.3628718853  3394463
0.363764047623  3393505
0.365058898926  3333565
0.365577936172  3327239
0.365839958191  3319929
0.372156858444  3315212
0.376106023788  3314113
0.378916978836  3305769
0.381474018097  3272425
0.382869958878  3266668
0.387186050415  3245478
0.388195037842  3227810
0.38845205307  3226539
0.389085054398  3221465
0.389503002167  3218659
0.390890836716  3217150
0.401293039322  3211428
0.404561042786  3208810
0.406949043274  3208112
0.40876698494  3206725
0.416036844254  3206139
0.419607877731  3205164
0.420264005661  3205154
0.421294927597  3201206
0.421427965164  3184029
0.421689033508  3182472
0.423233985901  3182387
0.426012039185  3179559
0.434747934341  3175577
0.438595056534  3171952
0.440032958984  3168389
0.441045045853  3158547
0.441177845001  3155181
0.442831039429  3149966
0.442960977554  3146680
0.449812889099  3143280
0.450070858002  3142629
0.450330018997  3140978
0.451092004776  3135745
0.452107906342  3135516
0.453390836716  3132602
0.45352101326  3119040
0.455935001373  3118675
0.456601858139  3118670
0.463979959488  3100401
0.470273017883  3094002
0.470537900925  3088202
0.471568822861  3087414
0.471717834473  3085103
0.47358083725  3083888
0.474344968796  3082618
0.476943969727  3082104
0.480401992798  3081900
0.489832878113  3079433
0.493511915207  3078922
0.496408939362  3075333
0.499876976013  3063979
0.501036882401  3062655
0.503592014313  3054165
0.508797883987  3053845
0.509197950363  3053314
0.516532897949  3050517
0.521822929382  3030967
0.523118019104  3019122
0.529366970062  3014409
0.531172037125  3011611
0.542408943176  3006030
0.545604944229  3004007
0.550149917603  2999513
0.550654888153  2999243
0.552234888077  2998134
0.553594827652  2960830
0.557627916336  2956349
0.558779001236  2951089
0.559669971466  2897892
0.563263893127  2897083
0.568465948105  2891788
0.576093912125  2891432
0.581347942352  2891369
0.584799051285  2887185
0.58657002449  2887046
0.588781833649  2885859
0.590623855591  2880293
0.59380698204  2870051
0.59926199913  2868360
0.600182056427  2863178
0.603847026825  2860280
0.604758024216  2860076
0.607966899872  2857421
0.608867883682  2855107
0.614552974701  2854146
0.617509841919  2815974
0.619689941406  2813590
0.620652914047  2810494
0.623539924622  2808235
0.629276037216  2808095
0.630831003189  2807405
0.634016990662  2794267
0.635836839676  2787845
0.641340017319  2786184
0.645670890808  2782032
0.645802021027  2779063
0.646435976028  2778468
0.647579908371  2777413
0.648092985153  2770315
0.657688856125  2766451
0.65882897377  2759558
0.660244941711  2759405
0.664052963257  2752161
0.669738054276  2747455
0.670501947403  2747359
0.672677993774  2736390
0.673837900162  2735134
0.682302951813  2734598
0.688212871552  2731527
0.68889093399  2730859
0.69762802124  2715608
0.701191902161  2713122
0.702683925629  2710152
0.704247951508  2709857
0.707334041595  2709516
0.710852861404  2698121
0.71549987793  2696953
0.717432975769  2693870
0.720481872559  2690492
0.721112966537  2688167
0.725860834122  2682482
0.729825973511  2681869
0.730856895447  2673324
0.734966993332  2669022
0.742672920227  2668795
0.745100975037  2667280
0.754791021347  2666810
0.754925966263  2664288
0.763506889343  2661035
0.765027046204  2658379
0.772722005844  2656727
0.774492025375  2628752
0.77653503418  2627368
0.777178049088  2625789
0.777308940887  2624759
0.783251047134  2623855
0.789722919464  2623808
0.791764974594  2623777
0.800709009171  2621350
0.803033828735  2616774
0.806462049484  2607919
0.818431854248  2604647
0.833359003067  2601075
0.836292982101  2598203
0.840409040451  2597461
0.843863010406  2595421
0.846160888672  2593070
0.863180875778  2591964
0.873131036758  2588769
0.873404026031  2586309
0.8741979599  2585663
0.874861955643  2584248
0.87539100647  2582122
0.875658988953  2581494
0.880686044693  2581032
0.882340908051  2579760
0.913827896118  2579529
0.91734790802  2577129
0.923025846481  2562040
0.924270868301  2558042
0.926086902618  2557934
0.92694401741  2557546
0.930528879166  2557256
0.930693864822  2553405
0.935720920563  2551806
0.947242021561  2549806
0.950829982758  2549641
0.958329916  2541555
0.958902835846  2541486
0.959754943848  2540726
0.973192930222  2539369
0.975425004959  2538724
0.984107017517  2538374
1.01163291931  2537396
1.03403902054  2537290
1.03634786606  2537261
1.03829503059  2526171
1.0439479351  2524782
1.04615783691  2524118
1.05463385582  2522556
1.0657749176  2521590
1.0770509243  2520371
1.08061504364  2519513
1.08159804344  2518900
1.09325194359  2518667
1.09626603127  2517460
1.10708594322  2517279
1.11848092079  2516056
1.12415599823  2511285
1.13184094429  2510095
1.13357400894  2509876
1.17379784584  2508084
1.17433691025  2503854
1.17539381981  2502552
1.19115495682  2486062
1.20022583008  2480101
1.20098590851  2479761
1.20189285278  2477942
1.21390604973  2477361
1.2188668251  2475077
1.22059893608  2474822
1.22116684914  2471775
1.22448396683  2470355
1.23579001427  2466935
1.23975801468  2466842
1.24014401436  2466541
1.24077892303  2466437
1.26006293297  2465538
1.26438903809  2463021
1.28994202614  2460570
1.30106782913  2458667
1.30286693573  2458343
1.30441904068  2457966
1.30560088158  2455999
1.31392192841  2455503
1.33276605606  2452640
1.3378329277  2452271
1.33841705322  2447193
1.34147000313  2446919
1.35390591621  2444376
1.37561488152  2440770
1.37843203545  2440576
1.38635396957  2440515
1.38952302933  2438426
1.3983309269  2436737
1.4071059227  2435860
1.45348381996  2435801
1.46261382103  2430697
1.47223782539  2428111
1.48652291298  2427427
1.48887395859  2426919
1.48989987373  2425961
1.49819803238  2425949
1.52647185326  2422975
1.53395700455  2422760
1.55254483223  2421742
1.5605340004  2372178
1.56384897232  2371588
1.58846688271  2371199
1.58873295784  2370909
1.62997794151  2369968
1.65336585045  2357894
1.6649620533  2356925
1.68730902672  2355368
1.68788599968  2355146
1.690969944  2353843
1.74078083038  2353583
1.78169584274  2352941
1.78954100609  2352449
1.79003000259  2352353
1.79954385757  2351632
1.80717396736  2344533
1.82530903816  2339676
1.83037090302  2339417
1.86473798752  2337918
1.87784004211  2337835
1.87973499298  2336442
1.90719795227  2335160
1.92706894875  2335151
1.94544482231  2334866
1.95481204987  2331055
1.97620391846  2329974
1.98058390617  2329488
1.99154400826  2329276
1.99699282646  2328552
2.00468683243  2328515
2.02257490158  2328489
2.05780482292  2327708
2.07493185997  2323313
2.07644104958  2323260
2.08926486969  2322998
2.10262989998  2300808
2.10577893257  2294385
2.12181997299  2284494
2.12812399864  2284438
2.15355396271  2284280
2.17572903633  2284011
2.17734003067  2283405
2.18167304993  2282987
2.18441605568  2282681
2.19112801552  2282665
2.20039582253  2281958
2.21542000771  2281388
2.24036598206  2280980
2.24967288971  2272337
2.26533293724  2272314
2.27657699585  2271283
2.28550004959  2256716
2.2888250351  2245907
4.42200994492  2233716
4.42214584351  2232731
4.42361783981  2232450
4.45401382446  2231906
4.46587705612  2230314
4.47893595695  2230260
4.47982692719  2226388
4.49918484688  2217478
4.49961805344  2217461
4.50414800644  2217303
4.52182888985  2215998
4.52514386177  2211644
4.53000402451  2209320
4.56724286079  2207262
4.57622289658  2206600
4.59513783455  2206599
4.61047482491  2206380
4.6126999855  2205210
4.63379383087  2200694
4.65242791176  2199965
4.6585688591  2199773
4.66819787025  2197427
4.67493796349  2191356
4.68858504295  2188578
4.72834587097  2186354
4.73762083054  2183918
4.77065396309  2183813
4.82497596741  2180718
4.82578682899  2179824
4.85072803497  2179528
4.87728905678  2178226
4.885668993  2177919
4.89346504211  2177753
4.90274000168  2174187
4.91975998878  2172721
4.94210100174  2172200
4.94838786125  2171643
4.96667098999  2170298
4.96819090843  2168984
4.9758310318  2166741
5.01390790939  2166722
5.02530193329  2156453
5.02830290794  2155643
5.03672790527  2154543
5.04759192467  2146217
5.04964184761  2132070
5.06423997879  2130011
5.10723185539  2129915
5.15154004097  2129268
5.16312384605  2126262
5.17281603813  2125972
5.19565701485  2123251
5.22376489639  2122137
5.23071098328  2121301
5.24443483353  2121122
5.2486948967  2113857
5.25563001633  2112927
5.26332688332  2109882
5.2678539753  2106384
5.26828384399  2106050
5.28225588799  2104763
5.29123187065  2103642
5.30945205688  2102660
5.31477093697  2096505
5.32502889633  2095936
5.34129285812  2094736
5.34605193138  2094505
5.35585188866  2094444
5.36063098907  2093442
5.37794399261  2065341
5.39460301399  2065207
5.41533088684  2064686
5.41833400726  2062020
5.42184185982  2060721
5.43055582047  2059392
5.4340159893  2058714
5.44299387932  2057634
5.46033787727  2055638
5.46936798096  2055360
5.48984193802  2053126
5.49621796608  2049904
5.52711582184  2048752
5.52816700935  2048302
5.55341601372  2031211
5.55692481995  2030105
5.55724000931  2029633
5.55893301964  2026013
5.59064984322  2025428
5.60550093651  2023900
5.61786293983  2023646
5.63541984558  2023525
5.68419694901  2022305
5.71259999275  2019743
5.72279286385  2017462
8.06776499748  2015636
8.08981394768  2015084
8.10263800621  2014390
8.13287997246  2005167
8.14686989784  2003362
8.16848993301  2003271
8.16922688484  2003022
8.17675495148  2000903
8.18012094498  2000808
8.18329405785  1999864
8.1971218586  1996534
8.19790887833  1995060
8.19969892502  1994041
8.20776391029  1993715
8.26074099541  1993500
8.29513788223  1992901
8.30664396286  1992406
8.31525087357  1992048
8.33603191376  1989144
8.33676791191  1987726
8.37418985367  1987693
8.39180493355  1986104
8.40466594696  1985048
8.41449594498  1984423
8.41847681999  1983034
8.41974782944  1981681
8.42989492416  1981564
8.43533396721  1978066
8.43972992897  1977238
8.46038103104  1977010
8.46395802498  1976605
8.47255897522  1974877
8.49725699425  1972047
8.52313804626  1971997
8.53656983376  1970675
8.56422305107  1970521
8.58974885941  1969922
8.59376788139  1968244
8.59667992592  1968212
8.61805891991  1967969
8.63885688782  1967711
8.64207792282  1967495
8.66201305389  1967056
8.66823101044  1966959
8.674077034  1966151
8.67541003227  1963836
8.68619298935  1963705
8.69640398026  1963319
8.70417499542  1962862
8.71972703934  1959106
8.729585886  1958291
8.73177504539  1955293
8.7630238533  1952456
8.7764480114  1952191
8.78754782677  1951802
8.79303598404  1948002
8.79683899879  1947707
8.82472205162  1947471
8.84214091301  1947313
8.84435892105  1945010
8.84636592865  1944758
8.85143494606  1944076
8.86651301384  1943166
8.89830183983  1943140
8.9137339592  1940064
8.913864851  1939879
8.91667485237  1933011
8.93166184425  1932852
8.93483495712  1931887
8.95332193375  1927061
8.95533800125  1926210
8.96108484268  1925056
9.01508784294  1915296
9.0503308773  1914275
9.07215094566  1912412
9.09586787224  1912289
9.12188792229  1911080
9.12859392166  1910282
9.12952399254  1902223
9.14840888977  1901992
9.16691803932  1901884
9.1971809864  1900967
9.23316383362  1900059
9.24928689003  1898330
9.26048994064  1897866
9.2791800499  1897766
9.32462382317  1893047
9.35560798645  1891469
9.36083102226  1891058
9.36258792877  1889514
9.3973839283  1885608
9.3996629715  1885293
9.40738391876  1885037
9.41940903664  1884852
9.42058396339  1884460
9.4334089756  1884074
9.45228505135  1881828
9.45731782913  1877271
9.47587585449  1873203
50.1835768223  1871384
50.1865649223  1852219
50.1960208416  1852058
50.2436218262  1851511
50.2525429726  1846899
50.2528049946  1846818
50.2693450451  1844625
50.2725269794  1843841
50.276556015  1840217
50.2841339111  1840059
50.2991259098  1837770
50.3090250492  1836838
50.3103098869  1835262
50.3205740452  1835066
50.3258609772  1831160
50.3261358738  1827712
50.336578846  1827504
50.3463540077  1825814
50.3527128696  1825659
50.3750259876  1824832
50.3757889271  1822841
50.3817229271  1821198
50.3909020424  1820861
50.3923339844  1820454
50.4020938873  1820093
50.4079189301  1819363
50.4311258793  1817849
50.4377949238  1815492
50.4676270485  1814511
50.4694240093  1813913
50.5180840492  1807448
50.559458971  1807312
110.475358009  1791231
110.523485899  1790479
110.544448853  1790307
110.558456898  1789902
117.950382948  1769814
117.965800047  1768252
117.970072031  1753428
117.972038031  1753012
117.9774189  1751731
118.02600193  1750052
118.032281876  1748046
118.087683916  1747973
118.145997047  1746911
118.149927855  1743387
118.174178839  1743196
118.188339949  1741841
118.204121828  1739231
118.218075991  1736696
118.24889183  1727445
118.313657045  1726678
118.320366859  1723075
118.322012901  1707647
118.322999001  1707028
118.351583958  1706686
118.398803949  1706469
118.425966024  1705041
118.444948912  1704557
118.445658922  1704449
118.451472998  1704144
170.033293009  1703999
170.037794828  1702678
170.096995831  1701974
170.133004904  1701871
170.139850855  1701738
170.16669488  1701291
170.16840291  1701136
170.177072048  1700354
170.183778048  1699404
170.241034985  1698576
170.248755932  1698331
170.254286051  1698286
170.257815838  1695252
170.314148903  1694981
170.334512949  1690962
170.346199989  1690022
170.348881006  1689820
170.351958036  1689239
170.364735842  1688321
170.395766973  1687150
170.407173872  1684976
170.437641859  1680289
170.43878293  1679054
170.452621937  1677435
170.500267029  1676984
170.553081989  1676954
170.562355995  1675123
170.579457045  1672078
170.641587973  1671739
170.645696878  1671631
170.655827045  1670542
246.754360914  1669023
246.758321047  1666362
246.764791012  1666179
263.396414995  1665972
263.430789948  1665100
263.454880953  1664043
263.462864876  1662765
263.46705699  1662328
263.477462053  1662324
263.477748871  1661981
263.496095896  1660066
263.525457859  1660052
263.579185009  1659750
263.581733942  1659419
263.60874486  1657245
263.611150026  1656686
263.65913105  1656385
263.662292957  1652412
263.668063879  1652147
263.673012018  1651909
263.673145056  1651859
263.688021898  1650968
263.712273836  1647388
263.717823982  1646886
263.765351057  1646870
263.770535946  1646790
263.777729988  1646765
263.794296026  1645777
263.808823824  1645731
263.826963902  1645665
263.835525036  1644750
263.838299036  1644351
263.844980001  1643949
393.538524866  1628879
393.540789843  1628490
393.560504913  1628175
393.580433846  1628163
393.586295843  1627062
401.276610851  1624646
401.320080996  1624360
401.34065485  1617740
401.348551035  1615922
401.362848997  1615897
401.367496967  1615795
401.382105827  1610787
401.414310932  1610766
401.430759907  1610188
401.440263033  1608578
401.450444937  1605319
401.485466003  1605236
401.510442019  1604009
401.510712862  1603523
401.531945944  1603466
401.56911397  1602152
401.57483983  1601647
401.577011824  1600002
401.591395855  1599987
401.593102932  1598893
401.627631903  1595130
401.632779837  1594550
401.663630009  1593584
401.665369034  1593165
401.688699961  1588343
401.692949057  1587765
401.744634867  1587616
401.770906925  1586410
401.785868883  1585178
401.8166399  1584850
401.819998026  1584471
401.823439837  1582325
401.827596903  1582017
401.829464912  1581956
401.851265907  1580665
401.878228903  1580096
401.921085835  1579993
401.953336954  1579147
401.97446394  1577061
401.993160963  1576684
402.013550997  1574004
402.043411016  1572150
402.062832832  1570767
