0.0389289855957  6801739
0.0392980575562  6785238
0.0394570827484  6775011
0.0400309562683  6764619
0.041130065918  6764175
0.0415029525757  6763005
0.0416400432587  6756378
0.041855096817  6755012
0.0425419807434  6752065
0.0426790714264  6750806
0.0428950786591  6747259
0.0438959598541  6742577
0.0441110134125  6712034
0.0442481040955  6709130
0.0454308986664  6696952
0.045646905899  6693713
0.0468850135803  6685032
0.0470230579376  6681560
0.0495948791504  6672203
0.0497529506683  6664345
0.0506250858307  6659723
0.0551788806915  6653817
0.0553920269012  6650837
0.0557260513306  6647119
0.0607850551605  6643958
0.0609519481659  6643367
0.061311006546  6636483
0.0614790916443  6636206
0.0622200965881  6606192
0.0625829696655  6603305
0.0627329349518  6599616
0.0631420612335  6597933
0.0640740394592  6594156
0.0642120838165  6583495
0.0645859241486  6574409
0.0655100345612  6571685
0.0656480789185  6570183
0.0666520595551  6565367
0.0667901039124  6557981
0.0686280727386  6556173
0.069314956665  6551516
0.0730319023132  6548359
0.0731699466705  6525149
0.0771250724792  6508989
0.077262878418  6508627
0.0775580406189  6500510
0.0828020572662  6498545
0.0829401016235  6496062
0.0831561088562  6481945
0.084636926651  6481216
0.0850119590759  6478278
0.0864229202271  6468224
0.086592912674  6455048
0.0868089199066  6448191
0.0872609615326  6421934
0.0918231010437  6420575
0.0919609069824  6412277
0.0976240634918  6407548
0.0979199409485  6407033
0.0982940196991  6404650
0.101213932037  6399488
0.101351976395  6398735
0.107198953629  6398537
0.107336997986  6396420
0.107631921768  6396242
0.107769966125  6396005
0.108301877975  6391731
0.108675003052  6389093
0.108813047409  6387383
0.10973906517  6383583
0.110189914703  6381044
0.110327005386  6378313
0.111330986023  6377922
0.111468076706  6375621
0.112078905106  6375323
0.113082885742  6375174
0.114164113998  6374481
0.116314888  6365932
0.121730089188  6361304
0.121869087219  6359551
0.127607107162  6358279
0.127743959427  6347037
0.127960920334  6321301
0.12896490097  6319771
0.129654884338  6316916
0.135641098022  6315141
0.135778903961  6313844
0.141968011856  6313687
0.143328905106  6312118
0.143624067307  6301678
0.143762111664  6300676
0.144608974457  6293223
0.150765895844  6286788
0.156986951828  6283993
0.157362937927  6280996
0.157501935959  6280808
0.157717943192  6275698
0.1642100811  6271778
0.164824962616  6269330
0.164967060089  6212419
0.165271043777  6211990
0.171665906906  6208913
0.172040939331  6204349
0.172178030014  6196577
0.175370931625  6194430
0.177562952042  6194046
0.177700042725  6193087
0.177917003632  6189090
0.17986702919  6184996
0.182776927948  6182165
0.189215898514  6181141
0.19650888443  6177321
0.197040081024  6166109
0.197257041931  6144459
0.199656963348  6143073
0.199873924255  6139959
0.201349973679  6137936
0.209650039673  6131457
0.20978808403  6129716
0.210083961487  6129312
0.210457086563  6128984
0.210593938828  6126714
0.218273878098  6125880
0.218413114548  6117349
0.226475954056  6113533
0.226770877838  6113350
0.226986885071  6108234
0.227438926697  6106889
0.22757601738  6104894
0.235784053802  6100504
0.236001014709  6095526
0.244991064072  6090627
0.245208024979  6079362
0.245501995087  6075607
0.245640039444  5998749
0.246665000916  5993658
0.247195959091  5993005
0.247804880142  5992541
0.257302045822  5987699
0.257440090179  5973092
0.257656097412  5956434
0.258503913879  5956236
0.258977890015  5953918
0.25919508934  5950133
0.26237487793  5945074
0.26274895668  5938142
0.263201951981  5932170
0.263339042664  5913005
0.264662981033  5912748
0.265430927277  5908251
0.267940044403  5905420
0.26815700531  5902747
0.268451929092  5899184
0.278444051743  5894898
0.281521081924  5889660
0.283314943314  5885112
0.283611059189  5800270
0.293942928314  5795497
0.294159889221  5794087
0.294455051422  5791529
0.294671058655  5788408
0.294809103012  5788397
0.295183897018  5786555
0.30562710762  5784873
0.305764913559  5771756
0.316909074783  5770359
0.328106880188  5767559
0.340728998184  5766968
0.341104030609  5764230
0.341556072235  5760507
0.341721057892  5756178
0.342252969742  5752553
0.342863082886  5751734
0.343000888824  5740757
0.343688011169  5740269
0.343826055527  5738361
0.345089912415  5737683
0.345963001251  5731246
0.353945970535  5729922
0.35432100296  5728904
0.354773044586  5727871
0.35569691658  5726223
0.355834960938  5725809
0.356051921844  5695706
0.356899023056  5695322
0.357292890549  5692929
0.359972000122  5692312
0.360346078873  5681233
0.360483884811  5680329
0.361013889313  5679984
0.361701011658  5678020
0.3644759655  5676370
0.371761083603  5675697
0.372215986252  5674490
0.372749090195  5632694
0.372885942459  5627280
0.373967885971  5625708
0.374104976654  5622193
0.386694908142  5619296
0.400141000748  5616566
0.400279045105  5612257
0.400732040405  5608374
0.400949001312  5608150
0.401324033737  5604733
0.402013063431  5603904
0.402307987213  5601448
0.40252494812  5598646
0.403136014938  5598134
0.403274059296  5595305
0.403568029404  5592459
0.403784036636  5591655
0.404236078262  5559454
0.404925107956  5556205
0.405773878098  5555962
0.420571088791  5554222
0.420945882797  5545768
0.422108888626  5541923
0.422246932983  5536334
0.422856092453  5536331
0.42307305336  5530458
0.423446893692  5526028
0.423583984375  5526020
0.423799991608  5492345
0.424172878265  5491726
0.424860954285  5481211
0.438909053802  5480907
0.439048051834  5478665
0.454565048218  5478507
0.454782962799  5475970
0.454921007156  5471127
0.455137968063  5470359
0.455431938171  5469797
0.455806016922  5459035
0.456695079803  5457635
0.45699095726  5456184
0.457129001617  5453432
0.457659959793  5445045
0.45850610733  5438341
0.459510087967  5435456
0.477531909943  5433039
0.477688074112  5404703
0.477910995483  5402097
0.478053092957  5398490
0.478519916534  5380163
0.479382991791  5351275
0.479538917542  5328615
0.480051040649  5326608
0.480299949646  5299026
0.481553077698  5289158
0.481736898422  5283524
0.483755111694  5277913
0.485006093979  5274534
0.485402107239  5259224
0.486231088638  5249867
0.486368894577  5247356
0.50564789772  5246003
0.505798101425  5237460
0.506303071976  5229592
0.506460905075  5225011
0.507421016693  5224080
0.508534908295  5220530
0.508677005768  5204316
0.509957075119  5203153
0.529356956482  5202462
0.529732942581  5193874
0.530662059784  5192062
0.530811071396  5155498
0.531388998032  5151639
0.531533002853  5130403
0.532001018524  5125296
0.532139062881  5119103
0.532356023788  5109042
0.532985925674  5106516
0.535320997238  5091060
0.535963058472  5088902
0.536781072617  5088743
0.536920070648  5087221
0.537847995758  5086153
0.537986040115  5084723
0.538202047348  5082690
0.539669036865  5081870
0.558815956116  5080433
0.578675031662  5079871
0.598495006561  5070121
0.619822978973  5066197
0.642602920532  5066135
0.663000106812  5066054
0.683950901031  5063520
0.710134983063  5062621
0.7555539608  5062386
0.796231985092  5061112
0.836062908173  5059749
0.875987052917  5059689
0.919462919235  5057839
0.966846942902  5055841
1.01002407074  5055451
1.05190706253  5051577
1.10426402092  5050872
1.1682009697  5048888
1.22882199287  5048144
1.28805208206  5047800
1.36121892929  5047026
1.44788503647  5044591
1.54183793068  5042142
1.6172440052  5040699
1.69513392448  5035777
1.79918289185  5035319
1.89445090294  5034284
2.00443291664  5032808
2.12491607666  5032477
2.19660305977  5032157
2.26267790794  5031996
2.33522701263  5031575
2.40023398399  5026396
2.46277999878  5026118
2.53197097778  5025426
2.59866189957  5025109
2.6573278904  4991504
2.71695709229  4991436
2.78418087959  4991331
2.87499499321  4985922
2.99183297157  4984287
3.04854798317  4984001
3.15379500389  4983389
3.27607393265  4975666
3.34311103821  4975368
3.45476508141  4972069
3.56760311127  4965410
3.63331103325  4965062
3.75065493584  4951734
3.84878396988  4944528
3.94678688049  4942782
4.00404691696  4942298
4.10859203339  4940654
4.16589689255  4940354
4.26165103912  4938659
4.36264801025  4938524
4.48240995407  4938188
4.58432102203  4933631
4.64524006844  4933442
4.76497602463  4933438
4.88442587852  4926913
4.95015001297  4926613
5.06329488754  4923947
5.17729401588  4921865
5.27280211449  4917286
5.36898207664  4916521
5.46350598335  4912676
5.55874609947  4911194
5.61598610878  4911075
5.71505689621  4910837
5.77239489555  4910510
5.86748099327  4907989
5.90528893471  4907924
5.99931693077  4907375
6.01802992821  4904679
6.01816797256  4904010
6.01901006699  4903622
6.02502393723  4903268
6.02523994446  4899580
6.02555298805  4891028
6.02615904808  4889945
6.02637410164  4889187
6.02651000023  4887792
6.02680397034  4865749
6.02725291252  4863849
6.02880096436  4861473
6.02917289734  4858647
6.04148197174  4857459
6.04372000694  4857402
6.04528307915  4855464
6.04620409012  4854693
6.04720211029  4847152
6.06508398056  4842709
6.08407402039  4842685
6.08636689186  4841658
6.08658289909  4840000
6.08773803711  4832743
6.1076259613  4831350
6.13399410248  4830970
6.16035294533  4827523
6.17990994453  4822834
6.19982600212  4820283
6.21877789497  4727619
6.23832798004  4724097
6.25824809074  4721986
6.28113293648  4720839
6.30059289932  4646005
6.31974101067  4640597
6.33867788315  4639080
6.35857200623  4626077
6.37772893906  4626012
6.39991998672  4623769
6.42129707336  4621198
6.44103503227  4601735
6.46088600159  4600584
6.4798309803  4597032
6.49949407578  4592658
6.52303195  4592121
6.5433781147  4580763
6.56302690506  4490614
6.58930897713  4488928
6.6092979908  4488877
6.62887692451  4488578
6.64833807945  4487847
6.66833996773  4487695
6.68760800362  4485698
6.70724201202  4484539
6.7270720005  4484040
6.76515197754  4484015
6.77535700798  4483351
6.77549505234  4446410
6.78542804718  4442989
6.78595709801  4441368
6.78617191315  4440061
6.78646492958  4434984
6.78801488876  4427422
6.78815197945  4427123
6.78852295876  4424967
6.80020594597  4424538
6.80556988716  4424350
6.80889987946  4424109
6.80950593948  4423071
6.81058311462  4416900
6.81079697609  4414364
6.8110909462  4407145
6.81153893471  4404915
6.81167507172  4403202
6.81188988686  4399804
6.81257200241  4380416
6.81278705597  4376189
6.81443095207  4373533
6.81456708908  4368369
6.81478190422  4356034
6.81507492065  4341844
6.81544709206  4331196
6.81558299065  4329309
6.81618905067  4303221
6.81632494926  4302693
6.81669592857  4297310
6.81691193581  4297178
6.82117390633  4291740
6.83720302582  4288282
6.88177394867  4286695
6.93881392479  4286100
6.99814510345  4284785
7.0591878891  4284568
7.11938810349  4283381
7.18154191971  4280470
7.24373006821  4279304
7.30050492287  4278715
7.35745501518  4277153
7.43362808228  4273454
7.51431393623  4270233
7.59893202782  4270013
7.67441797256  4269874
7.75040507317  4269726
7.8301448822  4269244
7.90643596649  4267767
7.98260593414  4266542
8.02182793617  4266468
8.06002497673  4265882
8.11565995216  4265318
8.15485692024  4263751
8.2098929882  4263480
8.29714202881  4262043
8.36258292198  4261903
8.43240594864  4261055
8.49298405647  4260415
8.55048894882  4254957
8.60784292221  4254608
8.66457509995  4252066
8.72238206863  4251011
8.78612303734  4250858
8.84662795067  4248917
8.93833208084  4248839
9.01570510864  4248378
9.09216499329  4247239
9.17044711113  4246103
9.26559591293  4239599
9.32727003098  4239405
9.42437505722  4239348
9.51835298538  4238832
9.61432909966  4238126
9.67254400253  4237532
9.76788401604  4230329
9.87920594215  4230004
9.98427796364  4228992
10.0417981148  4227951
10.1394519806  4227831
10.2354900837  4226429
10.3319180012  4224806
10.4323101044  4223567
10.5271470547  4165433
10.5845620632  4164754
10.6799039841  4153766
10.7364699841  4151846
10.831633091  4151725
10.9269239902  4149200
11.0235779285  4146648
11.1230859756  4145813
11.2187280655  4145679
11.3146901131  4145261
11.4099159241  4126447
11.5049309731  4126032
11.5994439125  4125038
11.6939918995  4123182
11.7896969318  4118577
11.8903300762  4118511
11.9850199223  4117161
12.0792899132  4116614
12.1745369434  4116180
12.26998806  4113642
12.3653149605  4113340
12.4616038799  4112289
12.5577170849  4111862
12.6533520222  4111849
12.7489540577  4111024
12.8453900814  4111000
12.9416210651  4110010
13.045363903  4109768
13.1415939331  4109154
13.3023200035  4106422
13.4532120228  4106357
13.6029989719  4105163
13.7726759911  4104675
13.942070961  4102352
14.1130919456  4102044
14.2831919193  4101177
14.4571089745  4101025
14.6371409893  4100814
14.8059420586  4093081
14.9751300812  4092695
15.1435439587  4081839
15.3227519989  4081707
15.4931650162  4080510
15.6764810085  4080362
15.8548541069  4080117
16.0351660252  4079731
16.2057390213  4079659
16.3746030331  4078428
16.544522047  4078125
16.7137029171  4076773
16.892455101  4076512
17.0749158859  4074780
17.281578064  4074365
17.450273037  4074203
17.6853649616  4073708
17.9091539383  4073560
18.1462769508  4072836
18.3709340096  4072272
18.594960928  4069655
18.82685709  4068642
19.0596358776  4066442
19.2837839127  4066388
19.5066900253  4066169
19.7318689823  4063646
19.9642720222  4062905
20.1929750443  4062432
20.4275429249  4061372
20.6534669399  4061276
20.8765048981  4061186
21.1005249023  3945633
21.3233668804  3942780
21.5475809574  3939130
21.7784109116  3938440
22.0025060177  3933526
22.0602750778  3932185
22.1292660236  3931096
22.1858489513  3929303
22.2430920601  3929058
22.312112093  3926122
22.3694190979  3925877
22.4644129276  3925566
22.5964250565  3919281
22.6536550522  3917985
22.7292869091  3917973
22.8057479858  3916481
22.9003748894  3916294
22.9953629971  3915818
23.0897600651  3915431
23.2599918842  3915133
23.4288260937  3914884
23.5981259346  3914029
23.8678100109  3913463
24.0647978783  3913097
24.27105093  3909537
24.2720050812  3909205
24.2721428871  3909036
24.2832899094  3908950
24.2837429047  3904496
24.2841169834  3890578
24.2842550278  3829816
24.2881939411  3824279
24.2892010212  3737600
24.2893381119  3737219
24.2913630009  3734681
24.2919740677  3733733
24.2938408852  3733649
24.2941360474  3733361
24.2950839996  3731091
24.2952210903  3727525
24.2964088917  3727247
24.298760891  3724219
24.301831007  3720796
24.3120980263  3720697
24.3123140335  3719854
24.3126080036  3711974
24.3228969574  3711810
24.3413050175  3711642
24.3414430618  3709764
24.3492391109  3705555
24.5175979137  3704976
24.7222681046  3704064
25.0154280663  3703603
25.3576250076  3703124
25.6869609356  3702332
26.0460300446  3702132
26.3955149651  3702050
26.7469320297  3701115
27.102741003  3701018
27.4489688873  3700909
27.6536281109  3700568
27.8859050274  3700441
28.0993258953  3700215
28.3050971031  3699876
28.6425759792  3697471
29.0411269665  3697438
29.4405579567  3696881
29.8736259937  3696779
30.3194169998  3696582
30.7624409199  3696067
31.1663329601  3695907
31.6043689251  3694668
31.6636779308  3694663
31.7204608917  3694339
31.7790739536  3694026
32.2312810421  3693326
32.6903939247  3687754
33.2223880291  3683099
33.7423679829  3681113
34.2732839584  3656961
34.2943930626  3656440
34.3140099049  3656432
34.4101569653  3654474
34.5431571007  3649938
34.8210089207  3649811
35.0450870991  3649295
35.2333099842  3649166
35.4392719269  3648943
35.6875240803  3647330
35.9288549423  3645860
36.417568922  3645692
36.9391360283  3615624
37.3780889511  3615485
37.8158109188  3615410
38.3421719074  3608510
38.8702969551  3565948
39.3937408924  3553463
39.9201619625  3533151
40.3575310707  3532091
40.8271141052  3530993
41.3169469833  3530772
41.9280879498  3530540
42.4461619854  3529398
43.0471899509  3529162
43.6813850403  3528736
44.3467979431  3528725
45.0210449696  3528721
45.6357710361  3528703
46.3736689091  3527735
47.0689198971  3487400
47.3605599403  3487123
47.6574559212  3486860
47.9485659599  3485822
48.4191610813  3484593
49.0995099545  3405736
49.6294579506  3405358
50.2180879116  3405355
50.8060379028  3405019
51.4363029003  3404821
52.1750979424  3401098
52.839263916  3400648
53.5093491077  3400569
54.1911070347  3387527
54.9194629192  3377630
54.9444000721  3377393
54.968337059  3377381
54.9929540157  3377134
55.0309319496  3376297
55.0752370358  3374052
55.1181769371  3373936
55.1629049778  3373862
55.2077078819  3373395
55.2939898968  3373209
55.3669230938  3371255
55.3910880089  3370997
55.4289619923  3370987
55.4666121006  3370855
55.5599060059  3368845
55.6522419453  3366821
55.7314090729  3365112
55.8166930676  3364443
55.9094619751  3363144
55.9886050224  3361442
56.0816159248  3358061
56.1873300076  3357672
56.2663829327  3355768
56.2666869164  3355132
56.2669029236  3354797
56.2856440544  3354679
56.3041238785  3349731
56.3297200203  3337951
56.3527240753  3335787
56.3856859207  3334593
56.4328429699  3333710
56.5332651138  3330769
56.6088728905  3330525
56.7023339272  3324918
56.7946989536  3324059
56.8863708973  3321029
56.9754009247  3316373
57.0521469116  3304157
57.1287620068  3302635
57.2098419666  3300096
57.3067679405  3299953
57.4041960239  3298537
57.4937109947  3290036
57.5753419399  3289139
57.658000946  3284662
57.759018898  3283574
57.8501060009  3283442
57.9404809475  3281243
58.0323929787  3276650
58.143805027  3274087
58.334747076  3273563
58.4971690178  3273283
58.6746990681  3272031
58.8489489555  3270044
59.0187320709  3269238
59.198941946  3264778
59.3811409473  3264577
59.5760560036  3263928
59.7592120171  3263811
59.9332499504  3263778
60.114620924  3261760
60.2938160896  3261442
60.4809110165  3260820
60.7230839729  3259986
60.9620831013  3259121
61.2098889351  3258590
61.4703810215  3258271
61.7041010857  3257833
61.9951429367  3256675
62.3662281036  3255842
62.587389946  3255469
62.8176620007  3254169
63.0558929443  3254033
63.304117918  3247947
63.5731699467  3247447
63.8281319141  3246270
64.1994130611  3245007
64.5988790989  3244402
65.0864899158  3243581
65.5611538887  3242112
66.0054690838  3240518
66.449958086  3231682
66.8956420422  3223820
67.3516910076  3223700
67.4462928772  3216255
67.5329110622  3213635
67.6301140785  3206294
67.7265191078  3206274
67.8052508831  3206209
67.8926889896  3205499
67.9761250019  3205344
68.0783801079  3194725
68.1679129601  3192975
68.2573189735  3191431
68.3416790962  3190474
68.4377889633  3190117
68.5274178982  3177657
68.6026399136  3175356
68.7010719776  3160819
68.7969300747  3158017
68.8919990063  3157892
68.9812641144  3155676
69.0081999302  3155376
69.0325579643  3155368
69.0526928902  3154206
69.0984869003  3153699
69.1208810806  3153599
69.1427919865  3153515
69.3171439171  3152381
69.5385789871  3151550
69.7702510357  3149129
70.008505106  3146349
70.1832840443  3143844
71.038932085  3141412
71.9507670403  3140337
72.7890300751  3139932
73.6409358978  3139779
74.4914419651  3138418
75.3592400551  3109882
76.2069609165  3109873
77.0759658813  3108142
77.9352068901  3107767
78.8289630413  3107169
79.7060289383  3100925
80.5622661114  3100866
81.3424539566  3100338
82.0867869854  3095510
82.8315579891  3095337
83.6265521049  3095111
84.5054059029  3094590
85.3652091026  3094555
86.2075910568  3094223
87.0446119308  3094120
87.9165740013  3093687
88.7642700672  3093014
89.5604979992  3092789
90.3657898903  3079575
91.1781430244  3079001
92.0036270618  3078779
92.8270430565  3075623
93.6109631062  3075051
94.4605391026  3072692
95.2800490856  3072628
96.2650229931  3071147
97.268269062  3071097
98.2756640911  3067361
99.2961709499  3064100
100.348011971  3063931
