0.0399379730225  7057761
0.0402581691742  7050730
0.0403971672058  7043001
0.0407121181488  7030079
0.0412621498108  7014269
0.0417461395264  7008604
0.0419101715088  7006725
0.043025970459  7003814
0.0431871414185  6993391
0.0439879894257  6992355
0.0443999767303  6970676
0.044774055481  6969929
0.0449011325836  6946716
0.0450270175934  6937828
0.045154094696  6932350
0.0454061031342  6926459
0.0456559658051  6913830
0.0457820892334  6876990
0.0460331439972  6820593
0.046159029007  6771948
0.0462851524353  6736480
0.0465350151062  6736340
0.0466620922089  6658320
0.0467891693115  6655455
0.0471639633179  6639620
0.0474171638489  6603781
0.0475430488586  6582781
0.048043012619  6577515
0.0485420227051  6570582
0.0486700534821  6560320
0.0487971305847  6553168
0.0490491390228  6431210
0.049299955368  6379448
0.0494270324707  6359956
0.0495569705963  6354920
0.0499291419983  6288820
0.0500569343567  6275620
0.050183057785  6271681
0.0505630970001  6250330
0.0506889820099  6237041
0.0508680343628  6231816
0.0511801242828  6228031
0.0513210296631  6222756
0.0515749454498  6219853
0.0520260334015  6185830
0.0524120330811  6185502
0.0530359745026  6105818
0.0531649589539  6098929
0.0532929897308  6085336
0.0534219741821  6084101
0.0540480613708  6076979
0.0544271469116  6075466
0.0551891326904  6068031
0.055319070816  6065128
0.0559000968933  6049083
0.0560340881348  6045482
0.0566561222076  6043418
0.0575420856476  6042580
0.0580439567566  6037775
0.0584180355072  6036583
0.0588040351868  6036022
0.0590960979462  5999249
0.0596730709076  5997563
0.0598199367523  5997051
0.0609610080719  5984868
0.0613851547241  5975368
0.0621690750122  5956219
0.062294960022  5955459
0.0624220371246  5939201
0.0630011558533  5915392
0.0636219978333  5912394
0.0638720989227  5911266
0.0640001296997  5892308
0.0651080608368  5890508
0.0653600692749  5889167
0.0657341480255  5882965
0.0659849643707  5880199
0.0661120414734  5876995
0.0668570995331  5876493
0.0669851303101  5872345
0.0676181316376  5871027
0.0686140060425  5870172
0.0687420368195  5859369
0.069491147995  5856988
0.0696201324463  5856240
0.070121049881  5852912
0.0704970359802  5850756
0.0712561607361  5849121
0.0717530250549  5847957
0.0721290111542  5846251
0.0734651088715  5843136
0.0739929676056  5841832
0.0741281509399  5828919
0.0746541023254  5812223
0.075049161911  5800203
0.0754420757294  5768396
0.0770621299744  5747851
0.0772049427032  5740579
0.0773429870605  5724943
0.0782260894775  5692023
0.0786521434784  5688402
0.0792820453644  5658861
0.0803971290588  5644992
0.0813870429993  5621307
0.0815160274506  5573869
0.0818910598755  5573079
0.0827670097351  5568048
0.0828950405121  5567610
0.0846259593964  5559570
0.0851249694824  5536678
0.0856211185455  5531486
0.0862851142883  5524838
0.0866849422455  5505660
0.0871200561523  5500411
0.0877161026001  5494425
0.0883121490479  5486172
0.0888209342957  5473124
0.0894451141357  5470367
0.0904409885406  5460364
0.0905680656433  5459720
0.0915591716766  5432542
0.0921809673309  5415298
0.092677116394  5348881
0.0928039550781  5332692
0.093435049057  5330914
0.0938100814819  5303509
0.0949380397797  5297765
0.0950710773468  5293771
0.0954570770264  5199365
0.0958330631256  5123125
0.0968251228333  5123055
0.0975761413574  5087087
0.0978269577026  5056459
0.0982019901276  5055820
0.0987000465393  5055068
0.0989511013031  5025006
0.0996980667114  5018980
0.100075006485  4984750
0.100573062897  4983697
0.101812124252  4976303
0.102187156677  4970758
0.104048967361  4964382
0.105560064316  4951146
0.105690002441  4944385
0.106071949005  4939897
0.107210159302  4938619
0.107339143753  4934056
0.107846021652  4879316
0.108354091644  4878516
0.108483076096  4878394
0.108863115311  4873863
0.108993053436  4867322
0.109122037888  4793992
0.109754085541  4786844
0.110286951065  4773098
0.114153146744  4756078
0.114727020264  4752356
0.115905046463  4739214
0.118554115295  4737519
0.119442939758  4735111
0.121504068375  4722310
0.122969150543  4721881
0.127376079559  4721104
0.127887964249  4717886
0.128018140793  4716133
0.128774166107  4715886
0.129325151443  4706063
0.130229949951  4695653
0.130867958069  4695437
0.13124704361  4666738
0.131376028061  4664828
0.132267951965  4663693
0.132524967194  4662136
0.136947154999  4660139
0.137094020844  4639833
0.137226104736  4631193
0.138383150101  4629540
0.138770103455  4624449
0.139538049698  4616618
0.140563964844  4609128
0.140695095062  4598332
0.141592979431  4592823
0.142063140869  4584358
0.142194986343  4571980
0.144586086273  4563545
0.145355939865  4562391
0.145617961884  4558675
0.146253108978  4475047
0.146383047104  4460451
0.146512031555  4456833
0.147153139114  4455378
0.147561073303  4446717
0.149562120438  4395580
0.150038957596  4369738
0.150859117508  4359648
0.151733160019  4355378
0.152595043182  4352391
0.153913021088  4337940
0.155987024307  4228976
0.158756017685  4223109
0.158887147903  4172436
0.159893035889  4165392
0.162292003632  4163578
0.162932157516  4163571
0.163815021515  4144409
0.166095018387  4135679
0.166370153427  4125529
0.166878938675  4115385
0.167767047882  4110905
0.16814994812  4109870
0.16916513443  4108122
0.171441078186  4103224
0.172575950623  4094862
0.172832965851  4093012
0.176341056824  4089405
0.177860975266  4089259
0.178370952606  4082457
0.181126117706  4082099
0.181380987167  4081084
0.184600114822  4053102
0.187766075134  4051475
0.188045978546  4038745
0.18999004364  4037597
0.195644140244  4036916
0.19677400589  4018038
0.197528123856  4008407
0.202458143234  4007672
0.20258808136  4004190
0.207628965378  3989584
0.208388090134  3963344
0.209021091461  3963083
0.209901094437  3940816
0.210279941559  3932018
0.212279081345  3930974
0.214036941528  3929483
0.218037128448  3916390
0.222175121307  3915537
0.222821950912  3907360
0.225836992264  3902288
0.22598695755  3898013
0.227828979492  3890008
0.230303049088  3881812
0.230456113815  3881405
0.232949018478  3881097
0.23498916626  3874638
0.235502958298  3871655
0.236780166626  3779776
0.237795114517  3766071
0.238614082336  3760260
0.240059137344  3714425
0.241390943527  3708747
0.242118120193  3704812
0.244045972824  3699083
0.245648145676  3677157
0.245800971985  3675116
