0.0900001525879  7196632
0.0900001525879  7172822
0.0900001525879  7141734
0.0900001525879  7133873
0.0900001525879  7124750
0.0900001525879  7117291
0.0900001525879  7116485
0.0900001525879  7103831
0.0900001525879  7050635
0.100000143051  7049192
0.100000143051  7025856
0.100000143051  7025771
0.100000143051  7004147
0.100000143051  7000332
0.100000143051  6999490
0.100000143051  6976945
0.100000143051  6963124
0.100000143051  6917434
0.100000143051  6916180
0.100000143051  6915120
0.100000143051  6912856
0.100000143051  6879916
0.100000143051  6856875
0.100000143051  6853050
0.100000143051  6713725
0.100000143051  6707830
0.100000143051  6627646
0.100000143051  6612565
0.100000143051  6604048
0.100000143051  6592596
0.100000143051  6575881
0.100000143051  6572576
0.110000133514  6530464
0.110000133514  6470533
0.110000133514  6468542
0.110000133514  6464181
0.110000133514  6437575
0.110000133514  6425550
0.110000133514  6418025
0.110000133514  6370041
0.110000133514  6341161
0.110000133514  6340077
0.110000133514  6279550
0.110000133514  6273742
0.110000133514  6259737
0.110000133514  6238815
0.110000133514  6217625
0.110000133514  6212521
0.110000133514  6207353
0.110000133514  6194732
0.120000123978  6189573
0.120000123978  6189123
0.120000123978  6184253
0.120000123978  6180679
0.120000123978  6180146
0.120000123978  6171401
0.120000123978  6143653
0.120000123978  6134351
0.120000123978  6128665
0.120000123978  6124387
0.120000123978  6112278
0.120000123978  6109652
0.120000123978  6085963
0.120000123978  6053979
0.120000123978  5986912
0.120000123978  5984618
0.120000123978  5918414
0.120000123978  5871300
0.120000123978  5851424
0.120000123978  5840724
0.120000123978  5839444
0.120000123978  5804155
0.120000123978  5779596
0.120000123978  5765955
0.120000123978  5713694
0.120000123978  5709961
0.120000123978  5691361
0.120000123978  5676631
0.120000123978  5673246
0.120000123978  5671043
0.130000114441  5580757
0.130000114441  5528117
0.130000114441  5498368
0.130000114441  5497194
0.130000114441  5493169
0.130000114441  5492221
0.130000114441  5480237
0.130000114441  5477597
0.130000114441  5437120
0.130000114441  5429898
0.130000114441  5423050
0.130000114441  5422724
0.130000114441  5413115
0.130000114441  5406793
0.130000114441  5404857
0.130000114441  5392041
0.130000114441  5362874
0.130000114441  5358702
0.130000114441  5337612
0.130000114441  5317852
0.130000114441  5299980
0.130000114441  5299047
0.140000104904  5291629
0.140000104904  5288707
0.140000104904  5286011
0.140000104904  5274580
0.140000104904  5272033
0.140000104904  5271969
0.140000104904  5259072
0.140000104904  5255948
0.140000104904  5245395
0.140000104904  5212143
0.140000104904  5200276
0.140000104904  5180088
0.140000104904  5158843
0.150000095367  5150021
0.150000095367  5135379
0.150000095367  5131983
0.150000095367  5129315
0.150000095367  5107277
0.150000095367  5107166
0.150000095367  5106807
0.150000095367  5093054
0.150000095367  5090333
0.150000095367  5086786
0.150000095367  5044538
0.150000095367  5043368
0.150000095367  5041860
0.150000095367  5041155
0.150000095367  5025023
0.150000095367  5023773
0.150000095367  5019131
0.150000095367  5004276
0.160000085831  4997725
0.160000085831  4997677
0.160000085831  4996125
0.160000085831  4990117
0.160000085831  4989205
0.160000085831  4988489
0.160000085831  4950320
0.160000085831  4949223
0.160000085831  4947588
0.170000076294  4947483
0.170000076294  4929093
0.170000076294  4923886
0.170000076294  4923221
0.170000076294  4920392
0.180000066757  4899794
0.180000066757  4825104
0.180000066757  4823391
0.180000066757  4813170
0.180000066757  4810387
0.180000066757  4809383
0.180000066757  4792176
0.180000066757  4780903
0.180000066757  4708768
0.19000005722  4704388
0.19000005722  4701494
0.19000005722  4698157
0.19000005722  4690126
0.19000005722  4681189
0.19000005722  4618206
0.19000005722  4612498
0.19000005722  4608323
0.19000005722  4606841
0.19000005722  4601016
0.19000005722  4600307
0.19000005722  4599714
0.200000047684  4584356
0.200000047684  4579566
0.200000047684  4573741
0.200000047684  4556835
0.200000047684  4555914
0.210000038147  4551124
0.210000038147  4541343
0.210000038147  4537030
0.210000038147  4536754
0.22000002861  4517805
0.22000002861  4516912
0.22000002861  4515634
0.22000002861  4512533
0.22000002861  4497728
0.22000002861  4492443
0.230000019073  4491488
0.230000019073  4486486
0.230000019073  4484319
0.230000019073  4481219
0.230000019073  4479926
0.230000019073  4470268
0.240000009537  4379801
0.240000009537  4372829
0.240000009537  4357880
0.240000009537  4356209
0.240000009537  4353131
0.25  4343096
0.25  4342813
0.25  4286791
0.25  4272149
0.25  4268225
0.25  4265004
0.259999990463  4262907
0.259999990463  4256627
0.259999990463  4256051
0.259999990463  4250088
0.259999990463  4249137
0.259999990463  4244580
0.259999990463  4230259
0.270000219345  4226037
0.270000219345  4222703
0.270000219345  4216502
0.270000219345  4216399
0.280000209808  4214957
0.280000209808  4214435
0.280000209808  4213271
0.290000200272  4208137
0.290000200272  4207697
0.290000200272  4207597
0.290000200272  4135733
0.290000200272  4108051
0.290000200272  4055800
0.290000200272  4009636
0.290000200272  4006448
0.300000190735  4004356
0.300000190735  3928901
0.300000190735  3928104
0.300000190735  3905560
0.300000190735  3888629
0.300000190735  3887591
0.300000190735  3884796
0.300000190735  3863237
0.300000190735  3846269
0.300000190735  3844637
0.310000181198  3831180
0.310000181198  3830424
0.310000181198  3827632
0.310000181198  3827253
0.310000181198  3797285
0.310000181198  3795592
0.320000171661  3788745
0.320000171661  3781951
0.320000171661  3676594
0.330000162125  3674942
0.330000162125  3674913
0.330000162125  3674015
0.330000162125  3604511
0.330000162125  3600299
0.330000162125  3596509
0.330000162125  3595411
0.340000152588  3590154
0.340000152588  3579794
0.340000152588  3579645
0.340000152588  3573097
0.340000152588  3570371
0.340000152588  3529288
0.340000152588  3528980
0.340000152588  3524478
0.340000152588  3517367
0.340000152588  3501579
0.340000152588  3500306
0.340000152588  3498439
0.340000152588  3498418
0.340000152588  3488273
0.350000143051  3487779
0.350000143051  3485486
0.360000133514  3482188
0.360000133514  3480438
0.360000133514  3478440
0.360000133514  3472729
0.360000133514  3450108
0.360000133514  3445791
0.370000123978  3439455
0.370000123978  3430696
0.370000123978  3428952
0.370000123978  3421871
0.370000123978  3412487
0.370000123978  3411851
0.370000123978  3406710
0.370000123978  3398391
0.370000123978  3366604
0.380000114441  3362047
0.380000114441  3356461
0.380000114441  3352829
0.390000104904  3351798
0.390000104904  3348509
0.400000095367  3346725
0.400000095367  3337509
0.400000095367  3336293
0.400000095367  3273926
0.410000085831  3273588
0.410000085831  3269918
0.410000085831  3257917
0.410000085831  3257215
0.410000085831  3222196
0.410000085831  3221626
0.410000085831  3218956
0.410000085831  3194663
0.420000076294  3193860
0.420000076294  3192897
0.420000076294  3192860
0.420000076294  3192341
0.420000076294  3189607
0.420000076294  3188621
0.420000076294  3188165
0.430000066757  3187679
0.430000066757  3187666
0.430000066757  3187645
0.430000066757  3184437
0.430000066757  3136657
0.430000066757  3132721
0.430000066757  3132525
0.44000005722  3130422
0.44000005722  3129814
0.44000005722  3109249
0.450000047684  3100505
0.450000047684  3096969
0.450000047684  3096256
0.450000047684  3069683
0.460000038147  3068916
0.460000038147  3068686
0.460000038147  3068259
0.460000038147  3068191
0.460000038147  3065770
0.47000002861  3063641
0.47000002861  3063343
0.480000019073  3051861
0.490000009537  3049286
0.490000009537  3044463
0.490000009537  3037092
0.490000009537  3036835
0.490000009537  3036271
0.490000009537  3034429
0.5  3026129
0.509999990463  3025564
0.509999990463  3020853
0.520000219345  3016850
0.520000219345  3009594
0.530000209808  3008204
0.530000209808  3002622
0.530000209808  3002484
0.540000200272  3001220
0.540000200272  2983626
0.540000200272  2981196
0.540000200272  2950692
0.540000200272  2945136
0.540000200272  2940503
0.540000200272  2938197
0.550000190735  2934828
0.550000190735  2929929
0.550000190735  2929288
0.550000190735  2927378
0.560000181198  2925938
0.560000181198  2925857
0.560000181198  2921961
0.560000181198  2920998
0.570000171661  2920928
0.570000171661  2907049
0.580000162125  2904820
0.580000162125  2903185
0.580000162125  2901221
0.590000152588  2900124
0.590000152588  2899974
0.590000152588  2893448
0.590000152588  2893029
0.600000143051  2892712
0.600000143051  2892644
0.610000133514  2889954
0.610000133514  2883970
0.610000133514  2879596
0.620000123978  2875573
0.620000123978  2874837
0.620000123978  2874563
0.620000123978  2874073
0.630000114441  2868956
0.630000114441  2865428
0.630000114441  2860869
0.630000114441  2860080
0.630000114441  2859504
0.640000104904  2859094
0.640000104904  2858039
0.640000104904  2840164
0.650000095367  2836368
0.660000085831  2833981
0.660000085831  2829919
0.660000085831  2826791
0.670000076294  2826225
0.670000076294  2816928
0.670000076294  2816655
0.680000066757  2806854
0.69000005722  2801116
0.700000047684  2797902
0.700000047684  2797773
0.700000047684  2791856
0.710000038147  2708374
0.710000038147  2707856
0.710000038147  2705341
0.710000038147  2704031
0.72000002861  2702527
0.730000019073  2692357
0.730000019073  2691784
0.730000019073  2690262
0.730000019073  2690190
0.730000019073  2689459
0.740000009537  2688157
0.740000009537  2685975
0.75  2685918
0.75  2677153
0.759999990463  2672694
0.759999990463  2669434
0.759999990463  2668009
0.759999990463  2664769
0.759999990463  2662649
0.770000219345  2659614
0.770000219345  2657492
0.770000219345  2656417
0.780000209808  2653247
0.790000200272  2653229
0.790000200272  2652801
0.790000200272  2650326
0.810000181198  2649609
0.810000181198  2647603
0.810000181198  2644411
0.810000181198  2641866
0.820000171661  2640671
0.820000171661  2638594
0.820000171661  2637612
0.820000171661  2624124
0.820000171661  2622869
0.830000162125  2622325
0.830000162125  2621945
0.830000162125  2593021
0.840000152588  2591789
0.850000143051  2588876
0.850000143051  2586886
0.860000133514  2575145
0.860000133514  2574711
0.860000133514  2572768
0.870000123978  2571921
0.870000123978  2568496
0.870000123978  2567629
0.870000123978  2565390
0.870000123978  2564134
0.880000114441  2551479
0.880000114441  2549291
0.890000104904  2545692
0.890000104904  2542060
0.890000104904  2536531
0.900000095367  2535007
0.900000095367  2533734
0.900000095367  2531200
0.910000085831  2530598
0.910000085831  2529997
0.910000085831  2528307
0.920000076294  2528209
0.920000076294  2527168
0.920000076294  2526501
0.920000076294  2523968
0.920000076294  2523038
0.920000076294  2522693
0.920000076294  2522456
0.920000076294  2509617
0.94000005722  2506366
0.950000047684  2501050
0.950000047684  2497969
0.950000047684  2491773
0.950000047684  2490226
0.950000047684  2483778
0.960000038147  2478793
0.960000038147  2477809
0.960000038147  2477629
0.97000002861  2477617
0.97000002861  2476889
0.980000019073  2476379
0.980000019073  2474661
0.990000009537  2465370
0.990000009537  2464300
1.0  2461941
1.0  2460821
1.0  2458914
1.00999999046  2458400
1.04000020027  2451652
1.04000020027  2451554
1.05100011826  2441409
1.05400013924  2440703
1.05500006676  2440283
1.05800008774  2436264
1.06100010872  2434603
1.06100010872  2430670
1.08100008965  2430378
1.08100008965  2428089
1.09100008011  2427851
1.09100008011  2426105
1.10100007057  2425046
1.10100007057  2421177
1.10100007057  2420993
1.11100006104  2420782
1.14100003242  2419648
1.14100003242  2418141
1.15100002289  2413002
1.19100022316  2410248
1.19100022316  2409024
1.20100021362  2407365
1.21400022507  2406596
1.21400022507  2405181
1.22400021553  2403855
1.23300004005  2401691
1.25300002098  2399541
1.25300002098  2399150
1.26300001144  2399103
1.26300001144  2385517
1.27300000191  2384733
1.28299999237  2373278
1.28299999237  2372549
1.29300022125  2372256
1.29300022125  2372235
1.29300022125  2371018
1.30300021172  2370487
1.30300021172  2366486
1.30300021172  2365018
1.31300020218  2361591
1.31300020218  2360063
1.32300019264  2358607
1.32300019264  2352515
1.33300018311  2349200
1.34300017357  2349175
1.35300016403  2347589
1.35300016403  2344977
1.35300016403  2343252
1.37300014496  2337580
1.38300013542  2337460
1.38300013542  2336021
1.39300012589  2332869
1.42300009727  2332258
1.42300009727  2282138
1.43300008774  2280761
1.4430000782  2279561
1.48300004005  2279401
1.49300003052  2279187
1.52300000191  2278442
1.53299999237  2263946
1.54300022125  2263895
1.54300022125  2260126
1.55300021172  2256028
1.58300018311  2254664
1.58300018311  2254493
1.58300018311  2252109
1.59300017357  2251517
1.59300017357  2248752
1.59300017357  2247517
1.59300017357  2246725
1.63300013542  2244778
1.64300012589  2241847
1.64300012589  2234381
1.65300011635  2234098
1.66300010681  2216602
1.66300010681  2211164
1.68300008774  2208611
1.6930000782  2198495
1.71300005913  2194340
1.72300004959  2192770
1.72300004959  2181663
1.74300003052  2180965
1.75300002098  2180628
1.75300002098  2178765
1.77300000191  2174513
1.80300021172  2171023
1.80300021172  2169240
1.80300021172  2168380
1.83300018311  2167305
1.83300018311  2166907
1.84300017357  2166136
1.8630001545  2164435
1.88300013542  2163643
1.88300013542  2162594
1.90300011635  2162582
1.92300009727  2150150
1.93300008774  2149310
1.95300006866  2148719
1.96300005913  2148563
1.96300005913  2147517
1.96300005913  2144885
1.97300004959  2142499
1.97300004959  2141285
1.98300004005  2139246
1.98300004005  2138777
1.99300003052  2138760
1.99300003052  2137260
2.00300002098  2133958
2.00300002098  2133740
2.02300000191  2132676
2.03299999237  2129983
2.04300022125  2129976
2.06300020218  2128903
2.08300018311  2128824
2.09300017357  2127523
2.10300016403  2126695
2.13300013542  2124190
2.14300012589  2122785
2.16300010681  2121989
2.1930000782  2121629
2.23300004005  2117457
2.28400015831  2117090
2.28400015831  2116606
2.28400015831  2112482
2.30400013924  2111175
2.30400013924  2110958
2.3140001297  2102738
2.3140001297  2102573
2.32400012016  2102289
2.32400012016  2101640
2.33400011063  2101615
2.33400011063  2089905
2.33400011063  2089557
2.34400010109  2085761
2.40400004387  2083251
2.40400004387  2081960
2.40400004387  2081889
2.40400004387  2076031
2.40400004387  2074049
2.40400004387  2072586
2.41400003433  2072328
2.4240000248  2071304
2.45399999619  2071017
2.48400020599  2070656
2.5640001297  2069865
2.58400011063  2069179
2.59400010109  2068683
2.61400008202  2065961
2.63400006294  2064045
2.66400003433  2063983
2.68400001526  2063840
2.69400000572  2063828
2.69400000572  2063210
2.70399999619  2058127
2.73400020599  2057609
2.78400015831  2056837
2.79400014877  2056793
2.8140001297  2055042
2.83400011063  2054021
2.86400008202  2052828
2.87400007248  2052248
2.89400005341  2046834
2.90400004387  2046531
2.9240000248  2046519
2.94400000572  2045704
2.95399999619  2045460
2.95399999619  2045205
2.96600008011  2041978
2.96600008011  2041873
2.98600006104  2040866
3.00600004196  2040830
3.00600004196  2040470
3.04600000381  2037067
3.05599999428  2036975
3.06600022316  2035778
3.08600020409  2033208
3.10600018501  2031901
3.10600018501  2030979
3.10600018501  2029332
3.11600017548  2029217
3.11600017548  2029049
3.11600017548  2029006
3.11600017548  2028077
3.15600013733  2027917
3.18600010872  2027105
3.19600009918  2026981
3.19600009918  2024411
3.21600008011  2024039
3.25600004196  2022838
3.26600003242  2021728
3.26600003242  2021235
3.29600000381  2018400
3.34600019455  2017445
3.37600016594  2015960
3.39600014687  2015116
3.41600012779  2012782
3.41600012779  2012559
3.42600011826  2007274
3.43600010872  2004371
3.46600008011  2001334
3.4960000515  2001277
3.51600003242  1997516
3.54600000381  1996713
3.55599999428  1995840
3.58600020409  1993131
3.59600019455  1992215
3.60600018501  1991107
3.61600017548  1989064
3.62600016594  1988927
3.67600011826  1978534
3.68600010872  1978377
3.68600010872  1972294
3.70600008965  1972228
3.72600007057  1971432
3.7460000515  1970668
3.78600001335  1966598
6.60800004005  1961247
6.61800003052  1960598
6.62800002098  1959350
6.64800000191  1958217
6.64800000191  1956388
6.64800000191  1956178
6.66800022125  1955863
6.67800021172  1955656
6.68800020218  1953832
6.69800019264  1953641
6.69800019264  1953586
6.71800017357  1943485
6.72800016403  1943377
6.76800012589  1943149
6.77800011635  1942440
6.77800011635  1937337
6.78800010681  1936880
6.78800010681  1936489
6.79800009727  1936301
6.80800008774  1936160
6.8180000782  1933893
6.83800005913  1929809
6.86800003052  1929022
6.90799999237  1927749
6.93800020218  1925737
6.97800016403  1878200
6.97800016403  1877112
17.0500001907  1864603
17.0600001812  1864544
17.0800001621  1862476
17.1100001335  1861791
17.1300001144  1861780
17.1300001144  1861602
17.1400001049  1857964
17.1400001049  1857922
17.1800000668  1857123
17.2000000477  1856479
17.25  1856248
17.25  1855000
17.25  1854914
17.2599999905  1854844
17.2900002003  1853638
17.3000001907  1852937
17.3100001812  1852075
17.3300001621  1851836
17.3400001526  1850843
17.3600001335  1850708
17.370000124  1850431
17.370000124  1848142
17.4100000858  1848086
17.481000185  1847248
17.481000185  1846178
17.5210001469  1845723
17.5410001278  1845125
17.5610001087  1844369
17.6010000706  1842158
17.6510000229  1841627
17.7110002041  1841214
17.7610001564  1840703
17.7610001564  1840470
64.2010002136  1839456
64.2210001945  1839300
64.2410001755  1839201
64.2510001659  1836972
64.2610001564  1836704
64.2910001278  1836497
64.3310000896  1835915
64.361000061  1835386
64.361000061  1835208
64.3710000515  1834772
67.4410002232  1834697
67.4410002232  1826281
67.4510002136  1825099
67.4510002136  1823322
67.4710001945  1820237
67.481000185  1814622
67.481000185  1813177
67.4910001755  1809899
67.5010001659  1805486
67.5010001659  1802006
67.5210001469  1801215
67.5210001469  1800596
67.5310001373  1799821
67.5510001183  1799140
67.5610001087  1798783
67.5710000992  1794520
67.5810000896  1794292
67.5810000896  1794241
67.5910000801  1793584
67.5910000801  1791999
67.6010000706  1791403
67.6010000706  1790853
67.631000042  1789796
67.631000042  1788881
67.6510000229  1788349
67.7110002041  1788314
67.7510001659  1787448
67.7710001469  1787307
67.7910001278  1784784
67.8010001183  1782795
67.8210000992  1780708
67.8210000992  1780544
67.8210000992  1779362
67.8410000801  1776069
67.881000042  1773877
67.881000042  1773399
67.9010000229  1773067
67.9010000229  1772034
67.9110000134  1771870
67.9210000038  1770526
67.9510002136  1769871
67.9610002041  1768974
67.9610002041  1768050
67.9710001945  1767034
68.0110001564  1758509
68.0610001087  1756859
68.0810000896  1755901
68.1410000324  1755819
68.1809999943  1752371
68.1910002232  1751504
68.2010002136  1751335
68.2210001945  1750905
68.2210001945  1750428
68.231000185  1750089
68.231000185  1750011
68.2610001564  1749280
68.2910001278  1747636
68.2910001278  1744199
185.919000149  1743907
185.919000149  1743436
185.929000139  1742173
185.929000139  1731436
185.929000139  1720356
185.929000139  1719320
185.929000139  1719154
185.959000111  1716433
185.959000111  1715869
185.969000101  1715652
185.989000082  1713775
185.999000072  1711301
186.009000063  1710789
186.059000015  1710681
186.099000216  1709307
186.159000158  1707440
186.159000158  1705468
186.169000149  1705406
186.169000149  1704802
186.219000101  1704652
186.279000044  1697808
186.328999996  1695869
186.349000216  1695564
186.349000216  1694467
186.369000196  1694179
186.43900013  1693904
186.499000072  1681745
186.549000025  1681694
186.609000206  1680649
186.669000149  1680563
186.729000092  1680335
186.769000053  1680328
186.779000044  1678284
186.859000206  1678165
186.892000198  1677802
186.896000147  1676156
186.906000137  1675738
186.936000109  1671513
186.976000071  1671112
186.986000061  1670631
275.791000128  1663999
275.801000118  1662865
275.83100009  1661148
275.891000032  1661038
275.921000004  1660697
275.961000204  1660543
275.961000204  1658613
275.961000204  1657939
275.971000195  1657607
275.981000185  1657544
275.981000185  1657143
276.031000137  1656967
276.041000128  1656409
276.061000109  1655991
276.111000061  1649786
276.121000051  1649643
276.201000214  1648655
276.201000214  1647400
276.231000185  1647330
276.231000185  1646650
276.291000128  1644724
276.301000118  1631214
276.321000099  1630928
276.34100008  1630493
418.758000135  1625798
418.808000088  1624160
418.868000031  1623618
418.888000011  1622532
418.888000011  1621494
418.938000202  1621377
418.958000183  1620785
513.247000217  1620697
513.247000217  1620576
513.277000189  1620010
513.30700016  1618573
513.327000141  1618438
513.357000113  1618200
513.427000046  1617913
513.447000027  1616628
