0.0377790927887  7057761
0.0380940437317  7050730
0.0382339954376  7043001
0.0385341644287  7030079
0.0390231609344  7014269
0.0395159721375  7008604
0.0396809577942  7006725
0.0407121181488  7003814
0.0408730506897  6993391
0.0417859554291  6992355
0.0422260761261  6970676
0.0426411628723  6969929
0.0427851676941  6946716
0.0429291725159  6937828
0.0430731773376  6932350
0.0433571338654  6926459
0.0436341762543  6913830
0.0437610149384  6876990
0.0440130233765  6820593
0.0441391468048  6771948
0.0442659854889  6736480
0.044517993927  6736340
0.0446450710297  6658320
0.0447731018066  6655455
0.0451481342316  6639620
0.0453970432281  6603781
0.0455231666565  6582781
0.0460209846497  6577515
0.0465171337128  6570582
0.0466439723969  6560320
0.0467700958252  6553168
0.0470199584961  6431210
0.0472691059113  6379448
0.0473961830139  6359956
0.047523021698  6354920
0.0478961467743  6288820
0.0480220317841  6275620
0.0481481552124  6271681
0.0485210418701  6250330
0.0487251281738  6237041
0.0488901138306  6231816
0.0491650104523  6228031
0.0493011474609  6222756
0.0495691299438  6219853
0.0500409603119  6185830
0.0504591464996  6185502
0.0511610507965  6105818
0.0513000488281  6098929
0.0514271259308  6085336
0.0515551567078  6084101
0.0521831512451  6076979
0.0525591373444  6075466
0.0533061027527  6068031
0.0534341335297  6065128
0.0539300441742  6049083
0.0540571212769  6045482
0.0546779632568  6043418
0.0555441379547  6042580
0.056056022644  6037775
0.056431055069  6036583
0.0568029880524  6036022
0.0571069717407  5999249
0.0577821731567  5997563
0.0579509735107  5997051
0.059005022049  5984868
0.0593891143799  5975368
0.0602200031281  5956219
0.0603520870209  5955459
0.0604810714722  5939201
0.061103105545  5915392
0.0617280006409  5912394
0.061980009079  5911266
0.0621061325073  5892308
0.0632271766663  5890508
0.0634770393372  5889167
0.0638511180878  5882965
0.0641009807587  5880199
0.064227104187  5876995
0.0649709701538  5876493
0.0650990009308  5872345
0.0657560825348  5871027
0.0668761730194  5870172
0.0670161247253  5859369
0.0678019523621  5856988
0.0679290294647  5856240
0.0684239864349  5852912
0.0687971115112  5850756
0.0695400238037  5849121
0.0700461864471  5847957
0.0704221725464  5846251
0.0717990398407  5843136
0.0723261833191  5841832
0.0724601745605  5828919
0.0730340480804  5812223
0.0734400749207  5800203
0.0740110874176  5768396
0.0756261348724  5747851
0.075767993927  5740579
0.0759110450745  5724943
0.0766780376434  5692023
0.0770511627197  5688402
0.0776700973511  5658861
0.0787830352783  5644992
0.0797951221466  5621307
0.0799219608307  5573869
0.0802941322327  5573079
0.0811610221863  5568048
0.0812871456146  5567610
0.0830841064453  5559570
0.083701133728  5536678
0.084244966507  5531486
0.0848660469055  5524838
0.0852420330048  5505660
0.085618019104  5500411
0.0859940052032  5494425
0.086492061615  5486172
0.086991071701  5473124
0.0876920223236  5470367
0.088879108429  5460364
0.0890090465546  5459720
0.089998960495  5432542
0.0907981395721  5415298
0.0913460254669  5348881
0.0915751457214  5332692
0.0925271511078  5330914
0.0932619571686  5303509
0.0944139957428  5297765
0.0945420265198  5293771
0.0949161052704  5199365
0.0952911376953  5123125
0.0962800979614  5123055
0.0970261096954  5087087
0.0972781181335  5056459
0.0976510047913  5055820
0.0981769561768  5055068
0.0984451770782  5025006
0.0993120670319  5018980
0.0997149944305  4984750
0.100244045258  4983697
0.101478099823  4976303
0.101850986481  4970758
0.103698015213  4964382
0.105200052261  4951146
0.105329990387  4944385
0.105710029602  4939897
0.106868028641  4938619
0.107020139694  4934056
0.107582092285  4879316
0.108217000961  4878516
0.108360052109  4878394
0.108774185181  4873863
0.108903169632  4867322
0.109056949615  4793992
0.109725952148  4786844
0.110301971436  4773098
0.114047050476  4756078
0.114566087723  4752356
0.115859031677  4739214
0.118713140488  4737519
0.119611024857  4735111
0.121265172958  4722310
0.122408151627  4721881
0.127762079239  4721104
0.128280162811  4717886
0.128411054611  4716133
0.129177093506  4715886
0.129728078842  4706063
0.130637168884  4695653
0.13128900528  4695437
0.131677150726  4666738
0.131808042526  4664828
0.132802009583  4663693
0.13308095932  4662136
0.137562036514  4660139
0.13769197464  4639833
0.137820959091  4631193
0.138957023621  4629540
0.139336109161  4624449
0.140130996704  4616618
0.141371011734  4609128
0.141515016556  4598332
0.142428159714  4592823
0.14280796051  4584358
0.142938137054  4571980
0.145323991776  4563545
0.146204948425  4562391
0.146643161774  4558675
0.147710084915  4475047
0.148149013519  4460451
0.148324966431  4456833
0.149022102356  4455378
0.149556159973  4446717
0.151514053345  4395580
0.151646137238  4369738
0.152400970459  4359648
0.153156995773  4355378
0.153913021088  4352391
0.155040025711  4337940
0.156805992126  4228976
0.160194158554  4223109
0.16032910347  4172436
0.161339998245  4165392
0.16373705864  4163578
0.164369106293  4163571
0.165250062943  4144409
0.167508125305  4135679
0.167762994766  4125529
0.168267965317  4115385
0.169154167175  4110905
0.169533967972  4109870
0.17054104805  4108122
0.172847032547  4103224
0.174575090408  4094862
0.174857139587  4093012
0.178599119186  4089405
0.180139064789  4089259
0.18064904213  4082457
0.183603048325  4082099
0.183878183365  4081084
0.187436103821  4053102
0.190301179886  4051475
0.190821170807  4038745
0.193518161774  4037597
0.199268102646  4036916
0.200416088104  4018038
0.201213121414  4008407
0.206345081329  4007672
0.206541061401  4004190
0.212190151215  3989584
0.212960004807  3963344
0.213598012924  3963083
0.214482069016  3940816
0.214862108231  3932018
0.216873168945  3930974
0.218664169312  3929483
0.223106145859  3916390
0.228240966797  3915537
0.228505134583  3907360
0.231166124344  3902288
0.231297016144  3898013
0.23305606842  3890008
0.235329151154  3881812
0.235458135605  3881405
0.237718105316  3881097
0.239750146866  3874638
0.240257978439  3871655
0.241520166397  3779776
0.242532014847  3766071
0.243294000626  3760260
0.244434118271  3714425
0.245573043823  3708747
0.246212005615  3704812
0.248098134995  3699083
0.249610185623  3677157
0.249739170074  3675116
0.25594997406  3671244
0.258394956589  3667196
0.262495994568  3666800
0.262636184692  3599018
0.265063047409  3586016
0.267045021057  3573640
0.26767706871  3556376
0.268475055695  3556255
0.274055957794  3552235
0.276501178741  3551524
0.280986070633  3482895
0.281751155853  3458541
0.283399105072  3457874
0.283529996872  3457516
0.287325143814  3451375
0.289477109909  3449019
0.292404174805  3448866
0.294245958328  3446247
0.29438996315  3442717
0.296852111816  3368108
0.297749996185  3367309
0.299018144608  3363891
0.301181077957  3306533
0.302821159363  3301695
0.305608034134  3297414
0.310203075409  3293284
0.311347961426  3288561
0.315252065659  3286598
0.3166410923  3284298
0.317785024643  3280243
0.318047046661  3269846
0.322375059128  3268846
0.324280023575  3268839
0.324661970139  3264257
0.326562166214  3263805
0.32669210434  3260996
0.330198049545  3259642
0.336732149124  3256126
0.338922023773  3241305
0.340247154236  3221518
0.341065168381  3217727
0.342066049576  3210654
0.342326164246  3201741
0.34321308136  3199757
0.346004962921  3192009
0.346135139465  3191428
0.348539113998  3191177
0.35688996315  3190357
0.360800981522  3176626
0.371484994888  3165383
0.372889995575  3164832
0.374976158142  3107717
0.376185178757  3107447
0.377585172653  3102172
0.379914045334  3102058
0.380046129227  3070368
0.380558013916  3068733
0.386533021927  3068410
0.386664152145  3058627
0.386921167374  3050044
0.387685060501  3042106
0.388442993164  3041321
0.388571023941  3041264
0.389840126038  3041057
0.395910978317  3040985
0.396681070328  3039212
0.397454977036  3024404
0.397974014282  3023621
0.399506092072  3023589
0.407134056091  3021926
0.40796995163  3019630
0.409144163132  3016256
0.40978717804  3010784
0.410425186157  3009507
0.410556077957  3009147
0.414097070694  3007019
0.414730072021  3005244
0.415392160416  3003788
0.416838169098  3000883
0.423377037048  3000155
0.425035953522  2999958
0.426552057266  2998149
0.427186012268  2997777
0.43279004097  2996446
0.434448957443  2990653
0.434834957123  2984498
0.437865972519  2984439
0.439378976822  2983759
0.444082975388  2980841
0.445732116699  2979788
0.446366071701  2976763
0.447016000748  2971791
0.449457168579  2964612
0.453747034073  2961730
0.463660001755  2961095
0.466699123383  2960526
0.469405174255  2960447
0.471312999725  2959003
0.47422504425  2952553
0.477360010147  2950231
0.485028982162  2942571
0.494400978088  2939764
0.497105121613  2937181
0.498371124268  2937101
0.501518964767  2930308
0.502158164978  2925969
0.504173994064  2925653
0.504934072495  2922031
0.511864185333  2912242
0.513141155243  2911832
0.521017074585  2907884
0.523368120193  2900999
0.523631095886  2900493
0.532446146011  2899206
0.532847166061  2898491
0.535253047943  2869933
0.535889148712  2851573
0.540714025497  2850746
0.541483163834  2848960
0.542623996735  2847231
0.546488046646  2845724
0.552747964859  2843238
0.560923099518  2827727
0.562700033188  2821070
0.564339160919  2818883
0.568253993988  2814164
0.57091999054  2813621
0.573625087738  2789686
0.575912952423  2787790
0.576673984528  2785026
0.576802968979  2770687
0.580623149872  2769841
0.583055019379  2769188
0.589771986008  2766898
0.593561172485  2766049
0.59955406189  2757284
0.60507106781  2733952
0.613525152206  2733573
0.618611097336  2733049
0.626830101013  2727984
0.627554178238  2726246
0.628196954727  2723771
0.62908411026  2723751
0.629845142365  2722054
0.639611959457  2721854
0.64089512825  2721819
0.645992994308  2719777
0.646759033203  2718114
0.649037122726  2717956
0.668637037277  2717950
0.669152975082  2716287
0.671703100204  2714664
0.6819190979  2707248
0.682195186615  2705623
0.6891040802  2705098
0.690261125565  2704240
0.696989059448  2701894
0.704961061478  2693477
0.70698595047  2689591
0.710437059402  2685229
0.721332073212  2684058
0.721471071243  2682722
0.72504901886  2682497
0.729609966278  2682082
0.737552165985  2679771
0.745584964752  2679060
0.748644113541  2678237
0.75590801239  2676792
0.7582051754  2676357
0.762530088425  2661091
0.76429104805  2659604
0.764940023422  2658110
0.766097068787  2657207
0.767004966736  2656855
0.77183508873  2651614
0.781653165817  2648896
0.790637969971  2646737
0.802072048187  2645168
0.80825304985  2641830
0.810384988785  2641727
0.818010091782  2638261
0.819091081619  2626547
0.832599163055  2620895
0.836042165756  2620108
0.83617401123  2619170
0.837448120117  2618199
0.837579965591  2617641
0.839104175568  2614430
0.84786605835  2614399
0.854525089264  2611030
0.861428022385  2578153
0.866726160049  2575901
0.867113113403  2575455
0.867748975754  2575453
0.876233100891  2572898
0.876615047455  2569593
0.880695104599  2567526
0.882604122162  2567142
0.888571977615  2566511
0.889638185501  2566468
0.892186164856  2560590
0.897077083588  2559421
0.899224042892  2555243
0.910566091537  2552124
0.9192070961  2540105
0.928342103958  2539926
0.939316987991  2539763
0.941624164581  2539013
0.943570137024  2538644
0.945522069931  2535987
0.957302093506  2535003
0.959604024887  2534222
0.961301088333  2534182
0.967604160309  2534039
0.972635030746  2532638
0.974589109421  2528552
0.993435144424  2521676
1.0093960762  2520745
1.02310204506  2517456
1.03004407883  2505541
1.03403615952  2498622
1.04028511047  2497886
1.04483008385  2494760
1.04510807991  2493383
1.04645514488  2492643
1.04766011238  2491014
1.05214905739  2488747
1.052932024  2482702
1.05935406685  2482061
1.06613302231  2479436
1.08116817474  2476787
1.08580517769  2476740
1.09351801872  2472324
1.09480404854  2470427
1.09582495689  2469161
1.10202813148  2466578
1.10572004318  2466354
1.10870504379  2390819
1.11609697342  2389072
1.13256502151  2386796
1.14017510414  2384649
1.1415681839  2383269
1.14653396606  2381762
1.14745998383  2381336
1.14983701706  2379031
1.15694618225  2379023
1.15988111496  2375374
1.16029500961  2375050
1.16792917252  2371610
1.16908502579  2371248
1.17517113686  2370476
1.17694211006  2362265
1.17772912979  2361724
1.20810508728  2361311
1.20987415314  2361304
1.21395301819  2359504
1.21494317055  2359417
1.23267698288  2359107
1.2429561615  2358439
1.24421811104  2354751
1.24475908279  2352102
1.24884700775  2351889
1.25575995445  2337385
1.26187801361  2336706
1.26424503326  2336422
1.28352808952  2336171
1.29813408852  2332345
1.29997515678  2331456
1.30587005615  2330317
1.31653499603  2328824
1.32200312614  2327414
1.32290005684  2311844
1.34399294853  2285915
1.35163211823  2283249
1.35253405571  2283181
1.35724902153  2280403
1.36990499496  2279624
1.37840509415  2279299
1.38051104546  2278914
1.38548111916  2278596
1.3882920742  2278514
1.39012002945  2277638
1.39922308922  2275259
1.41073012352  2273660
1.41988611221  2273443
1.42002105713  2268069
1.42224001884  2266945
1.42275905609  2266264
1.42365217209  2264741
1.42580604553  2263380
1.4273750782  2260780
1.42935609818  2231116
1.42975211143  2230518
1.4383289814  2229270
1.43974614143  2229242
1.45093798637  2228612
1.45567202568  2221096
1.45618200302  2220848
1.46339917183  2220504
1.46646499634  2220080
1.48339009285  2218987
1.4890871048  2217789
1.49039006233  2217787
1.49712514877  2217752
1.4975130558  2217388
1.50044608116  2217304
1.51473617554  2214867
1.52019405365  2214034
1.55211210251  2213376
1.56332015991  2213051
1.57349014282  2212828
1.57362604141  2191725
1.58234596252  2187953
1.59243106842  2183285
1.59955096245  2177284
1.61599707603  2176267
1.63363599777  2173841
1.63676714897  2173121
1.6461660862  2172913
1.64758610725  2172598
1.6496219635  2172457
1.65216112137  2172419
1.65566802025  2168246
1.67946410179  2167896
1.69818210602  2165123
1.71072006226  2164626
1.71316313744  2163291
1.71937012672  2163099
1.73825502396  2161461
1.75168704987  2160989
1.75498795509  2160215
1.76348114014  2143233
1.76487112045  2135356
1.76999211311  2135021
1.78800296783  2134954
1.78828310966  2134473
1.81429600716  2121399
1.83947706223  2119848
1.84405207634  2119094
1.86497497559  2118200
1.87653803825  2117128
1.87869310379  2117018
1.90908503532  2115830
1.91085910797  2115404
1.92386102676  2102238
1.92455196381  2100933
1.93113899231  2095912
1.94240307808  2089683
1.95785498619  2089428
1.98728513718  2088710
1.9986641407  2086229
2.00685811043  2083944
2.00826096535  2082149
2.01213908195  2082032
2.01280617714  2080936
2.0166220665  2079559
2.03295516968  2078272
2.03351807594  2077738
2.0686609745  2076614
2.09462809563  2076222
2.09541201591  2076070
2.10760712624  2064786
2.11289095879  2064153
2.15251803398  2063707
2.19455218315  2062379
2.19779706001  2061800
2.20179796219  2060011
2.20731806755  2040299
2.21230912209  2040136
2.24501395226  2039680
2.26053309441  2039465
2.26389598846  2039391
2.26796102524  2038449
2.26873803139  2038272
2.27462100983  2036320
2.2840051651  2026539
2.29602503777  2022852
2.3439040184  2020842
2.38115096092  2012319
2.38794803619  2012110
2.43729805946  2009657
2.45206999779  2009562
2.45233511925  2006818
2.48003005981  2005705
2.51494216919  2002776
2.52886509895  1994717
2.53621816635  1994699
2.54899311066  1994440
2.56929206848  1991336
2.58677411079  1991327
2.59573912621  1988778
2.60074305534  1988660
2.61415815353  1987735
2.62968802452  1987706
2.63849306107  1987568
2.64996600151  1987248
2.65364718437  1986889
2.68113398552  1986722
2.74331116676  1986531
2.76698303223  1981389
2.77089715004  1972856
2.77727007866  1971044
2.7820661068  1941815
2.82334899902  1941057
14.9488341808  1925510
14.9506011009  1924955
14.9528770447  1924531
15.0044460297  1923659
19.375836134  1922862
19.4146139622  1922626
19.4380259514  1920745
19.466438055  1920438
19.4749860764  1919771
19.4818081856  1915887
19.5137000084  1913955
19.526070118  1913794
19.5336241722  1912874
19.5440590382  1912535
19.5726201534  1912248
19.6089420319  1911108
19.6342930794  1907964
19.6702361107  1907629
19.6721010208  1904619
19.6786010265  1901339
19.6833591461  1901122
19.6993150711  1900655
19.7138741016  1899976
19.7181921005  1899936
19.7611470222  1872563
19.7635409832  1872255
19.7682640553  1871903
19.7780179977  1869175
19.7959551811  1868637
23.0874881744  1865544
23.1065261364  1861178
23.1139190197  1860860
23.1289720535  1860593
23.133546114  1860103
23.1338479519  1858981
23.1775979996  1858637
23.1785931587  1856707
23.1933150291  1855423
23.2189610004  1854906
23.2555441856  1854711
23.298541069  1854096
23.300632  1852229
23.3033800125  1846847
23.3145849705  1846335
23.3598179817  1844979
23.3709740639  1844069
23.382928133  1843616
23.4220461845  1843327
23.4272639751  1842719
23.4443790913  1840950
23.4446489811  1840656
23.4677121639  1840238
23.4844360352  1839468
23.5466561317  1838771
23.6009869576  1835363
23.6020519733  1834769
23.6268670559  1833059
23.6581630707  1832435
23.6840600967  1832053
23.6861810684  1830685
23.7057590485  1829806
29.6280100346  1829789
29.6867990494  1829507
29.6876950264  1827562
29.717566967  1827055
29.7716300488  1824228
29.7888519764  1823814
29.7920770645  1823382
29.8311500549  1822413
29.8375940323  1822006
29.9051220417  1821896
29.930948019  1821755
29.953576088  1818355
46.0408251286  1817193
46.0517990589  1810819
46.0591499805  1810544
46.0825970173  1802387
46.1059629917  1799017
46.1210479736  1798877
46.1273319721  1797909
46.1528241634  1796183
46.1624951363  1792871
46.2118651867  1792587
46.2189781666  1792385
46.2282280922  1792267
46.2384469509  1792240
46.2462790012  1791509
46.2474410534  1790949
46.2957510948  1784390
46.3079431057  1783168
46.3357951641  1781160
