0.0659999847412  7012056
0.0670001506805  7006302
0.0670001506805  6987006
0.0670001506805  6986993
0.0680000782013  6984326
0.069000005722  6980831
0.069000005722  6958331
0.069000005722  6950921
0.0700001716614  6946975
0.0720000267029  6945712
0.0730001926422  6934021
0.0730001926422  6932166
0.0730001926422  6927124
0.0730001926422  6926206
0.074000120163  6922688
0.074000120163  6916715
0.074000120163  6912435
0.0750000476837  6911225
0.0750000476837  6900664
0.0750000476837  6896127
0.0759999752045  6890193
0.0770001411438  6873460
0.0789999961853  6870155
0.0820000171661  6868943
0.0820000171661  6856107
0.0840001106262  6853704
0.085000038147  6836612
0.0860002040863  6829889
0.0889999866486  6826244
0.0889999866486  6813324
0.0920000076294  6813293
0.0930001735687  6808088
0.0930001735687  6808083
0.0940001010895  6807723
0.0940001010895  6805379
0.0940001010895  6799212
0.0950000286102  6782343
0.0980000495911  6779770
0.0980000495911  6765367
0.101999998093  6763985
0.101999998093  6747099
0.107000112534  6745446
0.108000040054  6733975
0.111000061035  6733921
0.114000082016  6711280
0.115000009537  6703629
0.115000009537  6701013
0.118000030518  6701008
0.118000030518  6697943
0.119000196457  6697549
0.119000196457  6688920
0.119000196457  6685661
0.120000123978  6685360
0.121000051498  6596323
0.121000051498  6593145
0.123000144958  6591834
0.126000165939  6575634
0.126000165939  6575624
0.12700009346  6565749
0.128000020981  6565581
0.128000020981  6563718
0.12900018692  6554321
0.132000207901  6554138
0.132000207901  6543947
0.134999990463  6535764
0.139000177383  6531914
0.144000053406  6531781
0.144999980927  6518705
0.144999980927  6505169
0.144999980927  6486434
0.146000146866  6472598
0.146000146866  6469442
0.146000146866  6396011
0.147000074387  6381184
0.147000074387  6374529
0.148000001907  6359731
0.149000167847  6349453
0.149000167847  6348824
0.154000043869  6348254
0.155000209808  6345378
0.155000209808  6342380
0.160000085831  6337192
0.167999982834  6333739
0.167999982834  6320913
0.173000097275  6319693
0.173000097275  6312000
0.179000139236  6308093
0.179000139236  6294160
0.185000181198  6292831
0.185000181198  6290180
0.185000181198  6273259
0.186000108719  6265783
0.194000005722  6262404
0.195000171661  6243691
0.196000099182  6234690
0.196000099182  6224703
0.196000099182  6219794
0.200000047684  6219147
0.200000047684  6216626
0.200999975204  6198566
0.202000141144  6190699
0.203999996185  6187297
0.213999986649  6187040
0.213999986649  6150751
0.22100019455  6149820
0.22100019455  6137319
0.228000164032  6137082
0.233000040054  6116979
0.234000205994  6100924
0.235000133514  6089123
0.235000133514  6081886
0.236000061035  6070060
0.238000154495  6069794
0.238000154495  6067347
0.239000082016  6041432
0.239000082016  6024353
0.241000175476  6011227
0.241000175476  6010751
0.241000175476  6005868
0.246000051498  5996776
0.246000051498  5979471
0.251000165939  5975865
0.259999990463  5972358
0.271000146866  5971523
0.274000167847  5965560
0.274000167847  5961455
0.275000095367  5945904
0.275000095367  5944872
0.275000095367  5940664
0.276000022888  5920894
0.277000188828  5919720
0.277000188828  5909997
0.277000188828  5908750
0.278000116348  5893042
0.278000116348  5884075
0.279000043869  5874389
0.281000137329  5862973
0.281000137329  5847018
0.28400015831  5843340
0.292000055313  5841420
0.292000055313  5819951
0.292000055313  5812371
0.292999982834  5783580
0.292999982834  5778620
0.292999982834  5774566
0.299000024796  5767418
0.309000015259  5765371
0.319000005722  5763896
0.320000171661  5762996
0.320000171661  5755408
0.320000171661  5754337
0.321000099182  5749921
0.321000099182  5737629
0.333000183105  5737446
0.333000183105  5734746
0.333000183105  5720665
0.333000183105  5715250
0.334000110626  5702747
0.334000110626  5683954
0.334000110626  5678016
0.337000131607  5668711
0.337000131607  5663889
0.338999986649  5659815
0.351999998093  5658434
0.351999998093  5645982
0.353000164032  5639761
0.354000091553  5628001
0.354000091553  5623097
0.354000091553  5621149
0.354000091553  5610931
0.355000019073  5592796
0.357000112534  5590578
0.357000112534  5582889
0.358000040054  5572089
0.358000040054  5564950
0.359000205994  5563685
0.373000144958  5562911
0.373000144958  5554451
0.390000104904  5554387
0.391000032425  5548316
0.391000032425  5542465
0.392000198364  5534829
0.392000198364  5532982
0.392000198364  5529219
0.393000125885  5525890
0.394000053406  5516879
0.394000053406  5514542
0.394999980927  5513929
0.394999980927  5496975
0.396000146866  5486831
0.396000146866  5481403
0.397000074387  5481376
0.398000001907  5471964
0.400000095367  5469018
0.401000022888  5434060
0.415000200272  5430567
0.416000127792  5419764
0.430000066757  5418418
0.430000066757  5415435
0.430999994278  5408176
0.445000171661  5404270
0.446000099182  5392865
0.461000204086  5391370
0.461000204086  5389388
0.462000131607  5374657
0.462000131607  5357924
0.479000091553  5355509
0.480000019073  5352798
0.496999979019  5351532
0.496999979019  5340374
0.512000083923  5339883
0.524000167847  5339302
0.524000167847  5330838
0.525000095367  5327648
0.525000095367  5326302
0.531000137329  5325538
0.531000137329  5310239
0.538000106812  5294964
0.539000034332  5294745
0.539000034332  5291714
0.544000148773  5291200
0.551000118256  5283356
0.557000160217  5274865
0.557000160217  5274188
0.558000087738  5273540
0.558000087738  5273238
0.558000087738  5272636
0.558000087738  5271876
0.571000099182  5261367
0.571000099182  5252266
0.590000152588  5245879
0.590000152588  5236728
0.607000112534  5236499
0.607000112534  5235957
0.628000020981  5234113
0.646000146866  5232789
0.646000146866  5108896
0.646000146866  5101972
0.647000074387  5077047
0.648000001907  5072528
0.648000001907  5070678
0.648000001907  5066884
0.666000127792  5064617
0.684000015259  5063072
0.684000015259  5059179
0.685000181198  5035252
0.685000181198  5025317
0.686000108719  5024706
0.686000108719  5024563
0.686000108719  5024537
0.686000108719  5004697
0.68700003624  4999042
0.688000202179  4976819
0.688000202179  4976504
0.69000005722  4966220
0.69000005722  4960841
0.690999984741  4939316
0.690999984741  4938857
0.692000150681  4926696
0.692000150681  4925938
0.693000078201  4922903
0.694000005722  4922381
0.694000005722  4917883
0.695000171661  4917446
0.695000171661  4911982
0.695000171661  4908703
0.695000171661  4899706
0.696000099182  4895656
0.697000026703  4893878
0.698000192642  4886282
0.699000120163  4886035
0.700000047684  4885935
0.718000173569  4884598
0.738000154495  4876446
0.777000188828  4876146
0.797000169754  4874620
0.818000078201  4874439
0.838000059128  4869812
0.858000040054  4859137
0.878000020981  4823429
0.898000001907  4816385
0.917999982834  4794875
0.940999984741  4794360
0.963000059128  4780155
0.983000040054  4779804
1.00400018692  4734678
1.02400016785  4718137
1.04400014877  4717676
1.06900000572  4717094
1.09300017357  4708268
1.125  4706866
1.14600014687  4706391
1.16600012779  4695200
1.18700003624  4693985
1.21000003815  4692082
1.23699998856  4687295
1.26200008392  4684768
1.28100013733  4684645
1.3029999733  4683452
1.32300019264  4682299
1.34300017357  4664855
1.3630001545  4663409
1.38300013542  4659546
1.40400004387  4657388
1.42600011826  4656914
1.44600009918  4638468
1.46600008011  4636861
1.48500013351  4633729
1.50500011444  4633620
1.52600002289  4632563
1.54500007629  4631933
1.56599998474  4614125
1.58600020409  4612252
1.60800004005  4608602
1.65000009537  4608146
1.6890001297  4607765
1.73200011253  4607453
1.77200007439  4605160
1.81300020218  4604642
1.85300016403  4604486
1.89300012589  4598257
1.93200016022  4596465
1.97399997711  4596409
2.01300001144  4591264
2.05200004578  4584761
2.09500002861  4584113
2.11500000954  4583150
2.1360001564  4582730
2.15700006485  4576806
2.1970000267  4575863
2.2570002079  4574926
2.31200003624  4574793
2.36800003052  4567800
2.40700006485  4567693
2.44600009918  4565865
2.44600009918  4565397
2.48500013351  4564297
2.50400018692  4563622
2.50500011444  4561813
2.50500011444  4553896
2.5070002079  4545497
2.5070002079  4544388
2.50800013542  4540265
2.50800013542  4538360
2.50999999046  4529614
2.50999999046  4526640
2.5110001564  4523579
2.51300001144  4515122
2.51300001144  4508182
2.52600002289  4506406
2.54200005531  4504806
2.54299998283  4499838
2.5490000248  4487077
2.5490000248  4486566
2.55000019073  4485166
2.55000019073  4485162
2.55100011826  4483162
2.5720000267  4482612
2.61000013351  4478485
2.65100002289  4469574
2.70300006866  4469005
2.742000103  4465605
2.79500007629  4463993
2.83600020409  4461640
2.87800002098  4443578
2.91799998283  4442171
2.96100020409  4441591
3.00500011444  4440868
3.05000019073  4439119
3.08899998665  4438755
3.13000011444  4437859
3.1740000248  4437332
3.21600008011  4435005
3.25500011444  4434858
3.29400014877  4432657
3.33400011063  4378275
3.37300014496  4371365
3.41200017929  4368070
3.45300006866  4364397
3.49100017548  4362529
3.53200006485  4362466
3.57700014114  4362133
3.61800003052  4361448
3.66200017929  4360854
3.70399999619  4358652
3.75  4355605
3.79100012779  4353772
3.83100008965  4352688
3.875  4351308
3.92000007629  4351091
3.96100020409  4350990
4.0  4349704
4.04600000381  4349124
4.09600019455  4344794
4.1360001564  4342382
4.1890001297  4341354
4.24300003052  4337934
4.28400015831  4331923
4.32400012016  4331900
4.367000103  4330691
4.40799999237  4329017
4.45399999619  4326163
4.49400019646  4322306
4.55200004578  4320995
4.61400008202  4320392
4.65300011635  4320366
4.77200007439  4320187
4.89400005341  4319442
5.01200008392  4317936
5.12900018692  4312789
5.24699997902  4311843
5.40000009537  4310424
5.56200003624  4309535
5.72000002861  4309212
5.87300014496  4309211
6.03200006485  4259696
6.20800018311  4255910
6.33400011063  4255347
6.3710000515  4254840
6.40900015831  4253212
6.45000004768  4252154
6.50900006294  4251012
6.55500006676  4250447
6.60100007057  4245288
6.6400001049  4234528
6.68000006676  4231544
6.71900010109  4229660
6.7610001564  4224984
6.80100011826  4224207
6.83899998665  4222435
6.87900018692  4222126
6.91799998283  4221969
6.95800018311  4220322
6.99800014496  4216916
7.03700017929  4213807
7.07700014114  4211869
7.11600017548  4210993
7.15500020981  4210141
7.19600009918  4200755
7.2380001545  4191263
7.28000020981  4187205
7.36199998856  4187193
7.44500017166  4182404
7.52800011635  4173900
7.64600014687  4159665
7.78900003433  4155351
7.95200014114  4154063
8.11000013351  4152647
8.28900003433  4152428
8.47000002861  4150592
8.66300010681  4149907
8.85900020599  4146993
9.08200001717  4146302
9.22699999809  4145319
9.40300011635  4144775
9.60600018501  4131950
9.72600007057  4130608
9.8630001545  4130059
10.0970001221  4109551
10.3289999962  4106190
10.5620000362  4103086
10.7940001488  4101859
11.0329999924  4100345
11.2650001049  4088255
11.4930000305  4082238
11.728000164  4059175
11.9610002041  4057695
12.2000000477  4057503
12.4309999943  4057229
12.6700000763  4041270
12.9030001163  4013077
13.1520001888  4011024
13.4409999847  4009845
13.745000124  4009706
14.0380001068  4009433
14.3310000896  4007437
14.6210000515  4005995
14.9290001392  4004884
15.256000042  4002342
15.6260001659  3995154
15.9869999886  3994742
16.3460001945  3994325
16.7090001106  3993813
17.0720000267  3992703
17.4330000877  3991673
17.8020000458  3991292
18.1820001602  3990255
18.6019999981  3988722
19.0180001259  3985030
19.4300000668  3982266
19.8430001736  3981141
20.2520000935  3981122
20.6679999828  3980231
21.1070001125  3979892
21.5780000687  3978316
22.0690000057  3978256
22.617000103  3972995
23.117000103  3972857
23.7160000801  3971063
24.2970001698  3968918
24.9620001316  3968430
25.6460001469  3967683
26.3600001335  3967543
27.242000103  3958863
28.1040000916  3958451
28.995000124  3899983
29.8790001869  3884698
30.7750000954  3881228
31.6630001068  3877989
32.5390000343  3875521
33.4250001907  3875414
33.4480001926  3874980
33.4680001736  3874266
33.489000082  3870221
33.6670000553  3869379
34.5600001812  3864571
35.4560000896  3863294
36.3500001431  3862380
37.245000124  3861763
38.1410000324  3859982
39.0410001278  3848438
39.9430000782  3845607
40.8360002041  3841348
40.8600001335  3840613
41.7460000515  3840166
41.7699999809  3839483
42.6660001278  3838695
43.5600001812  3834916
43.5840001106  3833934
44.3960001469  3833706
45.228000164  3832591
46.0780000687  3830234
46.9710001945  3821127
47.8570001125  3815759
48.7520000935  3810859
49.6620001793  3714165
49.6870000362  3705334
49.7090001106  3703930
49.7490000725  3703336
49.7910001278  3702716
49.8510000706  3701813
50.7490000725  3699583
51.6500000954  3697451
52.5450000763  3697296
53.4550001621  3695092
54.3570001125  3695063
55.2620000839  3694455
56.2160000801  3692133
57.2009999752  3674377
58.2330000401  3674140
59.2410001755  3673637
60.3400001526  3669265
61.4490001202  3664030
62.5690000057  3661072
63.6779999733  3659053
64.8470001221  3653435
65.9739999771  3653067
67.121999979  3564166
68.2250001431  3563879
69.3680000305  3561789
70.4800000191  3558290
71.6240000725  3498906
72.753000021  3495377
73.8710000515  3495282
75.0329999924  3491472
76.1470000744  3491051
77.2829999924  3485907
78.4290001392  3482066
79.5659999847  3396693
80.7050001621  3389106
81.8500001431  3388700
82.9940001965  3378516
84.1340000629  3377904
85.2840001583  3377342
86.4170000553  3376924
87.5500001907  3363921
88.6970000267  3356407
89.8190000057  3356120
90.9940001965  3354404
92.1490001678  3344402
93.2950000763  3343840
94.4430000782  3343556
95.6080000401  3342887
96.7710001469  3338143
97.9240000248  3337186
99.0380001068  3335310
100.193000078  3329172
101.366000175  3240103
102.516000032  3236704
103.684000015  3233922
104.837000132  3121608
105.985000134  3117807
107.140000105  3114755
108.282999992  3108728
109.43200016  3108031
110.580000162  3107288
111.720000029  3103939
112.866000175  3101795
114.005000114  3097613
115.156000137  3095384
116.315999985  3093575
117.459000111  3070466
118.611000061  3070064
119.763000011  3070015
120.894999981  3068319
122.101999998  3064464
123.267000198  3001366
124.427000046  3001184
125.59100008  2998797
126.736999989  2994347
127.881000042  2954631
129.022000074  2946521
130.179000139  2945852
131.328999996  2944711
132.496999979  2894068
133.651000023  2893615
134.798000097  2890906
135.979000092  2884155
137.144000053  2884037
138.313000202  2881019
139.49000001  2880908
140.651000023  2875460
141.820000172  2874811
142.985000134  2874682
144.157000065  2872073
145.302999973  2869323
146.448000193  2868681
147.59800005  2866300
148.746999979  2860125
149.899000168  2853131
151.063000202  2848843
152.223999977  2845026
153.397000074  2835797
154.561000109  2834916
155.720000029  2834331
156.898000002  2833418
158.036000013  2832867
159.244000196  2832156
160.412000179  2832075
161.590000153  2832028
162.744000196  2831420
163.936000109  2827514
165.15500021  2827008
166.310000181  2825131
167.46600008  2737919
168.611999989  2735356
169.820000172  2719800
169.889000177  2719426
169.889000177  2718714
169.889000177  2718559
169.955000162  2717935
169.955000162  2717694
170.037000179  2716863
170.184000015  2715646
170.325999975  2714017
170.471000195  2710450
170.61500001  2708035
170.754000187  2699630
170.851999998  2699391
171.004000187  2690555
171.086000204  2690406
171.192000151  2689816
171.251000166  2689115
171.328999996  2688284
171.465000153  2686739
171.607000113  2686211
171.746000051  2684144
171.884000063  2683043
172.024000168  2681433
172.166000128  2681214
172.310000181  2677880
172.388000011  2677446
172.53000021  2670034
172.61500001  2668716
172.75  2665912
172.904000044  2659318
173.098999977  2656513
173.338999987  2656454
173.552999973  2652465
173.723999977  2650534
174.197000027  2646550
174.630000114  2645727
174.898000002  2644890
175.136000156  2644790
175.350000143  2644396
175.610000134  2643935
175.861999989  2642017
176.045000076  2640366
176.222000122  2639752
176.397000074  2639634
176.569000006  2639091
176.759000063  2635964
176.93900013  2634542
177.113000154  2633421
177.284000158  2622372
177.462000132  2616351
177.649000168  2614414
177.838999987  2614004
178.028000116  2612299
178.220000029  2610784
178.433000088  2610498
178.649000168  2610280
178.848999977  2610198
179.054000139  2608599
179.2900002  2606693
179.485000134  2603365
179.68900013  2602676
179.887000084  2601550
180.077000141  2601294
180.282000065  2598131
180.486000061  2597901
180.68900013  2595983
180.884000063  2592311
181.078000069  2589757
181.361000061  2588242
181.680999994  2588005
181.999000072  2587843
182.321000099  2582498
182.677000046  2582459
183.031000137  2579966
183.203000069  2579397
183.355000019  2579078
183.528000116  2578807
183.686000109  2577495
183.992000103  2576497
184.152000189  2576103
184.333000183  2574754
184.713999987  2573868
184.855000019  2573726
185.052000046  2573308
185.242000103  2570100
185.437000036  2569820
185.575999975  2568904
185.734000206  2568589
185.873000145  2568427
186.048000097  2568218
186.184000015  2568215
186.384000063  2567563
186.580000162  2567024
186.784000158  2566342
186.973999977  2565027
187.167000055  2563964
187.357000113  2562985
187.552000046  2562904
187.744000196  2562877
187.993000031  2562658
188.239000082  2560986
188.484000206  2559972
188.734000206  2556572
188.982000113  2556366
189.226999998  2554468
189.437000036  2553479
189.631000042  2553023
189.825000048  2551704
190.026000023  2550954
190.234000206  2550594
190.450999975  2550512
190.670000076  2549613
190.891000032  2549535
191.111999989  2549431
191.562000036  2548525
192.00999999  2548508
192.452000141  2547795
192.903000116  2546285
193.351999998  2545987
193.819000006  2544937
194.342000008  2544511
194.927000046  2543428
195.492000103  2543205
196.061000109  2542788
196.621999979  2542779
197.184000015  2541469
197.745000124  2541348
198.308000088  2539651
198.873000145  2539055
199.47300005  2537360
200.097000122  2536725
200.717000008  2535798
201.330000162  2534755
201.948000193  2533303
202.56400013  2533100
203.175000191  2532664
203.799000025  2531555
204.274000168  2531076
204.726000071  2530881
205.209000111  2530767
205.728000164  2530735
206.325999975  2529819
206.85800004  2525742
207.392000198  2524453
207.93200016  2523009
208.463999987  2522547
209.004000187  2522170
209.537000179  2519923
210.082000017  2519826
210.61500001  2519293
211.151000023  2516821
211.688000202  2515673
212.217000008  2515510
212.746999979  2515360
213.274000168  2514718
213.80700016  2512184
214.34100008  2511324
214.882000208  2508728
215.419000149  2508250
215.953999996  2506828
216.489000082  2505100
217.022000074  2504952
217.546000004  2504133
218.075000048  2502109
218.607000113  2501977
219.148000002  2501896
219.693000078  2499912
220.229000092  2499191
220.777000189  2498670
221.310000181  2498205
221.853000164  2498154
222.38499999  2497935
222.917999983  2497041
223.445000172  2496894
223.976000071  2494327
224.513000011  2493993
225.055000067  2493118
225.594000101  2491783
226.133000135  2491118
226.661000013  2489421
227.18900013  2489365
227.722000122  2487829
228.263000011  2487650
228.815999985  2487239
229.360000134  2483580
229.912000179  2477059
230.462000132  2472835
231.019000053  2472768
231.55700016  2472400
232.09800005  2471427
232.637000084  2471357
233.17200017  2470591
233.777000189  2470578
234.309000015  2470457
234.845000029  2470342
235.44900012  2470254
235.991000175  2470253
236.522000074  2468509
237.060000181  2466722
237.592000008  2465207
238.123000145  2463203
238.657999992  2463098
239.208000183  2462796
239.767000198  2462373
240.31400013  2462305
240.864000082  2460696
241.427999973  2460290
242.049000025  2458150
242.711000204  2457749
243.368000031  2456426
244.022000074  2455250
244.67200017  2455126
245.32400012  2454860
245.878000021  2454557
246.421000004  2454526
246.979000092  2453925
247.492000103  2453018
248.027000189  2452972
248.559000015  2452590
249.096000195  2451408
249.644999981  2451264
250.175000191  2451146
250.719000101  2451067
251.243000031  2450925
251.792999983  2450370
252.337000132  2450145
252.876000166  2449945
253.436000109  2448846
254.005000114  2448684
254.600000143  2448628
255.183000088  2448177
255.794000149  2448048
256.400000095  2448029
257.092000008  2447272
257.67200017  2447063
258.269000053  2446807
258.812000036  2446686
259.340000153  2446571
259.909000158  2446119
260.481000185  2445799
261.25999999  2445678
262.104000092  2445122
262.846000195  2443662
263.586000204  2443562
264.313000202  2443504
264.952000141  2443489
265.578999996  2443006
266.394000053  2442603
267.221000195  2442126
268.06400013  2440202
268.961000204  2439595
269.883000135  2437391
270.769999981  2436729
271.60800004  2436501
272.442000151  2436028
273.229000092  2435835
274.018000126  2435566
274.827000141  2435036
275.690000057  2434805
276.628000021  2434156
277.526000023  2433923
278.450000048  2433680
279.410000086  2433451
280.402000189  2433447
281.410000086  2433429
282.448000193  2417332
283.298000097  2417290
284.085000038  2417245
284.259000063  2416775
284.470000029  2416598
285.285000086  2416316
286.110000134  2416310
286.937000036  2416169
287.766000032  2415788
288.606000185  2415541
289.686000109  2412944
290.744000196  2411512
291.811000109  2409750
292.866000175  2409615
293.923000097  2409244
294.972000122  2406913
296.032000065  2404857
297.090000153  2402735
298.166000128  2402286
299.22300005  2401399
300.274000168  2401113
301.33100009  2398671
302.394999981  2395658
303.47300005  2394758
304.550000191  2393220
305.669000149  2392864
306.765000105  2391911
307.892000198  2391506
309.029000044  2389615
310.154000044  2388603
311.292999983  2388266
312.401000023  2386073
313.511000156  2384061
314.633000135  2383375
315.75999999  2382970
316.880000114  2381571
318.025000095  2381550
319.173000097  2381293
320.32400012  2380667
321.475000143  2380456
322.636000156  2380314
323.812000036  2380143
325.274000168  2379865
326.847000122  2378995
328.123000145  2378948
329.262000084  2378211
330.389000177  2378112
331.526000023  2377914
332.669000149  2377614
333.828000069  2376965
335.123000145  2375854
336.469000101  2375732
337.805000067  2375728
339.046000004  2375606
340.261000156  2375554
341.478000164  2374660
342.741000175  2372901
344.049000025  2372683
345.2900002  2372219
346.642000198  2371411
348.058000088  2277226
348.588000059  2276219
348.800000191  2276031
349.105000019  2275007
349.367000103  2274909
350.071000099  2274093
351.071000099  2274085
352.075000048  2274010
353.453999996  2273418
354.853000164  2199334
356.25999999  2199241
357.640000105  2193999
359.031000137  2192777
360.406000137  2186509
361.758000135  2185936
363.119000196  2185815
364.236000061  2185396
364.947000027  2185232
365.738000154  2185207
366.519000053  2184848
367.337000132  2184288
368.163000107  2183747
368.991000175  2183515
369.832000017  2182798
370.663000107  2108254
371.5  2104149
372.335000038  2103841
373.170000076  2061317
374.004000187  2060759
374.845000029  2059612
375.677999973  2059609
376.509000063  2059344
377.294000149  2059270
378.08100009  2058836
378.92200017  2058585
379.742000103  2058364
380.555999994  2058359
381.394000053  2057744
382.241000175  2057622
383.063000202  2054725
383.861000061  2054347
384.677000046  2045452
385.491000175  2044731
386.286000013  2044155
387.111000061  2030821
387.903000116  2030417
388.736000061  1963337
389.525000095  1963077
390.359000206  1962234
391.177000046  1961348
391.963000059  1961249
392.819000006  1959432
393.674000025  1959363
394.539000034  1958805
395.436000109  1958482
396.325999975  1958271
397.169000149  1958124
398.067000151  1958060
398.96600008  1955357
399.904000044  1954538
400.800000191  1937243
401.711000204  1936362
402.60800004  1935614
403.498000145  1935020
404.394000053  1934909
405.322000027  1934247
406.219000101  1932554
407.147000074  1932401
408.086000204  1930496
409.048000097  1924852
410.003000021  1923705
410.975000143  1901308
411.935000181  1894491
412.902000189  1893462
413.85800004  1888211
414.827000141  1886685
415.825000048  1838931
416.726999998  1838205
417.617000103  1838175
418.514000177  1837008
419.386000156  1836437
420.162000179  1836163
420.963000059  1835847
421.843000174  1835825
422.832000017  1835784
423.80700016  1834342
424.782999992  1829760
425.752000093  1829691
426.731000185  1827290
427.70600009  1826600
428.684000015  1743377
429.667999983  1743083
430.642000198  1692297
431.623000145  1648718
432.601000071  1645788
433.575999975  1639754
434.558000088  1631842
435.531000137  1620249
436.513000011  1610962
437.542000055  1604294
438.518000126  1602079
439.534000158  1583167
440.552000046  1582392
441.527000189  1581167
442.542999983  1571179
443.567000151  1524253
444.536000013  1522048
445.565999985  1518298
446.590000153  1493476
447.60800004  1463134
448.633000135  1458057
449.669000149  1421511
450.713000059  1407817
451.764000177  1401212
452.805000067  1397547
453.850000143  1397374
454.896000147  1382568
455.962000132  1379490
457.029000044  1378804
458.087000132  1376376
459.162000179  1374565
460.251000166  1374461
461.340000153  1315007
462.430999994  1314411
463.537000179  1313129
464.649000168  1311242
465.764000177  1309936
466.893000126  1302517
468.032999992  1298705
469.190999985  1268426
470.348999977  1267952
471.512000084  1266710
472.675000191  1262440
473.825999975  1261375
474.988000154  1253852
476.150000095  1231411
477.323000193  1231346
478.496000051  1231297
479.646000147  1231296
480.812000036  1229839
481.986999989  1196132
483.132000208  1195579
484.327000141  1195032
485.524000168  1192611
486.720000029  1191887
487.936000109  1191219
489.18900013  1187758
490.435000181  1187482
491.686000109  1187454
493.027000189  1148555
494.369000196  1145852
495.388000011  1144823
496.363000154  1143598
497.377000093  1141048
498.739000082  1138470
500.083000183  1134831
501.433000088  1127607
502.778000116  1125975
504.121999979  1121207
505.586000204  1113557
506.934000015  1095565
508.288000107  1092654
509.651000023  1088825
510.998000145  1079385
512.346000195  1078958
513.690999985  1078802
515.042000055  1076594
516.399000168  1075121
517.756000042  1071283
518.774000168  1066888
519.762000084  1065576
520.815999985  1058219
522.161000013  1035630
523.507000208  1028464
524.871000051  1019206
526.220000029  1011364
527.659000158  1010541
529.113000154  1003983
530.468000174  1002574
531.828000069  1000355
533.169000149  997728
534.511000156  989231
535.860000134  940730
537.210000038  936444
538.58100009  934497
539.930000067  905238
541.284000158  899030
542.644000053  863725
543.992000103  862090
545.360000134  858221
546.735000134  817995
547.73300004  817994
548.728000164  815444
550.065000057  815002
551.412000179  812428
552.754000187  811660
554.071000099  811658
555.42200017  811182
556.761000156  810777
558.147000074  810662
559.525000095  805567
560.58100009  805451
561.588999987  803712
562.993000031  803176
564.400000095  802770
565.837000132  801462
567.271000147  799540
568.717000008  798357
570.18200016  797652
571.606000185  797567
573.052000046  797461
574.489000082  797386
575.942000151  797199
577.776000023  796823
579.636000156  796065
581.503000021  792333
583.359000206  792297
585.340000153  787834
587.249000072  777710
589.163000107  775837
591.067000151  770436
592.958000183  759303
594.843000174  751206
596.726999998  751110
598.613000154  736244
