0.0406630039215  6922891
0.0410969257355  6895606
0.0414021015167  6863503
0.0419070720673  6859536
0.0427100658417  6844273
0.0428731441498  6841663
0.0436170101166  6794441
0.044037103653  6785242
0.0441651344299  6730141
0.044291973114  6677238
0.0444190502167  6663664
0.0446701049805  6662110
0.0449199676514  6658807
0.0451729297638  6593009
0.0453009605408  6587232
0.0454440116882  6561501
0.0455861091614  6551159
0.0457270145416  6549637
0.0460119247437  6476466
0.0462839603424  6389877
0.04656291008  6386587
0.04696393013  6351945
0.047091960907  6339971
0.0474700927734  6320758
0.0475969314575  6318285
0.0477249622345  6314573
0.0481009483337  6310739
0.0483539104462  6291254
0.0484809875488  6276862
0.0487339496613  6274417
0.0488629341125  6271414
0.0491149425507  6230299
0.0492429733276  6228675
0.050488948822  6200416
0.0511140823364  6194544
0.0517389774323  6191905
0.0518679618835  6190050
0.0522451400757  6189927
0.0527489185333  6181452
0.0530009269714  6171535
0.0538759231567  6158787
0.0541291236877  6157338
0.0547549724579  6155931
0.0548830032349  6150587
0.0561981201172  6147794
0.0571899414062  6147047
0.0573470592499  6144541
0.0574779510498  6009579
0.0579829216003  6001383
0.0581109523773  6001134
0.0594930648804  5932368
0.0598709583282  5843544
0.0602519512177  5760749
0.0605049133301  5760530
0.0608820915222  5754498
0.061136007309  5717483
0.0620279312134  5712991
0.0624349117279  5708348
0.0628859996796  5685600
0.0640659332275  5679284
0.0648219585419  5671411
0.0657110214233  5667047
0.066220998764  5665392
0.0664780139923  5662738
0.0666091442108  5656860
0.0671179294586  5603747
0.0675001144409  5593068
0.067892074585  5592714
0.0691509246826  5590668
0.0695340633392  5589973
0.0699169635773  5588124
0.0704231262207  5572301
0.0713729858398  5568394
0.0721459388733  5563425
0.0722899436951  5541166
0.0733299255371  5535374
0.0735840797424  5534669
0.073961019516  5531568
0.0742130279541  5531030
0.0743420124054  5512214
0.0747489929199  5506373
0.0750210285187  5492335
0.0767350196838  5492115
0.0775239467621  5452887
0.0782120227814  5409873
0.0785081386566  5405748
0.0788009166718  5395112
0.0790860652924  5394904
0.079488992691  5391058
0.0800580978394  5383970
0.0802171230316  5381243
0.0805170536041  5373149
0.0807781219482  5291088
0.0815489292145  5273429
0.0816779136658  5262337
0.08180809021  5244213
0.0821919441223  5239048
0.0825800895691  5238877
0.0829570293427  5238822
0.0832121372223  5237591
0.0833411216736  5231494
0.083468914032  5229048
0.0839760303497  5191558
0.0846059322357  5183389
0.0848591327667  5167237
0.0853610038757  5159484
0.0859880447388  5156068
0.0863659381866  5141995
0.0866191387177  5139773
0.0868709087372  5138984
0.0881180763245  5138923
0.089152097702  5129812
0.0892879962921  5125991
0.0894241333008  5123403
0.0895600318909  5121062
0.0902991294861  5114575
0.0909740924835  5105526
0.0915989875793  5105184
0.0917270183563  5098511
0.0936050415039  5069488
0.0943701267242  5064952
0.0952460765839  5053462
0.0954990386963  5047791
0.0958769321442  5040038
0.0960049629211  5030783
0.0982639789581  5024622
0.0983979701996  5022097
0.10003900528  5021432
0.100167989731  5013651
0.100296974182  5012396
0.102421045303  5004846
0.102550029755  4986446
0.102679014206  4977359
0.102807044983  4974128
0.104926109314  4973843
0.105780124664  4969614
0.105921983719  4923426
0.106194019318  4923112
0.107536077499  4919539
0.107666969299  4902663
0.108829021454  4898745
0.110238075256  4885215
0.112816095352  4869791
0.114540100098  4869479
0.114686012268  4869463
0.1156270504  4860528
0.116019964218  4849924
0.116801977158  4847039
0.118219137192  4824849
0.11914396286  4823792
0.119405984879  4823571
0.121792078018  4815846
0.122563123703  4810791
0.122709035873  4806029
0.122987985611  4802724
0.123876094818  4802402
0.124017000198  4790171
0.124778032303  4779782
0.12554192543  4766183
0.125672101974  4765462
0.127947092056  4762691
0.132489919662  4758932
0.133139133453  4758791
0.134166955948  4749451
0.134299039841  4748508
0.134817123413  4746567
0.134949922562  4746176
0.13641500473  4745183
0.137196063995  4743423
0.137583971024  4742919
0.137979984283  4736120
0.139930963516  4734487
0.140075922012  4725508
0.14176607132  4723898
0.14342212677  4720025
0.144066095352  4717526
0.144196987152  4717494
0.144837141037  4717448
0.145980119705  4701132
0.146111011505  4661499
0.147997140884  4661302
0.148277044296  4658855
0.149490118027  4657531
0.14990401268  4654433
0.151607990265  4617989
0.15287899971  4617819
0.15326499939  4596232
0.154819011688  4595756
0.157591104507  4588827
0.157983064651  4566325
0.159914016724  4564817
0.162657976151  4559599
0.165173053741  4542040
0.167861938477  4531339
0.167994022369  4530312
0.169405937195  4518134
0.169920921326  4516873
0.170473098755  4510970
0.171241044998  4510744
0.171807050705  4510149
0.172207117081  4509834
0.172595024109  4507378
0.173746109009  4495112
0.179215908051  4489402
0.180212974548  4478297
0.182945013046  4474157
0.183589935303  4468336
0.184385061264  4461440
0.185595035553  4446236
0.186002016068  4445567
0.187915086746  4428453
0.190241098404  4395190
0.192763090134  4335987
0.194164991379  4329104
0.194806098938  4328924
0.198451042175  4321271
0.200000047684  4319887
0.203824043274  4319412
0.204859018326  4314054
0.205605983734  4308312
0.206248044968  4308222
0.216056108475  4307929
0.216450929642  4305830
0.217242956161  4268301
0.217968940735  4224209
0.218554019928  4221885
0.221751928329  4220740
0.222970962524  4199795
0.225780010223  4199371
0.228250026703  4199289
0.229666948318  4197686
0.231302022934  4192050
0.232576131821  4191805
0.2342441082  4188597
0.236433982849  4186840
0.236948013306  4184833
0.237586975098  4183601
0.237972974777  4182742
0.238358020782  4182353
0.240134954453  4172412
0.242924928665  4162800
0.243319988251  4160734
0.243452072144  4126328
0.245134115219  4108023
0.247051954269  4101436
0.247818946838  4086323
0.247950077057  4076899
0.249475002289  4073917
0.250114917755  4058530
0.252664089203  4056823
0.254698038101  4048324
0.254956960678  4042496
0.255466938019  3986373
0.257632017136  3985830
0.258526086807  3984110
0.259038925171  3983674
0.259171009064  3954487
0.26050901413  3945970
0.260648012161  3944912
0.264567136765  3940009
0.267524003983  3939596
0.268314123154  3936938
0.269519090652  3923767
0.27116394043  3920351
0.272119998932  3911275
0.277068138123  3902450
0.277215003967  3892240
0.277358055115  3884942
0.279892921448  3884076
0.285221099854  3883945
0.285357952118  3882802
0.287394046783  3879249
0.288465976715  3878927
0.2889149189  3809339
0.291831016541  3805982
0.29222202301  3801857
0.293767929077  3801178
0.296487092972  3798021
0.301481962204  3775116
0.301780939102  3773009
0.304990053177  3769877
0.305629014969  3768622
0.307029008865  3702593
0.312132120132  3701529
0.313044071198  3699781
0.315237045288  3699488
0.316528081894  3699149
0.317044973373  3695193
0.317177057266  3683118
0.317821979523  3667073
0.318081140518  3665874
0.318212032318  3634474
0.31911110878  3631121
0.319369077682  3625194
0.324856042862  3621720
0.326523065567  3621304
0.327515125275  3620136
0.331948041916  3619379
0.3330950737  3614580
0.339468955994  3614045
0.339615106583  3611611
0.344485998154  3609884
0.345134973526  3609499
0.347367048264  3607789
0.348792076111  3555472
0.348925113678  3532416
0.351279973984  3532283
0.352311134338  3532015
0.352953910828  3531013
0.35346698761  3520487
0.354363918304  3518753
0.356424093246  3518189
0.35693693161  3498274
0.357195138931  3468615
0.359121084213  3466280
0.359252929688  3464794
0.362185955048  3462732
0.371154069901  3457216
0.371413946152  3454131
0.372055053711  3450799
0.38046002388  3449881
0.381375074387  3416401
0.381915092468  3411225
0.384582996368  3408146
0.386883020401  3394463
0.38778591156  3393505
0.389084100723  3333565
0.389606952667  3327239
0.38986992836  3319929
0.396322965622  3315212
0.400303125381  3314113
0.403377056122  3305769
0.406336069107  3272425
0.407952070236  3266668
0.412956953049  3245478
0.414041996002  3227810
0.414314985275  3226539
0.41499209404  3221465
0.41584610939  3218659
0.417382955551  3217150
0.42773103714  3211428
0.431554079056  3208810
0.433953046799  3208112
0.435782909393  3206725
0.443114042282  3206139
0.446769952774  3205164
0.447417020798  3205154
0.448440074921  3201206
0.448570013046  3184029
0.44883108139  3182472
0.450439929962  3182387
0.45378613472  3179559
0.462425947189  3175577
0.466357946396  3171952
0.467643976212  3168389
0.468687057495  3158547
0.468821048737  3155181
0.470487117767  3149966
0.470618009567  3146680
0.477510929108  3143280
0.477771997452  3142629
0.478032112122  3140978
0.478804111481  3135745
0.479825019836  3135516
0.481100082397  3132602
0.481230020523  3119040
0.483655929565  3118675
0.484323978424  3118670
0.49244594574  3100401
0.499424934387  3094002
0.499695062637  3088202
0.500726938248  3087414
0.500859022141  3085103
0.50252699852  3083888
0.503298997879  3082618
0.505914926529  3082104
0.509413957596  3081900
0.519160032272  3079433
0.522799015045  3078922
0.526268005371  3075333
0.530689954758  3063979
0.531856060028  3062655
0.534430027008  3054165
0.539422988892  3053845
0.5398209095  3053314
0.547544002533  3050517
0.552901983261  3030967
0.554206132889  3019122
0.560565948486  3014409
0.56290102005  3011611
0.574656009674  3006030
0.577883958817  3004007
0.583102941513  2999513
0.583503961563  2999243
0.585052013397  2998134
0.586347103119  2960830
0.590312957764  2956349
0.591469049454  2951089
0.5923640728  2897892
0.595940113068  2897083
0.601850032806  2891788
0.609826087952  2891432
0.615663051605  2891369
0.619162082672  2887185
0.620950937271  2887046
0.622887134552  2885859
0.624705076218  2880293
0.627917051315  2870051
0.633423089981  2868360
0.634350061417  2863178
0.638518095016  2860280
0.639256000519  2860076
0.642445087433  2857421
0.643353939056  2855107
0.649677038193  2854146
0.652626037598  2815974
0.654825925827  2813590
0.655731916428  2810494
0.658425092697  2808235
0.664170026779  2808095
0.665725946426  2807405
0.66893196106  2794267
0.670758962631  2787845
0.677134037018  2786184
0.682213068008  2782032
0.682348966599  2779063
0.682986974716  2778468
0.684139966965  2777413
0.684654951096  2770315
0.694581031799  2766451
0.695910930634  2759558
0.697569131851  2759405
0.701481103897  2752161
0.707237005234  2747455
0.708054065704  2747359
0.7106590271  2736390
0.71192407608  2735134
0.721097946167  2734598
0.726889133453  2731527
0.727556943893  2730859
0.736406087875  2715608
0.740000009537  2713122
0.741425991058  2710152
0.742838144302  2709857
0.745929956436  2709516
0.750284910202  2698121
0.755192041397  2696953
0.757152080536  2693870
0.760256052017  2690492
0.760900020599  2688167
0.766402959824  2682482
0.770407915115  2681869
0.771451950073  2673324
0.775419950485  2669022
0.782997131348  2668795
0.786019086838  2667280
0.796246051788  2666810
0.796471118927  2664288
0.805498123169  2661035
0.807060003281  2658379
0.814959049225  2656727
0.816781044006  2628752
0.81886100769  2627368
0.819546937943  2625789
0.819688081741  2624759
0.826777935028  2623855
0.833832979202  2623808
0.835904121399  2623777
0.844792127609  2621350
0.847126960754  2616774
0.850322008133  2607919
0.863414049149  2604647
0.87882399559  2601075
0.88177895546  2598203
0.885730028152  2597461
0.88920712471  2595421
0.891523122787  2593070
0.909392118454  2591964
0.919944047928  2588769
0.920220136642  2586309
0.92102098465  2585663
0.921737909317  2584248
0.922290086746  2582122
0.922559022903  2581494
0.928237915039  2581032
0.930462121964  2579760
0.967806100845  2579529
0.971314907074  2577129
0.97749710083  2562040
0.978681087494  2558042
0.980555057526  2557934
0.981951951981  2557546
0.985177993774  2557256
0.985316038132  2553405
0.990226984024  2551806
1.00265002251  2549806
1.00607514381  2549641
1.01401305199  2541555
1.01462602615  2541486
1.01559710503  2540726
1.03055906296  2539369
1.03283810616  2538724
1.04204297066  2538374
1.07274913788  2537396
1.09713292122  2537290
1.09990596771  2537261
1.10182595253  2526171
1.10751199722  2524782
1.10972213745  2524118
1.11836409569  2522556
1.12988400459  2521590
1.14152097702  2520371
1.14509105682  2519513
1.14610910416  2518900
1.1582429409  2518667
1.16162896156  2517460
1.17321705818  2517279
1.18493294716  2516056
1.19099211693  2511285
1.19955301285  2510095
1.2014400959  2509876
1.24368309975  2508084
1.24422311783  2503854
1.24528408051  2502552
1.26241111755  2486062
1.27154302597  2480101
1.27281498909  2479761
1.2738199234  2477942
1.28626298904  2477361
1.29120993614  2475077
1.29288291931  2474822
1.29344010353  2471775
1.29673600197  2470355
1.30816698074  2466935
1.31333494186  2466842
1.31409502029  2466541
1.31503009796  2466437
1.33604502678  2465538
1.3389480114  2463021
1.36189603806  2460570
1.37351298332  2458667
1.37532806396  2458343
1.37686896324  2457966
1.37789106369  2455999
1.38681793213  2455503
1.40566897392  2452640
1.41072511673  2452271
1.41127896309  2447193
1.41414308548  2446919
1.42731404305  2444376
1.44983100891  2440770
1.45272111893  2440576
1.46140909195  2440515
1.46475100517  2438426
1.47359395027  2436737
1.48240494728  2435860
1.53109502792  2435801
1.54045295715  2430697
1.55085492134  2428111
1.56510901451  2427427
1.56808495522  2426919
1.56936407089  2425961
1.57769107819  2425949
1.60763907433  2422975
1.61559796333  2422760
1.63411211967  2421742
1.64285302162  2372178
1.64624810219  2371588
1.67118906975  2371199
1.67145800591  2370909
1.71474909782  2369968
1.73890995979  2357894
1.75029802322  2356925
1.77356410027  2355368
1.77411603928  2355146
1.77704405785  2353843
1.82872509956  2353583
1.87007808685  2352941
1.87669801712  2352449
1.87711906433  2352353
1.88722896576  2351632
1.894947052  2344533
1.91439795494  2339676
1.91948509216  2339417
1.95531511307  2337918
1.96832990646  2337835
1.97024607658  2336442
1.99898505211  2335160
2.01949191093  2335151
2.0385260582  2334866
2.04822301865  2331055
2.06977510452  2329974
2.07413101196  2329488
2.08586001396  2329276
2.09150004387  2328552
2.09951901436  2328515
2.11749505997  2328489
2.15412998199  2327708
2.17267394066  2323313
2.17416501045  2323260
2.18686795235  2322998
2.20081090927  2300808
2.20359611511  2294385
2.22036504745  2284494
2.22653102875  2284438
2.2527589798  2284280
2.27566194534  2284011
2.27728390694  2283405
2.28218197823  2282987
2.28492593765  2282681
2.29164505005  2282665
2.3009159565  2281958
2.31768012047  2281388
2.34230899811  2280980
2.35229301453  2272337
2.36770105362  2272314
2.378937006  2271283
2.38845491409  2256716
2.39242601395  2245907
4.6003780365  2233716
4.60051512718  2232731
4.60199809074  2232450
4.63349795341  2231906
4.64553308487  2230314
4.65907812119  2230260
4.65998411179  2226388
4.67993497849  2217478
4.68036293983  2217461
4.68478298187  2217303
4.70346498489  2215998
4.70679807663  2211644
4.71122002602  2209320
4.75005912781  2207262
4.75903892517  2206600
4.77844810486  2206599
4.79386997223  2206380
4.79612708092  2205210
4.81812810898  2200694
4.83656692505  2199965
4.84344291687  2199773
4.85407590866  2197427
4.86087799072  2191356
4.87460112572  2188578
4.91665101051  2186354
4.92651295662  2183918
4.96082091331  2183813
5.01712703705  2180718
5.01794505119  2179824
5.04351305962  2179528
5.07038807869  2178226
5.07876706123  2177919
5.08687591553  2177753
5.09600305557  2174187
5.11457109451  2172721
5.13708901405  2172200
5.14399409294  2171643
5.16314506531  2170298
5.16468811035  2168984
5.17219209671  2166741
5.21102309227  2166722
5.22306513786  2156453
5.22609090805  2155643
5.23499298096  2154543
5.24583911896  2146217
5.2478659153  2132070
5.26293301582  2130011
5.30789804459  2129915
5.35218501091  2129268
5.36375808716  2126262
5.37436795235  2125972
5.39721608162  2123251
5.42684292793  2122137
5.43385505676  2121301
5.44869613647  2121122
5.45293211937  2113857
5.45987606049  2112927
5.46755194664  2109882
5.4719119072  2106384
5.47233510017  2106050
5.48709797859  2104763
5.49616408348  2103642
5.51533794403  2102660
5.5215780735  2096505
5.53231596947  2095936
5.54841804504  2094736
5.55322003365  2094505
5.56416702271  2094444
5.56892204285  2093442
5.58461093903  2065341
5.60269498825  2065207
5.62332606316  2064686
5.62633395195  2062020
5.62967991829  2060721
5.63891601562  2059392
5.64238095284  2058714
5.65173602104  2057634
5.66931390762  2055638
5.67852592468  2055360
5.69949793816  2053126
5.70597696304  2049904
5.73826408386  2048752
5.73932600021  2048302
5.77054095268  2031211
5.77339410782  2030105
5.77366614342  2029633
5.77509093285  2026013
5.80936098099  2025428
5.82609295845  2023900
5.83886504173  2023646
5.85718512535  2023525
5.90652799606  2022305
5.93504905701  2019743
5.94501900673  2017462
8.39192199707  2015636
8.4174349308  2015084
8.43490290642  2014390
8.46780800819  2005167
8.48621606827  2003362
8.50840497017  2003271
8.50914096832  2003022
8.51698613167  2000903
8.52084493637  2000808
8.52412891388  1999864
8.5387160778  1996534
8.53949999809  1995060
8.54130792618  1994041
8.549077034  1993715
8.60440206528  1993500
8.63902401924  1992901
8.65089702606  1992406
8.65952301025  1992048
8.6807949543  1989144
8.6817741394  1987726
8.72002291679  1987693
8.73760294914  1986104
8.75147891045  1985048
8.76158499718  1984423
8.76585412025  1983034
8.76712703705  1981681
8.77699804306  1981564
8.78245210648  1978066
8.78687405586  1977238
8.80865907669  1977010
8.81227111816  1976605
8.82103991508  1974877
8.84723305702  1972047
8.87343192101  1971997
8.88746404648  1970675
8.91550898552  1970521
8.94372701645  1969922
8.94842910767  1968244
8.95138502121  1968212
8.9738919735  1967969
8.99805402756  1967711
9.00244307518  1967495
9.02528095245  1967056
9.03210902214  1966959
9.03929114342  1966151
9.04106998444  1963836
9.05357313156  1963705
9.06498599052  1963319
9.07363200188  1962862
9.09093213081  1959106
9.1028239727  1958291
9.10541200638  1955293
9.13987493515  1952456
9.15465497971  1952191
9.16888999939  1951802
9.17512702942  1948002
9.17987203598  1947707
9.21091413498  1947471
9.22928905487  1947313
9.23202991486  1945010
9.23467803001  1944758
9.24102711678  1944076
9.25580501556  1943166
9.29038310051  1943140
9.30778813362  1940064
9.30792498589  1939879
9.31079292297  1933011
9.32715010643  1932852
9.33044505119  1931887
9.35482192039  1927061
9.36089491844  1926210
9.36905813217  1925056
9.44048690796  1915296
9.47866392136  1914275
9.50022506714  1912412
9.52450990677  1912289
9.55056214333  1911080
9.55758309364  1910282
9.55862212181  1902223
9.57741594315  1901992
9.59523200989  1901884
9.6250679493  1900967
9.66016101837  1900059
9.67610406876  1898330
9.68616700172  1897866
9.70418310165  1897766
9.74881100655  1893047
9.78152012825  1891469
9.78662395477  1891058
9.78841400146  1889514
9.82525801659  1885608
9.82786202431  1885293
9.83604693413  1885037
9.84935593605  1884852
9.85054993629  1884460
9.86424994469  1884074
9.88505411148  1881828
9.89078497887  1877271
9.91645503044  1873203
52.2936370373  1871384
52.2966759205  1852219
52.3062751293  1852058
52.3558790684  1851511
52.3647871017  1846899
52.3650491238  1846818
52.3827049732  1844625
52.3860890865  1843841
52.3903651237  1840217
52.3978950977  1840059
52.4126980305  1837770
52.4235041142  1836838
52.4248030186  1835262
52.4349091053  1835066
52.4400229454  1831160
52.4403021336  1827712
52.4506621361  1827504
52.4611179829  1825814
52.4674999714  1825659
52.4902129173  1824832
52.4910299778  1822841
52.4974730015  1821198
52.5074081421  1820861
52.508877039  1820454
52.518376112  1820093
52.5241589546  1819363
52.5481350422  1817849
52.5548269749  1815492
52.5856840611  1814511
52.5875020027  1813913
52.6381909847  1807448
52.6812980175  1807312
