0.0379199981689  6816567
0.0383579730988  6778071
0.0385010242462  6681261
0.0386469364166  6667530
0.0387909412384  6659952
0.0389349460602  6658613
0.0392198562622  6640285
0.0393629074097  6638385
0.0396468639374  6627504
0.0397908687592  6625516
0.0399339199066  6620310
0.0403628349304  6615885
0.0407478809357  6613943
0.0408759117126  6578210
0.0411279201508  6566558
0.0412559509277  6558030
0.0426418781281  6545726
0.0428960323334  6499464
0.0435228347778  6470801
0.0436518192291  6469131
0.0439028739929  6452258
0.0440299510956  6429236
0.0441589355469  6392277
0.0442879199982  6386794
0.0446679592133  6348475
0.0450448989868  6348469
0.0455470085144  6341832
0.0460529327393  6274564
0.046306848526  6273796
0.0464370250702  6267818
0.0466909408569  6263489
0.0470700263977  6259680
0.0473248958588  6244573
0.0477018356323  6238362
0.0478308200836  6180263
0.0479629039764  6176447
0.0483410358429  6150276
0.0485918521881  6145166
0.048761844635  6137756
0.0489230155945  6133411
0.0501978397369  6132111
0.050628900528  6131160
0.0510578155518  6125482
0.0516288280487  6123192
0.0522639751434  6123070
0.0525150299072  6120800
0.0527658462524  6119402
0.0530169010162  6112686
0.05326795578  6111484
0.0533950328827  6106381
0.0536470413208  6096351
0.0537748336792  6094326
0.0540249347687  6092756
0.0546479225159  6059769
0.0547759532928  6036038
0.0552778244019  6031348
0.0554049015045  5991644
0.0561518669128  5977934
0.0566489696503  5977281
0.0571479797363  5969528
0.0572748184204  5957993
0.0575258731842  5952120
0.0576519966125  5950884
0.0580270290375  5936732
0.0582778453827  5931632
0.0585298538208  5898570
0.0586569309235  5890583
0.0589098930359  5889266
0.0595319271088  5879325
0.0600290298462  5863266
0.0604069232941  5854529
0.0616450309753  5850460
0.0617718696594  5840661
0.0620229244232  5840184
0.0625200271606  5819151
0.062647819519  5815130
0.0631530284882  5796503
0.0634028911591  5744323
0.0645220279694  5721470
0.0660049915314  5684649
0.0661318302155  5684217
0.0663838386536  5682454
0.0683629512787  5633005
0.0686140060425  5630929
0.0694839954376  5604902
0.0699799060822  5600897
0.0701079368591  5596974
0.0702338218689  5582933
0.0709788799286  5580806
0.0712289810181  5541265
0.0717368125916  5541247
0.0740919113159  5477139
0.0744888782501  5468012
0.0760359764099  5441107
0.0762059688568  5425924
0.0765299797058  5416712
0.0773270130157  5395338
0.078281879425  5393501
0.0791668891907  5390153
0.079913854599  5389754
0.0800409317017  5376230
0.0804159641266  5352288
0.0815320014954  5333723
0.0816609859467  5333459
0.0824048519135  5329701
0.0827798843384  5301064
0.0857169628143  5296383
0.0858519077301  5249474
0.086354970932  5242696
0.0868549346924  5222405
0.088721036911  5218031
0.0897209644318  5212426
0.0898489952087  5209058
0.0902259349823  5190774
0.0908539295197  5189744
0.0911078453064  5179035
0.0919978618622  5178103
0.0947248935699  5171926
0.0948519706726  5168129
0.0951068401337  5167965
0.0954828262329  5167844
0.0979609489441  5160704
0.0980889797211  5158387
0.0990829467773  5156013
0.09921002388  5150260
0.0999548435211  5026406
0.104369878769  5024508
0.104636907578  5024215
0.105020999908  5016334
0.105278015137  5012063
0.105662822723  5002112
0.106168985367  5000812
0.106552839279  4991146
0.107434988022  4941394
0.108067035675  4936022
0.110216856003  4927097
0.11075592041  4918098
0.111028909683  4917932
0.112227916718  4898062
0.114169836044  4874581
0.115561008453  4873857
0.116194963455  4865068
0.118903875351  4860868
0.119040966034  4859388
0.119172811508  4859030
0.119431018829  4831383
0.120838880539  4827344
0.121096849442  4816519
0.12224984169  4806066
0.123898983002  4801174
0.125293016434  4791935
0.126060962677  4719060
0.126317977905  4709856
0.126699924469  4709733
0.127081871033  4706336
0.127463817596  4702415
0.129632949829  4700712
0.130767822266  4687474
0.131526947021  4684694
0.131783008575  4680076
0.1324198246  4677081
0.132678031921  4672500
0.133319854736  4669164
0.133703947067  4664846
0.133962869644  4664510
0.134855031967  4649942
0.136945009232  4634691
0.138013839722  4629012
0.138532876968  4626792
0.138923883438  4600645
0.139954805374  4598192
0.140597820282  4595658
0.140729904175  4594191
0.140990972519  4571987
0.142658948898  4541213
0.144450902939  4525396
0.144968032837  4520579
0.146382808685  4511556
0.14785695076  4509992
0.147994995117  4508766
0.152743816376  4498348
0.154654979706  4468625
0.157557010651  4463509
0.157939910889  4462837
0.158195972443  4461628
0.15845489502  4451661
0.159986972809  4450182
0.160117864609  4443816
0.160248041153  4434794
0.161257982254  4433193
0.161512851715  4432208
0.161893844604  4426217
0.16316485405  4414794
0.164176940918  4413677
0.164305925369  4409448
0.168632030487  4409239
0.170205831528  4403945
0.171777009964  4399226
0.175827026367  4393792
0.177220821381  4381434
0.178745031357  4328088
0.179509878159  4324575
0.181149959564  4322384
0.18127989769  4320414
0.182294845581  4320351
0.182552814484  4313270
0.182948827744  4309707
0.185568809509  4304231
0.185878992081  4302957
0.188306808472  4302291
0.188948869705  4238963
0.190598011017  4236765
0.193238973618  4230981
0.195135831833  4230499
0.196527957916  4220799
0.198168992996  4205854
0.200310945511  4205741
0.200968980789  4197132
0.203058004379  4180094
0.20457482338  4179808
0.205591917038  4166097
0.205973863602  4163676
0.208247900009  4163244
0.208377838135  4152825
0.208885908127  4147677
0.209143877029  4146931
0.212298870087  4141767
0.212427854538  4103984
0.212558031082  4100479
0.21319103241  4090519
0.213948965073  4058061
0.214337825775  4057097
0.214470863342  4042291
0.215507030487  4041052
0.216401815414  3995017
0.217036962509  3994637
0.21830201149  3870345
0.218812942505  3868503
0.219204902649  3864592
0.220019817352  3863285
0.220292806625  3801659
0.220430850983  3782205
0.220971822739  3780035
0.223562002182  3772830
0.226511955261  3752664
0.226644039154  3751041
0.227028846741  3746605
0.228170871735  3745300
0.229056835175  3743634
0.233004808426  3702238
0.23441696167  3699022
0.234939813614  3695937
0.236943006516  3676086
0.23906493187  3673425
0.242651939392  3670098
0.243825912476  3641465
0.244843959808  3640979
0.246546983719  3637964
0.248454809189  3637399
