0.0409710407257  7192398
0.0411419868469  7168267
0.0414199829102  7158854
0.0415730476379  7154830
0.0423789024353  7140844
0.0425429344177  7105506
0.0430250167847  7098294
0.043338060379  7092698
0.0434818267822  7086671
0.0436279773712  7057782
0.0440440177917  7052995
0.0442929267883  7038221
0.044420003891  7006380
0.0445468425751  6985050
0.0447969436646  6980383
0.045047044754  6980202
0.0454189777374  6973867
0.045667886734  6941154
0.0457949638367  6884685
0.0459220409393  6883416
0.0461728572845  6868736
0.0465459823608  6864105
0.0470578670502  6863929
0.0471849441528  6829035
0.0475599765778  6814297
0.0479340553284  6799657
0.0483119487762  6768858
0.0485608577728  6759931
0.0488109588623  6686693
0.0490598678589  6685074
0.0491869449615  6666023
0.0493128299713  6653720
0.0495629310608  6649294
0.0499348640442  6637257
0.050183057785  6599713
0.0503089427948  6568306
0.0504348278046  6540778
0.0506839752197  6540623
0.0513060092926  6536873
0.0514328479767  6536822
0.0516860485077  6490897
0.0527780056  6485523
0.0529098510742  6478218
0.0530369281769  6470925
0.0531640052795  6465564
0.0532908439636  6439496
0.0539209842682  6435910
0.0543849468231  6433015
0.0545499324799  6431621
0.0548348426819  6413642
0.0553810596466  6411449
0.055655002594  6411235
0.0563039779663  6401788
0.0571768283844  6400570
0.0582618713379  6352499
0.05908203125  6349310
0.0593619346619  6349266
0.0595028400421  6344013
0.0596418380737  6342577
0.0600469112396  6325810
0.0607368946075  6319862
0.061812877655  6289387
0.0620670318604  6213214
0.0624408721924  6210751
0.0626909732819  6140439
0.0629570484161  6057149
0.0630929470062  6053176
0.0632259845734  6034644
0.0634908676147  6032802
0.063756942749  6013869
0.0638909339905  6005764
0.0645799636841  5936158
0.0647149085999  5923441
0.0651128292084  5921980
0.0652480125427  5915367
0.0657598972321  5895132
0.0662560462952  5892706
0.0679099559784  5888745
0.0681829452515  5879179
0.0683200359344  5872044
0.068589925766  5867299
0.068727016449  5865637
0.069000005722  5838176
0.0692729949951  5833688
0.0700299739838  5757868
0.0708169937134  5755859
0.0709528923035  5746326
0.0735988616943  5645004
0.0737299919128  5641450
0.0743799209595  5641127
0.075446844101  5640506
0.0764558315277  5634490
0.0768630504608  5630025
0.0779590606689  5629403
0.0788638591766  5600221
0.0797870159149  5585149
0.079913854599  5508466
0.08078789711  5503852
0.0811929702759  5497110
0.0840680599213  5483950
0.0854239463806  5476515
0.0867409706116  5409152
0.0871398448944  5403637
0.0875380039215  5400618
0.0879418849945  5399573
0.0883400440216  5398224
0.0884759426117  5396053
0.0914838314056  5390069
0.0935039520264  5382721
0.0943038463593  5335959
0.0968470573425  5334895
0.0971150398254  5328471
0.0973749160767  5303096
0.098531961441  5301886
0.10175204277  5272556
0.10409784317  5265014
0.104964017868  5254764
0.105089902878  5207349
0.105217933655  5195739
0.105468988419  5182582
0.105594873428  5175064
0.106093883514  5152471
0.106220960617  5135060
0.10634803772  5126721
0.106598854065  5126693
0.107591867447  5108292
0.107842922211  5103918
0.108216047287  5095780
0.10860490799  5095556
0.109262943268  5087297
0.109643936157  5078141
0.110910892487  5057024
0.111039876938  5012668
0.11180305481  5009801
0.112315893173  5009210
0.112862825394  4998564
0.113263845444  4981633
0.113930940628  4976686
0.114774942398  4951458
0.115622997284  4947345
0.115767002106  4911045
0.116502046585  4908833
0.11695098877  4897502
0.117617845535  4896478
0.117872953415  4885750
0.118757963181  4882382
0.118886947632  4846225
0.120031833649  4700636
0.120162010193  4700203
0.121114015579  4682049
0.123990058899  4681516
0.12424492836  4677509
0.124372959137  4677301
0.125267028809  4674720
0.129324913025  4673217
0.13009595871  4657998
0.130480051041  4654997
0.130609035492  4653969
0.130739927292  4600709
0.130998849869  4592387
0.13112783432  4591614
0.131764888763  4591529
0.132400989532  4589464
0.132912874222  4585704
0.133671998978  4584203
0.135813951492  4570187
0.136991024017  4567406
0.137135028839  4566322
0.140246868134  4489196
0.141384840012  4482895
0.142268896103  4464476
0.142397880554  4455945
0.142909049988  4415291
0.143681049347  4411077
0.144563913345  4410624
0.144942998886  4410528
0.145323991776  4407783
0.146708011627  4401955
0.147593975067  4394312
0.148102045059  4393498
0.148357868195  4384806
0.149433851242  4358433
0.151243925095  4355391
0.151418924332  4335884
0.151562929153  4324761
0.152256965637  4323089
0.152816057205  4320300
0.153195858002  4319537
0.156241893768  4317752
0.15837597847  4313810
0.160320997238  4312584
0.160593032837  4312107
0.162129878998  4310799
0.162895917892  4307735
0.163025856018  4306372
0.163154840469  4303508
0.167439937592  4280326
0.168072938919  4280294
0.168967008591  4264090
0.169744968414  4245715
0.16987490654  4244254
0.172128915787  4243310
0.172257900238  4235036
0.17251086235  4232087
0.174516916275  4224671
0.175644874573  4223340
0.177273035049  4213154
0.179273843765  4212342
0.183043956757  4210044
0.183796882629  4205341
0.184427022934  4191610
0.185176849365  4153891
0.185305833817  4144336
0.189374923706  4142361
0.189654827118  4135518
0.191891908646  4135514
0.192987918854  4134253
0.193126916885  4133269
0.193611860275  4132622
0.195303916931  4131050
0.195867061615  4123582
0.198354959488  4114431
0.201639890671  4113912
0.201769828796  4102295
0.205044984818  4083758
0.205567836761  4081109
0.205699920654  4080367
0.214880943298  4072522
0.215138912201  4070543
0.215394020081  4066889
0.216148853302  4054696
0.217648029327  4049563
0.220275878906  4028937
0.22078204155  4023689
0.22091293335  4021486
0.221168041229  4020886
0.223505973816  4019794
0.226999044418  4016416
0.227146863937  4013973
0.227720975876  4012224
0.228008985519  4012150
0.22815489769  4010130
0.22904086113  4010054
0.230942964554  4009930
0.233984947205  4008612
0.234875917435  4005664
0.235133886337  4005565
0.236911058426  4000130
0.237548828125  3993456
0.238312005997  3934390
0.239578962326  3932376
0.240589857101  3927998
0.241474866867  3911147
0.241605043411  3907645
0.241734027863  3898256
0.243319034576  3898249
0.243458032608  3894356
0.24461388588  3893112
0.246506929398  3885317
0.247241020203  3881859
0.249253034592  3881370
0.249634981155  3881310
0.250267982483  3879626
0.250404834747  3873426
0.250788927078  3871411
0.252421855927  3848678
0.252549886703  3804030
0.252934932709  3803402
0.253695011139  3798924
