0.0352420806885  6599660
0.0355429649353  6558321
0.0358209609985  6534856
0.0361740589142  6523615
0.0362920761108  6521379
0.0366430282593  6512408
0.0376009941101  6509841
0.0377359390259  6477126
0.0379319190979  6476432
0.0380780696869  6440848
0.0382380485535  6433567
0.0384790897369  6403133
0.0387160778046  6402676
0.0396480560303  6340821
0.040116071701  6330294
0.0405220985413  6325973
0.0407059192657  6300988
0.0412480831146  6286279
0.0414321422577  6282867
0.0439209938049  6276965
0.0445549488068  6262213
0.0447170734406  6259063
0.0448789596558  6218691
0.0456650257111  6213685
0.0458400249481  6207970
0.0468039512634  6207045
0.0470950603485  6188286
0.0472440719604  6182328
0.0475280284882  6180355
0.0480930805206  6164823
0.0488059520721  6160926
0.0489521026611  6145812
0.0490980148315  6145767
0.0495319366455  6121456
0.0500731468201  6119071
0.0502259731293  6108627
0.0504710674286  6107031
0.0506291389465  6105754
0.0507719516754  6105651
0.0509221553802  6069290
0.0512340068817  6057266
0.0513870716095  6052433
0.0521171092987  6035746
0.0524160861969  6025502
0.0527091026306  6024421
0.0540821552277  5990433
0.0546391010284  5985358
0.0551099777222  5980036
0.0552761554718  5971414
0.0556960105896  5963270
0.0559649467468  5912097
0.056666135788  5899875
0.0575730800629  5867632
0.0582821369171  5861953
0.0587179660797  5858003
0.0588669776917  5854318
0.0592930316925  5847670
0.0594289302826  5833338
0.0598330497742  5831260
0.0599789619446  5808700
0.0619421005249  5789897
0.0632979869843  5788494
0.0634429454803  5787129
0.063579082489  5783886
0.0637149810791  5776941
0.0638520717621  5775038
0.0652189254761  5770233
0.0658371448517  5768127
0.0666329860687  5767841
0.0674350261688  5767697
0.0679259300232  5760398
0.0680871009827  5734820
0.0682280063629  5733074
0.0688979625702  5719329
0.0710251331329  5681629
0.0711569786072  5665504
0.0712871551514  5642033
0.0722861289978  5638259
0.0754151344299  5631003
0.075670003891  5588307
0.0762979984283  5580369
0.0765521526337  5576306
0.0766789913177  5553523
0.0774590969086  5416721
0.0779049396515  5405541
0.0787191390991  5402861
0.079185962677  5386498
0.0797419548035  5386497
0.0802519321442  5368953
0.0810129642487  5365274
0.083573102951  5344036
0.0837330818176  5337489
0.0838649272919  5331055
0.0839929580688  5330799
0.0843670368195  5324874
0.0850300788879  5322630
0.0859520435333  5313153
0.0868740081787  5311184
0.0871410369873  5305275
0.0874109268188  5202842
0.0880789756775  5193898
0.0886070728302  5174845
0.0895290374756  5158278
0.0901889801025  5146654
0.0916590690613  5142599
0.0918040275574  5138251
0.0919389724731  5135071
0.0931689739227  5128638
0.0935690402985  5124537
0.0952870845795  5123925
0.0967400074005  5123640
0.0981130599976  5115340
0.10006403923  5112224
0.100207090378  5109998
0.102751970291  5102593
0.104306936264  5097057
0.105585098267  5096446
0.105885028839  5085557
0.106480121613  5083203
0.106899023056  5070339
0.107439994812  5060368
0.107587099075  5052625
0.108804941177  5049931
0.108979940414  5037655
0.109130144119  5029228
0.112194061279  5028521
0.112353086472  5004770
0.112787008286  4999076
0.114376068115  4989677
0.114822149277  4976949
0.117634057999  4976691
0.118193149567  4971663
0.120064973831  4928224
0.121150016785  4910436
0.122231006622  4873868
0.122972011566  4871072
0.123875141144  4868218
0.124769926071  4833631
0.12490105629  4808589
0.12660908699  4807617
0.127269029617  4776901
0.127408027649  4776729
0.129855155945  4766466
0.13098692894  4759066
0.131268978119  4753757
0.131669998169  4723137
0.133105039597  4722868
0.133485078812  4595856
0.133741140366  4595455
0.134618997574  4593655
0.134871959686  4588330
0.135502099991  4571306
0.136381149292  4566825
0.137259960175  4566268
0.137388944626  4564898
0.139272928238  4563677
0.139528036118  4563446
0.1419069767  4551524
0.142539978027  4534584
0.143046140671  4534153
0.143176078796  4524444
0.144197940826  4521633
0.145169973373  4515547
0.145576000214  4512605
0.149178028107  4505130
0.149750947952  4496062
0.150409936905  4405314
0.150977134705  4404617
0.151426076889  4401560
0.152719020844  4356342
0.153487920761  4351196
0.155264139175  4350221
0.155394077301  4348699
0.158482074738  4346998
0.15962100029  4343857
0.160382032394  4298762
0.160512924194  4296838
0.161304950714  4296410
0.16334104538  4281065
0.164732933044  4277344
0.165192127228  4260837
0.166253089905  4258712
0.16797709465  4249767
0.168992996216  4246088
0.169919967651  4244614
0.170325994492  4243701
0.171597957611  4229244
0.173757076263  4226901
0.177179098129  4218319
0.17786693573  4218121
0.180712938309  4216771
0.181602954865  4215841
0.183627128601  4208763
0.184507131577  4208082
0.185261964798  4205560
0.186017036438  4198211
0.187127113342  4195436
0.187251091003  4192278
0.187618970871  4176549
0.187744140625  4172982
0.188231945038  4171971
0.188719987869  4161567
0.18905210495  4146881
0.189615011215  4127738
0.190194129944  4123571
0.191533088684  4121283
0.19366312027  4121089
0.19625210762  4120732
0.197052001953  4116015
0.199584960938  4108537
0.20192193985  4097130
0.202434062958  4095726
0.203576087952  4094403
0.204211950302  4077610
0.20845913887  4072676
0.210451126099  4069047
0.212444067001  4064315
0.213104009628  4061916
0.213438987732  4061901
0.215379953384  4054198
0.215513944626  4053632
0.216027975082  4039404
0.218688011169  4039058
0.219954967499  4031911
0.22158408165  4027561
0.221873044968  4022606
0.222548961639  4021508
0.223706007004  4014308
0.22762298584  4014002
0.227792978287  4013494
0.229462146759  3971978
0.229635000229  3970051
0.230139017105  3932125
0.231862068176  3924050
0.235402107239  3922572
0.237188100815  3920026
0.237712144852  3888192
0.240266084671  3885677
0.242465019226  3885048
0.245130062103  3884123
0.249292135239  3877974
0.249563932419  3873413
0.250622034073  3872326
0.251388072968  3872022
0.251899003983  3867630
0.252156972885  3864504
0.254127025604  3855631
0.257079124451  3853531
0.257337093353  3853479
0.258100032806  3851636
0.25936794281  3847650
0.263670921326  3845277
0.265382051468  3844833
0.26553106308  3831332
0.268233060837  3825913
0.27069401741  3825483
0.271341085434  3824336
0.273393154144  3820753
0.274291038513  3820565
0.275058031082  3788307
0.275699138641  3787905
0.281322956085  3780369
0.286039113998  3775394
0.286683082581  3773698
0.29047203064  3763290
0.291728973389  3694242
0.292870044708  3692836
0.293765068054  3675784
0.29389500618  3675720
0.295171976089  3673952
0.295711040497  3673874
0.297585010529  3673142
0.299768924713  3626821
0.299907922745  3626450
0.301072120667  3626353
0.305419921875  3623757
0.31195807457  3623649
0.31277012825  3617561
0.316761016846  3607528
0.319484949112  3605882
0.319707155228  3600415
0.320589065552  3594871
0.325662136078  3590158
0.329275131226  3581908
0.330831050873  3581036
0.335036039352  3577939
0.335736036301  3572634
0.337002038956  3572603
0.353111028671  3569410
0.356833934784  3546643
0.357995033264  3540116
0.363358020782  3538394
0.363650083542  3535968
0.366774082184  3533685
0.369262933731  3525998
0.376163959503  3523321
0.37778711319  3519885
0.380955934525  3491752
0.381989955902  3483480
0.382122039795  3483411
0.382254123688  3482722
0.383316040039  3481155
0.387776136398  3471397
0.390399932861  3468235
0.393722057343  3466485
0.398448944092  3465292
0.398745059967  3462405
0.400074005127  3460758
0.401104927063  3457413
0.403037071228  3456527
0.404080152512  3456238
0.405763149261  3454072
0.411610126495  3452709
0.412013053894  3452155
0.416005134583  3444163
0.416146039963  3443098
0.419811964035  3442782
0.422006130219  3432229
0.427818059921  3430217
0.428812026978  3426052
0.429867982864  3425907
0.430267095566  3422935
0.430397033691  3416655
0.431880950928  3412137
0.43411898613  3411908
0.443537950516  3411419
0.44469499588  3411165
0.446913003922  3409399
0.448495149612  3407826
0.450377941132  3407492
0.455528020859  3402580
0.45946097374  3397912
0.461636066437  3395785
0.465147018433  3394070
0.470669031143  3393763
0.473549127579  3391338
0.481440067291  3389736
0.487116098404  3387752
0.488476991653  3387537
0.491797924042  3386808
0.498491048813  3386284
0.499551057816  3343086
0.501405954361  3340293
0.504739999771  3337334
0.513427972794  3318013
0.513955116272  3317473
0.514992952347  3312859
0.518826961517  3311826
0.525370121002  3309337
0.537662029266  3301846
0.538985967636  3294016
0.541218996048  3291620
0.554176092148  3287181
0.555657148361  3283817
0.559381008148  3235576
0.565575122833  3233471
0.572906017303  3223755
0.573681116104  3199446
0.57496213913  3197560
0.577018976212  3188585
0.578696966171  3186066
0.580675125122  3185437
0.584037065506  3180897
0.584927082062  3174683
0.586697101593  3172515
0.587206125259  3170972
0.592707157135  3170539
0.594040155411  3168202
0.598421096802  3165993
0.604789018631  3162764
0.61009812355  3121440
0.610696077347  3111100
0.611772060394  3108534
0.611966133118  3108079
0.614243030548  3092750
0.615201950073  3092675
0.617459058762  3091903
0.628621101379  3090730
0.62877202034  3088297
0.629861116409  3088056
0.632694959641  3084669
0.636400938034  3084647
0.636537075043  3062384
0.640639066696  3057749
0.640772104263  3024068
0.642769098282  3017459
0.644037008286  3015882
0.64812707901  3012282
0.648996114731  2997094
0.649882078171  2994959
0.65908908844  2994661
0.661443948746  2992897
0.668388128281  2992615
0.670081138611  2992130
0.679006099701  2984093
0.679526090622  2981674
0.681765079498  2981374
0.683676958084  2948451
0.685426950455  2946891
0.685809135437  2946222
0.687444925308  2944972
0.693899154663  2936591
0.695842027664  2916717
0.69876408577  2902227
0.699973106384  2897150
0.70175909996  2896890
0.705343961716  2892589
0.708294153214  2892371
0.71163392067  2891691
0.712149143219  2890466
0.712280035019  2889756
0.714317083359  2888961
0.714450120926  2887916
0.715737104416  2886672
0.717021942139  2886447
0.720086097717  2885203
0.727752923965  2879672
0.728140115738  2879385
0.731979131699  2876751
0.73224401474  2871655
0.737879991531  2861499
0.742218017578  2860490
0.751332998276  2860104
0.752223968506  2847167
0.758347988129  2841059
0.759999036789  2840138
0.763426065445  2840125
0.76393699646  2831688
0.779318094254  2830651
0.784132957458  2829536
0.784260988235  2820015
0.787826061249  2817882
0.804432153702  2816727
0.808566093445  2812890
0.818346977234  2812528
0.826005935669  2812240
0.829803943634  2808407
0.837459087372  2806684
0.839007139206  2805408
0.841295957565  2803940
0.84293794632  2802682
0.846231937408  2802542
0.848685979843  2780903
0.859709024429  2779373
0.863137960434  2775012
0.865482091904  2772313
0.86638712883  2771907
0.867033004761  2768999
0.869457960129  2741481
0.880973100662  2734473
0.881618022919  2733492
0.881876945496  2731551
0.883026123047  2730103
0.890242099762  2726542
0.902904987335  2725925
0.911442995071  2723851
0.919883012772  2723408
0.929727077484  2719854
0.930238962173  2717141
0.930496931076  2711317
0.93189907074  2708408
0.933424949646  2703300
0.937189102173  2697658
0.93816614151  2697286
0.938291072845  2696604
0.93998503685  2686701
0.947596073151  2684552
0.953148126602  2684371
0.954429149628  2683636
0.959171056747  2682146
0.95930814743  2654246
0.962928056717  2653996
0.972993135452  2638345
0.975919008255  2635734
0.976577997208  2635323
0.982769012451  2635238
0.984668016434  2633763
0.984801054001  2633122
0.988707065582  2625987
0.988950967789  2624825
0.999136924744  2620057
1.00045108795  2619905
1.0064599514  2618668
1.00956392288  2617178
1.01544213295  2613146
1.02270007133  2606091
1.02461099625  2599016
1.02703094482  2596580
1.03303003311  2561540
1.03467798233  2561497
1.04055595398  2555240
1.04286003113  2554728
1.04679703712  2553495
1.04844307899  2550422
1.04951310158  2550353
1.05084395409  2548731
1.05641698837  2540017
1.05777597427  2537571
1.05996108055  2536649
1.07817411423  2535733
1.07895898819  2528927
1.0907330513  2528432
1.09333992004  2526050
1.09720110893  2522578
1.09786200523  2494817
1.09884810448  2489185
1.10095214844  2458723
1.10699105263  2457402
1.10903215408  2450656
1.1109521389  2450469
1.11430692673  2450462
1.11621308327  2450356
1.11728906631  2418919
1.14689612389  2414894
1.15679502487  2411497
1.15987992287  2411315
1.17293405533  2408364
1.18095707893  2406576
1.19087409973  2406415
1.19522309303  2403781
1.21168112755  2403180
1.21376109123  2394274
1.21846199036  2391497
1.22026014328  2390976
1.2268409729  2369784
1.23707008362  2365079
1.24325609207  2364099
1.2485909462  2363101
1.24876093864  2362893
1.25170707703  2360977
1.26303696632  2347243
1.28872013092  2343754
1.29535007477  2343685
1.29984402657  2331725
1.3132610321  2305438
1.31698703766  2291020
1.31777501106  2269094
1.32005810738  2268994
1.33387207985  2268562
1.34260201454  2268272
1.35171794891  2260258
1.35378408432  2250385
1.35711312294  2244222
1.36366510391  2243909
1.36648392677  2240675
1.36699604988  2237513
1.37071204185  2235786
1.37647914886  2229108
1.38070702553  2229067
1.38325214386  2205494
1.39147901535  2203288
1.39986801147  2202418
1.41093301773  2201181
1.41495609283  2200847
1.41585993767  2200588
1.42115306854  2200301
1.42231607437  2200274
1.42531895638  2200200
1.43374300003  2199805
1.44367408752  2195347
1.4450969696  2194694
1.46225905418  2190393
1.48876714706  2189563
1.49734306335  2182839
1.5002310276  2182290
1.5072851181  2182281
1.5207760334  2181774
1.52337813377  2174053
1.5329580307  2174047
1.54002404213  2172456
1.5616941452  2171521
1.56858205795  2169755
1.58700799942  2164126
1.5899181366  2163182
1.6017510891  2161872
1.60757803917  2159621
1.61018514633  2153168
1.61344194412  2149808
1.62528705597  2149329
1.6327650547  2147265
1.63403296471  2144780
1.63416194916  2144275
1.63912010193  2141655
1.64074015617  2121509
1.64357209206  2121426
1.65053510666  2121119
1.65232300758  2121021
1.65986895561  2120443
1.66407799721  2119034
1.67177009583  2117617
1.68411612511  2111226
1.69206213951  2109478
1.73251605034  2109299
1.73784804344  2108754
1.73960995674  2108335
1.77251601219  2106296
1.80369901657  2105096
1.84888315201  2104735
1.85170412064  2104602
1.85432195663  2104022
1.88809204102  2101020
1.89384698868  2100920
1.9039580822  2089323
1.92723202705  2088110
1.93574595451  2087216
1.94377994537  2086446
1.96404409409  2083884
1.96673297882  2081613
1.97215104103  2081406
1.97337007523  2081323
1.98880505562  2079290
1.99020314217  2078558
1.99549794197  2074766
2.00464606285  2072605
2.01175093651  2072354
2.03628611565  2066956
2.05369615555  2066024
2.05817198753  2065007
2.06009912491  2065002
2.07544493675  2064409
2.11891913414  2057474
2.13312005997  2056570
2.13875412941  2054240
2.17899894714  2051137
2.19246006012  2050863
2.19518995285  2050208
2.19713592529  2049412
2.21932196617  2049322
2.22032904625  2049239
2.23741412163  2048613
2.26041793823  2045533
2.27000713348  2045139
2.27471899986  2041990
2.27645111084  2041888
2.27764391899  2040961
2.2839910984  2040181
2.3037519455  2036986
2.30557012558  2035053
2.31402397156  2032621
2.31773710251  2028222
2.32269310951  2027884
2.33654999733  2026739
2.34188103676  2022094
2.3422369957  2020586
2.34734892845  2019936
2.34882307053  2019815
2.37063407898  2018799
2.38395905495  2018180
2.39841914177  2017916
2.41022610664  2017669
2.42357897758  2017219
2.42599391937  2016158
2.43357992172  2016047
2.45531010628  2012812
2.46335196495  2012723
2.46857213974  2011818
2.49289512634  2009931
2.4964261055  2006782
2.50444793701  2005808
2.50581002235  2004550
2.51694011688  2003269
2.52003407478  2003041
2.52553296089  2001902
2.54397797585  2001789
2.55173802376  2001696
2.55500411987  2000557
2.55835199356  1999441
2.55924606323  1998069
2.57300114632  1997943
2.58941197395  1996719
2.61072802544  1996331
2.6171131134  1986648
2.62796807289  1986282
2.62958192825  1986204
2.64241814613  1984572
2.65262794495  1983796
2.66312408447  1983268
2.6728451252  1982985
2.67958712578  1975261
2.7186820507  1974421
2.73954606056  1973435
2.75046396255  1972851
2.78301596642  1972122
2.8039419651  1971660
2.80916500092  1967407
2.83234715462  1966802
2.84138703346  1966739
2.88720107079  1965262
2.9019100666  1960096
2.96561193466  1959518
2.97726893425  1959437
2.98457407951  1959275
2.99183797836  1958112
3.00587105751  1958067
3.02086400986  1957673
3.03022003174  1957541
3.03675198555  1957421
3.04189801216  1956682
3.05489301682  1956545
3.05981206894  1954910
3.09683203697  1954005
3.10135293007  1952864
3.13524508476  1952184
7.40406894684  1950508
7.41561293602  1948568
7.42873692513  1946269
7.43833303452  1945602
7.45612406731  1945502
7.46017193794  1945293
7.46032500267  1940388
7.50169706345  1939812
7.50777006149  1937136
7.53706407547  1935559
7.54482412338  1934619
7.55876493454  1934565
7.56585502625  1934518
7.58476114273  1934445
7.59715104103  1934073
7.6002869606  1930738
7.62064909935  1930058
7.64390397072  1929437
7.65987610817  1927074
7.6728579998  1926720
7.69794511795  1922533
7.71346712112  1920068
7.7138800621  1920038
7.71494293213  1900271
7.73366999626  1900224
7.74555301666  1900013
7.76343894005  1899772
7.79489803314  1898453
7.83001494408  1886774
7.89401912689  1886488
7.94509911537  1884808
7.9643881321  1883684
8.00457501411  1882969
8.06826400757  1881963
8.10004591942  1881650
8.11428713799  1881639
8.1207151413  1881579
8.15710806847  1880920
8.16393613815  1880880
8.2077960968  1867758
8.22783613205  1867586
8.27597498894  1867458
8.29834914207  1866770
8.32285904884  1866226
8.38731408119  1864413
8.41757297516  1863991
8.42130708694  1863683
8.42678594589  1863200
8.44942712784  1863180
8.46280694008  1862147
8.48838615417  1861592
8.49549603462  1860206
8.51673698425  1859167
8.54941797256  1859069
8.55264806747  1857814
8.5739300251  1854994
8.5853741169  1854433
8.58845615387  1853746
8.58968901634  1852898
8.61415195465  1851370
8.63789701462  1850982
8.69222712517  1848909
8.70673012733  1848351
8.77210998535  1848044
8.82909107208  1847113
8.90296792984  1845908
8.92083215714  1842199
8.97148895264  1841845
8.99715304375  1841347
9.01031112671  1841281
9.047976017  1841072
27.327121973  1837011
27.3432559967  1833944
27.3496739864  1832489
27.3655910492  1831644
27.3688571453  1831365
27.3989639282  1831320
27.4175541401  1830890
27.4248440266  1828728
27.4295041561  1828666
27.4476010799  1824742
27.4526031017  1823571
27.4650199413  1819518
27.4727261066  1819052
27.4979150295  1816107
30.2701931  1800943
30.2750411034  1800094
30.3046131134  1799472
30.30605793  1799397
30.3328659534  1798231
30.3379950523  1796680
30.3383879662  1795870
30.3447060585  1795265
30.3520059586  1794545
30.3591041565  1794412
30.3692369461  1793427
30.3915441036  1791806
30.4284629822  1790712
30.4341380596  1790272
30.434399128  1789410
30.4378049374  1781505
30.4452550411  1780723
30.4618060589  1779134
30.4740469456  1778418
30.4967889786  1777374
30.5378680229  1776995
30.5876419544  1776906
30.5879249573  1776737
30.64884305  1776388
30.6823320389  1775336
30.6912460327  1774802
30.7005269527  1774222
30.7244179249  1773609
30.7287840843  1772687
30.7746169567  1772486
30.7927570343  1771517
30.8128049374  1771147
30.815267086  1770637
30.8740060329  1770043
30.8822159767  1770020
30.8869459629  1769714
30.9044411182  1768594
30.9624090195  1768078
30.9791369438  1767975
31.0051281452  1766563
31.0085310936  1766292
31.0107729435  1766223
31.050688982  1765990
31.0621240139  1765742
31.0622620583  1765107
31.0881159306  1764874
31.0930831432  1764548
52.4119780064  1757996
52.4532361031  1754831
52.500041008  1754623
71.2875721455  1753014
89.845813036  1752840
89.8572671413  1751544
89.8577930927  1746004
89.8742470741  1745332
89.8805530071  1744663
89.906124115  1742723
89.9195859432  1742333
89.9200999737  1742271
89.9250650406  1740737
89.9682409763  1738995
89.9786880016  1738716
89.9963841438  1737948
90.010931015  1737508
90.029307127  1735881
90.0338921547  1733597
90.0665850639  1733338
90.0779020786  1733048
90.0820491314  1732938
90.1063399315  1731872
90.1296870708  1730628
90.1344771385  1730329
90.17217803  1730152
90.2247359753  1729131
90.2339820862  1728885
90.2347130775  1718381
90.2802619934  1718265
90.284224987  1715431
90.3185620308  1712976
90.3243739605  1706713
90.3349261284  1704984
90.3556070328  1702298
90.3901660442  1695029
