0.0417869091034  6801739
0.0421488285065  6785238
0.0423078536987  6775011
0.0426788330078  6764619
0.0435969829559  6764175
0.0439670085907  6763005
0.0441038608551  6756378
0.0443179607391  6755012
0.044998884201  6752065
0.045135974884  6750806
0.0453510284424  6747259
0.0463869571686  6742577
0.046600818634  6712034
0.0467369556427  6709130
0.0478868484497  6696952
0.0480999946594  6693713
0.0493278503418  6685032
0.0494639873505  6681560
0.0518038272858  6672203
0.0519399642944  6664345
0.0528440475464  6659723
0.0576109886169  6653817
0.0578238964081  6650837
0.0581560134888  6647119
0.0632898807526  6643958
0.0634570121765  6643367
0.0638098716736  6636483
0.0639758110046  6636206
0.0647089481354  6606192
0.0650629997253  6603305
0.0652279853821  6599616
0.065682888031  6597933
0.0666060447693  6594156
0.0667560100555  6583495
0.0671679973602  6574409
0.0680818557739  6571685
0.0682179927826  6570183
0.0692319869995  6565367
0.0693688392639  6557981
0.071142911911  6556173
0.0718238353729  6551516
0.075493812561  6548359
0.075630903244  6525149
0.0795338153839  6508989
0.0796709060669  6508627
0.0799629688263  6500510
0.0843968391418  6498545
0.0845348834991  6496062
0.0847480297089  6481945
0.0862119197845  6481216
0.0865828990936  6478278
0.0879669189453  6468224
0.0881028175354  6455048
0.0883159637451  6448191
0.0887620449066  6421934
0.0932550430298  6420575
0.0933918952942  6412277
0.0986468791962  6407548
0.0989379882812  6407033
0.0993089675903  6404650
0.102187871933  6399488
0.102324962616  6398735
0.107529878616  6398537
0.107666969299  6396420
0.107957839966  6396242
0.108094930649  6396005
0.108618974686  6391731
0.108988046646  6389093
0.109123945236  6387383
0.110036849976  6383583
0.110482931137  6381044
0.11062002182  6378313
0.111611843109  6377922
0.111747980118  6375621
0.11234998703  6375323
0.113343954086  6375174
0.114413976669  6374481
0.116500854492  6365932
0.121913909912  6361304
0.122051954269  6359551
0.127707004547  6358279
0.127842903137  6347037
0.128057003021  6321301
0.129047870636  6319771
0.129727840424  6316916
0.135507822037  6315141
0.13564491272  6313844
0.141654014587  6313687
0.142748832703  6312118
0.143041849136  6301678
0.143178939819  6300676
0.144014835358  6293223
0.14999294281  6286788
0.15620303154  6283993
0.156572818756  6280996
0.156708955765  6280808
0.15692281723  6275698
0.16314291954  6271778
0.163591861725  6269330
0.163727998734  6212419
0.164017915726  6211990
0.170341014862  6208913
0.170709848404  6204349
0.170845985413  6196577
0.174013853073  6194430
0.176218986511  6194046
0.176354885101  6193087
0.176568984985  6189090
0.178501844406  6184996
0.181404829025  6182165
0.187728881836  6181141
0.194962024689  6177321
0.195488929749  6166109
0.195703029633  6144459
0.198026895523  6143073
0.198241949081  6139959
0.199699878693  6137936
0.207223892212  6131457
0.207360982895  6129716
0.207653045654  6129312
0.208021879196  6128984
0.208156824112  6126714
0.215764045715  6125880
0.215899944305  6117349
0.223812818527  6113533
0.224104881287  6113350
0.224318981171  6108234
0.224766016006  6106889
0.224901914597  6104894
0.23304104805  6100504
0.23325586319  6095526
0.241753816605  6090627
0.241968870163  6079362
0.242259979248  6075607
0.242396831512  5998749
0.243391990662  5993658
0.243916988373  5993005
0.244518995285  5992541
0.253911972046  5987699
0.254047870636  5973092
0.25426197052  5956434
0.255097866058  5956236
0.25554394722  5953918
0.255758047104  5950133
0.258872032166  5945074
0.259241819382  5938142
0.25969004631  5932170
0.259824991226  5913005
0.2611348629  5912748
0.261891841888  5908251
0.26437497139  5905420
0.264588832855  5902747
0.264880895615  5899184
0.274802923203  5894898
0.27786397934  5889660
0.279644012451  5885112
0.279935836792  5800270
0.290190935135  5795497
0.290405035019  5794087
0.29069685936  5791529
0.290910005569  5788408
0.291044950485  5788397
0.291414022446  5786555
0.301743984222  5784873
0.30188202858  5771756
0.312211036682  5770359
0.323247909546  5767559
0.335705041885  5766968
0.336074829102  5764230
0.336521863937  5760507
0.336683988571  5756178
0.337208986282  5752553
0.337833881378  5751734
0.337970018387  5740757
0.338649988174  5740269
0.338785886765  5738361
0.340011835098  5737683
0.340845823288  5731246
0.348351955414  5729922
0.348721981049  5728904
0.349169015884  5727871
0.350082874298  5726223
0.350240945816  5725809
0.350453853607  5695706
0.35128903389  5695322
0.351658821106  5692929
0.3543009758  5692312
0.354671001434  5681233
0.354806900024  5680329
0.355331897736  5679984
0.356012821198  5678020
0.358732938766  5676370
0.365932941437  5675697
0.366381883621  5674490
0.366907835007  5632694
0.367043018341  5627280
0.368113994598  5625708
0.368248939514  5622193
0.380676984787  5619296
0.393960952759  5616566
0.394098043442  5612257
0.394544839859  5608374
0.394758939743  5608150
0.395128011703  5604733
0.395807027817  5603904
0.396097898483  5601448
0.396311044693  5598646
0.396911859512  5598134
0.397047042847  5595305
0.397337913513  5592459
0.397552013397  5591655
0.39799785614  5559454
0.398676872253  5556205
0.399510860443  5555962
0.413337945938  5554222
0.413707971573  5545768
0.414858818054  5541923
0.414994955063  5536334
0.415598869324  5536331
0.415812015533  5530458
0.416180849075  5526028
0.416316986084  5526020
0.416529893875  5492345
0.416898965836  5491726
0.417578935623  5481211
0.431461811066  5480907
0.431598901749  5478665
0.446491003036  5478507
0.446707010269  5475970
0.446842908859  5471127
0.447058916092  5470359
0.447350978851  5469797
0.44772195816  5459035
0.448559999466  5457635
0.4488530159  5456184
0.448989868164  5453432
0.449514865875  5445045
0.45037484169  5438341
0.451367855072  5435456
0.468235969543  5433039
0.46838593483  5404703
0.468607902527  5402097
0.468749046326  5398490
0.469209909439  5380163
0.469990968704  5351275
0.470131874084  5328615
0.470592021942  5326608
0.470842838287  5299026
0.471830844879  5289158
0.472007036209  5283524
0.473819971085  5277913
0.475001811981  5274534
0.475373029709  5259224
0.476234912872  5249867
0.476400852203  5247356
0.499440908432  5246003
0.499588012695  5237460
0.50005698204  5229592
0.500213861465  5225011
0.501094818115  5224080
0.502238988876  5220530
0.502379894257  5204316
0.503675937653  5203153
0.52127289772  5202462
0.521643877029  5193874
0.522562026978  5192062
0.522697925568  5155498
0.523242950439  5151639
0.523411035538  5130403
0.523880004883  5125296
0.524016857147  5119103
0.524230957031  5109042
0.524835824966  5106516
0.526846885681  5091060
0.527451038361  5088902
0.528213024139  5088743
0.528349876404  5087221
0.529266834259  5086153
0.529402971268  5084723
0.529618024826  5082690
0.531004905701  5081870
0.548626899719  5080433
0.567669868469  5079871
0.586625814438  5070121
0.60657787323  5066197
0.628252029419  5066135
0.647806882858  5066054
0.667687892914  5063520
0.694985866547  5062621
0.733146905899  5062386
0.773344993591  5061112
0.811203956604  5059749
0.853421926498  5059689
0.89168381691  5057839
0.929314851761  5055841
0.968472957611  5055451
1.00722885132  5051577
1.05046081543  5050872
1.10747981071  5048888
1.16748189926  5048144
1.22428894043  5047800
1.28594684601  5047026
1.36773395538  5044591
1.45877790451  5042142
1.55047392845  5040699
1.65249896049  5035777
1.74378800392  5035319
1.83224081993  5034284
1.95116901398  5032808
2.07171487808  5032477
2.14537501335  5032157
2.21435189247  5031996
2.28326892853  5031575
2.34996891022  5026396
2.40595793724  5026118
2.4623799324  5025426
2.53020095825  5025109
2.58699703217  4991504
2.6430439949  4991436
2.69913482666  4991331
2.77445101738  4985922
2.8677508831  4984287
2.93380784988  4984001
3.05057883263  4983389
3.16817188263  4975666
3.24191093445  4975368
3.35139298439  4972069
3.45289182663  4965410
3.51232981682  4965062
3.61245083809  4951734
3.71233892441  4944528
3.8077609539  4942782
3.87260484695  4942298
4.00135684013  4940654
4.07497382164  4940354
4.1924738884  4938659
4.3058848381  4938524
4.42333197594  4938188
4.51741981506  4933631
4.58410000801  4933442
4.68460297585  4933438
4.79898190498  4926913
4.86900091171  4926613
4.98880290985  4923947
5.11434698105  4921865
5.23341393471  4917286
5.34518885612  4916521
5.44495797157  4912676
5.54674100876  4911194
5.60331296921  4911075
5.7055439949  4910837
5.76155495644  4910510
5.86114192009  4907989
5.8987019062  4907924
6.00700688362  4907375
6.0293879509  4904679
6.02953386307  4904010
6.03039097786  4903622
6.03993201256  4903268
6.04023098946  4899580
6.04062795639  4891028
6.04145288467  4889945
6.04173898697  4889187
6.0419049263  4887792
6.04225683212  4865749
6.04280090332  4863849
6.04462790489  4861473
6.04503488541  4858647
6.06169486046  4857459
6.06358504295  4857402
6.06617093086  4855464
6.06782603264  4854693
6.06936001778  4847152
6.0912938118  4842709
6.11090493202  4842685
6.11378598213  4841658
6.11412286758  4840000
6.11574888229  4832743
6.14150595665  4831350
6.17263889313  4830970
6.19965291023  4827523
6.2218208313  4822834
6.24829387665  4820283
6.27200293541  4727619
6.29620289803  4724097
6.31756401062  4721986
6.34632396698  4720839
6.37007188797  4646005
6.38969993591  4640597
6.41019392014  4639080
6.43482899666  4626077
6.46233701706  4626012
6.49326491356  4623769
6.51999902725  4621198
6.54627490044  4601735
6.56812381744  4600584
6.59118103981  4597032
6.61496281624  4592658
6.64208698273  4592121
6.66802191734  4580763
6.69233298302  4490614
6.72903704643  4488928
6.7509329319  4488877
6.77550292015  4488578
6.79784703255  4487847
6.81755781174  4487695
6.83669495583  4485698
6.85595798492  4484539
6.87559294701  4484040
6.91240692139  4484015
6.92254900932  4483351
6.92268586159  4446410
6.93256902695  4442989
6.93309593201  4441368
6.93331098557  4440061
6.933604002  4434984
6.93514800072  4427422
6.93528604507  4427123
6.93565702438  4424967
6.94676399231  4424538
6.95212483406  4424350
6.95540785789  4424109
6.95601296425  4423071
6.95708584785  4416900
6.95729994774  4414364
6.9575920105  4407145
6.95803904533  4404915
6.95817494392  4403202
6.95838904381  4399804
6.95907187462  4380416
6.9592859745  4376189
6.9609079361  4373533
6.96104383469  4368369
6.9612569809  4356034
6.96154785156  4341844
6.96191692352  4331196
6.96205186844  4329309
6.96267700195  4303221
6.96281385422  4302693
6.96318387985  4297310
6.96339797974  4297178
6.96763300896  4291740
6.98356604576  4288282
7.02679896355  4286695
7.08331489563  4286100
7.1415579319  4284785
7.20217490196  4284568
7.26078987122  4283381
7.32193684578  4280470
7.38370895386  4279304
7.44517397881  4278715
7.50149798393  4277153
7.57672381401  4273454
7.65719103813  4270233
7.74070692062  4270013
7.81507897377  4269874
7.88959097862  4269726
7.96774697304  4269244
8.04250693321  4267767
8.11839699745  4266542
8.15560293198  4266468
8.1933658123  4265882
8.24638986588  4265318
8.28444600105  4263751
8.33742785454  4263480
8.42008781433  4262043
8.48438191414  4261903
8.55397891998  4261055
8.61398100853  4260415
8.67118000984  4254957
8.72759795189  4254608
8.78380489349  4252066
8.84038591385  4251011
8.90049886703  4250858
8.95653486252  4248917
9.04542899132  4248839
9.12106394768  4248378
9.19836902618  4247239
9.27625203133  4246103
9.36936688423  4239599
9.42556190491  4239405
9.52053403854  4239348
9.61361598969  4238832
9.70724797249  4238126
9.76337385178  4237532
9.85663795471  4230329
9.97078204155  4230004
10.0839719772  4228992
10.1507999897  4227951
10.2552628517  4227831
10.3755090237  4226429
10.4746408463  4224806
10.5726809502  4223567
10.6894509792  4165433
10.7625658512  4164754
10.8801548481  4153766
10.9506118298  4151846
11.0563879013  4151725
11.1677830219  4149200
11.2857599258  4146648
11.3920259476  4145813
11.4938249588  4145679
11.60374403  4145261
11.7026000023  4126447
11.8068659306  4126032
11.9133079052  4125038
12.0188429356  4123182
12.1250038147  4118577
12.2246069908  4118511
12.3208398819  4117161
12.4479260445  4116614
12.5714528561  4116180
12.6738698483  4113642
12.7726898193  4113340
12.8873310089  4112289
13.0031960011  4111862
13.1227238178  4111849
13.2372019291  4111024
13.3452529907  4111000
13.4596140385  4110010
13.5718169212  4109768
13.6715788841  4109154
13.8496069908  4106422
14.0141530037  4106357
14.1683340073  4105163
14.3385128975  4104675
14.5063948631  4102352
14.7110738754  4102044
14.9179608822  4101177
15.1163890362  4101025
15.3455898762  4100814
15.5118458271  4093081
15.6792109013  4092695
15.8458018303  4081839
16.0223009586  4081707
16.1900138855  4080510
16.3674650192  4080362
16.5422699451  4080117
16.7198159695  4079731
16.8912148476  4079659
17.0575778484  4078428
17.2238869667  4078125
17.3904368877  4076773
17.5665898323  4076512
17.7440600395  4074780
17.9460999966  4074365
18.1120710373  4074203
18.3434419632  4073708
18.5676779747  4073560
18.8011260033  4072836
19.0212090015  4072272
19.2416620255  4069655
19.4675199986  4068642
19.6977479458  4066442
19.9172379971  4066388
20.1375939846  4066169
20.3595559597  4063646
20.5873889923  4062905
20.8081068993  4062432
21.037473917  4061372
21.260062933  4061276
21.4803879261  4061186
21.7001838684  3945633
21.9198210239  3942780
22.1405658722  3939130
22.3681669235  3938440
22.5899128914  3933526
22.6467728615  3932185
22.7147498131  3931096
22.7710068226  3929303
22.8271720409  3929058
22.8955588341  3926122
22.9519150257  3925877
23.0498569012  3925566
23.1810088158  3919281
23.2393019199  3917985
23.3155059814  3917973
23.3907999992  3916481
23.484498024  3916294
23.5782840252  3915818
23.6715629101  3915431
23.8376939297  3915133
24.0039198399  3914884
24.1702268124  3914029
24.4355130196  3913463
24.6300058365  3913097
24.8343098164  3909537
24.835146904  3909205
24.8352839947  3909036
24.8463158607  3908950
24.846765995  3904496
24.8471348286  3890578
24.8472728729  3829816
24.8512458801  3824279
24.852241993  3737600
24.8523778915  3737219
24.8543958664  3734681
24.854998827  3733733
24.8568758965  3733649
24.8571679592  3733361
24.8580839634  3731091
24.8582208157  3727525
24.8593709469  3727247
24.8616979122  3724219
24.8647859097  3720796
24.8750629425  3720697
24.8752779961  3719854
24.8755698204  3711974
24.8857009411  3711810
24.9039618969  3711642
24.9040989876  3709764
24.9117870331  3705555
25.0776598454  3704976
25.2794220448  3704064
25.5520339012  3703603
25.8905279636  3703124
26.2154359818  3702332
26.5653338432  3702132
26.9073638916  3702050
27.2494819164  3701115
27.5996158123  3701018
27.9420540333  3700909
28.1444718838  3700568
28.3727388382  3700441
28.5834000111  3700215
28.7856078148  3699876
29.1184799671  3697471
29.5153148174  3697438
29.9112739563  3696881
30.3388409615  3696779
30.773460865  3696582
31.2087039948  3696067
31.6019120216  3695907
32.0293610096  3694668
32.0869369507  3694663
32.1430549622  3694339
32.1999619007  3694026
32.6437079906  3693326
33.1000788212  3687754
33.6121819019  3683099
34.1264669895  3681113
34.6391010284  3656961
34.6599669456  3656440
34.6788909435  3656432
34.7736129761  3654474
34.9046738148  3649938
35.1781489849  3649811
35.3986299038  3649295
35.5838489532  3649166
35.7867219448  3648943
36.0268278122  3647330
36.2644519806  3645860
36.7411420345  3645692
37.2544748783  3615624
37.6837389469  3615485
38.109774828  3615410
38.6240689754  3608510
39.1369538307  3565948
39.6539540291  3553463
40.1697490215  3533151
40.5982158184  3532091
41.062278986  3530993
41.5448980331  3530772
42.0546970367  3530540
42.5656058788  3529398
43.1565139294  3529162
43.7269718647  3528736
44.300344944  3528725
44.8605458736  3528721
45.4068288803  3528703
46.0295789242  3527735
46.6414048672  3487400
46.881278038  3487123
47.120251894  3486860
47.3568599224  3485822
47.810256958  3484593
48.4249768257  3405736
48.8758318424  3405358
49.3751118183  3405355
49.8731019497  3405019
50.4346690178  3404821
51.0524008274  3401098
51.6161940098  3400648
52.1953539848  3400569
52.8089230061  3387527
53.427022934  3377630
53.4484629631  3377393
53.4672880173  3377381
53.4861798286  3377134
53.5171768665  3376297
53.5544638634  3374052
53.5918669701  3373936
53.6290228367  3373862
53.6661159992  3373395
53.7398769855  3373209
53.7959859371  3371255
53.8148379326  3370997
53.851872921  3370987
53.8889038563  3370855
53.9635100365  3368845
54.0382649899  3366821
54.1139998436  3365112
54.1891880035  3364443
54.2641429901  3363144
54.3386590481  3361442
54.4159119129  3358061
54.5078828335  3357672
54.5842359066  3355768
54.584528923  3355132
54.5847430229  3354797
54.6032168865  3354679
54.6214258671  3349731
54.6409380436  3337951
54.6598520279  3335787
54.6880810261  3334593
54.7255568504  3333710
54.8008298874  3330769
54.8753368855  3330525
54.9510748386  3324918
55.0259318352  3324059
55.1008188725  3321029
55.1775410175  3316373
55.2538568974  3304157
55.3288428783  3302635
55.4035749435  3300096
55.4781618118  3299953
55.5548818111  3298537
55.629513979  3290036
55.7040338516  3289139
55.7812449932  3284662
55.856844902  3283574
55.9314880371  3283442
56.0062458515  3281243
56.0825219154  3276650
56.175593853  3274087
56.3236420155  3273563
56.4712998867  3273283
56.6192538738  3272031
56.7669889927  3270044
56.9145929813  3269238
57.0625898838  3264778
57.2101979256  3264577
57.3758449554  3263928
57.5234148502  3263811
57.6716368198  3263778
57.8202159405  3261760
57.9689459801  3261442
58.1170220375  3260820
58.3193449974  3259986
58.5211238861  3259121
58.7231218815  3258590
58.9356648922  3258271
59.1375570297  3257833
59.3799569607  3256675
59.6882779598  3255842
59.8997519016  3255469
60.1089599133  3254169
60.3155648708  3254033
60.5232658386  3247947
60.7313959599  3247447
60.9431779385  3246270
61.2916939259  3245007
61.6574549675  3244402
62.0826230049  3243581
62.5191600323  3242112
62.9644420147  3240518
63.3920669556  3231682
63.8271298409  3223820
64.2536468506  3223700
64.3298749924  3216255
64.410517931  3213635
64.4872479439  3206294
64.5638749599  3206274
64.6384978294  3206209
64.7130389214  3205499
64.7877378464  3205344
64.864882946  3194725
64.9394068718  3192975
65.021791935  3191431
65.0962159634  3190474
65.1717739105  3190117
65.2462198734  3177657
65.3207919598  3175356
65.3954629898  3160819
65.4711019993  3158017
65.5533599854  3157892
65.6373419762  3155676
65.6563489437  3155376
65.6751449108  3155368
65.694216013  3154206
65.7320849895  3153699
65.7511148453  3153599
65.770004034  3153515
65.9086079597  3152381
66.082723856  3151550
66.2685918808  3149129
66.4650130272  3146349
66.6171798706  3143844
67.3347170353  3141412
68.0533108711  3140337
68.7676069736  3139932
69.5040168762  3139779
70.2187449932  3138418
70.9340758324  3109882
71.6555879116  3109873
72.3789839745  3108142
73.1154158115  3107767
73.8436689377  3107169
74.5848169327  3100925
75.3282539845  3100866
76.062297821  3100338
76.7959389687  3095510
77.5289049149  3095337
78.2624509335  3095111
79.0117180347  3094590
79.7776758671  3094555
80.5425870419  3094223
81.2811419964  3094120
82.0516970158  3093687
82.8354678154  3093014
83.6181390285  3092789
84.4105849266  3079575
85.2009840012  3079001
86.0062398911  3078779
86.8126449585  3075623
87.5729939938  3075051
88.4070389271  3072692
89.2155928612  3072628
90.069092989  3071147
90.933825016  3071097
91.8079118729  3067361
92.6995708942  3064100
93.5722470284  3063931
94.3423030376  3063286
94.8640449047  3063201
95.4237928391  3061473
95.9815018177  3061318
96.5746328831  3061021
97.1196470261  3060878
97.8809769154  3060345
98.6970589161  3059533
99.5182549953  3059257
100.077325821  3058584
100.676300049  3057447
101.270050049  3056601
101.868448973  3056402
102.470016956  3056009
103.035004854  3055916
103.63745904  3055595
104.201334953  3054765
104.797693968  3054479
105.402868986  3052707
106.002490997  3052225
106.567239046  3052155
107.16427803  3051412
107.762946844  3049308
108.632838011  3048312
109.572757959  3048221
110.507017851  3046841
111.429198027  3046563
112.352010012  3046460
113.286793947  3044626
114.117784977  3044599
114.953133821  3044298
115.858348846  3043913
116.761271  3043527
117.653097868  3042894
118.545280933  3042559
119.454243898  3041070
120.36616683  3040490
121.275961876  3039670
121.836693048  3039177
122.394800901  3038277
122.953759909  3037747
123.727921963  3037671
124.514745951  3037638
125.091482878  3037250
125.68844986  3035920
126.278985977  3035219
126.888190985  3033829
127.516238928  3033672
128.144073009  3033627
128.768479824  3032363
129.410951853  3024182
130.049589872  3022724
130.692597866  3022259
131.339946985  3021702
132.001116037  3021335
132.660269022  3020124
133.322413921  3017263
133.987812042  3013414
134.615414858  3012406
135.250752926  3012361
135.879389048  3010795
136.530795813  3010158
137.176554918  3010132
137.821981907  3008903
138.481449842  3003831
139.158902884  2997496
139.836494923  2997333
140.51009202  2997251
141.184804916  2932116
141.832887888  2931469
142.501271963  2931447
143.173305035  2931342
143.864253998  2930986
144.587822914  2928563
145.309834003  2860442
146.027017832  2846923
146.195823908  2846835
146.345582962  2846154
146.549471855  2845807
146.753567934  2845769
146.955724955  2844163
147.15802598  2843668
147.360230923  2843422
147.563019991  2843347
147.766552925  2842903
147.982931852  2842035
148.143157959  2841897
148.362717867  2839966
148.62337184  2839657
148.868155956  2839470
149.159307957  2819181
149.449344873  2819155
149.705770016  2819135
149.853965044  2818256
150.073638916  2817644
150.398371935  2816970
150.72339201  2775001
151.050779819  2762581
151.199174881  2759179
151.346788883  2758933
151.494596004  2757614
151.642487049  2756384
151.803930044  2755041
151.982316971  2754937
152.196485043  2754749
152.50057292  2754203
152.822253942  2753539
153.296644926  2753241
153.80665493  2752975
154.366035938  2752642
155.035188913  2752638
155.716464996  2752025
156.287761927  2751039
157.144867897  2740864
158.001226902  2739625
158.852365017  2739189
159.703452826  2734729
160.56280899  2733768
161.414134026  2729829
162.26351285  2724006
163.120883942  2718917
163.973476887  2712880
164.828542948  2706078
165.692183971  2705763
166.555079937  2704040
167.408823013  2699862
168.264042854  2698280
169.118830919  2697820
169.976308823  2696356
170.828193903  2691665
171.683444023  2685325
172.539201975  2684907
173.394897938  2684669
174.25275588  2666290
175.11432004  2664720
175.995746851  2652890
176.862747908  2651638
177.727828979  2650486
178.602151871  2649979
179.547070026  2649853
180.482093811  2647709
181.436560869  2644256
182.384505987  2629578
183.328415871  2627678
184.279078007  2627427
185.167075872  2626570
186.054888964  2626136
187.002902985  2623956
187.954705954  2621893
188.899871826  2621418
189.853787899  2612256
190.735623837  2608198
191.649536848  2605194
192.620079994  2604958
193.835304976  2595952
194.998266935  2594249
196.252987862  2503065
197.454753876  2501207
197.461174965  2500380
197.461311817  2498704
197.467689037  2496680
197.900595903  2496200
198.343251944  2495544
198.787611008  2495169
199.249040842  2495059
199.713960886  2494890
200.196228027  2493871
200.695338011  2493859
201.205431938  2493714
201.748524904  2493683
202.304163933  2491428
202.863656998  2491215
203.424302816  2490803
203.977494955  2490030
204.568250895  2483689
205.166606903  2482419
205.772022963  2482389
206.405578852  2480888
207.037417889  2480864
207.660840034  2458083
208.285584927  2408002
208.910435915  2405785
209.545830011  2387304
210.175379038  2379659
210.810822964  2352421
210.832361937  2352284
210.851513863  2352247
210.870652914  2352162
210.890269041  2351856
210.927438974  2349648
210.964901924  2348734
211.096019983  2348345
211.282209873  2347361
211.432540894  2347080
211.617805004  2346755
211.805227995  2346478
212.027876854  2346430
212.303938866  2346400
212.607600927  2346001
212.824065924  2345185
213.390071869  2344647
213.910534859  2344348
214.422108889  2343036
214.965553999  2342760
215.525250912  2342500
216.147151947  2341504
216.782438993  2339905
217.76849699  2339811
218.734668016  2339383
218.943183899  2339219
219.168916941  2338986
219.388799906  2338973
220.448232889  2338257
221.557214975  2337997
222.669519901  2337846
223.766167879  2337484
224.874560833  2337285
225.973402977  2337262
227.071475983  2336124
228.186853886  2335832
229.302848816  2335825
230.421524048  2335587
231.536240816  2335241
232.678052902  2333969
232.905145884  2333957
233.149324894  2333445
234.271330833  2332970
235.399063826  2332938
236.555099964  2332021
237.743682861  2331940
238.989692926  2331745
240.232417822  2331587
241.498423815  2331542
242.960837841  2330540
244.428104877  2272794
245.90830183  2233641
247.365435839  2233640
248.838346958  2166021
250.313702822  2140982
251.784612894  2140038
253.272783041  2140030
254.741590023  2139574
256.209300041  2125482
257.679284811  2124927
259.146179914  2124790
260.606978893  2121644
262.053638935  2121084
263.516850948  2121044
264.982872009  2115835
266.465934992  2112886
267.937932968  2067427
269.394049883  2067341
270.866281033  1988598
272.3194139  1987645
273.790766001  1987589
275.265782833  1979498
276.7432549  1965048
278.215875864  1964976
279.689757824  1949186
281.173122883  1885446
282.640941858  1885318
284.129890919  1880736
285.603629827  1878725
287.056318045  1877907
288.526619911  1830717
290.027861834  1824822
291.506772995  1824593
292.999115944  1769243
294.462154865  1768761
295.958154917  1764910
297.443142891  1750145
298.923126936  1749374
300.41671896  1746930
301.905341864  1738850
303.385107994  1719677
304.865336895  1719191
306.353255033  1718371
307.866219997  1703277
309.396528959  1679886
310.914938927  1675982
312.44489789  1673868
313.936661005  1671017
315.395447969  1670260
316.874255896  1669748
318.369913816  1666331
319.867544889  1632958
321.372849941  1630218
322.869753838  1629323
324.374294996  1580882
325.880966902  1580470
327.388594866  1564029
328.897346973  1560413
330.404165983  1559581
331.918251991  1559409
333.424407005  1512605
334.93252492  1504955
336.440502882  1504632
337.981317997  1504598
339.51363492  1469711
341.045258999  1467403
342.569917917  1466839
344.095726013  1459701
345.626921892  1457176
347.166296959  1456991
348.70041585  1432716
350.237009048  1426264
351.774482965  1425625
353.320622921  1425596
354.863752842  1399406
356.400597811  1398657
357.939458847  1398050
359.487515926  1384823
361.025354862  1384351
362.564823866  1382417
364.103796005  1381840
365.642765045  1370405
367.185789824  1338510
368.73527503  1338221
370.28994298  1338115
371.832664967  1337653
373.380275965  1337491
374.943459988  1323296
376.660492897  1311166
378.371311903  1290304
380.079542875  1268636
381.818022966  1255883
383.589952946  1250826
385.338297844  1250022
387.094030857  1235933
388.864106894  1226387
390.615298986  1215892
392.372718811  1206653
394.143502951  1205750
395.897296906  1194745
397.657953978  1190377
399.409425974  1189857
401.173113823  1180424
402.941865921  1180396
404.700829029  1161613
406.461573839  1159465
408.218053818  1155560
409.994099855  1132380
411.766465902  1125114
413.537386894  1092887
415.311327934  1092404
417.083204031  1088577
418.844935894  1083448
420.606178999  1081005
422.370592833  1078380
424.116518974  1071854
425.896018982  1066062
427.679919958  1056938
429.45152688  1047681
431.228574038  1037377
433.010767937  1028155
434.788195848  1027668
436.558979988  1021368
438.3336339  1016635
440.118499041  1013226
441.902330875  1006063
443.707363844  1001006
445.515775919  989474
447.325616837  951836
449.126770973  951345
450.924772024  950449
452.724431992  950024
454.527469873  948880
456.431298018  948535
458.341292858  946855
460.248750925  946728
462.148624897  946082
464.049890041  946031
465.962721825  942017
467.882027864  936498
469.786720037  932793
471.690778017  929694
473.603843927  929179
475.531401873  929173
477.450667858  928790
479.373476028  926735
481.298337936  925763
483.225687981  924030
485.157825947  918533
487.090610027  918447
489.016849041  915357
490.952138901  913647
492.866080046  913539
494.787004948  912551
496.704463005  911203
498.615888834  910821
500.54498601  907828
502.483021021  905868
504.419250965  905035
506.391713858  904159
508.334553957  901541
510.297987938  901261
512.256000996  900581
514.220918894  882790
516.190572023  882650
518.135268927  882013
520.058221817  881568
521.975538969  881565
523.890964985  881430
525.818593979  880963
527.741132975  880256
529.659607887  878712
531.583319902  877793
533.508677006  877678
535.432662964  877190
537.356982946  877002
539.273324966  876923
541.204658985  876360
543.160846949  876196
545.132769823  875731
547.089916945  875704
549.043958902  875679
551.004374027  865150
552.976274967  865059
554.952505827  864258
556.924980879  855280
558.886585951  854999
560.850580931  854998
562.809121847  854984
564.773656845  854317
566.707275867  853144
568.660835028  851262
570.617156982  850694
572.580885887  848374
574.557976961  841436
576.532928944  841152
578.518718004  835913
580.496994972  831417
582.470768929  831005
584.441083908  830491
586.409212828  829755
588.388324976  828679
590.34580183  827466
592.301842928  827316
594.264010906  822988
596.236719847  822603
598.206691027  817961
600.163599014  816416
