0.0395460128784  6928472
0.0399141311646  6908838
0.0403091907501  6905484
0.0404510498047  6899441
0.0411040782928  6895625
0.0413019657135  6889344
0.0427379608154  6886446
0.0428981781006  6885184
0.043151140213  6882942
0.0435349941254  6876051
0.0438270568848  6869243
0.0439651012421  6868642
0.0443780422211  6863930
0.0445151329041  6855017
0.045196056366  6851798
0.0453319549561  6850988
0.0459790229797  6850218
0.0463490486145  6847391
0.0465631484985  6772029
0.0467000007629  6771119
0.0474591255188  6753944
0.0483729839325  6748610
0.0485091209412  6741391
0.0487241744995  6739359
0.0491030216217  6667556
0.0493581295013  6659680
0.0511281490326  6637609
0.0514521598816  6633929
0.0542011260986  6633579
0.0543491840363  6627684
0.0549101829529  6620018
0.055055141449  6609975
0.0553650856018  6609500
0.0555939674377  6602049
0.0564110279083  6596827
0.0566420555115  6596821
0.0569541454315  6596013
0.0592601299286  6595088
0.0619971752167  6592346
0.0646350383759  6587314
0.0676600933075  6584730
0.0678811073303  6582269
0.0680220127106  6580327
0.0683240890503  6579509
0.0684649944305  6577728
0.0717520713806  6573841
0.0721340179443  6568434
0.0722739696503  6567603
0.0755050182343  6567567
0.0757191181183  6559786
0.0758559703827  6558293
0.0790460109711  6555139
0.0823180675507  6554271
0.0824551582336  6552701
0.0862050056458  6548197
0.0900211334229  6545065
0.0901579856873  6530719
0.0903730392456  6510885
0.090665102005  6505530
0.090802192688  6492531
0.0911741256714  6469714
0.0916240215302  6426583
0.0918390750885  6426106
0.0919761657715  6415418
0.092579126358  6400812
0.0965030193329  6395527
0.0966391563416  6394934
0.100780963898  6392435
0.100995063782  6389745
0.101132154465  6388576
0.101389169693  6388435
0.10178399086  6385038
0.102673053741  6375133
0.106412172318  6365178
0.106578111649  6361862
0.10898399353  6361597
0.11177611351  6361020
0.111914157867  6360139
0.112205028534  6358505
0.117101192474  6358291
0.118968963623  6347602
0.12078499794  6345950
0.121358156204  6341064
0.121570110321  6340666
0.123367071152  6339940
0.127874135971  6339286
0.128041028976  6335340
0.128375053406  6335164
0.130028963089  6334085
0.132277011871  6333064
0.136298179626  6330540
0.140611171722  6330271
0.140762090683  6325329
0.145029067993  6324988
0.151165962219  6324154
0.157407999039  6323640
0.157603025436  6321066
0.162660121918  6319442
0.162798166275  6319239
0.165928125381  6312640
0.166213989258  6304300
0.167109966278  6303185
0.167971134186  6302517
0.169381141663  6298038
0.171012163162  6297914
0.17130112648  6284226
0.172774076462  6282193
0.174576044083  6282051
0.174930095673  6281669
0.17658495903  6279860
0.17823600769  6276084
0.183093070984  6272370
0.183544158936  6271656
0.189167976379  6271387
0.189452171326  6269548
0.196832180023  6268086
0.197762012482  6252424
0.201210975647  6251661
0.204077959061  6251065
0.206149101257  6250008
0.20628619194  6195581
0.207533121109  6192351
0.208055973053  6190609
0.208424091339  6182181
0.209103107452  6148623
0.209239006042  6140958
0.214219093323  6121634
0.214590072632  6120979
0.215036153793  6119985
0.219945192337  6116929
0.220314025879  6111243
0.220450162888  6111085
0.220663070679  6104464
0.226982116699  6103482
0.233328104019  6103355
0.233476161957  6097963
0.233720064163  6095645
0.234899997711  6082722
0.23504114151  6080606
0.235579967499  6062811
0.236199140549  6058077
0.236340045929  6056610
0.237413167953  6026035
0.243031978607  6006760
0.251434087753  6005425
0.251607179642  6000970
0.252249002457  6000541
0.252982139587  5999626
0.253818035126  5997274
0.261689186096  5997215
0.261979103088  5997052
0.262408971786  5996149
0.271613121033  5993746
0.271787166595  5992739
0.272057056427  5992689
0.27237701416  5981762
0.280358076096  5979706
0.280502080917  5977620
0.281183958054  5975725
0.281321048737  5968996
0.281535148621  5964770
0.281826972961  5953481
0.282274961472  5949103
0.28241109848  5944781
0.282734155655  5924868
0.282871007919  5921778
0.286273002625  5908926
0.288216114044  5907758
0.290704965591  5907088
0.293065071106  5906897
0.301100969315  5905063
0.30132818222  5901144
0.309719085693  5898277
0.309942960739  5897403
0.310084104538  5891983
0.310605049133  5889815
0.318684101105  5886824
0.318822145462  5855553
0.331012010574  5855088
0.331184148788  5847831
0.331539154053  5833715
0.332264184952  5831504
0.332414150238  5830015
0.332648038864  5818074
0.333050966263  5811425
0.340296030045  5794741
0.340517044067  5794720
0.341571092606  5790471
0.353688955307  5789496
0.353917121887  5788926
0.36434006691  5788834
0.364487171173  5787361
0.379446983337  5786481
0.379808187485  5781627
0.380257129669  5733332
0.380427122116  5731890
0.381062030792  5726691
0.38178896904  5703660
0.382703065872  5703094
0.382852077484  5689274
0.393959999084  5688139
0.407927036285  5687401
0.408123970032  5679987
0.42049407959  5677402
0.420641183853  5674574
0.420941114426  5673734
0.421082019806  5672433
0.432116031647  5671733
0.43225812912  5661156
0.44922208786  5658940
0.449548959732  5616390
0.449846029282  5609753
0.450293064117  5601644
0.4504301548  5594607
0.450668096542  5590524
0.450834035873  5589715
0.451565027237  5587211
0.452934026718  5584664
0.468417167664  5582337
0.480594158173  5582223
0.48081111908  5574658
0.481103181839  5570959
0.481551170349  5568395
0.481765031815  5562670
0.483357191086  5557733
0.485355138779  5555534
0.48735499382  5551147
0.487567186356  5549924
0.502953052521  5549592
0.504083156586  5545367
0.519417047501  5543567
0.535289049149  5540804
0.535557031631  5538675
0.549815177917  5537874
0.549957036972  5535741
0.55025100708  5534873
0.564741134644  5534507
0.564884185791  5533365
0.565099000931  5532253
0.565471172333  5529525
0.583568096161  5526971
0.59884595871  5523494
0.598989009857  5515102
0.599282026291  5510180
0.622397184372  5510026
0.622908115387  5502615
0.623095035553  5502612
0.623703956604  5502602
0.624688148499  5502535
0.62485408783  5441619
0.625777006149  5439392
0.626960039139  5433632
0.629004001617  5433401
0.629176139832  5429092
0.630131006241  5418670
0.630894184113  5414693
0.631731033325  5411499
0.63202214241  5395404
0.63254404068  5364290
0.632990121841  5362090
0.63595199585  5347425
0.639182090759  5346993
0.639693021774  5336065
0.639880180359  5335756
0.6401720047  5331990
0.64054107666  5330888
0.640802145004  5320420
0.646372079849  5320392
0.646674156189  5319247
0.647133111954  5317718
0.647274017334  5316269
0.648218154907  5315616
0.64851808548  5313404
0.648658037186  5241735
0.649598121643  5233339
0.650619029999  5231908
0.651741027832  5228077
0.651961088181  5227492
0.654553174973  5221411
0.658279180527  5221140
0.662351131439  5220309
0.680489063263  5218944
0.680631160736  5215587
0.698567152023  5212805
0.698714017868  5206035
0.69925403595  5205655
0.699553966522  5202186
0.699694156647  5194574
0.701033115387  5193223
0.701253175735  5192676
0.701394081116  5192368
0.702203989029  5192058
0.725279092789  5190378
0.725422143936  5186307
0.725638151169  5186187
0.725775003433  5184385
0.726067066193  5181402
0.726905107498  5173315
0.727763175964  5170534
0.728561162949  5168613
0.728852987289  5159789
0.729766130447  5141181
0.729902982712  5135373
0.731954097748  5133383
0.732166051865  5131005
0.732856035233  5129971
0.756813049316  5128497
0.781856060028  5128269
0.803300142288  5128008
0.825618028641  5118337
0.845883131027  5116812
0.86510014534  5116343
0.884273052216  5096948
0.913778066635  5095468
0.934836149216  5090681
0.961357116699  5090146
0.983268976212  5088639
1.00691914558  5080870
