0.0390820503235  7055929
0.0397920608521  7046145
0.0399301052094  7040045
0.0401442050934  7015709
0.0404360294342  6998933
0.0408051013947  6980349
0.0409409999847  6975355
0.0413861274719  6948399
0.0415232181549  6923332
0.0426421165466  6918457
0.0430111885071  6914531
0.0431461334229  6912335
0.0433602333069  6909865
0.0445950031281  6896844
0.044750213623  6892463
0.0463230609894  6886975
0.0465371608734  6885801
0.0466730594635  6883515
0.0469641685486  6880553
0.0484681129456  6874952
0.0491712093353  6840383
0.0497751235962  6831176
0.0515961647034  6814150
0.0517342090607  6808905
0.0519490242004  6801609
0.0530290603638  6796204
0.0550220012665  6760615
0.055162191391  6756155
0.0569360256195  6729664
0.0595531463623  6728417
0.0601191520691  6723899
0.06028008461  6719695
0.0606980323792  6707202
0.0608530044556  6694683
0.0611832141876  6691442
0.0614252090454  6688914
0.0615801811218  6686518
0.0618221759796  6682791
0.0624752044678  6675920
0.0626890659332  6665987
0.063915014267  6664687
0.0642070770264  6657848
0.0645771026611  6657837
0.0647130012512  6571458
0.0651800632477  6552542
0.0677590370178  6527501
0.0707211494446  6526463
0.0708591938019  6522154
0.0736730098724  6502357
0.0743532180786  6500488
0.0748791694641  6482086
0.0778331756592  6447097
0.0779881477356  6441004
0.0811500549316  6424739
0.0841841697693  6392014
0.085116147995  6388004
0.0859291553497  6380637
0.0892341136932  6373747
0.0906212329865  6368362
0.0937361717224  6355207
0.0975291728973  6338375
0.0979201793671  6337854
0.0980570316315  6337297
0.0982711315155  6333415
0.0988171100616  6244181
0.0989711284637  6243739
0.103154182434  6239713
0.103427171707  6236857
0.107583999634  6220870
0.10790014267  6211271
0.10803604126  6208578
0.108406066895  6188111
0.108542203903  6182861
0.108756065369  6177519
0.11311507225  6176995
0.117378234863  6162113
0.117516040802  6160407
0.117906093597  6159934
0.119626045227  6158879
0.119792222977  6157487
0.120771169662  6157396
0.121686220169  6156822
0.122678041458  6155636
0.127478122711  6151669
0.129147052765  6151383
0.130111217499  6150305
0.133677005768  6146730
0.133815050125  6146332
0.137643098831  6145808
0.142426013947  6127479
0.147571086884  6118294
0.147708177567  6112094
0.153197050095  6108592
0.157461166382  6108493
0.160104036331  6102036
0.16543507576  6100022
0.171539068222  6074650
0.171685218811  6054812
0.172079086304  6046169
0.172638177872  6023459
0.172866106033  6021449
0.176133155823  6018201
0.179185152054  6009206
0.179322004318  6005869
0.185104131699  6003153
0.185245037079  5997094
0.192162036896  5975490
0.198773145676  5966762
0.200088024139  5955207
0.201242208481  5944540
0.208615064621  5938771
0.20876121521  5936876
0.216321229935  5926096
0.216469049454  5894407
0.216684103012  5892401
0.216976165771  5888865
0.217736005783  5875880
0.218217134476  5869752
0.21905207634  5855316
0.219986200333  5852723
0.221999168396  5841822
0.223152160645  5832391
0.230771064758  5815340
0.230908155441  5794772
0.238942146301  5790312
0.239391088486  5781091
0.247480154037  5774636
0.247616052628  5740106
0.256034135818  5730560
0.256171226501  5725326
0.256386041641  5723356
0.258558034897  5716429
0.258712053299  5714987
0.260637998581  5700459
0.270081043243  5682981
0.270245075226  5645487
0.281890153885  5640384
0.282194137573  5629374
0.282410144806  5618807
0.282780170441  5602226
0.283228158951  5580302
0.283364057541  5557715
0.284202098846  5536697
0.284338235855  5505592
0.284653186798  5504906
0.284790039062  5411893
0.285744190216  5361774
0.285884141922  5356253
0.288349151611  5352572
0.288571119308  5350905
0.289024114609  5339313
0.289888143539  5336096
0.290074110031  5298434
0.291000127792  5297068
0.29519701004  5291546
0.29684305191  5291489
0.307760000229  5290355
0.307897090912  5262493
0.319425106049  5257827
0.323988199234  5257485
0.327502012253  5243066
0.339111089706  5231311
0.339248180389  5200957
0.351274013519  5193220
0.351645231247  5183758
0.351781129837  5181795
0.354116201401  5180054
0.354409217834  5180007
0.354856014252  5171682
0.356908082962  5165949
0.357045173645  5135214
0.369191169739  5124240
0.369328022003  5095742
0.384912014008  5089139
0.385048151016  5078656
0.385496139526  5034557
0.385633230209  5034336
0.385847091675  5033034
0.386137008667  5029383
0.386506080627  5023790
0.387189149857  5002511
0.387326002121  4993055
0.388240098953  4987690
0.388610124588  4981269
0.388746023178  4979586
0.390290021896  4976714
0.390814065933  4971481
0.391028165817  4936715
0.391442060471  4933486
0.392355203629  4921499
0.392605066299  4920737
0.392985105515  4910572
0.394760131836  4909305
0.394975185394  4908858
0.395499229431  4906855
0.395635128021  4906338
0.395925998688  4898220
0.396765232086  4897367
0.397857189178  4894280
0.398227214813  4892691
0.398363113403  4891033
0.400609016418  4885549
0.4016020298  4876995
0.401738166809  4875348
0.402108192444  4875311
0.402322053909  4866890
0.402927160263  4857630
0.405644178391  4856354
0.406120061874  4855128
0.406511068344  4846208
0.40828204155  4844749
0.408526182175  4843430
0.408666133881  4843421
0.410116195679  4841724
0.413028001785  4839305
0.413709163666  4813618
0.41415810585  4813567
0.414527177811  4811976
0.415129184723  4811444
0.418344020844  4801593
0.418481111526  4792233
0.424057006836  4784830
0.426972150803  4783957
0.427655220032  4761614
0.443386077881  4757280
0.459237098694  4756069
0.459452152252  4742201
0.462561130524  4739009
0.465615034103  4733411
0.465829133987  4726117
0.481852054596  4722000
0.482612133026  4692744
0.483294010162  4691103
0.499349117279  4683519
0.499485015869  4683477
0.516167163849  4681555
0.516304016113  4679905
0.53270816803  4676208
0.532923221588  4665194
0.533060073853  4658910
0.533351182938  4658062
0.549786090851  4648544
0.549922227859  4635553
0.566481113434  4628421
0.566696166992  4617304
0.566833019257  4612853
0.583467006683  4592859
0.583603143692  4559901
0.601433038712  4551696
0.601725101471  4551382
0.601938009262  4550589
0.602075099945  4547028
0.602444171906  4540030
0.602579116821  4538880
0.603027105331  4537289
0.603163003922  4533827
0.603688001633  4532546
0.604682207108  4505789
0.605052232742  4489929
0.606010198593  4488611
0.606768131256  4488373
0.607375144958  4487525
0.607667207718  4485452
0.608037233353  4483097
0.608799219131  4478077
0.610024213791  4466051
0.610160112381  4449570
0.628606081009  4440266
0.628749132156  4418755
0.647080183029  4412491
0.647218227386  4400747
0.647432088852  4387909
0.647569179535  4381709
0.647861003876  4361255
0.64823102951  4351437
0.648367166519  4350361
0.649048089981  4344603
0.64918422699  4344430
0.649475097656  4341028
0.667881011963  4335165
0.668018102646  4313842
0.686974048615  4281124
0.705992221832  4279863
0.725822210312  4253280
0.76335811615  4252416
0.80166721344  4250292
0.84059715271  4247216
0.878956079483  4237203
0.918374061584  4230489
0.956435203552  4139681
0.994130134583  4137316
1.03228712082  4121417
1.07270216942  4121181
1.11081600189  4105526
1.14919900894  4026048
1.18681716919  4021653
1.22609305382  4013576
1.266310215  4013359
1.34287309647  3988559
1.41829919815  3981825
1.49544405937  3981696
1.53314614296  3979573
1.60930800438  3977076
1.64797711372  3976273
1.72279906273  3946666
1.76360011101  3943545
1.84422421455  3930461
1.88337922096  3929285
1.96178913116  3908556
2.00076913834  3905382
2.0810739994  3901739
2.12149000168  3898980
2.19788813591  3896854
2.27400803566  3856960
2.3504281044  3855783
2.44480609894  3844945
2.53929400444  3843521
2.63525819778  3833276
2.72884702682  3831973
2.84084105492  3828140
2.95293903351  3805664
3.06491613388  3799056
3.25028610229  3785074
3.45295000076  3745892
3.65515017509  3743017
3.8585832119  3733901
4.06106114388  3696879
4.33505702019  3690113
4.62611103058  3688621
4.95440220833  3685677
5.35472011566  3685440
5.75522208214  3615159
6.1506960392  3608308
6.5466401577  3572219
6.94529008865  3569521
7.34142208099  3567405
7.73546600342  3549235
8.13744521141  3547277
8.53153300285  3516848
8.92803215981  3464070
9.32384300232  3459074
9.72924900055  3450288
10.128423214  3426309
10.523250103  3425655
10.9172852039  3425433
11.311715126  3425047
11.7065930367  3424359
12.1014311314  3423490
12.4958901405  3421147
12.8911411762  3416252
13.2921490669  3367006
13.6941230297  3365254
14.0945320129  3365050
14.4940710068  3346986
14.8996682167  3345607
15.3074071407  3292804
15.7021610737  3290862
15.7038621902  3290720
15.7054200172  3290291
15.707116127  3288078
15.7607090473  3286725
15.7761092186  3279313
15.7789061069  3273492
15.7838661671  3271727
15.784935236  3271645
15.7850711346  3269229
15.7852852345  3259240
15.7857301235  3258202
15.7859430313  3246909
15.7862350941  3241079
15.7863712311  3236850
15.7868962288  3212632
15.7870321274  3212073
15.7876322269  3211402
15.7877681255  3196718
15.7885241508  3195743
15.7886600494  3195338
15.7888741493  3194417
15.7900202274  3191373
15.7944970131  3186910
15.7956461906  3186907
15.7967162132  3186904
15.7974741459  3181013
15.7977662086  3130461
15.8022260666  3127525
15.8072772026  3120868
15.8158950806  3116541
15.8162651062  3111165
15.8189170361  3110531
15.8301751614  3110340
15.8307991028  3109702
15.8309350014  3108550
15.8336532116  3108203
15.8338670731  3103615
15.848457098  3098381
15.8511891365  3093413
15.8536701202  3092508
15.8560922146  3091762
15.8563840389  3071148
15.8577141762  3070206
15.8590970039  3069640
15.8678200245  3061206
15.8679571152  3048321
15.8710591793  3043854
15.8770642281  3040524
15.8828940392  3038742
15.8830311298  3038137
15.8832471371  3036568
15.8835370541  3035755
15.895168066  3033519
15.8953051567  3033322
15.8969211578  3030514
15.9023411274  3030384
15.9024782181  3029846
15.9079480171  3027605
15.9141662121  3025853
15.9181540012  3025637
15.9183120728  3023433
15.9185261726  3021946
15.9217262268  3021139
15.9248380661  3018092
15.9249751568  3014055
15.9251902103  3003227
15.9255590439  3001391
15.9257721901  2999398
15.9265320301  2995088
15.9268250465  2970430
15.9297800064  2969150
15.9332311153  2967457
15.9334452152  2967189
15.939658165  2966461
15.9466171265  2965441
15.9522650242  2964231
15.9524800777  2964115
15.9528501034  2962179
15.9537651539  2960701
15.9592030048  2960635
15.9596781731  2960586
15.9602031708  2960313
15.9604160786  2956500
15.9605522156  2954064
15.9645340443  2953419
15.9679610729  2951606
15.9799520969  2951167
15.9916422367  2950860
16.0093262196  2947986
16.0122010708  2943273
16.0123372078  2941686
16.4082171917  2825213
16.8031101227  2822874
17.2037370205  2822699
17.6029400826  2822089
18.0026040077  2818791
18.4036312103  2738925
18.8030412197  2737602
19.2053081989  2731117
19.6303870678  2729938
20.0745010376  2689257
20.5092010498  2659129
20.9690551758  2642181
21.4122180939  2607457
21.8608121872  2606821
22.284733057  2594440
22.6899011135  2573309
23.1191191673  2573114
23.5734632015  2520285
23.9754421711  2476775
24.3752501011  2475223
24.8350901604  2470393
25.2948012352  2468374
25.7420871258  2468256
26.1410372257  2466540
26.5430071354  2463212
26.9498960972  2462611
27.3464221954  2450604
27.820223093  2448094
28.2857861519  2438330
28.7573490143  2429199
29.2280631065  2426776
29.6939430237  2399204
30.1826322079  2372728
30.6570801735  2364313
31.0935101509  2359786
31.4932801723  2357963
31.8992052078  2354616
32.3049712181  2353557
32.706769228  2347288
33.1691961288  2346873
33.6373372078  2345544
34.067784071  2316653
34.5235271454  2316417
34.9440681934  2315914
35.3440351486  2315777
35.8014001846  2212826
36.2485961914  2202256
36.6522700787  2199366
37.0571830273  2196875
37.4550042152  2195725
37.8835320473  2195274
38.3290851116  2192008
38.7298560143  2191554
39.1305630207  2188448
39.5298500061  2185832
39.930106163  2174225
40.3790662289  2173776
40.8628790379  2172447
41.3409352303  2172200
41.8274860382  2170272
42.3106851578  2168372
42.7873530388  2166657
43.2533481121  2161165
43.6679520607  2160571
44.090485096  2154934
44.5048921108  2154844
44.9320271015  2152561
45.3473870754  2115623
45.779291153  2100942
46.2122511864  2095007
46.6445450783  2092855
47.0787382126  2092401
47.5122621059  2089950
47.9474570751  2076577
48.3837430477  2060171
48.8641841412  2054390
49.3347132206  2053323
49.8044381142  2051628
50.2728960514  2051270
50.7381210327  2049894
51.2040970325  2049814
51.6708481312  2049747
52.1401820183  2040030
52.6074230671  2033590
53.0769860744  2029487
53.5471730232  2024066
54.0167431831  2017218
54.485902071  2016121
54.9469861984  1983228
55.4465010166  1982662
55.9935371876  1981669
56.4960441589  1980255
57.0315611362  1976999
57.5919530392  1976623
58.1382451057  1974526
58.6071360111  1931347
59.1026821136  1911407
59.7024772167  1904240
60.2890150547  1903529
60.8649392128  1894225
61.4415650368  1894216
62.0182220936  1892153
62.6228790283  1891944
63.2809422016  1891011
63.879294157  1856712
64.4812800884  1856456
65.0973641872  1836371
65.6787800789  1836091
66.2943742275  1835977
66.8710711002  1835976
67.4787912369  1835514
68.157307148  1834782
68.8958961964  1828227
69.6124560833  1817053
70.2985861301  1816997
71.000767231  1816923
71.6592490673  1816880
72.2934310436  1813805
72.9792470932  1779231
73.5661220551  1778678
74.2795422077  1778017
75.0807180405  1774372
75.8875200748  1771294
76.6767361164  1771186
77.3923301697  1770192
78.0698390007  1766547
78.8404481411  1763527
79.6442410946  1763499
80.4894521236  1759758
80.9464430809  1758871
81.3911991119  1757931
81.8576362133  1754793
82.2748432159  1749210
83.1864171028  1747133
84.0905270576  1747070
85.0041880608  1744466
85.9049870968  1741417
86.8167002201  1739637
87.6800172329  1737636
88.485722065  1736836
89.2856011391  1735452
90.0851340294  1735064
90.8937470913  1733643
91.7207591534  1726722
92.5750281811  1725108
93.4497961998  1724167
94.3483672142  1723874
95.2927420139  1723764
96.2547671795  1722921
97.1163341999  1722707
98.0470240116  1722356
99.0274951458  1716269
99.9802010059  1716052
100.981161118  1716010
