0.0369930267334  7192398
0.0371630191803  7168267
0.037437915802  7158854
0.0375900268555  7154830
0.0383958816528  7140844
0.0385599136353  7105506
0.0390450954437  7098294
0.0393669605255  7092698
0.0395290851593  7086671
0.0396909713745  7057782
0.0401630401611  7052995
0.0404229164124  7038221
0.0405480861664  7006380
0.0406749248505  6985050
0.0409250259399  6980383
0.0411748886108  6980202
0.0415489673615  6973867
0.0418009757996  6941154
0.0419270992279  6884685
0.042053937912  6883416
0.0423099994659  6868736
0.0426840782166  6864105
0.0431809425354  6863929
0.0433070659637  6829035
0.0436849594116  6814297
0.0440590381622  6799657
0.0444350242615  6768858
0.0446870326996  6759931
0.0449368953705  6686693
0.0451900959015  6685074
0.0453159809113  6666023
0.0454430580139  6653720
0.0456929206848  6649294
0.0460669994354  6637257
0.0463190078735  6599713
0.0464448928833  6568306
0.046571969986  6540778
0.0468220710754  6540623
0.0474998950958  6536873
0.0476319789886  6536822
0.0478839874268  6490897
0.048877954483  6485523
0.0490050315857  6478218
0.0491321086884  6470925
0.0492589473724  6465564
0.0493860244751  6439496
0.0500059127808  6435910
0.0503790378571  6433015
0.0505058765411  6431621
0.0507791042328  6413642
0.0513100624084  6411449
0.0515959262848  6411235
0.0521249771118  6401788
0.0528910160065  6400570
0.0538849830627  6352499
0.0546329021454  6349310
0.0548849105835  6349266
0.0550129413605  6344013
0.0551409721375  6342577
0.0553929805756  6325810
0.0558938980103  6319862
0.0567688941956  6289387
0.0570230484009  6213214
0.0573990345001  6210751
0.0576510429382  6140439
0.0579009056091  6057149
0.0580279827118  6053176
0.0581560134888  6034644
0.0584070682526  6032802
0.0586569309235  6013869
0.0587849617004  6005764
0.0594038963318  5936158
0.0595309734344  5923441
0.0599040985107  5921980
0.0600309371948  5915367
0.0605249404907  5895132
0.0610229969025  5892706
0.0625059604645  5888745
0.062756061554  5879179
0.062882900238  5872044
0.0631339550018  5867299
0.0632610321045  5865637
0.0635120868683  5838176
0.0637609958649  5833688
0.0645139217377  5757868
0.0652558803558  5755859
0.0653829574585  5746326
0.0678470134735  5645004
0.0679740905762  5641450
0.0686359405518  5641127
0.0698549747467  5640506
0.0707240104675  5634490
0.0710959434509  5630025
0.0721230506897  5629403
0.0726490020752  5600221
0.0735619068146  5585149
0.0736980438232  5508466
0.0750548839569  5503852
0.0754768848419  5497110
0.0783400535583  5483950
0.0796060562134  5476515
0.0808589458466  5409152
0.0812358856201  5403637
0.0816130638123  5400618
0.0819900035858  5399573
0.0823700428009  5398224
0.082496881485  5396053
0.0853900909424  5390069
0.0871160030365  5382721
0.0878620147705  5335959
0.0897181034088  5334895
0.089968919754  5328471
0.0902190208435  5303096
0.0913400650024  5301886
0.0945410728455  5272556
0.096883058548  5265014
0.097748041153  5254764
0.097874879837  5207349
0.0980019569397  5195739
0.0982530117035  5182582
0.0983800888062  5175064
0.0988759994507  5152471
0.0990030765533  5135060
0.0991289615631  5126721
0.0993800163269  5126693
0.100372076035  5108292
0.100620985031  5103918
0.100994110107  5095780
0.101366043091  5095556
0.102061033249  5087297
0.102479934692  5078141
0.103787899017  5057024
0.103918075562  5012668
0.104671955109  5009801
0.105175971985  5009210
0.105679988861  4998564
0.106061935425  4981633
0.106690883636  4976686
0.1073179245  4951458
0.10807299614  4947345
0.108211994171  4911045
0.108750104904  4908833
0.109153985977  4897502
0.10982298851  4896478
0.110092878342  4885750
0.111522912979  4882382
0.111676931381  4846225
0.113037109375  4700636
0.113184928894  4700203
0.114120960236  4682049
0.117042064667  4681516
0.117300987244  4677509
0.117435932159  4677301
0.118453025818  4674720
0.12196803093  4673217
0.122734069824  4657998
0.123121023178  4654997
0.12325501442  4653969
0.123383998871  4600709
0.123641014099  4592387
0.12376999855  4591614
0.124403953552  4591529
0.125037908554  4589464
0.125545024872  4585704
0.12630200386  4584203
0.128453969955  4570187
0.129590988159  4567406
0.129755973816  4566322
0.132540941238  4489196
0.133673906326  4482895
0.134557008743  4464476
0.134687900543  4455945
0.135236978531  4415291
0.136043071747  4411077
0.136960983276  4410624
0.137341976166  4410528
0.137722015381  4407783
0.139108896255  4401955
0.139991998672  4394312
0.140500068665  4393498
0.140758037567  4384806
0.141768932343  4358433
0.14315700531  4355391
0.143286943436  4335884
0.143415927887  4324761
0.144048929214  4323089
0.144556045532  4320300
0.144937038422  4319537
0.148724079132  4317752
0.151062965393  4313810
0.153071880341  4312584
0.153346061707  4312107
0.154510974884  4310799
0.155279874802  4307735
0.155411958694  4306372
0.155545949936  4303508
0.159909009933  4280326
0.16055393219  4280294
0.161456108093  4264090
0.162225961685  4245715
0.162357091904  4244254
0.164911985397  4243310
0.165062904358  4235036
0.165353059769  4232087
0.167416095734  4224671
0.168550014496  4223340
0.170186042786  4213154
0.1721971035  4212342
0.176023006439  4210044
0.176790952682  4205341
0.177426099777  4191610
0.17831993103  4153891
0.1784760952  4144336
0.182638883591  4142361
0.182983875275  4135518
0.185755968094  4135514
0.186829090118  4134253
0.186960935593  4133269
0.187346935272  4132622
0.188488960266  4131050
0.188997983932  4123582
0.191390991211  4114431
0.194906949997  4113912
0.195040941238  4102295
0.198374986649  4083758
0.198885917664  4081109
0.199016094208  4080367
0.207681894302  4072522
0.207940101624  4070543
0.208194971085  4066889
0.208951950073  4054696
0.210597991943  4049563
0.21327996254  4028937
0.213797092438  4023689
0.213927030563  4021486
0.21418595314  4020886
0.216696977615  4019794
0.219846010208  4016416
0.219985961914  4013973
0.22052192688  4012224
0.22079205513  4012150
0.220930099487  4010130
0.222285985947  4010054
0.224353075027  4009930
0.227379083633  4008612
0.228262901306  4005664
0.22851896286  4005565
0.230287075043  4000130
0.23092007637  3993456
0.231681108475  3934390
0.232945919037  3932376
0.23396396637  3927998
0.234848022461  3911147
0.234977006912  3907645
0.235105991364  3898256
0.236618995667  3898249
0.236747980118  3894356
0.237519025803  3893112
0.239033937454  3885317
0.239672899246  3881859
0.241573095322  3881370
0.241955041885  3881310
0.242630004883  3879626
0.242763996124  3873426
0.243143081665  3871411
0.244780063629  3848678
0.244910001755  3804030
0.24529504776  3803402
0.246064901352  3798924
0.248588085175  3798307
0.248847007751  3797860
0.249733924866  3796947
0.250742912292  3790804
0.251002073288  3790449
0.251131057739  3783794
0.2517619133  3783365
0.252810955048  3774630
0.255028009415  3768854
0.256136894226  3766144
0.266769886017  3757995
0.268857002258  3754436
0.269963979721  3754119
0.275063037872  3739990
0.275351047516  3738874
0.276302099228  3737983
0.277038097382  3737160
0.278002023697  3735447
0.279359102249  3735313
0.280448913574  3734777
0.28297495842  3730903
0.283514022827  3728700
0.284802913666  3726891
0.288425922394  3673941
0.291588068008  3651298
0.296627998352  3650588
0.297143936157  3636352
0.297275066376  3565990
0.298042058945  3556074
0.299311876297  3552606
0.299697875977  3551622
0.301979064941  3550837
0.302618980408  3550729
0.302875995636  3549224
0.303133010864  3538514
0.30326294899  3537775
0.307183027267  3536321
0.307693958282  3526422
0.315314054489  3521459
0.321021080017  3513466
0.32280087471  3511706
0.324505090714  3510583
0.325428009033  3507636
0.334570884705  3505276
0.334832906723  3469382
0.335849046707  3465202
0.337773084641  3463405
0.33810710907  3461748
0.338263034821  3460853
0.339428901672  3458272
0.339597940445  3388323
0.3400349617  3359948
0.343767881393  3355645
0.345813035965  3350480
0.345944881439  3331808
0.346332073212  3329171
0.347609996796  3325064
0.348135948181  3322177
0.348903894424  3317731
0.349164009094  3313015
0.349421977997  3312951
0.357852935791  3312334
0.358505010605  3310911
0.361687898636  3306081
0.361946105957  3305216
0.363221883774  3301767
0.36526799202  3301485
0.368745088577  3300372
0.372673034668  3299520
0.376957893372  3295095
0.384998083115  3288702
0.397500991821  3275520
0.398776054382  3249314
0.399159908295  3248404
0.407900094986  3248387
0.409544944763  3248035
0.411012887955  3245920
0.411144018173  3245894
0.411545038223  3245892
0.414036989212  3241574
0.415319919586  3240858
0.422214031219  3239217
0.423113107681  3239011
0.423371076584  3237155
0.430217981339  3236006
0.433259963989  3235868
0.436107873917  3229828
0.439593076706  3219150
0.443689107895  3218911
0.445516109467  3213668
0.452363967896  3154592
0.459326028824  3147404
0.460066080093  3145697
0.464094877243  3119795
0.46422791481  3117675
0.464986085892  3113393
0.46741104126  3113258
0.476810932159  3112265
0.480252027512  3106179
0.481528997421  3105783
0.483830928802  3103407
0.485284090042  3101734
0.486181974411  3098703
0.49255490303  3096157
0.499881982803  3095643
0.502160072327  3094898
0.503957986832  3091216
0.504091024399  3073599
0.504735946655  3059421
0.505373954773  3057817
0.507798910141  3056762
0.508056879044  3055339
0.516534090042  3054035
0.519605875015  3049702
0.526266098022  3048997
0.530350923538  3048393
0.534568071365  3047427
0.537393093109  3046596
0.538044929504  3046489
0.538563966751  3046235
0.540488004684  3042292
0.541379928589  3040672
0.544193029404  3028115
0.547024011612  3026664
0.554248094559  3026258
0.555027961731  3025655
0.556180000305  3011685
0.556691884995  3010450
0.557328939438  3009425
0.560506105423  3000908
0.560642957687  2996802
0.562475919724  2986528
0.563652992249  2985690
0.582338094711  2984282
0.589648008347  2970682
0.598865032196  2963450
0.603928089142  2963047
0.61754488945  2960237
0.620837926865  2956110
0.621123075485  2954884
0.623652935028  2954159
0.628176927567  2952908
0.638890028  2952560
0.640820980072  2951395
0.647837877274  2950972
0.659806966782  2950161
0.660293102264  2949765
0.665038108826  2941970
0.670788049698  2941850
0.683908939362  2940877
0.697287082672  2940397
0.701987981796  2937660
0.704257965088  2935238
0.70584487915  2927808
0.708064079285  2923396
0.708751916885  2919943
0.712575912476  2910330
0.712963104248  2909143
0.715949058533  2908939
0.720664024353  2908905
0.7209379673  2904259
0.721863031387  2902825
0.722260951996  2886933
0.727866888046  2883499
0.732912063599  2877471
0.737344026566  2874691
0.748104095459  2874320
0.753690004349  2874302
0.754874944687  2873851
0.759864091873  2872199
0.768418073654  2871806
0.768989086151  2866617
0.769641876221  2862753
0.785300970078  2862362
0.791608095169  2862175
0.804861068726  2862022
0.808123111725  2861007
0.809112071991  2852550
0.824075937271  2852021
0.825409889221  2850300
0.826191902161  2849615
0.831032037735  2845952
0.835894107819  2844145
0.842329978943  2843335
0.84973192215  2842651
0.861311912537  2841883
0.863821983337  2838308
0.864218950272  2837372
0.870146989822  2827996
0.877357959747  2826518
0.879399061203  2826096
0.879801988602  2825905
0.88879108429  2819462
0.89319396019  2803389
0.900563001633  2802768
0.913770914078  2759593
0.920921087265  2752223
0.923759937286  2750519
0.928097009659  2746081
0.932285070419  2744112
0.934484958649  2707507
0.935038089752  2704851
0.935179948807  2703272
0.936747074127  2703213
0.937776088715  2642360
0.941817045212  2640657
0.94974398613  2635538
0.951385974884  2630181
0.958447933197  2621770
0.961898088455  2615228
0.964320898056  2610696
0.972712039948  2607790
0.975056886673  2606992
0.983989953995  2601943
0.987725973129  2599746
0.990905046463  2599509
0.993092060089  2599248
0.993532896042  2592684
0.996530056  2588210
1.00766897202  2588133
1.01209998131  2583797
1.01639389992  2581039
1.01925206184  2579694
1.0245039463  2577255
1.02853703499  2575818
1.02999210358  2565600
1.03013300896  2565225
1.03054690361  2565053
1.03558301926  2560886
1.03622508049  2560766
1.03709197044  2560124
1.04492497444  2560115
1.04803395271  2559962
1.05021905899  2557754
1.06679606438  2555666
1.06751894951  2555349
1.06957888603  2555226
1.07130908966  2553084
1.07247710228  2545197
1.08001589775  2544841
1.08541893959  2544438
1.08837389946  2544179
1.08906292915  2542724
1.1044049263  2542020
1.10645699501  2539859
1.11939692497  2539837
1.14437603951  2538648
1.14633607864  2536996
1.14750599861  2536307
1.15948700905  2535199
1.17213392258  2534591
1.18890094757  2532540
1.19262909889  2531763
1.19818806648  2529679
1.20075392723  2516380
1.20519804955  2515626
1.20547890663  2507589
1.22641611099  2506515
1.22813010216  2505417
1.23284006119  2505363
1.23971796036  2503048
1.24829006195  2502054
1.24902701378  2501666
1.25534009933  2501309
1.26615095139  2495217
1.26831293106  2491523
1.27020597458  2491059
1.2705450058  2477081
1.27757406235  2476691
1.28312492371  2475166
1.29013705254  2474846
1.29183697701  2474613
1.29603409767  2456197
1.30933690071  2454801
1.31061887741  2454351
1.31876111031  2452403
1.31991410255  2451829
1.33347797394  2451806
1.34235906601  2451508
1.35892605782  2449902
1.36496806145  2449794
1.36590194702  2447911
1.41814088821  2447685
1.42469501495  2446103
1.43473410606  2445958
1.44080996513  2443374
1.44920802116  2443120
1.45445990562  2439968
1.45902299881  2432913
1.46184802055  2423931
1.46965408325  2422408
1.47209310532  2421707
1.47469305992  2415364
1.48071503639  2415348
1.48883700371  2414786
1.50114488602  2414350
1.50347089767  2413291
1.50565600395  2413064
1.51142001152  2411888
1.51491999626  2411362
1.52091288567  2410562
1.5328040123  2409123
1.53549599648  2408569
1.542730093  2405688
1.54368305206  2403677
1.54817700386  2400958
1.54970908165  2400669
1.55048894882  2398279
1.55781793594  2396291
1.56544208527  2393070
1.56608104706  2391009
1.56747508049  2388643
1.5747179985  2385772
1.5927939415  2385663
1.5955080986  2369903
1.60468697548  2368990
1.60698103905  2368974
1.61466002464  2368651
1.63222408295  2368376
1.63376402855  2365169
1.64038896561  2365062
1.64509797096  2356062
1.6698679924  2352397
1.68183803558  2351321
1.69759702682  2350979
1.70238089561  2350724
1.7345969677  2349164
1.75036787987  2348814
1.75289106369  2317449
1.76273703575  2315996
1.78128910065  2308795
1.79513502121  2308632
1.79882287979  2307664
1.80246305466  2307199
1.80848407745  2306672
1.81806898117  2298595
1.82206606865  2298571
1.83554410934  2297461
1.85899496078  2295342
1.8669219017  2294446
1.89732599258  2293561
1.90377187729  2291207
1.91576099396  2277584
1.9408159256  2276226
1.99468302727  2274411
2.01903009415  2274222
2.05633997917  2272591
2.08150100708  2270543
2.09027409554  2259172
2.09243988991  2255059
2.10804891586  2254795
2.17499709129  2254708
2.18690609932  2253668
2.19088602066  2251333
2.21790504456  2251122
2.22949504852  2249856
2.24014902115  2248784
2.24406194687  2246459
2.24766087532  2244886
2.25035309792  2243493
2.25653290749  2243159
2.25820088387  2240489
2.26111602783  2240236
2.28345298767  2238146
2.28631496429  2236831
2.29518795013  2230737
2.30115509033  2230488
2.30334496498  2229261
2.32168292999  2228301
2.33016109467  2226594
2.36105799675  2226424
2.40689110756  2225740
2.4121260643  2225283
2.41641306877  2224897
2.42338991165  2223529
2.42669987679  2223503
2.44515299797  2217101
2.46304893494  2216746
2.47453188896  2216383
2.52102208138  2216228
2.54262304306  2215170
2.55226588249  2215030
2.57281088829  2214515
2.58879303932  2214122
2.59462308884  2213449
2.61672687531  2212842
2.65308094025  2212553
2.66137290001  2212461
2.66380000114  2212340
2.66848397255  2211660
2.69462490082  2210969
2.72227406502  2210200
2.75024294853  2208642
2.75765395164  2195729
2.7712829113  2194745
2.7890920639  2194289
2.79566001892  2194161
2.80166196823  2193120
2.80574703217  2193117
2.80828690529  2192835
2.80989193916  2192438
2.81173491478  2191739
2.81761002541  2190357
2.83966207504  2182703
2.84131407738  2181922
2.87301492691  2180276
2.88507604599  2178183
2.89010691643  2177017
2.89722108841  2173828
2.92141795158  2172156
2.9336810112  2171174
2.94541597366  2171024
2.95074009895  2165105
3.00979399681  2164426
3.03803706169  2164286
3.05712890625  2164194
3.05979895592  2163320
3.0874080658  2162366
3.11445307732  2161659
3.15599608421  2160938
3.17799592018  2160266
3.18213701248  2159964
3.21436810493  2155450
3.22536301613  2155151
3.23877906799  2154423
3.23891997337  2152086
4.6442399025  2150442
4.64464306831  2149468
4.64839291573  2145569
4.64966702461  2143305
4.65045499802  2137737
4.65125894547  2136945
4.6641600132  2132660
4.66745591164  2123341
4.67502593994  2123051
4.67848396301  2119352
4.68157696724  2119311
4.6880440712  2118549
4.69336605072  2113237
4.70580005646  2112839
4.70620703697  2109300
4.71333098412  2109090
4.71359491348  2108867
4.71372795105  2108817
4.72281193733  2107831
4.73668408394  2107206
4.74298095703  2105984
4.74868798256  2090875
4.75880098343  2090297
4.76436305046  2089553
4.7700510025  2087471
4.78563809395  2085350
4.7878370285  2073252
4.78837704659  2071159
4.79242897034  2070117
4.8040189743  2068602
4.8132519722  2048699
4.81441307068  2046655
4.83038592339  2044635
4.84357190132  2042817
4.85294795036  2042334
4.85409903526  2042125
4.86501097679  2037111
4.86861109734  2035154
4.87047195435  2034435
4.87652301788  2032527
4.8785970211  2025276
4.88657903671  2023334
4.8962020874  2017281
4.89747691154  2017132
4.9033510685  2016425
4.90857100487  2015652
4.92340707779  2012168
4.95571708679  2011011
4.97878909111  2007130
4.98344898224  2001132
5.0027680397  1993907
5.01896309853  1993689
5.02052092552  1989493
5.03188490868  1987828
5.03486895561  1984189
5.04079604149  1983709
5.0786049366  1983308
5.09109091759  1982650
5.09230589867  1982244
5.09835290909  1981945
5.09849190712  1979263
5.09900593758  1978213
5.10360598564  1977954
5.12404990196  1977150
5.1261279583  1972415
5.12736392021  1971843
5.14096903801  1969891
5.14162898064  1969540
5.15194892883  1966676
5.17787194252  1962870
5.20608997345  1962248
5.20638489723  1960227
5.21939492226  1959692
5.22106099129  1959074
5.2237238884  1957308
5.24138593674  1956960
5.25120997429  1956268
5.25660991669  1956170
5.27046394348  1956137
5.28124094009  1955744
5.28807210922  1952117
5.29063010216  1950758
5.30204892159  1948035
5.30582594872  1947153
5.31855297089  1946914
5.32100105286  1946739
5.32453608513  1945181
5.32855892181  1944539
5.35516309738  1923216
5.35712909698  1922823
5.36848497391  1922669
5.39725708961  1921589
5.40687990189  1921426
5.41009092331  1921204
5.43149590492  1912271
5.43165206909  1910448
5.44090199471  1910417
5.44293498993  1910358
5.45723295212  1909309
5.46040010452  1909279
5.47931408882  1899814
5.49167704582  1899428
5.50892591476  1899063
5.53102993965  1898043
5.53934407234  1897853
5.54589104652  1894444
5.54727005959  1894439
5.55360603333  1894297
5.55721092224  1891833
5.56179189682  1891245
5.58202695847  1891219
5.5867459774  1881432
5.60629796982  1881172
5.62007403374  1880558
5.62703204155  1876396
5.64181900024  1876270
5.64417099953  1876005
5.65489006042  1875774
5.65517401695  1875410
5.66683197021  1875316
5.68031001091  1874114
5.72422289848  1872764
5.75044107437  1872433
5.76388692856  1870566
5.76679110527  1870402
5.77179503441  1870106
5.77304291725  1868425
5.7803850174  1865602
5.84385895729  1864953
5.8540148735  1861157
5.87294387817  1860188
5.89079809189  1859976
5.90737295151  1859337
5.92427802086  1857739
5.94826292992  1854500
5.95517802238  1854194
5.96017503738  1853315
5.9737739563  1852956
5.99507689476  1852821
6.00027990341  1852534
6.01519298553  1851366
6.01900696754  1850701
6.02453589439  1848974
6.0296459198  1848962
6.03231596947  1846375
6.0433280468  1845772
6.04727005959  1841212
6.09436988831  1840781
6.10291600227  1840504
6.11532497406  1839274
6.1184720993  1838909
6.156001091  1838162
6.18549990654  1837527
6.19064688683  1836292
6.22916698456  1835859
6.26020002365  1825670
6.28053808212  1825561
6.29321599007  1825289
6.30129289627  1824339
6.30383205414  1824001
6.30439805984  1822673
6.32975387573  1822573
6.33913207054  1822449
6.34265303612  1821629
6.36562490463  1818122
6.38884401321  1817928
6.38963699341  1816829
6.39158701897  1816763
6.39265799522  1816513
6.39356207848  1815870
6.42980694771  1815438
6.44336104393  1815342
6.50338387489  1813375
6.50582408905  1811654
6.51405310631  1809764
6.57510209084  1808103
