0.0397751331329  6597682
0.0402269363403  6584576
0.0407419204712  6569035
0.0412969589233  6564329
0.0423140525818  6549266
0.0424599647522  6548598
0.0426819324493  6541368
0.0437870025635  6536438
0.0440881252289  6536422
0.0442290306091  6516363
0.044685125351  6514651
0.0449769496918  6502416
0.0451140403748  6474914
0.045716047287  6462211
0.04585313797  6461246
0.0469560623169  6459372
0.0482730865479  6457689
0.048721075058  6451727
0.0488569736481  6450432
0.0500059127808  6449578
0.050952911377  6445947
0.0525829792023  6445536
0.053230047226  6444027
0.053375005722  6443909
0.0550179481506  6440780
0.0568270683289  6439509
0.0569729804993  6436823
0.0588099956512  6431815
0.0620849132538  6431442
0.0623009204865  6423151
0.0629160404205  6422839
0.0657229423523  6420743
0.0696361064911  6417856
0.06977891922  6410610
0.0703251361847  6407735
0.0704660415649  6403657
0.0711710453033  6385785
0.0713119506836  6385166
0.0715460777283  6360431
0.0724649429321  6358291
0.0726869106293  6353272
0.0737969875336  6336510
0.0740180015564  6332499
0.0743999481201  6313877
0.0745410919189  6306244
0.078803062439  6302389
0.080482006073  6301446
0.0855360031128  6299902
0.0859761238098  6289944
0.0861790180206  6285494
0.0904819965363  6285272
0.0906600952148  6268261
0.0908739566803  6268242
0.0910091400146  6265280
0.0913000106812  6257039
0.0964059829712  6256706
0.10139799118  6253859
0.102766036987  6253682
0.102917909622  6253249
0.103152036667  6252859
0.104326963425  6248748
0.108832120895  6247686
0.109117031097  6245169
0.116153001785  6243306
0.116347074509  6243263
0.116641998291  6241938
0.121961116791  6241269
0.122112035751  6241118
0.12234711647  6238005
0.127149105072  6236100
0.127295970917  6233736
0.13250207901  6232819
0.132648944855  6193783
0.138798952103  6192233
0.138945102692  6177537
0.139809131622  6177007
0.140430927277  6173670
0.141093969345  6118983
0.141315937042  6100874
0.141983032227  6098536
0.143007040024  6091603
0.143227100372  6080121
0.144330978394  6078275
0.144470930099  6076140
0.145653963089  6074106
0.145793914795  6063627
0.14705491066  6063288
0.156450033188  6061596
0.156645059586  6044850
0.159456968307  6041127
0.15972495079  6039675
0.160274982452  6029813
0.160443067551  6029790
0.160704135895  6029326
0.161060094833  6027215
0.16294503212  6022560
0.172451019287  6021351
0.180254936218  6020317
0.188810110092  6018979
0.188956022263  6004051
0.189361095428  5981538
0.189502000809  5978070
0.190632104874  5977072
0.192018032074  5976080
0.192434072495  5973846
0.192574977875  5971932
0.192857027054  5967764
0.19375705719  5963224
0.196401119232  5962897
0.197235107422  5945761
0.197422981262  5945012
0.207370042801  5942232
0.207654953003  5942220
0.20808506012  5936919
0.219777107239  5935857
0.21993303299  5930803
0.229711055756  5927987
0.229938030243  5927402
0.230386972427  5922012
0.231293916702  5914170
0.23172712326  5894712
0.232475996017  5884595
0.233534097672  5853141
0.233771085739  5851137
0.235319137573  5845555
0.23553109169  5809818
0.24741601944  5808477
0.247703075409  5808439
0.248137950897  5799198
0.260910987854  5797371
0.261063098907  5747599
0.275134086609  5746203
0.275298118591  5737702
0.27606010437  5735498
0.276196956635  5734570
0.276721954346  5697688
0.277796030045  5694268
0.289206981659  5691415
0.289493083954  5691235
0.303982019424  5690171
0.304124116898  5682545
0.31495308876  5679782
0.315091133118  5679767
0.326340913773  5678670
0.338969945908  5678503
0.33940911293  5678120
0.339993953705  5676487
0.354968070984  5676429
0.355111122131  5665006
0.355334043503  5664180
0.355628013611  5664037
0.355999946594  5654717
0.367763996124  5654347
0.382973909378  5653006
0.383677959442  5652713
0.400115013123  5652243
0.401255130768  5652073
0.401837110519  5651892
0.415663003922  5651145
0.430463075638  5650762
0.430778026581  5630527
0.431488037109  5627704
0.432358026505  5627418
0.432660102844  5576394
0.432801008224  5573061
0.434159040451  5572941
0.434622049332  5572796
0.453866004944  5572680
0.469763040543  5572264
0.471117973328  5572223
0.471297979355  5571939
0.471923112869  5571699
0.473029136658  5570046
0.473170042038  5568481
0.473390102386  5561320
0.474477052689  5557919
0.490971088409  5556967
0.510154008865  5556845
0.510348081589  5550985
0.510623931885  5542057
0.510790109634  5534249
0.511145114899  5528155
0.511688947678  5504441
0.512707948685  5502011
0.512969970703  5470642
0.514231920242  5461914
0.514467954636  5451217
0.514838933945  5440518
0.521117925644  5438021
0.521337985992  5436389
0.521794080734  5435554
0.522006034851  5432378
0.523432016373  5429851
0.52436709404  5425953
0.52530503273  5376597
0.525491952896  5335369
0.52685213089  5335075
0.531110048294  5332857
0.538239955902  5331211
0.538456916809  5330826
0.538749933243  5326892
0.542110919952  5326790
0.542328119278  5326310
0.562668085098  5326181
0.563045024872  5266702
0.563496112823  5262842
0.563632965088  5258116
0.564160108566  5245487
0.564765930176  5245483
0.565135002136  5237666
0.565818071365  5236887
0.581077098846  5235870
0.597203969955  5235513
0.614073038101  5234993
0.614210128784  5187860
0.61442399025  5182922
0.61487197876  5176977
0.615396976471  5176975
0.616312980652  5175893
0.618467092514  5172291
0.619383096695  5169485
0.619519948959  5168632
0.619812011719  5168179
0.619947910309  5167292
0.620316982269  5134327
0.621467113495  5130427
0.646363973618  5130172
0.665215969086  5130097
0.665359020233  5128939
0.667829990387  5120490
0.670705080032  5119211
0.673491954803  5118538
0.673685073853  5102645
0.687418937683  5101702
0.69366812706  5100922
0.711941003799  5099281
0.712330102921  5098332
0.730165958405  5098033
0.730308055878  5097592
0.748297929764  5096778
0.748439073563  5096700
0.748660087585  5092546
0.767452955246  5092427
0.76775598526  5089235
0.767898082733  5085426
0.768279075623  5068046
0.768419981003  5068007
0.768640041351  5066699
0.769181013107  5062628
0.769320964813  5024721
0.769861936569  5014261
0.77268910408  5013650
0.774843931198  5009262
0.774984121323  5008665
0.795423030853  5007185
0.816432952881  5007167
0.816777944565  4993038
0.838045120239  4989631
0.859050989151  4988339
0.8812251091  4988329
0.881392002106  4988184
0.923373937607  4986450
0.965613126755  4986398
1.02757191658  4986252
