0.0385248661041  7426853
0.0388069152832  7403079
0.0391478538513  7401351
0.0392899513245  7390481
0.0397689342499  7378252
0.0399310588837  7377575
0.0407149791718  7377406
0.0413188934326  7375492
0.0420069694519  7375414
0.0429639816284  7363956
0.043105840683  7357108
0.0433299541473  7355883
0.0436339378357  7352524
0.0449960231781  7352335
0.0451860427856  7352121
0.0456230640411  7351854
0.0471229553223  7350494
0.0473840236664  7350148
0.0477428436279  7338942
0.0489628314972  7338864
0.0504138469696  7332354
0.0514080524445  7250438
0.0521149635315  7249614
0.054260969162  7247927
0.0544059276581  7194687
0.0548748970032  7194291
0.0550169944763  7168089
0.0554029941559  7167770
0.0558679103851  7166278
0.0564270019531  7164247
0.0569548606873  7163481
0.0575559139252  7140019
0.0589258670807  7138363
0.0612230300903  7134957
0.0636029243469  7132354
0.0638179779053  7120870
0.0669569969177  7119639
0.0671448707581  7117875
0.0704309940338  7117777
0.0708010196686  7115862
0.0725939273834  7114235
0.075355052948  7111930
0.0793750286102  7108767
0.0839350223541  7107152
0.0841238498688  7091955
0.0845370292664  7090510
0.0852398872375  7086239
0.0854339599609  7040493
0.0892150402069  7036595
0.0893828868866  7035867
0.0927560329437  7033958
0.0928988456726  7024161
0.0974140167236  7022582
0.0981199741364  7021478
0.0985758304596  7020847
0.0996718406677  7004651
0.0998589992523  7003713
0.100152015686  7003683
0.100550889969  7002807
0.101163864136  7002334
0.101980924606  7001909
0.106194972992  6999840
0.106354951859  6998241
0.110677957535  6995352
0.11107301712  6993156
0.111215829849  6992064
0.111520051956  6991675
0.111906051636  6982781
0.112146854401  6978531
0.112335920334  6978431
0.11755490303  6978372
0.122349023819  6978345
0.12290096283  6968414
0.123143911362  6965273
0.128212928772  6963398
0.135093927383  6961813
0.135360002518  6959380
0.135720014572  6917915
0.135886907578  6917036
0.136630058289  6916277
0.137076854706  6915167
0.137228012085  6911164
0.137986898422  6902776
0.138310909271  6902537
0.138466835022  6900354
0.14022898674  6897207
0.141551971436  6896408
0.141793012619  6880050
0.142179012299  6868715
0.143949985504  6868478
0.146234989166  6868108
0.153069972992  6865794
0.153240919113  6862577
0.159098863602  6860883
0.159288883209  6860486
0.166501998901  6860247
0.166791915894  6841481
0.167315006256  6835899
0.173773050308  6834013
0.179561853409  6831721
0.179710865021  6831702
0.179934978485  6823416
0.187378883362  6822010
0.18757390976  6743469
0.194365024567  6742237
0.194512844086  6729395
0.20073890686  6727061
0.200885057449  6648086
0.208129882812  6645887
0.208293914795  6637610
0.209197998047  6630410
0.209665060043  6598086
0.210779905319  6595667
0.211083889008  6594874
0.212523937225  6576249
0.212908029556  6575732
0.214141845703  6574906
0.221710920334  6572603
0.221883058548  6505583
0.229516983032  6503252
0.229663848877  6496536
0.229969024658  6494367
0.237601041794  6492491
0.237746953964  6492156
0.2458319664  6491509
0.246302843094  6479368
0.254505872726  6477593
0.254765033722  6476106
0.255312919617  6475561
0.25545501709  6433069
0.255858898163  6432639
0.257930040359  6431567
0.2593729496  6431533
0.269356966019  6429497
0.269508838654  6429034
0.269757032394  6417756
0.274293899536  6416314
0.274450063705  6415809
0.274764060974  6413877
0.274919986725  6412891
0.277586936951  6412652
0.288715839386  6410330
0.288943052292  6409867
0.300472021103  6409738
0.300806045532  6409584
0.310960054398  6408896
0.321295022964  6406782
0.321442842484  6395201
0.332393884659  6393278
0.332706928253  6382539
0.344413995743  6380444
0.344878911972  6375879
0.345700979233  6355669
0.358496904373  6353928
0.358645915985  6353629
0.360415935516  6353144
0.36146903038  6352651
0.373018026352  6352110
0.373705863953  6346821
0.378612995148  6344639
0.380738973618  6343225
0.381047010422  6342314
0.382299900055  6338780
0.390445947647  6336233
0.405169963837  6334135
0.405318021774  6328214
0.405624866486  6324559
0.405768871307  6321402
0.40615606308  6304464
0.41780090332  6303181
0.418132066727  6301787
0.422209024429  6300987
0.426939964294  6300926
0.427110910416  6300140
0.427374839783  6290277
0.427988052368  6289561
0.428685903549  6281841
0.430189847946  6281623
0.430332899094  6278854
0.430821895599  6273127
0.431125879288  6271700
0.43168091774  6271015
0.431902885437  6255721
0.43284702301  6254936
0.435022830963  6254876
0.443265914917  6254175
0.443902015686  6253953
0.444125890732  6253607
0.444784879684  6252911
0.445417881012  6245362
0.450266838074  6245319
0.450414896011  6240363
0.4507188797  6221255
0.451184988022  6220707
0.451326847076  6209842
0.451551914215  6179310
0.452256917953  6173518
0.455724954605  6173150
0.458482980728  6172897
0.458935976028  6160898
0.460057973862  6160823
0.461699008942  6159714
0.461871862411  6088463
0.463600873947  6087682
0.479532003403  6087598
0.479725837708  6087568
0.480129003525  6084900
0.492666959763  6084877
0.506273984909  6084691
0.506496906281  6084285
0.507658958435  6083637
0.507797002792  6083294
0.508643865585  6082288
0.524123907089  6081521
0.524281978607  6057638
0.524697065353  6053202
0.524834871292  6053083
0.525362968445  6052884
0.542021036148  6051027
0.547515869141  6049842
0.551718950272  6046341
0.566809892654  6045520
0.56694984436  6042603
0.567245006561  6027251
0.56801199913  6019944
0.568227052689  5988419
0.568364858627  5986956
0.568737030029  5985653
0.569819927216  5985536
0.569957017899  5984736
0.58610701561  5983590
0.58633184433  5982229
0.606256961823  5981170
0.607739925385  5979379
0.608438014984  5974118
0.623169898987  5973826
0.623308897018  5966308
0.623996973038  5965953
0.624605894089  5965701
0.624820947647  5958250
0.625428915024  5957466
0.626214981079  5957153
0.626430988312  5955529
0.626567840576  5955255
0.627373933792  5955223
0.628242015839  5954584
0.643658876419  5953368
0.653347969055  5953192
0.654487848282  5952722
0.654639959335  5951784
0.660536050797  5951535
0.660758018494  5951380
0.660896062851  5950812
0.67536687851  5949167
0.694043874741  5948937
0.694208860397  5948831
0.694426059723  5922379
0.694797992706  5920397
0.695797920227  5920350
0.69593501091  5919792
0.711216926575  5918767
0.727337837219  5917757
0.727573871613  5911644
0.727879047394  5909492
0.728020906448  5873894
0.728936910629  5871839
0.729485988617  5870782
0.745682001114  5869107
0.761682033539  5868271
0.762075901031  5868206
0.762217998505  5864117
0.762440919876  5860356
0.76274394989  5859684
0.763128042221  5857720
0.763846874237  5856748
0.764092922211  5855438
0.779549837112  5854889
0.795116901398  5854587
0.812592983246  5853339
0.828861951828  5853316
0.82901597023  5851361
0.846093893051  5851120
0.862944841385  5849994
0.864176034927  5844868
0.865236997604  5842828
0.887402057648  5841582
0.904518842697  5840920
0.904747009277  5828376
0.925003051758  5827348
0.947335004807  5826270
0.947556018829  5824875
0.94801402092  5818767
0.949286937714  5817497
0.97061085701  5816285
0.992137908936  5815359
0.992318868637  5813948
0.992565870285  5812925
0.992938041687  5797912
0.993387937546  5786573
0.994020938873  5785836
1.01299405098  5785220
1.03338599205  5784927
1.03377795219  5775566
1.03392004967  5772214
1.05415701866  5770654
1.0727660656  5770572
1.07301902771  5769570
1.0927400589  5765951
1.11227989197  5762211
1.13186597824  5761365
1.15182185173  5757366
1.17507600784  5756398
1.20104598999  5755815
1.22530198097  5752209
1.25046300888  5751636
1.27283191681  5750572
1.29546189308  5723240
1.31805801392  5722879
1.33927798271  5707102
1.36127901077  5676458
1.3837389946  5673675
1.42868590355  5671652
1.46543288231  5671255
1.50273489952  5670844
1.52501392365  5670257
1.54928803444  5670022
1.59117889404  5669986
1.61298298836  5666574
1.65442085266  5666404
1.67572999001  5665529
1.71710205078  5664889
1.75947594643  5630572
1.80375695229  5628444
1.80391597748  5628285
1.82435202599  5628169
1.82509589195  5627825
1.82540988922  5626553
1.82555603981  5625117
1.82595300674  5589428
1.82609891891  5588848
1.82657790184  5587552
1.82672405243  5586691
1.82728791237  5584004
1.82797193527  5577685
1.82828497887  5576308
1.82936286926  5573916
1.82950997353  5573289
1.83360505104  5573027
1.83603286743  5571526
1.8368499279  5571430
1.83790898323  5568664
1.85143184662  5568577
1.85248303413  5558252
1.85263490677  5556121
1.85590100288  5555293
1.85697889328  5554042
1.87023305893  5552300
1.89066004753  5552051
1.89090204239  5547156
1.89348888397  5546331
1.94381403923  5545866
2.03426289558  5464865
2.12961006165  5460596
2.22245001793  5445587
2.30625796318  5445088
2.39455199242  5372924
2.48423695564  5324193
2.57531404495  5318592
2.66448187828  5279708
2.7536149025  5274973
2.83214592934  5268799
2.91290092468  5263543
2.99785399437  5261721
3.08794593811  5243213
3.17267084122  5237633
3.26399588585  5236060
3.28580403328  5235914
3.31114792824  5235699
3.31373906136  5234949
3.31387805939  5228926
3.31574702263  5221302
3.31601500511  5215275
3.319617033  5213707
3.32120394707  5213642
3.32235383987  5212816
3.34276890755  5212546
3.43039488792  5211631
3.51874804497  5144547
3.60885190964  5142457
3.70726394653  5090049
3.79660487175  5014106
3.88318490982  5013833
3.98354387283  5013651
4.01721286774  5013130
4.06608200073  5012519
4.16032791138  5012405
4.24025392532  5007472
4.32361483574  5001616
4.40018296242  4930827
4.48078989983  4922494
4.56016588211  4922324
4.57956504822  4922323
4.80835294724  4921793
5.02245402336  4921687
5.26457691193  4896630
5.50775384903  4895712
5.72527885437  4894886
5.95400190353  4892504
6.18602085114  4891330
6.42660403252  4888124
6.67091393471  4886679
6.9049949646  4886171
7.12371397018  4872307
7.3733549118  4872169
7.60791087151  4871332
7.85145187378  4868903
8.09240198135  4868332
8.33373498917  4867645
8.57328295708  4866676
8.75509905815  4866654
9.03670406342  4862697
9.20601391792  4862061
9.39663100243  4861722
9.68238091469  4860070
9.94497299194  4855222
9.96810293198  4855138
9.9887509346  4854719
10.0135219097  4854706
10.0398938656  4854459
10.2950730324  4847647
10.5482828617  4847261
10.79814291  4846283
11.0460510254  4846253
11.3256649971  4845217
11.6289129257  4844815
11.9492268562  4844813
12.2498469353  4769868
12.5693919659  4768632
12.8931238651  4695934
13.1725618839  4695806
13.4899330139  4695175
13.8238840103  4693006
14.1922359467  4690953
14.5734169483  4690880
14.9085478783  4685073
15.28363204  4681355
15.6548810005  4658579
16.0298149586  4657724
16.4115350246  4654708
16.7828350067  4652229
17.1066038609  4583141
17.1274130344  4582394
17.1466610432  4582125
17.1662018299  4582031
17.206084013  4582027
17.247426033  4581993
17.291328907  4581154
17.3671450615  4580999
17.4477398396  4580842
17.5747699738  4580639
17.7509069443  4580037
17.9631109238  4579536
18.2197020054  4579369
18.4924218655  4577555
18.7280988693  4577303
18.9188499451  4577204
19.1344089508  4576714
19.4661519527  4554408
19.7857408524  4553497
20.1066138744  4553424
20.4315569401  4552528
20.7578120232  4547050
21.0744550228  4544420
21.4308848381  4540128
21.7623019218  4539516
22.1023738384  4538967
22.5193018913  4536557
22.9283368587  4535967
23.3543949127  4535405
23.7858190536  4535400
24.2090890408  4533755
24.6238930225  4532484
25.0371859074  4531286
25.4417829514  4531225
25.8475558758  4530660
26.2553198338  4530558
26.685956955  4528616
27.1520700455  4528608
27.6090300083  4528379
28.0694830418  4521931
28.5350558758  4521886
29.0121538639  4515125
29.4489719868  4501068
29.8993508816  4500817
30.2577979565  4500045
30.6177589893  4499740
31.0777029991  4498789
31.5519459248  4498421
32.0158469677  4498366
32.4950158596  4483285
32.9741108418  4482964
33.4500799179  4474010
33.9150128365  4473270
34.3196699619  4473184
34.7244398594  4472230
35.1420860291  4471812
35.5583000183  4471264
35.9753358364  4469203
36.3949759007  4468218
36.8180119991  4467487
37.2415289879  4466281
37.6647570133  4459437
38.0883319378  4457500
38.5290930271  4456614
38.950412035  4452497
39.3673920631  4452335
39.7908549309  4449702
40.2089378834  4439432
40.6257860661  4437365
41.0485990047  4434743
41.4706840515  4412551
41.8879048824  4409982
42.3145339489  4409077
42.737334013  4406889
43.1622099876  4404137
43.5863180161  4404069
44.0118119717  4400895
44.4352760315  4384923
44.8516418934  4384828
45.2693018913  4383318
45.6875810623  4382157
46.1043138504  4380739
46.5238170624  4379016
46.9426920414  4372491
46.9633529186  4372326
46.9999279976  4371508
47.0380518436  4370429
47.0758500099  4369956
47.0949299335  4369730
47.1314959526  4369409
47.1513538361  4369323
47.1899590492  4368668
47.3041229248  4368099
47.5448019505  4355613
47.6579129696  4353631
47.8259818554  4352988
47.9576380253  4352919
48.1983239651  4351240
48.4423909187  4301289
48.6842479706  4294049
48.9656939507  4293382
49.2277958393  4293217
49.5206978321  4207113
49.8084778786  4204577
50.0802259445  4204480
50.3410019875  4204448
50.6221599579  4203930
50.9414148331  4201726
51.2552089691  4201294
51.5538749695  4199356
51.8525090218  4196050
51.8537478447  4195958
52.1558308601  4195294
52.3966329098  4195281
52.642649889  4195034
53.098086834  4194863
53.5527160168  4194754
54.0093319416  4194075
54.4983680248  4193803
55.0596308708  4193479
55.6192820072  4193422
56.0759379864  4192954
56.5361909866  4192802
57.1650359631  4191185
57.7860360146  4189948
58.4497969151  4187567
59.0917389393  4187430
59.7743840218  4167239
60.4458098412  4166176
60.4483480453  4162630
60.4484870434  4162430
60.4487040043  4161727
60.4490990639  4160574
60.5295610428  4159595
60.5566439629  4159028
60.5809500217  4158555
60.6291379929  4157906
61.2228369713  4148380
61.7700839043  4130089
62.3899669647  4115798
62.9358429909  4085052
63.3856730461  4084707
63.7851240635  4084373
64.0530269146  4084285
64.3010969162  4084254
64.7017860413  4083960
65.2426450253  4082771
65.8264918327  4080347
65.829584837  4078976
65.8297488689  4078334
65.830188036  4077640
65.8330349922  4076714
66.4336428642  4069815
66.4359300137  4068177
66.8402979374  4068025
67.2704329491  4067941
67.6771359444  4067419
68.208646059  4066716
68.7504630089  4066499
69.2971220016  4066027
69.7660429478  4065828
70.3007588387  4064722
70.8407618999  4064322
71.3846809864  4062620
71.9089839458  4062385
72.4831988811  4047672
73.0724630356  3978874
73.0748970509  3976262
73.0756318569  3974733
73.1437458992  3974723
73.1815588474  3974462
73.2729408741  3973387
73.7706408501  3972930
74.3164339066  3971476
74.9020750523  3969393
75.5026760101  3968456
75.505177021  3967027
75.5054600239  3966385
75.5061688423  3965691
75.9200599194  3965286
76.306306839  3965137
76.6707499027  3964706
77.1586680412  3963764
77.6832139492  3960822
78.2089269161  3960814
78.7352859974  3960450
79.3274219036  3960419
79.9690299034  3956356
80.5331299305  3956184
81.078856945  3956113
81.6940360069  3954079
82.346020937  3953920
83.0012378693  3953766
83.6641738415  3953693
84.3288118839  3944881
84.9817318916  3944864
85.6281130314  3943519
86.2767758369  3934649
86.9065308571  3930594
87.5622420311  3930531
88.2543179989  3929945
88.8510329723  3846595
88.8535919189  3845780
88.853730917  3845623
88.8539469242  3845617
88.8542399406  3845584
88.85461092  3845315
88.855453968  3843746
88.8992228508  3843485
88.9685368538  3841391
89.5063769817  3839988
90.1225159168  3838539
90.7807018757  3838481
91.4233109951  3823616
92.03992486  3819740
92.6931660175  3819432
93.2452619076  3818355
93.6752820015  3818147
94.0247850418  3818079
94.3796508312  3817966
94.7361440659  3817532
95.1591918468  3816875
95.7394199371  3816476
96.4269769192  3775771
97.078909874  3733493
97.7404179573  3728902
97.7430200577  3727897
98.4102349281  3719770
98.7668669224  3719457
99.1347620487  3719097
99.488191843  3718896
99.921118021  3718154
100.388375044  3717822
100.870055914  3716813
101.410413027  3715624
102.011808872  3715390
102.625602007  3715111
103.273372889  3714080
103.94854784  3711330
104.55931592  3707627
105.148293018  3707610
105.759407043  3707078
106.44701004  3706733
107.202148914  3705373
107.995483875  3704931
108.825628996  3704177
108.828773975  3702240
108.83443594  3701830
109.654382944  3701556
110.41086483  3700686
111.136250973  3697096
111.855046034  3697057
112.698343039  3696889
113.526725054  3688904
114.372841835  3685078
115.225595951  3682414
116.093267918  3679789
116.904648066  3678701
117.649487972  3668911
118.388632059  3634560
119.129426003  3629083
119.884317875  3626658
120.627020836  3622521
121.368697882  3598954
122.124680042  3596814
122.863831043  3588653
123.603909969  3587860
124.344877005  3583659
125.085916042  3581217
125.835682869  3568921
126.587753057  3545711
127.227429867  3544815
127.942942858  3544192
128.774940014  3543095
129.410789967  3542762
130.05091095  3539472
130.687788963  3539158
131.402667046  3539102
132.149072886  3538896
132.889575005  3538259
133.629014969  3537798
134.429653883  3536630
135.075904846  3536466
135.753825903  3536353
136.458662987  3536239
137.105866909  3535995
137.747557878  3535879
138.50116086  3526312
139.256537914  3521213
140.010186911  3519986
140.777621984  3519876
141.424880028  3518980
142.158637047  3518357
143.00049901  3517760
143.639765978  3516867
144.285128832  3516374
144.927397966  3516355
145.451830864  3516258
145.958516836  3515847
146.398253918  3515419
146.769691944  3515381
147.296144009  3515203
147.834048033  3515074
148.504571915  3515042
149.359505892  3511546
150.214526892  3506030
151.073585033  3493277
151.932994843  3492561
152.791000843  3483588
153.64384985  3480125
154.490864038  3479669
155.34235096  3478716
155.86053586  3477629
156.492753983  3476341
157.312871933  3475550
158.158354998  3474472
158.678395033  3472132
159.19759798  3471664
160.044237852  3471608
160.894022942  3467301
161.735476017  3460044
162.581662893  3457106
163.421505928  3454713
164.282068014  3454600
165.123103857  3454236
165.972079992  3452969
166.831574917  3445599
167.692540884  3442433
168.217571974  3442409
168.706902027  3441898
169.349732876  3441875
170.217532873  3439986
170.848182917  3439075
170.852120876  3437641
170.852438927  3437402
170.85281086  3436706
170.871942043  3436508
170.891201019  3436236
170.929512024  3435398
170.986204863  3435160
171.062100887  3434715
171.906549931  3432996
172.083274841  3432819
172.255893946  3432797
172.424289942  3432601
172.593703985  3432370
172.762085915  3432254
172.97113204  3430874
173.14321804  3429949
174.035189867  3428914
174.943034887  3428855
175.856446028  3428125
176.768038988  3428110
177.717699051  3425532
178.635192871  3424256
179.548141003  3423512
179.755955935  3423477
179.923413038  3423105
180.133779049  3423026
180.341068983  3422940
180.511610985  3422908
180.737449884  3420875
180.984479904  3420499
181.230998993  3420392
181.471163034  3420127
181.735002041  3420001
182.011141062  3418693
182.280699968  3418147
182.576050043  3417454
182.819224834  3417292
183.108104944  3417275
183.348948956  3417010
183.670824051  3416800
183.992961884  3414205
184.30488801  3414129
184.626878023  3412882
184.938573837  3411753
185.262071848  3411571
185.586292982  3411405
185.899309874  3406479
186.215793848  3403886
186.529779911  3402200
186.870944023  3400600
187.282667875  3400436
187.712286949  3400120
188.150038958  3399122
188.604640007  3398626
189.003759861  3398564
189.43686986  3379112
189.785166025  3377686
190.131536961  3377414
190.564844847  3324492
191.000021935  3305645
191.001895905  3305294
191.019798994  3303976
191.035662889  3303741
191.036432028  3283800
191.042891979  3282738
191.049905062  3282715
191.056941032  3282465
191.063304901  3281303
191.069926977  3278817
191.076772928  3278688
191.076989889  3209640
191.077383995  3209070
191.077522039  3204261
191.07813096  3203921
191.078347921  3200858
191.085386038  3198487
191.101589918  3197242
191.70478797  3197173
192.310864925  3194256
192.929622889  3193935
192.933263063  3192652
193.727928877  3191950
194.54906702  3191450
195.469487906  3190633
196.395624876  3187196
197.366875887  3124754
198.295884848  3124143
199.263263941  3058377
200.190045834  3054471
201.162394047  3043142
202.135146856  3040592
203.104609966  3006352
204.071513891  2999208
204.993957043  2999124
205.957841873  2995153
206.923905849  2980978
207.853811026  2976255
208.822881937  2959923
209.800618887  2956414
210.725730896  2955961
211.694717884  2950157
211.699339867  2949648
211.699555874  2947917
211.700475931  2946993
211.705041885  2946699
211.876978874  2945743
212.049021006  2945497
212.221907854  2944423
212.400792837  2944335
213.16772604  2943123
214.137106895  2936799
215.076666832  2936236
215.988647938  2936151
216.957308054  2935119
217.131052017  2933589
217.302023888  2932666
217.491662025  2931781
217.680942059  2931515
217.923745871  2930989
218.407369852  2930218
218.877716064  2928936
219.359413862  2927590
219.829056978  2906699
220.070677042  2906256
220.257736921  2906080
220.514667034  2904879
220.773435831  2904437
221.015212059  2903689
221.517263889  2898401
222.018110991  2887452
222.523150921  2870902
223.033512831  2864931
223.562293053  2861123
223.749783993  2860329
223.995187998  2859813
224.290307045  2859529
224.548965931  2859498
224.947890043  2859205
225.35168004  2858689
225.751101017  2858215
226.180879831  2857739
226.592118025  2857238
226.991566896  2851750
227.39268589  2851728
227.792947054  2851415
228.193109035  2851400
228.610560894  2851067
229.071179867  2850772
229.512510061  2849811
230.015621901  2848813
230.522505999  2848521
230.992589951  2848510
231.445952892  2848506
231.881388903  2848488
232.392638922  2846738
232.917711973  2846186
233.456362009  2845725
233.976188898  2845144
234.499588966  2845117
235.024693966  2834987
235.547056913  2830259
236.068750858  2828587
236.59253788  2828202
237.11796093  2811144
237.645149946  2800488
238.079072952  2800408
238.513491869  2799463
239.032682896  2799129
239.515671015  2798161
240.03430295  2796863
240.519311905  2796675
241.080857992  2795772
241.634045839  2764090
242.034060955  2764015
242.433770895  2763544
242.853355885  2763291
243.402924061  2740900
243.956043005  2737479
244.505208015  2736080
245.062731981  2735979
245.621577024  2734284
246.17689395  2729483
246.735432863  2727271
247.285028934  2710827
247.841218948  2706483
248.457324982  2695954
249.073137045  2664401
249.689800024  2599203
250.304656029  2564187
250.927576065  2531429
251.548303843  2526769
252.166880846  2526468
252.786612034  2510118
253.405637026  2492017
254.024873972  2471257
254.658470869  2453091
255.290009975  2437732
255.929947853  2437407
256.569628  2436968
257.208988905  2391112
257.844611883  2360929
258.494446993  2360677
259.148220062  2360487
259.796339035  2360453
260.444766998  2347732
261.097781897  2346638
261.748600006  2346607
262.401963949  2346556
263.052639961  2334403
263.705899954  2330345
264.40087986  2327043
265.098791838  2318678
265.799195051  2317747
266.503979921  2316272
267.213155031  2314357
267.937195063  2313415
268.686336994  2313308
269.423112869  2286635
270.153316975  2280009
270.895004988  2241541
271.637393951  2241510
272.377974987  2206054
273.12666297  2205483
273.880647898  2205427
274.637692928  2196310
275.404458046  2196252
276.16789794  2192660
276.930934906  2190705
277.695250988  2189958
278.445581913  2189943
279.198431969  2189302
279.979475975  2157428
280.736382008  2157148
281.516804934  2157034
282.262917995  2157033
283.041554928  2156952
283.820549011  2154240
284.60182786  2133008
285.34614706  2132455
286.156297922  2131410
286.991426945  2120605
287.846297979  2120526
288.698488951  2120279
289.552732944  2120274
290.407474041  2119676
291.278401852  2119320
292.263772011  2087966
293.239287853  2085533
294.213564873  2085035
295.190074921  2053501
296.181587934  2038211
297.163043976  2036535
298.148902893  2024101
299.141726017  2020764
300.125244856  2013193
