0.0377950668335  7426853
0.0380840301514  7403079
0.0384140014648  7401351
0.0385529994965  7390481
0.039008140564  7378252
0.0391461849213  7377575
0.0398361682892  7377406
0.0403690338135  7375492
0.0409770011902  7375414
0.0419061183929  7363956
0.0420451164246  7357108
0.0422630310059  7355883
0.0425810813904  7352524
0.0436661243439  7352335
0.0438051223755  7352121
0.0440220832825  7351854
0.0450251102448  7350494
0.0452411174774  7350148
0.0455360412598  7338942
0.0465981960297  7338864
0.0480220317841  7332354
0.049152135849  7250438
0.0500240325928  7249614
0.052323102951  7247927
0.0524621009827  7194687
0.0529141426086  7194291
0.0530521869659  7168089
0.053426027298  7167770
0.0538790225983  7166278
0.0544111728668  7164247
0.0548632144928  7163481
0.0554361343384  7140019
0.0566802024841  7138363
0.0586631298065  7134957
0.0606961250305  7132354
0.0608351230621  7120870
0.0629451274872  7119639
0.0630831718445  7117875
0.065514087677  7117777
0.0658102035522  7115862
0.0673670768738  7114235
0.0698192119598  7111930
0.0723321437836  7108767
0.0751650333405  7107152
0.0753030776978  7091955
0.0755980014801  7090510
0.0760509967804  7086239
0.076189994812  7040493
0.0791261196136  7036595
0.0792651176453  7035867
0.082248210907  7033958
0.0823881626129  7024161
0.085841178894  7022582
0.0863091945648  7021478
0.086617231369  7020847
0.0873861312866  7004651
0.0875241756439  7003713
0.0878090858459  7003683
0.0881721973419  7002807
0.088623046875  7002334
0.0892400741577  7001909
0.0938730239868  6999840
0.0940852165222  6998241
0.0989370346069  6995352
0.09938621521  6993156
0.099552154541  6992064
0.099906206131  6991675
0.100311994553  6982781
0.100547075272  6978531
0.100697040558  6978431
0.104589223862  6978372
0.108735084534  6978345
0.109262228012  6968414
0.109476089478  6965273
0.113646030426  6963398
0.11850810051  6961813
0.118724107742  6959380
0.119016170502  6917915
0.119153022766  6917036
0.119756221771  6916277
0.12012720108  6915167
0.12026309967  6911164
0.120943069458  6902776
0.121236085892  6902537
0.1213722229  6900354
0.122996091843  6897207
0.124145030975  6896408
0.124360084534  6880050
0.124729156494  6868715
0.125829219818  6868478
0.127059221268  6868108
0.131939172745  6865794
0.132076025009  6862577
0.136943101883  6860883
0.137079000473  6860486
0.142263174057  6860247
0.142400026321  6841481
0.142770051956  6835899
0.147955179214  6834013
0.154081106186  6831721
0.154247045517  6831702
0.154508113861  6823416
0.16020321846  6822010
0.160340070724  6743469
0.165957212448  6742237
0.166093111038  6729395
0.17165517807  6727061
0.171793222427  6648086
0.1784491539  6645887
0.178597211838  6637610
0.179553031921  6630410
0.180086135864  6598086
0.181155204773  6595667
0.181448221207  6594874
0.182851076126  6576249
0.183220148087  6575732
0.184369087219  6574906
0.191708087921  6572603
0.191894054413  6505583
0.198903083801  6503252
0.199040174484  6496536
0.199331998825  6494367
0.206426143646  6492491
0.206564188004  6492156
0.213992118835  6491509
0.214440107346  6479368
0.221944093704  6477593
0.222159147263  6476106
0.222686052322  6475561
0.222822189331  6433069
0.223214149475  6432639
0.224990129471  6431567
0.226368188858  6431533
0.23554110527  6429497
0.235679149628  6429034
0.235894203186  6417756
0.239958047867  6416314
0.240094184875  6415809
0.240309000015  6413877
0.240446090698  6412891
0.242918014526  6412652
0.252207994461  6410330
0.252421140671  6409867
0.26412820816  6409738
0.264449119568  6409584
0.273913145065  6408896
0.283457040787  6406782
0.28359413147  6395201
0.293912172318  6393278
0.294339179993  6382539
0.304659128189  6380444
0.304949998856  6375879
0.305477142334  6355669
0.315903186798  6353928
0.316041231155  6353629
0.317739009857  6353144
0.318731069565  6352651
0.326511144638  6352110
0.327037096024  6346821
0.331348180771  6344639
0.333041191101  6343225
0.333334207535  6342314
0.334324121475  6338780
0.340573072433  6336233
0.351811170578  6334135
0.351948022842  6328214
0.352241039276  6324559
0.352378129959  6321402
0.35274720192  6304464
0.3627140522  6303181
0.363061189651  6301787
0.366787195206  6300987
0.370286226273  6300926
0.370423078537  6300140
0.370638132095  6290277
0.371204137802  6289561
0.37180519104  6281841
0.373193025589  6281623
0.373331069946  6278854
0.373777151108  6273127
0.374069213867  6271700
0.374437093735  6271015
0.374574184418  6255721
0.375178098679  6254936
0.37663602829  6254876
0.383623123169  6254175
0.384228229523  6253953
0.384443044662  6253607
0.384968996048  6252911
0.385572195053  6245362
0.390024185181  6245319
0.390161037445  6240363
0.39045214653  6221255
0.390898227692  6220707
0.391035079956  6209842
0.39124917984  6179310
0.391774177551  6173518
0.394017219543  6173150
0.396081209183  6172897
0.396450996399  6160898
0.397368192673  6160823
0.398673057556  6159714
0.398810148239  6088463
0.400294065475  6087682
0.411622047424  6087598
0.411759138107  6087568
0.412135124207  6084900
0.424597024918  6084877
0.438070058823  6084691
0.438326120377  6084285
0.439607143402  6083637
0.439749002457  6083294
0.440682172775  6082288
0.45504117012  6081521
0.455222129822  6057638
0.455672025681  6053202
0.455847024918  6053083
0.456423997879  6052884
0.469496011734  6051027
0.47247505188  6049842
0.475283145905  6046341
0.488754034042  6045520
0.488893032074  6042603
0.489186048508  6027251
0.489948034286  6019944
0.490164995193  5988419
0.490301132202  5986956
0.490672111511  5985653
0.491767168045  5985536
0.491904020309  5984736
0.506741046906  5983590
0.506915092468  5982229
0.522024154663  5981170
0.5231590271  5979379
0.523685216904  5974118
0.537764072418  5973826
0.537902116776  5966308
0.538585186005  5965953
0.539192199707  5965701
0.539480209351  5958250
0.540102005005  5957466
0.540864229202  5957153
0.541079998016  5955529
0.541217088699  5955255
0.541976213455  5955223
0.542815208435  5954584
0.555561065674  5953368
0.563064098358  5953192
0.564222097397  5952722
0.564408063889  5951784
0.570061206818  5951535
0.570276021957  5951380
0.57041311264  5950812
0.583344221115  5949167
0.59707403183  5948937
0.597211122513  5948831
0.597426176071  5922379
0.597795009613  5920397
0.59880900383  5920350
0.598946094513  5919792
0.613453149796  5918767
0.630451202393  5917757
0.63072013855  5911644
0.63107919693  5909492
0.631246089935  5873894
0.632275104523  5871839
0.632896184921  5870782
0.647469043732  5869107
0.662589073181  5868271
0.663036108017  5868206
0.663207054138  5864117
0.663503170013  5860356
0.66385602951  5859684
0.664300203323  5857720
0.665140151978  5856748
0.665358066559  5855438
0.680071115494  5854889
0.694995164871  5854587
0.710215091705  5853339
0.725333213806  5853316
0.725472211838  5851361
0.740603208542  5851120
0.755840063095  5849994
0.756450176239  5844868
0.75698018074  5842828
0.77295422554  5841582
0.788325071335  5840920
0.788542032242  5828376
0.803958177567  5827348
0.820234060287  5826270
0.820373058319  5824875
0.820667028427  5818767
0.82151222229  5817497
0.837779045105  5816285
0.854498147964  5815359
0.854637145996  5813948
0.854852199554  5812925
0.855159044266  5797912
0.855541229248  5786573
0.856070041656  5785836
0.873162031174  5785220
0.890175104141  5784927
0.890548229218  5775566
0.890687227249  5772214
0.907711029053  5770654
0.925377130508  5770572
0.92559504509  5769570
0.944710016251  5765951
0.963845014572  5762211
0.983160018921  5761365
1.0022611618  5757366
1.02155399323  5756398
1.04223608971  5755815
1.06122016907  5752209
1.08076000214  5751636
1.10028719902  5750572
1.11946201324  5723240
1.13865208626  5722879
1.15757203102  5707102
1.1773622036  5676458
1.19697523117  5673675
1.23531103134  5671652
1.26948809624  5671255
1.30138516426  5670844
1.32048416138  5670257
1.34054017067  5670022
1.37731313705  5669986
1.39699912071  5666574
1.43392109871  5666404
1.45300412178  5665529
1.49061918259  5664889
1.52840614319  5630572
1.56790709496  5628444
1.56804418564  5628285
1.58651614189  5628169
1.58731412888  5627825
1.58766412735  5626553
1.58780121803  5625117
1.58818912506  5589428
1.58835911751  5588848
1.58885502815  5587552
1.58899211884  5586691
1.58955407143  5584004
1.5901632309  5577685
1.590457201  5576308
1.5914580822  5573916
1.59159517288  5573289
1.59512901306  5573027
1.59741520882  5571526
1.59818005562  5571430
1.59902310371  5568664
1.61071801186  5568577
1.61164212227  5558252
1.61178016663  5556121
1.61452102661  5555293
1.61552000046  5554042
1.62722802162  5552300
1.64505410194  5552051
1.64527201653  5547156
1.6476380825  5546331
1.6908800602  5545866
1.76591300964  5464865
1.84139418602  5460596
1.91670918465  5445587
1.99228906631  5445088
2.06777715683  5372924
2.14312911034  5324193
2.218501091  5318592
2.29355311394  5279708
2.37005400658  5274973
2.44581818581  5268799
2.52178001404  5263543
2.59811210632  5261721
2.67431521416  5243213
2.751278162  5237633
2.82916712761  5236060
2.84825515747  5235914
2.86943817139  5235699
2.87161922455  5234949
2.87175703049  5228926
2.87349319458  5221302
2.87371015549  5215275
2.87699913979  5213707
2.87807917595  5213642
2.87923622131  5212816
2.89911413193  5212546
2.9751791954  5211631
3.05080699921  5144547
3.12686300278  5142457
3.20183205605  5090049
3.27796816826  5014106
3.35292100906  5013833
3.43362116814  5013651
3.45778512955  5013130
3.4955201149  5012519
3.57958006859  5012405
3.65547513962  5007472
3.73075318336  5001616
3.8061401844  4930827
3.88463020325  4922494
3.96106314659  4922324
3.9818251133  4922323
4.1763651371  4921793
4.36740517616  4921687
4.5730881691  4896630
4.77903008461  4895712
4.98334121704  4894886
5.18955016136  4892504
5.39469408989  4891330
5.60025906563  4888124
5.80840921402  4886679
6.01387119293  4886171
6.21872210503  4872307
6.42559409142  4872169
6.63069415092  4871332
6.83847999573  4868903
7.04778909683  4868332
7.25696706772  4867645
7.46584105492  4866676
7.63464808464  4866654
7.87820720673  4862697
8.04725623131  4862061
8.2158100605  4861722
8.4522600174  4860070
8.67570114136  4855222
8.69537210464  4855138
8.71445512772  4854719
8.73382711411  4854706
8.7535071373  4854459
8.97520518303  4847647
9.20091199875  4847261
9.42259716988  4846283
9.6442220211  4846253
9.88373208046  4845217
10.1443240643  4844815
10.4054181576  4844813
10.6620740891  4769868
10.9365470409  4768632
11.2111291885  4695934
11.4499561787  4695806
11.7282710075  4695175
12.0231420994  4693006
12.3357901573  4690953
12.6462790966  4690880
12.9580352306  4685073
13.2716670036  4681355
13.5817542076  4658579
13.8953020573  4657724
14.2139751911  4654708
14.5377650261  4652229
14.8512530327  4583141
14.8712410927  4582394
14.8901181221  4582125
14.9105920792  4582031
14.9489631653  4582027
14.9867961407  4581993
15.0267140865  4581154
15.1054160595  4580999
15.1806480885  4580842
15.2926850319  4580639
15.4594480991  4580037
15.662787199  4579536
15.9021890163  4579369
16.1590940952  4577555
16.3803081512  4577303
16.565043211  4577204
16.7682430744  4576714
17.0774321556  4554408
17.3866150379  4553497
17.6969740391  4553424
18.0082051754  4552528
18.318472147  4547050
18.6304500103  4544420
18.9413981438  4540128
19.2625670433  4539516
19.582062006  4538967
19.9290931225  4536557
20.3021872044  4535967
20.6714291573  4535405
21.0362291336  4535400
21.4028961658  4533755
21.7669570446  4532484
22.136931181  4531286
22.5073020458  4531225
22.8718471527  4530660
23.2383990288  4530558
23.6094779968  4528616
24.0134181976  4528608
24.4131290913  4528379
24.812762022  4521931
25.2177820206  4521886
25.6183450222  4515125
26.0194020271  4501068
26.4221169949  4500817
26.7344641685  4500045
27.0467951298  4499740
27.4474921227  4498789
27.8661091328  4498421
28.2671971321  4498366
28.6658461094  4483285
29.0657980442  4482964
29.4657931328  4474010
29.8653130531  4473270
30.2666430473  4473184
30.6681420803  4472230
31.0849730968  4471812
31.5038900375  4471264
31.9198131561  4469203
32.3347680569  4468218
32.752104044  4467487
33.1690990925  4466281
33.5852479935  4459437
34.0028381348  4457500
34.4369361401  4456614
34.8516321182  4452497
35.2653300762  4452335
35.6862721443  4449702
36.1021749973  4439432
36.5174500942  4437365
36.9418120384  4434743
37.3555550575  4412551
37.7740180492  4409982
38.1955611706  4409077
38.6103579998  4406889
39.025799036  4404137
39.4421951771  4404069
39.8561191559  4400895
40.2711420059  4384923
40.6861760616  4384828
41.1003501415  4383318
41.5200722218  4382157
41.9338099957  4380739
42.3489000797  4379016
42.7673130035  4372491
42.7877840996  4372326
42.8241012096  4371508
42.8616130352  4370429
42.8990030289  4369956
42.9179160595  4369730
42.9538021088  4369409
42.9742081165  4369323
43.0125741959  4368668
43.1264321804  4368099
43.3658921719  4355613
43.4838790894  4353631
43.6518371105  4352988
43.7842922211  4352919
44.0242800713  4351240
44.264332056  4301289
44.5076620579  4294049
44.7480611801  4293382
44.9893062115  4293217
45.2325530052  4207113
45.4769752026  4204577
45.7380261421  4204480
45.9963321686  4204448
46.2562491894  4203930
46.5322370529  4201726
46.8445651531  4201294
47.1414480209  4199356
47.4368472099  4196050
47.4380772114  4195958
47.7324230671  4195294
47.973842144  4195281
48.2157649994  4195034
48.6782920361  4194863
49.1248300076  4194754
49.5710320473  4194075
50.0513761044  4193803
50.5990810394  4193479
51.1476972103  4193422
51.5955090523  4192954
52.041779995  4192802
52.5924220085  4191185
53.144338131  4189948
53.710185051  4187567
54.2759990692  4187430
54.8444812298  4167239
55.412689209  4166176
55.4151701927  4162630
55.4153079987  4162430
55.4155230522  4161727
55.4159121513  4160574
55.4955990314  4159595
55.5185592175  4159028
55.5373661518  4158555
55.5769760609  4157906
56.0930380821  4148380
56.6064321995  4130089
57.1227731705  4115798
57.6436362267  4085052
58.0774002075  4084707
58.4813740253  4084373
58.740249157  4084285
58.9856622219  4084254
59.3673892021  4083960
59.8536961079  4082771
60.3818130493  4080347
60.3840692043  4078976
60.3842060566  4078334
60.3846189976  4077640
60.3868861198  4076714
60.9033110142  4069815
60.9055891037  4068177
61.2522780895  4068025
61.5976240635  4067941
61.9428369999  4067419
62.39173913  4066716
62.8746721745  4066499
63.3411071301  4066027
63.7901830673  4065828
64.3079500198  4064722
64.8323631287  4064322
65.3601541519  4062620
65.8256092072  4062385
66.3393580914  4047672
66.8540401459  3978874
66.8563041687  3976262
66.8569920063  3974733
66.9139220715  3974723
66.9517161846  3974462
67.0278480053  3973387
67.4648861885  3972930
67.9471130371  3971476
68.467258215  3969393
68.9871821404  3968456
68.9894251823  3967027
68.9895620346  3966385
68.9899320602  3965691
69.3541271687  3965286
69.7176442146  3965137
70.0823340416  3964706
70.5637471676  3963764
71.0813951492  3960822
71.6024241447  3960814
72.1212952137  3960450
72.6585421562  3960419
73.1928310394  3956356
73.7290651798  3956184
74.2622702122  3956113
74.8194990158  3954079
75.3934860229  3953920
75.9660630226  3953766
76.5303330421  3953693
77.0943071842  3944881
77.6581540108  3944864
78.2292501926  3943519
78.7977180481  3934649
79.3632750511  3930594
79.92933321  3930531
80.4954841137  3929945
81.0588772297  3846595
81.061355114  3845780
81.0614910126  3845623
81.0617070198  3845617
81.0619971752  3845584
81.0623660088  3845315
81.0631999969  3843746
81.1012501717  3843485
81.1587491035  3841391
81.6400671005  3839988
82.1711380482  3838539
82.7361140251  3838481
83.3000750542  3823616
83.8658812046  3819740
84.4396190643  3819432
84.92177701  3818355
85.2905490398  3818147
85.5845119953  3818079
85.8785631657  3817966
86.1744379997  3817532
86.5375511646  3816875
87.0219600201  3816476
87.5881781578  3775771
88.1543571949  3733493
88.7194001675  3728902
88.7218961716  3727897
89.2937061787  3719770
89.6238870621  3719457
89.9517860413  3719097
90.3006260395  3718896
90.7380301952  3718154
91.2031881809  3717822
91.686989069  3716813
92.1869430542  3715624
92.7057900429  3715390
93.2368512154  3715111
93.8178470135  3714080
94.3978021145  3711330
94.9850342274  3707627
95.5791940689  3707610
96.1684482098  3707078
96.7729671001  3706733
97.4505960941  3705373
98.1350290775  3704931
98.8336360455  3704177
98.8367540836  3702240
98.840031147  3701830
99.518499136  3701556
100.185235023  3700686
