0.0360691547394  6928472
0.036434173584  6908838
0.0368361473083  6905484
0.0369760990143  6899441
0.0376000404358  6895625
0.0377411842346  6889344
0.0392169952393  6886446
0.0393581390381  6885184
0.0395801067352  6882942
0.039962053299  6876051
0.0402631759644  6869243
0.0404040813446  6868642
0.0407881736755  6863930
0.0409281253815  6855017
0.0416321754456  6851798
0.0417730808258  6850988
0.0423970222473  6850218
0.0427780151367  6847391
0.0429990291595  6772029
0.0431401729584  6771119
0.0438442230225  6753944
0.044762134552  6748610
0.0448980331421  6741391
0.0451130867004  6739359
0.0454840660095  6667556
0.0456981658936  6659680
0.048445224762  6637609
0.0490400791168  6633929
0.053200006485  6633579
0.0534121990204  6627684
0.0542051792145  6620018
0.0543901920319  6609975
0.0547871589661  6609500
0.0550780296326  6602049
0.0561101436615  6596827
0.0564050674438  6596821
0.0568010807037  6596013
0.0593640804291  6595088
0.0618510246277  6592346
0.064414024353  6587314
0.0673160552979  6584730
0.0675311088562  6582269
0.0676670074463  6580327
0.0679590702057  6579509
0.0680952072144  6577728
0.0712130069733  6573841
0.071583032608  6568434
0.0717191696167  6567603
0.0749161243439  6567567
0.0751311779022  6559786
0.0752670764923  6558293
0.0784640312195  6555139
0.081787109375  6554271
0.081924200058  6552701
0.0851991176605  6548197
0.0890300273895  6545065
0.0891671180725  6530719
0.0893812179565  6510885
0.089672088623  6505530
0.0898079872131  6492531
0.0901780128479  6469714
0.0906250476837  6426583
0.0908381938934  6426106
0.0909740924835  6415418
0.091598033905  6400812
0.0955090522766  6395527
0.0956451892853  6394934
0.0997130870819  6392435
0.0999281406403  6389745
0.10006403923  6388576
0.100279092789  6388435
0.100648164749  6385038
0.101485013962  6375133
0.105126142502  6365178
0.105262041092  6361862
0.107763051987  6361597
0.11048412323  6361020
0.11062502861  6360139
0.110925197601  6358505
0.114868164062  6358291
0.115833997726  6347602
0.117054224014  6345950
0.117483139038  6341064
0.117652177811  6340666
0.119067192078  6339940
0.12278008461  6339286
0.122917175293  6335340
0.123208999634  6335164
0.124751091003  6334085
0.126847028732  6333064
0.130859136581  6330540
0.134853124619  6330271
0.134989023209  6325329
0.139002084732  6324988
0.143093109131  6324154
0.147270202637  6323640
0.147407054901  6321066
0.151714086533  6319442
0.151850223541  6319239
0.153571128845  6312640
0.153708219528  6304300
0.154155015945  6303185
0.154709100723  6302517
0.15562415123  6298038
0.156699180603  6297914
0.156919002533  6284226
0.157989025116  6282193
0.159376144409  6282051
0.159669160843  6281669
0.161058187485  6279860
0.162599086761  6276084
0.167357206345  6272370
0.167806148529  6271656
0.172589063644  6271387
0.172725200653  6269548
0.177156209946  6268086
0.177838087082  6252424
0.18059015274  6251661
0.183236122131  6251065
0.185012102127  6250008
0.18514919281  6195581
0.186400175095  6192351
0.186925172806  6190609
0.187296152115  6182181
0.187977075577  6148623
0.188112020493  6140958
0.192891120911  6121634
0.19326210022  6120979
0.193708181381  6119985
0.198681116104  6116929
0.199073076248  6111243
0.199209213257  6111085
0.199423074722  6104464
0.20436000824  6103482
0.209567070007  6103355
0.20970416069  6097963
0.209918022156  6095645
0.211069107056  6082722
0.211205005646  6080606
0.211752176285  6062811
0.212355136871  6058077
0.212491989136  6056610
0.213436126709  6026035
0.218650102615  6006760
0.225190162659  6005425
0.225327014923  6000970
0.225854158401  6000541
0.226458072662  5999626
0.227138996124  5997274
0.23331618309  5997215
0.233453035355  5997052
0.233666181564  5996149
0.240073204041  5993746
0.240209102631  5992739
0.240424156189  5992689
0.240716218948  5981762
0.24827504158  5979706
0.248416185379  5977620
0.249110221863  5975725
0.249246120453  5968996
0.249461174011  5964770
0.249752044678  5953481
0.250200033188  5949103
0.250336170197  5944781
0.250627994537  5924868
0.250764131546  5921778
0.254120111465  5908926
0.255820989609  5907758
0.257974147797  5907088
0.260327100754  5906897
0.26807308197  5905063
0.268289089203  5901144
0.276124000549  5898277
0.276340007782  5897403
0.276477098465  5891983
0.27676820755  5889815
0.284737110138  5886824
0.284874200821  5855553
0.294450044632  5855088
0.294587135315  5847831
0.294880151749  5833715
0.295483112335  5831504
0.295619010925  5830015
0.295833110809  5818074
0.296203136444  5811425
0.301019191742  5794741
0.301156044006  5794720
0.301838159561  5790471
0.311885118484  5789496
0.312107086182  5788926
0.322113990784  5788834
0.322265148163  5787361
0.333241224289  5786481
0.333534002304  5781627
0.333905220032  5733332
0.334042072296  5731890
0.334567070007  5726691
0.335171222687  5703660
0.336009025574  5703094
0.336145162582  5689274
0.346724033356  5688139
0.357354164124  5687401
0.357491016388  5679987
0.368374109268  5677402
0.368511199951  5674574
0.368803024292  5673734
0.368939161301  5672433
0.379919052124  5671733
0.380056142807  5661156
0.392440080643  5658940
0.39266204834  5616390
0.392963171005  5609753
0.393424987793  5601644
0.393565177917  5594607
0.393787145615  5590524
0.393927097321  5589715
0.394548177719  5587211
0.395573139191  5584664
0.409028053284  5582337
0.422349214554  5582223
0.4225730896  5574658
0.422871112823  5570959
0.423355102539  5568395
0.423684120178  5562670
0.424914121628  5557733
0.426195144653  5555534
0.427747011185  5551147
0.427931070328  5549924
0.442197084427  5549592
0.443300008774  5545367
0.457412004471  5543567
0.470948219299  5540804
0.471163034439  5538675
0.485893011093  5537874
0.486061096191  5535741
0.486394166946  5534873
0.502045154572  5534507
0.502213001251  5533365
0.502429008484  5532253
0.502796173096  5529525
0.516699075699  5526971
0.531643152237  5523494
0.531802177429  5515102
0.532133102417  5510180
0.551247119904  5510026
0.551834106445  5502615
0.552048206329  5502612
0.552743196487  5502602
0.553923130035  5502535
0.554121017456  5441619
0.555157184601  5439392
0.556488990784  5433632
0.5588991642  5433401
0.55906701088  5429092
0.559774160385  5418670
0.560610055923  5414693
0.561506032944  5411499
0.561799049377  5395404
0.562326192856  5364290
0.56277513504  5362090
0.564879179001  5347425
0.567136049271  5346993
0.567508220673  5336065
0.567645072937  5335756
0.567860126495  5331990
0.568152189255  5330888
0.56836605072  5320420
0.573235988617  5320392
0.573551177979  5319247
0.574000120163  5317718
0.574137210846  5316269
0.575053215027  5315616
0.575345039368  5313404
0.575481176376  5241735
0.576400995255  5233339
0.577396154404  5231908
0.578468084335  5228077
0.578682184219  5227492
0.580852031708  5221411
0.583342075348  5221140
0.586008071899  5220309
0.602817058563  5218944
0.602955102921  5215587
0.620234012604  5212805
0.620372056961  5206035
0.620900154114  5205655
0.621192216873  5202186
0.621329069138  5194574
0.622661113739  5193223
0.622876167297  5192676
0.623012065887  5192368
0.623774051666  5192058
0.642878055573  5190378
0.64301609993  5186307
0.643231153488  5186187
0.643367052078  5184385
0.643659114838  5181402
0.644520998001  5173315
0.645048141479  5170534
0.645810127258  5168613
0.646103143692  5159789
0.647052049637  5141181
0.64718914032  5135373
0.648655176163  5133383
0.648792028427  5131005
0.64924120903  5129971
0.668426990509  5128497
0.688793182373  5128269
0.70795416832  5128008
0.727079153061  5118337
0.74814414978  5116812
0.76709318161  5116343
0.786104202271  5096948
0.813382148743  5095468
0.833478212357  5090681
0.853851079941  5090146
0.873147010803  5088639
0.891988039017  5080870
0.911487102509  5079568
0.936149120331  5075439
0.955991029739  5073182
0.976198196411  5065793
0.996635198593  5063339
1.01558208466  5061087
1.03498411179  5045623
1.05471110344  5042593
1.07507705688  5034467
1.0963242054  5031729
1.13394117355  5031594
1.15413498878  5018516
1.17319607735  5007426
1.19310712814  5003915
1.23406004906  5001900
1.27342510223  4990916
1.31166815758  4987436
1.35056400299  4983667
1.38880515099  4981072
1.42666101456  4979628
1.46543502808  4978053
1.50549721718  4972657
1.54538321495  4972402
1.6039390564  4952685
1.66239619255  4951638
1.72153019905  4947599
1.78109812737  4939860
1.83866906166  4919637
1.89663815498  4918283
1.9557621479  4918225
2.0157160759  4917848
2.07325220108  4899063
2.1305000782  4887195
2.18938708305  4883697
2.24671411514  4879181
2.30642914772  4868025
2.3648622036  4830682
2.42239618301  4829914
2.48041009903  4813045
2.53865814209  4811049
2.59913420677  4797622
2.6605951786  4797418
2.73453617096  4797246
2.79853415489  4790073
2.85994815826  4776328
2.92129206657  4752345
2.98807501793  4750429
3.06139707565  4749764
3.08984899521  4749215
3.11012411118  4741105
3.14222621918  4740223
3.16893315315  4738776
3.21201515198  4738394
3.25444507599  4738386
3.30980801582  4737294
3.36621117592  4736882
3.40705609322  4735078
3.4472630024  4733381
3.48760104179  4732602
3.53123617172  4727931
3.57254910469  4726463
3.6206510067  4725622
3.66052222252  4721992
3.6998360157  4699753
3.75131201744  4697825
3.75146508217  4696911
3.80867600441  4696480
3.86763215065  4695445
3.9371740818  4695287
3.93739914894  4693701
3.94520306587  4689852
3.95998716354  4689474
3.96089720726  4685585
3.96188306808  4683484
3.9629471302  4683272
3.96558618546  4682509
3.96572208405  4682238
3.9660141468  4682011
3.97327399254  4679590
4.01875209808  4557081
4.07748007774  4555487
4.13582420349  4552189
4.19278216362  4543637
4.25218820572  4539402
4.30890703201  4538937
4.36851406097  4538892
4.4275431633  4538530
4.48585510254  4534857
4.54478311539  4532746
4.56593799591  4531926
4.5870411396  4530393
4.60610508919  4528717
4.64479398727  4527873
4.72158312798  4527511
4.79933905602  4526770
4.88378810883  4524389
4.99640011787  4523043
5.16283607483  4522758
5.19366121292  4521762
5.20527601242  4521584
5.21686506271  4521271
5.2170021534  4521167
5.22847509384  4521014
5.22892212868  4519327
5.23156499863  4519260
5.2443420887  4514711
5.26066017151  4514243
5.26087498665  4513621
5.2799642086  4513571
5.28010201454  4512772
5.28101611137  4512699
5.28185415268  4512202
5.28281211853  4510688
5.30527615547  4509784
5.32452011108  4509755
5.34444999695  4509732
5.3687851429  4508588
5.41004109383  4508271
5.43422007561  4508233
5.45383501053  4502182
5.47288322449  4501485
5.49337506294  4500993
5.51399207115  4498527
5.55084109306  4498197
5.56980919838  4497989
5.58887720108  4497856
5.66504621506  4488316
5.68416619301  4488168
5.68445801735  4487940
5.76000618935  4461426
5.83542704582  4457141
5.91120004654  4455566
5.98706912994  4454732
6.06641721725  4451894
6.14151215553  4450290
6.14182519913  4450183
6.16142821312  4448956
6.23660612106  4407725
6.31805610657  4399896
6.39659905434  4398756
6.47394514084  4398099
6.54917311668  4397619
6.62614202499  4393341
6.70175004005  4393256
6.77720713615  4392939
6.85215806961  4392521
6.93763399124  4391711
7.01664018631  4389905
7.10268115997  4389788
7.17839598656  4336736
7.25404500961  4335404
7.32928514481  4255215
7.40468621254  4251653
7.47909808159  4225003
7.55408120155  4211951
7.62928509712  4204325
7.70513916016  4200807
7.77982020378  4200026
7.86144900322  4199157
7.94741916656  4198737
8.02914619446  4198126
8.11014008522  4197210
8.19167304039  4196073
8.26906919479  4195604
8.35666012764  4195568
8.44757199287  4192169
8.53839206696  4191135
8.64064908028  4187517
8.75354409218  4187452
8.87252402306  4186199
8.99952912331  4185510
9.13452601433  4184925
9.26508307457  4183742
9.38485121727  4182548
9.50046515465  4167317
9.61752414703  4166383
9.73474621773  4164541
9.88554310799  4164057
10.0311610699  4164007
