0.0400249958038  7426853
0.0402998924255  7403079
0.0406379699707  7401351
0.0407748222351  7390481
0.0412650108337  7378252
0.0414009094238  7377575
0.0420818328857  7377406
0.0426058769226  7375492
0.0433440208435  7375414
0.0443449020386  7363956
0.0445559024811  7357108
0.0448849201202  7355883
0.045334815979  7352524
0.0467150211334  7352335
0.0468509197235  7352121
0.0470659732819  7351854
0.0480589866638  7350494
0.0482728481293  7350148
0.0485639572144  7338942
0.0495548248291  7338864
0.0508899688721  7332354
0.0518279075623  7250438
0.0525088310242  7249614
0.0544810295105  7247927
0.0546178817749  7194687
0.0550630092621  7194291
0.0551998615265  7168089
0.0555689334869  7167770
0.0560138225555  7166278
0.0565378665924  7164247
0.0569849014282  7163481
0.0575098991394  7140019
0.0587348937988  7138363
0.0606689453125  7134957
0.0626759529114  7132354
0.0628130435944  7120870
0.0648999214172  7119639
0.0650370121002  7117875
0.0674579143524  7117777
0.0677499771118  7115862
0.0692868232727  7114235
0.0716879367828  7111930
0.0741670131683  7108767
0.0770189762115  7107152
0.0771548748016  7091955
0.0775539875031  7090510
0.0782458782196  7086239
0.0783989429474  7040493
0.0812718868256  7036595
0.0814080238342  7035867
0.0843570232391  7033958
0.0844929218292  7024161
0.0878419876099  7022582
0.08828997612  7021478
0.0885808467865  7020847
0.089380979538  7004651
0.0895168781281  7003713
0.0897319316864  7003683
0.0900239944458  7002807
0.0904710292816  7002334
0.0909960269928  7001909
0.0944800376892  6999840
0.0946168899536  6998241
0.0983238220215  6995352
0.0986938476562  6993156
0.0988318920135  6992064
0.0991230010986  6991675
0.0994908809662  6982781
0.099730014801  6978531
0.0998668670654  6978431
0.1037068367  6978372
0.107847929001  6978345
0.108373880386  6968414
0.10858798027  6965273
0.112727880478  6963398
0.11744594574  6961813
0.117660045624  6959380
0.117951869965  6917915
0.118088006973  6917036
0.11869096756  6916277
0.119060993195  6915167
0.119230985641  6911164
0.119921922684  6902776
0.120213031769  6902537
0.120348930359  6900354
0.121965885162  6897207
0.123113870621  6896408
0.12332701683  6880050
0.123697042465  6868715
0.12483382225  6868478
0.126101970673  6868108
0.130878925323  6865794
0.131016016006  6862577
0.135869026184  6860883
0.136005878448  6860486
0.141244888306  6860247
0.141381025314  6841481
0.141749858856  6835899
0.146924972534  6834013
0.152277946472  6831721
0.152413845062  6831702
0.152627944946  6823416
0.158040046692  6822010
0.158175945282  6743469
0.163739919662  6742237
0.163877010345  6729395
0.169450044632  6727061
0.169586896896  6648086
0.176246881485  6645887
0.176383018494  6637610
0.177261829376  6630410
0.177709817886  6598086
0.178781032562  6595667
0.179070949554  6594874
0.180483818054  6576249
0.180852890015  6575732
0.181998968124  6574906
0.188709974289  6572603
0.188845872879  6505583
0.196175813675  6503252
0.196312904358  6496536
0.196604013443  6494367
0.204252004623  6492491
0.204387903214  6492156
0.211828947067  6491509
0.212275981903  6479368
0.219769954681  6477593
0.21998500824  6476106
0.220551967621  6475561
0.220688819885  6433069
0.221056938171  6432639
0.222828865051  6431567
0.224210977554  6431533
0.233379840851  6429497
0.233516931534  6429034
0.233731031418  6417756
0.237787008286  6416314
0.23792386055  6415809
0.23813700676  6413877
0.23827290535  6412891
0.240751981735  6412652
0.249969959259  6410330
0.250105857849  6409867
0.259570837021  6409738
0.25986289978  6409584
0.269299983978  6408896
0.278837919235  6406782
0.278973817825  6395201
0.289160013199  6393278
0.28945183754  6382539
0.3004758358  6380444
0.30076789856  6375879
0.301291942596  6355669
0.311760902405  6353928
0.311897993088  6353629
0.313588857651  6353144
0.314579963684  6352651
0.322358846664  6352110
0.322882890701  6346821
0.327173948288  6344639
0.328866004944  6343225
0.329155921936  6342314
0.330168008804  6338780
0.336371898651  6336233
0.347633838654  6334135
0.347770929337  6328214
0.348062038422  6324559
0.348197937012  6321402
0.348565816879  6304464
0.357159852982  6303181
0.357451915741  6301787
0.361057043076  6300987
0.364553928375  6300926
0.364688873291  6300140
0.364902973175  6290277
0.365425825119  6289561
0.366029024124  6281841
0.367430925369  6281623
0.367566823959  6278854
0.368013858795  6273127
0.368304014206  6271700
0.368672847748  6271015
0.368809938431  6255721
0.369410991669  6254936
0.370875835419  6254876
0.377727985382  6254175
0.378329992294  6253953
0.378542900085  6253607
0.379066944122  6252911
0.379688978195  6245362
0.384142875671  6245319
0.38427901268  6240363
0.384569883347  6221255
0.385016918182  6220707
0.385151863098  6209842
0.385365009308  6179310
0.385888814926  6173518
0.38812994957  6173150
0.390136957169  6172897
0.390506029129  6160898
0.391420841217  6160823
0.392743825912  6159714
0.392879962921  6088463
0.394338846207  6087682
0.405920982361  6087598
0.406057834625  6087568
0.406349897385  6084900
0.417695045471  6084877
0.429316043854  6084691
0.429530858994  6084285
0.430699825287  6083637
0.43083691597  6083294
0.43167090416  6082288
0.443779945374  6081521
0.443915843964  6057638
0.44428396225  6053202
0.44441986084  6053083
0.444964885712  6052884
0.457278013229  6051027
0.460232019424  6049842
0.463120937347  6046341
0.477645874023  6045520
0.477818012238  6042603
0.478148937225  6027251
0.47900891304  6019944
0.479223012924  5988419
0.47935795784  5986956
0.479725837708  5985653
0.480788946152  5985536
0.480949878693  5984736
0.495268821716  5983590
0.49544095993  5982229
0.510428905487  5981170
0.511636972427  5979379
0.512161016464  5974118
0.527997970581  5973826
0.528213977814  5966308
0.528959035873  5965953
0.5296459198  5965701
0.529891967773  5958250
0.53056883812  5957466
0.531401872635  5957153
0.531692028046  5955529
0.531844854355  5955255
0.532703876495  5955223
0.533656835556  5954584
0.547741889954  5953368
0.554334878922  5953192
0.555279016495  5952722
0.555419921875  5951784
0.561097860336  5951535
0.56131196022  5951380
0.561446905136  5950812
0.574219942093  5949167
0.58788895607  5948937
0.58802485466  5948831
0.588238954544  5922379
0.588608980179  5920397
0.589597940445  5920350
0.589733839035  5919792
0.603783845901  5918767
0.618142843246  5917757
0.618355989456  5911644
0.618646860123  5909492
0.618782997131  5873894
0.619619846344  5871839
0.620144844055  5870782
0.63451385498  5869107
0.649467945099  5868271
0.649837970734  5868206
0.649973869324  5864117
0.650187015533  5860356
0.6504778862  5859684
0.650846004486  5857720
0.651525974274  5856748
0.651738882065  5855438
0.666347980499  5854889
0.681263923645  5854587
0.696250915527  5853339
0.71132683754  5853316
0.711463928223  5851361
0.72657585144  5851120
0.741675853729  5849994
0.742278814316  5844868
0.742803812027  5842828
0.757921934128  5841582
0.773178815842  5840920
0.773391962051  5828376
0.788666963577  5827348
0.804776906967  5826270
0.804913043976  5824875
0.805203914642  5818767
0.806040048599  5817497
0.822259902954  5816285
0.838908910751  5815359
0.839046001434  5813948
0.8392598629  5812925
0.839551925659  5797912
0.839920043945  5786573
0.840445041656  5785836
0.857041835785  5785220
0.873889923096  5784927
0.874258995056  5775566
0.874394893646  5772214
0.891289949417  5770654
0.908812999725  5770572
0.909027814865  5769570
0.927939891815  5765951
0.946825027466  5762211
0.965965986252  5761365
0.98500585556  5757366
1.00416898727  5756398
1.02474498749  5755815
1.04357790947  5752209
1.06261396408  5751636
1.08186388016  5750572
1.10086393356  5723240
1.11991596222  5722879
1.13878798485  5707102
1.15791988373  5676458
1.17731785774  5673675
1.2139518261  5671652
1.24795389175  5671255
1.27878594398  5670844
1.29758787155  5670257
1.31751084328  5670022
1.35384297371  5669986
1.37253785133  5666574
1.40891885757  5666404
1.42769002914  5665529
1.46410083771  5664889
1.50129294395  5630572
1.54039502144  5628444
1.54053092003  5628285
1.55871391296  5628169
1.55938982964  5627825
1.55967903137  5626553
1.55981492996  5625117
1.56018185616  5589428
1.56031799316  5588848
1.56076192856  5587552
1.56089782715  5586691
1.561439991  5584004
1.56203794479  5577685
1.56232786179  5576308
1.56331300735  5573916
1.56344890594  5573289
1.56698203087  5573027
1.5692088604  5571526
1.56996297836  5571430
1.57079195976  5568664
1.58234381676  5568577
1.5832529068  5558252
1.58338785172  5556121
1.58608388901  5555293
1.58706593513  5554042
1.59862995148  5552300
1.61633491516  5552051
1.61654782295  5547156
1.61885094643  5546331
1.6613278389  5545866
1.74037098885  5464865
1.8148419857  5460596
1.89436197281  5445587
1.9703810215  5445088
2.04636383057  5372924
2.12579584122  5324193
2.20067691803  5318592
2.27511692047  5279708
2.35036587715  5274973
2.42475199699  5268799
2.49940490723  5263543
2.57531189919  5261721
2.65036702156  5243213
2.72622084618  5237633
2.80205893517  5236060
2.82093191147  5235914
2.84193181992  5235699
2.84409189224  5234949
2.84422898293  5228926
2.84594488144  5221302
2.84615802765  5215275
2.84943890572  5213707
2.85050797462  5213642
2.85165381432  5212816
2.87139987946  5212546
2.94599199295  5211631
3.02076196671  5144547
3.09974193573  5142457
3.17598104477  5090049
3.25129103661  5014106
3.32626485825  5013833
3.40680193901  5013651
3.43086481094  5013130
3.4682738781  5012519
3.55162286758  5012405
3.62709999084  5007472
3.70261788368  5001616
3.77833986282  4930827
3.85638999939  4922494
3.93133592606  4922324
3.95023798943  4922323
4.13643598557  4921793
4.32778096199  4921687
4.53068995476  4896630
4.73376989365  4895712
4.93749904633  4894886
5.14335083961  4892504
5.34620785713  4891330
5.55750989914  4888124
5.76034092903  4886679
5.9607000351  4886171
6.16675281525  4872307
6.3694229126  4872169
6.57131004333  4871332
6.7757370472  4868903
6.98461604118  4868332
7.19133687019  4867645
7.39812588692  4866676
7.56440091133  4866654
7.80422687531  4862697
7.97099804878  4862061
8.13855290413  4861722
8.36791396141  4860070
8.59090304375  4855222
8.61043286324  4855138
8.62934494019  4854719
8.64856290817  4854706
8.66778683662  4854459
8.88890886307  4847647
9.11169981956  4847261
9.33548688889  4846283
9.56060290337  4846253
9.79960894585  4845217
10.0608170033  4844815
10.3211288452  4844813
10.5775878429  4769868
10.8527898788  4768632
11.1278409958  4695934
11.3666708469  4695806
11.6432478428  4695175
11.9394869804  4693006
12.2522988319  4690953
12.5614080429  4690880
12.8707909584  4685073
13.1848490238  4681355
13.4944028854  4658579
13.8075180054  4657724
14.1172008514  4654708
14.4398708344  4652229
14.7484939098  4583141
14.7684309483  4582394
14.7872869968  4582125
14.8065729141  4582031
14.8457629681  4582027
14.8833830357  4581993
14.9222259521  4581154
14.9976170063  4580999
15.0801599026  4580842
15.1918258667  4580639
15.3577558994  4580037
15.5715930462  4579536
15.808907032  4579369
16.0653760433  4577555
16.2860119343  4577303
16.4712238312  4577204
16.6740779877  4576714
16.9830958843  4554408
17.292691946  4553497
17.6029069424  4553424
17.913038969  4552528
18.2231869698  4547050
18.5347158909  4544420
18.8441429138  4540128
19.1613559723  4539516
19.4825270176  4538967
19.8265528679  4536557
20.1959159374  4535967
20.5613508224  4535405
20.9226868153  4535400
21.2843039036  4533755
21.6458268166  4532484
22.0119149685  4531286
22.3789310455  4531225
22.7411279678  4530660
23.1047790051  4530558
23.473304987  4528616
23.869904995  4528608
24.2614138126  4528379
24.6538310051  4521931
25.0544168949  4521886
25.4515988827  4515125
25.8480839729  4501068
26.2470009327  4500817
26.5531589985  4500045
26.8589098454  4499740
27.2498779297  4498789
27.657088995  4498421
28.047960043  4498366
28.4385859966  4483285
28.8288378716  4482964
29.2199518681  4474010
29.6117839813  4473270
30.0025980473  4473184
30.3937768936  4472230
30.8002829552  4471812
31.2102890015  4471264
31.628123045  4469203
32.0411918163  4468218
32.4571678638  4467487
32.8699970245  4466281
33.2851209641  4459437
33.7005398273  4457500
34.126185894  4456614
34.5433878899  4452497
34.9517838955  4452335
35.3682408333  4449702
35.7781949043  4439432
36.1934909821  4437365
36.6144678593  4434743
37.0292129517  4412551
37.4448289871  4409982
37.8593199253  4409077
38.2726428509  4406889
38.6874089241  4404137
39.1009888649  4404069
39.5159459114  4400895
39.9287748337  4384923
40.3389120102  4384828
40.7494008541  4383318
41.1601779461  4382157
41.5700860023  4380739
41.9813108444  4379016
42.3934209347  4372491
42.4138169289  4372326
42.4500238895  4371508
42.4870688915  4370429
42.5243749619  4369956
42.5432069302  4369730
42.5789058208  4369409
42.5984959602  4369323
42.6366739273  4368668
42.7482709885  4368099
42.9855089188  4355613
43.1020088196  4353631
43.2686469555  4352988
43.3998339176  4352919
43.6395828724  4351240
43.8782148361  4301289
44.1183028221  4294049
44.3565108776  4293382
44.5966320038  4293217
44.8360688686  4207113
45.0780949593  4204577
45.3369278908  4204480
45.5929679871  4204448
45.849449873  4203930
46.1240558624  4201726
46.4321370125  4201294
46.7258639336  4199356
47.0181598663  4196050
47.0193879604  4195958
47.31189394  4195294
47.5498650074  4195281
47.7894508839  4195034
48.240115881  4194863
48.6848249435  4194754
49.1362438202  4194075
49.6151468754  4193803
50.1666228771  4193479
50.7127668858  4193422
51.1605088711  4192954
51.6061868668  4192802
52.1477599144  4191185
52.6903958321  4189948
53.2490479946  4187567
53.8065569401  4187430
54.36439991  4167239
54.9241650105  4166176
54.9266688824  4162630
54.9268059731  4162430
54.9270198345  4161727
54.9273879528  4160574
55.0058000088  4159595
55.0287480354  4159028
55.0476160049  4158555
55.0850629807  4157906
55.5983579159  4148380
56.1163458824  4130089
56.6336219311  4115798
57.1522469521  4085052
57.5833659172  4084707
57.9789319038  4084373
58.2380359173  4084285
58.4783790112  4084254
58.8568668365  4083960
59.3373398781  4082771
59.8558738232  4080347
59.8581168652  4078976
59.8582539558  4078334
59.8586230278  4077640
59.8608658314  4076714
60.3742539883  4069815
60.3764970303  4068177
60.7211518288  4068025
61.0640358925  4067941
61.4084339142  4067419
61.8550920486  4066716
62.3348300457  4066499
62.7981870174  4066027
63.2486538887  4065828
63.7605938911  4064722
64.2777688503  4064322
64.7879488468  4062620
65.2475659847  4062385
65.7565839291  4047672
66.2657709122  3978874
66.2680139542  3976262
66.2686948776  3974733
66.3251428604  3974723
66.3626289368  3974462
66.4375610352  3973387
66.8662059307  3972930
67.3425190449  3971476
67.8542609215  3969393
68.3717169762  3968456
68.3739829063  3967027
68.3741209507  3966385
68.3744888306  3965691
68.7352030277  3965286
69.0960488319  3965137
69.4571230412  3964706
69.9375720024  3963764
70.4506340027  3960822
70.9617078304  3960814
71.4709289074  3960450
71.9957418442  3960419
72.5209569931  3956356
73.0460488796  3956184
73.5711698532  3956113
74.1123509407  3954079
74.6770968437  3953920
75.2432408333  3953766
75.80032897  3953693
76.3634610176  3944881
76.9254388809  3944864
77.4899179935  3943519
78.0510280132  3934649
78.6131119728  3930594
79.1747558117  3930531
79.7349498272  3929945
80.2969918251  3846595
80.2994668484  3845780
80.2996039391  3845623
80.2998180389  3845617
80.3001089096  3845584
80.3004758358  3845315
80.301309824  3843746
80.339402914  3843485
80.3963389397  3841391
80.8756818771  3839988
81.4036090374  3838539
81.9650349617  3838481
82.5262930393  3823616
83.0875270367  3819740
83.6598210335  3819432
84.1391088963  3818355
84.4995269775  3818147
84.7914860249  3818079
85.0834929943  3817966
85.3750269413  3817532
85.7352659702  3816875
86.2128648758  3816476
86.7722678185  3775771
87.3308129311  3733493
87.889289856  3728902
87.8918278217  3727897
88.4520308971  3719770
88.7783658504  3719457
89.1033759117  3719097
89.4459788799  3718896
89.8749649525  3718154
90.3382098675  3717822
90.8155219555  3716813
91.3114888668  3715624
91.8221759796  3715390
92.3515398502  3715111
92.9278390408  3714080
93.5049908161  3711330
94.0844559669  3707627
94.663492918  3707610
95.2480499744  3707078
95.8435828686  3706733
96.5147938728  3705373
97.191808939  3704931
97.888160944  3704177
97.8912808895  3702240
97.8945698738  3701830
98.5605559349  3701556
99.218298912  3700686
99.9238419533  3697096
100.629202843  3697057
101.34620285  3696889
102.061375856  3688904
102.778507948  3685078
103.514894009  3682414
104.250234842  3679789
105.000982046  3678701
105.73861599  3668911
106.474550009  3634560
107.210007906  3629083
107.944896936  3626658
108.681735039  3622521
109.417675972  3598954
110.163370848  3596814
110.895360947  3588653
111.627574921  3587860
112.361572981  3583659
113.094501972  3581217
113.834470987  3568921
114.572495937  3545711
115.201872826  3544815
115.906950951  3544192
116.711892843  3543095
117.334877014  3542762
117.956265926  3539472
118.578466892  3539158
119.277747869  3539102
120.008002043  3538896
120.746959925  3538259
121.481477976  3537798
122.278786898  3536630
122.920522928  3536466
123.577495813  3536353
124.26678586  3536239
124.894870996  3535995
125.523682833  3535879
126.265074015  3526312
127.002029896  3521213
127.732825994  3519986
128.47872591  3519876
129.103489876  3518980
129.807194948  3518357
130.629536867  3517760
131.260891914  3516867
131.886348009  3516374
132.513572931  3516355
133.026571989  3516258
133.524143934  3515847
133.954633951  3515419
134.318505049  3515381
134.832315922  3515203
135.364761829  3515074
136.019531965  3515042
136.852707863  3511546
137.686029911  3506030
138.530428886  3493277
139.368904829  3492561
140.208259821  3483588
141.047827005  3480125
141.886868954  3479669
142.732328892  3478716
143.247081041  3477629
143.871749878  3476341
144.675446033  3475550
145.508028984  3474472
146.018194914  3472132
146.527571917  3471664
147.346762896  3471608
148.16849494  3467301
148.984010935  3460044
149.802932978  3457106
150.62014389  3454713
151.446502924  3454600
152.263684034  3454236
153.093765974  3452969
153.921854019  3445599
154.755954981  3442433
155.265563965  3442409
155.740267038  3441898
156.358595848  3441875
157.201098919  3439986
157.821621895  3439075
157.825490952  3437641
157.825780869  3437402
157.826148033  3436706
157.845003843  3436508
157.863909006  3436236
157.901386976  3435398
157.957271814  3435160
158.031479836  3434715
158.861624002  3432996
159.029182911  3432819
159.198491812  3432797
159.36993885  3432601
159.537472963  3432370
159.70460391  3432254
159.911593914  3430874
160.082651854  3429949
160.968487024  3428914
161.866806984  3428855
162.766978025  3428125
163.669638872  3428110
164.567698002  3425532
165.466982841  3424256
166.364395857  3423512
166.57041502  3423477
166.737900972  3423105
166.946931839  3423026
167.152142048  3422940
167.320210934  3422908
167.542690039  3420875
167.786106825  3420499
168.029863834  3420392
168.266120911  3420127
168.525375843  3420001
168.795672894  3418693
169.059444904  3418147
169.341006994  3417454
169.579265833  3417292
169.865602016  3417275
170.105322838  3417010
170.427228928  3416800
170.747092009  3414205
171.056804895  3414129
171.377595901  3412882
171.687695026  3411753
172.008536816  3411571
172.331199884  3411405
172.640257835  3406479
172.953513861  3403886
173.266546011  3402200
173.605569839  3400600
174.013401031  3400436
174.422575951  3400120
174.847676992  3399122
175.294809818  3398626
175.694591999  3398564
176.120765924  3379112
176.468588829  3377686
176.813139915  3377414
177.245623827  3324492
177.676821947  3305645
177.678673983  3305294
177.696410894  3303976
177.712132931  3303741
177.712893963  3283800
177.719291925  3282738
177.726251841  3282715
177.733201027  3282465
177.73958993  3281303
177.746071815  3278817
177.752849817  3278688
177.753063917  3209640
177.753432989  3209070
177.753568888  3204261
177.754173994  3203921
177.754386902  3200858
177.76135087  3198487
177.776880026  3197242
178.379293919  3197173
178.978943825  3194256
179.588330984  3193935
179.591914892  3192652
180.373292923  3191950
181.184301853  3191450
182.100381851  3190633
183.017778873  3187196
183.972502947  3124754
184.883677959  3124143
185.838209867  3058377
186.743129969  3054471
187.69204402  3043142
188.644516945  3040592
189.599448919  3006352
190.558200836  2999208
191.477085829  2999124
192.4303689  2995153
193.386392832  2980978
194.296339989  2976255
195.252988815  2959923
196.210170984  2956414
197.118950844  2955961
198.069247961  2950157
198.073779821  2949648
198.073993921  2947917
198.074906826  2946993
198.079458952  2946699
198.249994993  2945743
198.415978909  2945497
198.582114935  2944423
198.752081871  2944335
199.499404907  2943123
200.453042984  2936799
201.378443003  2936236
202.283895969  2936151
203.235237837  2935119
203.407510042  2933589
203.577742815  2932666
203.763612986  2931781
203.949378014  2931515
204.189314842  2930989
204.664479017  2930218
205.133744955  2928936
205.609853983  2927590
206.076313019  2906699
206.314873934  2906256
206.498677015  2906080
206.748669863  2904879
207.00422287  2904437
207.245103836  2903689
207.742718935  2898401
208.23436904  2887452
208.727921963  2870902
209.22239995  2864931
209.72505784  2861123
209.908690929  2860329
210.145547867  2859813
210.43454504  2859529
210.689452887  2859498
211.080646992  2859205
211.471626997  2858689
211.863027811  2858215
212.298600912  2857739
212.70250082  2857238
213.096740007  2851750
213.498001814  2851728
213.893712997  2851415
214.289712906  2851400
214.701802015  2851067
215.152055979  2850772
215.590441942  2849811
216.09028101  2848813
216.587863922  2848521
217.051735878  2848510
217.497910976  2848506
217.928715944  2848488
218.425699949  2846738
218.942178011  2846186
219.471369028  2845725
219.979655027  2845144
220.4912889  2845117
221.001543045  2834987
221.510725021  2830259
222.019662857  2828587
222.531076908  2828202
223.040235996  2811144
223.565652847  2800488
223.996256828  2800408
224.426985025  2799463
224.942713022  2799129
225.422773838  2798161
225.937893867  2796863
226.418972969  2796675
226.976137877  2795772
227.527810812  2764090
227.92393899  2764015
228.325479031  2763544
228.738765955  2763291
229.285637856  2740900
229.828230858  2737479
230.367843866  2736080
230.921000957  2735979
231.469504833  2734284
232.019589901  2729483
232.575343847  2727271
233.121580839  2710827
233.672526836  2706483
234.283782005  2695954
234.895313978  2664401
235.507730007  2599203
236.128188848  2564187
236.733631849  2531429
237.336685896  2526769
237.947005033  2526468
238.577955961  2510118
239.190541029  2492017
239.801743031  2471257
240.429975033  2453091
241.055321932  2437732
241.676266909  2437407
242.295125961  2436968
242.913740873  2391112
243.533046961  2360929
244.166142941  2360677
244.800850868  2360487
245.435776949  2360453
246.070425987  2347732
246.705642939  2346638
247.340976  2346607
247.975385904  2346556
248.610376835  2334403
249.244400024  2330345
249.925473928  2327043
250.605604887  2318678
251.289466858  2317747
251.969758987  2316272
252.665292978  2314357
253.376360893  2313415
254.086544991  2313308
254.796659946  2286635
255.517822981  2280009
256.249054909  2241541
256.982261896  2241510
257.721108913  2206054
258.456835985  2205483
259.189716816  2205427
259.938663006  2196310
260.68610692  2196252
261.438053846  2192660
262.188787937  2190705
262.942458868  2189958
263.675302029  2189943
264.40199995  2189302
265.158612967  2157428
265.885310888  2157148
266.644136906  2157034
267.368372917  2157033
268.125633001  2156952
268.882292032  2154240
269.637650967  2133008
270.363816977  2132455
271.150017977  2131410
271.965488911  2120605
272.798938036  2120526
273.632748842  2120279
274.46703887  2120274
275.302636862  2119676
276.151697874  2119320
277.121748924  2087966
278.096647978  2085533
279.067977905  2085035
280.035508871  2053501
280.995951891  2038211
281.968181849  2036535
282.93404603  2024101
283.899551868  2020764
284.868257046  2013193
285.835093975  2012592
286.803371906  2005872
287.399729967  2004114
288.012112856  1993136
288.999251842  1987388
289.596185923  1986111
290.191390991  1985956
290.79902482  1980750
291.216136932  1980657
291.58167696  1980570
291.890866041  1980377
292.269153833  1980245
292.455690861  1980008
292.640702009  1978904
292.826314926  1978881
293.010953903  1978669
293.389276981  1978251
293.783645868  1978203
294.225474834  1978053
294.634236813  1972457
295.029806852  1970054
295.449235916  1969192
296.42986989  1968917
297.401006937  1968904
298.371696949  1935916
299.341617823  1935127
300.314574957  1930021
301.287600994  1913717
301.292196989  1912843
301.292412043  1911822
301.294917822  1911651
301.312515974  1911116
301.594972849  1910941
301.866227865  1905588
302.137900829  1893454
302.409682989  1890220
302.681215048  1876128
302.958638906  1875937
303.194967031  1875905
303.466641903  1867258
303.737211943  1863147
304.009104967  1862372
304.244787931  1862348
304.516937017  1860875
304.752552032  1860770
305.026221991  1860506
305.262485981  1860445
305.547801971  1857303
305.832800865  1856376
306.106662035  1856316
306.402400017  1855047
306.694360018  1851662
306.99811101  1850752
307.304883957  1850609
307.605856895  1850592
307.906535864  1848561
308.356580973  1847877
308.803879023  1847380
309.251464844  1841976
309.697610855  1829203
310.14566493  1822577
310.59264183  1817292
311.037674904  1807320
311.482412815  1805134
311.925554037  1804502
312.37272191  1803116
312.815532923  1801752
313.223924875  1800934
313.648609877  1799074
314.090123892  1798607
314.497769833  1796328
314.955763817  1794065
315.413710833  1793948
315.874373913  1793356
316.337119818  1793038
316.797711849  1790837
317.255391836  1790619
317.74808383  1780919
318.205806971  1780732
318.668646812  1780622
319.030884981  1780495
319.388160944  1759565
319.389689922  1759276
319.38990283  1759072
319.40218997  1757495
319.402326822  1757354
319.414880037  1757325
319.415092945  1755243
319.427441835  1754949
319.440014839  1754365
319.471241951  1754286
319.502903938  1754040
319.521999836  1752041
319.775264978  1751982
320.347566843  1744083
320.350124836  1743705
320.768951893  1743619
321.187216997  1743251
321.727221012  1738742
322.265938044  1736233
322.268332005  1736016
322.807569027  1727230
322.809957027  1726936
323.355945826  1726635
323.897572041  1715925
324.440701962  1702642
324.443101883  1702342
324.98637104  1698427
325.529604912  1688461
325.532004833  1688108
326.079543829  1678225
326.630432844  1667158
327.021747828  1666790
327.412358046  1666645
327.803671837  1664697
328.278118849  1664685
328.794680834  1664624
329.196735859  1664482
329.604571819  1659440
330.014070988  1657803
330.422488928  1649365
330.728605032  1649031
331.034162998  1648804
331.408512831  1648083
331.817191839  1647880
332.249313831  1644082
332.661023855  1617832
332.967658997  1616545
332.969458818  1616479
332.969683886  1614397
332.971460819  1613906
333.277429819  1613847
333.685073853  1606916
334.093513966  1600432
334.50148201  1584608
334.503240824  1584577
334.515691996  1584353
334.528285027  1584315
334.530223846  1583570
334.948447943  1583321
335.373579025  1583084
335.941414833  1582892
336.49458003  1582433
336.496986866  1582146
337.053894997  1561356
337.05633688  1560701
337.608366966  1556585
337.776538849  1556438
337.944255829  1556354
338.111217022  1555832
338.383616924  1555209
338.621181011  1554781
338.787623882  1554749
338.990005016  1554287
339.214262962  1554158
339.608532906  1553088
340.108134985  1552480
340.621245861  1551734
341.17135787  1551693
341.714085817  1548894
342.271370888  1548858
342.828889847  1543912
343.411373854  1539803
344.00521493  1537408
344.616652966  1533415
345.210872889  1533114
345.838680983  1531991
346.464865923  1528299
347.081512928  1526020
347.722630024  1524428
348.363858938  1523965
349.004245996  1523462
349.60145402  1522114
350.191429853  1521830
350.82622385  1515342
351.461942911  1512509
352.066380978  1512141
352.654424906  1509862
353.289340019  1506011
353.875761032  1505234
354.463609934  1504950
355.112494946  1486901
355.740165949  1483914
356.330065012  1481635
356.969604969  1478836
357.607264042  1478614
358.259625912  1477876
358.896523952  1477217
359.618014812  1476769
360.261816025  1476198
360.898566961  1476081
361.587231874  1476027
362.272684813  1468633
362.956259012  1460790
363.648620844  1448548
364.336139917  1442325
365.030627012  1440314
365.719987869  1439785
366.407694817  1438548
367.098117828  1437923
367.779760838  1433033
368.460258007  1417652
369.14913702  1411751
369.828238964  1411536
370.510227919  1411477
371.190348864  1398704
371.871454954  1397686
372.553761959  1384080
373.233459949  1382825
373.929867983  1382478
374.700780869  1379732
375.545827866  1375249
376.41742301  1371577
377.300714016  1365692
378.184908867  1364694
379.064973831  1361226
379.944488049  1360990
380.867115021  1348918
381.819981813  1342501
382.742465973  1340475
383.642457008  1339649
384.591508865  1328068
385.538389921  1327003
386.458436966  1325659
387.355401039  1324341
388.337822914  1323055
389.266507864  1321148
390.192966938  1318964
391.081527948  1318521
391.997783899  1310435
392.858400822  1310259
393.716711044  1309731
394.639044046  1294231
395.568974972  1291640
396.438890934  1291376
397.338914871  1290550
398.291697025  1287191
399.244774818  1277341
400.197268009  1275941
401.154134035  1270906
402.108279943  1269424
403.036278009  1268080
403.93759203  1266762
404.928310871  1266138
405.903610945  1255241
406.878810883  1252412
407.855860949  1247305
408.837769032  1238076
409.823333025  1236470
410.808357954  1232908
411.795459032  1232356
412.780546904  1223912
413.76550293  1223631
414.74841094  1215770
415.736984968  1207158
416.720373869  1202763
417.693702936  1200051
418.663170815  1198599
419.632261038  1198309
420.603062868  1198290
421.572759867  1196049
422.544196844  1193613
423.445498943  1192900
424.345738888  1192661
425.245827913  1192216
426.160755873  1190789
427.133539915  1125819
428.121238947  1124630
429.034386873  1119831
429.961253881  1118110
430.858815908  1117284
431.840278864  1107176
432.767714024  1106530
433.667863846  1105212
434.606999874  1100292
435.590003967  1099821
436.600857973  1089325
437.615608931  1086594
438.622606039  1078752
439.628293991  1078459
440.632441044  1077479
441.630908012  1077389
442.632306814  1075879
443.651640892  1073078
444.650791883  1071938
445.626848936  1071420
446.63240099  1067755
447.539934874  1064703
448.442356825  1063675
449.345288992  1063577
450.246510029  1063338
451.148805857  1062893
452.064031839  1061466
453.064504862  1025416
454.114048004  1022120
455.164655924  1021151
456.218641043  1019913
457.268393993  1017012
458.320875883  1014614
459.385715961  1011986
460.443652868  1011898
461.509702921  1009583
462.584131956  1007766
463.644453049  1002966
464.704870939  1001493
465.761611938  1000156
466.867349863  999517
467.979084969  998720
469.091446877  992233
470.19361496  990040
471.293036938  988845
472.401125908  988026
473.506495953  986609
474.619474888  985043
475.728384972  981783
476.838196993  980706
477.948379993  980604
479.055665016  980365
480.167424917  980353
481.268748999  980078
482.373598814  977909
483.476395845  976971
484.571904898  972553
485.678900957  971551
486.800053835  970723
487.942847967  965358
489.086093903  964038
490.224761963  963808
491.332613945  963731
492.454293013  963061
493.618453979  961689
494.827021837  961629
496.073386908  960705
497.317340851  959589
498.566474915  956898
499.808686972  955450
501.047209978  953427
502.287963867  951085
503.532516956  950326
504.794610023  941996
506.085050821  941925
507.405045033  939519
508.723701  939466
510.039829969  939104
511.32890296  939046
512.635547876  938154
513.967059851  937963
515.299010038  936723
516.656747818  936694
518.016822815  935308
519.378906965  930722
520.743966818  929642
522.099349022  928582
523.446321011  926703
524.790700912  924389
526.13547492  923587
527.481112003  923034
528.841812849  922935
530.198573828  919201
531.560458899  918748
532.944988966  918669
534.323706865  916833
535.707679987  916555
537.105619907  915245
538.501040936  914045
539.874338865  913695
541.213866949  913555
542.49512887  913101
543.788223028  911222
545.1382339  910380
546.541450977  910149
547.949700832  908680
549.372277021  903164
550.806955814  899906
552.304039001  892454
553.812991858  891059
555.323871851  888696
556.827147961  886650
558.324975014  883927
559.830699921  877843
561.341761827  875050
562.87198782  869136
564.406836987  868969
565.943177938  867122
567.460918903  864011
568.97800684  861093
570.489266872  851587
572.022891045  850554
573.556638002  831311
575.120769024  825699
576.647375822  822373
578.209293842  821371
579.770923853  811596
581.267689943  804262
582.812125921  797156
584.375274897  790834
585.946928978  783562
587.542579889  779407
589.130002022  775019
590.715910912  770124
592.325037003  732533
593.930886984  730409
595.569474936  728453
597.244937897  728044
598.922253847  727612
600.608486891  726841
