0.0359890460968  7246845
0.0362679958344  7229300
0.0373420715332  7220284
0.0385940074921  7208830
0.0395331382751  7206968
0.0398571491241  7206931
0.0409030914307  7198760
0.0410401821136  7196915
0.0427000522614  7194254
0.0428462028503  7188688
0.0430760383606  7185376
0.0432209968567  7181956
0.043534040451  7166993
0.04368019104  7157938
0.0441491603851  7142676
0.0442860126495  7137660
0.0445010662079  7125093
0.0452711582184  7106235
0.046923160553  7106198
0.047208070755  7102116
0.0473492145538  7098524
0.0479559898376  7098302
0.048406124115  7096453
0.0490121841431  7062934
0.0506191253662  7061180
0.0523819923401  7060739
0.0525231361389  7054181
0.0550651550293  7052492
0.0554370880127  7051740
0.0558869838715  7046325
0.0560240745544  7029311
0.0588481426239  7025769
0.0590641498566  7024750
0.0593581199646  7023967
0.0597290992737  7017865
0.0631010532379  7016369
0.0633170604706  7001824
0.0640821456909  6995839
0.0642189979553  6995424
0.0645110607147  6981767
0.0649611949921  6977880
0.0650980472565  6977434
0.0653131008148  6975756
0.0665471553802  6972684
0.0667631626129  6947460
0.0669209957123  6943664
0.0676860809326  6943438
0.06813621521  6937967
0.0690550804138  6923398
0.072475194931  6922677
0.0759301185608  6922614
0.0761461257935  6922502
0.0796241760254  6917596
0.0831592082977  6915615
0.0834519863129  6915241
0.0863480567932  6914526
0.0872700214386  6908928
0.0876421928406  6891771
0.087779045105  6870675
0.0897681713104  6867324
0.0902180671692  6864826
0.0909011363983  6859240
0.0910379886627  6856644
0.094672203064  6855300
0.0948090553284  6850219
0.098827123642  6850039
0.0989630222321  6844299
0.0991780757904  6836396
0.0996282100677  6836366
0.103639125824  6831696
0.108836174011  6829979
0.109052181244  6824630
0.109188079834  6816684
0.110218048096  6797385
0.110512018204  6795646
0.110649108887  6791564
0.111020088196  6789789
0.11146903038  6784067
0.116602182388  6782881
0.122359991074  6780302
0.122497081757  6780295
0.123809099197  6767586
0.12394618988  6766881
0.12416100502  6766673
0.124611139297  6764683
0.124747991562  6764459
0.125590085983  6763530
0.125727176666  6763444
0.126883029938  6763282
0.127883195877  6763235
0.128176212311  6762973
0.128861188889  6759257
0.130037069321  6759194
0.135782003403  6757660
0.140275001526  6755463
0.146069049835  6752674
0.146206140518  6751938
0.147519111633  6751869
0.153645038605  6751258
0.153783082962  6712855
0.15399813652  6698626
0.154369115829  6697068
0.160512208939  6695133
0.166771173477  6693091
0.166908025742  6669562
0.173554182053  6666475
0.173848152161  6665796
0.173986196518  6663441
0.174279212952  6663437
0.174494028091  6660936
0.174866199493  6658298
0.181793212891  6655831
0.181930065155  6622694
0.182615041733  6620792
0.182830095291  6619797
0.183123111725  6603882
0.190571069717  6600765
0.190944194794  6598670
0.191081047058  6582142
0.193525075912  6580601
0.193740129471  6578591
0.194033145905  6577651
0.194169998169  6577209
0.194542169571  6571668
0.196485996246  6570418
0.204715013504  6568083
0.2055580616  6566810
0.206321001053  6565890
0.206849098206  6565412
0.2076151371  6562428
0.216260194778  6561082
0.216397047043  6531894
0.21684718132  6529687
0.225578069687  6527915
0.22634100914  6514308
0.226478099823  6417465
0.227164030075  6414704
0.236777067184  6411749
0.237150192261  6411498
0.237366199493  6410849
0.237659215927  6405912
0.237796068192  6383710
0.238244056702  6382342
0.239085197449  6381621
0.239300012589  6380190
0.239436149597  6380125
0.240122079849  6374804
0.240416049957  6374253
0.240866184235  6372445
0.241003036499  6371611
0.241768121719  6370356
0.242709159851  6368252
0.253070116043  6367872
0.263441085815  6366970
0.263579130173  6364484
0.274326086044  6363253
0.274463176727  6361547
0.27467918396  6356382
0.274973154068  6356199
0.275109052658  6347877
0.275953054428  6327232
0.276168107986  6320795
0.276617050171  6319709
0.276832103729  6311209
0.277361154556  6311131
0.288323163986  6311018
0.288461208344  6310328
0.288753986359  6268647
0.29912519455  6267362
0.299604177475  6259283
0.310561180115  6257072
0.315568208694  6256991
0.315705060959  6256278
0.315920114517  6256149
0.316605091095  6251007
0.316742181778  6189614
0.317036151886  6175010
0.31948018074  6173183
0.320556163788  6170013
0.322046041489  6169642
0.322418212891  6169573
0.32263302803  6168559
0.323003053665  6164733
0.324552059174  6160295
0.328958034515  6158522
0.339986085892  6156087
0.340123176575  6114140
0.351328134537  6111486
0.351466178894  6111402
0.351680040359  6106507
0.363451004028  6105242
0.363824129105  6099770
0.36403799057  6099088
0.364176034927  6098819
0.364548206329  6097771
0.364997148514  6073480
0.365369081497  6060138
0.366681098938  6057710
0.367456197739  6052622
0.379509210587  6051115
0.379646062851  6038790
0.380271196365  6036719
0.380409002304  6025671
0.380781173706  6019617
0.392867088318  6017759
0.393004179001  5985493
0.405208110809  5982640
0.405346155167  5976230
0.417695999146  5973754
0.417833089828  5945645
0.430332183838  5942983
0.430549144745  5941468
0.443649053574  5938920
0.444178104401  5909772
0.444315195084  5903044
0.444688081741  5902014
0.444825172424  5818701
0.445119142532  5816363
0.445490121841  5815155
0.447992086411  5811708
0.448362112045  5807397
0.450230121613  5807143
0.463777065277  5806977
0.46391916275  5806048
0.465030193329  5797702
0.465170145035  5797480
0.465392112732  5785557
0.466176986694  5783011
0.481063127518  5781266
0.481292009354  5779815
0.498342990875  5779770
0.498494148254  5778894
0.498717069626  5750344
0.513176202774  5748839
0.513549089432  5744575
0.51376414299  5739107
0.516561031342  5732650
0.51685500145  5727706
0.519342184067  5725629
0.519556999207  5721222
0.53405213356  5718334
0.534191131592  5717246
0.548691034317  5716663
0.548829078674  5691409
0.563491106033  5688849
0.563629150391  5682442
0.57839012146  5679825
0.578527212143  5679046
0.578742980957  5654676
0.59411907196  5651884
0.594279050827  5651008
0.594572067261  5650503
0.594710111618  5646601
0.594924211502  5640811
0.595296144485  5638500
0.595982074738  5637264
0.596197128296  5636240
0.59649014473  5634573
0.596628189087  5633103
0.612069129944  5630891
0.612207174301  5609533
0.627035140991  5608587
0.628350019455  5606018
0.628487110138  5603008
0.629016160965  5602886
0.629153013229  5602882
0.629446983337  5602115
0.629818201065  5600944
0.630817174911  5599940
0.631031990051  5597236
0.631404161453  5595970
0.631954193115  5595458
0.63209104538  5594488
0.632306098938  5519680
0.634698152542  5519545
0.635306119919  5518812
0.63630604744  5518622
0.639523983002  5510025
0.639819145203  5506276
0.640503168106  5503040
0.64173913002  5502798
0.642423152924  5501942
0.642562150955  5501546
0.643819093704  5500095
0.645292043686  5498239
0.645507097244  5497374
0.647059202194  5497073
0.647196054459  5496791
0.649141073227  5493724
0.64927816391  5491962
0.65149307251  5490988
0.661776065826  5489482
0.662463188171  5488552
0.672854185104  5487326
0.672991991043  5485493
0.673288106918  5485429
0.673424005508  5485037
0.675531148911  5481958
0.67835021019  5481264
0.683938026428  5480813
0.689624071121  5480668
0.70493221283  5480470
0.705070018768  5471962
0.705990076065  5471664
0.706127166748  5467065
0.706341981888  5452618
0.706479072571  5452482
0.706928014755  5442454
0.722621202469  5441258
0.722836017609  5440797
0.72313117981  5440508
0.739113092422  5438333
0.739250183105  5429244
0.755214214325  5427544
0.755352020264  5427122
0.755568027496  5422989
0.771816015244  5420455
0.771954059601  5412827
0.772169113159  5412259
0.772462129593  5411414
0.788952112198  5410952
0.805788993835  5410877
0.806006193161  5409263
0.806299209595  5402165
0.806436061859  5394072
0.807671070099  5391587
0.808200120926  5379546
0.809041023254  5369669
0.825870990753  5368659
0.842820167542  5367894
0.842958211899  5338204
0.860357999802  5336112
0.860831022263  5333922
0.86096906662  5328306
0.861498117447  5322036
0.879503011703  5321308
0.87987613678  5315358
0.880012989044  5300772
0.88046503067  5300693
0.882122039795  5290416
0.882494211197  5284706
0.882743120193  5271193
0.883903026581  5263349
0.889470100403  5262580
0.892450094223  5261935
0.892743110657  5260494
0.893117189407  5254882
0.89372420311  5254353
0.894409179688  5243762
0.895173072815  5243721
0.895310163498  5229197
0.896152019501  5215633
0.898097038269  5215574
0.89833521843  5212206
0.899255037308  5182336
0.89986205101  5166450
0.900155067444  5163356
0.902100086212  5160928
0.907670021057  5160870
0.910251140594  5158730
0.91277718544  5155587
0.930901050568  5153589
0.948982000351  5153011
0.949120044708  5125563
0.967715024948  5123121
0.967857122421  5122102
0.968080043793  5122096
0.968382120132  5121406
0.988768100739  5120140
0.98891210556  5106238
0.989227056503  5100068
1.00811004639  5097293
1.00824809074  5084696
1.02756500244  5067720
1.06550002098  5067647
1.10341501236  5066413
1.14190721512  5066371
1.18010401726  5064721
1.21829104424  5059955
1.25769615173  5053281
1.29682898521  5053133
1.33597612381  5052767
1.39020299911  5052484
1.43089914322  5050935
1.50611805916  5050334
1.55999112129  5049626
1.61276602745  5048675
1.66918611526  5044188
1.72575807571  5040549
1.72597503662  5040444
1.72626900673  5039666
1.7269551754  5034859
1.72755908966  5034145
1.78432416916  5031525
1.80322098732  5031496
1.83389401436  5031398
1.85850405693  5030418
1.88430500031  5029668
1.92190504074  5028163
1.9475171566  5027394
2.01218414307  5026050
2.07069015503  5025734
2.14095115662  5025318
2.19892311096  5025300
2.26180100441  5023951
2.31898808479  5023895
2.38501214981  5023465
2.44898200035  5022557
2.50631713867  5012736
2.56609511375  5010287
2.5663599968  5010182
2.57373404503  5009625
2.58087611198  5007615
2.58109307289  4983096
2.58393311501  4983073
2.59111618996  4982676
2.6108880043  4982250
2.63033413887  4980667
2.65682411194  4980485
2.67593002319  4980276
2.71370911598  4980172
2.71384716034  4979786
2.73405718803  4978888
2.75319910049  4973473
2.77258419991  4967167
2.79260802269  4965976
2.81209611893  4965162
2.8322160244  4964005
2.85130906105  4961307
2.87058210373  4958780
2.89008021355  4958506
2.90925121307  4955826
2.92950320244  4954390
2.98774719238  4950679
3.00679111481  4950466
3.0673251152  4950201
3.1430990696  4946728
3.16222405434  4945640
3.21098399162  4945302
3.22184705734  4943922
3.22198414803  4941349
3.22920203209  4939062
3.23148202896  4936601
3.23162007332  4935119
3.23183608055  4928533
3.23213100433  4864765
3.23258304596  4860329
3.23343205452  4860252
3.24433112144  4859162
3.27463006973  4859143
3.3045501709  4859014
3.35324621201  4858791
3.41004109383  4858661
3.46770715714  4858150
3.53415513039  4858059
3.60060310364  4857956
3.66950011253  4857665
3.75212907791  4857503
3.83587813377  4857295
3.91337919235  4857244
3.98957204819  4856901
4.06652617455  4856522
4.14303016663  4856038
4.22920203209  4855114
4.33370018005  4854357
4.39053416252  4853460
4.48868918419  4852988
4.58845019341  4852743
4.6830971241  4852332
4.77734899521  4852221
4.88248705864  4851722
4.97711014748  4850706
5.01548099518  4850660
5.07240819931  4850562
5.11034798622  4850380
5.2045750618  4850221
5.26614713669  4850100
5.3608250618  4850056
5.4934630394  4849714
5.58791613579  4849322
5.71951699257  4828927
5.85122799873  4826684
5.98325419426  4826195
6.15244102478  4825404
6.24645209312  4824529
6.35229611397  4824320
6.46576809883  4822548
6.60833001137  4822435
6.70224714279  4822046
6.83882904053  4821620
6.97671818733  4821264
7.07080602646  4821220
7.21260404587  4819982
7.3641769886  4818459
7.51402401924  4818414
7.66506910324  4817870
7.81989407539  4816692
7.97151613235  4816247
8.12226510048  4806016
8.27411603928  4805111
8.42603302002  4803497
8.58081007004  4802491
8.73297715187  4799316
8.88922309875  4798320
9.05164599419  4798030
9.22128915787  4797150
9.39133906364  4791266
9.56027817726  4790525
9.73035502434  4790375
9.90628814697  4790088
10.0759370327  4787377
10.2487370968  4785857
10.2693481445  4785773
10.2884421349  4785752
10.3075811863  4785454
10.3317141533  4785435
10.3511722088  4784869
10.4074630737  4784751
10.5058550835  4784648
10.5108361244  4782694
10.5109732151  4681612
10.5137112141  4670259
10.5138480663  4602510
10.5141410828  4601978
10.5142791271  4583976
10.5144941807  4583517
10.5148870945  4501930
10.5153360367  4501446
10.5156280994  4501265
10.5161781311  4418594
10.516862154  4416551
10.5176250935  4412432
10.5177621841  4411669
10.5190742016  4409987
10.5214099884  4409877
10.5215470791  4409846
10.5217621326  4408473
10.5257751942  4407945
10.5263030529  4407255
10.5303339958  4405588
10.53531003  4403996
10.5780181885  4403450
10.634455204  4403352
10.6720809937  4403170
10.8567841053  4401406
11.0418040752  4353287
11.2269821167  4344173
11.4117541313  4318714
11.5966200829  4237417
11.7812590599  4234905
11.9659650326  4203094
12.1505560875  4198741
12.3367481232  4163100
12.5214409828  4144994
12.7067360878  4144224
12.8915770054  4142386
13.07695508  4140772
13.262485981  4140238
13.44739604  4139063
13.6338620186  4138358
13.7277951241  4138307
13.8212151527  4138258
14.0074090958  4137942
14.1013710499  4137495
14.2162480354  4137075
14.4392521381  4104975
14.4964489937  4104108
14.5538611412  4103886
14.610861063  4103693
14.8338441849  4103453
15.0610861778  4085313
15.2844440937  4085185
15.5066330433  4084040
15.7317140102  4005980
15.7888281345  4004333
15.882625103  4003309
15.9950120449  4003183
16.2159261703  4002871
16.4366490841  4001694
16.6573390961  3999215
16.8832530975  3989527
17.1064929962  3939269
17.1636781693  3938470
17.2207221985  3938248
17.2778861523  3938055
17.5026061535  3937195
17.5597691536  3935031
17.6540071964  3934167
17.7666091919  3933531
17.9883241653  3923937
18.2100381851  3923762
18.4314141273  3922764
18.6533131599  3890181
18.8930101395  3882892
19.1438691616  3876701
19.2012121677  3875642
19.2579610348  3875452
19.3152170181  3875230
19.3723700047  3875037
19.6124711037  3872122
19.8576991558  3871425
20.0989451408  3870980
20.3423340321  3870240
20.5876619816  3869306
20.6451771259  3868284
20.7410809994  3867387
20.9465391636  3867242
21.2647390366  3866614
21.5796689987  3866552
21.8920640945  3866084
22.2036230564  3865790
22.5275421143  3865593
22.8456661701  3865389
23.157512188  3865268
23.4753251076  3863394
23.7870821953  3863219
23.7884030342  3862937
23.7885410786  3862907
23.7894639969  3862168
23.8048241138  3861002
23.8050401211  3859159
23.8051781654  3853772
23.8076860905  3853515
23.8078231812  3851355
23.8081181049  3847081
23.8113491535  3843940
23.8119790554  3843253
23.8122742176  3842159
23.8258500099  3841634
23.8260660172  3810174
23.8262031078  3806375
23.8281581402  3797696
23.8283741474  3796741
23.8287470341  3794144
23.8313419819  3791923
23.8382880688  3790163
23.8385741711  3787809
23.8390049934  3787483
23.8396930695  3772353
23.8477740288  3768434
23.8484201431  3768091
23.8486690521  3766712
23.855754137  3766577
23.8649129868  3765821
23.8788120747  3763909
23.8978149891  3762678
23.9360921383  3760819
23.9751060009  3758763
24.0133700371  3757517
24.0516951084  3757248
24.0895822048  3757049
24.1650500298  3756906
24.2775630951  3752535
24.3896381855  3741116
24.4461631775  3740932
24.5751321316  3739522
24.6315720081  3737514
24.7435100079  3733422
24.8561871052  3722948
24.8940200806  3722526
24.9317550659  3722496
24.9696490765  3722220
25.0260682106  3721960
25.1380941868  3720845
25.2502501011  3708939
25.3635840416  3705610
25.4754440784  3687760
25.587594986  3684723
25.6997401714  3682349
25.7376191616  3681947
25.7942130566  3680044
25.9065191746  3661327
26.0195021629  3655869
26.1315112114  3652300
26.2436170578  3650578
26.3561761379  3630947
26.468350172  3629967
26.5802412033  3626845
26.6924312115  3624595
26.8058340549  3622731
26.9179580212  3611691
26.955851078  3610919
26.9940071106  3610889
27.0321609974  3610613
27.0889132023  3610353
27.2016580105  3608830
27.3159310818  3604313
27.3541471958  3603909
27.4109652042  3602007
27.5235660076  3595683
27.6367270947  3595261
27.7497260571  3594780
27.8624770641  3594322
27.9750740528  3591726
28.089495182  3588476
28.1275951862  3587330
28.1655490398  3587300
28.2036430836  3587024
28.2604711056  3586764
28.3917250633  3586033
28.5388391018  3585202
28.6860442162  3582734
28.8351101875  3582267
28.9665141106  3573593
28.9670450687  3572742
29.10298419  3572383
29.2340831757  3571278
29.3660111427  3571153
29.5065641403  3567225
29.5446641445  3566913
29.639124155  3566905
29.77039814  3566008
29.864880085  3565346
29.9966061115  3563618
30.1280331612  3561472
30.2597219944  3544632
30.3921530247  3540983
30.4870560169  3540975
30.6373121738  3540213
30.7984361649  3539467
30.9601349831  3539298
31.1214811802  3538332
31.2833809853  3533715
31.4443650246  3526952
31.4449760914  3526038
31.4452700615  3525223
31.445743084  3522798
31.5962991714  3521059
31.7476201057  3515897
31.8973929882  3513164
32.0540311337  3496111
32.2057580948  3495423
32.3585710526  3487770
32.5096371174  3484804
32.668610096  3484088
32.8192770481  3475592
32.970220089  3475400
32.9708330631  3473752
33.1218252182  3472703
33.2738301754  3469149
33.3697631359  3468744
33.4078261852  3468444
33.4459030628  3468184
33.5967900753  3466201
33.758669138  3465296
33.9204170704  3464212
34.072343111  3462586
34.2364981174  3460326
34.386685133  3456117
34.5534641743  3454441
34.738517046  3453642
34.9667170048  3451509
35.1908111572  3449157
35.4326190948  3447435
35.6733431816  3446992
35.9146111012  3442243
36.1709771156  3440636
36.4242320061  3423538
36.425235033  3422529
36.4258441925  3418249
36.5760660172  3416608
36.817453146  3391632
36.8184580803  3391336
37.0611200333  3390663
37.3051991463  3390619
37.3999321461  3388311
37.4378631115  3387827
37.6066360474  3383835
37.7753081322  3383803
37.9949250221  3382371
38.1780071259  3380695
38.3656301498  3376861
38.5544300079  3369347
38.742303133  3322884
38.8371829987  3322773
38.8379511833  3321736
38.8758740425  3321725
38.9145810604  3321722
38.9971981049  3321042
39.0046970844  3321025
39.0048351288  3268959
39.0051290989  3261071
39.0075581074  3245050
39.0104651451  3242536
39.0141751766  3240736
39.0182271004  3240467
39.0223391056  3238854
39.032913208  3236987
39.0628890991  3236745
39.131275177  3236318
39.2069120407  3236195
39.2826440334  3235466
39.3786511421  3235303
39.4728970528  3234554
39.6096870899  3234293
39.7415750027  3233225
39.8730821609  3230290
40.0052680969  3230122
40.136947155  3229987
40.2716970444  3227381
40.4061059952  3227376
40.5409700871  3226733
40.6722362041  3226364
40.8035321236  3226110
40.9403669834  3226003
41.0723421574  3224627
41.2039120197  3224359
41.3357150555  3223161
41.4861941338  3221644
41.6362211704  3221176
41.78672719  3217948
41.9368810654  3217393
42.0881001949  3216731
42.2382130623  3214815
42.3912830353  3214538
42.5419661999  3213198
42.6932191849  3213078
42.8455162048  3213076
42.9954631329  3212492
43.1491630077  3212372
43.3013601303  3212046
43.4564931393  3212025
43.5562410355  3211731
43.6711959839  3209490
43.7853391171  3207286
43.9188752174  3206684
44.0340671539  3206587
44.1481502056  3205961
44.2630209923  3205586
44.3952691555  3205502
44.5281991959  3204888
44.6800131798  3203582
44.830406189  3203550
45.0363981724  3201624
45.2774782181  3201167
45.7157931328  3200933
46.1452410221  3200517
46.5911340714  3200370
47.0374181271  3200106
47.5025150776  3199072
48.0171370506  3198873
48.553686142  3198242
49.0855281353  3197567
49.6191921234  3197214
50.1536171436  3196653
50.6846880913  3196360
51.2166612148  3195956
51.7483201027  3194563
52.280310154  3192715
52.8123760223  3192014
53.3446350098  3191369
53.8757259846  3190234
54.4107429981  3189836
54.9420390129  3188855
55.4738202095  3070566
56.0051519871  3062176
56.5365760326  3061735
57.0685060024  3060338
57.6004960537  3058746
58.1384470463  2926677
58.6780750751  2925672
59.2153730392  2923255
59.7544181347  2922858
60.2920341492  2903418
60.8291261196  2854997
60.8315060139  2854996
60.8326740265  2854119
60.8350281715  2851170
60.8361961842  2850542
60.8750631809  2849498
60.915430069  2848912
60.9177122116  2847773
61.0319039822  2847392
61.2779281139  2847379
61.5220320225  2847269
61.767603159  2847023
62.2994160652  2834235
62.3017280102  2833107
62.7731261253  2833103
63.2592000961  2832278
63.7291340828  2832259
64.4950830936  2831512
65.3049511909  2826293
66.1134681702  2826150
66.5512011051  2825782
67.0076601505  2825774
67.4620611668  2825120
67.9161581993  2824928
68.7527530193  2824351
69.5916750431  2823322
70.0462920666  2823268
70.5092241764  2823232
71.3609139919  2822376
72.2907152176  2822001
73.1304659843  2821752
73.939702034  2821413
74.751760006  2821364
75.6359241009  2821076
76.5272049904  2820724
76.8291170597  2820112
77.1477780342  2819864
77.4673640728  2819233
77.7823421955  2818276
78.130546093  2817570
78.4809780121  2817467
78.8253731728  2817180
79.1734972  2816627
79.5189070702  2816512
79.8677511215  2816230
80.212318182  2815500
80.5611960888  2815025
81.5155820847  2814827
82.4689950943  2814683
83.4238290787  2814201
84.3835580349  2810442
85.3431801796  2809738
86.3026041985  2807820
87.2597811222  2807811
88.2179410458  2805116
89.1869502068  2804869
90.1563360691  2795919
91.1245880127  2795754
92.0924091339  2795166
93.0720210075  2793807
93.6260139942  2793756
94.1986451149  2793484
94.8222401142  2792093
95.8860321045  2790719
96.9478230476  2790097
98.036272049  2789809
99.1285431385  2787711
100.219009161  2787675
101.307816029  2787609
102.396148205  2787542
103.486520052  2787220
104.578482151  2786862
105.669479132  2786803
106.760181189  2785658
107.843612194  2784272
108.920238018  2783413
110.004259109  2783316
111.09595418  2781903
112.188922167  2779638
113.326874018  2779611
114.441732168  2779117
115.563753128  2778652
116.675544024  2778264
117.798002005  2777923
118.946942091  2728040
120.070564985  2727740
121.222405195  2727333
122.363375187  2727198
123.505971193  2724950
124.648446083  2724127
125.765267134  2723551
126.957670212  2723541
128.142211199  2722761
129.324846983  2722681
130.509031057  2721891
131.693891048  2721509
132.892665148  2720096
134.097612143  2719942
134.998081207  2719854
135.652649164  2719706
136.324127197  2719222
136.960213184  2719190
137.588967085  2719125
138.236173153  2719095
138.896680117  2718730
139.588185072  2717520
140.233930111  2717387
140.927755117  2717337
141.571935177  2716772
142.267930031  2716562
142.956754208  2716295
143.65559411  2716267
144.353634119  2716068
145.067605019  2716055
145.779327154  2715617
146.507536173  2713498
147.358834982  2713400
148.192887068  2713383
149.004096985  2713118
150.110393047  2711513
150.760850191  2711087
151.409955025  2710484
152.059570074  2709662
153.323618174  2709133
154.613956213  2708234
155.882874012  2662652
157.149964094  2658536
158.416188002  2650225
159.702550173  2643000
160.986330032  2642091
162.268329144  2567888
163.534677982  2565080
164.740123987  2564764
165.371032  2564648
165.91834116  2564570
166.246042013  2564450
166.556416035  2563920
167.119366169  2563918
167.749355078  2563754
168.379232168  2563502
169.024394989  2562675
169.702185154  2562595
170.539905071  2561752
171.259186983  2561653
172.010485172  2549305
172.740934134  2549225
173.635676146  2549172
175.130122185  2548521
176.548494101  2548441
178.020098209  2546716
179.501271009  2539439
180.978470087  2538555
182.314985991  2531995
183.60692215  2531054
184.902983189  2530657
186.190632105  2528637
187.502291203  2528167
188.814243078  2527099
190.136929035  2526172
191.459123135  2525361
192.771844149  2524863
194.093880177  2524812
195.426285982  2524680
196.750769138  2522710
198.07013917  2522701
199.397504091  2513996
200.734505177  2512979
202.066748142  2511967
203.412044048  2511660
204.75595212  2507493
206.08307004  2506210
207.439028025  2505805
208.832168102  2503599
210.240751982  2497001
211.661473036  2494625
213.081490993  2493651
214.513444185  2489109
215.230043173  2487997
215.935878038  2486552
216.651489019  2486143
217.365533113  2486113
218.094279051  2485410
219.565670013  2484710
221.007103205  2416243
222.100116014  2415540
222.974434137  2415319
223.84820199  2414777
224.95203805  2414107
226.057351112  2414099
227.361865044  2413897
228.804876089  2412255
230.262814999  2400863
231.726541996  2400746
233.166450024  2400288
234.60891819  2348444
236.057729006  2341758
237.498600006  2329449
238.590179205  2326236
239.680305004  2326031
240.888889074  2314195
242.303657055  2313654
243.716500998  2313219
245.165218115  2312119
246.627610207  2309146
247.94778204  2309124
249.261569023  2308773
250.590562105  2308571
251.905433178  2308523
253.312225103  2305845
254.774340153  2235171
256.247872114  2235122
257.732445002  2204839
259.059375048  2199408
260.379106998  2199202
261.699832201  2198792
263.046644211  2198657
264.480914116  2197623
265.967333078  2192025
267.449601173  2187021
268.94047904  2184032
270.404288054  2183882
271.893115997  2178567
273.41272521  2135552
274.862757206  2133989
276.219741106  2133982
277.539735079  2133734
278.894021034  2133692
280.271424055  2133334
281.685878038  2131885
283.145320177  2131426
284.516700029  2131276
285.839569092  2129254
287.248786211  2128738
288.734155178  2124928
290.241964102  2101822
291.621988058  2097103
293.007880211  2095781
294.393934011  2095779
295.914537191  2095266
297.417237043  2095227
298.931938171  2082812
300.450493097  2078282
301.960457087  2056555
303.352553129  2053064
304.811711073  2046889
306.303319216  2042535
307.811750174  2026710
309.332055092  2019525
310.855485201  2000965
312.392234087  1991733
313.934363127  1991514
315.455910206  1991081
316.968609095  1985193
318.485430002  1980889
320.015274048  1979319
321.564527988  1971801
323.115301132  1957993
324.6665411  1950099
326.216431141  1945790
327.609997988  1942663
329.008759022  1941314
330.328273058  1940886
331.646301985  1940525
333.201048136  1870132
334.757511139  1863479
336.134918213  1858417
337.435798168  1853692
338.78274703  1852293
340.166028023  1850255
341.696494102  1844871
343.255679131  1755746
344.644702196  1752945
346.037106991  1751596
347.362500191  1751168
348.680328131  1750807
350.219320059  1748079
351.780487061  1747770
353.338589191  1717500
354.899019003  1696740
356.468490124  1696642
358.036939144  1696279
359.605256081  1694011
361.173034191  1665185
362.748838186  1664498
364.332519054  1636602
365.898321152  1632031
367.477321148  1609490
369.051464081  1599603
370.622624159  1596673
372.204690218  1595568
373.785662174  1595101
375.380995035  1594790
376.966848135  1594759
378.555759192  1547567
380.138567209  1543564
381.75515604  1509124
383.367025137  1495044
384.979725122  1493467
386.604027987  1492761
388.230132103  1483033
389.858309984  1476254
391.496338129  1441268
393.142244101  1429966
394.787348986  1407996
396.415238142  1407390
398.070269108  1375180
399.706598997  1374900
401.362405062  1374693
402.993051052  1374581
404.631262064  1374322
406.286818981  1371288
407.927880049  1369666
409.571790218  1356754
411.193690062  1356698
412.83803606  1356615
414.460522175  1356567
416.102512121  1353173
417.740243196  1329329
419.355181217  1328776
421.01561904  1328508
422.714856148  1324333
424.412783146  1324213
426.139555216  1324047
427.845830202  1324019
429.601098061  1323523
431.355290174  1317488
433.115419149  1316793
434.871869087  1311081
436.642755032  1310458
438.421245098  1298024
440.196870089  1297391
441.972339153  1278424
443.746381044  1271856
445.519766092  1270448
447.300139189  1188424
449.09277916  1188367
450.883404016  1188014
452.675039053  1164086
454.470099211  1162878
456.254153013  1162828
458.039362192  1158880
459.824810028  1150558
461.608064175  1149612
463.414602041  1148728
465.222422123  1142526
467.036414146  1140780
468.415884018  1138997
469.722884178  1138618
471.065513134  1138597
472.445672989  1137669
473.788419008  1136420
475.15041399  1135004
476.531875134  1133692
478.22680521  1130420
479.937636137  1129929
481.655062199  1129033
483.385910988  1128608
485.107978106  1127464
486.879829168  1123977
488.661590099  1122209
490.442713022  1121376
492.212691069  1117083
493.980239153  1113040
495.750421047  1110628
497.524605989  1110475
499.361523151  1109293
501.198904991  1109038
503.032500982  1105746
504.846391201  1104957
506.682213068  1104407
508.601868153  1095696
510.537556171  1093943
512.387402058  1090954
513.500583172  1090607
514.600141048  1087272
515.696972132  1087148
516.747925997  1087094
517.844777107  1086786
518.895801067  1086552
519.993835211  1086263
521.046983004  1085881
522.792878151  1082149
524.545414209  1081391
526.435172081  1079849
528.343059063  1079623
530.244329214  1071750
532.150151014  1071562
534.058649063  1071326
535.963123083  1059125
537.874144077  1057113
539.801010132  1051426
541.721948147  1049232
543.656115055  1044542
545.571938038  1040532
547.498735189  1039787
549.408222198  1037838
551.314094067  1036867
553.216546059  1032699
555.125636101  1032104
557.032938004  1026259
558.944952011  1023796
560.854865074  1020476
562.781977177  1016329
564.716278076  1014925
566.648388147  1012680
568.5874331  1009873
570.519950151  1006879
572.451470137  1005095
574.375627995  1004314
576.294676065  1001098
578.211161137  995395
580.127348185  992719
582.048431158  971596
583.972949028  966214
585.895629168  962565
587.824064016  947543
589.751751184  943135
591.684501171  942073
593.621591091  941897
595.556982994  941379
597.499316216  941077
599.44060421  941074
601.379267216  940939
