0.0411660671234  6922268
0.0415389537811  6920927
0.0424220561981  6916840
0.0427980422974  6912871
0.0430951118469  6911847
0.0435500144958  6883466
0.0436890125275  6880869
0.0439460277557  6879812
0.0450019836426  6878997
0.0451591014862  6877881
0.0472910404205  6877306
0.0474290847778  6844059
0.0477259159088  6841539
0.0482530593872  6830040
0.048798084259  6826029
0.049567937851  6822041
0.0510079860687  6819544
0.0513229370117  6816122
0.0536680221558  6815315
0.0538949966431  6811239
0.0545029640198  6798368
0.0548760890961  6795309
0.0588788986206  6791128
0.0594809055328  6779300
0.0597579479218  6777543
0.0636169910431  6776307
0.0667929649353  6775543
0.0701179504395  6769690
0.0705308914185  6767931
0.0737879276276  6767869
0.0773649215698  6767056
0.0775210857391  6747678
0.0829899311066  6745668
0.083281993866  6744238
0.0846030712128  6744206
0.0911340713501  6743249
0.0965530872345  6742448
0.0966920852661  6736810
0.0969738960266  6734945
0.0974810123444  6698033
0.102118968964  6692860
0.105976104736  6691366
0.110815048218  6690956
0.111613988876  6690699
0.112418889999  6690328
0.117491006851  6688814
0.123912096024  6688793
0.124269008636  6672609
0.124685049057  6672561
0.124871969223  6599542
0.125361919403  6597377
0.131980895996  6596907
0.139446973801  6596585
0.139647960663  6596397
0.140042066574  6588545
0.145997047424  6587889
0.151937007904  6587729
0.1520819664  6586765
0.152306079865  6571630
0.152856111526  6566338
0.158716917038  6566289
0.164700031281  6565183
0.164917945862  6564888
0.165055990219  6564422
0.171308994293  6564111
0.171447992325  6559934
0.171902894974  6559851
0.178392887115  6559049
0.178536891937  6558847
0.184969902039  6558105
0.19158911705  6557887
0.191736936569  6557288
0.197595119476  6557201
0.204055070877  6556146
0.211390018463  6555113
0.212006092072  6553250
0.212145090103  6553227
0.212363004684  6547854
0.219218969345  6546732
0.226161956787  6545524
0.226854085922  6545356
0.227387905121  6545006
0.234327077866  6544405
0.242724895477  6544279
0.243581056595  6541938
0.243877887726  6541786
0.244254112244  6535540
0.252263069153  6534798
0.261640071869  6533840
0.263408899307  6533833
0.263715028763  6533294
0.265435934067  6531658
0.274741888046  6531326
0.275068044662  6529402
0.277635097504  6529172
0.277789115906  6528644
0.278362989426  6525025
0.279061079025  6480816
0.279397010803  6479502
0.280334949493  6473635
0.282249927521  6473168
0.293077945709  6472234
0.30365896225  6471663
0.303817033768  6341960
0.317066907883  6340953
0.317424058914  6334447
0.317959070206  6332562
0.318775892258  6331537
0.319186925888  6328248
0.320120096207  6326400
0.320283889771  6289392
0.321928977966  6287147
0.333664894104  6286150
0.333820104599  6191462
0.345976114273  6190543
0.346600055695  6189546
0.359189987183  6188999
0.359544038773  6178570
0.36035990715  6177188
0.373662948608  6176741
0.373807907104  6174946
0.386771917343  6174369
0.386910915375  6173738
0.401113033295  6172530
0.40133190155  6165824
0.401864051819  6164421
0.415529966354  6163496
0.415673971176  6162682
0.431453943253  6161649
0.431598901749  6156787
0.431818008423  6154236
0.432192087173  6145613
0.432646036148  6142736
0.432943105698  6141014
0.433160066605  6138308
0.433794021606  6122177
0.433932065964  6118656
0.434149026871  6118553
0.435627937317  6114416
0.436830043793  6114137
0.437918901443  6107795
0.438374996185  6100529
0.438513040543  6088215
0.43904709816  6075331
0.439186096191  6073673
0.440355062485  6070823
0.441597938538  6069378
0.443169116974  6065511
0.443465948105  6061489
0.443603992462  6054244
0.445163011551  6050763
0.446511983871  6048387
0.44815993309  6042635
0.448298931122  6042135
0.448674917221  6038718
0.450481891632  6036775
0.466721057892  6036463
0.467736959457  6034938
0.468132019043  6034547
0.46834897995  5961383
0.468487024307  5959956
0.468939065933  5959591
0.469470024109  5958322
0.482697963715  5957512
0.482836961746  5881042
0.483705043793  5879216
0.484867095947  5878888
0.486114025116  5876270
0.499870061874  5876055
0.515474081039  5874464
0.531173944473  5874005
0.531311988831  5861980
0.54737496376  5861765
0.549155950546  5855364
0.550479888916  5854146
0.566421985626  5853708
0.582858085632  5853155
0.584594964981  5852531
0.585954904556  5842276
0.602905988693  5842265
0.620157003403  5841512
0.620296001434  5839770
0.620512962341  5838437
0.620853900909  5836779
0.623167037964  5809572
0.623349905014  5790451
0.624985933304  5785557
0.642240047455  5784740
0.642389059067  5775648
0.660249948502  5774707
0.660901069641  5767789
0.679342985153  5767518
0.679481983185  5751834
0.680092096329  5750579
0.698859930038  5750334
0.699029922485  5749884
0.699289083481  5747600
0.718652009964  5736257
0.740354061127  5733474
0.76128411293  5730996
0.781160116196  5724487
0.802134990692  5722584
0.822812080383  5721336
0.843687057495  5718643
0.86327791214  5715562
0.884691953659  5714092
0.907021999359  5711148
0.934600114822  5707859
0.960994958878  5704922
0.986424922943  5702555
1.00879001617  5701306
1.03492212296  5698220
1.05891990662  5695460
1.08155202866  5658985
1.10469293594  5655535
1.13134908676  5655399
1.15376091003  5648068
1.17794895172  5648048
1.19949197769  5646121
1.23096609116  5642824
1.2507610321  5640824
1.27341389656  5624299
1.29539895058  5623896
1.31512594223  5623035
1.35335803032  5623031
1.38148593903  5620837
1.40412998199  5618310
1.42702198029  5618158
1.44904088974  5615450
1.47130393982  5614646
1.49456691742  5614643
1.5293200016  5614155
1.57868003845  5605934
1.61778712273  5605654
1.66469097137  5605421
1.71071100235  5603793
1.7563021183  5598768
1.80103898048  5596159
1.84663510323  5591978
1.89364004135  5591966
1.8938100338  5591890
1.90529608727  5591581
1.90862894058  5591271
1.91070103645  5588589
1.91120195389  5588241
1.91190290451  5504958
1.92114710808  5504783
1.92984700203  5504551
1.93079209328  5504529
1.93092989922  5493493
1.93177509308  5492339
1.93301796913  5491945
1.97245407104  5484121
2.02422094345  5480674
2.07874488831  5480458
2.13125705719  5480371
2.17389512062  5480341
2.21790909767  5480166
2.26250910759  5479371
2.30392003059  5475266
2.3506269455  5475022
2.39440989494  5466136
2.44105100632  5465913
2.48581504822  5465644
2.53109312057  5462227
2.57396101952  5462131
2.62273097038  5450648
2.66922092438  5443499
2.71236610413  5442111
2.75242805481  5438214
2.80012893677  5422272
2.84449195862  5416462
2.88427305222  5410717
2.92319989204  5406020
2.96946001053  5403538
3.01592898369  5401679
3.0613360405  5400187
3.10538506508  5400135
3.16102695465  5399592
3.20319390297  5395708
3.24500608444  5395528
3.28685212135  5392709
3.33056306839  5390682
3.37402391434  5389799
3.41971707344  5389307
3.46193289757  5386863
3.51126408577  5381931
3.55328798294  5380944
3.59840703011  5379565
3.65476703644  5379547
3.72088193893  5379027
3.75306200981  5379000
3.7807071209  5378755
3.80548501015  5377786
3.85273504257  5375605
3.9273109436  5375321
4.00284790993  5375055
4.06731390953  5374244
4.14274597168  5373769
4.20865392685  5338693
4.27352905273  5331708
4.34751605988  5331660
4.40632200241  5330718
4.47719812393  5329736
4.56539106369  5329690
4.60918402672  5329472
4.71696805954  5323364
4.78229808807  5322049
4.8928000927  5317743
4.99954795837  5317346
5.11584401131  5316996
5.22205400467  5309459
5.22246289253  5309457
5.22301793098  5309368
5.22351789474  5309153
5.24648094177  5308345
5.24865794182  5307684
5.2492609024  5305166
5.24953889847  5304504
5.24997210503  5304317
5.25072193146  5295792
5.25097203255  5293520
5.25179600716  5277497
5.25384092331  5277132
5.26501297951  5276858
5.33358693123  5269049
5.40097999573  5268119
5.46932601929  5215512
5.53350710869  5214032
5.59295296669  5138555
5.65912389755  5136985
5.72664189339  5134184
5.79566693306  5123954
5.87776994705  5122677
5.94422411919  5112087
6.0043759346  5109955
6.07177805901  5043479
6.13987112045  5035355
6.20678496361  4982462
6.27438402176  4978982
6.33156299591  4978895
6.41202807426  4978719
6.47808408737  4976800
6.50024390221  4976776
6.5716650486  4976577
6.57189297676  4976382
6.63662600517  4974846
6.69857311249  4973915
6.69879508018  4973588
6.71797394753  4972582
6.77595710754  4966937
6.83329606056  4963079
6.85295796394  4963055
6.91184091568  4961947
6.91206097603  4961646
6.96930003166  4950286
7.02629590034  4947812
7.084182024  4931819
7.14341902733  4927653
7.14363598824  4927329
7.16341495514  4927195
7.22194004059  4927108
7.2791390419  4874805
7.34022402763  4865830
7.34044098854  4865572
7.34057807922  4865423
7.39786696434  4859737
7.46296691895  4859512
7.61296200752  4859066
7.77035403252  4859022
7.92815208435  4858793
8.08523511887  4858439
8.24189710617  4851040
8.40016198158  4850005
8.59696412086  4849752
8.78504991531  4837236
8.86354994774  4836338
8.94932389259  4835811
9.05075311661  4835780
9.12895107269  4835315
9.23327803612  4834836
9.38083100319  4834824
9.52981305122  4832748
9.68109607697  4832278
9.83326005936  4827409
9.99387311935  4826613
10.1061310768  4826140
10.3330368996  4825895
10.5389950275  4825777
10.7275629044  4819942
10.916727066  4819860
10.9175000191  4818748
10.9337320328  4817425
11.0284900665  4817320
11.1231729984  4817179
11.2176480293  4816517
11.312554121  4814824
11.4261949062  4810844
11.5576059818  4810675
11.6780729294  4809534
11.7925179005  4807626
11.9087328911  4806253
12.0287749767  4805829
12.1416149139  4747001
12.217457056  4746881
12.3006539345  4745351
12.3080921173  4744995
12.3085439205  4743383
12.3149290085  4743260
12.3334290981  4742139
12.3379509449  4742106
12.33832407  4742022
12.3399610519  4741721
12.3401770592  4732209
12.3426060677  4726435
12.342744112  4725268
12.3504230976  4724840
12.3506391048  4724339
12.3525130749  4715206
12.3532009125  4714673
12.3563649654  4712165
12.3671059608  4711779
12.3979990482  4711559
12.4366760254  4703590
12.4822540283  4699480
12.5206160545  4674355
12.5593779087  4674292
12.5992369652  4661270
12.6376619339  4659286
12.6757819653  4654718
12.7162709236  4645371
12.7580881119  4644461
12.8004620075  4643812
12.8435070515  4643740
12.8816590309  4642046
12.921118021  4638847
12.9593710899  4636856
12.9997439384  4635293
13.0385730267  4634102
13.076982975  4633488
13.116642952  4631733
13.1720869541  4631653
13.1783189774  4631022
13.2922759056  4630581
13.48148489  4611739
13.595236063  4611711
13.710119009  4611406
13.8629798889  4610859
13.9802649021  4610054
14.1349229813  4609598
14.2340219021  4609575
14.3364069462  4609550
14.431096077  4606506
14.5248219967  4604307
14.6221539974  4604017
14.719588995  4603705
14.8358440399  4603235
14.9764270782  4602301
15.119038105  4601552
15.3093268871  4600473
15.511482954  4599883
15.7025129795  4599003
15.8897659779  4574816
16.0900959969  4574532
16.2906370163  4566707
16.4524970055  4566696
16.6507029533  4556783
16.8183979988  4555817
17.0148699284  4551050
17.2201609612  4546740
17.4190759659  4546436
17.6235089302  4545304
17.8466870785  4544937
18.0668721199  4544444
18.2832000256  4500218
18.4962821007  4496381
18.724750042  4493718
18.9414379597  4493278
19.1563489437  4482918
19.3644189835  4475462
19.5815711021  4474075
19.8263349533  4474008
20.0568790436  4473100
20.3380451202  4472802
20.5689399242  4472775
20.9006929398  4471999
21.2386209965  4469941
21.6125910282  4469894
21.9859719276  4469516
22.3702270985  4469189
22.7700591087  4468841
23.2038960457  4467585
23.6119220257  4465472
24.0448870659  4463991
24.4729290009  4463943
24.8881869316  4457221
25.2163639069  4456842
25.4406340122  4456739
25.5443019867  4456673
25.6895780563  4456605
25.8430130482  4456362
26.0038759708  4456322
26.2312719822  4456117
26.3997790813  4455645
26.5564959049  4455556
26.7175400257  4455295
26.8714199066  4454996
27.0339510441  4454963
27.2078199387  4454934
27.3617470264  4454364
27.4976570606  4454134
27.6903970242  4454025
27.9937989712  4453636
28.3334140778  4428459
28.6676299572  4428165
29.0154469013  4427227
29.3525030613  4420858
29.3537530899  4419830
29.3538939953  4418706
29.3541889191  4418592
29.3735890388  4418209
29.3745269775  4415284
29.3921399117  4414936
29.4116580486  4413932
29.4885749817  4344202
29.4888529778  4343907
29.4890420437  4343758
29.5583291054  4327488
29.6224970818  4327472
29.6852729321  4320860
29.7562038898  4316236
29.8262081146  4309210
29.8941400051  4308356
29.9635679722  4306816
30.0344820023  4304084
30.1057960987  4298043
30.1762449741  4297369
30.2374229431  4294808
30.2376511097  4294511
30.262419939  4293505
30.3353159428  4168453
30.4000720978  4168325
30.4586520195  4168256
30.5370240211  4168180
30.6519889832  4167778
30.7198801041  4167575
30.8337728977  4166348
30.9079580307  4166279
31.1511321068  4166013
31.4017629623  4165795
31.6266059875  4164151
31.8529539108  4163811
32.0684440136  4162850
32.2922821045  4162193
32.5236589909  4161754
32.7848930359  4159617
33.0449581146  4148874
33.3016331196  4147480
33.5932149887  4145656
33.9177229404  4143430
34.1941380501  4143034
34.56336689  4142334
34.9128711224  4142162
35.2654569149  4140358
35.6636009216  4129876
36.0238490105  4122525
36.4100620747  4119476
36.7559509277  4108995
37.1172659397  4107563
37.5129840374  4107241
37.9104440212  4106363
38.3440279961  4106358
38.7311570644  4106339
39.1398000717  4096908
39.4040191174  4095828
39.6712760925  4095767
40.068210125  4035734
40.3323040009  4030681
40.6572871208  4029891
40.999202013  3995823
41.3715059757  3991096
41.6392500401  3989168
41.9001610279  3989107
42.2985839844  3984492
42.707324028  3982645
43.1105110645  3955401
43.3712410927  3951160
43.6856400967  3950348
44.0682411194  3948851
44.4732899666  3943124
44.7295689583  3940836
44.9737579823  3940775
45.3378839493  3940435
45.724437952  3936423
46.1057999134  3935145
46.5010800362  3934981
46.9151890278  3934544
47.3735039234  3933030
47.8800001144  3908601
48.1442499161  3905742
48.3906910419  3905522
48.6446230412  3904995
49.0812849998  3904205
49.5967810154  3903104
50.1105489731  3895082
50.1131811142  3894360
50.1133561134  3894336
50.1351089478  3893882
50.1355199814  3893081
50.1531100273  3892969
50.1533949375  3892930
50.1537179947  3787627
50.154211998  3750783
50.1548891068  3679963
50.1550309658  3676060
50.1561429501  3669118
50.1575050354  3667982
50.1576709747  3607309
50.1579170227  3570764
50.158427  3512299
50.1586709023  3498316
50.1605229378  3497496
50.1622190475  3495144
50.162364006  3494660
50.1682209969  3493139
50.1683750153  3477374
50.1689560413  3467402
50.1838641167  3466099
50.1915860176  3465827
50.191806078  3465788
50.210944891  3464947
50.2262539864  3464753
50.22687006  3464339
50.2270870209  3463959
50.2273828983  3463617
50.2278358936  3463374
50.2452270985  3462965
50.2474420071  3462402
50.7157859802  3462338
51.2578859329  3462330
51.572783947  3460216
51.819945097  3458721
52.1126289368  3458014
52.445068121  3457993
52.864784956  3453647
53.0171060562  3453170
53.1229510307  3452584
53.2706310749  3451942
53.4410829544  3451511
53.5937569141  3449553
53.594301939  3449041
53.8545510769  3448840
54.1036000252  3448751
54.3791060448  3448672
54.6960940361  3448464
54.9694340229  3448263
55.3689079285  3447248
55.7185199261  3446658
56.0884199142  3445461
56.4702270031  3445218
56.8654808998  3444904
57.2637069225  3442925
57.5967309475  3442893
58.0508289337  3442492
58.4794809818  3442134
58.9009480476  3441841
59.3370399475  3438856
59.7909450531  3438303
60.2382130623  3426965
60.6767859459  3426675
61.0754840374  3423041
61.5443279743  3402664
61.9883050919  3400991
62.441865921  3397884
62.878262043  3396655
63.3060839176  3396190
63.7128770351  3394612
64.1584999561  3390299
64.5912849903  3362094
65.0217421055  3357694
65.4658720493  3350720
65.8946149349  3349550
66.28647089  3348611
66.6742479801  3348219
67.1285290718  3348134
67.3450119495  3347551
67.7103419304  3340466
68.0785059929  3340268
68.4533948898  3315500
68.7730970383  3314763
69.0927920341  3314599
69.4318089485  3313421
69.7894608974  3305226
70.1610269547  3304749
70.5067980289  3291532
70.841408968  3287537
71.2042551041  3285225
71.5837950706  3274613
71.945720911  3268909
72.309969902  3240800
72.6383039951  3238887
72.9515631199  3238778
73.2628889084  3238435
73.5751860142  3238076
73.8850550652  3235302
74.2527689934  3235282
74.6144840717  3233553
74.9989280701  3232091
75.3455710411  3217416
75.3469378948  3217003
75.3470780849  3216970
75.3473269939  3216853
75.3476319313  3216755
75.3486199379  3216221
75.586263895  3215260
75.5946989059  3214346
75.7413740158  3199280
75.8963909149  3196691
76.0458769798  3195057
76.1898419857  3194536
76.3256258965  3193732
76.4592680931  3185602
76.593020916  3162786
76.7268049717  3150129
76.7273418903  3149839
76.8884680271  3140759
76.8890221119  3139981
77.0446259975  3138906
77.1961619854  3137172
77.3543460369  3135003
77.3550870419  3134713
77.5154819489  3114613
77.5160250664  3114334
77.6543359756  3094299
77.7874319553  3065450
77.91918993  3065352
78.0504488945  3058378
78.1868290901  3026096
78.3194909096  3014690
78.4507479668  2999635
78.5866959095  2999165
78.7225251198  2997871
78.8176250458  2997826
78.9682760239  2997644
79.1606879234  2993334
79.3573789597  2991567
79.5093390942  2990338
79.7028830051  2989935
79.8977930546  2989848
80.1122879982  2987031
80.4784810543  2984676
80.8544659615  2982149
81.2310609818  2980976
81.6790831089  2922072
81.9908211231  2920136
82.3543040752  2919671
82.7213709354  2915683
83.0352880955  2911000
83.4059460163  2901604
83.7758920193  2892252
84.0930740833  2892116
84.465200901  2889032
84.7850289345  2884361
85.1495480537  2884086
85.5178320408  2869058
85.9272990227  2855118
86.3589639664  2827624
86.7485039234  2796079
87.1534650326  2785691
87.5407969952  2727108
87.9358329773  2723426
88.3151340485  2706964
88.6956241131  2706962
89.0758531094  2700818
89.4969239235  2696297
89.6739780903  2694010
89.8442730904  2691972
90.2331819534  2684483
90.567677021  2684216
90.9866249561  2683906
91.3640999794  2683626
91.7600901127  2680093
91.7617321014  2679716
91.7628960609  2679668
91.7641370296  2679155
92.0210280418  2678833
92.0398159027  2678812
92.0399940014  2678663
92.2548649311  2678276
92.4982991219  2677674
92.7225708961  2677395
93.0259840488  2676516
93.2776129246  2674402
93.5253469944  2670418
93.7668499947  2658898
94.0101571083  2638937
94.2514569759  2616598
94.4932549  2614407
94.735006094  2612634
94.9768140316  2607411
95.2186050415  2587443
95.4594619274  2571322
95.7082788944  2569602
95.9560980797  2562905
96.2017219067  2559683
96.456182003  2559150
96.7283580303  2559140
96.9937241077  2558296
97.2509069443  2558180
97.508357048  2557132
97.7853000164  2556509
98.1312930584  2556380
98.6145150661  2555558
99.187237978  2554577
99.8815500736  2554012
100.590420008  2553850
