0.0367758274078  6761048
0.0371868610382  6752692
0.0376389026642  6744801
0.0377759933472  6734733
0.0383048057556  6729057
0.0384428501129  6722757
0.0394749641418  6721053
0.0397188663483  6712597
0.0408339500427  6711888
0.0415217876434  6709857
0.0420498847961  6688500
0.0431299209595  6684155
0.0448989868164  6684067
0.0461378097534  6683132
0.0462758541107  6681477
0.049302816391  6679892
0.0520730018616  6677587
0.0524098873138  6666629
0.052622795105  6666535
0.0550007820129  6663795
0.0576257705688  6662739
0.0577998161316  6658560
0.0581758022308  6657802
0.0584378242493  6651111
0.0589888095856  6625632
0.0591559410095  6624285
0.0613758563995  6616722
0.0635538101196  6614587
0.0640859603882  6598768
0.0645380020142  6598329
0.0646748542786  6597946
0.0668408870697  6596493
0.0686140060425  6596423
0.0687708854675  6574614
0.069659948349  6574053
0.0702707767487  6558431
0.0716319084167  6555230
0.0731089115143  6553383
0.0747668743134  6551941
0.0775117874146  6549839
0.0780258178711  6548948
0.0787169933319  6548887
0.0788538455963  6548585
0.079069852829  6547653
0.0794417858124  6545743
0.0795798301697  6544637
0.0805039405823  6542608
0.0807199478149  6542491
0.081013917923  6540069
0.0834929943085  6539809
0.0856318473816  6534942
0.0857708454132  6533458
0.0862219333649  6530179
0.0890529155731  6522017
0.0893478393555  6520244
0.0932779312134  6517923
0.0934407711029  6492906
0.0936858654022  6479690
0.0940208435059  6467819
0.0946228504181  6466531
0.0947699546814  6441044
0.0983808040619  6432349
0.0987548828125  6432235
0.102576971054  6431783
0.102736949921  6414282
0.10609292984  6407328
0.109736919403  6406924
0.11460185051  6406001
0.114739894867  6400970
0.114977836609  6396752
0.115668773651  6395061
0.115806818008  6379648
0.116261005402  6354290
0.121133804321  6350566
0.121429920197  6348855
0.127388954163  6348723
0.128150939941  6340226
0.128288984299  6335827
0.128584861755  6334093
0.134028911591  6332398
0.140128850937  6330692
0.140284776688  6327320
0.140933990479  6326286
0.14714384079  6324978
0.147291898727  6320401
0.15386390686  6318288
0.154316902161  6316573
0.161992788315  6316113
0.162131786346  6288600
0.162818908691  6286434
0.162956953049  6284982
0.163351774216  6284698
0.163646936417  6273842
0.164606809616  6273511
0.164752006531  6272568
0.165318965912  6271299
0.16569185257  6269073
0.166620969772  6264159
0.167784929276  6260996
0.176092863083  6258754
0.176237821579  6257643
0.176463842392  6240741
0.185059785843  6239024
0.185440778732  6238924
0.185735940933  6237825
0.185872793198  6235704
0.186326980591  6233632
0.194977998734  6231573
0.195118904114  6203182
0.20384478569  6201592
0.204073905945  6194369
0.214083909988  6192158
0.214230775833  6192078
0.214446783066  6163945
0.224200963974  6163875
0.224339008331  6161293
0.224818944931  6156398
0.224955797195  6148863
0.226258993149  6148691
0.226686000824  6146900
0.227247953415  6138116
0.227427959442  6135169
0.237346887589  6132981
0.237483978271  6119528
0.247815847397  6118344
0.24803185463  6114203
0.248402833939  6103059
0.248540878296  6102491
0.249146938324  6091134
0.249283790588  6072774
0.249576807022  6069492
0.251492977142  6064397
0.252648830414  6064162
0.263047933578  6062002
0.263185977936  6061248
0.273905992508  6059910
0.284624814987  6058094
0.284762859344  6056949
0.295687913895  6055133
0.295904874802  5925775
0.30703997612  5924688
0.307178974152  5917245
0.307471990585  5916355
0.318878889084  5915083
0.319016933441  5914797
0.319321870804  5903458
0.33153295517  5901987
0.331971883774  5901916
0.344045877457  5900890
0.345050811768  5893439
0.345344781876  5883014
0.357155799866  5882268
0.369141817093  5880939
0.369357824326  5880234
0.381579875946  5877999
0.381873846054  5873497
0.39442896843  5872340
0.394644975662  5868774
0.394782781601  5867300
0.395233869553  5861586
0.395370960236  5859034
0.408868789673  5858950
0.409010887146  5849787
0.40931391716  5846245
0.409859895706  5845115
0.410000801086  5841867
0.413158893585  5841072
0.414637804031  5838689
0.416979789734  5837579
0.430491924286  5837271
0.449368000031  5836047
0.449697971344  5833421
0.449915885925  5831882
0.454041004181  5831313
0.454335927963  5826718
0.455268859863  5826301
0.455406904221  5823932
0.455701828003  5819539
0.458551883698  5819370
0.458690881729  5797966
0.460166931152  5797256
0.463907003403  5796158
0.478130817413  5794436
0.47834777832  5789732
0.478642940521  5789391
0.478780984879  5788888
0.479075908661  5786438
0.479765892029  5783817
0.479903936386  5770237
0.480118989944  5769855
0.480413913727  5768589
0.494781970978  5766263
0.494999885559  5765553
0.5104367733  5763699
0.510574817657  5756933
0.510870933533  5738996
0.525897979736  5736987
0.526035785675  5731330
0.541953802109  5730479
0.542327880859  5721271
0.542465925217  5720855
0.542681932449  5715213
0.558115959167  5712841
0.558332920074  5711809
0.558627843857  5710885
0.574344873428  5710848
0.574639797211  5710545
0.591415882111  5708188
0.609399795532  5706579
0.609926939011  5705837
0.610352993011  5704803
0.610852956772  5683983
0.610994815826  5683381
0.628000974655  5681278
0.628230810165  5679743
0.645830869675  5678778
0.645977973938  5677178
0.662899971008  5676950
0.663039922714  5642469
0.685339927673  5640996
0.68563079834  5639931
0.687920808792  5639238
0.688134908676  5638787
0.688468933105  5637518
0.688680887222  5635921
0.689863920212  5635614
0.690319776535  5581809
0.690893888474  5524422
0.691106796265  5508784
0.691854000092  5505137
0.693443775177  5500402
0.695428848267  5499465
0.69701385498  5499459
0.697164773941  5493451
0.698666810989  5493089
0.698803901672  5492944
0.715929985046  5491019
0.716068983078  5468044
0.733416795731  5466373
0.733790874481  5464346
0.733969926834  5464140
0.752586841583  5462649
0.752745866776  5440831
0.754896879196  5439285
0.75511097908  5437945
0.755405902863  5435849
0.756014823914  5434058
0.75677895546  5431004
0.756993770599  5430494
0.758625984192  5428836
0.776637792587  5427385
0.776800870895  5427233
0.795535802841  5425417
0.815131902695  5424874
0.834934949875  5424052
0.855334997177  5422405
0.875376939774  5420241
0.898931980133  5400869
0.918859958649  5400702
0.938530921936  5397989
0.958657979965  5393029
0.990404844284  5393020
1.00939583778  5386436
1.03017187119  5383493
1.04968595505  5383479
1.07465100288  5382555
1.09366679192  5382425
1.11283588409  5372853
1.1448237896  5371362
1.18269491196  5370920
1.20624089241  5370457
1.24427986145  5367849
1.26449894905  5354605
1.28388500214  5354522
1.30291199684  5353314
1.34217596054  5352637
1.36567783356  5351446
1.38538599014  5350250
1.40682792664  5349055
1.42763590813  5349052
1.44975996017  5348967
1.48847985268  5348590
1.54554390907  5343617
1.60260391235  5331752
1.66087579727  5328733
1.72391986847  5328531
1.78215384483  5289351
1.83965992928  5278680
1.89965486526  5276435
1.95859098434  5274154
2.01576781273  5247321
2.07536578178  5245732
2.13893485069  5245658
2.15890598297  5245452
2.17838191986  5239616
2.21160197258  5238567
2.23069596291  5216560
2.25068378448  5208324
2.269728899  5206566
2.28986787796  5204441
2.3090929985  5201509
2.32815098763  5201413
2.34906792641  5197305
2.37856984138  5197186
2.39811396599  5194668
2.42867994308  5194173
2.44840192795  5192147
2.47691988945  5191194
2.49706578255  5191042
2.51725077629  5190790
2.53645682335  5188815
2.55620884895  5180873
2.58530378342  5180223
2.61435985565  5180219
2.63865184784  5177170
2.67058181763  5177091
2.72209692001  5176889
2.76049995422  5176147
2.79913687706  5175004
2.79927492142  5174943
2.79972887039  5174443
2.8000228405  5174228
2.80073189735  5170927
2.80110383034  5169798
2.84262800217  5167236
2.88407492638  5164763
2.92405486107  5150234
2.96334290504  5148078
2.9634809494  5147845
2.99628686905  5147622
3.00948381424  5147043
3.02399396896  5145639
3.02515697479  5145477
3.02639579773  5144931
3.06090497971  5143643
3.08667397499  5140326
3.11287689209  5138261
3.13786077499  5135141
3.17293477058  5133685
3.22720694542  5133434
3.28104281425  5133173
3.33987092972  5132714
3.3975918293  5132521
3.45481586456  5126336
3.5291788578  5126197
3.60326194763  5125921
3.66136479378  5119628
3.72065091133  5116247
3.77808690071  5097657
3.77830386162  5097115
3.79599094391  5096753
3.81438779831  5096167
3.83392000198  5065023
3.85324192047  5032133
3.87295389175  5025670
3.89296388626  5018411
3.91257977486  4963569
3.93433594704  4940026
3.95344591141  4931527
3.97295594215  4926535
4.0090098381  4926434
4.0296959877  4925695
4.04873490334  4924889
4.06806492805  4924360
4.08770680428  4918320
4.10737395287  4911398
4.12813878059  4910892
4.14825081825  4907804
4.17309999466  4907755
4.19864583015  4905748
4.23220300674  4905372
4.25123882294  4904966
4.34735298157  4903767
4.44303679466  4890905
4.53940486908  4887244
4.63537192345  4869993
4.69205498695  4869344
4.78780794144  4865169
4.8074119091  4864245
4.906291008  4848768
4.92559981346  4848547
4.9643099308  4848386
5.05952000618  4831728
5.15543889999  4829842
5.25286793709  4828417
5.29094099998  4827769
5.38761997223  4793206
5.4829390049  4775264
5.57963180542  4775184
5.63663697243  4775068
5.73246479034  4770026
5.82794499397  4760103
5.88545894623  4759871
5.98085689545  4747467
6.01877999306  4747206
6.11483693123  4746945
6.1531047821  4746229
6.2492749691  4746142
6.30703878403  4746001
6.40646481514  4745619
6.46336078644  4745223
6.55929589272  4745207
6.6551129818  4728680
6.77035999298  4724447
6.88410282135  4721096
6.99887990952  4719044
7.11454892159  4718982
7.23052096367  4718799
7.36363697052  4711452
7.49791693687  4704911
7.63734698296  4704722
7.77669477463  4703541
7.91689896584  4701413
8.06887197495  4697920
8.23083090782  4695663
8.38123488426  4690482
8.53167581558  4689977
8.55112981796  4688567
8.58783984184  4687822
8.6070318222  4687587
8.64540791512  4687290
8.68360686302  4686810
8.70282578468  4686782
8.72212386131  4686779
8.7417318821  4685644
8.85535979271  4683550
8.87461400032  4683225
8.89669394493  4682672
8.93359994888  4682567
8.97210597992  4682114
9.01552295685  4681895
9.05910396576  4681270
9.10244083405  4680998
9.14681792259  4680552
9.20165991783  4679502
9.2454419136  4678589
9.29430389404  4677645
9.35004377365  4677279
9.40649080276  4676915
9.44628977776  4676003
9.59746479988  4675933
9.74764180183  4675604
9.76761198044  4674227
9.93581295013  4674001
9.96445798874  4673649
10.0959990025  4673616
10.228402853  4673281
10.3600628376  4669721
10.3991189003  4669549
10.4751579762  4669410
10.5304498672  4669382
10.5689799786  4669191
10.6084048748  4668399
10.6544699669  4667188
10.6942579746  4666871
10.736109972  4666636
10.7744009495  4665778
10.8166818619  4664962
10.8566198349  4664135
10.8567588329  4663687
10.8952848911  4663101
10.998718977  4661742
11.0180017948  4660147
11.1128168106  4659910
11.2152848244  4649497
11.3146328926  4648614
11.411331892  4626126
11.5069389343  4625489
11.6068339348  4616383
11.7020418644  4616234
11.7963559628  4615552
11.8999807835  4615467
11.9079928398  4615140
11.9157679081  4613068
11.9159059525  4613004
11.9164369106  4612802
11.9168088436  4611588
12.0619487762  4611346
12.1956028938  4611139
12.3336877823  4610312
12.5206968784  4610117
12.6663589478  4610037
12.8057508469  4609912
12.9637877941  4609390
13.1316998005  4609366
13.2846047878  4605174
13.4502749443  4604903
13.600194931  4595596
13.7507858276  4595125
13.8262557983  4595070
13.920830965  4594985
14.0765519142  4594797
14.2262949944  4579870
14.3024568558  4579126
14.378456831  4578625
14.5279929638  4577999
14.6795318127  4575701
14.8317768574  4561228
14.9843449593  4560930
15.1358299255  4560049
15.2927658558  4559626
15.450483799  4554672
15.6131539345  4552722
15.7685399055  4503267
15.7691609859  4502760
15.7693338394  4502696
15.782697916  4501761
15.8235077858  4491391
15.8618938923  4489027
15.9003298283  4488403
15.9391829967  4488345
15.9771997929  4478415
16.0166778564  4478302
16.0545318127  4477476
16.0932779312  4477098
16.1326429844  4476460
16.171369791  4476316
16.2109189034  4476085
16.2497448921  4473206
16.2903809547  4470894
16.3289139271  4469818
16.3859729767  4469398
16.4939239025  4469344
16.4951930046  4468165
16.6080617905  4467776
16.7589659691  4467218
16.944288969  4467187
17.097976923  4466668
17.2516238689  4465331
17.4076418877  4460941
17.5939328671  4460896
17.779392004  4459856
17.9505147934  4456702
18.1257548332  4452733
18.2578659058  4451214
18.4272828102  4451077
18.5759019852  4450692
18.7269527912  4449765
18.8917458057  4447570
19.0590188503  4447364
19.211783886  4447211
19.3797419071  4447137
19.564455986  4446946
19.7902848721  4446898
19.9227828979  4446384
20.1124279499  4446134
20.3372118473  4433542
20.5639050007  4430990
20.7525458336  4430786
20.9559547901  4430646
21.1032698154  4430037
21.3895978928  4430023
21.6930248737  4429849
22.045085907  4429338
22.0639297962  4429176
22.0833058357  4412484
22.1028258801  4407634
22.1227538586  4386470
22.1441447735  4378640
22.1658229828  4377726
22.1849198341  4374300
22.2158839703  4374205
22.2350959778  4371045
22.2633769512  4370590
22.2836117744  4370365
22.3116309643  4370128
22.3380439281  4369678
22.3662149906  4369292
22.385447979  4369016
22.4050989151  4368100
22.4244828224  4365859
22.4434838295  4365537
22.4635519981  4364123
22.4902229309  4363673
22.5097579956  4363374
22.5374379158  4363368
22.5664868355  4363167
22.5940859318  4363077
22.6224107742  4362250
22.6541678905  4362102
22.6741287708  4361438
22.7068917751  4360841
22.743885994  4360435
22.9118537903  4360321
22.9454607964  4360241
23.0791449547  4358557
23.2134478092  4357074
23.3451337814  4352332
23.4958379269  4347581
23.6463079453  4344916
23.7967247963  4332764
23.9596738815  4330087
24.0750827789  4329826
24.2010269165  4328529
24.3088579178  4328197
24.4065308571  4206817
24.4069149494  4206667
24.4070539474  4206462
24.4259338379  4206197
24.5214538574  4205487
24.5989267826  4205136
24.6372368336  4205024
24.7152879238  4204198
24.7914538383  4203802
24.8298318386  4203520
24.9451568127  4202801
25.0603749752  4202344
25.1749699116  4201349
25.2904629707  4200010
25.4065458775  4199684
25.5219578743  4199145
25.6374928951  4198269
25.7540128231  4196668
25.8688058853  4136979
25.9997749329  4133658
26.1331369877  4131692
26.2661409378  4128929
26.4009399414  4125363
26.5374789238  4124979
26.68511796  4124801
26.8188068867  4124212
26.9844748974  4124149
27.1283488274  4123793
27.2809758186  4122118
27.4473419189  4121557
27.5838139057  4121222
27.7174069881  4121088
27.8536989689  4120855
27.9909999371  4120562
28.1614718437  4120381
28.3130688667  4044459
28.4631757736  4032439
28.6145768166  4029230
28.7652587891  4026515
28.9344749451  3948771
29.1034429073  3942855
29.2736878395  3942528
29.4418118  3940909
29.6100318432  3940559
29.7899389267  3940122
29.9648637772  3939830
30.1518847942  3939418
30.3200287819  3937788
30.4883038998  3937354
30.6567428112  3936856
30.8424417973  3936599
31.062997818  3936582
31.2712597847  3935872
31.4905068874  3935505
31.6976828575  3933837
31.9059309959  3933672
32.1143889427  3933203
32.3205108643  3931663
32.5400488377  3931138
32.7634279728  3930652
32.9034979343  3930582
33.0410788059  3930539
33.1732189655  3929875
33.3229517937  3929610
33.5241599083  3929091
33.7229487896  3929045
33.9279108047  3847317
34.1384248734  3847216
34.3545548916  3847179
34.5595738888  3773635
34.769977808  3773627
34.9786169529  3772049
35.1883189678  3766929
35.3985888958  3763855
35.6038208008  3759168
35.8136098385  3753361
36.0273528099  3751798
36.2415938377  3751260
36.4557240009  3750522
36.6743838787  3750452
36.8928768635  3750106
37.1103048325  3749385
37.3573768139  3749213
37.6115767956  3749098
37.8613319397  3749008
38.1177568436  3747854
38.3774468899  3747528
38.6213917732  3747088
38.83066082  3746962
39.0415318012  3746715
39.3272428513  3745210
39.5550918579  3745188
39.7670547962  3744567
40.0210018158  3744349
40.2902548313  3744111
40.5761168003  3697311
40.8126349449  3697224
41.012983799  3696977
41.3016889095  3694632
41.5699279308  3691888
41.8130779266  3680433
42.0622828007  3642546
42.1393640041  3641899
42.2252957821  3641428
42.2744348049  3641400
42.3821899891  3640793
42.401419878  3640572
42.4016017914  3640540
42.4018979073  3640445
42.4027609825  3637952
42.4204537868  3637382
42.5120038986  3637189
42.5511479378  3637160
42.6286227703  3637152
42.6672079563  3637102
42.7847688198  3636958
42.8901588917  3636887
42.9766848087  3636718
43.080329895  3635512
43.1910188198  3634537
43.2389278412  3634505
43.3553619385  3634381
43.4908797741  3633623
43.8889389038  3633429
44.0715498924  3633386
44.3143258095  3633210
44.5277547836  3632450
44.8636569977  3630246
45.2251257896  3629489
45.444013834  3629290
45.6933419704  3628920
45.9510529041  3628483
46.2083799839  3626944
46.6166858673  3626114
47.0804858208  3625797
47.4933178425  3625593
47.8977148533  3625465
48.3081479073  3625239
48.710723877  3624850
49.1850128174  3532060
49.6636428833  3506055
50.1476209164  3505031
50.6414330006  3503750
51.1069688797  3503315
51.5757939816  3500957
52.057101965  3490439
52.5442969799  3490202
53.0203077793  3490074
53.5231788158  3489985
54.0099527836  3489678
54.5112628937  3489397
54.8746218681  3489361
55.1276369095  3488937
55.4213898182  3488720
55.7744498253  3488180
56.1710608006  3487870
56.7336199284  3487139
57.294249773  3486560
57.6718239784  3486504
58.0587379932  3486036
58.6656849384  3485058
59.3141729832  3481640
59.9085319042  3479934
60.5596148968  3476017
61.201458931  3474617
61.8767828941  3467402
62.4931609631  3467110
63.1734249592  3466175
63.4292428493  3465902
63.6922938824  3465416
64.0407729149  3464653
64.3739049435  3463551
64.7185268402  3463543
64.9347980022  3463534
64.9440000057  3462632
64.9633538723  3461313
65.0201919079  3460676
65.0921947956  3459862
65.2811977863  3459831
65.4897530079  3459806
65.8017919064  3413197
66.1400878429  3361294
66.4305448532  3337968
66.6680259705  3337854
66.9205949306  3337744
67.1616117954  3337279
67.4492099285  3336983
67.6854948997  3336958
67.9114179611  3334586
68.1775188446  3334487
68.5251688957  3334112
68.8410258293  3288429
69.1298658848  3285610
69.1945848465  3285545
69.1948039532  3285246
69.4279868603  3285025
70.0947539806  3284738
70.3678848743  3284539
70.6635088921  3284202
71.3447418213  3284108
71.9877758026  3283058
72.6099898815  3281911
73.2055208683  3281852
73.7943818569  3228411
74.3801229  3223109
74.9650878906  3219610
75.6242117882  3176354
76.3192219734  3171147
77.004860878  3162010
77.6935589314  3160766
78.3766767979  3091480
79.0805549622  3081247
79.7817308903  3081082
80.4547469616  3079572
81.1098527908  3069718
81.7871799469  3068707
82.4658207893  3068552
83.1410617828  3067608
83.8154687881  3067559
84.4663288593  3067504
85.0521268845  3060691
85.719342947  3060487
86.4585249424  3060240
87.209758997  3056995
87.9035789967  3056973
88.6137368679  3056928
89.3875229359  3056180
90.121942997  3054287
90.8613548279  3053690
91.5593400002  3053056
92.3472728729  3052973
93.125895977  3048518
93.8651888371  3048410
94.6494009495  2978729
95.5681607723  2977694
96.3871548176  2977053
97.1809959412  2976505
97.9542849064  2975319
98.7561678886  2974801
99.519826889  2974100
100.336321831  2971896
101.228177786  2971575
102.118688822  2971051
103.226724863  2956546
104.194307804  2955479
105.183952808  2955404
106.157741785  2955312
107.199409962  2955297
108.23032093  2955017
109.271389008  2946213
110.391448975  2937970
111.505471945  2936708
112.332868814  2936703
113.148224831  2936416
114.003274918  2936344
114.846871853  2936107
115.692335844  2936045
116.521209002  2935944
117.435921907  2935801
118.34768486  2935321
119.164518833  2934483
119.187688828  2933351
119.234839916  2932498
119.50700593  2932401
119.820855856  2932278
120.183002949  2932029
121.314534903  2931368
122.47755599  2930688
123.660553932  2929962
124.787856817  2928459
125.906634808  2928254
127.036007881  2927532
128.214545965  2925596
129.286243916  2921666
130.346610785  2896557
130.390790939  2895743
130.428674936  2895712
130.468047857  2895197
130.509117842  2895015
130.550769806  2894986
130.608026981  2894959
130.626874924  2893775
130.953737974  2893491
131.337622881  2893295
132.005771875  2893291
132.675083876  2893018
132.681174994  2892978
132.689752817  2892965
132.690159798  2892844
132.710133791  2892636
133.102472782  2892569
133.431171894  2892466
133.961524963  2892399
134.438950777  2891449
135.133152962  2882126
135.823714972  2880798
136.546519995  2861729
137.260801792  2852458
137.95962882  2843463
138.460676908  2843151
139.003316879  2843101
139.524560928  2842986
139.885363817  2841890
140.236326933  2841620
140.692028999  2841579
141.163167953  2841444
141.591648817  2841325
142.041346788  2841242
142.499469995  2840187
142.956619978  2839708
143.467162848  2839406
143.928457975  2839265
144.485046864  2838903
145.157574892  2838756
145.8545959  2837891
146.512611866  2837800
147.228886843  2837735
147.953043938  2836961
148.681866884  2836531
149.362413883  2835755
150.187632799  2835688
151.10065484  2835646
151.988815784  2834901
152.716197968  2834608
153.506517887  2834588
154.384404898  2834185
155.306460857  2807521
155.682837963  2807385
155.687029839  2807214
155.709445953  2806550
155.763431787  2806104
155.808980942  2799477
155.861866951  2796619
155.913440943  2795450
155.958809853  2788374
156.006330967  2787401
156.050606966  2777263
156.105674982  2777023
156.158766985  2776797
156.236869812  2775048
156.243796825  2773509
156.531346798  2773162
156.847786903  2773132
157.223980904  2773054
157.598821878  2769365
157.907821894  2768841
158.232745886  2768720
158.594149828  2768271
159.293453932  2767457
159.992512941  2767453
160.686137915  2765827
161.059556961  2765661
161.449341774  2765395
162.198499918  2765155
162.859221935  2763893
163.507155895  2763810
164.166454792  2762702
164.851503849  2761740
165.556938887  2761202
166.191049814  2760874
166.759724855  2760686
167.325109959  2760496
167.93263483  2759420
168.643568993  2757724
169.312984943  2757139
169.88834095  2756572
170.460716963  2755774
171.172531843  2754349
171.888934851  2753410
172.590798855  2751994
173.305571795  2747328
174.022017002  2746361
174.72991991  2733749
175.433734894  2730264
176.133453846  2728900
176.852930784  2725538
177.547555923  2724645
178.276640892  2721380
179.018613815  2719378
179.745726824  2714324
180.475625992  2711146
181.210021973  2708312
181.951572895  2706897
182.690137863  2706718
183.415668964  2702365
184.152218819  2700220
184.892705917  2698492
185.635119915  2689841
186.378041983  2687046
187.128262997  2686390
187.892678976  2686203
188.674749851  2684898
189.479136944  2681082
190.281422853  2680532
191.087376833  2680149
191.815595865  2679242
192.544716835  2678482
193.348435879  2673553
194.149923801  2666701
194.95675993  2662494
195.68203187  2660895
196.431163788  2658003
197.25113678  2657631
198.066500902  2655311
198.875007868  2652357
199.677974939  2647002
200.455563784  2646780
201.231479883  2646288
201.989646912  2646101
202.790516853  2644835
203.574024916  2644461
204.379261971  2643758
205.150681973  2643527
205.963049889  2633821
206.742080927  2632476
207.568223953  2632248
208.387476921  2631081
209.202986956  2624207
210.018370867  2621141
210.834380865  2620376
211.652197838  2619157
212.470548868  2614821
213.389199972  2591640
214.313578844  2590735
215.149257898  2585933
215.967418909  2585760
216.862116814  2578918
217.84538579  2577577
218.724224806  2576501
219.673228979  2575054
220.579967976  2574676
221.435773849  2567238
222.301092863  2564793
223.156484842  2564291
224.009492874  2562795
224.857851982  2559908
225.817121983  2558607
226.810964823  2557333
227.806316853  2548762
228.744083881  2548277
229.697605848  2546700
230.673005819  2546565
231.707063913  2545860
232.591023922  2519711
233.462792873  2519343
234.318142891  2518632
235.251127958  2513275
236.251695871  2511441
237.23365283  2498350
238.167607784  2496652
239.132618904  2493432
240.134300947  2493030
241.107310772  2492672
242.015191793  2490654
243.013880968  2480554
243.948682785  2459790
244.425974846  2459659
244.904732943  2458991
245.35428381  2458765
245.765805006  2457917
245.767528772  2457555
245.791095972  2457425
245.795053005  2457222
245.795268774  2457020
245.855500937  2456223
245.858006001  2455750
245.859005928  2455415
245.86016798  2455280
245.861405849  2454470
245.881490946  2454111
245.920890808  2453936
245.939882994  2453570
245.998417854  2452491
246.098514795  2452490
246.194275856  2451659
246.289245844  2451318
246.415834904  2447700
246.528957844  2445539
246.62785697  2438938
246.729804993  2438279
246.839625835  2425383
246.96824193  2424588
247.077358961  2422321
247.194526911  2417033
247.310355902  2410184
247.431514978  2407328
247.544024944  2405665
247.653903961  2395767
247.750197887  2392564
247.845700979  2367442
247.942002773  2304344
247.999344826  2304200
248.075593948  2304011
248.132166862  2303583
248.171485901  2264369
248.209879875  2257612
248.252240896  2257272
248.290385008  2257222
248.731389999  2255374
249.17064786  2241232
249.608953953  2240822
250.045953989  2234063
250.516856909  2233644
251.002424002  2233605
251.507648945  2232927
252.002986908  2229849
252.463488817  2228286
252.979874849  2223125
253.491794825  2222966
254.002685785  2221420
254.490027905  2209403
254.960186958  2200537
255.45963192  2198958
255.983461857  2194968
256.477203846  2183279
256.976774931  2173921
257.462552786  2172140
257.967211962  2167211
258.485795975  2158147
258.993657827  2157031
259.533180952  2153701
260.052617788  2147864
260.544661999  2147854
261.080047846  2143391
261.529508829  2141858
261.970705986  2140058
262.417506933  2139281
262.858199835  2138898
263.300751925  2136565
263.740288973  2136487
264.181605816  2135667
264.618882895  2135460
265.058526993  2134652
265.496740818  2134413
265.936621904  2131657
266.37654686  2131611
266.842608929  2128321
267.374825001  2127371
267.857586861  2121296
268.341878891  2119255
268.82803297  2117884
269.371984959  2116620
269.890990973  2115644
270.48868084  2098465
271.107421875  2040893
271.71923995  2040052
272.331069946  2036589
272.936426878  2036479
273.504628897  2032572
274.097965956  2032257
274.691424847  2031884
275.210190773  2030874
275.807746887  2030442
276.368095875  2023845
276.907049894  2022592
277.449512959  2022150
277.991306782  2017503
278.631502867  2017442
279.209790945  2017390
279.765166998  2012361
280.352036953  2012302
280.926231861  2001829
281.504990816  1998434
282.073511839  1997080
282.647202969  1994338
283.210602999  1985425
283.780228853  1984466
284.339474916  1984251
284.907530785  1983285
285.493360996  1983102
286.092295885  1982570
286.709828854  1977842
287.285239935  1977516
287.895933867  1977297
288.473162889  1977057
289.088154793  1971611
289.722135782  1970796
290.37115097  1970262
291.087490797  1967071
291.708130836  1966856
292.338480949  1966785
293.060645819  1966692
293.693640947  1966486
294.327365875  1963391
294.981456995  1963048
295.645789862  1962911
296.267926931  1958210
296.967064857  1957340
297.647468805  1955414
298.294276953  1954401
298.943494797  1935935
299.540177822  1932853
300.18006897  1919052
