0.0404570102692  6922268
0.0408260822296  6920927
0.0420091152191  6916840
0.0425200462341  6912871
0.0428671836853  6911847
0.0433831214905  6883466
0.0435400009155  6880869
0.043778181076  6879812
0.0447580814362  6878997
0.0449042320251  6877881
0.0476651191711  6877306
0.047865152359  6844059
0.048317193985  6841539
0.0487861633301  6830040
0.0493981838226  6826029
0.050448179245  6822041
0.0522060394287  6819544
0.0525660514832  6816122
0.0550270080566  6815315
0.0552570819855  6811239
0.0559010505676  6798368
0.0562980175018  6795309
0.0602090358734  6791128
0.060702085495  6779300
0.0609171390533  6777543
0.0641891956329  6776307
0.0666830539703  6775543
0.0699050426483  6769690
0.0702950954437  6767931
0.0734870433807  6767869
0.077094078064  6767056
0.0772361755371  6747678
0.081552028656  6745668
0.0816941261292  6744238
0.0824801921844  6744206
0.0870141983032  6743249
0.0923500061035  6742448
0.0925710201263  6736810
0.0928201675415  6734945
0.0931551456451  6698033
0.0979402065277  6692860
0.101012229919  6691366
0.104908227921  6690956
0.105598211288  6690699
0.106374025345  6690328
0.110672235489  6688814
0.116157054901  6688793
0.116379022598  6672609
0.116682052612  6672561
0.116824150085  6599542
0.117250204086  6597377
0.123018026352  6596907
0.129137039185  6596585
0.129317045212  6596397
0.129688024521  6588545
0.136058092117  6587889
0.142940044403  6587729
0.143087148666  6586765
0.143317222595  6571630
0.143883228302  6566338
0.149756193161  6566289
0.159028053284  6565183
0.159329175949  6564888
0.159517049789  6564422
0.167247056961  6564111
0.167391061783  6559934
0.167842149734  6559851
0.178081035614  6559049
0.178278207779  6558847
0.185093164444  6558105
0.190992116928  6557887
0.191130161285  6557288
0.19993019104  6557201
0.207994222641  6556146
0.21609210968  6555113
0.21692609787  6553250
0.217113018036  6553227
0.2174680233  6547854
0.22491312027  6546732
0.232272148132  6545524
0.232985019684  6545356
0.233765125275  6545006
0.243058204651  6544405
0.252464056015  6544279
0.253343105316  6541938
0.253648042679  6541786
0.25405216217  6535540
0.262588024139  6534798
0.273266077042  6533840
0.275564193726  6533833
0.275982141495  6533294
0.278598070145  6531658
0.288268089294  6531326
0.288577079773  6529402
0.291944026947  6529172
0.292230129242  6528644
0.293287038803  6525025
0.294468164444  6480816
0.294919013977  6479502
0.296216011047  6473635
0.298834085464  6473168
0.310888051987  6472234
0.322600126266  6471663
0.32274723053  6341960
0.335379123688  6340953
0.335843086243  6334447
0.336543083191  6332562
0.337606191635  6331537
0.338061094284  6328248
0.33921122551  6326400
0.339398145676  6289392
0.341074228287  6287147
0.355507135391  6286150
0.355702161789  6191462
0.369468212128  6190543
0.37021112442  6189546
0.382176160812  6188999
0.38247013092  6178570
0.383236169815  6177188
0.395856142044  6176741
0.395995140076  6174946
0.4090051651  6174369
0.40917801857  6173738
0.423884153366  6172530
0.424133062363  6165824
0.424726009369  6164421
0.438863039017  6163496
0.439009189606  6162682
0.454397201538  6161649
0.454535007477  6156787
0.454750061035  6154236
0.455121040344  6145613
0.455569028854  6142736
0.455861091614  6141014
0.456073999405  6138308
0.456680059433  6122177
0.456817150116  6118656
0.457031011581  6118553
0.4584171772  6114416
0.4595952034  6114137
0.460718154907  6107795
0.461167097092  6100529
0.461304187775  6088215
0.46183013916  6075331
0.461967229843  6073673
0.463116168976  6070823
0.464365005493  6069378
0.465908050537  6065511
0.466201066971  6061489
0.466337203979  6054244
0.467902183533  6050763
0.46920800209  6048387
0.471834182739  6042635
0.47212100029  6042135
0.472865104675  6038718
0.475982189178  6036775
0.493696212769  6036463
0.494843006134  6034938
0.495220184326  6034547
0.495436191559  5961383
0.495573043823  5959956
0.496024131775  5959591
0.496554136276  5958322
0.513104200363  5957512
0.513300180435  5881042
0.514421224594  5879216
0.515822172165  5878888
0.517262220383  5876270
0.531264066696  5876055
0.548330068588  5874464
0.56903219223  5874005
0.569243192673  5861980
0.588903188705  5861765
0.591554164886  5855364
0.593463182449  5854146
0.615091085434  5853708
0.632281064987  5853155
0.634969234467  5852531
0.637533187866  5842276
0.65691614151  5842265
0.679112195969  5841512
0.679255008698  5839770
0.67947101593  5838437
0.679765224457  5836779
0.68211722374  5809572
0.68225812912  5790451
0.683938026428  5785557
0.701337099075  5784740
0.701475143433  5775648
0.719816207886  5774707
0.720425128937  5767789
0.73885512352  5767518
0.738994121552  5751834
0.739601135254  5750579
0.758277177811  5750334
0.758420228958  5749884
0.758637189865  5747600
0.782227039337  5736257
0.804021120071  5733474
0.828270196915  5730996
0.851900100708  5724487
0.873845100403  5722584
0.898257017136  5721336
0.923225164413  5718643
0.945297002792  5715562
0.970867156982  5714092
1.00074505806  5711148
