0.0392889976501  6599660
0.0395839214325  6558321
0.0398828983307  6534856
0.0403640270233  6523615
0.0405259132385  6521379
0.0410270690918  6512408
0.0417950153351  6509841
0.0419390201569  6477126
0.0420820713043  6476432
0.0422248840332  6440848
0.0423619747162  6433567
0.0424880981445  6403133
0.04261302948  6402676
0.0431070327759  6340821
0.0433559417725  6330294
0.0436050891876  6325973
0.0437309741974  6300988
0.0441029071808  6286279
0.0442299842834  6282867
0.0459599494934  6276965
0.0464520454407  6262213
0.0465779304504  6259063
0.0467040538788  6218691
0.047199010849  6213685
0.0473248958588  6207970
0.0480630397797  6207045
0.0483119487762  6188286
0.0484380722046  6182328
0.0486860275269  6180355
0.0491790771484  6164823
0.0497989654541  6160926
0.0499250888824  6145812
0.0500509738922  6145767
0.0504219532013  6121456
0.0509140491486  6119071
0.0510449409485  6108627
0.0511810779572  6107031
0.0513088703156  6105754
0.0514340400696  6105651
0.0515608787537  6069290
0.0518100261688  6057266
0.0519359111786  6052433
0.0525529384613  6035746
0.0528020858765  6025502
0.0530519485474  6024421
0.0539128780365  5990433
0.0544099807739  5985358
0.0547859668732  5980036
0.0549130439758  5971414
0.0552880764008  5963270
0.0555379390717  5912097
0.0561540126801  5899875
0.0568940639496  5867632
0.0573880672455  5861953
0.0577590465546  5858003
0.0578858852386  5854318
0.0582568645477  5847670
0.0583829879761  5833338
0.0587549209595  5831260
0.0588810443878  5808700
0.0601119995117  5789897
0.0609710216522  5788494
0.061096906662  5787129
0.061224937439  5783886
0.0613510608673  5776941
0.0614778995514  5775038
0.0622169971466  5770233
0.0627110004425  5768127
0.0634479522705  5767841
0.0641860961914  5767697
0.0644359588623  5760398
0.064563035965  5734820
0.0646910667419  5733074
0.0653049945831  5719329
0.0673899650574  5681629
0.06751704216  5665504
0.0676429271698  5642033
0.0686259269714  5638259
0.0716989040375  5631003
0.071949005127  5588307
0.072566986084  5580369
0.0728170871735  5576306
0.0729429721832  5553523
0.0735619068146  5416721
0.0739350318909  5405541
0.0745530128479  5402861
0.0749468803406  5386498
0.0754730701447  5386497
0.0759959220886  5368953
0.0767750740051  5365274
0.0793759822845  5344036
0.0795118808746  5337489
0.0796389579773  5331055
0.07976603508  5330799
0.080139875412  5324874
0.0807631015778  5322630
0.0816259384155  5313153
0.0824909210205  5311184
0.08274102211  5305275
0.0829999446869  5202842
0.0836589336395  5193898
0.0841860771179  5174845
0.0857179164886  5158278
0.0864269733429  5146654
0.0877928733826  5142599
0.0879220962524  5138251
0.0880489349365  5135071
0.0891609191895  5128638
0.0895349979401  5124537
0.0911378860474  5123925
0.0924899578094  5123640
0.0934748649597  5115340
0.0948460102081  5112224
0.0949718952179  5109998
0.09681391716  5102593
0.0980470180511  5097057
0.0991549491882  5096446
0.0994069576263  5085557
0.0999019145966  5083203
0.100274085999  5070339
0.100769042969  5060368
0.100895881653  5052625
0.102012872696  5049931
0.10213804245  5037655
0.10226392746  5029228
0.104640007019  5028521
0.104769945145  5004770
0.105150938034  4999076
0.106529951096  4989677
0.106908082962  4976949
0.109332084656  4976691
0.109711885452  4971663
0.111466884613  4928224
0.112468957901  4910436
0.113497972488  4873868
0.114037036896  4871072
0.11496090889  4868218
0.116345882416  4833631
0.116488933563  4808589
0.118355035782  4807617
0.118985891342  4776901
0.119114875793  4776729
0.121243000031  4766466
0.122247934341  4759066
0.122500896454  4753757
0.122878074646  4723137
0.124253034592  4722868
0.12463092804  4595856
0.124885082245  4595455
0.125761985779  4593655
0.126018047333  4588330
0.12664604187  4571306
0.127525091171  4566825
0.128401041031  4566268
0.128529071808  4564898
0.13040804863  4563677
0.130662918091  4563446
0.133050918579  4551524
0.133699893951  4534584
0.134243965149  4534153
0.134382009506  4524444
0.135713100433  4521633
0.136825084686  4515547
0.137250900269  4512605
0.139892101288  4505130
0.140400886536  4496062
0.141035079956  4405314
0.141579866409  4404617
0.141959905624  4401560
0.143096923828  4356342
0.143853902817  4351196
0.145607948303  4350221
0.145737886429  4348699
0.148740053177  4346998
0.149883985519  4343857
0.150682926178  4298762
0.150820016861  4296838
0.151617050171  4296410
0.15337395668  4281065
0.154704093933  4277344
0.155114889145  4260837
0.156120061874  4258712
0.157509088516  4249767
0.158392906189  4246088
0.159280061722  4244614
0.159658908844  4243701
0.160916090012  4229244
0.16305398941  4226901
0.16644692421  4218319
0.167078971863  4218121
0.170449018478  4216771
0.171456098557  4215841
0.173480987549  4208763
0.17436504364  4208082
0.175148010254  4205560
0.175901889801  4198211
0.177036046982  4195436
0.177164077759  4192278
0.177543878555  4176549
0.177673101425  4172982
0.178175926208  4171971
0.178679943085  4161567
0.178932905197  4146881
0.179437875748  4127738
0.179941892624  4123571
0.181320905685  4121283
0.183459997177  4121089
0.185966014862  4120732
0.186790943146  4116015
0.188972949982  4108537
0.191670894623  4097130
0.1922519207  4095726
0.193526983261  4094403
0.194156885147  4077610
0.197046041489  4072676
0.198559045792  4069047
0.200361967087  4064315
0.200911045074  4061916
0.201240062714  4061901
0.203473091125  4054198
0.203607082367  4053632
0.204115867615  4039404
0.206762075424  4039058
0.208023071289  4031911
0.209552049637  4027561
0.209681987762  4022606
0.210188865662  4021508
0.211199998856  4014308
0.21422791481  4014002
0.214356899261  4013494
0.215617895126  3971978
0.215748071671  3970051
0.216127872467  3932125
0.21776008606  3924050
0.22126698494  3922572
0.223062992096  3920026
0.223474025726  3888192
0.226258993149  3885677
0.227963924408  3885048
0.229732036591  3884123
0.233126878738  3877974
0.233383893967  3873413
0.234405040741  3872326
0.23521399498  3872022
0.2357609272  3867630
0.236145019531  3864504
0.238257884979  3855631
0.241152048111  3853531
0.241415023804  3853479
0.242218971252  3851636
0.243478059769  3847650
0.247500896454  3845277
0.249142885208  3844833
0.249273061752  3831332
0.251928091049  3825913
0.25420498848  3825483
0.254839897156  3824336
0.256865024567  3820753
0.257747888565  3820565
0.258506059647  3788307
0.259139060974  3787905
0.265223026276  3780369
0.270452022552  3775394
0.271091938019  3773698
0.274875879288  3763290
0.276129961014  3694242
0.277266979218  3692836
0.278156995773  3675784
0.278285980225  3675720
0.27942109108  3673952
0.279800891876  3673874
0.281332015991  3673142
0.283226013184  3626821
0.283354997635  3626450
0.284374952316  3626353
0.288295030594  3623757
0.294591903687  3623649
0.29522895813  3617561
0.299148082733  3607528
0.302247047424  3605882
0.302428007126  3600415
0.303298950195  3594871
0.308571100235  3590158
0.311871051788  3581908
0.313390016556  3581036
0.317631959915  3577939
0.318872928619  3572634
0.32048201561  3572603
0.333429098129  3569410
0.337171077728  3546643
0.338648080826  3540116
0.343115091324  3538394
0.343371868134  3535968
0.346392869949  3533685
0.348284006119  3525998
0.354058980942  3523321
0.355464935303  3519885
0.358521938324  3491752
0.359534025192  3483480
0.359663963318  3483411
0.359793901443  3482722
0.360801935196  3481155
0.365211963654  3471397
0.36772608757  3468235
0.370778083801  3466485
0.375926971436  3465292
0.376204013824  3462405
0.37753200531  3460758
0.378571033478  3457413
0.38047003746  3456527
0.381490945816  3456238
0.383133888245  3454072
0.387897968292  3452709
0.388172864914  3452155
0.391211986542  3444163
0.391347885132  3443098
0.395018100739  3442782
0.397201061249  3432229
0.40206193924  3430217
0.402956008911  3426052
0.403969049454  3425907
0.404350042343  3422935
0.404480934143  3416655
0.405768871307  3412137
0.407430887222  3411908
0.415426969528  3411419
0.416460037231  3411165
0.41925907135  3409399
0.420554876328  3407826
0.42182302475  3407492
0.426179885864  3402580
0.430918931961  3397912
0.43376493454  3395785
0.437737941742  3394070
0.443381071091  3393763
0.44637799263  3391338
0.456024885178  3389736
0.460078954697  3387752
0.461092948914  3387537
0.463027954102  3386808
0.468211889267  3386284
0.469547986984  3343086
0.47122502327  3340293
0.474384069443  3337334
0.482825040817  3318013
0.483365058899  3317473
0.484747886658  3312859
0.488807916641  3311826
0.495008945465  3309337
0.505971908569  3301846
0.507647037506  3294016
0.510591030121  3291620
0.520372867584  3287181
0.521746873856  3283817
0.52592587471  3235576
0.530421972275  3233471
0.53830909729  3223755
0.539076089859  3199446
0.540354013443  3197560
0.542388916016  3188585
0.54404592514  3186066
0.54599404335  3185437
0.549326896667  3180897
0.550347089767  3174683
0.552299976349  3172515
0.552808046341  3170972
0.558629989624  3170539
0.560482025146  3168202
0.564723968506  3165993
0.569555997849  3162764
0.573692083359  3121440
0.574203968048  3111100
0.575088024139  3108534
0.575217008591  3108079
0.577105998993  3092750
0.577993869781  3092675
0.580039978027  3091903
0.590665102005  3090730
0.590796947479  3088297
0.59181189537  3088056
0.59376502037  3084669
0.59671998024  3084647
0.596857070923  3062384
0.601307868958  3057749
0.601459026337  3024068
0.604080915451  3017459
0.605360031128  3015882
0.609268903732  3012282
0.610025882721  2997094
0.610794067383  2994959
0.619780063629  2994661
0.622085094452  2992897
0.62796998024  2992615
0.629203081131  2992130
0.637588024139  2984093
0.638110876083  2981674
0.640278100967  2981374
0.642193078995  2948451
0.643723964691  2946891
0.644108057022  2946222
0.645765066147  2944972
0.651007890701  2936591
0.65345287323  2916717
0.655956029892  2902227
0.657121896744  2897150
0.658885955811  2896890
0.662415027618  2892589
0.665328025818  2892371
0.668621063232  2891691
0.669151067734  2890466
0.669288873672  2889756
0.671660900116  2888961
0.671825885773  2887916
0.673314094543  2886672
0.674810886383  2886447
0.677865982056  2885203
0.68618106842  2879672
0.686574935913  2879385
0.690388917923  2876751
0.690649986267  2871655
0.695968866348  2861499
0.700360059738  2860490
0.710099935532  2860104
0.711113929749  2847167
0.717247009277  2841059
0.71928691864  2840138
0.7230219841  2840125
0.723535060883  2831688
0.738895893097  2830651
0.743805885315  2829536
0.743943929672  2820015
0.748483896255  2817882
0.765274047852  2816727
0.769376039505  2812890
0.779088020325  2812528
0.788040876389  2812240
0.791842937469  2808407
0.799450874329  2806684
0.800997018814  2805408
0.803286075592  2803940
0.804929971695  2802682
0.808225870132  2802542
0.810369968414  2780903
0.821927070618  2779373
0.825320959091  2775012
0.82763504982  2772313
0.828531980515  2771907
0.829173088074  2768999
0.83158993721  2741481
0.843908071518  2734473
0.844551086426  2733492
0.844809055328  2731551
0.845948934555  2730103
0.853223085403  2726542
0.866010904312  2725925
0.875520944595  2723851
0.883898973465  2723408
0.89372587204  2719854
0.894259929657  2717141
0.894528865814  2711317
0.896487951279  2708408
0.898015975952  2703300
0.901947975159  2697658
0.903503894806  2697286
0.903640985489  2696604
0.90545797348  2686701
0.913192987442  2684552
0.918190002441  2684371
0.919458866119  2683636
0.924170970917  2682146
0.924304962158  2654246
0.927927970886  2653996
0.93949508667  2638345
0.942403078079  2635734
0.943057060242  2635323
0.94920706749  2635238
0.951108932495  2633763
0.951242923737  2633122
0.95524597168  2625987
0.955506086349  2624825
0.965475082397  2620057
0.966613054276  2619905
0.973466873169  2618668
0.976541042328  2617178
0.982385873795  2613146
0.990674972534  2606091
0.99277305603  2599016
0.995383024216  2596580
1.00157094002  2561540
1.00322699547  2561497
1.01010394096  2555240
1.01254892349  2554728
1.01658701897  2553495
1.01790189743  2550422
1.01929497719  2550353
1.02088904381  2548731
1.02643203735  2540017
1.02772498131  2537571
1.02901101112  2536649
1.04555892944  2535733
1.04646706581  2528927
1.05910491943  2528432
1.06191587448  2526050
1.06576108932  2522578
1.06627106667  2494817
1.06703209877  2489185
1.06891894341  2458723
1.07488393784  2457402
1.07690405846  2450656
1.07867002487  2450469
1.08259296417  2450462
1.08452486992  2450356
1.08575606346  2418919
1.1133480072  2414894
1.12390303612  2411497
1.12696099281  2411315
1.1406109333  2408364
1.14859199524  2406576
1.16008591652  2406415
1.16541099548  2403781
1.18174695969  2403180
1.18381690979  2394274
1.18844604492  2391497
1.19022798538  2390976
1.19764304161  2369784
1.20852088928  2365079
1.21505689621  2364099
1.22002887726  2363101
1.2201628685  2362893
1.22286701202  2360977
1.2354888916  2347243
1.26175999641  2343754
1.26971507072  2343685
1.27358007431  2331725
1.28794407845  2305438
1.29101490974  2291020
1.29154706001  2269094
1.29325509071  2268994
1.3067920208  2268562
1.31618595123  2268272
1.32587409019  2260258
1.3279209137  2250385
1.33122491837  2244222
1.33782196045  2243909
1.34069490433  2240675
1.34122896194  2237513
1.34577488899  2235786
1.35180306435  2229108
1.35636901855  2229067
1.35890388489  2205494
1.36744189262  2203288
1.37522101402  2202418
1.38784408569  2201181
1.39179587364  2200847
1.39268088341  2200588
1.39786100388  2200301
1.39900302887  2200274
1.40193986893  2200200
1.41029286385  2199805
1.420981884  2195347
1.42262005806  2194694
1.4398329258  2190393
1.46659398079  2189563
1.475908041  2182839
1.47822403908  2182290
1.48488593102  2182281
1.49891090393  2181774
1.50150489807  2174053
1.51173090935  2174047
1.51893401146  2172456
1.5407500267  2171521
1.54747605324  2169755
1.56571602821  2164126
1.56952095032  2163182
1.58113408089  2161872
1.58776402473  2159621
1.5905110836  2153168
1.5937769413  2149808
1.60617494583  2149329
1.61359786987  2147265
1.61485886574  2144780
1.61498689651  2144275
1.62061595917  2141655
1.62234902382  2121509
1.62536787987  2121426
1.63165402412  2121119
1.63343596458  2121021
1.64171409607  2120443
1.64596104622  2119034
1.65397191048  2117617
1.66542601585  2111226
1.6733250618  2109478
1.71565794945  2109299
1.72173905373  2108754
1.72357797623  2108335
1.75663399696  2106296
1.78671693802  2105096
1.83336305618  2104735
1.83609104156  2104602
1.83910703659  2104022
1.87364602089  2101020
1.87954497337  2100920
1.88862895966  2089323
1.91249895096  2088110
1.92136907578  2087216
1.92891597748  2086446
1.94853901863  2083884
1.95102190971  2081613
1.95611596107  2081406
1.95713996887  2081323
1.97185087204  2079290
1.97330093384  2078558
1.97899889946  2074766
1.98824906349  2072605
1.99528408051  2072354
2.02076387405  2066956
2.03721809387  2066024
2.04164195061  2065007
2.04354500771  2065002
2.05962991714  2064409
2.10502791405  2057474
2.11930608749  2056570
2.12591600418  2054240
2.16682696342  2051137
2.17799687386  2050863
2.1805100441  2050208
2.18233895302  2049412
2.20543789864  2049322
2.20644593239  2049239
2.22362494469  2048613
2.24720597267  2045533
2.2573568821  2045139
2.26203203201  2041990
2.26374006271  2041888
2.26491808891  2040961
2.27158904076  2040181
2.29205989838  2036986
2.29385900497  2035053
2.30222988129  2032621
2.30591988564  2028222
2.31173300743  2027884
2.32644486427  2026739
2.3321390152  2022094
2.33252191544  2020586
2.33761096001  2019936
2.33874487877  2019815
2.36162996292  2018799
2.37499403954  2018180
2.38948297501  2017916
2.40095496178  2017669
2.41444301605  2017219
2.41687607765  2016158
2.42496800423  2016047
2.44664001465  2012812
2.45463705063  2012723
2.46001291275  2011818
2.48573589325  2009931
2.48893594742  2006782
2.49666404724  2005808
2.49856305122  2004550
2.5105369091  2003269
2.5136179924  2003041
2.5190038681  2001902
2.53824090958  2001789
2.54536795616  2001696
2.54862999916  2000557
2.55197000504  1999441
2.55294108391  1998069
2.56705594063  1997943
2.58402490616  1996719
2.604418993  1996331
2.61054491997  1986648
2.62279605865  1986282
2.62438297272  1986204
2.63744497299  1984572
2.64696788788  1983796
2.6582570076  1983268
2.66786193848  1982985
2.67491793633  1975261
2.71363806725  1974421
2.73512196541  1973435
2.74564409256  1972851
2.7780380249  1972122
2.79656004906  1971660
2.80303096771  1967407
2.82602310181  1966802
2.83616495132  1966739
2.88051104546  1965262
2.8948340416  1960096
2.95983099937  1959518
2.9711098671  1959437
2.97907996178  1959275
2.98830294609  1958112
3.00158309937  1958067
3.01653289795  1957673
3.02661991119  1957541
3.03310894966  1957421
3.03872895241  1956682
3.05039405823  1956545
3.05578994751  1954910
3.09445309639  1954005
3.09831690788  1952864
3.13325309753  1952184
7.23593997955  1950508
7.24694108963  1948568
7.25856304169  1946269
7.26839804649  1945602
7.28670096397  1945502
7.29063010216  1945293
7.29077196121  1940388
7.33199000359  1939812
7.33745098114  1937136
7.36478996277  1935559
7.37212896347  1934619
7.38720488548  1934565
7.39396309853  1934518
7.41133308411  1934445
7.42369294167  1934073
7.42669296265  1930738
7.44624090195  1930058
7.46928191185  1929437
7.48507499695  1927074
7.49777698517  1926720
7.52155709267  1922533
7.53798103333  1920068
7.53838992119  1920038
7.53933286667  1900271
7.55730700493  1900224
7.57045197487  1900013
7.58785009384  1899772
7.61781597137  1898453
7.64581799507  1886774
7.70969200134  1886488
7.76103806496  1884808
7.78028702736  1883684
7.81861805916  1882969
7.88091206551  1881963
7.90976190567  1881650
7.92191696167  1881639
7.92809104919  1881579
7.96294188499  1880920
7.968791008  1880880
8.01133489609  1867758
8.02951908112  1867586
8.06973004341  1867458
8.09079003334  1866770
8.11371302605  1866226
8.17548298836  1864413
8.20553898811  1863991
8.20921897888  1863683
8.21443200111  1863200
8.23623609543  1863180
8.24920606613  1862147
8.27494907379  1861592
8.28167510033  1860206
8.30215501785  1859167
8.3343000412  1859069
8.33741998672  1857814
8.35914897919  1854994
8.36811304092  1854433
8.37118792534  1853746
8.37233996391  1852898
8.39619898796  1851370
8.41960406303  1850982
8.47116303444  1848909
8.48345303535  1848351
8.54637503624  1848044
8.59893894196  1847113
8.65895009041  1845908
8.67404699326  1842199
8.72239589691  1841845
8.7446410656  1841347
8.7556989193  1841281
8.78650999069  1841072
26.1166570187  1837011
26.1332840919  1833944
26.1396520138  1832489
26.1571209431  1831644
26.1603610516  1831365
26.1913909912  1831320
26.2103180885  1830890
26.2185740471  1828728
26.2244029045  1828666
26.2422399521  1824742
26.2471859455  1823571
26.2602579594  1819518
26.2678699493  1819052
26.2943599224  1816107
29.1436898708  1800943
29.148473978  1800094
29.1781520844  1799472
29.1795809269  1799397
29.2068619728  1798231
29.2130179405  1796680
29.2134120464  1795870
29.2196469307  1795265
29.2278470993  1794545
29.234858036  1794412
29.2449100018  1793427
29.2682631016  1791806
29.3058819771  1790712
29.311496973  1790272
29.3117549419  1789410
29.3151578903  1781505
29.3226189613  1780723
29.3396790028  1779134
29.3529949188  1778418
29.3770980835  1777374
29.4192280769  1776995
29.4695410728  1776906
29.4698250294  1776737
29.5334219933  1776388
29.567139864  1775336
29.5758690834  1774802
29.5851159096  1774222
29.610970974  1773609
29.6152908802  1772687
29.6628689766  1772486
29.6811170578  1771517
29.6980209351  1771147
29.7012410164  1770637
29.7613010406  1770043
29.769438982  1770020
29.7747170925  1769714
29.7925639153  1768594
29.8525738716  1768078
29.8694190979  1767975
29.8970479965  1766563
29.9003949165  1766292
29.9026279449  1766223
29.9430069923  1765990
29.9543290138  1765742
29.9544649124  1765107
29.9815309048  1764874
29.9864680767  1764548
51.9635350704  1757996
52.0052540302  1754831
52.0547690392  1754623
67.2145218849  1753014
83.7747080326  1752840
83.7866849899  1751544
83.7872099876  1746004
83.8035869598  1745332
83.8108959198  1744663
83.8366360664  1742723
83.8508350849  1742333
83.8513519764  1742271
83.856290102  1740737
83.9011769295  1738995
83.9115319252  1738716
83.9306080341  1737948
83.9452829361  1737508
83.9649660587  1735881
83.9696319103  1733597
84.0026569366  1733338
84.0146849155  1733048
84.0188510418  1732938
84.0435700417  1731872
84.0673289299  1730628
84.0722589493  1730329
84.111232996  1730152
84.1666419506  1729131
84.1758439541  1728885
84.1766200066  1718381
84.2233228683  1718265
84.2283070087  1715431
84.2642788887  1712976
84.2700579166  1706713
84.28134799  1704984
84.3037600517  1702298
84.3395049572  1695029
