0.0386209487915  6928472
0.0389919281006  6908838
0.0394339561462  6905484
0.0395910739899  6899441
0.0402841567993  6895625
0.04044008255  6889344
0.0419211387634  6886446
0.0420589447021  6885184
0.0422761440277  6882942
0.0426530838013  6876051
0.0429480075836  6869243
0.0430860519409  6868642
0.0434620380402  6863930
0.0436339378357  6855017
0.0443811416626  6851798
0.0445201396942  6850988
0.0451331138611  6850218
0.045508146286  6847391
0.0457241535187  6772029
0.0458619594574  6771119
0.0465550422668  6753944
0.047534942627  6748610
0.0476729869843  6741391
0.0478911399841  6739359
0.0482649803162  6667556
0.0484819412231  6659680
0.0502600669861  6637609
0.0505690574646  6633929
0.0534040927887  6633579
0.0535430908203  6627684
0.0541820526123  6620018
0.0543689727783  6609975
0.0547690391541  6609500
0.0551030635834  6602049
0.0562579631805  6596827
0.0566649436951  6596821
0.0570509433746  6596013
0.0598530769348  6595088
0.0634970664978  6592346
0.0670170783997  6587314
0.070405960083  6584730
0.0706300735474  6582269
0.0707709789276  6580327
0.0710761547089  6579509
0.0712189674377  6577728
0.074667930603  6573841
0.0750739574432  6568434
0.0752160549164  6567603
0.0785310268402  6567567
0.0788049697876  6559786
0.0789749622345  6558293
0.0824861526489  6555139
0.0858099460602  6554271
0.0859479904175  6552701
0.08939909935  6548197
0.093465089798  6545065
0.0936040878296  6530719
0.0938210487366  6510885
0.0941159725189  6505530
0.0942540168762  6492531
0.0946280956268  6469714
0.0950820446014  6426583
0.0952980518341  6426106
0.0954360961914  6415418
0.096048116684  6400812
0.100389003754  6395527
0.10052895546  6394934
0.104666948318  6392435
0.104884147644  6389745
0.105020999908  6388576
0.105237960815  6388435
0.10561299324  6385038
0.106528997421  6375133
0.110419034958  6365178
0.11055803299  6361862
0.113188028336  6361597
0.117257118225  6361020
0.117433071136  6360139
0.117871999741  6358505
0.123556137085  6358291
0.124748945236  6347602
0.126165151596  6345950
0.126624107361  6341064
0.126775026321  6340666
0.128140926361  6339940
0.131876945496  6339286
0.132051944733  6335340
0.132385969162  6335164
0.133965015411  6334085
0.136085987091  6333064
0.14015007019  6330540
0.147122144699  6330271
0.147347927094  6325329
0.152594089508  6324988
0.157407999039  6324154
0.162008047104  6323640
0.16214799881  6321066
0.166882991791  6319442
0.167021989822  6319239
0.168748140335  6312640
0.168887138367  6304300
0.169341087341  6303185
0.169872999191  6302517
0.170860052109  6298038
0.171980142593  6297914
0.172203063965  6284226
0.173318147659  6282193
0.174764156342  6282051
0.175069093704  6281669
0.176649093628  6279860
0.178306102753  6276084
0.183740139008  6272370
0.184235095978  6271656
0.189651966095  6271387
0.189800977707  6269548
0.194374084473  6268086
0.195063114166  6252424
0.197937011719  6251661
0.200752973557  6251065
0.202837944031  6250008
0.202978134155  6195581
0.204235076904  6192351
0.205119132996  6190609
0.205883026123  6182181
0.207103967667  6148623
0.207318067551  6140958
0.214154005051  6121634
0.214612007141  6120979
0.215172052383  6119985
0.220498085022  6116929
0.220874071121  6111243
0.221013069153  6111085
0.22123003006  6104464
0.226277112961  6103482
0.231681108475  6103355
0.231819152832  6097963
0.232036113739  6095645
0.233206033707  6082722
0.233344078064  6080606
0.233880996704  6062811
0.234535932541  6058077
0.234674930573  6056610
0.235605955124  6026035
0.240962982178  6006760
0.247056007385  6005425
0.247195959091  6000970
0.247730970383  6000541
0.248345136642  5999626
0.249078035355  5997274
0.255700111389  5997215
0.255856990814  5997052
0.256103992462  5996149
0.263350009918  5993746
0.26350903511  5992739
0.263756036758  5992689
0.264092922211  5981762
0.272572994232  5979706
0.272722005844  5977620
0.273412942886  5975725
0.273550987244  5968996
0.273767948151  5964770
0.274064064026  5953481
0.274515151978  5949103
0.274652957916  5944781
0.27495098114  5924868
0.275088071823  5921778
0.278504133224  5908926
0.28022313118  5907758
0.282580137253  5907088
0.284973144531  5906897
0.292777061462  5905063
0.292994976044  5901144
0.301023960114  5898277
0.301239967346  5897403
0.301376104355  5891983
0.301671981812  5889815
0.309745073318  5886824
0.309883117676  5855553
0.319690942764  5855088
0.319829940796  5847831
0.320126056671  5833715
0.320737123489  5831504
0.320874929428  5830015
0.321090936661  5818074
0.321464061737  5811425
0.326381921768  5794741
0.326519966125  5794720
0.327230930328  5790471
0.337121963501  5789496
0.337337970734  5788926
0.348405122757  5788834
0.348597049713  5787361
0.359375  5786481
0.359671115875  5781627
0.3600461483  5733332
0.360183954239  5731890
0.360716104507  5726691
0.361374139786  5703660
0.362242937088  5703094
0.362429141998  5689274
0.373485088348  5688139
0.384392976761  5687401
0.384531021118  5679987
0.395542144775  5677402
0.395679950714  5674574
0.395975112915  5673734
0.396113157272  5672433
0.407287120819  5671733
0.407429933548  5661156
0.419940948486  5658940
0.420201063156  5616390
0.420496940613  5609753
0.420949935913  5601644
0.42108798027  5594607
0.421303987503  5590524
0.421441078186  5589715
0.422053098679  5587211
0.423061132431  5584664
0.435393095016  5582337
0.447931051254  5582223
0.448158025742  5574658
0.448454141617  5570959
0.448905944824  5568395
0.449121952057  5562670
0.450048923492  5557733
0.451055049896  5555534
0.452218055725  5551147
0.452356100082  5549924
0.466017961502  5549592
0.467432022095  5545367
0.481161117554  5543567
0.494596004486  5540804
0.494812011719  5538675
0.508569955826  5537874
0.508708000183  5535741
0.509002923965  5534873
0.523092985153  5534507
0.523239135742  5533365
0.523456096649  5532253
0.523832082748  5529525
0.537914037704  5526971
0.552192926407  5523494
0.552330970764  5515102
0.552626132965  5510180
0.569828987122  5510026
0.570204019547  5502615
0.570343017578  5502612
0.570797920227  5502602
0.57165312767  5502535
0.571790933609  5441619
0.572557926178  5439392
0.573564052582  5433632
0.575521945953  5433401
0.575659990311  5429092
0.576271057129  5418670
0.577059030533  5414693
0.577928066254  5411499
0.578222990036  5395404
0.578756093979  5364290
0.579209089279  5362090
0.581326961517  5347425
0.583734989166  5346993
0.584115028381  5336065
0.584254026413  5335756
0.584470033646  5331990
0.584764957428  5330888
0.584980964661  5320420
0.590090990067  5320392
0.590388059616  5319247
0.590842008591  5317718
0.590980052948  5316269
0.591910123825  5315616
0.592206954956  5313404
0.592345952988  5241735
0.5932700634  5233339
0.594275951385  5231908
0.595360040665  5228077
0.595577001572  5227492
0.597775936127  5221411
0.600297927856  5221140
0.602998018265  5220309
0.620028018951  5218944
0.620167016983  5215587
0.637809991837  5212805
0.637948989868  5206035
0.638483047485  5205655
0.638780117035  5202186
0.638917922974  5194574
0.640273094177  5193223
0.640490055084  5192676
0.640628099442  5192368
0.641466140747  5192058
0.660242080688  5190378
0.66038107872  5186307
0.660598993301  5186187
0.660736083984  5184385
0.661031961441  5181402
0.661884069443  5173315
0.66241812706  5170534
0.663188934326  5168613
0.663486003876  5159789
0.664416074753  5141181
0.66455411911  5135373
0.666068077087  5133383
0.666206121445  5131005
0.666661024094  5129971
0.686820983887  5128497
0.707636117935  5128269
0.726947069168  5128008
0.746366977692  5118337
0.767039060593  5116812
0.787162065506  5116343
0.807111978531  5096948
0.831357955933  5095468
0.85179901123  5090681
0.872009038925  5090146
0.892956018448  5088639
0.912124156952  5080870
0.931817054749  5079568
0.952242136002  5075439
0.976726055145  5073182
0.997949123383  5065793
1.01878213882  5063339
1.03801894188  5061087
1.05777192116  5045623
1.07769107819  5042593
1.09859395027  5034467
1.11975908279  5031729
1.15787696838  5031594
1.17845106125  5018516
1.19783306122  5007426
1.21818208694  5003915
1.25642895699  5001900
1.29475307465  4990916
1.33334207535  4987436
1.37174201012  4983667
1.41086411476  4981072
1.45430493355  4979628
1.49415206909  4978053
1.53613901138  4972657
1.57790112495  4972402
1.63849401474  4952685
1.70071911812  4951638
1.76102495193  4947599
1.82743406296  4939860
1.8850209713  4919637
1.9431450367  4918283
2.00359201431  4918225
2.06533908844  4917848
2.12301301956  4899063
2.1807050705  4887195
2.23925805092  4883697
2.29695606232  4879181
2.35593509674  4868025
2.41492295265  4830682
2.47222113609  4829914
2.53027009964  4813045
2.58830595016  4811049
2.65349507332  4797622
2.71561002731  4797418
2.77822995186  4797246
2.83710813522  4790073
2.89478898048  4776328
2.95394992828  4752345
3.01601600647  4750429
3.08646512032  4749764
3.11295413971  4749215
3.13341712952  4741105
3.16005110741  4740223
3.17948102951  4738776
3.21782112122  4738394
3.25671410561  4738386
3.30836892128  4737294
3.36070513725  4736882
3.40026593208  4735078
3.44174313545  4733381
3.48005104065  4732602
3.51998806  4727931
3.56117796898  4726463
3.6069009304  4725622
3.65153813362  4721992
3.69078993797  4699753
3.74222207069  4697825
3.74238300323  4696911
3.81025314331  4696480
3.86991095543  4695445
3.9395570755  4695287
3.93984007835  4693701
3.94785904884  4689852
3.9629919529  4689474
3.96392297745  4685585
3.9649310112  4683484
3.96602010727  4683272
3.96872997284  4682509
3.96888899803  4682238
3.96918511391  4682011
3.97657203674  4679590
4.01758694649  4557081
4.0781121254  4555487
4.13530111313  4552189
4.1939330101  4543637
4.2527050972  4539402
4.3100039959  4538937
4.36938095093  4538892
4.43270397186  4538530
4.49595212936  4534857
4.55743002892  4532746
4.58314013481  4531926
4.60420012474  4530393
4.62346196175  4528717
4.66174697876  4527873
4.74003601074  4527511
4.81956410408  4526770
4.903881073  4524389
5.02468514442  4523043
5.19551801682  4522758
5.22671508789  4521762
5.2386059761  4521584
5.25045800209  4521271
5.25059700012  4521167
5.26222610474  4521014
5.26268410683  4519327
5.26549005508  4519260
5.27767300606  4514711
5.2934949398  4514243
5.29371404648  4513621
5.31268692017  4513571
5.31282615662  4512772
5.31375813484  4512699
5.31461000443  4512202
5.31553912163  4510688
5.33496809006  4509784
5.35485005379  4509755
5.37507510185  4509732
5.3965780735  4508588
5.43414592743  4508271
5.45328092575  4508233
5.47251009941  4502182
5.49275994301  4501485
5.51337099075  4500993
5.53404307365  4498527
5.57076096535  4498197
5.59111905098  4497989
5.61043715477  4497856
5.68878698349  4488316
5.71187901497  4488168
5.71218800545  4487940
5.78837013245  4461426
5.86730599403  4457141
5.94496798515  4455566
6.02540302277  4454732
6.10278010368  4451894
6.1828520298  4450290
6.18315601349  4450183
6.20334911346  4448956
6.27948403358  4407725
6.36717700958  4399896
6.44447803497  4398756
6.5220849514  4398099
6.59803700447  4397619
6.67629098892  4393341
6.75354409218  4393256
6.83138298988  4392939
6.90747594833  4392521
6.99971604347  4391711
7.08085393906  4389905
7.16897296906  4389788
7.24536705017  4336736
7.32204914093  4335404
7.39889812469  4255215
7.47611093521  4251653
7.55980610847  4225003
7.63740110397  4211951
7.71355509758  4204325
7.79163694382  4200807
7.87107300758  4200026
7.9557800293  4199157
8.04467797279  4198737
8.1277050972  4198126
8.20687413216  4197210
8.28567504883  4196073
8.36682295799  4195604
8.45962405205  4195568
8.54734492302  4192169
8.63854503632  4191135
8.73628497124  4187517
8.84833908081  4187452
8.96386313438  4186199
9.09326696396  4185510
9.22516202927  4184925
9.35908603668  4183742
9.47331094742  4182548
9.59409403801  4167317
9.71148109436  4166383
9.83074808121  4164541
9.97871398926  4164057
10.1352951527  4164007
10.2832610607  4163957
10.4168019295  4161486
10.5657761097  4160256
10.7026951313  4160189
10.8474071026  4080577
10.9811339378  4079980
11.1160840988  4079884
11.2543990612  4079323
11.408285141  4078440
11.5679569244  4062093
11.7265911102  4061766
11.885076046  4060870
12.0543470383  4060722
12.2066209316  4060639
12.376940012  4059613
12.5436220169  4059458
12.7003359795  4059001
12.8530910015  4058486
13.0073199272  4058431
13.1832079887  4056275
13.335819006  4044240
13.4956109524  4041562
13.6516151428  4039792
13.8063280582  4039180
13.9597129822  4034463
14.1152279377  4033773
14.2666349411  4017027
14.4201190472  4016590
14.5749070644  4015751
14.7328381538  4014258
14.8899729252  4013265
15.05052495  4013049
15.2073869705  4012618
15.3601739407  4010731
15.5146391392  4008917
15.6726410389  4008441
15.8451750278  4007001
16.012802124  4005573
16.164399147  4005160
16.3333730698  4004701
16.5099520683  3947182
16.6837091446  3946569
16.8585519791  3944888
17.0344090462  3944247
17.2226729393  3943029
17.4204411507  3941039
17.6111791134  3938600
17.8267850876  3934367
18.0365130901  3934252
18.2526321411  3934160
18.4599559307  3928773
18.6680691242  3919572
18.8751330376  3918382
19.0821740627  3916671
19.2912130356  3914295
19.5015590191  3913452
19.7205300331  3911789
19.9354970455  3910133
20.1463010311  3908679
20.3578541279  3908521
20.5778141022  3908251
20.7863950729  3901140
20.806374073  3899781
20.8260910511  3899777
20.8513650894  3899019
20.8534560204  3898271
20.9680380821  3898072
21.1190099716  3897217
21.3105580807  3895776
21.3113329411  3891101
21.3114709854  3891092
21.3118441105  3890535
21.3260641098  3890284
21.326362133  3889543
21.326736927  3886858
21.3335559368  3886012
21.3336939812  3885243
21.3453531265  3884441
21.3644120693  3884305
21.3647880554  3879657
21.3650050163  3878494
21.371489048  3878406
21.3781530857  3878390
21.403785944  3873958
21.5764141083  3873827
21.794203043  3873666
22.0109989643  3872364
22.2276070118  3872300
22.4830801487  3872117
22.6942870617  3871796
22.9242291451  3871374
23.2427859306  3869954
23.5612199306  3869739
23.8922729492  3868801
24.2132871151  3865885
24.5281670094  3865056
24.8435111046  3864319
25.0682039261  3864074
25.3281691074  3863617
25.6420030594  3861492
25.9916241169  3861200
26.3425240517  3859873
26.7219400406  3859731
27.1052670479  3859488
27.4759559631  3859178
27.8633480072  3858049
28.2453269958  3806441
28.3840150833  3806272
28.5178689957  3806260
28.6513259411  3806247
28.7832369804  3805385
28.9343750477  3804832
29.08522892  3804758
29.2917330265  3804627
29.5526070595  3804595
29.8183200359  3803247
30.0845930576  3803066
30.3448879719  3795405
30.6056540012  3794917
30.8729040623  3742207
31.0262010098  3742198
31.1784801483  3742179
31.3870790005  3741524
31.5267701149  3740557
31.663818121  3654953
31.9152889252  3654500
32.2081720829  3653267
32.4848880768  3652822
32.9188530445  3652522
33.3411171436  3652439
33.7522959709  3651413
34.1719191074  3649147
34.5981831551  3648886
35.0350959301  3647965
35.4616749287  3647043
35.8968429565  3646897
36.3274600506  3645062
36.76343894  3645026
37.1994831562  3644871
37.6356239319  3644376
38.0598549843  3631026
38.4894180298  3630110
38.9222080708  3627291
39.3483400345  3626554
39.7749941349  3617285
39.9138529301  3617262
40.0510160923  3617254
40.1889710426  3617241
40.3220360279  3616379
40.4735240936  3615826
40.6265420914  3615752
40.8380999565  3615538
41.1503999233  3615430
41.4554650784  3615324
41.6688621044  3614928
41.8769459724  3614475
42.2137191296  3593054
42.4023561478  3592538
42.680505991  3592524
42.9680979252  3592219
43.3112149239  3589863
43.5362770557  3589797
43.7659671307  3589277
44.0672979355  3588926
44.4250450134  3588424
44.7595369816  3585637
44.9899799824  3584690
45.2169771194  3584409
45.4984540939  3584067
45.7962310314  3583902
46.0773019791  3583449
46.4112479687  3582416
46.7474081516  3582286
47.0824120045  3580796
47.4155740738  3579709
47.7557170391  3579476
48.0960459709  3578491
48.4416019917  3578383
48.7814221382  3577844
49.1307461262  3577669
49.4703359604  3566265
49.815611124  3565243
50.153222084  3565163
