0.0409650802612  7246845
0.0413460731506  7229300
0.0423090457916  7220284
0.043436050415  7208830
0.044606924057  7206968
0.0450110435486  7206931
0.0463380813599  7198760
0.0465059280396  7196915
0.0485489368439  7194254
0.0487220287323  7188688
0.0489680767059  7185376
0.049124956131  7181956
0.0494711399078  7166993
0.0496230125427  7157938
0.050145149231  7142676
0.0502879619598  7137660
0.050509929657  7125093
0.0516090393066  7106235
0.0547461509705  7106198
0.0551450252533  7102116
0.0553579330444  7098524
0.0562961101532  7098302
0.0570521354675  7096453
0.0580070018768  7062934
0.0602130889893  7061180
0.0624489784241  7060739
0.062616109848  7054181
0.0655560493469  7052492
0.0659821033478  7051740
0.066545009613  7046325
0.0666930675507  7029311
0.0700149536133  7025769
0.0703139305115  7024750
0.0706751346588  7023967
0.0710759162903  7017865
0.074716091156  7016369
0.0749609470367  7001824
0.0757880210876  6995839
0.0759711265564  6995424
0.0766079425812  6981767
0.0775301456451  6977880
0.0778069496155  6977434
0.0782380104065  6975756
0.0801939964294  6972684
0.0805280208588  6947460
0.0807390213013  6943664
0.0819261074066  6943438
0.0825409889221  6937967
0.0838060379028  6923398
0.0883710384369  6922677
0.0928750038147  6922614
0.0931420326233  6922502
0.0968520641327  6917596
0.100827932358  6915615
0.101136922836  6915241
0.104233980179  6914526
0.105199098587  6908928
0.105585098267  6891771
0.105729103088  6870675
0.107871055603  6867324
0.108824014664  6864826
0.110223054886  6859240
0.110438108444  6856644
0.115869045258  6855300
0.116068124771  6850219
0.121700048447  6850039
0.121875047684  6844299
0.122138977051  6836396
0.122693061829  6836366
0.127061128616  6831696
0.13262295723  6829979
0.132905006409  6824630
0.133315086365  6816684
0.135190963745  6797385
0.135648012161  6795646
0.135860919952  6791564
0.136435985565  6789789
0.137131929398  6784067
0.144379138947  6782881
0.151895046234  6780302
0.152091026306  6780295
0.153892993927  6767586
0.154089927673  6766881
0.154386043549  6766673
0.154962062836  6764683
0.155128955841  6764459
0.156224966049  6763530
0.156399011612  6763444
0.157814025879  6763282
0.158986091614  6763235
0.159310102463  6762973
0.16005897522  6759257
0.161231994629  6759194
0.168142080307  6757660
0.174356937408  6755463
0.180500030518  6752674
0.18064904213  6751938
0.182152032852  6751869
0.191219091415  6751258
0.191419124603  6712855
0.191708087921  6698626
0.192268133163  6697068
0.200379133224  6695133
0.208117008209  6693091
0.208271026611  6669562
0.215042114258  6666475
0.215378046036  6665796
0.215533971786  6663441
0.21586894989  6663437
0.216094017029  6660936
0.216465950012  6658298
0.224282026291  6655831
0.224434137344  6622694
0.22514796257  6620792
0.225372076035  6619797
0.225676059723  6603882
0.233334064484  6600765
0.233710050583  6598670
0.233847141266  6582142
0.236376047134  6580601
0.236593008041  6578591
0.236889123917  6577651
0.237025976181  6577209
0.237401008606  6571668
0.239362001419  6570418
0.247718095779  6568083
0.248568058014  6566810
0.249334096909  6565890
0.249866962433  6565412
0.250636100769  6562428
0.259885072708  6561082
0.260041952133  6531894
0.260556936264  6529687
0.270156145096  6527915
0.271045923233  6514308
0.271203041077  6417465
0.272006034851  6414704
0.282567024231  6411749
0.282949924469  6411498
0.283167123795  6410849
0.283463001251  6405912
0.283600091934  6383710
0.28405213356  6382342
0.284898042679  6381621
0.285114049911  6380190
0.285252094269  6380125
0.285942077637  6374804
0.286236047745  6374253
0.286689043045  6372445
0.286826133728  6371611
0.287593126297  6370356
0.288605928421  6368252
0.300003051758  6367872
0.310642957687  6366970
0.310781955719  6364484
0.321736097336  6363253
0.321874141693  6361547
0.322090148926  6356382
0.322386026382  6356199
0.322523117065  6347877
0.323369979858  6327232
0.323585987091  6320795
0.324125051498  6319709
0.324341058731  6311209
0.324872016907  6311131
0.336055040359  6311018
0.336194038391  6310328
0.336488962173  6268647
0.34700512886  6267362
0.347456932068  6259283
0.358480930328  6257072
0.363560914993  6256991
0.363698959351  6256278
0.363914966583  6256149
0.364798069  6251007
0.365078926086  6189614
0.365668058395  6175010
0.370096921921  6173183
0.371762037277  6170013
0.373947143555  6169642
0.374465942383  6169573
0.374767065048  6168559
0.375277042389  6164733
0.37717795372  6160295
0.381926059723  6158522
0.393321990967  6156087
0.393460988998  6114140
0.4056661129  6111486
0.405838012695  6111402
0.406096935272  6106507
0.419064998627  6105242
0.419462919235  6099770
0.419703960419  6099088
0.419860124588  6098819
0.420287132263  6097771
0.420800924301  6073480
0.421226024628  6060138
0.42304110527  6057710
0.42397403717  6052622
0.437480926514  6051115
0.437632083893  6038790
0.438261985779  6036719
0.438416004181  6025671
0.438813924789  6019617
0.45192193985  6017759
0.452064990997  5985493
0.465459108353  5982640
0.465769052505  5976230
0.482497930527  5973754
0.482695102692  5945645
0.4957010746  5942983
0.495919942856  5941468
0.51059794426  5938920
0.511138916016  5909772
0.511297941208  5903044
0.511713027954  5902014
0.511852025986  5818701
0.512146949768  5816363
0.512521982193  5815155
0.5151450634  5811708
0.51556801796  5807397
0.517697095871  5807143
0.531563043594  5806977
0.531707048416  5806048
0.532938957214  5797702
0.533123970032  5797480
0.533359050751  5785557
0.534342050552  5783011
0.548686027527  5781266
0.548937082291  5779815
0.567548036575  5779770
0.567698955536  5778894
0.567915916443  5750344
0.584152936935  5748839
0.584530115128  5744575
0.584747076035  5739107
0.587576150894  5732650
0.587880134583  5727706
0.59037899971  5725629
0.590624094009  5721222
0.607557058334  5718334
0.607840061188  5717246
0.625505924225  5716663
0.625647068024  5691409
0.640815019608  5688849
0.640975952148  5682442
0.65628194809  5679825
0.656424045563  5679046
0.65664100647  5654676
0.672970056534  5651884
0.673131942749  5651008
0.673450946808  5650503
0.67360496521  5646601
0.67386007309  5640811
0.67427611351  5638500
0.674966096878  5637264
0.675183057785  5636240
0.675477981567  5634573
0.675616979599  5633103
0.693184137344  5630891
0.693365097046  5609533
0.710375070572  5608587
0.711745023727  5606018
0.711888074875  5603008
0.712436914444  5602886
0.712578058243  5602882
0.712881088257  5602115
0.713266134262  5600944
0.714312076569  5599940
0.71454501152  5597236
0.714946985245  5595970
0.715579032898  5595458
0.71573805809  5594488
0.715991973877  5519680
0.718433141708  5519545
0.719063043594  5518812
0.720101118088  5518622
0.723366975784  5510025
0.723662137985  5506276
0.724352121353  5503040
0.725593090057  5502798
0.726282119751  5501942
0.72641992569  5501546
0.727750062943  5500095
0.729228973389  5498239
0.729445934296  5497374
0.731049060822  5497073
0.731185913086  5496791
0.733150005341  5493724
0.733287096024  5491962
0.735502958298  5490988
0.745981931686  5489482
0.746673107147  5488552
0.757215976715  5487326
0.757373094559  5485493
0.757707118988  5485429
0.757863044739  5485037
0.760265111923  5481958
0.763258934021  5481264
0.769526004791  5480813
0.77568602562  5480668
0.791651010513  5480470
0.791795015335  5471962
0.792720079422  5471664
0.792856931686  5467065
0.793074131012  5452618
0.793211936951  5452482
0.793663024902  5442454
0.810831069946  5441258
0.811095952988  5440797
0.811414003372  5440508
0.832294940948  5438333
0.83243894577  5429244
0.848576068878  5427544
0.84871506691  5427122
0.848931074142  5422989
0.865446090698  5420455
0.86558508873  5412827
0.865803003311  5412259
0.866099119186  5411414
0.882786035538  5410952
0.899917125702  5410877
0.900134086609  5409263
0.900429010391  5402165
0.900567054749  5394072
0.90186214447  5391587
0.902482032776  5379546
0.903330087662  5369669
0.921117067337  5368659
0.938363075256  5367894
0.938501119614  5338204
0.956263065338  5336112
0.956717967987  5333922
0.956856966019  5328306
0.957389116287  5322036
0.975676059723  5321308
0.976052999496  5315358
0.976191043854  5300772
0.976666927338  5300693
0.978310108185  5290416
0.97868514061  5284706
0.978902101517  5271193
0.980103969574  5263349
0.985785007477  5262580
0.988945960999  5261935
0.989274978638  5260494
0.989705085754  5254882
0.99031496048  5254353
0.991029024124  5243762
0.991799116135  5243721
0.991936922073  5229197
0.992782115936  5215633
0.994766950607  5215574
0.994984149933  5212206
0.995912075043  5182336
0.996521949768  5166450
0.996815919876  5163356
0.998800039291  5160928
1.00438904762  5160870
1.00704097748  5158730
1.0095911026  5155587
1.02853107452  5153589
1.04692196846  5153011
1.04706192017  5125563
1.06729412079  5123121
1.06758213043  5122102
1.06801795959  5122096
1.06856894493  5121406
1.0901889801  5120140
1.09032893181  5106238
1.09062314034  5100068
1.10953211784  5097293
1.10966992378  5084696
1.13075304031  5067720
1.1692070961  5067647
1.21253609657  5066413
1.25476813316  5066371
1.29335999489  5064721
1.33853507042  5059955
1.37775611877  5053281
1.41807699203  5053133
1.45872092247  5052767
1.51182293892  5052484
1.55343699455  5050935
1.63045692444  5050334
1.68403601646  5049626
1.73898410797  5048675
1.79631614685  5044188
1.86772298813  5040549
1.8680729866  5040444
1.86853194237  5039666
1.86959815025  5034859
1.87054204941  5034145
1.94096803665  5031525
1.96179008484  5031496
1.99869608879  5031398
2.02907299995  5030418
2.06043100357  5029668
2.10385513306  5028163
2.13014698029  5027394
2.20495200157  5026050
2.27193713188  5025734
2.35619091988  5025318
2.4201540947  5025300
2.48948407173  5023951
2.55305695534  5023895
2.62295007706  5023465
2.69889712334  5022557
2.76438212395  5012736
2.82973313332  5010287
2.82996702194  5010182
2.83773398399  5009625
2.84545111656  5007615
2.84567594528  4983096
2.84877300262  4983073
2.85679006577  4982676
2.87784194946  4982250
2.89976000786  4980667
2.92958402634  4980485
2.95163297653  4980276
2.99696397781  4980172
2.99713611603  4979786
3.01982212067  4978888
3.04120397568  4973473
3.06073594093  4967167
3.08102107048  4965976
3.1083920002  4965162
3.13000512123  4964005
3.15389895439  4961307
3.1743850708  4958780
3.19656515121  4958506
3.2181289196  4955826
3.24179792404  4954390
3.31646108627  4950679
3.33855605125  4950466
3.41384410858  4950201
3.50275707245  4946728
3.52272391319  4945640
3.57881593704  4945302
3.59434700012  4943922
3.59450507164  4941349
3.60486102104  4939062
3.60801506042  4936601
3.60820913315  4935119
3.6085050106  4928533
3.60890412331  4864765
3.60945510864  4860329
3.61047792435  4860252
3.62606191635  4859162
3.65877604485  4859143
3.69510912895  4859014
3.75420713425  4858791
3.82530403137  4858661
3.88457512856  4858150
3.95712709427  4858059
4.03439307213  4857956
4.11037707329  4857665
4.2029569149  4857503
4.29191207886  4857295
4.39740896225  4857244
4.49060606956  4856901
4.58022594452  4856522
4.6754591465  4856038
4.78623604774  4855114
4.9123570919  4854357
4.97242999077  4853460
5.07854700089  4852988
5.18480801582  4852743
5.2967851162  4852332
5.41132903099  4852221
5.53103709221  4851722
5.64505505562  4850706
5.69040107727  4850660
5.75558710098  4850562
5.79373693466  4850380
5.89606595039  4850221
5.9633641243  4850100
6.07899308205  4850056
6.21246409416  4849714
6.30749797821  4849322
6.44513010979  4828927
6.57722902298  4826684
6.70846199989  4826195
6.88137602806  4825404
6.97756505013  4824529
7.08464694023  4824320
7.19901108742  4822548
7.35001301765  4822435
7.44616913795  4822046
7.58413696289  4821620
7.72279500961  4821264
7.81772303581  4821220
7.96080899239  4819982
8.11819696426  4818459
8.27034497261  4818414
8.42429995537  4817870
8.57599496841  4816692
8.72970294952  4816247
8.88074707985  4806016
9.03314399719  4805111
9.18648600578  4803497
9.34243512154  4802491
9.52267193794  4799316
9.70214104652  4798320
9.90070796013  4798030
10.1091840267  4797150
10.3000349998  4791266
10.486948967  4790525
10.6574959755  4790375
10.8585820198  4790088
11.0404109955  4787377
11.2296309471  4785857
11.253713131  4785773
11.2735190392  4785752
11.3010389805  4785454
11.321210146  4785435
11.3409800529  4784869
11.3987920284  4784751
11.500617981  4784648
11.5056269169  4782694
11.5058009624  4681612
11.5085809231  4670259
11.5087211132  4602510
11.509016037  4601978
11.5091540813  4583976
11.5093700886  4583517
11.5097439289  4501930
11.5101969242  4501446
11.5104920864  4501265
11.5110230446  4418594
11.5117120743  4416551
11.5124809742  4412432
11.5126180649  4411669
11.5139379501  4409987
11.5162930489  4409877
11.5164310932  4409846
11.5166471004  4408473
11.5208110809  4407945
11.5213439465  4407255
11.5257821083  4405588
11.5308330059  4403996
11.5760040283  4403450
11.6335940361  4403352
11.67289114  4403170
11.8610789776  4401406
12.0763959885  4353287
12.2825410366  4344173
12.499917984  4318714
12.7140390873  4237417
12.9201929569  4234905
13.1482739449  4203094
13.3702769279  4198741
13.585506916  4163100
13.8119490147  4144994
14.0305111408  4144224
14.2699661255  4142386
14.4811959267  4140772
14.6947591305  4140238
14.9148409367  4139063
15.1130590439  4138358
15.2085850239  4138307
15.3073370457  4138258
15.4987900257  4137942
15.5952150822  4137495
15.7112319469  4137075
15.9470541477  4104975
16.0094480515  4104108
16.0691430569  4103886
16.1317629814  4103693
16.3582849503  4103453
16.5833570957  4085313
16.8083059788  4085185
17.0328330994  4084040
17.2593300343  4005980
17.3178899288  4004333
17.4156119823  4003309
17.5291581154  4003183
17.7541129589  4002871
17.9797189236  4001694
18.2086899281  3999215
18.4341430664  3989527
18.6599371433  3939269
18.7176380157  3938470
18.7752799988  3938248
18.8328299522  3938055
19.0601279736  3937195
19.117839098  3935031
19.2131011486  3934167
19.3267891407  3933531
19.5542600155  3923937
19.7799930573  3923762
20.005589962  3922764
20.2323150635  3890181
20.4780290127  3882892
20.7271199226  3876701
20.7862260342  3875642
20.8437669277  3875452
20.9022181034  3875230
20.959995985  3875037
21.2054419518  3872122
21.4535930157  3871425
21.7038550377  3870980
21.9529669285  3870240
22.2034051418  3869306
22.2620859146  3868284
22.3660049438  3867387
22.5728490353  3867242
22.887663126  3866614
23.2019569874  3866552
23.5157020092  3866084
23.8301620483  3865790
24.153963089  3865593
24.4756081104  3865389
24.7946560383  3865268
25.1117660999  3863394
25.4228811264  3863219
25.4241969585  3862937
25.4243340492  3862907
25.4252550602  3862168
25.440568924  3861002
25.4407861233  3859159
25.4409239292  3853772
25.4434270859  3853515
25.4435639381  3851355
25.4438910484  3847081
25.447122097  3843940
25.4477291107  3843253
25.4480230808  3842159
25.461589098  3841634
25.4618051052  3810174
25.4619419575  3806375
25.463889122  3797696
25.4641051292  3796741
25.4644761086  3794144
25.467056036  3791923
25.4724941254  3790163
25.4726319313  3787809
25.4728469849  3787483
25.4732189178  3772353
25.4790000916  3768434
25.4795310497  3768091
25.4797451496  3766712
25.4870021343  3766577
25.4966750145  3765821
25.5105600357  3763909
25.5296061039  3762678
25.5676560402  3760819
25.6062440872  3758763
25.6443269253  3757517
25.6825671196  3757248
25.7212030888  3757049
25.7969419956  3756906
25.9098169804  3752535
26.0236101151  3741116
26.0894870758  3740932
26.2224860191  3739522
26.2797729969  3737514
26.4403600693  3733422
26.5796189308  3722948
26.62008214  3722526
26.6592619419  3722496
26.7006709576  3722220
26.7607970238  3721960
26.8792190552  3720845
26.9966599941  3708939
27.1136569977  3705610
27.2378931046  3687760
27.3553910255  3684723
27.4692640305  3682349
27.5075409412  3681947
27.5696899891  3680044
27.6849169731  3661327
27.8009381294  3655869
27.9168410301  3652300
28.0341780186  3650578
28.1506559849  3630947
28.2691590786  3629967
28.3886361122  3626845
28.504445076  3624595
28.6212670803  3622731
28.7364430428  3611691
28.7753739357  3610919
28.8135590553  3610889
28.8526639938  3610613
28.9098789692  3610353
29.0264201164  3608830
29.1469500065  3604313
29.1857459545  3603909
29.243407011  3602007
29.3572340012  3595683
29.471873045  3595261
29.5865650177  3594780
29.7037079334  3594322
29.8197209835  3591726
29.9368181229  3588476
29.9755840302  3587330
30.0154471397  3587300
30.0542061329  3587024
30.1125040054  3586764
30.2498850822  3586033
30.4036929607  3585202
30.5541810989  3582734
30.704321146  3582267
30.8373501301  3573593
30.8378810883  3572742
30.9735300541  3572383
31.1077671051  3571278
31.2415030003  3571153
31.3769659996  3567225
31.4154939651  3566913
31.5117180347  3566905
31.6456921101  3566008
31.741091013  3565346
31.8753330708  3563618
32.014523983  3561472
32.1545569897  3544632
32.2879300117  3540983
32.3855481148  3540975
32.5372400284  3540213
32.7005019188  3539467
32.8638119698  3539298
33.0324780941  3538332
33.1972060204  3533715
33.36226511  3526952
33.3628790379  3526038
33.363173008  3525223
33.3636240959  3522798
33.5240619183  3521059
33.6757190228  3515897
33.8309519291  3513164
33.9843540192  3496111
34.1400909424  3495423
34.2971940041  3487770
34.4485459328  3484804
34.6079111099  3484088
34.7591850758  3475592
34.9103450775  3475400
34.9109580517  3473752
35.0661430359  3472703
35.2221300602  3469149
35.3188581467  3468744
35.3584151268  3468444
35.3969841003  3468184
35.5550320148  3466201
35.7160990238  3465296
35.8780751228  3464212
36.0388009548  3462586
36.208450079  3460326
36.3629479408  3456117
36.5382170677  3454441
36.7267620564  3453642
36.9532220364  3451509
37.1882679462  3449157
37.4311060905  3447435
37.6744771004  3446992
37.9236409664  3442243
38.1903829575  3440636
38.4557750225  3423538
38.4567949772  3422529
38.4574050903  3418249
38.6110270023  3416608
38.855492115  3391632
38.8565039635  3391336
39.1015529633  3390663
39.3478059769  3390619
39.4436500072  3388311
39.4821190834  3387827
39.6517839432  3383835
39.8210790157  3383803
40.0440030098  3382371
40.2291400433  3380695
40.4220211506  3376861
40.6126110554  3369347
40.8070790768  3322884
40.9026310444  3322773
40.9034020901  3321736
40.9418759346  3321725
40.9809150696  3321722
41.0651290417  3321042
41.0722589493  3321025
41.0723969936  3268959
41.0726931095  3261071
41.0751760006  3245050
41.078097105  3242536
41.0819039345  3240736
41.0859510899  3240467
41.0900959969  3238854
41.1008810997  3236987
41.1307859421  3236745
41.1992790699  3236318
41.2761011124  3236195
41.352396965  3235466
41.4532339573  3235303
41.5497329235  3234554
41.6888711452  3234293
41.8228859901  3233225
41.9572870731  3230290
42.0953450203  3230122
42.2317540646  3229987
42.3685071468  3227381
42.512540102  3227376
42.6539759636  3226733
42.7874541283  3226364
42.9224350452  3226110
43.0836200714  3226003
43.2175769806  3224627
43.3508200645  3224359
43.4877390862  3223161
43.6394190788  3221644
43.791631937  3221176
43.9450199604  3217948
44.0976209641  3217393
44.2502720356  3216731
44.4021689892  3214815
44.558465004  3214538
44.7109410763  3213198
44.8650541306  3213078
45.0189170837  3213076
45.1763041019  3212492
45.3353199959  3212372
45.4909670353  3212046
45.6475551128  3212025
45.7489840984  3211731
45.8645529747  3209490
45.9807989597  3207286
46.1145019531  3206684
46.2345919609  3206587
46.3536081314  3205961
46.4704470634  3205586
46.6041889191  3205502
46.7389910221  3204888
46.8932409286  3203582
47.0505840778  3203550
47.2578039169  3201624
47.5161969662  3201167
47.9628560543  3200933
48.4029650688  3200517
48.8579030037  3200370
49.3183150291  3200106
49.7892861366  3199072
50.3198969364  3198873
