0.0383810997009  6903794
0.0390651226044  6890415
0.0404260158539  6869798
0.0408821105957  6847506
0.0415251255035  6847487
0.0416882038116  6764643
0.0418441295624  6634790
0.0419890880585  6627478
0.0421330928802  6607998
0.0424201488495  6601315
0.0425641536713  6595727
0.042708158493  6580386
0.0428521633148  6537634
0.0429961681366  6526691
0.0432569980621  6521748
0.0433850288391  6511933
0.0437591075897  6494917
0.0440101623535  6491722
0.0442600250244  6491423
0.044634103775  6487836
0.0447611808777  6485496
0.0448892116547  6477192
0.0452630519867  6472682
0.0455141067505  6469732
0.0456411838531  6451998
0.0457692146301  6403959
0.0460200309753  6384776
0.0474140644073  6339683
0.0475540161133  6331062
0.048121213913  6325071
0.0486512184143  6320984
0.0497810840607  6308178
0.0500311851501  6308143
0.0506501197815  6307822
0.0507771968842  6294650
0.0515170097351  6293719
0.0516440868378  6290987
0.0522620677948  6280396
0.0526361465454  6263571
0.0528872013092  6248933
0.0530140399933  6240106
0.0538802146912  6235328
0.0547521114349  6224737
0.0550031661987  6220450
0.0555121898651  6207777
0.0560610294342  6180453
0.0571141242981  6152497
0.0573711395264  6146965
0.0574991703033  6138009
0.0581231117249  6137839
0.0596179962158  6067302
0.0598711967468  6056960
0.0604979991913  6017870
0.0606260299683  6017320
0.0610110759735  6016462
0.0613901615143  5989879
0.0617640018463  5973634
0.0622570514679  5951372
0.0625050067902  5950938
0.0638010501862  5950357
0.0660982131958  5894071
0.0662271976471  5893921
0.0664780139923  5885127
0.0666069984436  5858089
0.0674700737  5855417
0.0677192211151  5806638
0.0687041282654  5805054
0.068831205368  5802168
0.0690791606903  5753426
0.0701870918274  5751520
0.0706810951233  5744479
0.070808172226  5742655
0.0727751255035  5726004
0.0732820034027  5711597
0.0735311508179  5703105
0.0747539997101  5674458
0.0751252174377  5668491
0.0752511024475  5667384
0.0760350227356  5641055
0.0761620998383  5640724
0.0772762298584  5634379
0.0783751010895  5633990
0.0786221027374  5631375
0.0797262191772  5631166
0.0813190937042  5625786
0.0837340354919  5625046
0.0838611125946  5624742
0.0841090679169  5621882
0.0842351913452  5582777
0.0852150917053  5572311
0.0864491462708  5568890
0.0883409976959  5563841
0.0900192260742  5556834
0.0910031795502  5541709
0.0911312103271  5528969
0.0913801193237  5527911
0.0915071964264  5526462
0.0916330814362  5509515
0.0928590297699  5504709
0.0937762260437  5501564
0.0944011211395  5501153
0.0948932170868  5498110
0.095507144928  5484558
0.0964732170105  5481432
0.097275018692  5474502
0.0980710983276  5441090
0.0985701084137  5424548
0.100038051605  5424517
0.100164175034  5418052
0.100783109665  5416020
0.101031064987  5390450
0.101155996323  5388993
0.10152721405  5318667
0.101897001266  5315198
0.102147102356  5254099
0.102760076523  5248780
0.103904008865  5237626
0.104411125183  5237011
0.105286121368  5232776
0.105557203293  5225290
0.106040000916  5224882
0.106406211853  5217954
0.10755610466  5214481
0.107812166214  5145974
0.10831618309  5139973
0.10993719101  5137256
0.110817193985  5135568
0.110947132111  5122472
0.111366033554  5109583
0.111495018005  5108209
0.111749172211  5105182
0.111877202988  5104799
0.112255096436  5102459
0.112509012222  5097754
0.112763166428  5095218
0.11301612854  5049401
0.113269090652  5047446
0.113398075104  5044683
0.113525152206  5022997
0.114375114441  5021209
0.115332126617  5014446
0.116239070892  5014356
0.117493152618  5006826
0.117746114731  4936538
0.117874145508  4935973
0.12024307251  4928768
0.120495080948  4922272
0.121044158936  4910969
0.12119102478  4888430
0.121487140656  4885449
0.12363910675  4885085
0.12540102005  4883119
0.126640081406  4879108
0.128111124039  4869467
0.129301071167  4865906
0.131402015686  4848604
0.132734060287  4848193
0.133753061295  4841292
0.134461164474  4833431
0.135099172592  4819723
0.137132167816  4812833
0.137648105621  4811774
0.137781143188  4811614
0.137927055359  4759467
0.140284061432  4755815
0.141683101654  4752679
0.14181303978  4729555
0.144335031509  4723611
0.144742012024  4717560
0.145123004913  4676870
0.145634174347  4668973
0.146015167236  4666681
0.146145105362  4562825
0.146905183792  4503519
0.147767066956  4477772
0.14861702919  4467561
0.149128198624  4412378
0.149265050888  4392871
0.15229511261  4383915
0.153588056564  4374555
0.153720140457  4363670
0.154732227325  4359364
0.156362056732  4358205
0.157783031464  4354040
0.158040046692  4351063
0.158308029175  4340956
0.15944814682  4329969
0.159810066223  4329276
0.161013126373  4309981
0.163595199585  4307899
0.164538145065  4306865
0.165051221848  4306768
0.168449163437  4296735
0.169934034348  4295802
0.171694993973  4255602
0.172602176666  4242776
0.174513101578  4234185
0.174876213074  4220990
0.175976037979  4220307
0.177376031876  4217389
0.177762031555  4208288
0.178020000458  4207077
0.179465055466  4204013
0.179871082306  4199103
0.180382013321  4153385
0.180512189865  4153230
0.181522130966  4152235
0.18393611908  4118985
0.18469619751  4077531
0.185082197189  4072978
0.185339212418  4072576
0.18913602829  4070712
0.189976215363  4066672
0.192978143692  4063243
0.193741083145  4055265
0.200298070908  4053440
0.202839136124  4051503
0.203858137131  3994334
0.204116106033  3973719
0.204642057419  3968613
0.205552101135  3912082
0.207683086395  3902171
0.210510015488  3897169
0.212734222412  3897028
0.214121103287  3893329
0.214752197266  3891741
0.216135025024  3818884
0.216696023941  3800409
0.217593193054  3798715
0.21976518631  3798565
0.220149993896  3792557
0.22078704834  3784341
0.220917224884  3782658
0.221172094345  3782081
0.226466178894  3777329
0.226726055145  3774513
0.227108001709  3773095
0.22989821434  3755910
0.230409145355  3751846
0.230539083481  3726039
0.23255109787  3715495
0.235179185867  3715378
0.237112998962  3694769
0.239071130753  3694644
0.239582061768  3691665
0.240625143051  3691479
0.242398023605  3689444
0.24304318428  3689325
0.24610710144  3642196
0.246626138687  3627385
0.247524023056  3615616
0.247782230377  3604579
0.249038219452  3604294
0.255134105682  3601396
0.255773067474  3600361
0.257293224335  3600110
0.258312225342  3583242
0.259081125259  3583150
0.259844064713  3569563
0.261108160019  3559121
0.265978097916  3558422
0.266489028931  3557095
0.268261194229  3556218
0.270733118057  3552923
0.271541118622  3549835
0.274053096771  3537331
0.275460004807  3535092
0.277755022049  3530101
0.280044078827  3520996
0.280302047729  3517206
0.281701087952  3511863
0.28363609314  3506423
0.283936023712  3505255
0.285915136337  3501176
0.286560058594  3497741
0.287205219269  3495288
0.28733921051  3491914
0.288607120514  3476061
0.290280103683  3473754
0.29208612442  3463076
0.293367147446  3456883
0.295539140701  3453660
0.297188997269  3453122
0.298587083817  3451822
0.299853086472  3451114
0.301638126373  3443306
0.303286075592  3442289
0.303669214249  3440720
0.307481050491  3423410
0.307759046555  3421587
0.308304071426  3420446
0.308574199677  3419991
0.311629056931  3409980
0.313727140427  3405076
0.31498003006  3404812
0.317000150681  3399237
0.319117069244  3394527
0.319631099701  3391762
0.320141077042  3369998
0.3212890625  3367464
0.321694135666  3357243
0.328261137009  3355237
0.328777074814  3355000
0.329939126968  3352938
0.330965995789  3340278
0.333388090134  3340040
0.333646059036  3320360
0.334408044815  3316634
0.334828138351  3314005
0.336573123932  3291810
0.337344169617  3288199
0.3389980793  3274474
0.340668201447  3271448
0.342069149017  3270232
0.34245300293  3268794
0.342967033386  3248726
0.34398317337  3246448
0.348882198334  3245097
0.349778175354  3237353
0.350290060043  3232956
0.355899095535  3219206
0.357936143875  3215830
0.359211206436  3215133
0.359342098236  3207386
0.370017051697  3204935
0.370274066925  3204073
0.37117600441  3203313
0.37246799469  3198118
0.372858047485  3130235
0.375529050827  3129815
0.378477096558  3128996
0.380644083023  3128842
0.382520198822  3122664
0.391148090363  3104613
0.394726037979  3097786
0.394858121872  3095803
0.395114183426  3093670
0.396507024765  3082976
0.398024082184  3076974
0.402404069901  3072877
0.4039311409  3064613
0.405672073364  3059128
0.405827045441  3050049
0.408282995224  3049930
0.408925056458  3047810
0.40943813324  3029521
0.410838127136  3022755
0.413145065308  3022271
0.414082050323  3021115
0.416214227676  2963077
0.427181005478  2962553
0.433057069778  2961938
0.435368061066  2961516
0.437714099884  2950719
0.437862157822  2945758
0.440141201019  2942878
0.440650224686  2933968
0.441166162491  2932680
0.442306995392  2928669
0.442437171936  2926131
0.444715023041  2923533
0.445604085922  2920143
0.446363210678  2919898
0.446746110916  2914061
0.451718091965  2890523
0.45210814476  2890230
0.45455121994  2889747
0.456022024155  2885525
0.459844112396  2884969
0.461448192596  2878877
0.466734170914  2877473
0.46725320816  2873825
0.470049142838  2873150
0.47309923172  2860531
0.473278045654  2859949
0.482407093048  2850711
0.486426115036  2849367
0.487333059311  2843772
0.488107204437  2842228
0.488366127014  2839911
0.494094133377  2833040
0.506151199341  2832541
0.51210808754  2831398
0.514698028564  2828984
0.518904209137  2828722
0.524742126465  2825571
0.528220176697  2791643
0.53086400032  2790167
0.531300067902  2789804
0.540468215942  2784417
0.542906045914  2780219
0.54434800148  2777054
0.546415090561  2775989
0.547590017319  2728216
0.550520181656  2727314
0.552300214767  2724520
0.553315162659  2723836
0.558940172195  2722792
0.559198141098  2721841
0.565140008926  2718236
0.566105127335  2716562
0.57004904747  2709227
0.572496175766  2667298
0.573176145554  2666387
0.576942205429  2662469
0.578847169876  2659022
0.586747169495  2658579
0.587781190872  2653172
0.588934183121  2648828
0.592487096786  2648500
0.59325003624  2643776
0.595272064209  2643113
0.59565615654  2635542
0.595912218094  2614939
0.596168041229  2613147
0.600815057755  2612860
0.609387159348  2534839
0.611793994904  2532624
0.617337226868  2531647
0.619630098343  2531186
0.629748106003  2530324
0.63000702858  2530319
0.63507604599  2530059
0.636474132538  2526625
0.642958164215  2526357
0.643256187439  2524537
0.64922118187  2521372
0.69929599762  2515578
0.69956111908  2514144
0.70121216774  2509390
0.705916166306  2497514
0.711333036423  2491879
0.713686227798  2490793
0.714945077896  2465200
0.727495193481  2463159
0.729119062424  2462035
0.73119020462  2459586
0.731341123581  2454308
0.739076137543  2453761
0.755858182907  2443776
0.760898113251  2440810
0.771209001541  2430923
0.771844148636  2429260
0.771974086761  2428991
0.77491402626  2427826
0.794247150421  2422841
0.796548128128  2420616
0.80216217041  2419617
0.80851316452  2408137
0.812623023987  2408114
0.819766044617  2405991
0.821744203568  2400974
0.823966026306  2389618
0.826044082642  2385244
0.829051017761  2381719
0.85032916069  2367920
0.85667014122  2367837
0.866469144821  2366779
0.873783111572  2366084
0.879432201385  2363116
0.879945039749  2357606
0.881112098694  2357003
0.886388063431  2355243
0.892748117447  2322712
0.893518209457  2320734
0.901626110077  2319007
0.907613039017  2316977
0.910124063492  2316734
0.914008140564  2315271
0.919673204422  2314186
0.923715114594  2307632
0.923978090286  2307235
0.925027132034  2306544
0.930124044418  2305480
0.938638210297  2304047
0.947916030884  2302958
0.950482130051  2301295
0.953966140747  2296101
0.957574129105  2295967
0.958231210709  2293130
0.962356090546  2292927
0.965042114258  2286849
0.972906112671  2270619
0.985748052597  2270566
0.986265182495  2266592
0.988466024399  2261560
0.99853515625  2259381
1.00553107262  2256830
1.00567913055  2252197
1.00830411911  2251939
1.01004815102  2241086
1.01640701294  2240837
1.01742720604  2237369
1.01844620705  2236807
1.01908612251  2234862
1.02241015434  2232596
1.02667307854  2227955
1.0286090374  2227876
1.03120017052  2226697
1.03472805023  2226224
1.04174017906  2223238
1.04606413841  2222344
1.04664111137  2222033
1.04679107666  2220685
1.04784202576  2217107
1.05269908905  2216821
1.05915617943  2216629
1.06149101257  2216021
1.06316208839  2214520
1.06567311287  2207184
1.07057118416  2205180
1.0737850666  2185128
1.07899999619  2184697
1.08491611481  2182589
1.08517503738  2181131
1.0895152092  2177136
1.09984922409  2174131
1.10189509392  2167126
1.10562300682  2152502
1.10972309113  2151982
1.11139011383  2148523
1.1159491539  2146872
1.12416219711  2146605
1.13529801369  2144479
1.14074516296  2143998
1.14456510544  2143215
1.14534211159  2142934
1.15058922768  2141245
1.15085220337  2141053
1.15232610703  2139900
1.15555906296  2138308
1.15695619583  2132605
1.15729117393  2132116
1.16956806183  2131702
1.17263221741  2130175
1.18230700493  2124277
1.18358302116  2113551
1.18434309959  2113549
1.18679618835  2113191
1.19219517708  2111986
1.19910216331  2111906
1.20938420296  2111079
1.2217001915  2106898
1.23720407486  2105502
1.24326205254  2102430
1.24457621574  2102026
1.25088500977  2101777
1.26884007454  2101453
1.27105116844  2101310
1.27271103859  2100891
1.28190517426  2098402
1.28668522835  2093454
1.30169606209  2093241
1.30786013603  2092238
1.32054615021  2092228
1.32202410698  2090400
1.32794499397  2088852
1.33104300499  2087392
1.33181500435  2086498
1.33322000504  2085263
1.33964014053  2081997
1.34935522079  2077675
1.35917806625  2075494
1.36190915108  2072386
1.36359715462  2071507
1.36450099945  2067079
1.3705291748  2065924
1.37434506416  2065304
1.37818002701  2062823
1.37975406647  2062469
1.38694000244  2050929
1.39633202553  2049540
1.40346813202  2049521
1.4047460556  2049269
1.40851020813  2040731
1.45202517509  2040076
1.47857713699  2039376
1.48377323151  2038609
1.52592515945  2038595
1.53519201279  2038238
1.53852820396  2037043
1.54881000519  2036882
1.5507311821  2035169
1.56295514107  2032022
1.57861208916  2028830
1.58120012283  2028780
1.5880651474  2027945
1.58962702751  1982813
1.60106611252  1982552
1.60387516022  1981800
1.61755800247  1948083
1.61946511269  1946872
1.62208199501  1944364
1.62780404091  1941432
1.65181517601  1938370
1.65576601028  1938299
1.67210412025  1937920
1.67849612236  1932319
1.67980122566  1931099
1.68109703064  1931049
1.7001709938  1929042
1.7051820755  1924280
1.70767807961  1923946
1.7103471756  1923680
1.71126914024  1923604
1.71633410454  1922081
1.71838617325  1920862
1.72239899635  1920412
1.73241519928  1919820
1.73281621933  1918042
1.75057911873  1917806
1.76046419144  1917145
1.78530716896  1916464
1.79051113129  1914616
1.79537701607  1914475
1.80214715004  1914099
1.81240415573  1913264
1.81574106216  1911069
1.82275915146  1910908
1.84050607681  1897739
1.85429620743  1896908
1.87130904198  1882511
1.88326406479  1881981
1.89310216904  1880317
1.89938521385  1878966
1.90706300735  1876372
1.91727519035  1866968
1.92622900009  1866534
1.93719816208  1848278
1.95632219315  1848005
1.98298120499  1847802
1.9903690815  1846499
1.99995422363  1845037
2.00225520134  1844252
2.00334119797  1842794
2.00456500053  1841470
2.03598713875  1830344
2.0399210453  1829061
2.04177308083  1827526
2.04232907295  1827419
2.07227611542  1827246
2.0747821331  1826789
2.07735300064  1826123
2.08142018318  1826049
2.10766911507  1824180
2.11458516121  1823739
2.11609005928  1822738
2.11859202385  1812226
2.12430405617  1809645
2.1363902092  1808357
2.14892721176  1806201
2.1623032093  1798470
2.16853713989  1796724
2.17023015022  1795620
2.19529104233  1795504
