0.0391209125519  7426853
0.0394070148468  7403079
0.0397410392761  7401351
0.0398790836334  7390481
0.0403311252594  7378252
0.0404679775238  7377575
0.0411550998688  7377406
0.0416829586029  7375492
0.0423359870911  7375414
0.0434150695801  7363956
0.0436010360718  7357108
0.0438940525055  7355883
0.044291973114  7352524
0.0457110404968  7352335
0.0458779335022  7352121
0.0461390018463  7351854
0.0472791194916  7350494
0.0475280284882  7350148
0.0478930473328  7338942
0.0489599704742  7338864
0.0504219532013  7332354
0.051362991333  7250438
0.052050113678  7249614
0.0540089607239  7247927
0.0541460514069  7194687
0.0545971393585  7194291
0.0547449588776  7168089
0.0551769733429  7167770
0.0556869506836  7166278
0.0562870502472  7164247
0.0567970275879  7163481
0.0573511123657  7140019
0.0586271286011  7138363
0.0606279373169  7134957
0.0633380413055  7132354
0.0636360645294  7120870
0.0676140785217  7119639
0.0678279399872  7117875
0.0713920593262  7117777
0.0718021392822  7115862
0.0738201141357  7114235
0.0766479969025  7111930
0.0792629718781  7108767
0.0823340415955  7107152
0.0824749469757  7091955
0.0827689170837  7090510
0.083261013031  7086239
0.0833990573883  7040493
0.0863840579987  7036595
0.0865209102631  7035867
0.0897269248962  7033958
0.0898830890656  7024161
0.0933980941772  7022582
0.0938489437103  7021478
0.0941441059113  7020847
0.0949320793152  7004651
0.0950701236725  7003713
0.0952849388123  7003683
0.0955901145935  7002807
0.0960941314697  7002334
0.0966699123383  7001909
0.100281000137  6999840
0.100419998169  6998241
0.104203939438  6995352
0.10457611084  6993156
0.104713916779  6992064
0.105072021484  6991675
0.105493068695  6982781
0.105737924576  6978531
0.105894088745  6978431
0.109889030457  6978372
0.114481925964  6978345
0.115015029907  6968414
0.115230083466  6965273
0.119429111481  6963398
0.124490976334  6961813
0.124706983566  6959380
0.125001907349  6917915
0.125138998032  6917036
0.125769138336  6916277
0.12614107132  6915167
0.126277923584  6911164
0.126965999603  6902776
0.127259969711  6902537
0.127398014069  6900354
0.129063129425  6897207
0.130367994308  6896408
0.130625963211  6880050
0.131007909775  6868715
0.132086038589  6868478
0.133330106735  6868108
0.138252019882  6865794
0.138423919678  6862577
0.143537998199  6860883
0.143676042557  6860486
0.149476051331  6860247
0.149616003036  6841481
0.14998793602  6835899
0.155936956406  6834013
0.161446094513  6831721
0.16158413887  6831702
0.16179895401  6823416
0.167542934418  6822010
0.167680978775  6743469
0.173489093781  6742237
0.173632144928  6729395
0.179764032364  6727061
0.179924964905  6648086
0.187329053879  6645887
0.187469005585  6637610
0.188349962234  6630410
0.188812971115  6598086
0.189888954163  6595667
0.190181016922  6594874
0.19166302681  6576249
0.192034959793  6575732
0.193190097809  6574906
0.200187921524  6572603
0.200345039368  6505583
0.207422971725  6503252
0.207560062408  6496536
0.207853078842  6494367
0.215286970139  6492491
0.21542596817  6492156
0.222896099091  6491509
0.223345994949  6479368
0.231015920639  6477593
0.231231927872  6476106
0.231758117676  6475561
0.23189496994  6433069
0.232265949249  6432639
0.234066963196  6431567
0.235460042953  6431533
0.244755029678  6429497
0.2448990345  6429034
0.245115995407  6417756
0.249289035797  6416314
0.249427080154  6415809
0.249643087387  6413877
0.249779939651  6412891
0.252457141876  6412652
0.262768983841  6410330
0.262927055359  6409867
0.273268938065  6409738
0.27357006073  6409584
0.283402919769  6408896
0.293084144592  6406782
0.293221950531  6395201
0.303232908249  6393278
0.303529024124  6382539
0.313996076584  6380444
0.314291954041  6375879
0.3149061203  6355669
0.325464010239  6353928
0.325601100922  6353629
0.327333927155  6353144
0.328336954117  6352651
0.336236953735  6352110
0.336769104004  6346821
0.341143131256  6344639
0.34285402298  6343225
0.343148946762  6342314
0.344151973724  6338780
0.350498914719  6336233
0.361851930618  6334135
0.361989974976  6328214
0.362283945084  6324559
0.362421035767  6321402
0.36279296875  6304464
0.37156701088  6303181
0.371864080429  6301787
0.375488996506  6300987
0.379065036774  6300926
0.379203081131  6300140
0.379416942596  6290277
0.379945039749  6289561
0.3805539608  6281841
0.381947994232  6281623
0.382085084915  6278854
0.382535934448  6273127
0.382830142975  6271700
0.383203983307  6271015
0.38334107399  6255721
0.383952140808  6254936
0.385513067245  6254876
0.392462968826  6254175
0.393072128296  6253953
0.393288135529  6253607
0.393815994263  6252911
0.394470930099  6245362
0.399006128311  6245319
0.39914393425  6240363
0.399438142776  6221255
0.39988899231  6220707
0.400026082993  6209842
0.400241136551  6179310
0.400769948959  6173518
0.403136014938  6173150
0.405352115631  6172897
0.405735969543  6160898
0.406686067581  6160823
0.408045053482  6159714
0.408185958862  6088463
0.40970492363  6087682
0.421185016632  6087598
0.421323060989  6087568
0.421617984772  6084900
0.433018922806  6084877
0.444839954376  6084691
0.445056915283  6084285
0.446214914322  6083637
0.446352958679  6083294
0.447197914124  6082288
0.4598300457  6081521
0.459968090057  6057638
0.460341930389  6053202
0.460479021072  6053083
0.461084127426  6052884
0.473570108414  6051027
0.476557016373  6049842
0.479387998581  6046341
0.492897033691  6045520
0.493035078049  6042603
0.493330001831  6027251
0.494097948074  6019944
0.494313001633  5988419
0.494450092316  5986956
0.494822025299  5985653
0.495906114578  5985536
0.496042966843  5984736
0.50967502594  5983590
0.509813070297  5982229
0.523826122284  5981170
0.524909973145  5979379
0.525439977646  5974118
0.539433002472  5973826
0.539571046829  5966308
0.540260076523  5965953
0.5408680439  5965701
0.541084051132  5958250
0.541691064835  5957466
0.542455911636  5957153
0.542671918869  5955529
0.542809009552  5955255
0.543575048447  5955223
0.544505119324  5954584
0.557479143143  5953368
0.563987016678  5953192
0.564908981323  5952722
0.565046072006  5951784
0.570524930954  5951535
0.570740938187  5951380
0.570878982544  5950812
0.583784103394  5949167
0.597697973251  5948937
0.597837924957  5948831
0.598055124283  5922379
0.598427057266  5920397
0.599431991577  5920350
0.599570989609  5919792
0.613867998123  5918767
0.628463983536  5917757
0.628682136536  5911644
0.628997087479  5909492
0.629135131836  5873894
0.629981040955  5871839
0.63051199913  5870782
0.645031929016  5869107
0.66016793251  5868271
0.66056394577  5868206
0.660743951797  5864117
0.66095995903  5860356
0.661253929138  5859684
0.661627054214  5857720
0.662357091904  5856748
0.662647008896  5855438
0.677693128586  5854889
0.692707061768  5854587
0.707884073257  5853339
0.723164081573  5853316
0.723302125931  5851361
0.73845410347  5851120
0.753873109818  5849994
0.754503965378  5844868
0.755033016205  5842828
0.770359992981  5841582
0.785766124725  5840920
0.785982131958  5828376
0.801408052444  5827348
0.817739963531  5826270
0.817878007889  5824875
0.818172931671  5818767
0.819015979767  5817497
0.835293054581  5816285
0.851985931396  5815359
0.852123975754  5813948
0.852340936661  5812925
0.852635145187  5797912
0.853007078171  5786573
0.853534936905  5785836
0.870382070541  5785220
0.887355089188  5784927
0.88772892952  5775566
0.887866020203  5772214
0.904987096786  5770654
0.922539949417  5770572
0.92275595665  5769570
0.941791057587  5765951
0.96079993248  5762211
0.979799032211  5761365
0.998971939087  5757366
1.01841211319  5756398
1.0391061306  5755815
1.0581600666  5752209
1.07747507095  5751636
1.09930205345  5750572
1.11940908432  5723240
1.13943910599  5722879
1.15932798386  5707102
1.18001794815  5676458
1.20387291908  5673675
1.24417710304  5671652
1.28443813324  5671255
1.32136797905  5670844
1.34149503708  5670257
1.36243700981  5670022
1.40033602715  5669986
1.41957402229  5666574
1.46234893799  5666404
1.48142695427  5665529
1.51835298538  5664889
1.55605602264  5630572
1.59685301781  5628444
1.59699892998  5628285
1.61577105522  5628169
1.61646103859  5627825
1.6167550087  5626553
1.61692500114  5625117
1.61733412743  5589428
1.61747097969  5588848
1.61792206764  5587552
1.61805891991  5586691
1.61952710152  5584004
1.62013697624  5577685
1.620429039  5576308
1.6214299202  5573916
1.62156701088  5573289
1.62513494492  5573027
1.62742996216  5571526
1.6281979084  5571430
1.62904191017  5568664
1.64076900482  5568577
1.64169311523  5558252
1.6418299675  5556121
1.64457297325  5555293
1.64557504654  5554042
1.65723490715  5552300
1.67518091202  5552051
1.67539691925  5547156
1.67774891853  5546331
1.72139811516  5545866
1.7972650528  5464865
1.87237095833  5460596
1.94812011719  5445587
2.02437710762  5445088
2.09983110428  5372924
2.17484092712  5324193
2.25065898895  5318592
2.3263630867  5279708
2.40251111984  5274973
2.48242211342  5268799
2.55794095993  5263543
2.63476705551  5261721
2.71038603783  5243213
2.78628897667  5237633
2.86258006096  5236060
2.88149404526  5235914
2.90259099007  5235699
2.90475606918  5234949
2.90489292145  5228926
2.90663909912  5221302
2.90685510635  5215275
2.91020798683  5213707
2.91153097153  5213642
2.91292905807  5212816
2.93276810646  5212546
3.00768303871  5211631
3.08322095871  5144547
3.15853500366  5142457
3.23335909843  5090049
3.30880308151  5014106
3.38420796394  5013833
3.46432805061  5013651
3.48851799965  5013130
3.52672600746  5012519
3.61354708672  5012405
3.68931508064  5007472
3.76456904411  5001616
3.84021401405  4930827
3.91898298264  4922494
3.99441194534  4922324
4.0135269165  4922323
4.20387196541  4921793
4.39663004875  4921687
4.60407805443  4896630
4.80652093887  4895712
5.00901699066  4894886
5.21323108673  4892504
5.41987299919  4891330
5.62599396706  4888124
5.83179092407  4886679
6.03876304626  4886171
6.24251008034  4872307
6.44795608521  4872169
6.65616297722  4871332
6.86477899551  4868903
7.07448101044  4868332
7.28437304497  4867645
7.49232006073  4866676
7.66134405136  4866654
7.90364193916  4862697
8.07348012924  4862061
8.24348711967  4861722
8.47902011871  4860070
8.70606398582  4855222
8.7257130146  4855138
8.74480104446  4854719
8.76498293877  4854706
8.7843849659  4854459
9.00933408737  4847647
9.23589897156  4847261
9.45981311798  4846283
9.68501496315  4846253
9.92692804337  4845217
10.1919541359  4844815
10.4544100761  4844813
10.7153971195  4769868
10.9946789742  4768632
11.2713630199  4695934
11.5187120438  4695806
11.8013710976  4695175
12.1026399136  4693006
12.4194641113  4690953
12.7355051041  4690880
13.0528650284  4685073
13.3716261387  4681355
13.6848061085  4658579
14.0010669231  4657724
14.3149371147  4654708
14.639578104  4652229
14.9584109783  4583141
14.9784049988  4582394
14.9986960888  4582125
15.0184271336  4582031
15.0580220222  4582027
15.0961670876  4581993
15.1350679398  4581154
15.2121639252  4580999
15.287637949  4580842
15.4022879601  4580639
15.5722179413  4580037
15.7787270546  4579536
16.0242459774  4579369
16.2884449959  4577555
16.5122559071  4577303
16.7018120289  4577204
16.9086959362  4576714
17.2270710468  4554408
17.5410940647  4553497
17.8540771008  4553424
18.1683909893  4552528
18.4822311401  4547050
18.7974591255  4544420
19.1087501049  4540128
19.4270341396  4539516
19.7471110821  4538967
20.095678091  4536557
20.4635169506  4535967
20.8338780403  4535405
21.1995120049  4535400
21.5653610229  4533755
21.9387469292  4532484
22.3058519363  4531286
22.6759159565  4531225
23.0387871265  4530660
23.4026379585  4530558
23.7717480659  4528616
24.178374052  4528608
24.5726721287  4528379
24.9678099155  4521931
25.3690969944  4521886
25.7657220364  4515125
26.1614289284  4501068
26.5588870049  4500817
26.8704440594  4500045
27.1806869507  4499740
27.5785729885  4498789
28.0001349449  4498421
28.4046530724  4498366
28.8015940189  4483285
29.1997969151  4482964
29.5964999199  4474010
29.9928359985  4473270
30.3919301033  4473184
30.7902979851  4472230
31.2036149502  4471812
31.6245801449  4471264
32.045717001  4469203
32.4652569294  4468218
32.8867521286  4467487
33.3119220734  4466281
33.7356081009  4459437
34.2073991299  4457500
34.6718759537  4456614
35.1023490429  4452497
35.5250530243  4452335
35.9514291286  4449702
36.3859269619  4439432
36.8707439899  4437365
37.3768510818  4434743
37.8861329556  4412551
38.3181531429  4409982
38.738380909  4409077
39.1703190804  4406889
39.5903990269  4404137
40.0158150196  4404069
40.4371230602  4400895
40.8586730957  4384923
41.2789621353  4384828
41.7057020664  4383318
42.1312589645  4382157
42.555562973  4380739
43.0366940498  4379016
43.5369369984  4372491
43.5617380142  4372326
43.6014680862  4371508
43.645596981  4370429
43.6868190765  4369956
43.7080740929  4369730
43.7464630604  4369409
43.7686049938  4369323
43.8121330738  4368668
43.9448781013  4368099
44.22961092  4355613
44.3523790836  4353631
44.5526900291  4352988
44.7083809376  4352919
44.985820055  4351240
45.280354023  4301289
45.5673189163  4294049
45.8421969414  4293382
46.0966749191  4293217
46.343323946  4207113
46.5930321217  4204577
46.8561680317  4204480
47.1241519451  4204448
47.3887729645  4203930
47.6718370914  4201726
47.9914610386  4201294
48.2964351177  4199356
48.5917229652  4196050
48.5929601192  4195958
48.8905949593  4195294
49.1440999508  4195281
49.3843369484  4195034
49.8417749405  4194863
50.3216700554  4194754
