0.0375730991364  6903794
0.0382270812988  6890415
0.0394740104675  6869798
0.0399129390717  6847506
0.0404839515686  6847487
0.0406289100647  6764643
0.0407741069794  6634790
0.0409190654755  6627478
0.0410640239716  6607998
0.0413269996643  6601315
0.0414550304413  6595727
0.0415830612183  6580386
0.0417110919952  6537634
0.0418388843536  6526691
0.0420920848846  6521748
0.0422220230103  6511933
0.0425989627838  6494917
0.0428519248962  6491722
0.0431048870087  6491423
0.0434820652008  6487836
0.0436110496521  6485496
0.0437378883362  6477192
0.044116973877  6472682
0.0443689823151  6469732
0.0444979667664  6451998
0.044625043869  6403959
0.0448780059814  6384776
0.0461270809174  6339683
0.0462689399719  6331062
0.0468668937683  6325071
0.0474491119385  6320984
0.0486400127411  6308178
0.048896074295  6308143
0.0495278835297  6307822
0.0496559143066  6294650
0.0504109859467  6293719
0.0505399703979  6290987
0.0511689186096  6280396
0.0515480041504  6263571
0.05180311203  6248933
0.0519320964813  6240106
0.0528120994568  6235328
0.0536880493164  6224737
0.0539419651031  6220450
0.0544459819794  6207777
0.0549490451813  6180453
0.0559520721436  6152497
0.0563299655914  6146965
0.0564970970154  6138009
0.0572850704193  6137839
0.059070110321  6067302
0.0593678951263  6056960
0.0601069927216  6017870
0.0602540969849  6017320
0.0606760978699  6016462
0.0610558986664  5989879
0.0614359378815  5973634
0.0619440078735  5951372
0.0621979236603  5950938
0.0634660720825  5950357
0.065798997879  5894071
0.0659279823303  5893921
0.06618309021  5885127
0.0663120746613  5858089
0.0671908855438  5855417
0.0674450397491  5806638
0.0684480667114  5805054
0.0685770511627  5802168
0.0688309669495  5753426
0.0699601173401  5751520
0.0704638957977  5744479
0.0705931186676  5742655
0.0727469921112  5726004
0.0732810497284  5711597
0.0735499858856  5703105
0.0752079486847  5674458
0.0756499767303  5668491
0.075798034668  5667384
0.0766620635986  5641055
0.076807975769  5640724
0.0779459476471  5634379
0.0790801048279  5633990
0.0793349742889  5631375
0.0806410312653  5631166
0.0824680328369  5625786
0.0849781036377  5625046
0.0851221084595  5624742
0.0853819847107  5621882
0.085510969162  5582777
0.0865159034729  5572311
0.087769985199  5568890
0.0898590087891  5563841
0.0913679599762  5556834
0.0923779010773  5541709
0.0925080776215  5528969
0.0927619934082  5527911
0.0928909778595  5526462
0.0930199623108  5509515
0.0942709445953  5504709
0.0951499938965  5501564
0.095794916153  5501153
0.0963199138641  5498110
0.0971720218658  5484558
0.0981318950653  5481432
0.0987689495087  5474502
0.0995290279388  5441090
0.100040912628  5424548
0.101562023163  5424517
0.101691961288  5418052
0.102329015732  5416020
0.102583885193  5390450
0.102713108063  5388993
0.103096961975  5318667
0.103478908539  5315198
0.103734016418  5254099
0.104388952255  5248780
0.10565495491  5237626
0.106198072433  5237011
0.107095956802  5232776
0.107353925705  5225290
0.107757091522  5224882
0.10803103447  5217954
0.109237909317  5214481
0.109509944916  5145974
0.110318899155  5139973
0.112180948257  5137256
0.11324095726  5135568
0.113399982452  5122472
0.113795995712  5109583
0.113935947418  5108209
0.114213943481  5105182
0.11435508728  5104799
0.11484003067  5102459
0.115263938904  5097754
0.115781068802  5095218
0.1162109375  5049401
0.116666078568  5047446
0.117027044296  5044683
0.117196083069  5022997
0.117851018906  5021209
0.118624925613  5014446
0.119537115097  5014356
0.120825052261  5006826
0.12108707428  4936538
0.121218919754  4935973
0.123883962631  4928768
0.124146938324  4922272
0.124664068222  4910969
0.124794960022  4888430
0.12505197525  4885449
0.126457929611  4885085
0.127861022949  4883119
0.129010915756  4879108
0.130213022232  4869467
0.131458997726  4865906
0.133380889893  4848604
0.134655952454  4848193
0.135550022125  4841292
0.136200904846  4833431
0.136840105057  4819723
0.138909101486  4812833
0.1394739151  4811774
0.139616966248  4811614
0.139756917953  4759467
0.141967058182  4755815
0.143372058868  4752679
0.143502950668  4729555
0.146236896515  4723611
0.146917104721  4717560
0.147422075272  4676870
0.148288965225  4668973
0.148721933365  4666681
0.148864984512  4562825
0.149631977081  4503519
0.150398015976  4477772
0.151179075241  4467561
0.151699066162  4412378
0.151832103729  4392871
0.154840946198  4383915
0.156322956085  4374555
0.156476020813  4363670
0.157385110855  4359364
0.158793926239  4358205
0.160202026367  4354040
0.16045999527  4351063
0.160718917847  4340956
0.161868095398  4329969
0.162255048752  4329276
0.163419008255  4309981
0.166142940521  4307899
0.167433977127  4306865
0.167961120605  4306768
0.171447992325  4296735
0.172991991043  4295802
0.174873113632  4255602
0.175546884537  4242776
0.176698923111  4234185
0.176959037781  4220990
0.17785692215  4220307
0.179342985153  4217389
0.179871082306  4208288
0.180166959763  4207077
0.181866884232  4204013
0.182277917862  4199103
0.182821035385  4153385
0.182960033417  4153230
0.184324026108  4152235
0.186865091324  4118985
0.187642097473  4077531
0.18803191185  4072978
0.188290119171  4072576
0.191653966904  4070712
0.192296028137  4066672
0.195102930069  4063243
0.195872068405  4055265
0.203352928162  4053440
0.20577788353  4051503
0.206804990768  3994334
0.207068920135  3973719
0.207456111908  3968613
0.208096027374  3912082
0.209503889084  3902171
0.212307929993  3897169
0.214534044266  3897028
0.215948104858  3893329
0.216689109802  3891741
0.218286991119  3818884
0.218835115433  3800409
0.219778060913  3798715
0.222523927689  3798565
0.222951889038  3792557
0.223597049713  3784341
0.223728895187  3782658
0.223988056183  3782081
0.229089975357  3777329
0.22934794426  3774513
0.229731082916  3773095
0.233050107956  3755910
0.233645915985  3751846
0.233793020248  3726039
0.236038923264  3715495
0.238852024078  3715378
0.240348100662  3694769
0.242254972458  3694644
0.242530107498  3691665
0.24320602417  3691479
0.244929075241  3689444
0.245572090149  3689325
0.248637914658  3642196
0.249154090881  3627385
0.250052928925  3615616
0.25031208992  3604579
0.251460075378  3604294
0.258369922638  3601396
0.259196996689  3600361
0.261042118073  3600110
0.262073040009  3583242
0.262847900391  3583150
0.263636112213  3569563
0.265836954117  3559121
0.271127939224  3558422
0.271682977676  3557095
0.273571968079  3556218
0.27605009079  3552923
0.276871919632  3549835
0.278918981552  3537331
0.280304908752  3535092
0.282778978348  3530101
0.285095930099  3520996
0.28536605835  3517206
0.286879062653  3511863
0.288916110992  3506423
0.289215087891  3505255
0.291101932526  3501176
0.29176402092  3497741
0.292447090149  3495288
0.292586088181  3491914
0.29381608963  3476061
0.295680046082  3473754
0.2981300354  3463076
0.299607992172  3456883
0.30179309845  3453660
0.303458929062  3453122
0.30487203598  3451822
0.30614900589  3451114
0.307949066162  3443306
0.309617042542  3442289
0.310003042221  3440720
0.313473939896  3423410
0.313733100891  3421587
0.314246892929  3420446
0.314506053925  3419991
0.317068099976  3409980
0.319103956223  3405076
0.320251941681  3404812
0.322061061859  3399237
0.324127912521  3394527
0.324647903442  3391762
0.325165987015  3369998
0.326323986053  3367464
0.326711893082  3357243
0.333266973495  3355237
0.333904027939  3355000
0.335083007812  3352938
0.336123943329  3340278
0.338566064835  3340040
0.338824033737  3320360
0.339592933655  3316634
0.339982032776  3314005
0.341645956039  3291810
0.342422008514  3288199
0.344085931778  3274474
0.345746994019  3271448
0.347471952438  3270232
0.348047971725  3268794
0.348689079285  3248726
0.349721908569  3246448
0.353960990906  3245097
0.354862928391  3237353
0.355379104614  3232956
0.360482931137  3219206
0.362149000168  3215830
0.363445997238  3215133
0.363578081131  3207386
0.374975919724  3204935
0.375241041183  3204073
0.376140117645  3203313
0.377435922623  3198118
0.377825975418  3130235
0.380733013153  3129815
0.383797883987  3128996
0.386013031006  3128842
0.387809038162  3122664
0.394876003265  3104613
0.398490905762  3097786
0.398622989655  3095803
0.398883104324  3093670
0.400294065475  3082976
0.401829004288  3076974
0.40696310997  3072877
0.408843994141  3064613
0.410398960114  3059128
0.410531997681  3050049
0.412969112396  3049930
0.413837909698  3047810
0.414515018463  3029521
0.415965080261  3022755
0.418554067612  3022271
0.419584035873  3021115
0.42157292366  2963077
0.4311439991  2962553
0.437077045441  2961938
0.439414024353  2961516
0.441807985306  2950719
0.441947937012  2945758
0.44504404068  2942878
0.445702075958  2933968
0.44629406929  2932680
0.447851896286  2928669
0.447988986969  2926131
0.450313091278  2923533
0.451215982437  2920143
0.451987028122  2919898
0.452373027802  2914061
0.457408905029  2890523
0.457806110382  2890230
0.460287094116  2889747
0.461698055267  2885525
0.464793920517  2884969
0.466202020645  2878877
0.471441030502  2877473
0.471961021423  2873825
0.474777936935  2873150
0.47772693634  2860531
0.477869033813  2859949
0.487951993942  2850711
0.492042064667  2849367
0.492960929871  2843772
0.49374294281  2842228
0.494007110596  2839911
0.499728918076  2833040
0.511723041534  2832541
0.518179893494  2831398
0.52122592926  2828984
0.525480985641  2828722
0.531905889511  2825571
0.535320043564  2791643
0.537401914597  2790167
0.537795066833  2789804
0.546566963196  2784417
0.548952102661  2780219
0.550395011902  2777054
0.552565097809  2775989
0.554198026657  2728216
0.55747795105  2727314
0.559284925461  2724520
0.560313940048  2723836
0.566587924957  2722792
0.566852092743  2721841
0.572797060013  2718236
0.573714971542  2716562
0.576953887939  2709227
0.579384088516  2667298
0.580027103424  2666387
0.583516120911  2662469
0.585432052612  2659022
0.594568967819  2658579
0.595649003983  2653172
0.597038030624  2648828
0.601113080978  2648500
0.601907968521  2643776
0.603996992111  2643113
0.604392051697  2635542
0.604656934738  2614939
0.604921102524  2613147
0.609721899033  2612860
0.617296934128  2534839
0.619616031647  2532624
0.624614953995  2531647
0.626996994019  2531186
0.638406991959  2530324
0.638675928116  2530319
0.643831014633  2530059
0.645257949829  2526625
0.650933980942  2526357
0.651195049286  2524537
0.657170057297  2521372
0.708818912506  2515578
0.709089040756  2514144
0.710762023926  2509390
0.715874910355  2497514
0.721334934235  2491879
0.723140954971  2490793
0.724298000336  2465200
0.736620903015  2463159
0.738367080688  2462035
0.741060972214  2459586
0.741234064102  2454308
0.749946117401  2453761
0.766952037811  2443776
0.771730899811  2440810
0.783195018768  2430923
0.783979892731  2429260
0.784157991409  2428991
0.787828922272  2427826
0.806973934174  2422841
0.809287071228  2420616
0.815901041031  2419617
0.822345972061  2408137
0.826606035233  2408114
0.834687948227  2405991
0.836627960205  2400974
0.838310003281  2389618
0.840245962143  2385244
0.843285083771  2381719
0.866213083267  2367920
0.87299489975  2367837
0.882565021515  2366779
0.889743089676  2366084
0.895144939423  2363116
0.895662069321  2357606
0.896894931793  2357003
0.903345108032  2355243
0.910149097443  2322712
0.910928010941  2320734
0.918282032013  2319007
0.924171924591  2316977
0.92740893364  2316734
0.931679010391  2315271
0.936784982681  2314186
0.940632104874  2307632
0.94091296196  2307235
0.941958904266  2306544
0.947087049484  2305480
0.955034017563  2304047
0.963888883591  2302958
0.966887950897  2301295
0.970277070999  2296101
0.973828077316  2295967
0.974484920502  2293130
0.978616952896  2292927
0.981234073639  2286849
0.988151073456  2270619
1.00171399117  2270566
1.00225400925  2266592
1.00444889069  2261560
1.01496911049  2259381
1.02256608009  2256830
1.02270388603  2252197
1.02467107773  2251939
1.02626609802  2241086
1.03324103355  2240837
1.03445601463  2237369
1.03581809998  2236807
1.03655099869  2234862
1.0401930809  2232596
1.04391002655  2227955
1.04584288597  2227876
1.04883003235  2226697
1.05239701271  2226224
1.05919003487  2223238
1.06293702126  2222344
1.06346988678  2222033
1.06360507011  2220685
1.06454110146  2217107
1.06952190399  2216821
1.07637810707  2216629
1.07876300812  2216021
1.08065295219  2214520
1.08350896835  2207184
1.08872509003  2205180
1.09179091454  2185128
1.09743189812  2184697
1.10304999352  2182589
1.10332798958  2181131
1.10854101181  2177136
1.11847996712  2174131
1.12054204941  2167126
1.12433290482  2152502
1.12820196152  2151982
1.12989401817  2148523
1.13427710533  2146872
1.14112210274  2146605
1.15359306335  2144479
1.15864610672  2143998
1.16230392456  2143215
1.16308498383  2142934
1.16814088821  2141245
1.16840291023  2141053
1.16981601715  2139900
1.17265892029  2138308
1.17394709587  2132605
1.17420601845  2132116
1.1869969368  2131702
1.18971705437  2130175
1.19947099686  2124277
1.20076704025  2113551
1.20153903961  2113549
1.20403003693  2113191
1.20802402496  2111986
1.21447396278  2111906
1.22422003746  2111079
1.2372379303  2106898
1.25235104561  2105502
1.25869607925  2102430
1.26020789146  2102026
1.2671020031  2101777
1.28440499306  2101453
1.28663897514  2101310
1.28807401657  2100891
1.29847693443  2098402
1.3033850193  2093454
1.31804203987  2093241
1.32360506058  2092238
1.33795309067  2092228
1.33946108818  2090400
1.3455080986  2088852
1.34865808487  2087392
1.34944105148  2086498
1.35087108612  2085263
1.35665893555  2081997
1.36725211143  2077675
1.37637591362  2075494
1.37889194489  2072386
1.38087201118  2071507
1.38209605217  2067079
1.38827705383  2065924
1.39201593399  2065304
1.39549994469  2062823
1.3970849514  2062469
1.40550899506  2050929
1.41504788399  2049540
1.4223690033  2049521
1.42365789413  2049269
1.42744207382  2040731
1.47122907639  2040076
1.49989509583  2039376
1.50511097908  2038609
1.54661202431  2038595
1.55713105202  2038238
1.56051898003  2037043
1.57058811188  2036882
1.57252597809  2035169
1.58416295052  2032022
1.60070109367  2028830
1.60329604149  2028780
1.61022496223  2027945
1.61179900169  1982813
1.62376308441  1982552
1.62677311897  1981800
1.63999605179  1948083
1.64194393158  1946872
1.64458990097  1944364
1.65036702156  1941432
1.67466807365  1938370
1.67868089676  1938299
1.69442105293  1937920
1.70080590248  1932319
1.70213198662  1931099
1.70344305038  1931049
1.72420692444  1929042
1.72941303253  1924280
1.73143911362  1923946
1.73398208618  1923680
1.73541998863  1923604
1.74096298218  1922081
1.74301695824  1920862
1.74702310562  1920412
1.75709891319  1919820
1.75750899315  1918042
1.77544403076  1917806
1.7853679657  1917145
1.81050801277  1916464
1.81601309776  1914616
1.82087898254  1914475
1.82774305344  1914099
1.83816003799  1913264
1.84153103828  1911069
1.84878802299  1910908
1.86610007286  1897739
1.8799290657  1896908
1.89772105217  1882511
1.9093940258  1881981
1.9189760685  1880317
1.92624497414  1878966
1.9343559742  1876372
1.94457602501  1866968
1.95358991623  1866534
1.96497106552  1848278
1.98383688927  1848005
2.0105779171  1847802
2.01797509193  1846499
2.02762389183  1845037
2.03029704094  1844252
2.03101611137  1842794
2.032310009  1841470
2.06416797638  1830344
2.06810212135  1829061
2.06979990005  1827526
2.07033705711  1827419
2.09845900536  1827246
2.10043406487  1826789
2.10241699219  1826123
2.10702300072  1826049
2.13358998299  1824180
2.14052295685  1823739
2.14220309258  1822738
2.14485907555  1812226
2.15076398849  1809645
2.16271209717  1808357
2.1752281189  1806201
2.18844199181  1798470
2.19478011131  1796724
2.19651007652  1795620
2.2212638855  1795504
17.6752049923  1795372
17.6761739254  1795360
17.6775829792  1794134
17.7287180424  1793166
17.7313330173  1792572
17.7477190495  1789036
17.7678360939  1788976
17.7983469963  1787787
17.8117530346  1787495
17.8697719574  1786960
17.876283884  1786844
17.8821001053  1761454
17.8886220455  1753697
17.8893949986  1753440
17.9475269318  1752839
17.978828907  1752553
17.9838459492  1751871
18.0040891171  1750791
18.0155730247  1750384
18.0312719345  1750013
18.0873820782  1746853
18.1066479683  1746290
18.1742050648  1740113
18.1750469208  1740111
18.1842799187  1739268
67.4658849239  1738748
67.4833459854  1738624
67.4972081184  1738122
67.5013129711  1737586
67.5150470734  1736524
67.5215051174  1729423
67.5444459915  1728729
67.5847299099  1728691
67.5900070667  1722013
67.5951609612  1711659
67.5984740257  1710597
67.6277899742  1707709
67.6573610306  1706488
67.6836380959  1704198
67.7245810032  1704157
67.7254951  1703676
67.7319130898  1699002
67.7747280598  1698015
67.7766439915  1693659
67.7951250076  1693609
67.8111801147  1693278
67.8213660717  1692198
67.8247480392  1689888
67.8318929672  1686754
67.8463931084  1684951
67.8770201206  1684762
67.888051033  1681285
67.9098110199  1658657
67.9154129028  1658581
67.9158480167  1658110
67.9494481087  1656922
254.884648085  1656774
254.921010971  1654351
254.945827007  1654350
254.948348045  1654155
255.001602888  1652772
255.019237041  1651925
255.020169973  1651446
255.044325113  1650445
255.079634905  1649092
255.08464098  1648784
255.121500969  1648351
255.130208969  1646550
255.182869911  1645744
255.193422079  1645092
255.23746109  1644958
255.299362898  1643772
255.330840111  1641500
255.377043962  1641311
255.37746191  1639100
