0.0373060703278  6928472
0.0379309654236  6908838
0.0383319854736  6905484
0.0384700298309  6899441
0.0391240119934  6895625
0.039274930954  6889344
0.0407919883728  6886446
0.0409379005432  6885184
0.0411529541016  6882942
0.0415251255035  6876051
0.0418200492859  6869243
0.041955947876  6868642
0.0423259735107  6863930
0.0424630641937  6855017
0.0431480407715  6851798
0.0432839393616  6850988
0.043890953064  6850218
0.044261932373  6847391
0.0444769859314  6772029
0.0446140766144  6771119
0.0452980995178  6753944
0.0462141036987  6748610
0.0463531017303  6741391
0.046569108963  6739359
0.0469388961792  6667556
0.0471539497375  6659680
0.0488300323486  6637609
0.0491230487823  6633929
0.0517179965973  6633579
0.0518550872803  6627684
0.0524249076843  6620018
0.0525619983673  6609975
0.052855014801  6609500
0.0530700683594  6602049
0.0538320541382  6596827
0.0540471076965  6596821
0.0543389320374  6596013
0.0564389228821  6595088
0.0587830543518  6592346
0.0613551139832  6587314
0.0642619132996  6584730
0.0644769668579  6582269
0.0646140575409  6580327
0.0649070739746  6579509
0.0650429725647  6577728
0.0681710243225  6573841
0.0685429573059  6568434
0.0686800479889  6567603
0.0718839168549  6567567
0.0720989704132  6559786
0.0722351074219  6558293
0.0754640102386  6555139
0.0787699222565  6554271
0.0789070129395  6552701
0.0822329521179  6548197
0.0860760211945  6545065
0.0862131118774  6530719
0.0864300727844  6510885
0.0867230892181  6505530
0.0868589878082  6492531
0.0872299671173  6469714
0.0876789093018  6426583
0.0878930091858  6426106
0.0880289077759  6415418
0.0886359214783  6400812
0.0925810337067  6395527
0.0927169322968  6394934
0.0967988967896  6392435
0.0970139503479  6389745
0.0971500873566  6388576
0.0973649024963  6388435
0.097736120224  6385038
0.0985770225525  6375133
0.102226018906  6365178
0.102363109589  6361862
0.104774951935  6361597
0.107474088669  6361020
0.107610940933  6360139
0.107903003693  6358505
0.111741065979  6358291
0.11266207695  6347602
0.113815069199  6345950
0.114205121994  6341064
0.114342927933  6340666
0.115576028824  6339940
0.119101047516  6339286
0.11923789978  6335340
0.11952996254  6335164
0.121076107025  6334085
0.123174905777  6333064
0.127115011215  6330540
0.131115913391  6330271
0.131253004074  6325329
0.13525390625  6324988
0.13938999176  6324154
0.14355301857  6323640
0.143691062927  6321066
0.148013114929  6319442
0.148149967194  6319239
0.149854898453  6312640
0.149991989136  6304300
0.15044093132  6303185
0.150969982147  6302517
0.151910066605  6298038
0.153007030487  6297914
0.153221130371  6284226
0.154295921326  6282193
0.155687093735  6282051
0.155978918076  6281669
0.157395124435  6279860
0.158940076828  6276084
0.163660049438  6272370
0.164109945297  6271656
0.168941020966  6271387
0.169079065323  6269548
0.173545122147  6268086
0.174228906631  6252424
0.17701792717  6251661
0.179672956467  6251065
0.18145608902  6250008
0.181592941284  6195581
0.182846069336  6192351
0.18337392807  6190609
0.183744907379  6182181
0.184427976608  6148623
0.184565067291  6140958
0.189386129379  6121634
0.189759016037  6120979
0.190208911896  6119985
0.195194959641  6116929
0.195567131042  6111243
0.195703983307  6111085
0.19591999054  6104464
0.200896978378  6103482
0.206094026566  6103355
0.206232070923  6097963
0.206449985504  6095645
0.207607030869  6082722
0.207744121552  6080606
0.208271980286  6062811
0.208899021149  6058077
0.209036111832  6056610
0.20995593071  6026035
0.215177059174  6006760
0.2211830616  6005425
0.221321105957  6000970
0.221848011017  6000541
0.222455978394  5999626
0.223139047623  5997274
0.229322910309  5997215
0.229460000992  5997052
0.22967505455  5996149
0.236076116562  5993746
0.236212015152  5992739
0.236428022385  5992689
0.236721038818  5981762
0.244201898575  5979706
0.244338989258  5977620
0.245023012161  5975725
0.245160102844  5968996
0.245374917984  5964770
0.245667934418  5953481
0.246117115021  5949103
0.246253967285  5944781
0.246547937393  5924868
0.246685028076  5921778
0.250061988831  5908926
0.25177693367  5907758
0.253876924515  5907088
0.256242036819  5906897
0.263885974884  5905063
0.264101028442  5901144
0.271959066391  5898277
0.272174119949  5897403
0.272310972214  5891983
0.272603988647  5889815
0.280618906021  5886824
0.280755996704  5855553
0.290436029434  5855088
0.290571928024  5847831
0.290865898132  5833715
0.29147195816  5831504
0.291609048843  5830015
0.291824102402  5818074
0.292194128036  5811425
0.296999931335  5794741
0.297137975693  5794720
0.297821998596  5790471
0.307651996613  5789496
0.307867050171  5788926
0.317713022232  5788834
0.317850112915  5787361
0.328458070755  5786481
0.328751087189  5781627
0.329122066498  5733332
0.329258918762  5731890
0.329787015915  5726691
0.330392122269  5703660
0.331234931946  5703094
0.331371068954  5689274
0.341965913773  5688139
0.352637052536  5687401
0.3527739048  5679987
0.363608121872  5677402
0.363745927811  5674574
0.36403799057  5673734
0.364174127579  5672433
0.375134944916  5671733
0.375272035599  5661156
0.387428045273  5658940
0.38768696785  5616390
0.387980937958  5609753
0.388430118561  5601644
0.388566970825  5594607
0.388782024384  5590524
0.388919115067  5589715
0.389524936676  5587211
0.390522003174  5584664
0.402617931366  5582337
0.414649009705  5582223
0.414865016937  5574658
0.415158033371  5570959
0.41560792923  5568395
0.415822029114  5562670
0.416743040085  5557733
0.417737960815  5555534
0.418891906738  5551147
0.419028043747  5549924
0.432130098343  5549592
0.433208942413  5545367
0.446300029755  5543567
0.459573984146  5540804
0.459789037704  5538675
0.474115133286  5537874
0.474261045456  5535741
0.474563121796  5534873
0.488928079605  5534507
0.489068031311  5533365
0.489283084869  5532253
0.489654064178  5529525
0.503515958786  5526971
0.517623901367  5523494
0.517761945724  5515102
0.518075942993  5510180
0.534745931625  5510026
0.535116910934  5502615
0.535254001617  5502612
0.535702943802  5502602
0.536466121674  5502535
0.536602973938  5441619
0.537364959717  5439392
0.53836107254  5433632
0.540349006653  5433401
0.540486097336  5429092
0.541090965271  5418670
0.541853904724  5414693
0.542695045471  5411499
0.542987108231  5395404
0.5435359478  5364290
0.54398393631  5362090
0.546001911163  5347425
0.548259973526  5346993
0.548630952835  5336065
0.548767089844  5335756
0.548981904984  5331990
0.549273967743  5330888
0.549489021301  5320420
0.554364919662  5320392
0.554657936096  5319247
0.555107116699  5317718
0.555243015289  5316269
0.556180953979  5315616
0.556474924088  5313404
0.556612014771  5241735
0.557531118393  5233339
0.558526039124  5231908
0.559602022171  5228077
0.559817075729  5227492
0.561996936798  5221411
0.56449007988  5221140
0.567141056061  5220309
0.583863973618  5218944
0.584001064301  5215587
0.60134601593  5212805
0.601483106613  5206035
0.602010011673  5205655
0.602302074432  5202186
0.602438926697  5194574
0.603749990463  5193223
0.603965044022  5192676
0.604100942612  5192368
0.604866027832  5192058
0.62330198288  5190378
0.623440027237  5186307
0.623654127121  5186187
0.623790025711  5184385
0.62408208847  5181402
0.624922037125  5173315
0.625449895859  5170534
0.626212120056  5168613
0.626504898071  5159789
0.627424001694  5141181
0.627559900284  5135373
0.629029035568  5133383
0.629164934158  5131005
0.629612922668  5129971
0.648797035217  5128497
0.669271945953  5128269
0.688487052917  5128008
0.707617044449  5118337
0.727914094925  5116812
0.746853113174  5116343
0.765872001648  5096948
0.788667917252  5095468
0.808913946152  5090681
0.828793048859  5090146
0.848257064819  5088639
0.867192983627  5080870
0.886698961258  5079568
0.9065721035  5075439
0.926010131836  5073182
0.946185112  5065793
0.966892957687  5063339
0.985944986343  5061087
1.00547194481  5045623
1.02502894402  5042593
1.04540300369  5034467
1.0662560463  5031729
1.10382604599  5031594
1.12399506569  5018516
1.14316797256  5007426
1.16302990913  5003915
1.20141410828  5001900
1.23908805847  4990916
1.27684092522  4987436
1.31465101242  4983667
1.35270810127  4981072
1.39037299156  4979628
1.42832803726  4978053
1.46817994118  4972657
1.50805306435  4972402
1.56480312347  4952685
1.62134599686  4951638
1.67966604233  4947599
1.73814606667  4939860
1.79491496086  4919637
1.8514790535  4918283
1.91037797928  4918225
1.96903800964  4917848
2.02549409866  4899063
2.08207607269  4887195
2.1390941143  4883697
2.19593691826  4879181
2.2532889843  4868025
2.31091403961  4830682
2.36737012863  4829914
2.42385411263  4813045
2.48710012436  4811049
2.54718399048  4797622
2.61304211617  4797418
2.66990709305  4797246
2.7260890007  4790073
2.7851691246  4776328
2.84348607063  4752345
2.90447592735  4750429
2.97366094589  4749764
2.9998819828  4749215
3.01883506775  4741105
3.04565191269  4740223
3.0656940937  4738776
3.10358810425  4738394
3.14127898216  4738386
3.19224095345  4737294
3.24199390411  4736882
3.2814218998  4735078
3.32102298737  4733381
3.3588309288  4732602
3.39923810959  4727931
3.43847203255  4726463
3.48395490646  4725622
3.52800297737  4721992
3.56686401367  4699753
3.61308693886  4697825
3.61322712898  4696911
3.67012405396  4696480
3.72696590424  4695445
3.79159593582  4695287
3.79181408882  4693701
3.79932498932  4689852
3.81426501274  4689474
3.81519198418  4685585
3.81619906425  4683484
3.81728196144  4683272
3.81999802589  4682509
3.82013607025  4682238
3.82043004036  4682011
3.82776808739  4679590
3.86836099625  4557081
3.92629504204  4555487
3.98324298859  4552189
4.0401160717  4543637
4.09828400612  4539402
4.15495204926  4538937
4.21328496933  4538892
4.27134609222  4538530
4.32936406136  4534857
4.38761401176  4532746
4.40837097168  4531926
4.42930006981  4530393
4.44836091995  4528717
4.48651504517  4527873
4.56359601021  4527511
4.64066195488  4526770
4.72333812714  4524389
4.8362429142  4523043
4.99696493149  4522758
5.02793097496  4521762
5.03971910477  4521584
5.05140089989  4521271
5.05153894424  4521167
5.06306695938  4521014
5.06351900101  4519327
5.06619811058  4519260
5.07822990417  4514711
5.09351706505  4514243
5.09373402596  4513621
5.11253094673  4513571
5.11266899109  4512772
5.1135931015  4512699
5.11443901062  4512202
5.11538791656  4510688
5.13390803337  4509784
5.15259504318  4509755
5.17245292664  4509732
5.19224095345  4508588
5.22974801064  4508271
5.24877595901  4508233
5.26801609993  4502182
5.28707003593  4501485
5.30767202377  4500993
5.32837510109  4498527
5.36500906944  4498197
5.38406991959  4497989
5.40330791473  4497856
5.47926211357  4488316
5.49847507477  4488168
5.49876999855  4487940
5.57454609871  4461426
5.6503880024  4457141
5.72578406334  4455566
5.80147004128  4454732
5.87765002251  4451894
5.95361804962  4450290
5.95391392708  4450183
5.97313809395  4448956
6.04868292809  4407725
6.12597703934  4399896
6.20140600204  4398756
6.27707695961  4398099
6.35267806053  4397619
6.42850708961  4393341
6.50415205956  4393256
6.5797970295  4392939
6.65556001663  4392521
6.74194812775  4391711
6.8215470314  4389905
6.90876793861  4389788
6.98426604271  4336736
7.06048202515  4335404
7.13591194153  4255215
7.21191906929  4251653
7.28770112991  4225003
7.36333012581  4211951
7.43906712532  4204325
7.51531910896  4200807
7.59074091911  4200026
7.67304992676  4199157
7.76022195816  4198737
7.8440079689  4198126
7.92098593712  4197210
7.99901199341  4196073
8.07721805573  4195604
8.16426301003  4195568
8.25145697594  4192169
8.34123301506  4191135
8.43787908554  4187517
8.54636001587  4187452
8.65454792976  4186199
8.78174901009  4185510
8.91145396233  4184925
9.04358291626  4183742
9.15570497513  4182548
9.26828789711  4167317
9.3809709549  4166383
9.49343705177  4164541
9.63928890228  4164057
9.78402805328  4164007
9.93068194389  4163957
10.0638370514  4161486
10.2093389034  4160256
10.3401379585  4160189
10.4708471298  4080577
10.6016349792  4079980
10.7326719761  4079884
10.8655729294  4079323
11.0147759914  4078440
11.1640560627  4062093
11.3126380444  4061766
11.4617419243  4060870
11.6263151169  4060722
11.77470994  4060639
11.9400689602  4059613
12.1071588993  4059458
12.2558739185  4059001
12.4051809311  4058486
12.5546710491  4058431
12.703263998  4056275
12.8529689312  4044240
13.0018410683  4041562
13.1509430408  4039792
13.3033308983  4039180
13.4537761211  4034463
13.6022830009  4033773
13.755302906  4017027
13.9048290253  4016590
14.0575399399  4015751
14.2069380283  4014258
14.3618950844  4013265
14.5135350227  4013049
14.66852808  4012618
14.8180260658  4010731
14.969892025  4008917
15.1258790493  4008441
15.28977108  4007001
15.4543700218  4005573
15.6073970795  4005160
15.7754669189  4004701
15.9446959496  3947182
16.1127851009  3946569
16.280864954  3944888
16.4501791  3944247
16.6370289326  3943029
16.8241899014  3941039
17.0104980469  3938600
17.2142279148  3934367
17.4198698997  3934252
17.6325531006  3934160
17.8370320797  3928773
18.0432229042  3919572
18.2472000122  3918382
18.4518330097  3916671
18.6583619118  3914295
18.8655250072  3913452
19.0758259296  3911789
19.2815411091  3910133
19.4892570972  3908679
19.6947629452  3908521
19.9100971222  3908251
20.1155591011  3901140
20.1351640224  3899781
20.1548991203  3899777
20.180521965  3899019
20.1824450493  3898271
20.294656992  3898072
20.4438121319  3897217
20.6315460205  3895776
20.6323099136  3891101
20.632447958  3891092
20.63281703  3890535
20.6467239857  3890284
20.6470170021  3889543
20.6473889351  3886858
20.6541368961  3886012
20.6542749405  3885243
20.6657121181  3884441
20.6841130257  3884305
20.6844849586  3879657
20.6847000122  3878494
20.6910989285  3878406
20.6976070404  3878390
20.722878933  3873958
20.8899219036  3873827
21.0976800919  3873666
21.3005809784  3872364
21.51354599  3872300
21.7599270344  3872117
21.9667589664  3871796
22.193582058  3871374
22.5067899227  3869954
22.8215830326  3869739
23.1361260414  3868801
23.4470939636  3865885
23.7588529587  3865056
24.0705111027  3864319
24.2930691242  3864074
24.5505490303  3863617
24.8622639179  3861492
25.2077000141  3861200
25.5589969158  3859873
25.9329719543  3859731
26.3106849194  3859488
26.6761040688  3859178
27.0586709976  3858049
27.4370529652  3806441
27.5682690144  3806272
27.7037820816  3806260
27.8362679482  3806247
27.9694530964  3805385
28.1194519997  3804832
28.2696049213  3804758
28.4741630554  3804627
28.732227087  3804595
28.9974060059  3803247
29.2679641247  3803066
29.5264708996  3795405
29.7852399349  3794917
30.0431089401  3742207
30.198086977  3742198
30.3467829227  3742179
30.5501699448  3741524
30.6811299324  3740557
30.8127350807  3654953
31.038777113  3654500
31.2978310585  3653267
31.5571360588  3652822
31.9454081059  3652522
32.3502280712  3652439
32.7570209503  3651413
33.1571741104  3649147
33.5772929192  3648886
33.9993209839  3647965
34.4161789417  3647043
34.8364629745  3646897
35.2484219074  3645062
35.6787669659  3645026
36.1000170708  3644871
36.5184369087  3644376
36.9349689484  3631026
37.3531351089  3630110
37.775384903  3627291
38.1976280212  3626554
38.6126759052  3617285
38.7447679043  3617262
38.876899004  3617254
39.0095500946  3617241
39.1419889927  3616379
39.2922611237  3615826
39.4431459904  3615752
39.6480019093  3615538
39.9414839745  3615430
40.2403540611  3615324
40.4497489929  3614928
40.6543879509  3614475
40.9850671291  3593054
41.1725769043  3592538
41.4529969692  3592524
41.7295229435  3592219
42.0584290028  3589863
42.2811660767  3589797
42.5035309792  3589277
42.7965159416  3588926
43.1403179169  3588424
43.4693799019  3585637
43.6916949749  3584690
43.9142179489  3584409
44.189770937  3584067
44.4835829735  3583902
44.7589879036  3583449
45.1047270298  3582416
45.5273211002  3582286
45.9502220154  3580796
46.3065268993  3579709
46.6776309013  3579476
47.0477509499  3578491
47.4539580345  3578383
47.8320190907  3577844
48.1710419655  3577669
48.5095870495  3566265
48.8763599396  3565243
49.2164371014  3565163
49.5890181065  3564992
49.9377129078  3562439
50.2736930847  3559329
50.6209599972  3558619
50.9698650837  3557945
51.3183310032  3557334
51.6744930744  3555943
52.0515949726  3555770
52.4334249496  3555438
52.8005259037  3554279
53.2792210579  3554205
53.6199219227  3553843
54.0007250309  3553434
54.4729139805  3552862
54.9370830059  3552052
55.3350329399  3551753
55.7722849846  3551614
56.2052979469  3551564
56.6277589798  3551441
57.0585551262  3551311
57.4089889526  3551180
57.7422740459  3550212
58.1963610649  3549282
58.6484670639  3548010
58.9092159271  3546481
59.1735830307  3546221
59.4381730556  3546196
59.7204430103  3545858
60.0373680592  3545719
60.346517086  3544713
60.6726250648  3544448
61.0177299976  3543942
61.369134903  3543432
61.7160930634  3542468
62.0656590462  3542193
62.4235899448  3539946
62.7697410583  3538588
63.1164951324  3535311
63.4634370804  3534034
63.8115749359  3452485
64.1597929001  3451308
64.5107440948  3450041
64.8576629162  3355855
65.2029480934  3336764
65.5501909256  3329450
65.8966140747  3324704
66.243240118  3321899
66.5898859501  3320248
66.937789917  3255665
67.2850849628  3254784
67.6330718994  3253508
67.9800949097  3245506
68.3328089714  3245406
68.6812310219  3243233
69.0340280533  3192565
69.3812761307  3190618
69.7377150059  3190202
70.0844609737  3189699
70.396474123  3189615
70.6561079025  3189602
70.9182560444  3189168
71.2669649124  3189120
71.679527998  3187959
72.0959119797  3187687
72.5959260464  3159863
73.0956549644  3158090
73.5649969578  3157821
74.0661530495  3155768
74.5333359241  3155294
75.0367851257  3155003
75.5393691063  3153897
76.0610799789  3153576
76.6132159233  3152561
77.1143801212  3151557
77.6667509079  3146068
78.1672019958  3144994
78.717787981  3144915
78.9788730145  3144824
79.2362570763  3144165
79.736246109  3143573
80.2577719688  3143112
80.8099470139  3142650
81.3265531063  3142566
81.9585280418  3140723
82.6055459976  3140357
83.2517929077  3136800
83.9050199986  3121094
84.5688509941  3119760
85.2353980541  3117076
85.9045701027  3111273
86.5619800091  3109750
87.2251110077  3108007
87.8826959133  3072325
88.015460968  3072098
88.1458261013  3071942
88.2763020992  3071425
88.4083631039  3070590
88.5393531322  3069726
88.671407938  3069390
88.8038780689  3068280
89.0249531269  3067891
89.6876130104  3066885
90.1911079884  3065115
90.7035820484  3064277
91.2183179855  3064039
91.7486889362  3063594
92.3620560169  3062675
93.0253059864  3061383
93.6869459152  3059840
94.3481719494  3059751
95.02444911  3059254
95.7631700039  3058766
96.508357048  3058077
97.2550280094  3057752
98.0178480148  3054403
98.7757959366  3053068
99.5153260231  3052990
100.252533913  3035009
100.993597031  3032330
101.74656105  3031843
102.487103939  3031623
103.224447012  3025320
103.966411114  3024228
104.623558044  3024056
105.314577103  3023497
105.985321045  3022494
106.659291029  3022300
107.384865046  3020926
108.125620127  3020557
108.898684978  3018239
109.683480024  3017582
110.464457035  3017389
111.248749018  3016403
112.051774025  3016200
112.84792304  3010748
113.645698071  3010473
114.440871954  3010068
115.28076601  3009832
116.120944977  3005387
116.900983095  3004890
117.681339025  3004739
118.537243128  3002581
119.392095089  3001631
120.275653124  2987792
121.160542011  2985783
122.059197903  2917551
122.963386059  2910657
123.86716795  2868447
124.652749062  2868105
124.948131084  2867052
125.154666901  2867027
125.360908031  2866996
125.674221039  2865685
125.950100899  2865663
126.85145402  2841162
127.762634993  2841161
128.671868086  2793420
129.418952942  2791962
130.238455057  2787578
131.095052004  2784908
132.006042957  2725729
132.863941908  2723246
133.783416986  2694215
134.378432989  2694060
134.957531929  2693894
135.304902077  2693860
135.585146904  2693803
135.933053017  2693422
136.279901981  2693142
136.556562901  2692984
136.868046045  2692939
137.250365019  2692126
137.853998899  2691706
138.485393047  2691542
139.116818905  2690775
139.976763964  2690189
140.879101992  2689056
141.782942057  2688319
142.69246006  2687055
143.594968081  2686294
144.048167944  2685003
144.254287958  2684873
144.457727909  2684643
144.680241108  2684442
145.061219931  2684098
145.444427967  2683937
145.811860085  2683758
146.034945011  2683507
146.257108927  2683037
146.622093916  2682760
147.350917101  2682533
148.257730007  2661716
148.888857126  2659337
149.25623107  2659270
149.622481108  2658966
149.987210989  2658830
150.35051012  2658347
150.73144412  2657852
151.133564949  2657762
151.550184011  2657428
151.965481997  2656830
152.381278038  2656548
153.206180096  2655707
154.066610098  2655125
154.969114065  2655090
155.865464926  2646420
156.769728899  2644749
157.673337936  2644283
158.588917017  2643470
159.492497921  2643140
160.39647913  2640706
161.297533989  2640704
162.201200962  2640259
163.119008064  2639979
164.051796913  2638639
164.988394022  2638266
165.920336008  2638216
166.855104923  2637118
167.802222967  2636674
168.777882099  2636453
169.759678125  2635109
170.736414909  2634196
171.725441933  2633406
172.724220991  2633091
173.71441102  2626742
174.70549798  2626319
175.702172995  2626310
176.707231045  2625663
177.733161926  2624052
178.781877995  2623388
179.833710909  2621421
180.890254974  2620460
181.938823938  2619366
182.977440119  2617824
184.031109095  2617560
185.07269001  2617244
186.123472929  2615577
187.187355042  2615402
188.242780924  2614499
189.311087132  2613982
190.350955009  2613541
191.416054964  2613146
192.469988108  2611608
193.525126934  2611497
194.591825962  2610335
195.648735046  2582912
196.698952913  2582647
197.759658098  2582068
198.829440117  2580244
199.902723074  2576720
200.964798927  2562293
202.03657198  2544475
203.112205982  2541334
204.186522961  2539909
205.25948596  2535791
206.308365107  2535764
207.391499043  2535183
208.436399937  2534607
209.526475906  2534517
210.609390974  2494582
211.707917929  2494395
212.810452938  2493013
213.927320004  2477829
215.106105089  2468256
216.286010027  2467157
217.436162949  2466514
218.569523096  2454686
219.705060005  2453872
220.815980911  2452505
221.935619116  2452378
223.059978962  2452144
224.13171792  2451760
225.209027052  2409671
226.276504993  2409154
227.346913099  2399209
228.410691977  2397858
229.474251986  2380427
230.537262917  2378291
231.601835012  2377462
232.687726974  2377058
233.777643919  2375394
234.866343975  2371332
235.950583935  2366851
237.026881933  2366813
238.110482931  2365311
239.194373131  2364374
240.284594059  2363616
241.370785952  2363200
242.455809116  2362823
243.536467075  2359468
244.625485897  2351116
245.711363077  2349403
246.793458939  2322915
247.887345076  2322534
248.97626996  2320166
250.063380003  2319740
251.146095991  2318212
252.251454115  2317381
253.364704132  2317362
254.488749027  2316033
255.618330956  2308962
256.761162996  2306916
257.865937948  2306476
258.997528076  2306068
260.100640059  2304723
261.254993916  2301564
262.409827948  2299422
263.56922102  2298584
264.719918966  2297433
265.878242016  2295170
267.031111002  2294264
268.186371088  2293180
269.363945961  2288598
270.542835951  2287696
271.716170073  2285229
272.894283056  2283496
274.074752092  2281565
275.250008106  2277757
276.426001072  2267411
277.609980106  2265757
278.79152298  2265117
279.969432116  2254731
281.149542093  2250476
282.328350067  2250379
283.502990961  2248705
284.674608946  2247141
285.84878397  2244976
287.023507118  2243831
288.194679022  2243132
289.364772081  2242827
290.538305998  2240613
291.708074093  2237439
292.874263048  2237342
294.040000916  2236376
295.215016127  2228857
296.401376963  2221759
297.624988079  2218812
298.852355003  2217822
300.080495119  2216043
301.30190897  2214510
302.529257059  2214112
303.751416922  2213221
304.97863698  2212892
306.205313921  2183884
307.493048906  2183788
308.816327095  2183647
310.11217308  2182632
311.401840925  2182032
312.706099987  2180766
314.01335001  2180427
315.319108963  2179796
316.622373104  2179598
317.922430038  2178476
319.237519026  2177687
320.643795013  2176032
322.051110983  2175420
323.462929964  2174356
324.892950058  2164149
326.356662989  2129452
327.825385094  2104675
329.289420128  2103934
330.754276037  2103279
332.221252918  2095615
333.68749094  2091082
335.157768965  2089724
336.625345945  2088986
338.10513401  2086729
339.562429905  2085919
341.020322084  2085773
342.477615118  2082456
343.943390131  2069417
345.400857925  2067356
346.856298923  2062736
348.313693047  2062343
349.770301104  2061358
351.242831945  2053709
352.713948011  2053414
354.171695948  2032210
355.62729907  2002664
357.112606049  1997382
358.606185913  1996030
360.108741045  1994377
361.611834049  1993184
363.116018057  1992911
364.616878033  1991706
366.122718096  1989252
367.626718044  1988114
369.12587595  1987202
370.628336906  1987063
372.125766993  1986737
373.63102603  1985161
375.132673979  1983982
376.645016909  1982326
378.178977013  1980232
379.71182394  1980022
381.246279955  1978468
382.818044901  1976870
384.390130043  1976675
385.956773996  1968276
387.49603796  1967338
389.039303064  1966329
390.611422062  1964872
392.187758923  1958854
393.761116028  1945880
395.331171036  1941690
396.916757107  1932710
398.493021965  1931104
400.091311932  1930780
401.680673122  1928721
403.267646074  1928603
404.864466906  1928519
406.450525999  1927893
408.038187027  1925688
409.622508049  1921448
410.792493105  1921401
411.961751938  1911450
413.127092123  1909978
414.305514097  1907296
415.496835947  1904757
416.700222969  1903180
417.915693998  1901836
419.50168705  1901537
421.098138094  1899718
422.720453978  1899030
424.399812937  1898166
426.07644701  1896315
427.754909039  1895062
429.459404945  1894874
431.163784027  1894415
432.866777897  1894156
434.567095995  1893622
436.285608053  1890934
438.004286051  1889702
439.672174931  1888582
441.260993004  1888192
442.845794916  1886700
444.518621922  1886697
446.197046041  1886632
447.871491909  1881053
449.610857964  1879217
451.353275061  1878921
453.101871014  1870759
454.850184917  1868341
455.982057095  1868066
457.069896936  1867579
458.170799971  1867345
459.259052038  1867158
460.390806913  1865902
461.492439985  1865436
462.626298904  1864052
464.396053076  1862588
466.160624981  1840351
467.924075127  1840074
469.687479973  1832296
471.474056005  1823838
473.267414093  1823770
475.034260988  1823499
476.797328949  1823465
478.541744947  1823336
480.318533897  1820260
482.108819008  1795200
483.935106993  1792345
485.758927107  1761293
487.588481903  1760126
489.40892601  1745644
491.223155975  1744982
493.036077023  1742321
494.857481003  1738428
496.686054945  1736228
498.508682966  1724110
500.325962067  1712759
500.911643982  1711419
501.117497921  1710999
501.321310043  1710693
501.751213074  1710661
502.181029081  1710164
502.610652924  1708907
503.193418026  1708326
503.776912928  1708254
504.376003027  1708185
504.96361804  1707447
505.55467391  1706894
506.201071024  1706433
506.846822977  1705724
507.477394104  1704602
508.115787983  1703934
508.936710119  1698372
509.79837513  1696535
510.66187191  1695627
511.403312922  1693586
512.142599106  1693449
512.889754057  1693210
513.645574093  1692412
514.512249947  1692173
515.437731981  1690677
516.361645937  1670120
517.254307032  1669129
518.174362898  1599970
519.065553904  1596664
519.988078117  1578857
520.877943993  1578802
521.80062604  1578134
522.7183249  1527825
523.630589008  1520423
524.585176945  1514751
525.543654919  1506619
526.509541988  1492542
527.46923995  1444131
528.445307016  1432427
529.417949915  1426306
530.307593107  1424677
531.091044903  1423178
531.890620947  1421866
532.769800901  1418776
533.752727985  1414844
534.743056059  1414520
535.740161896  1405374
536.731369972  1404343
537.762005091  1402121
538.748224974  1385364
539.728688955  1380892
540.750507116  1380380
541.775614977  1379967
542.797914982  1374585
543.814208031  1362315
544.838490009  1359699
545.865905046  1354292
546.908963919  1351779
547.967134953  1343931
549.009511948  1340503
550.061690092  1338670
551.112392902  1318991
552.15162611  1318460
553.196228981  1311388
554.269778013  1311018
555.32793498  1290095
556.381881952  1289727
557.441527128  1287885
558.497117043  1278004
559.561547041  1262704
560.623363972  1257530
561.73841095  1249007
562.853194952  1242423
563.965589046  1236936
564.981168985  1234929
566.003739119  1234443
567.025229931  1231630
568.19074297  1188296
569.224528074  1182182
570.244632006  1179106
571.31765604  1175878
572.489103079  1173620
573.69857192  1171217
574.904817104  1160468
576.108952999  1160043
577.323297977  1159996
578.532831907  1154587
579.753247023  1154018
580.974973917  1117870
582.218111992  1115405
583.488697052  1084838
584.557044029  1084149
585.391521931  1083282
586.182575941  1081016
587.143201113  1072769
588.372827053  1069775
589.607183933  1065860
590.886265993  1064357
592.157366991  1048954
593.44156003  1014486
594.75476408  959280
596.072236061  957399
597.383827925  955567
598.695239067  955533
600.015156031  942643
