0.0461540222168  6928472
0.0465450286865  6908838
0.0470061302185  6905484
0.0471720695496  6899441
0.0478720664978  6895625
0.0480220317841  6889344
0.0495851039886  6886446
0.0497500896454  6885184
0.0499930381775  6882942
0.0504150390625  6876051
0.0507550239563  6869243
0.0509099960327  6868642
0.0514340400696  6863930
0.051607131958  6855017
0.0523979663849  6851798
0.0525579452515  6850988
0.0532560348511  6850218
0.0538151264191  6847391
0.0541620254517  6772029
0.0543410778046  6771119
0.0551209449768  6753944
0.0564041137695  6748610
0.0566239356995  6741391
0.0569491386414  6739359
0.057452917099  6667556
0.0577790737152  6659680
0.059886932373  6637609
0.0602490901947  6633929
0.0635209083557  6633579
0.0636630058289  6627684
0.0642049312592  6620018
0.0643470287323  6609975
0.0646469593048  6609500
0.0648679733276  6602049
0.0656549930573  6596827
0.0658991336823  6596821
0.0662000179291  6596013
0.0686709880829  6595088
0.0719940662384  6592346
0.0748801231384  6587314
0.0780220031738  6584730
0.0782430171967  6582269
0.0783839225769  6580327
0.0786850452423  6579509
0.0788259506226  6577728
0.0820379257202  6573841
0.0824210643768  6568434
0.082582950592  6567603
0.0860979557037  6567567
0.0863220691681  6559786
0.0864639282227  6558293
0.0917611122131  6555139
0.0966730117798  6554271
0.0968599319458  6552701
0.100860118866  6548197
0.105143070221  6545065
0.105298995972  6530719
0.105540990829  6510885
0.105870962143  6505530
0.106024026871  6492531
0.106403112411  6469714
0.10684800148  6426583
0.107060909271  6426106
0.10719704628  6415418
0.107799053192  6400812
0.111953020096  6395527
0.112088918686  6394934
0.116199016571  6392435
0.116445064545  6389745
0.116600036621  6388576
0.116842031479  6388435
0.117262125015  6385038
0.118298053741  6375133
0.122173070908  6365178
0.122309923172  6361862
0.124704122543  6361597
0.127635955811  6361020
0.127772092819  6360139
0.128062963486  6358505
0.131933927536  6358291
0.132889986038  6347602
0.134206056595  6345950
0.134629011154  6341064
0.134791135788  6340666
0.136320114136  6339940
0.141140937805  6339286
0.141324996948  6335340
0.14179110527  6335164
0.144186973572  6334085
0.147143125534  6333064
0.151981115341  6330540
0.156330108643  6330271
0.156472921371  6325329
0.161492109299  6324988
0.166549921036  6324154
0.172186136246  6323640
0.172373056412  6321066
0.17736697197  6319442
0.177521944046  6319239
0.179286003113  6312640
0.179428100586  6304300
0.179889917374  6303185
0.180433034897  6302517
0.181375980377  6298038
0.182478904724  6297914
0.18310213089  6284226
0.185070991516  6282193
0.186888933182  6282051
0.187254905701  6281669
0.189090013504  6279860
0.191262960434  6276084
0.200128078461  6272370
0.200882911682  6271656
0.207624912262  6271387
0.207778930664  6269548
0.212683916092  6268086
0.213416099548  6252424
0.216418027878  6251661
0.219675064087  6251065
0.222763061523  6250008
0.223012924194  6195581
0.225197076797  6192351
0.22585105896  6190609
0.22625207901  6182181
0.226974964142  6148623
0.227134943008  6140958
0.232405900955  6121634
0.232818126678  6120979
0.23347401619  6119985
0.239259958267  6116929
0.239654064178  6111243
0.239797115326  6111085
0.240019083023  6104464
0.245551109314  6103482
0.25301194191  6103355
0.253340005875  6097963
0.253859996796  6095645
0.255594968796  6082722
0.255862951279  6080606
0.256930112839  6062811
0.258057117462  6058077
0.258218050003  6056610
0.259194135666  6026035
0.266587972641  6006760
0.27321100235  6005425
0.273365974426  6000970
0.273925065994  6000541
0.274703979492  5999626
0.275535106659  5997274
0.282557010651  5997215
0.282723903656  5997052
0.283020019531  5996149
0.289884090424  5993746
0.290033102036  5992739
0.29038310051  5992689
0.290729999542  5981762
0.298948049545  5979706
0.29910492897  5977620
0.299848079681  5975725
0.299998044968  5968996
0.300226926804  5964770
0.300537109375  5953481
0.301017045975  5949103
0.301163911819  5944781
0.301475048065  5924868
0.301620960236  5921778
0.305227994919  5908926
0.307348012924  5907758
0.309591054916  5907088
0.312092065811  5906897
0.320497989655  5905063
0.320730924606  5901144
0.329314947128  5898277
0.329546928406  5897403
0.329689025879  5891983
0.329989910126  5889815
0.338670969009  5886824
0.338824033737  5855553
0.349426984787  5855088
0.349584102631  5847831
0.349896907806  5833715
0.350541114807  5831504
0.350686073303  5830015
0.350914001465  5818074
0.351306915283  5811425
0.357367992401  5794741
0.357651948929  5794720
0.359012126923  5790471
0.372055053711  5789496
0.372277021408  5788926
0.384877920151  5788834
0.385100126266  5787361
0.39780497551  5786481
0.398111104965  5781627
0.398494005203  5733332
0.398634910583  5731890
0.39919090271  5726691
0.399883031845  5703660
0.400723934174  5703094
0.400861024857  5689274
0.411528110504  5688139
0.422245025635  5687401
0.422382116318  5679987
0.43323302269  5677402
0.433370113373  5674574
0.433664083481  5673734
0.433799982071  5672433
0.444786071777  5671733
0.444922924042  5661156
0.457153081894  5658940
0.457370042801  5616390
0.457663059235  5609753
0.458111047745  5601644
0.458249092102  5594607
0.458462953568  5590524
0.45860004425  5589715
0.459208011627  5587211
0.460207939148  5584664
0.472674131393  5582337
0.485048055649  5582223
0.485264062881  5574658
0.485557079315  5570959
0.4860060215  5568395
0.486222028732  5562670
0.487142086029  5557733
0.488137960434  5555534
0.48934006691  5551147
0.489476919174  5549924
0.505597114563  5549592
0.507215976715  5545367
0.521605968475  5543567
0.534817934036  5540804
0.53503203392  5538675
0.548521995544  5537874
0.548659086227  5535741
0.548949956894  5534873
0.562758922577  5534507
0.56289601326  5533365
0.563110113144  5532253
0.56347990036  5529525
0.578897953033  5526971
0.594128131866  5523494
0.594279050827  5515102
0.594581127167  5510180
0.611756086349  5510026
0.612127065659  5502615
0.612263917923  5502612
0.612709999084  5502602
0.613471031189  5502535
0.613609075546  5441619
0.614371061325  5439392
0.615365028381  5433632
0.61736702919  5433401
0.61750292778  5429092
0.618108034134  5418670
0.618868112564  5414693
0.619705915451  5411499
0.61999797821  5395404
0.620525121689  5364290
0.620971918106  5362090
0.622985124588  5347425
0.625292062759  5346993
0.625715970993  5336065
0.625870943069  5335756
0.62611413002  5331990
0.626445055008  5330888
0.626691102982  5320420
0.63155913353  5320392
0.63185095787  5319247
0.632298946381  5317718
0.632436037064  5316269
0.633373975754  5315616
0.633680105209  5313404
0.633826971054  5241735
0.634743928909  5233339
0.635739088058  5231908
0.636831998825  5228077
0.637047052383  5227492
0.639219045639  5221411
0.641710042953  5221140
0.644556045532  5220309
0.661585092545  5218944
0.661744117737  5215587
0.680941104889  5212805
0.681083917618  5206035
0.681612014771  5205655
0.68190407753  5202186
0.682040929794  5194574
0.683490037918  5193223
0.683722019196  5192676
0.683859109879  5192368
0.684617996216  5192058
0.708880901337  5190378
0.709048986435  5186307
0.709290981293  5186187
0.709433078766  5184385
0.709734916687  5181402
0.710607051849  5173315
0.711153030396  5170534
0.711941003799  5168613
0.712244033813  5159789
0.713263034821  5141181
0.713403940201  5135373
0.714921951294  5133383
0.715101003647  5131005
0.71586894989  5129971
0.737289905548  5128497
0.760237932205  5128269
0.783754110336  5128008
0.805212974548  5118337
0.827795028687  5116812
0.850057125092  5116343
0.871762990952  5096948
0.899943113327  5095468
0.921054124832  5090681
0.940925121307  5090146
0.960350990295  5088639
0.979375123978  5080870
0.998943090439  5079568
1.0188100338  5075439
1.04270601273  5073182
1.06987500191  5065793
1.09300112724  5063339
1.11393690109  5061087
1.13570690155  5045623
1.15713405609  5042593
1.1795759201  5034467
1.20268797874  5031729
1.24896192551  5031594
1.2694029808  5018516
1.28901004791  5007426
1.30887699127  5003915
1.35089612007  5001900
1.39796900749  4990916
1.44164395332  4987436
1.48147797585  4983667
1.52584600449  4981072
1.57143306732  4979628
1.61863708496  4978053
1.66561198235  4972657
1.71047210693  4972402
1.77418112755  4952685
1.83655405045  4951638
1.9003329277  4947599
1.97473096848  4939860
2.04275107384  4919637
2.10413813591  4918283
2.16430592537  4918225
2.22449111938  4917848
2.28216910362  4899063
2.34049010277  4887195
2.39707398415  4883697
2.45523810387  4879181
2.51212191582  4868025
2.57052302361  4830682
2.62756109238  4829914
2.68443393707  4813045
2.74323606491  4811049
2.80231904984  4797622
2.86458611488  4797418
2.9206969738  4797246
2.9782140255  4790073
3.03579998016  4776328
3.09289503098  4752345
3.15951490402  4750429
3.22801995277  4749764
3.25449895859  4749215
3.27396392822  4741105
3.30098295212  4740223
3.32017397881  4738776
3.35813498497  4738394
3.39572906494  4738386
3.44638609886  4737294
3.49624300003  4736882
3.53543591499  4735078
3.57543611526  4733381
3.61319494247  4732602
3.6529250145  4727931
3.69226193428  4726463
3.73728609085  4725622
3.77705001831  4721992
3.81572294235  4699753
3.86216497421  4697825
3.86230301857  4696911
3.91878509521  4696480
3.97592306137  4695445
4.03998494148  4695287
4.04019999504  4693701
4.04761004448  4689852
4.06251192093  4689474
4.06343698502  4685585
4.06445813179  4683484
4.06553602219  4683272
4.0681810379  4682509
4.06831812859  4682238
4.06860995293  4682011
4.07593894005  4679590
4.11607909203  4557081
4.17451405525  4555487
4.23107004166  4552189
4.28837800026  4543637
4.34597396851  4539402
4.40319895744  4538937
4.46135807037  4538892
4.51960301399  4538530
4.57732892036  4534857
4.63528704643  4532746
4.65586209297  4531926
4.67725300789  4530393
4.69627094269  4528717
4.73401093483  4527873
4.81089091301  4527511
4.88807010651  4526770
4.97011208534  4524389
5.08262395859  4523043
5.24313092232  4522758
5.27381706238  4521762
5.28600692749  4521584
5.29763507843  4521271
5.29777193069  4521167
5.30922603607  4521014
5.30967497826  4519327
5.31233000755  4519260
5.32421803474  4514711
5.33938694  4514243
5.33960294724  4513621
5.35830903053  4513571
5.35844612122  4512772
5.35936403275  4512699
5.36020612717  4512202
5.36114692688  4510688
5.37951803207  4509784
5.39877510071  4509755
5.41848301888  4509732
5.44095206261  4508588
5.479129076  4508271
5.50015711784  4508233
5.51917505264  4502182
5.53808808327  4501485
5.55858302116  4500993
5.57906103134  4498527
5.61602902412  4498197
5.63495707512  4497989
5.6539580822  4497856
5.73005509377  4488316
5.75383090973  4488168
5.75413012505  4487940
5.82974600792  4461426
5.90550613403  4457141
5.9803609848  4455566
6.05621409416  4454732
6.13269591331  4451894
6.20840406418  4450290
6.20869803429  4450183
6.22770404816  4448956
6.30295610428  4407725
6.38026309013  4399896
6.45556712151  4398756
6.53082513809  4398099
6.60590600967  4397619
6.68175911903  4393341
6.75779294968  4393256
6.83376002312  4392939
6.90933394432  4392521
6.99571299553  4391711
7.07884001732  4389905
7.16567611694  4389788
7.24214196205  4336736
7.31781601906  4335404
7.39439105988  4255215
7.47059392929  4251653
7.54701590538  4225003
7.62168192863  4211951
7.69828701019  4204325
7.77561593056  4200807
7.85218191147  4200026
7.93384313583  4199157
8.02139806747  4198737
8.10413408279  4198126
8.18124198914  4197210
8.25914692879  4196073
8.33829498291  4195604
8.42619109154  4195568
8.51418590546  4192169
8.60444307327  4191135
8.7021279335  4187517
8.81086707115  4187452
8.91965913773  4186199
9.0463309288  4185510
9.17688894272  4184925
9.3078930378  4183742
9.42045998573  4182548
9.53354597092  4167317
9.64643597603  4166383
9.75984191895  4164541
9.90724611282  4164057
10.0517981052  4164007
10.20697999  4163957
10.3396570683  4161486
10.4862730503  4160256
10.6174070835  4160189
10.7487790585  4080577
10.897578001  4079980
11.052973032  4079884
11.1996779442  4079323
11.3700060844  4078440
11.5388200283  4062093
11.6894869804  4061766
11.8458859921  4060870
12.0332350731  4060722
12.1919150352  4060639
12.35729599  4059613
12.5244550705  4059458
12.6848220825  4059001
12.8365800381  4058486
12.9890401363  4058431
13.1428859234  4056275
13.3005619049  4044240
13.4523339272  4041562
13.6133909225  4039792
13.7762269974  4039180
13.9305651188  4034463
14.091709137  4033773
14.2422859669  4017027
14.4040219784  4016590
14.5639851093  4015751
14.7221589088  4014258
14.8801949024  4013265
15.0357351303  4013049
15.2047820091  4012618
15.3578951359  4010731
15.5118789673  4008917
15.6764669418  4008441
15.8476350307  4007001
16.0136179924  4005573
16.1643679142  4005160
16.3386049271  4004701
16.524338007  3947182
16.7073700428  3946569
16.8849930763  3944888
17.0610361099  3944247
17.2550899982  3943029
17.4538149834  3941039
17.6615180969  3938600
17.8775160313  3934367
18.0864160061  3934252
18.3020339012  3934160
18.519712925  3928773
18.7393240929  3919572
18.9529631138  3918382
19.1602931023  3916671
19.3831460476  3914295
19.5967609882  3913452
19.8154261112  3911789
20.0272209644  3910133
20.2428109646  3908679
20.453576088  3908521
20.6776170731  3908251
20.8832991123  3901140
20.9028770924  3899781
20.9218320847  3899777
20.9432361126  3899019
20.9450910091  3898271
21.0610430241  3898072
21.2225999832  3897217
21.4204809666  3895776
21.4212560654  3891101
21.4213929176  3891092
21.4217629433  3890535
21.4357419014  3890284
21.4360439777  3889543
21.436414957  3886858
21.4431481361  3886012
21.4432859421  3885243
21.4556190968  3884441
21.4787321091  3884305
21.47915411  3879657
21.4793689251  3878494
21.4858560562  3878406
21.4937410355  3878390
21.5208480358  3873958
21.6952710152  3873827
21.91665411  3873666
22.1356809139  3872364
22.3583459854  3872300
22.6214671135  3872117
22.8378140926  3871796
23.0677709579  3871374
23.3950459957  3869954
23.7314860821  3869739
24.0501639843  3868801
24.3776729107  3865885
24.7030189037  3865056
25.0224149227  3864319
25.252573967  3864074
25.5300021172  3863617
25.8477680683  3861492
26.2025511265  3861200
26.5647289753  3859873
26.9625239372  3859731
27.3597810268  3859488
27.7488999367  3859178
28.1479079723  3858049
28.5482470989  3806441
28.6821680069  3806272
28.818655014  3806260
28.9560120106  3806247
29.0879340172  3805385
29.2372589111  3804832
29.3959000111  3804758
29.60769701  3804627
29.8777999878  3804595
30.1569900513  3803247
30.433478117  3803066
30.7032310963  3795405
30.9676311016  3794917
31.2310910225  3742207
31.3957939148  3742198
31.5505979061  3742179
31.7635710239  3741524
31.9031310081  3740557
32.0424790382  3654953
32.2700760365  3654500
32.5492720604  3653267
32.8274669647  3652822
33.2343790531  3652522
33.6623270512  3652439
34.0897381306  3651413
34.5034351349  3649147
34.955092907  3648886
35.3973989487  3647965
35.838201046  3647043
36.2784759998  3646897
36.7204921246  3645062
37.1648509502  3645026
37.5961380005  3644871
38.0403051376  3644376
38.4814209938  3631026
38.9325289726  3630110
39.3697841167  3627291
39.8133840561  3626554
40.2402670383  3617285
40.3824961185  3617262
40.5203521252  3617254
40.6528599262  3617241
40.7850971222  3616379
40.9386799335  3615826
41.0965259075  3615752
41.3091790676  3615538
41.6224620342  3615430
41.9283549786  3615324
42.146075964  3614928
42.3662319183  3614475
42.7167170048  3593054
42.9242401123  3592538
43.2196259499  3592524
43.5129990578  3592219
43.8536651134  3589863
44.0963311195  3589797
44.3286840916  3589277
44.6400039196  3588926
44.9967830181  3588424
45.3403279781  3585637
45.5730221272  3584690
45.7964470387  3584409
46.080053091  3584067
46.3801651001  3583902
46.6734950542  3583449
47.0152320862  3582416
47.3700430393  3582286
47.7114369869  3580796
48.0609560013  3579709
48.4023370743  3579476
48.7665739059  3578491
49.1182990074  3578383
49.4701149464  3577844
49.8295741081  3577669
50.1754589081  3566265
50.5197870731  3565243
50.8656659126  3565163
51.2158501148  3564992
51.5812599659  3562439
51.9231419563  3559329
52.2758021355  3558619
52.6324141026  3557945
52.9956629276  3557334
53.3580880165  3555943
53.7290649414  3555770
54.0975799561  3555438
54.4723649025  3554279
54.9529080391  3554205
55.289919138  3553843
55.6677961349  3553434
56.075056076  3552862
56.458039999  3552052
56.839427948  3551753
57.2848730087  3551614
57.7496159077  3551564
58.20977211  3551441
58.6585459709  3551311
59.0205960274  3551180
59.3612520695  3550212
59.8443911076  3549282
60.329595089  3548010
60.5974040031  3546481
60.8719160557  3546221
61.1503670216  3546196
61.4545969963  3545858
61.7865900993  3545719
62.1089320183  3544713
62.4705250263  3544448
62.8353281021  3543942
63.2028651237  3543432
63.5681071281  3542468
63.9326310158  3542193
64.2932510376  3539946
64.6586561203  3538588
65.019119978  3535311
65.3835930824  3534034
65.7402019501  3452485
66.1046631336  3451308
66.4789009094  3450041
66.8393979073  3355855
67.2031099796  3336764
67.5774290562  3329450
67.9461541176  3324704
68.3076140881  3321899
68.6599860191  3320248
69.0314679146  3255665
69.391356945  3254784
69.7392470837  3253508
70.1089179516  3245506
70.4627699852  3245406
70.8100941181  3243233
71.1799609661  3192565
71.5566589832  3190618
71.9193689823  3190202
72.2865309715  3189699
72.6119549274  3189615
72.8894050121  3189602
73.1566939354  3189168
73.5319609642  3189120
73.9588451385  3187959
74.4004509449  3187687
74.9052541256  3159863
75.4420049191  3158090
75.925344944  3157821
76.4694750309  3155768
76.9583070278  3155294
77.5051441193  3155003
78.0286769867  3153897
78.562335968  3153576
79.136095047  3152561
79.6672790051  3151557
80.2466371059  3146068
80.7641260624  3144994
81.343485117  3144915
81.6067280769  3144824
81.8740971088  3144165
82.3967130184  3143573
82.9223780632  3143112
83.4919691086  3142650
84.024338007  3142566
84.6829180717  3140723
85.3621170521  3140357
86.0363070965  3136800
86.6929440498  3121094
87.3903341293  3119760
88.0735619068  3117076
88.7512450218  3111273
89.4460139275  3109750
90.1447339058  3108007
90.8130939007  3072325
90.9615011215  3072098
91.1025841236  3071942
91.2354431152  3071425
91.3769841194  3070590
91.5113620758  3069726
91.6465289593  3069390
91.7803370953  3068280
92.0205090046  3067891
92.7176830769  3066885
93.231703043  3065115
93.7512409687  3064277
94.3012609482  3064039
94.8426520824  3063594
95.4821350574  3062675
96.1613419056  3061383
96.8456959724  3059840
97.5527379513  3059751
98.2614579201  3059254
99.0358910561  3058766
99.7994630337  3058077
100.571470022  3057752
101.352446079  3054403
102.116459131  3053068
102.879130125  3052990
103.649653912  3035009
104.431123018  3032330
105.219115019  3031843
106.016947031  3031623
106.798216105  3025320
107.570925951  3024228
108.269104958  3024056
109.029062033  3023497
109.802421093  3022494
110.586555004  3022300
111.382306099  3020926
112.212490082  3020557
113.079129934  3018239
113.960562944  3017582
114.819088936  3017389
115.693356037  3016403
116.506973028  3016200
117.39445591  3010748
118.276286125  3010473
119.118026972  3010068
119.995580912  3009832
120.868964911  3005387
121.693114996  3004890
122.520381927  3004739
123.41625309  3002581
124.316601992  3001631
125.235664129  2987792
126.160552025  2985783
127.116670132  2917551
128.053436041  2910657
129.001156092  2868447
129.840681076  2868105
130.158113003  2867052
130.366292  2867027
130.581295967  2866996
130.908870935  2865685
131.193993092  2865663
132.12797308  2841162
133.073240042  2841161
134.014816999  2793420
134.784653902  2791962
135.660003901  2787578
136.570187092  2784908
137.517457962  2725729
138.429542065  2723246
139.370963097  2694215
139.992563009  2694060
140.596271038  2693894
140.958616972  2693860
141.242522001  2693803
141.620585918  2693422
141.984579086  2693142
142.272907019  2692984
142.60946703  2692939
143.00841713  2692126
143.640911102  2691706
144.320830107  2691542
144.98450613  2690775
145.871730089  2690189
146.82810092  2689056
147.787822008  2688319
148.730099916  2687055
149.685383081  2686294
150.168474913  2685003
150.385950089  2684873
150.607967138  2684643
150.841758013  2684442
151.23602891  2684098
151.642004967  2683937
152.015603065  2683758
152.259248018  2683507
152.530385017  2683037
152.98287797  2682760
153.796876907  2682533
154.775183916  2661716
155.463304996  2659337
155.89475894  2659270
156.285013914  2658966
156.663084984  2658830
157.04176712  2658347
157.439979076  2657852
157.863179922  2657762
158.290556908  2657428
158.726701975  2656830
159.153908968  2656548
160.000133038  2655707
160.929533958  2655125
161.87748003  2655090
162.835741043  2646420
163.790503025  2644749
164.74603796  2644283
165.703566074  2643470
166.653872967  2643140
167.613245964  2640706
168.556227922  2640704
169.508026123  2640259
170.461632967  2639979
171.410655975  2638639
172.379961014  2638266
173.388945103  2638216
174.388746977  2637118
175.359344006  2636674
176.499002934  2636453
177.599625111  2635109
178.694821119  2634196
179.814069986  2633406
180.954879999  2633091
181.983535051  2626742
183.034883976  2626319
184.088522911  2626310
185.158847094  2625663
186.315928936  2624052
187.366430998  2623388
188.413660049  2621421
189.597536087  2620460
190.816647053  2619366
191.916141033  2617824
193.021102905  2617560
194.107468128  2617244
195.231321096  2615577
196.355031967  2615402
197.489028931  2614499
198.635412931  2613982
199.741441011  2613541
200.900789022  2613146
202.015842915  2611608
203.130548954  2611497
204.227921009  2610335
205.314737082  2582912
206.438668013  2582647
207.556176901  2582068
208.676178932  2580244
209.821546078  2576720
210.93678093  2562293
212.057593107  2544475
213.159626961  2541334
214.288626909  2539909
215.421979904  2535791
216.500262022  2535764
217.651041031  2535183
218.734251976  2534607
219.855165005  2534517
220.978138924  2494582
222.118238926  2494395
223.273957968  2493013
224.500947952  2477829
225.823703051  2468256
227.042237043  2467157
228.267060995  2466514
229.440521002  2454686
230.583131075  2453872
231.851391077  2452505
233.00334692  2452378
234.15712595  2452144
235.290071964  2451760
236.418785095  2409671
237.554049015  2409154
238.65912199  2399209
239.782048941  2397858
240.898618937  2380427
242.025660992  2378291
243.157357931  2377462
244.279552937  2377058
245.424834967  2375394
246.56795907  2371332
247.701586962  2366851
248.832722902  2366813
249.972572088  2365311
251.099044085  2364374
252.226872921  2363616
253.363155127  2363200
254.495594978  2362823
255.74446702  2359468
256.995091915  2351116
258.190603971  2349403
259.327382088  2322915
260.470163107  2322534
261.615997076  2320166
262.748733044  2319740
263.878055096  2318212
265.021721125  2317381
266.245273113  2317362
267.401310921  2316033
268.617748022  2308962
269.797045946  2306916
270.961091042  2306476
272.151214123  2306068
273.326811075  2304723
274.520962954  2301564
275.723697901  2299422
276.926341057  2298584
278.130429983  2297433
279.382317066  2295170
280.57395792  2294264
281.782057047  2293180
282.988343954  2288598
284.240809917  2287696
285.465662956  2285229
286.698611021  2283496
287.937529087  2281565
289.180520058  2277757
290.407509089  2267411
291.628246069  2265757
292.864790916  2265117
294.107348919  2254731
295.343894005  2250476
296.557241917  2250379
297.783529997  2248705
299.039402008  2247141
300.275224924  2244976
