0.0439138412476  7057761
0.0442550182343  7050730
0.0445668697357  7043001
0.0448670387268  7030079
0.0453028678894  7014269
0.0457408428192  7008604
0.0458869934082  7006725
0.0468888282776  7003814
0.0470190048218  6993391
0.0476460456848  6992355
0.0480198860168  6970676
0.0483958721161  6969929
0.0485219955444  6946716
0.0486488342285  6937828
0.0487749576569  6932350
0.0490310192108  6926459
0.0492830276489  6913830
0.0494089126587  6876990
0.0496890544891  6820593
0.0498669147491  6771948
0.0500178337097  6736480
0.0502948760986  6736340
0.0504360198975  6658320
0.0505728721619  6655455
0.0509660243988  6639620
0.0512268543243  6603781
0.0513589382172  6582781
0.0518729686737  6577515
0.0525019168854  6570582
0.0526468753815  6560320
0.0528159141541  6553168
0.0531499385834  6431210
0.0534520149231  6379448
0.053591966629  6359956
0.0537869930267  6354920
0.054319858551  6288820
0.0544898509979  6275620
0.0546329021454  6271681
0.0550808906555  6250330
0.055214881897  6237041
0.05535197258  6231816
0.0556180477142  6228031
0.0557508468628  6222756
0.056009054184  6219853
0.0564110279083  6185830
0.0568859577179  6185502
0.0575318336487  6105818
0.0576598644257  6098929
0.0577869415283  6085336
0.057914018631  6084101
0.0586788654327  6076979
0.0591149330139  6075466
0.0600569248199  6068031
0.0601940155029  6065128
0.0607149600983  6049083
0.0608458518982  6045482
0.0615210533142  6043418
0.0623970031738  6042580
0.0629549026489  6037775
0.0633959770203  6036583
0.0638329982758  6036022
0.064110994339  5999249
0.0648219585419  5997563
0.0649700164795  5997051
0.0663230419159  5984868
0.0668449401855  5975368
0.0677189826965  5956219
0.0678658485413  5955459
0.0680129528046  5939201
0.0687308311462  5915392
0.0695610046387  5912394
0.0698239803314  5911266
0.0699570178986  5892308
0.071280002594  5890508
0.0718200206757  5889167
0.0723969936371  5882965
0.0727560520172  5880199
0.0728969573975  5876995
0.0736808776855  5876493
0.0738129615784  5872345
0.0744678974152  5871027
0.0755989551544  5870172
0.0757429599762  5859369
0.0767428874969  5856988
0.0769369602203  5856240
0.0775480270386  5852912
0.0779619216919  5850756
0.0790350437164  5849121
0.079824924469  5847957
0.0802450180054  5846251
0.0827729701996  5843136
0.0833559036255  5841832
0.0834879875183  5828919
0.0840818881989  5812223
0.0845808982849  5800203
0.085028886795  5768396
0.0862078666687  5747851
0.0863878726959  5740579
0.0865688323975  5724943
0.0873808860779  5692023
0.0877590179443  5688402
0.0883798599243  5658861
0.0895578861237  5644992
0.0909049510956  5621307
0.0911128520966  5573869
0.0916578769684  5573079
0.0925989151001  5568048
0.0927848815918  5567610
0.0946719646454  5559570
0.0951738357544  5536678
0.0956840515137  5531486
0.0963208675385  5524838
0.0967309474945  5505660
0.0971269607544  5500411
0.0976409912109  5494425
0.0982439517975  5486172
0.0988829135895  5473124
0.0996329784393  5470367
0.101022005081  5460364
0.101157903671  5459720
0.102154970169  5432542
0.102776050568  5415298
0.103394985199  5348881
0.10352897644  5332692
0.104156970978  5330914
0.104532957077  5303509
0.105648040771  5297765
0.105774879456  5293771
0.106150865555  5199365
0.106526851654  5123125
0.107527017593  5123055
0.108271837234  5087087
0.108521938324  5056459
0.108896970749  5055820
0.109393835068  5055068
0.109644889832  5025006
0.110389947891  5018980
0.110764026642  4984750
0.111474990845  4983697
0.112797021866  4976303
0.11317896843  4970758
0.1150598526  4964382
0.11656999588  4951146
0.116791963577  4944385
0.117635965347  4939897
0.120036840439  4938619
0.120273828506  4934056
0.121649026871  4879316
0.122910022736  4878516
0.123142004013  4878394
0.1237449646  4873863
0.123935937881  4867322
0.124130010605  4793992
0.125021934509  4786844
0.125908851624  4773098
0.132205963135  4756078
0.133335828781  4752356
0.135705947876  4739214
0.140606880188  4737519
0.141743898392  4735111
0.14368391037  4722310
0.145354986191  4721881
0.150660991669  4721104
0.1511759758  4717886
0.151356935501  4716133
0.152267932892  4715886
0.152863025665  4706063
0.153960943222  4695653
0.154723882675  4695437
0.155186891556  4666738
0.155341863632  4664828
0.156407833099  4663693
0.156715869904  4662136
0.162603855133  4660139
0.162822008133  4639833
0.163046836853  4631193
0.164800882339  4629540
0.165374994278  4624449
0.166244983673  4616618
0.16762804985  4609128
0.16782283783  4598332
0.169131040573  4592823
0.169797897339  4584358
0.170068979263  4571980
0.172663927078  4563545
0.173301935196  4562391
0.17355799675  4558675
0.1741938591  4475047
0.174324035645  4460451
0.174497842789  4456833
0.175257921219  4455378
0.175712823868  4446717
0.178740024567  4395580
0.17901301384  4369738
0.180248022079  4359648
0.181298971176  4355378
0.18248295784  4352391
0.183857917786  4337940
0.185708045959  4228976
0.188611030579  4223109
0.18874502182  4172436
0.189851999283  4165392
0.192750930786  4163578
0.193392038345  4163571
0.194309949875  4144409
0.197075843811  4135679
0.197350978851  4125529
0.197952985764  4115385
0.199636936188  4110905
0.200042009354  4109870
0.201062917709  4108122
0.203603982925  4103224
0.204848051071  4094862
0.205111026764  4093012
0.208926916122  4089405
0.210571050644  4089259
0.21115398407  4082457
0.215929985046  4082099
0.216325998306  4081084
0.222602844238  4053102
0.227561950684  4051475
0.227957010269  4038745
0.230877876282  4037597
0.242446899414  4036916
0.244699954987  4018038
0.2458319664  4008407
0.25302696228  4007672
0.253247022629  4004190
0.260836839676  3989584
0.262158870697  3963344
0.263010978699  3963083
0.263921022415  3940816
0.264304876328  3932018
0.266546964645  3930974
0.268524885178  3929483
0.274044036865  3916390
0.280565977097  3915537
0.280946016312  3907360
0.28475189209  3902288
0.285028934479  3898013
0.287425994873  3890008
0.290284872055  3881812
0.290436983109  3881405
0.293143987656  3881097
0.296288967133  3874638
0.297031879425  3871655
0.298966884613  3779776
0.300585031509  3766071
0.301942825317  3760260
0.30362701416  3714425
0.305060863495  3708747
0.305701971054  3704812
0.307899951935  3699083
0.310153961182  3677157
0.310363054276  3675116
0.322445869446  3671244
0.325906038284  3667196
0.332478046417  3666800
0.332666873932  3599018
0.337430000305  3586016
0.34060382843  3573640
0.34161901474  3556376
0.342926979065  3556255
0.35219502449  3552235
0.354730844498  3551524
0.361876010895  3482895
0.36309504509  3458541
0.365717887878  3457874
0.365998029709  3457516
0.372539043427  3451375
0.37629199028  3449019
0.380280971527  3448866
0.382835865021  3446247
0.383045911789  3442717
0.387054920197  3368108
0.388563871384  3367309
0.390586853027  3363891
0.393862009048  3306533
0.396373033524  3301695
0.400605916977  3297414
0.406735897064  3293284
0.408635854721  3288561
0.412812948227  3286598
0.414674043655  3284298
0.416295051575  3280243
0.416659832001  3269846
0.423264026642  3268846
0.426041841507  3268839
0.426563024521  3264257
0.429324865341  3263805
0.429482936859  3260996
0.434423923492  3259642
0.442795038223  3256126
0.446226835251  3241305
0.448319911957  3221518
0.448995828629  3217727
0.450011968613  3210654
0.450548887253  3201741
0.452151060104  3199757
0.457906007767  3192009
0.458204984665  3191428
0.462941884995  3191177
0.476034879684  3190357
0.482086896896  3176626
0.49792599678  3165383
0.499546051025  3164832
0.501941919327  3107717
0.503275871277  3107447
0.504820823669  3102172
0.507207870483  3102058
0.507339954376  3070368
0.507897853851  3068733
0.516043901443  3068410
0.516182899475  3058627
0.516443014145  3050044
0.517210006714  3042106
0.517976045609  3041321
0.518105983734  3041264
0.519608020782  3041057
0.526149988174  3040985
0.526926994324  3039212
0.527704000473  3024404
0.52822303772  3023621
0.529767990112  3023589
0.53839802742  3021926
0.538918018341  3019630
0.539808988571  3016256
0.540449857712  3010784
0.541131973267  3009507
0.541271924973  3009147
0.544862031937  3007019
0.545496940613  3005244
0.546160936356  3003788
0.547673940659  3000883
0.554338932037  3000155
0.556009054184  2999958
0.557662010193  2998149
0.558390855789  2997777
0.563992023468  2996446
0.565731048584  2990653
0.566146850586  2984498
0.569197893143  2984439
0.570786952972  2983759
0.576103925705  2980841
0.578552961349  2979788
0.579195976257  2976763
0.57984495163  2971791
0.582275867462  2964612
0.586611032486  2961730
0.595640897751  2961095
0.598788976669  2960526
0.602833032608  2960447
0.605089902878  2959003
0.608269929886  2952553
0.611445903778  2950231
0.618549823761  2942571
0.632990837097  2939764
0.635880947113  2937181
0.637145996094  2937101
0.641558885574  2930308
0.642201900482  2925969
0.644283056259  2925653
0.645143985748  2922031
0.652897834778  2912242
0.654732942581  2911832
0.66223192215  2907884
0.664553880692  2900999
0.664814949036  2900493
0.673375844955  2899206
0.673795938492  2898491
0.67688703537  2869933
0.677618980408  2851573
0.683881998062  2850746
0.684669017792  2848960
0.686082839966  2847231
0.690732002258  2845724
0.696420907974  2843238
0.704063892365  2827727
0.70582485199  2821070
0.707726955414  2818883
0.713448047638  2814164
0.716094970703  2813621
0.718785047531  2789686
0.722779035568  2787790
0.723985910416  2785026
0.724213838577  2770687
0.729430913925  2769841
0.732331037521  2769188
0.739987850189  2766898
0.74335193634  2766049
0.749325037003  2757284
0.755177021027  2733952
0.763605833054  2733573
0.768662929535  2733049
0.778308868408  2727984
0.778962850571  2726246
0.779778003693  2723771
0.781044960022  2723751
0.782528877258  2722054
0.795954942703  2721854
0.796974897385  2721819
0.801781892776  2719777
0.802535057068  2718114
0.804798841476  2717956
0.82531785965  2717950
0.826151847839  2716287
0.8308198452  2714664
0.841234922409  2707248
0.841516017914  2705623
0.84836602211  2705098
0.849525928497  2704240
0.856534004211  2701894
0.864127874374  2693477
0.866137981415  2689591
0.868651866913  2685229
0.879868030548  2684058
0.880009889603  2682722
0.88390994072  2682497
0.889371871948  2682082
0.903643846512  2679771
0.916884899139  2679060
0.921025037766  2678237
0.931576013565  2676792
0.934027910233  2676357
0.938649892807  2661091
0.940598964691  2659604
0.941509962082  2658110
0.942961931229  2657207
0.943936824799  2656855
0.948758840561  2651614
0.959029912949  2648896
0.970955848694  2646737
0.985617876053  2645168
0.99270606041  2641830
0.995050907135  2641727
1.00152802467  2638261
1.00262498856  2626547
1.01538085938  2620895
1.01882195473  2620108
1.01895403862  2619170
1.02036595345  2618199
1.02050685883  2617641
1.02208304405  2614430
1.03345394135  2614399
1.03928899765  2611030
1.04770302773  2578153
1.05307292938  2575901
1.05346488953  2575455
1.05410885811  2575453
1.06411290169  2572898
1.06450200081  2569593
1.06860995293  2567526
1.07062005997  2567142
1.07728791237  2566511
1.0783560276  2566468
1.08033084869  2560590
1.085242033  2559421
1.08741497993  2555243
1.10032987595  2552124
1.10993504524  2540105
1.11905384064  2539926
1.13159990311  2539763
1.13365101814  2539013
1.13517189026  2538644
1.13709402084  2535987
1.15125799179  2535003
1.15345191956  2534222
1.15485882759  2534182
1.16198301315  2534039
1.16706585884  2532638
1.16872787476  2528552
1.18954086304  2521676
1.20533704758  2520745
1.21979498863  2517456
1.2291469574  2505541
1.23306298256  2498622
1.23905682564  2497886
1.2431139946  2494760
1.24367690086  2493383
1.24531602859  2492643
1.24652695656  2491014
1.25102996826  2488747
1.25181698799  2482702
1.25923204422  2482061
1.26741099358  2479436
1.28160095215  2476787
1.28605294228  2476740
1.29476284981  2472324
1.29605698586  2470427
1.2971060276  2469161
1.30421805382  2466578
1.30781888962  2466354
1.31088995934  2390819
1.31752896309  2389072
1.33576583862  2386796
1.34404492378  2384649
1.34547495842  2383269
1.35024595261  2381762
1.35114097595  2381336
1.35329294205  2379031
1.36039590836  2379023
1.36274194717  2375374
1.36313199997  2375050
1.37034893036  2371610
1.3715159893  2371248
1.37945199013  2370476
1.38139486313  2362265
1.38217186928  2361724
1.41503500938  2361311
1.41734600067  2361304
1.42197203636  2359504
1.42286491394  2359417
1.44118094444  2359107
1.45161604881  2358439
1.45298695564  2354751
1.45356488228  2352102
1.46929693222  2351889
1.47664189339  2337385
1.4818520546  2336706
1.4840028286  2336422
1.50402283669  2336171
1.51708197594  2332345
1.51876282692  2331456
1.52458500862  2330317
1.53695297241  2328824
1.54244589806  2327414
1.54334497452  2311844
1.56332588196  2285915
1.57162904739  2283249
1.57265591621  2283181
1.57772302628  2280403
1.58977985382  2279624
1.598528862  2279299
1.60073304176  2278914
1.60553884506  2278596
1.60850596428  2278514
1.61128997803  2277638
1.62031888962  2275259
1.63134002686  2273660
1.64017987251  2273443
1.64031100273  2268069
1.64269995689  2266945
1.64329195023  2266264
1.64427399635  2264741
1.6461930275  2263380
1.64786195755  2260780
1.65048885345  2231116
1.65094590187  2230518
1.65830993652  2229270
1.65981292725  2229242
1.67023396492  2228612
1.6749458313  2221096
1.67545890808  2220848
1.6824259758  2220504
1.68534398079  2220080
1.70369195938  2218987
1.70927000046  2217789
1.71072387695  2217787
1.71682786942  2217752
1.71734404564  2217388
1.72064995766  2217304
1.73760986328  2214867
1.74322485924  2214034
1.77548694611  2213376
1.7859518528  2213051
1.79703903198  2212828
1.79718184471  2191725
1.80764293671  2187953
1.81649398804  2183285
1.82333803177  2177284
1.83915400505  2176267
1.85614800453  2173841
1.85978794098  2173121
1.86942791939  2172913
1.8708729744  2172598
1.87295603752  2172457
1.87584686279  2172419
1.88010692596  2168246
1.90540289879  2167896
1.92472696304  2165123
1.93718791008  2164626
1.93960690498  2163291
1.94626498222  2163099
1.96917390823  2161461
1.98300385475  2160989
1.98655390739  2160215
1.99706292152  2143233
1.99848890305  2135356
2.00366687775  2135021
2.02630090714  2134954
2.02685189247  2134473
2.05824995041  2121399
2.08645105362  2119848
2.09033489227  2119094
2.11295104027  2118200
2.12474298477  2117128
2.12700486183  2117018
2.16033387184  2115830
2.16212582588  2115404
2.17426800728  2102238
2.17480301857  2100933
2.18265986443  2095912
2.19521689415  2089683
2.20978498459  2089428
2.24113988876  2088710
2.25141596794  2086229
2.26095890999  2083944
2.26257801056  2082149
2.26685905457  2082032
2.26753401756  2080936
2.27096700668  2079559
2.28686094284  2078272
2.28745698929  2077738
2.32296586037  2076614
2.35518789291  2076222
2.35599589348  2076070
2.3682448864  2064786
2.37292385101  2064153
2.41360998154  2063707
2.45825195312  2062379
2.46166396141  2061800
2.46567702293  2060011
2.47125887871  2040299
2.47547888756  2040136
2.5113298893  2039680
2.52626800537  2039465
2.53025698662  2039391
2.53513002396  2038449
2.53590893745  2038272
2.54189300537  2036320
2.55114889145  2026539
2.56302905083  2022852
2.6137368679  2020842
2.65193796158  2012319
2.65903306007  2012110
2.71071004868  2009657
2.72533392906  2009562
2.72561693192  2006818
2.75287890434  2005705
2.78967499733  2002776
2.80603194237  1994717
2.81366896629  1994699
2.82602000237  1994440
2.84790802002  1991336
2.86576700211  1991327
2.87417387962  1988778
2.88003993034  1988660
2.89437699318  1987735
2.91032791138  1987706
2.91988492012  1987568
2.93257689476  1987248
2.93558192253  1986889
2.96592497826  1986722
3.02938389778  1986531
3.05364584923  1981389
3.0577609539  1972856
3.06478285789  1971044
3.06967687607  1941815
3.11230802536  1941057
35.4912128448  1925510
35.4968149662  1924955
35.504087925  1924531
35.6614730358  1923659
46.7401719093  1922862
46.8305139542  1922626
46.8849818707  1920745
46.9485669136  1920438
46.9685168266  1919771
46.9853010178  1915887
47.0598189831  1913955
47.0886399746  1913794
47.1065659523  1912874
47.1306550503  1912535
47.1985499859  1912248
47.2798910141  1911108
47.3397629261  1907964
47.4244170189  1907629
47.4279289246  1904619
47.4409878254  1901339
47.4525549412  1901122
47.4914560318  1900655
47.5257380009  1899976
47.5368690491  1899936
47.6392848492  1872563
47.6450469494  1872255
47.6566438675  1871903
47.6806030273  1869175
47.7213559151  1868637
55.8860039711  1865544
55.9031620026  1861178
55.9086289406  1860860
55.9221279621  1860593
55.9266009331  1860103
55.9268639088  1858981
55.9685618877  1858637
55.9693410397  1856707
55.9841730595  1855423
56.0082578659  1854906
56.0427179337  1854711
56.0844600201  1854096
56.0865540504  1852229
56.0893230438  1846847
56.0997779369  1846335
56.1431050301  1844979
56.1539189816  1844069
56.1658718586  1843616
56.2029030323  1843327
56.2080619335  1842719
56.2245309353  1840950
56.2247970104  1840656
56.2470510006  1840238
56.2637879848  1839468
56.3240199089  1838771
56.3753099442  1835363
56.3762779236  1834769
56.3997299671  1833059
56.4296419621  1832435
56.4555699825  1832053
56.4577059746  1830685
56.476774931  1829806
62.3558988571  1829789
62.4128930569  1829507
62.4137909412  1827562
62.4444680214  1827055
62.5018069744  1824228
62.5184149742  1823814
62.521627903  1823382
62.5632250309  1822413
62.5698628426  1822006
62.6334969997  1821896
62.6585350037  1821755
62.6804468632  1818355
78.7145440578  1817193
78.7252089977  1810819
78.7326078415  1810544
78.7552988529  1802387
78.7779068947  1799017
78.7928209305  1798877
78.7995409966  1797909
78.8245568275  1796183
78.8326599598  1792871
78.8809230328  1792587
78.8883500099  1792385
78.8971989155  1792267
78.9068360329  1792240
78.9146649837  1791509
78.9158248901  1790949
78.9623918533  1784390
78.9736869335  1783168
79.0009520054  1781160
82.1001160145  1779894
82.1423909664  1779365
91.8753168583  1775118
91.8905959129  1774332
91.8987388611  1771900
91.9075348377  1771537
91.9301559925  1768611
91.9823880196  1768262
91.9866349697  1767899
91.9875588417  1767871
91.9927358627  1767601
92.0026810169  1767065
92.0083339214  1763044
92.029378891  1762093
92.0665719509  1761798
92.0836708546  1760308
92.0997459888  1759840
171.03963685  1759160
171.048097849  1758061
171.050081015  1757230
222.230996847  1756658
222.232553959  1756307
222.237910986  1755850
222.269040823  1751880
222.288171053  1751355
222.293360949  1750509
222.299198866  1749664
222.307489872  1749003
222.321043968  1748643
222.340692997  1748074
222.344331026  1746891
222.364581823  1746685
222.370116949  1746570
222.39436388  1742592
222.427947044  1742545
222.445824862  1712037
222.469727993  1708217
222.484102964  1707243
222.524462938  1706927
222.529191971  1706399
222.530755043  1706189
222.534203053  1704017
222.553812027  1703983
222.571773052  1701638
222.598513842  1700254
222.602512836  1699463
222.61638999  1698130
222.639178991  1697912
305.493047953  1697812
305.495666027  1697414
305.513145924  1696556
305.568249941  1696371
305.573849916  1694538
305.627217054  1694387
305.63359189  1693483
349.672016859  1688632
