0.0390288829803  6801739
0.0394790172577  6785238
0.0396680831909  6775011
0.0401771068573  6764619
0.0414049625397  6764175
0.0418601036072  6763005
0.0420279502869  6756378
0.0422918796539  6755012
0.0431349277496  6752065
0.0433020591736  6750806
0.0435719490051  6747259
0.0446720123291  6742577
0.0449090003967  6712034
0.0450649261475  6709130
0.0462698936462  6696952
0.0464859008789  6693713
0.0477690696716  6685032
0.0479071140289  6681560
0.0503280162811  6672203
0.0504651069641  6664345
0.0511529445648  6659723
0.0536670684814  6653817
0.0538039207458  6650837
0.0540199279785  6647119
0.057708978653  6643958
0.0578510761261  6643367
0.0581541061401  6636483
0.0582919120789  6636206
0.0591430664062  6606192
0.0595879554749  6603305
0.0597341060638  6599616
0.0601298809052  6597933
0.0610039234161  6594156
0.0611410140991  6583495
0.0615139007568  6574409
0.0624389648438  6571685
0.0625779628754  6570183
0.0635840892792  6565367
0.0637209415436  6557981
0.0655629634857  6556173
0.0662519931793  6551516
0.0699579715729  6548359
0.0700950622559  6525149
0.0741319656372  6508989
0.0742700099945  6508627
0.0745639801025  6500510
0.0790750980377  6498545
0.0792129039764  6496062
0.0794289112091  6481945
0.0809080600739  6481216
0.0812809467316  6478278
0.0826780796051  6468224
0.0828149318695  6455048
0.0830309391022  6448191
0.0835280418396  6421934
0.0890519618988  6420575
0.0892200469971  6412277
0.0946609973907  6407548
0.0949659347534  6407033
0.0954139232635  6404650
0.0983219146729  6399488
0.0984590053558  6398735
0.103689908981  6398537
0.103827953339  6396420
0.10412311554  6396242
0.104259967804  6396005
0.10479092598  6391731
0.105163097382  6389093
0.105299949646  6387383
0.106225013733  6383583
0.106677055359  6381044
0.106813907623  6378313
0.107861042023  6377922
0.107997894287  6375621
0.108607053757  6375323
0.109611034393  6375174
0.110692977905  6374481
0.112879991531  6365932
0.118283033371  6361304
0.118419885635  6359551
0.124157905579  6358279
0.124295949936  6347037
0.124511957169  6321301
0.125516891479  6319771
0.126204967499  6316916
0.132199048996  6315141
0.132337093353  6313844
0.138403892517  6313687
0.139487981796  6312118
0.139784097672  6301678
0.139920949936  6300676
0.140767097473  6293223
0.146855115891  6286788
0.153141975403  6283993
0.153516054153  6280996
0.153654098511  6280808
0.153870105743  6275698
0.160197019577  6271778
0.160649061203  6269330
0.160785913467  6212419
0.161079883575  6211990
0.16752910614  6208913
0.167902946472  6204349
0.168040037155  6196577
0.171184062958  6194430
0.173376083374  6194046
0.173512935638  6193087
0.173727989197  6189090
0.175729990005  6184996
0.178958892822  6182165
0.18540596962  6181141
0.193375110626  6177321
0.193907022476  6166109
0.194122076035  6144459
0.196469068527  6143073
0.19668507576  6139959
0.198158979416  6137936
0.205807924271  6131457
0.205945968628  6129716
0.20624089241  6129312
0.206613063812  6128984
0.206749916077  6126714
0.214449882507  6125880
0.214587926865  6117349
0.222645044327  6113533
0.222939968109  6113350
0.223155975342  6108234
0.223608016968  6106889
0.223745107651  6104894
0.231993913651  6100504
0.232211112976  6095526
0.240875959396  6090627
0.241091966629  6079362
0.241385936737  6075607
0.241523981094  5998749
0.242527961731  5993658
0.243057966232  5993005
0.243668079376  5992541
0.253175973892  5987699
0.25331401825  5973092
0.253530025482  5956434
0.254462003708  5956236
0.254914999008  5953918
0.255129098892  5950133
0.258292913437  5945074
0.258666992188  5938142
0.259119033813  5932170
0.259257078171  5913005
0.260575056076  5912748
0.26137304306  5908251
0.263922929764  5905420
0.264138936996  5902747
0.26443195343  5899184
0.274482965469  5894898
0.277597904205  5889660
0.279776096344  5885112
0.280071020126  5800270
0.290832996368  5795497
0.291126012802  5794087
0.291485071182  5791529
0.291747093201  5788408
0.291913986206  5788397
0.292366981506  5786555
0.303162097931  5784873
0.30329990387  5771756
0.314148902893  5770359
0.325401067734  5767559
0.337976932526  5766968
0.338350057602  5764230
0.338829040527  5760507
0.338965892792  5756178
0.339495897293  5752553
0.340104103088  5751734
0.340240955353  5740757
0.340926885605  5740269
0.341063976288  5738361
0.342390060425  5737683
0.343233108521  5731246
0.350812911987  5729922
0.351186037064  5728904
0.351636886597  5727871
0.352559089661  5726223
0.352695941925  5725809
0.352911949158  5695706
0.353756904602  5695322
0.354130029678  5692929
0.356836080551  5692312
0.357209920883  5681233
0.357346057892  5680329
0.357897043228  5679984
0.358584880829  5678020
0.361414909363  5676370
0.368686914444  5675697
0.36913895607  5674490
0.369669914246  5632694
0.369807004929  5627280
0.370887041092  5625708
0.371023893356  5622193
0.384063959122  5619296
0.398303985596  5616566
0.398442029953  5612257
0.398894071579  5608374
0.399108886719  5608150
0.399482011795  5604733
0.400168895721  5603904
0.40048289299  5601448
0.400698900223  5598646
0.401308059692  5598134
0.401444911957  5595305
0.401737928391  5592459
0.401952981949  5591655
0.402401924133  5559454
0.403131008148  5556205
0.403975009918  5555962
0.417994022369  5554222
0.418411016464  5545768
0.419570922852  5541923
0.419708013535  5536334
0.420315980911  5536331
0.420531988144  5530458
0.420906066895  5526028
0.421041965485  5526020
0.421257972717  5492345
0.421641111374  5491726
0.422338008881  5481211
0.43639588356  5480907
0.436533927917  5478665
0.451597929001  5478507
0.451814889908  5475970
0.451951980591  5471127
0.452167987823  5470359
0.452461957932  5469797
0.452856063843  5459035
0.45370388031  5457635
0.453999042511  5456184
0.454135894775  5453432
0.454665899277  5445045
0.455512046814  5438341
0.456513881683  5435456
0.474077939987  5433039
0.474257946014  5404703
0.474498033524  5402097
0.474638938904  5398490
0.4751060009  5380163
0.475894927979  5351275
0.476037025452  5328615
0.476500034332  5326608
0.476723909378  5299026
0.477643966675  5289158
0.477798938751  5283524
0.479954957962  5277913
0.481287956238  5274534
0.48178601265  5259224
0.482666015625  5249867
0.482809066772  5247356
0.501733064651  5246003
0.501880884171  5237460
0.502345085144  5229592
0.502485990524  5225011
0.503354072571  5224080
0.504455089569  5220530
0.504610061646  5204316
0.506004095078  5203153
0.52784705162  5202462
0.528227090836  5193874
0.529300928116  5192062
0.529458999634  5155498
0.530112028122  5151639
0.530268907547  5130403
0.530736923218  5125296
0.530873060226  5119103
0.531086921692  5109042
0.531692028046  5106516
0.533714056015  5091060
0.534322023392  5088902
0.535180091858  5088743
0.535316944122  5087221
0.53623509407  5086153
0.536371946335  5084723
0.536586046219  5082690
0.538114070892  5081870
0.556545972824  5080433
0.579539060593  5079871
0.601291894913  5070121
0.622416973114  5066197
0.645143032074  5066135
0.665807008743  5066054
0.686341047287  5063520
0.713970899582  5062621
0.762480974197  5062386
0.813456058502  5061112
0.857711076736  5059749
0.907442092896  5059689
0.953694105148  5057839
0.997185945511  5055841
1.047123909  5055451
1.09509301186  5051577
1.14932394028  5050872
1.21883606911  5048888
1.28603792191  5048144
1.3505320549  5047800
1.41407608986  5047026
1.50161600113  5044591
1.58998703957  5042142
1.67505288124  5040699
1.77057003975  5035777
1.85935688019  5035319
1.94250392914  5034284
2.03791689873  5032808
2.15143799782  5032477
2.20794391632  5032157
2.26592588425  5031996
2.32272601128  5031575
2.38053297997  5026396
2.43772602081  5026118
2.49555897713  5025426
2.55374693871  5025109
2.6109559536  4991504
2.66960191727  4991436
2.72616291046  4991331
2.80309295654  4985922
2.90417408943  4984287
2.97113895416  4984001
3.08941292763  4983389
3.19763898849  4975666
3.25387787819  4975368
3.3530960083  4972069
3.44830203056  4965410
3.52136802673  4965062
3.64130091667  4951734
3.75390911102  4944528
3.8711180687  4942782
3.94411301613  4942298
4.06443309784  4940654
4.13275909424  4940354
4.24615192413  4938659
4.35825610161  4938524
4.46716499329  4938188
4.57584309578  4933631
4.64240002632  4933442
4.74779605865  4933438
4.85812687874  4926913
4.93065094948  4926613
5.05036306381  4923947
5.16950488091  4921865
5.28161001205  4917286
5.3988161087  4916521
5.51345992088  4912676
5.62835288048  4911194
5.69835591316  4911075
5.79733204842  4910837
5.85610604286  4910510
5.95236110687  4907989
5.99021697044  4907924
6.08446598053  4907375
6.10340809822  4904679
6.10354590416  4904010
6.10438990593  4903622
6.11042690277  4903268
6.1106441021  4899580
6.1109380722  4891028
6.11154508591  4889945
6.11176109314  4889187
6.11191296577  4887792
6.11221790314  4865749
6.11266899109  4863849
6.11426591873  4861473
6.11463904381  4858647
6.12687897682  4857459
6.1287419796  4857402
6.13030409813  4855464
6.13145494461  4854693
6.13245987892  4847152
6.15000295639  4842709
6.16831088066  4842685
6.17018604279  4841658
6.17040205002  4840000
6.17156195641  4832743
6.19153404236  4831350
6.21801710129  4830970
6.2441239357  4827523
6.26357507706  4822834
6.2831659317  4820283
6.30215907097  4727619
6.32332110405  4724097
6.34347295761  4721986
6.36654901505  4720839
6.38562107086  4646005
6.40479898453  4640597
6.42435407639  4639080
6.44517302513  4626077
6.46451687813  4626012
6.4864590168  4623769
6.50653004646  4621198
6.52690911293  4601735
6.54759693146  4600584
6.56661701202  4597032
6.58598303795  4592658
6.60972189903  4592121
6.63055801392  4580763
6.65543007851  4490614
6.68172192574  4488928
6.70152688026  4488877
6.72129797935  4488578
6.74183487892  4487847
6.76219701767  4487695
6.78156900406  4485698
6.80127310753  4484539
6.82181692123  4484040
6.86586403847  4484015
6.87612509727  4483351
6.87626409531  4446410
6.88629293442  4442989
6.88682508469  4441368
6.88704109192  4440061
6.8873360157  4434984
6.88889408112  4427422
6.88903093338  4427123
6.88940405846  4424967
6.90055298805  4424538
6.90596795082  4424350
6.90927100182  4424109
6.90987896919  4423071
6.91100096703  4416900
6.91121602058  4414364
6.91151094437  4407145
6.91196203232  4404915
6.91209888458  4403202
6.91231393814  4399804
6.91300201416  4380416
6.91321802139  4376189
6.91485190392  4373533
6.91498994827  4368369
6.91520500183  4356034
6.91549897194  4341844
6.91587090492  4331196
6.91600799561  4329309
6.91663694382  4303221
6.9167740345  4302693
6.91714596748  4297310
6.91736006737  4297178
6.92162299156  4291740
6.93818688393  4288282
6.98320198059  4286695
7.04042506218  4286100
7.09999895096  4284785
7.16356110573  4284568
7.22239804268  4283381
7.28556394577  4280470
7.34804105759  4279304
7.40573596954  4278715
7.46285295486  4277153
7.53814196587  4273454
7.61905908585  4270233
7.70548295975  4270013
7.78119587898  4269874
7.85656189919  4269726
7.93634390831  4269244
8.01240897179  4267767
8.08976101875  4266542
8.12760090828  4266468
8.16595602036  4265882
8.22031998634  4265318
8.2582359314  4263751
8.31306195259  4263480
8.39754009247  4262043
8.46277189255  4261903
8.53263092041  4261055
8.59863400459  4260415
8.65573811531  4254957
8.71277999878  4254608
8.76909899712  4252066
8.82621788979  4251011
8.88655805588  4250858
8.94761896133  4248917
9.03908395767  4248839
9.11721396446  4248378
9.19291591644  4247239
9.27501010895  4246103
9.36964201927  4239599
9.42685508728  4239405
9.52327990532  4239348
9.61736989021  4238832
9.7121720314  4238126
9.76892805099  4237532
9.86334490776  4230329
9.9731490612  4230004
10.0867290497  4228992
10.1448249817  4227951
10.2419788837  4227831
10.3371610641  4226429
10.4553380013  4224806
10.5650160313  4223567
10.6673910618  4165433
10.7350990772  4164754
10.8355300426  4153766
10.8970000744  4151846
10.996409893  4151725
11.097121954  4149200
11.1947870255  4146648
11.3192920685  4145813
11.4210109711  4145679
11.5174911022  4145261
11.6195390224  4126447
11.7182579041  4126032
11.8164401054  4125038
11.913287878  4123182
12.0097930431  4118577
12.1152739525  4118511
12.210285902  4117161
12.3118228912  4116614
12.4094688892  4116180
12.5047829151  4113642
12.6051418781  4113340
12.706348896  4112289
12.8017718792  4111862
12.8974230289  4111849
12.9912059307  4111024
13.0862770081  4111000
13.1816260815  4110010
13.2904450893  4109768
13.3857090473  4109154
13.5500440598  4106422
13.6993420124  4106357
13.8487570286  4105163
14.0212130547  4104675
14.1954131126  4102352
14.3658220768  4102044
14.5360889435  4101177
14.704556942  4101025
14.8854808807  4100814
15.0590000153  4093081
15.2261068821  4092695
15.4017028809  4081839
15.5847449303  4081707
15.7538340092  4080510
15.9368190765  4080362
16.1180520058  4080117
16.3006498814  4079731
16.4754829407  4079659
16.6431899071  4078428
16.8116149902  4078125
16.9848740101  4076773
17.1648290157  4076512
17.3470981121  4074780
17.5529110432  4074365
17.7297990322  4074203
17.9719319344  4073708
18.1962339878  4073560
18.4353160858  4072836
18.6598680019  4072272
18.8820300102  4069655
19.1105148792  4068642
19.345594883  4066442
19.5709729195  4066388
19.7961258888  4066169
20.024682045  4063646
20.2656829357  4062905
20.4950909615  4062432
20.7335441113  4061372
20.9644908905  4061276
21.2361540794  4061186
21.4923100471  3945633
21.7462670803  3942780
21.9858679771  3939130
22.2422890663  3938440
22.4942269325  3933526
22.5617189407  3932185
22.649353981  3931096
22.7157990932  3929303
22.7801709175  3929058
22.8650209904  3926122
22.9319109917  3925877
23.0442020893  3925566
23.202778101  3919281
23.2622768879  3917985
23.348457098  3917973
23.4352619648  3916481
23.5523190498  3916294
23.6486229897  3915818
23.7638819218  3915431
23.9504880905  3915133
24.1231019497  3914884
24.3020200729  3914029
24.5729370117  3913463
24.7838718891  3913097
24.9982309341  3909537
24.9993860722  3909205
24.9995529652  3909036
25.0136499405  3908950
25.0141019821  3904496
25.0148479939  3890578
25.0151329041  3829816
25.0210380554  3824279
25.0225141048  3737600
25.022701025  3737219
25.0253911018  3734681
25.0261271  3733733
25.0282900333  3733649
25.0286118984  3733361
25.0295550823  3731091
25.0296919346  3727525
25.0309898853  3727247
25.0333430767  3724219
25.0364820957  3720796
25.0514240265  3720697
25.0516960621  3719854
25.0520350933  3711974
25.063051939  3711810
25.0839989185  3711642
25.0841469765  3709764
25.0953080654  3705555
25.2946169376  3704976
25.527381897  3704064
25.8433508873  3703603
26.235626936  3703124
26.6006510258  3702332
27.0084331036  3702132
27.4132599831  3702050
27.8306589127  3701115
28.2608659267  3701018
28.6713221073  3700909
28.9098129272  3700568
29.1742010117  3700441
29.4296479225  3700215
29.6750240326  3699876
30.0794670582  3697471
30.5432569981  3697438
31.0306389332  3696881
31.5559968948  3696779
32.0582818985  3696582
32.5117399693  3696067
32.921323061  3695907
33.3609540462  3694668
33.4249260426  3694663
33.4906480312  3694339
33.5576510429  3694026
34.1037869453  3693326
34.6247708797  3687754
35.2380449772  3683099
35.8600149155  3681113
36.4927120209  3656961
36.5159389973  3656440
36.5367910862  3656432
36.6507658958  3654474
36.8191699982  3649938
37.1567649841  3649811
37.4250450134  3649295
37.6462209225  3649166
37.8888919353  3648943
38.1704781055  3647330
38.4413940907  3645860
39.0214149952  3645692
39.6596450806  3615624
40.1495480537  3615485
40.6243150234  3615410
41.1735839844  3608510
41.7096369267  3565948
42.315212965  3553463
42.9074690342  3533151
43.3874781132  3532091
43.8697659969  3530993
44.3580110073  3530772
44.8870589733  3530540
45.4138629436  3529398
46.0445129871  3529162
46.6420640945  3528736
47.2303519249  3528725
47.8121750355  3528721
48.3731880188  3528703
49.0404729843  3527735
49.6673209667  3487400
49.9179260731  3487123
50.1597080231  3486860
