0.51 6053947
0.51 6048872
0.51 6023603
0.51 5911255
0.52 5909046
0.54 5883982
0.54 5881773
0.54 5880292
0.55 5877375
0.55 5860717
0.59 5805536
0.60 5803327
0.65 5792135
0.70 5790546
0.86 5783541
0.87 5781952
0.87 5771212
0.87 5769623
0.91 5771115
0.92 5748567
0.97 5734460
0.98 5732871
2.27 5722505
2.27 5698894
2.30 5697305
3.11 5690587
3.12 5688998
5.63 5688254
6.49 5684448
6.50 5682859
7.92 5680754
7.92 5679165
8.03 5658157
8.03 5656568
8.71 5658136
8.71 5639782
11.61 5633045
18.94 5630683
30.25 5621731
72.54 5598744
72.69 5597155
95.95 5563178
96.39 5561589
243.41 5554999
256.68 5548262
291.96 5545900
356.05 5543943
