0.0699999332428  5709742
0.0699999332428  5671257
0.0699999332428  5654736
0.0699999332428  5597510
0.0699999332428  5489772
0.0699999332428  5475383
0.0699999332428  5417682
0.0699999332428  5311770
0.0699999332428  5270794
0.0699999332428  5252435
0.0699999332428  5244533
0.0699999332428  5232531
0.0699999332428  5161346
0.0699999332428  5074143
0.0699999332428  5067585
0.0699999332428  5028465
0.0699999332428  4997988
0.0699999332428  4956212
0.0699999332428  4924513
0.0699999332428  4912960
0.0699999332428  4879831
0.0699999332428  4768026
0.0699999332428  4734163
0.0699999332428  4706765
0.0699999332428  4690722
0.0699999332428  4679429
0.0699999332428  4676155
0.0699999332428  4649361
0.0699999332428  4641804
0.0699999332428  4614654
0.0699999332428  4609098
0.0699999332428  4508260
0.0699999332428  4439210
0.0699999332428  4421779
0.0699999332428  4398668
0.0699999332428  4378120
0.0699999332428  4298704
0.0699999332428  4297147
0.0699999332428  4292168
0.0699999332428  4291474
0.0699999332428  4250045
0.0699999332428  4144949
0.0699999332428  4133932
0.0699999332428  4126620
0.0699999332428  4109850
0.0699999332428  4098623
0.0699999332428  4079852
0.0699999332428  4072585
0.0699999332428  4063632
0.0699999332428  4042896
0.0699999332428  4021740
0.0699999332428  4010144
0.0699999332428  3987845
0.0699999332428  3986818
0.0699999332428  3976573
0.0699999332428  3912055
0.0699999332428  3898030
0.0699999332428  3897160
0.0699999332428  3870724
0.0699999332428  3858461
0.0699999332428  3854822
0.0800001621246  3847673
0.0800001621246  3834629
0.0800001621246  3832584
0.0800001621246  3642539
0.0800001621246  3625274
0.0800001621246  3592676
0.0800001621246  3573810
0.0800001621246  3557489
0.0800001621246  3546868
0.0800001621246  3532737
0.0800001621246  3530369
0.0800001621246  3528634
0.0800001621246  3491264
0.0800001621246  3469581
0.0800001621246  3445925
0.0800001621246  3440874
0.0800001621246  3438197
0.0800001621246  3412072
0.0800001621246  3406753
0.0800001621246  3404585
0.0800001621246  3402218
0.0800001621246  3381695
0.0800001621246  3379720
0.0800001621246  3378719
0.0800001621246  3367026
0.0910000801086  3365437
0.0910000801086  3362761
0.0910000801086  3338020
0.0910000801086  3326127
0.0910000801086  3235061
0.0920000076294  3221189
0.0929999351501  3219992
0.0929999351501  3219153
0.0940001010895  3218394
0.0940001010895  3208195
0.0980000495911  3202939
0.0980000495911  3178332
0.0989999771118  3175750
0.0989999771118  3168732
0.0989999771118  3139416
0.0989999771118  3130700
0.0989999771118  3114629
0.0989999771118  3114162
0.0989999771118  3106456
0.0989999771118  3073630
0.0989999771118  3062799
0.0989999771118  3032180
0.0989999771118  3002826
0.108999967575  2984144
0.108999967575  2962655
0.108999967575  2953988
0.108999967575  2951058
0.108999967575  2945111
0.108999967575  2935736
0.108999967575  2920308
0.108999967575  2868803
0.108999967575  2857379
0.108999967575  2850033
0.108999967575  2849515
0.118999958038  2845796
0.118999958038  2837836
0.118999958038  2808125
0.118999958038  2799698
0.118999958038  2796898
0.118999958038  2795039
0.118999958038  2786223
0.128999948502  2774918
0.128999948502  2762721
0.128999948502  2762064
0.128999948502  2739319
0.128999948502  2735972
0.138999938965  2729880
0.138999938965  2724178
0.138999938965  2723689
0.138999938965  2719256
0.138999938965  2697593
0.138999938965  2664319
0.138999938965  2664106
0.138999938965  2660087
0.138999938965  2653460
0.138999938965  2651618
0.138999938965  2649214
0.138999938965  2634577
0.148999929428  2630154
0.148999929428  2618711
0.148999929428  2586685
0.148999929428  2580075
0.148999929428  2572749
0.148999929428  2542862
0.148999929428  2542479
0.148999929428  2507269
0.148999929428  2500367
0.148999929428  2484657
0.148999929428  2483908
0.148999929428  2482556
0.148999929428  2473803
0.148999929428  2462947
0.148999929428  2458923
0.148999929428  2447459
0.15900015831  2440806
0.15900015831  2434029
0.15900015831  2429224
0.15900015831  2424844
0.15900015831  2379860
0.15900015831  2378153
0.169000148773  2376789
0.169000148773  2376488
0.179000139236  2374034
0.179000139236  2365146
0.179000139236  2347093
0.179000139236  2345223
0.19000005722  2326252
0.190999984741  2324221
0.192000150681  2317864
0.193000078201  2309742
0.193000078201  2302145
0.194000005722  2298031
0.199000120163  2270427
0.199000120163  2268591
0.199000120163  2263605
0.199000120163  2251158
0.199000120163  2251089
0.199000120163  2186265
0.209000110626  2177566
0.219000101089  2175880
0.219000101089  2160776
0.219000101089  2159441
0.219000101089  2140807
0.219000101089  2124252
0.229000091553  2113224
0.229000091553  2102611
0.229000091553  2088897
0.229000091553  2087444
0.229000091553  2062354
0.229000091553  2060982
0.229000091553  2059868
0.239000082016  2057707
0.239000082016  2046252
0.239000082016  2036820
0.239000082016  2035869
0.239000082016  2031019
0.239000082016  2020292
0.249000072479  2006455
0.249000072479  2003525
0.259000062943  2000499
0.259000062943  1995143
0.259000062943  1990786
0.269000053406  1990260
0.279000043869  1988085
0.279000043869  1978167
0.279000043869  1973791
0.279000043869  1971612
0.289000034332  1969646
0.289000034332  1968520
0.289000034332  1956642
0.301000118256  1948970
0.311000108719  1942531
0.311000108719  1940970
0.311000108719  1931951
0.321000099182  1924637
0.321000099182  1924597
0.321000099182  1916398
0.321000099182  1914096
0.321000099182  1905798
0.331000089645  1903591
0.341000080109  1902177
0.341000080109  1902155
0.341000080109  1901123
0.351000070572  1898256
0.351000070572  1887707
1.0529999733  1887425
1.06299996376  1887365
1.06299996376  1886040
1.06299996376  1884983
1.08299994469  1880844
1.09400010109  1872516
1.10899996758  1857634
1.11899995804  1857337
1.11899995804  1847948
1.13899993896  1847046
1.14899992943  1840629
1.14899992943  1840626
1.15900015831  1830232
1.742000103  1827137
1.742000103  1822696
1.75200009346  1805540
1.75200009346  1798525
1.75200009346  1797863
1.75200009346  1795462
1.76200008392  1795433
1.77200007439  1789921
1.77200007439  1786664
1.78200006485  1758139
1.78200006485  1745762
1.78200006485  1745238
1.79500007629  1742457
1.79600000381  1737165
1.79699993134  1736740
2.85000014305  1731610
2.85000014305  1731058
2.86000013351  1730154
2.86000013351  1679228
2.86000013351  1676307
2.86000013351  1675239
2.87000012398  1654303
2.87000012398  1651224
2.87000012398  1645446
2.88000011444  1641948
2.8900001049  1638448
2.8900001049  1636155
2.91100001335  1619146
2.91100001335  1613730
2.91100001335  1611675
2.91100001335  1609405
2.91100001335  1595560
2.93099999428  1590644
2.93099999428  1584529
2.94099998474  1581346
2.94099998474  1574583
2.9509999752  1574368
2.9509999752  1565531
2.96099996567  1564018
2.97099995613  1558663
2.97099995613  1556334
2.98099994659  1544467
2.99300003052  1542832
2.99300003052  1542251
2.99399995804  1507088
2.9960000515  1494723
2.99900007248  1492508
3.0110001564  1489387
3.0110001564  1481894
3.02100014687  1477649
3.02100014687  1477614
3.02100014687  1474691
3.03100013733  1467893
3.03100013733  1463517
3.03100013733  1462893
3.05100011826  1458805
3.07100009918  1454372
3.07100009918  1454074
3.08100008965  1451502
3.09800004959  1448310
3.09899997711  1448054
3.10899996758  1445833
3.11899995804  1439023
3.11899995804  1432485
3.11899995804  1399896
3.13899993896  1398061
3.13899993896  1397822
3.14899992943  1393459
3.15900015831  1393088
3.17900013924  1381854
378.011000156  1374505
378.021000147  1373777
378.021000147  1366955
378.021000147  1354448
378.031000137  1350529
378.041000128  1330502
378.041000128  1323457
