0.0460000038147  5907388
0.0460000038147  5903877
0.0460000038147  5885582
0.0460000038147  5871875
0.0460000038147  5854256
0.0460000038147  5801360
0.0460000038147  5754641
0.047000169754  5725279
0.047000169754  5529765
0.0480000972748  5516707
0.0480000972748  5493948
0.0480000972748  5479884
0.0480000972748  5435141
0.0490000247955  5410618
0.0490000247955  5391273
0.0490000247955  5386802
0.0499999523163  5380977
0.0510001182556  5362643
0.0510001182556  5321172
0.0520000457764  5299619
0.0520000457764  5219845
0.0529999732971  5216195
0.0529999732971  5208791
0.0529999732971  5207378
0.0540001392365  5196283
0.0540001392365  5178451
0.0540001392365  5175717
0.055999994278  5121388
0.0570001602173  5093486
0.0590000152588  5092158
0.0590000152588  5089630
0.0610001087189  5085703
0.0620000362396  5059164
0.0640001296997  5053721
0.0640001296997  5006791
0.0659999847412  4978038
0.0659999847412  4938960
0.0659999847412  4937775
0.0659999847412  4902482
0.069000005722  4887704
0.069000005722  4886070
0.0729999542236  4863286
0.0910000801086  4848996
0.111000061035  4846788
0.133000135422  4843662
0.151999950409  4828813
0.170000076294  4801174
0.18799996376  4781228
0.206000089645  4734922
0.223999977112  4722747
0.242000102997  4693669
0.259999990463  4644242
0.279000043869  4635042
0.297000169754  4574774
0.31500005722  4570582
0.334000110626  4568300
0.351999998093  4561637
0.370000123978  4560208
0.388999938965  4548648
0.407999992371  4538560
0.427000045776  4525081
0.446000099182  4511991
0.463999986649  4511884
0.482000112534  4483749
0.5  4436445
0.518000125885  4433411
0.536999940872  4414413
0.557000160217  4409903
0.575000047684  4407530
0.594000101089  4405457
0.611999988556  4350280
0.630000114441  4336324
0.648000001907  4299939
0.666000127792  4298765
0.68499994278  4259063
0.703000068665  4223444
0.720999956131  4178001
0.739000082016  4177866
0.758000135422  4136170
0.778000116348  4131833
0.796000003815  4127414
0.81500005722  4100462
0.834000110626  4066823
0.853000164032  4063501
0.871000051498  4031204
0.890000104904  4020484
0.907999992371  4012506
0.927000045776  4010144
0.947000026703  4008880
0.966000080109  3996280
0.983999967575  3986477
1.0039999485  3954981
1.02300000191  3952111
1.04299998283  3940949
1.07000017166  3916835
1.08899998665  3882783
1.11000013351  3874632
1.12400007248  3865026
1.12400007248  3864061
1.13499999046  3847502
1.14900016785  3828484
1.14900016785  3816215
1.1779999733  3799418
1.20200014114  3798927
1.23099994659  3798898
1.25300002098  3794331
1.28200006485  3791238
1.31100010872  3778731
1.34299993515  3751304
1.36500000954  3750747
1.39700007439  3750219
1.42600011826  3745248
1.4470000267  3742142
1.47600007057  3715031
1.5039999485  3634195
1.52500009537  3633705
1.55400013924  3611387
1.5759999752  3604446
1.60400009155  3591570
1.625  3591013
1.65700006485  3584320
1.67900013924  3576239
1.71099996567  3522917
1.73300004005  3522508
1.76300001144  3501350
1.78400015831  3496038
1.81299996376  3494374
1.84299993515  3490503
1.87199997902  3482371
1.90000009537  3463993
1.92900013924  3459397
1.95700001717  3445702
1.98900008202  3440605
2.0110001564  3440132
2.03900003433  3394433
2.05999994278  3388659
2.08899998665  3362714
2.11000013351  3361245
2.13800001144  3345374
2.16900014877  3336925
2.19099998474  3329200
2.21900010109  3233268
2.25100016594  3170385
2.28200006485  3170315
2.3140001297  3164865
2.35100007057  3094785
2.38300013542  3080070
2.41499996185  3060672
2.44600009918  3060323
2.47500014305  3057227
2.49699997902  3056818
2.52600002289  3050498
2.54700016975  3044460
2.5759999752  3043563
2.60400009155  2969370
2.63400006294  2942337
2.66100001335  2926947
2.69000005722  2923908
2.71200013161  2923653
2.74000000954  2915886
2.76900005341  2906636
2.79100012779  2905713
2.81900000572  2897164
2.84100008011  2896755
2.86899995804  2880898
2.8900001049  2879416
2.91900014877  2878147
2.94799995422  2876938
2.97699999809  2864431
3.00900006294  2803917
3.04100012779  2803017
3.08700013161  2788750
3.11899995804  2787614
3.15300011635  2786696
3.18600010872  2716255
3.21900010109  2707439
3.2539999485  2706077
3.28699994087  2685300
3.32000017166  2682433
3.35100007057  2681125
3.38300013542  2679274
3.41400003433  2674432
3.44500017166  2670297
3.47699999809  2663500
3.50800013542  2659840
3.53900003433  2658845
3.57299995422  2655092
3.60400009155  2639152
3.63800001144  2629552
3.67000007629  2623110
3.70200014114  2613426
3.73600006104  2567574
3.76699995995  2566116
3.79800009727  2563335
3.84000015259  2561879
3.88100004196  2557470
3.92600011826  2549471
3.96399998665  2549254
3.9960000515  2549215
4.04999995232  2545541
4.10400009155  2543607
4.15799999237  2530528
4.21300005913  2525644
4.26600003242  2524011
4.32299995422  2523747
4.37800002098  2522942
4.43099999428  2520123
4.48399996758  2515070
4.54100012779  2477431
4.59299993515  2477315
4.64499998093  2472114
4.70200014114  2471181
4.75900006294  2453942
4.81100010872  2453585
4.867000103  2451816
4.92000007629  2441843
4.97099995613  2425335
5.02300000191  2424056
5.07299995422  2418012
5.12400007248  2407591
5.18000006676  2400540
5.23099994659  2352673
5.28400015831  2352291
5.33400011063  2336819
5.39100003242  2326474
5.45300006866  2318825
5.50500011444  2318185
5.55500006676  2309841
5.60599994659  2306744
5.65600013733  2305803
5.71300005913  2303955
5.77200007439  2256122
5.83100008965  2252854
5.88300013542  2252214
5.93400001526  2202231
5.98600006104  2194857
6.04400014877  2187055
6.11100006104  2158993
6.17499995232  2142062
6.23900008202  2108614
6.30700016022  2101452
6.36899995804  2094138
6.43300008774  2085796
6.49800014496  2079547
6.56200003624  2069089
6.625  2065766
6.69099998474  2059297
6.75800013542  2058333
6.82299995422  2053746
6.89100003242  2048653
6.95300006866  2046110
7.02200007439  1994403
7.08400011063  1993812
7.15100002289  1983942
7.21399998665  1980849
7.28200006485  1928714
7.34599995613  1928130
7.41499996185  1922444
7.47800016403  1921957
7.54600000381  1896976
7.60800004005  1896385
7.6779999733  1890238
7.74000000954  1888667
7.80900001526  1888168
7.87800002098  1880295
7.94600009918  1876703
8.01600003242  1844808
8.08599996567  1793183
8.15799999237  1786184
8.22800016403  1783776
8.30100011826  1775886
8.37199997902  1771862
8.4430000782  1767840
8.51999998093  1767351
8.59599995613  1752989
8.67100000381  1749586
8.75100016594  1749235
8.83000016212  1732284
8.91300010681  1708726
8.992000103  1699150
9.0720000267  1680131
9.15300011635  1675012
9.23699998856  1654416
9.31599998474  1617743
9.39499998093  1609732
9.47399997711  1564198
9.55599999428  1563456
9.63499999046  1561990
9.71399998665  1538714
9.79400014877  1538259
9.87700009346  1529431
9.95700001717  1527433
10.0369999409  1500854
10.118999958  1463834
10.2030000687  1462679
10.2860000134  1456040
10.3710000515  1425816
10.4520001411  1417675
10.5480000973  1416968
10.6410000324  1416406
10.7330000401  1411499
10.8270001411  1402319
10.9179999828  1401035
11.006000042  1400807
11.0950000286  1399129
11.1909999847  1367989
11.3029999733  1365916
11.4210000038  1361087
11.5429999828  1360951
11.6610000134  1360776
11.7790000439  1359194
11.8960001469  1356726
12.0150001049  1355440
12.1380000114  1349838
12.2569999695  1348901
12.3849999905  1348857
12.5099999905  1348775
12.6360001564  1346800
12.763999939  1346706
12.8910000324  1346639
13.0199999809  1338020
13.1470000744  1337983
13.2790000439  1331113
13.4140000343  1327271
13.5570001602  1324832
13.7030000687  1323885
13.8450000286  1321234
13.8960001469  1320367
13.9500000477  1319720
14.0940001011  1315477
14.242000103  1312890
14.3919999599  1286818
14.5450000763  1277179
14.6940000057  1275657
14.8440001011  1275592
14.993999958  1259526
15.1440000534  1246977
15.2980000973  1246622
15.4490001202  1241631
15.6050000191  1210091
15.756000042  1209719
15.9090001583  1206132
16.0620000362  1204653
16.2179999352  1199821
16.3710000515  1198644
16.5250000954  1190537
16.6760001183  1189873
16.8289999962  1182584
16.9809999466  1177910
17.138999939  1175849
17.2920000553  1170126
17.4520001411  1166532
17.6059999466  1158020
17.7569999695  1155108
17.9200000763  1148900
18.0770001411  1137408
18.228000164  1136483
18.381000042  1135949
18.5390000343  1128639
18.6940000057  1124932
18.853000164  1108629
19.0080001354  1104482
19.1619999409  1103681
19.3220000267  1101927
19.4750001431  1101393
19.6300001144  1092796
19.7869999409  1053148
19.9450001717  1053084
20.0989999771  1051485
20.2580001354  1046483
20.4130001068  1045930
20.5700001717  1043376
20.7230000496  1042782
20.8800001144  1042167
21.0360000134  1041030
21.1950001717  1036445
21.3550000191  1034998
21.5160000324  1033194
21.6770000458  1025075
21.8400001526  993102
22.0050001144  990143
22.1619999409  986223
22.3200001717  983736
22.4800000191  982957
22.6430001259  957993
22.8070001602  954428
22.9620001316  951563
23.1240000725  947968
23.2860000134  946591
23.4570000172  946589
23.6270000935  932833
23.7999999523  927826
23.9720001221  922799
24.1410000324  909734
24.3129999638  907437
24.4830000401  907125
24.6540000439  902647
24.8259999752  901047
25.0010001659  898170
25.1749999523  887424
25.3570001125  887210
25.5340001583  884892
25.7090001106  883057
25.8910000324  882976
26.0680000782  869119
26.256000042  868857
48.6549999714  852625
48.8380000591  850570
49.0180001259  850106
49.1950001717  849700
49.3760001659  848816
49.5550000668  848803
49.7380001545  841494
49.9210000038  841454
349.391000032  840478
349.570000172  839502
570.210999966  833426
570.38499999  831770
570.562000036  829502
570.739000082  827178
570.917999983  827144
