0.0135221481323  10295615
0.0136160850525  10193815
0.013818025589  10188698
0.013885974884  10163209
0.0139541625977  10077002
0.0142161846161  10052391
0.0142831802368  9990378
0.0143511295319  9918214
0.0144190788269  9846514
0.0144860744476  9820781
0.0146181583405  9820188
0.0147500038147  9457477
0.0148820877075  9450646
0.0150790214539  9428622
0.0151469707489  9097156
0.0154070854187  8977804
0.0154750347137  8975972
0.0155420303345  8959927
0.0156090259552  8959051
0.0156769752502  8931770
0.015753030777  8696312
0.0158171653748  8628159
0.0158801078796  8599416
0.0159430503845  8566953
0.0161271095276  8522044
0.016312122345  8443088
0.0165159702301  8439142
0.0166411399841  8421591
0.0168240070343  8394643
0.0168881416321  8388606
0.0170111656189  8360312
0.0170741081238  8352609
0.0174381732941  8338948
0.0176830291748  8321711
0.0179259777069  8313594
0.0181710720062  8267112
0.0182950496674  8253646
0.0183579921722  8228425
0.0184810161591  8179050
0.0185441970825  8163337
0.0187890529633  8135211
0.018972158432  8054177
0.0192160606384  8023901
0.0199391841888  8012278
0.02006316185  8010337
0.0202469825745  8004838
0.0203101634979  7925414
0.0215749740601  7905477
0.0216991901398  7901228
0.0220010280609  7815058
0.022243976593  7813585
0.0223670005798  7809077
0.0226700305939  7805242
0.0227341651917  7769117
0.0229170322418  7766008
0.0232801437378  7663170
0.0235831737518  7626355
0.023707151413  7491894
0.024738073349  7473540
0.025160074234  7467491
0.0255491733551  7439082
0.0256760120392  7366421
0.025918006897  7340847
0.0260410308838  7284837
0.0262820720673  7240364
0.0264050960541  7236724
0.0268821716309  7192820
0.0270051956177  7186870
0.0271279811859  7170457
0.0278351306915  7064442
0.027957201004  6965410
0.0289080142975  6894326
0.0293281078339  6893936
0.0311269760132  6871985
0.031200170517  6866434
0.0312721729279  6698136
0.031622171402  6555921
0.0318319797516  6519506
0.0333549976349  6518312
0.033429145813  6510766
0.0336401462555  6487335
0.0337121486664  6456577
0.0340611934662  6372913
0.0342030525208  6369295
0.0360171794891  6367870
0.0361499786377  6354078
0.0370540618896  6342591
0.0382661819458  6274820
0.0384511947632  6266829
0.0395560264587  6250341
0.0403370857239  6230006
0.0407330989838  6186010
0.0433211326599  6158595
0.043760061264  6155634
0.044193983078  6127899
0.0447561740875  6123850
0.0453140735626  6094536
0.0459771156311  6093786
0.0465049743652  6083656
0.0467681884766  6080605
0.047737121582  6072475
0.0478050708771  6030515
0.0483269691467  5996830
0.0485241413116  5996660
0.0485920906067  5923263
0.0515069961548  5920707
0.0517761707306  5917048
0.0559921264648  5911416
0.0584361553192  5897668
0.0595550537109  5881387
0.0606300830841  5880167
0.0645949840546  5875561
0.0655920505524  5871923
0.068027973175  5846307
0.0684070587158  5836742
0.0696821212769  5790981
0.0700540542603  5790796
0.0708520412445  5786280
0.071280002594  5745304
0.0720071792603  5744136
0.0750601291656  5743383
0.0767750740051  5723709
0.0780000686646  5723020
0.0786499977112  5711837
0.0789341926575  5669822
0.0793490409851  5669791
0.0804951190948  5646296
0.0819311141968  5644422
0.0840570926666  5631373
0.0845460891724  5621111
0.0846099853516  5581505
0.0870311260223  5561921
0.087767124176  5554465
0.0879521369934  5550887
0.0901901721954  5549920
0.0903301239014  5524534
0.0915200710297  5522674
0.0958681106567  5522451
0.0969309806824  5490927
0.101508140564  5486685
0.102419137955  5408743
0.102725982666  5273757
0.104598999023  5264732
0.107189178467  5256564
0.10791516304  5253445
0.109419107437  5210861
0.110686063766  5191210
0.111174106598  5189412
0.11256313324  5169963
0.112806081772  5086765
0.113650083542  5067141
0.114015102386  5021472
0.114139080048  4985386
0.115162134171  4979279
0.115828037262  4964313
0.11613202095  4949027
0.118911027908  4931473
0.119180202484  4916299
0.125706195831  4897242
0.12656211853  4851277
0.127177000046  4833756
0.141421079636  4833430
0.142139196396  4827841
0.14275097847  4825877
0.142821073532  4804358
0.142946004868  4713605
0.144757032394  4705145
0.145819187164  4700292
0.146353006363  4694517
0.147113084793  4693531
0.148208141327  4588082
0.151401042938  4566786
0.155922174454  4560408
0.156850099564  4553904
0.158971071243  4553761
0.159034967422  4539085
0.160616159439  4535755
0.16336607933  4532590
0.164157152176  4526964
0.165433168411  4526850
0.169995069504  4504368
0.170188188553  4493819
0.17121219635  4448120
0.173166036606  4436513
0.174700021744  4433878
0.180473089218  4424516
0.186326026917  4424397
0.187060117722  4389763
0.18851518631  4388797
0.190458059311  4379939
0.193634986877  4377111
0.19714307785  4351466
0.197288036346  4335401
0.198611974716  4302054
0.199454069138  4295261
0.20120716095  4280900
0.201533079147  4279323
0.203719139099  4272026
0.205353975296  4269210
0.208256006241  4254258
0.208867073059  4140994
0.212090015411  4134165
0.212638139725  4117018
0.213188171387  4110723
0.219668149948  4110441
0.220036029816  4090678
0.220650196075  4088554
0.22283411026  4088404
0.223442077637  4082471
0.224732160568  3983289
0.225347995758  3960162
0.226478099823  3900239
0.22672700882  3897027
0.228006124496  3886536
0.230022192001  3880714
0.23038816452  3871836
0.233964204788  3860870
0.234754085541  3855806
0.236210107803  3854168
0.236999988556  3852081
0.239054203033  3846793
0.240535020828  3845393
0.251845121384  3833456
0.252887010574  3833096
0.253215074539  3826869
0.256610155106  3784168
0.257919073105  3771473
0.258315086365  3763549
0.259355068207  3747053
0.260061979294  3726080
0.260128974915  3721406
0.260684967041  3718136
0.26384806633  3669140
0.267238140106  3662111
0.268836021423  3635109
0.269325971603  3626797
0.269937992096  3621528
0.274438142776  3572548
0.275725126266  3571754
0.278470039368  3570695
0.279386997223  3551796
0.280368089676  3526883
0.281602144241  3526228
0.282252073288  3519307
0.282565116882  3510817
0.283493041992  3510321
0.284068107605  3500099
0.284317970276  3500056
0.285899162292  3470711
0.287837982178  3462895
0.289646148682  3462734
0.290544986725  3462491
0.29413318634  3461540
0.295866012573  3458703
0.296356201172  3437801
0.297514200211  3429369
0.297761201859  3424555
0.298828125  3416262
0.300297021866  3405967
0.301030158997  3386324
0.307705163956  3386101
0.308492183685  3377182
0.314279079437  3376571
0.315906047821  3371326
0.317354202271  3362517
0.318617105484  3359831
0.318680047989  3356491
0.319105148315  3355822
0.322890996933  3349613
0.323853969574  3349173
0.325275182724  3346869
0.332118988037  3342543
0.3334441185  3254871
0.335797071457  3230162
0.339823007584  3229585
0.340126991272  3171408
0.344408988953  3171292
0.346152067184  3169552
0.347720146179  3163472
0.349814176559  3163110
0.352500200272  3157964
0.353728055954  3132584
0.353796005249  3131470
0.354892015457  3130478
0.35600399971  3129985
0.358044147491  3124583
0.35883307457  3122249
0.359378099442  3116213
0.360104084015  3114109
0.362207174301  3106836
0.364492177963  3100347
0.364855051041  3097360
0.365879058838  3097324
0.36985206604  3092983
0.374776124954  3081642
0.389573097229  3074047
0.399222135544  3073167
0.40235209465  3071919
0.405492067337  3070749
0.407555103302  3069779
0.409929990768  3042844
0.411377191544  3041951
0.415711164474  3041859
0.42143201828  3039536
0.428162097931  3035718
0.435662984848  3031799
0.436388015747  3029954
0.441814184189  3029451
0.442902088165  3026808
0.444228172302  3026358
0.445072174072  2998603
0.446637153625  2954827
0.456111192703  2954520
0.47536611557  2944295
0.482617139816  2943149
0.484956979752  2931051
0.492192983627  2930842
0.494116067886  2893835
0.505393981934  2892504
0.508162975311  2889641
0.510027170181  2887832
0.511352062225  2869900
0.531172037125  2865259
0.535626173019  2865082
0.539412975311  2864380
0.551618099213  2862651
0.553069114685  2848831
0.556173086166  2847044
0.571187019348  2823157
0.575406074524  2822609
0.576133012772  2821950
0.584750175476  2790205
0.594492197037  2769516
0.594676971436  2768240
0.605642080307  2765985
0.616456985474  2765522
0.637196063995  2760606
0.639986991882  2743577
0.654097080231  2743372
0.661679983139  2742848
0.686878204346  2738487
0.688308000565  2731292
0.690747022629  2705695
0.731192111969  2703589
0.742326021194  2692498
0.760035037994  2692299
0.767923116684  2690217
0.773406982422  2686247
0.775639057159  2681173
0.779434204102  2680234
0.779852151871  2680117
0.789223194122  2653450
0.790428161621  2651958
0.806254148483  2646792
0.815087080002  2646716
0.836754083633  2634557
0.882388114929  2633144
0.885349988937  2620784
0.891379117966  2620323
0.896281003952  2619055
0.903697967529  2617227
0.903962135315  2617180
0.921260118484  2583462
0.938928127289  2581916
0.951229095459  2538629
0.951445102692  2536881
0.957517147064  2533951
0.963488101959  2528399
0.965975999832  2516739
0.966256141663  2504650
0.973978042603  2503517
0.974882125854  2499133
0.975848197937  2497660
0.990676164627  2487714
0.991047143936  2487107
0.995393037796  2465416
0.996723175049  2462693
1.00823307037  2447447
1.01371097565  2447356
1.02183413506  2444981
1.04062008858  2443804
1.05079007149  2443473
1.06399512291  2443256
1.06623315811  2442504
1.069190979  2441698
1.07407307625  2441149
1.07846498489  2431928
1.08820915222  2427161
1.10462808609  2426649
1.10607600212  2426299
1.11769509315  2425158
1.12052702904  2422844
1.12480306625  2399739
1.16721606255  2399131
1.17089605331  2398555
1.1829969883  2372955
1.23662209511  2372117
1.24407911301  2368861
1.30058097839  2368744
1.30210208893  2368704
1.34494018555  2367922
1.35653805733  2365583
1.41230010986  2359440
1.43187403679  2357173
1.43897104263  2356075
1.47123217583  2355612
1.48048305511  2355002
1.50766420364  2354715
1.53003716469  2354428
1.56191301346  2354040
1.56950306892  2353883
1.57279014587  2351779
1.5771791935  2351749
1.60800504684  2348712
1.72314310074  2348329
1.76328611374  2344308
1.77028107643  2341743
1.78142404556  2341718
1.815939188  2341482
1.93804907799  2339815
1.96714997292  2339666
2.00365018845  2338439
2.19572520256  2338198
2.26109004021  2337645
2.32566404343  2337143
2.39390707016  2336215
2.54892396927  2335932
2.60014915466  2330413
2.61434412003  2329183
2.97685313225  2327704
3.08117198944  2327600
3.09742617607  2326693
3.1777009964  2320264
3.24792909622  2317343
3.43092417717  2316478
