0.00941896438599  9290027
0.00956201553345  9238449
0.0098979473114  9141897
0.010017156601  9140881
0.0101790428162  9137408
0.0108189582825  9028107
0.0109541416168  8978125
0.0113439559937  8906164
0.0129170417786  8856322
0.0130951404572  8822193
0.0133600234985  8731361
0.0143439769745  8711125
0.0148060321808  8682528
0.0151810646057  8617991
0.0152561664581  8481675
0.0163660049438  8361394
0.0164420604706  8358154
0.0166029930115  8267850
0.0166780948639  8251860
0.0182011127472  8241279
0.0182960033417  8219300
0.0200769901276  8209449
0.0206151008606  8194949
0.0207061767578  8194271
0.0208461284637  8190473
0.0210320949554  8069809
0.0214130878448  8033748
0.0215470790863  8032522
0.0217399597168  7984186
0.022264957428  7891829
0.0223920345306  7878194
0.0243170261383  7866040
0.0266830921173  7855243
0.026801109314  7821456
0.0269620418549  7722601
0.0271661281586  7681994
0.0274121761322  7558260
0.027487039566  7474513
0.030219078064  7471315
0.0321359634399  7439805
0.0326859951019  7437438
0.032763004303  7425339
0.0329241752625  7393173
0.0352239608765  7381014
0.038966178894  7379589
0.039085149765  7283263
0.0392889976501  7237090
0.039962053299  7206071
0.040295124054  7100835
0.0404560565948  7085674
0.0405311584473  6980710
0.0406491756439  6953799
0.0407249927521  6950431
0.0410139560699  6873755
0.0410890579224  6856583
0.0412080287933  6841701
0.0415811538696  6782882
0.0429830551147  6656134
0.0431489944458  6654224
0.0435500144958  6536263
0.0436990261078  6531906
0.0448269844055  6476022
0.0449819564819  6462343
0.0455060005188  6323109
0.0473840236664  6249544
0.0490629673004  6146736
0.049152135849  6133302
0.0503840446472  6089629
0.0505170822144  6086861
0.050595998764  6085324
0.0508811473846  5968168
0.0510051250458  5959893
0.0527920722961  5911286
0.0528869628906  5815634
0.0550611019135  5771189
0.0551950931549  5755384
0.0556411743164  5686709
0.0559110641479  5678710
0.0593931674957  5678349
0.0607130527496  5613233
0.0608320236206  5605526
0.0611200332642  5569525
0.0617940425873  5561884
0.0641341209412  5534296
0.064483165741  5503442
0.0646481513977  5443896
0.0668561458588  5443762
0.0715291500092  5381456
0.0717990398407  5276980
0.0718841552734  5245046
0.0721771717072  5190044
0.0722961425781  5128320
0.0726771354675  5007629
0.0727961063385  4995884
0.0728721618652  4992320
0.073333978653  4976178
0.0734100341797  4873851
0.0740010738373  4854877
0.074077129364  4854467
0.0741951465607  4853293
0.0821931362152  4739903
0.0971419811249  4736302
0.115542173386  4672782
0.115750074387  4672261
0.133545160294  4612340
0.133679151535  4612287
0.146446943283  4533914
0.159810066223  4468607
0.159966945648  4468423
0.171674966812  4391804
0.186943054199  4378085
0.203255176544  4227313
0.203361988068  4226399
0.218798160553  4204431
0.232611179352  4200856
0.260458946228  4200384
0.274868965149  4192012
0.275005102158  4192001
0.302186012268  4141533
0.302273988724  4140383
0.325622081757  4035770
0.351802110672  4005441
0.366479158401  4004813
0.392807006836  3991451
0.406093120575  3982778
0.424201011658  3941515
0.451714038849  3914838
0.462113142014  3901892
0.478515148163  3863477
0.493947982788  3822103
0.507895946503  3758111
0.524206161499  3743489
0.538265943527  3687703
0.549697160721  3687603
0.549798965454  3687480
0.560358047485  3612872
0.570706129074  3557672
0.570798158646  3556635
0.584588050842  3470880
0.600697040558  3452289
0.620924949646  3395775
0.637933015823  3387003
0.657773017883  3386945
0.673693180084  3386843
0.688529968262  3294217
0.709118127823  3291008
0.726709127426  3284670
0.745097160339  3254814
0.76523399353  3199542
0.785565137863  3198113
0.802169084549  3191815
0.821897983551  3175176
0.841336965561  3158345
0.859877109528  3156169
0.875573158264  3154299
0.898412942886  3143278
0.93163394928  3128112
0.962784051895  3104979
0.992350101471  3104894
1.02024412155  3095294
1.04881811142  3089633
1.07563996315  3070589
1.1055150032  3066281
1.14029407501  3060431
1.17057394981  3021796
1.20370197296  3012138
1.25851106644  3008375
1.30864405632  2990828
1.35577917099  2971654
1.38154911995  2970262
1.41079711914  2968778
1.43951702118  2964751
1.47297310829  2927665
1.51376008987  2904408
1.55348110199  2886700
1.58974599838  2864552
1.63025307655  2862185
1.66863417625  2859483
1.70566415787  2822741
1.75676012039  2746618
1.80993509293  2715300
1.86848807335  2665044
1.9275290966  2658724
1.9890730381  2651039
2.01217317581  2637663
2.03709602356  2635514
2.0832221508  2629315
2.12918901443  2614032
2.16076803207  2601877
2.20397210121  2530834
2.24409508705  2526371
2.2819750309  2520896
2.31887817383  2520382
2.36932897568  2518707
2.41088104248  2517722
2.46387195587  2517200
2.509786129  2516830
2.56340813637  2516211
2.64438605309  2511342
2.72895598412  2496840
2.81899213791  2448780
2.91189002991  2443418
3.00884604454  2442968
3.11839604378  2437044
3.23147797585  2436235
3.42818117142  2430325
3.55391597748  2428062
3.64177703857  2375148
3.72885203362  2367837
3.8115530014  2361990
3.90586304665  2361563
4.01257610321  2331906
4.10535097122  2331605
4.19971394539  2322183
4.2908821106  2309089
4.37887811661  2308707
4.4793510437  2247770
4.5694129467  2244968
4.68609404564  2206553
4.7672700882  2202404
4.85024905205  2201821
4.93466114998  2185306
5.02445697784  2179944
5.12209296227  2179836
5.2069311142  2143724
5.32828998566  2124096
5.45270299911  2123101
5.57302904129  2114990
5.71109199524  2062646
5.80616497993  2059379
5.89324498177  2059142
5.98525905609  2058887
6.11232805252  2058491
6.25502514839  2055310
6.42839002609  2052337
6.62125611305  2048622
6.77231097221  2048442
6.95194816589  2046824
7.1285469532  2023865
7.27520108223  2018186
7.43099403381  2017110
7.59671497345  2016893
7.75322008133  2016717
7.95089912415  2008940
8.14190101624  1995628
8.33879709244  1994890
8.54763507843  1988188
9.19396805763  1987959
9.44093608856  1984654
9.75068998337  1982853
10.2042181492  1980449
10.4796690941  1978774
10.7179789543  1978264
10.9240701199  1966757
11.204018116  1966453
11.4830570221  1956527
11.7338759899  1950629
12.0035841465  1947430
12.2425041199  1941238
13.0885870457  1940795
13.6475861073  1938126
13.9256601334  1936771
14.2753939629  1935120
14.4977350235  1928404
14.707752943  1927253
14.9210431576  1924187
15.1440780163  1922059
15.412528038  1919496
15.6635711193  1912745
15.8999230862  1874388
16.161937952  1872147
16.3806409836  1867427
16.6169831753  1863559
16.8828690052  1862718
17.3107140064  1859170
17.5401611328  1853850
17.7696671486  1853461
18.0068531036  1852076
18.3178181648  1851285
18.5609560013  1847419
18.8559191227  1845417
19.0740380287  1843043
19.3003880978  1842016
19.5165319443  1841414
19.7669970989  1841006
20.0528070927  1839740
20.3236670494  1837588
20.5702250004  1828593
20.8211319447  1813403
21.0686531067  1802093
21.3063530922  1797282
21.5376591682  1794446
21.7589540482  1787344
21.9749209881  1761458
22.1921291351  1750046
22.4194409847  1738118
22.6663939953  1735997
22.9218261242  1718146
23.1632590294  1713026
23.3692290783  1711975
23.5702550411  1710324
23.7688629627  1701365
23.9697980881  1695448
24.1648001671  1694416
24.3766181469  1692382
24.5801460743  1691672
24.7848310471  1689676
25.0003881454  1685402
25.2017071247  1683079
25.402369976  1648488
25.6013391018  1641634
25.8014211655  1631309
26.0051970482  1609080
26.2053761482  1607848
26.4115781784  1602785
26.6130900383  1601915
26.8277060986  1600631
27.0347280502  1599760
27.2390789986  1599468
27.440582037  1585225
27.6485221386  1578847
27.8705611229  1578663
28.0916650295  1575756
28.3135740757  1574657
28.5374701023  1574588
28.7611761093  1567710
28.9828989506  1567091
29.2013399601  1564542
29.4189810753  1560133
29.6441800594  1558501
29.863681078  1557780
30.0915150642  1550139
30.3128931522  1549845
30.5341141224  1546175
30.756508112  1532647
30.9874200821  1529180
31.2060480118  1526433
31.4337720871  1525789
31.6547591686  1524385
31.8773550987  1523939
32.1037969589  1523055
32.3729259968  1522998
32.5965089798  1519315
32.8245761395  1519284
33.0445389748  1519194
33.266381979  1519190
33.4962389469  1519186
33.7189011574  1516427
33.9534649849  1516328
34.1823410988  1514197
34.4091620445  1514077
34.6589000225  1513267
34.9038021564  1510371
35.13540411  1507517
35.360902071  1504711
35.5827081203  1504463
35.8057689667  1501683
36.031591177  1501468
36.2656121254  1500867
36.4926249981  1500369
36.7216980457  1498861
36.9548051357  1498783
37.2000150681  1497676
37.4536011219  1496779
37.7010760307  1491586
37.9855101109  1490388
38.2723550797  1490172
38.5535130501  1489666
38.8323550224  1489525
39.1018021107  1489512
39.3580930233  1480449
39.6155321598  1480106
39.8708209991  1475324
40.1349880695  1464840
40.3608319759  1463547
40.5814480782  1459530
40.7792830467  1459087
40.9969689846  1452171
41.2040679455  1449702
41.4148011208  1449551
41.685090065  1444455
41.9640030861  1440820
42.2343010902  1411395
42.5233571529  1368119
42.7989120483  1359376
43.0702741146  1351654
43.3475861549  1347948
43.5657851696  1347453
43.7718360424  1338617
44.0412490368  1328058
44.3089489937  1326176
44.5873441696  1303881
44.8579521179  1283683
45.0688960552  1267276
45.3039619923  1263411
45.5504860878  1221584
89.2676160336  1208898
89.5395460129  1208299
89.8171629906  1206333
90.110514164  1203897
90.3851759434  1198117
90.6573941708  1197770
90.9453201294  1196229
91.2171230316  1196074
91.4895379543  1195994
91.7667000294  1195674
92.0564520359  1180752
92.363132  1179658
92.6486120224  1178594
92.9307730198  1178198
