0.00915384292603  9418924
0.00930094718933  9382161
0.00946402549744  9279974
0.00954103469849  9279145
0.00978684425354  9276175
0.00994801521301  9270426
0.0101928710938  9264840
0.0108728408813  9115806
0.0112929344177  9090410
0.0121810436249  9071510
0.0123000144958  8999306
0.0125460624695  8976754
0.0126638412476  8913802
0.0128240585327  8862981
0.0128998756409  8861873
0.0133998394012  8838372
0.0142879486084  8810648
0.0149579048157  8806867
0.0158879756927  8743580
0.0159640312195  8689917
0.016252040863  8668607
0.0175728797913  8660734
0.017648935318  8626936
0.0178089141846  8614172
0.0184788703918  8598438
0.0189468860626  8588528
0.0193939208984  8586305
0.0197110176086  8575972
0.0201148986816  8542519
0.0202388763428  8534282
0.0203158855438  8531599
0.0205199718475  8487441
0.0209379196167  8374622
0.0225999355316  8338663
0.0226838588715  8290943
0.0228028297424  8276286
0.0229649543762  8222181
0.0244579315186  8199557
0.0245349407196  8174799
0.0261180400848  8136078
0.026193857193  8128371
0.0263130664825  8095258
0.0279378890991  8075291
0.0280148983002  8040350
0.0300369262695  8006722
0.0302000045776  8002006
0.0305418968201  7996861
0.0308339595795  7994079
0.0312809944153  7924587
0.0319240093231  7919242
0.0323660373688  7912707
0.0346708297729  7881394
0.0347609519958  7849141
0.0373950004578  7813097
0.0375380516052  7783421
0.0399918556213  7765312
0.0400788784027  7661513
0.0428059101105  7658303
0.0451340675354  7653120
0.047914981842  7652864
0.0493459701538  7608154
0.0494298934937  7577385
0.0495519638062  7576755
0.0496399402618  7575412
0.0498549938202  7562096
0.0499589443207  7542515
0.0502638816833  7524219
0.0506930351257  7517006
0.0516619682312  7500676
0.0539388656616  7494484
0.0573279857635  7484617
0.060142993927  7472033
0.0602669715881  7459048
0.0604989528656  7328088
0.060751914978  7291018
0.0611288547516  7262740
0.0625748634338  7256979
0.062698841095  7202419
0.0629470348358  7192854
0.063982963562  7186784
0.0640859603882  7106760
0.0648989677429  7099650
0.0652220249176  7048204
0.0653860569  7047084
0.0660409927368  6961825
0.0691249370575  6960383
0.070652961731  6958507
0.0722329616547  6957664
0.0723149776459  6939564
0.0755939483643  6933541
0.0757620334625  6845686
0.0758810043335  6814249
0.0761320590973  6742196
0.0762510299683  6721759
0.0766680240631  6674890
0.0767428874969  6674499
0.0780739784241  6646677
0.0782179832458  6564952
0.0783829689026  6557625
0.0784599781036  6542774
0.0787048339844  6461721
0.0819008350372  6431874
0.081976890564  6417081
0.0838449001312  6411485
0.0840878486633  6379614
0.0842049121857  6330951
0.08633685112  6316484
0.0866229534149  6269462
0.0903630256653  6261139
0.0904428958893  6260146
0.0906870365143  6123986
0.0908050537109  6095624
0.0923709869385  6052532
0.0939710140228  6014113
0.0977549552917  5992231
0.0978758335114  5923693
0.0980360507965  5909212
0.0981130599976  5853833
0.0983588695526  5852607
0.102298021317  5839741
0.102377891541  5781757
0.105881929398  5758146
0.106168031693  5738631
0.106327056885  5736166
0.106443881989  5705596
0.106771945953  5600642
0.106847047806  5598497
0.10820889473  5596896
0.109061002731  5573136
0.110776901245  5568858
0.114786863327  5554861
0.119318008423  5543760
0.119708061218  5525665
0.119829893112  5448893
0.120164871216  5442393
0.12028503418  5440511
0.120445013046  5424917
0.12051987648  5422050
0.120938062668  5401417
0.121013879776  5384433
0.123296022415  5374673
0.123543024063  5360300
0.123872995377  5357119
0.128046989441  5339493
0.132418870926  5336271
0.132496833801  5334497
0.132614850998  5268569
0.132904052734  5267837
0.135776996613  5214302
0.140133857727  5203322
0.142246961594  5198868
0.142885923386  5188300
0.144386053085  5157432
0.150099992752  5116582
0.150187969208  5079246
0.152767896652  5068635
0.157866001129  5063728
0.163015842438  5019657
0.168674945831  5018976
0.175314903259  5013157
0.18080496788  5011165
0.186249017715  5010522
0.191505908966  4989657
0.196662902832  4963991
0.202976942062  4950162
0.210628986359  4942221
0.215599060059  4901077
0.221257925034  4865056
0.226958990097  4833533
0.232872009277  4832908
0.238000869751  4831271
0.24408698082  4830907
0.25079703331  4830154
0.256464004517  4759632
0.261904001236  4744107
0.267426013947  4738107
0.274868011475  4721245
0.281633853912  4717302
0.28772687912  4717031
0.29280591011  4701720
0.298166036606  4693077
0.30312204361  4688825
0.308665990829  4668616
0.317973852158  4654777
0.325106859207  4643367
0.330174922943  4639798
0.335067033768  4629887
0.340134859085  4576565
0.347184896469  4548236
0.356760978699  4527260
0.361812829971  4521638
0.366857051849  4519346
0.372928857803  4476138
0.379421949387  4474182
0.401795864105  4456965
0.406888961792  4450940
0.427263021469  4450485
0.448474884033  4450185
0.471168994904  4445070
0.491788864136  4436239
0.515548944473  4413825
0.521492004395  4409532
0.548473834991  4405964
0.573886871338  4402095
0.600453853607  4385831
0.628674030304  4374307
0.664680957794  4373821
0.689875841141  4364401
0.695960998535  4356715
0.716291904449  4348267
0.721392869949  4347362
0.726369857788  4346196
0.736098051071  4343422
0.747316837311  4336840
0.764045000076  4333301
0.778807878494  4313315
0.796591043472  4302909
0.812304973602  4258016
0.827612876892  4244705
0.844604969025  4204587
0.86378288269  4188937
0.888627052307  4184309
0.914769887924  4126012
0.939509868622  4125262
0.964216947556  4061578
0.988904953003  4040048
1.01462292671  3996779
1.04115200043  3979553
1.0662560463  3956962
1.09376502037  3956300
1.11926698685  3935714
1.14483499527  3927670
1.17114186287  3909646
1.19832396507  3868081
1.22461390495  3831397
1.25345301628  3820108
1.29969191551  3810480
1.3334338665  3806293
1.37492394447  3805487
1.43577289581  3763103
1.49379396439  3625675
1.55918884277  3584423
1.61891198158  3583959
1.67942500114  3534769
1.7398788929  3524892
1.80004096031  3478832
1.86542797089  3465028
1.92582893372  3448407
1.98875904083  3426267
2.05286693573  3426020
2.1113049984  3401223
2.17776584625  3393458
2.24617600441  3360121
2.30957484245  3359658
2.37213587761  3358629
2.4337580204  3358333
2.49694299698  3241884
2.554240942  3239389
2.61359000206  3229028
2.70034503937  3219968
2.79514598846  3212376
2.89156293869  3211390
2.98885989189  3194168
3.08021688461  3192108
3.14831590652  3178211
3.21197199821  3161199
3.27294397354  3160441
3.3341460228  3157865
3.39480185509  3136882
3.50507593155  3124202
3.63678383827  3113480
3.74973583221  3103356
3.86675691605  3086266
3.87621998787  3078006
3.88163590431  3072116
3.89108085632  3056483
3.90269994736  3035268
3.91265201569  3026735
3.92461705208  3011118
3.936221838  3007182
3.94913005829  3005640
3.96013903618  2999726
3.97199106216  2996624
3.9836499691  2992953
3.99408388138  2990074
4.00516200066  2989998
4.01502585411  2989947
4.02664494514  2978229
4.03651785851  2960478
4.04792404175  2937199
4.06074094772  2917337
4.07132196426  2916880
4.08121800423  2896934
4.09229397774  2892147
4.1021668911  2879306
4.11230897903  2873348
4.12232089043  2865598
4.13219189644  2864022
4.14213895798  2768633
4.15385198593  2766521
4.21382498741  2748799
4.27078390121  2745765
4.32628083229  2740977
4.37941789627  2720954
4.43561887741  2719290
4.49170684814  2719285
4.54505085945  2719077
4.59851002693  2718254
4.65559983253  2716362
4.66728591919  2715602
4.67862296104  2715297
4.69170498848  2712622
4.70096302032  2708296
4.75047087669  2689720
4.80806398392  2679954
4.86819791794  2646851
4.94432091713  2640199
4.99993491173  2635639
5.05432105064  2635141
5.12859988213  2627773
5.18278288841  2622406
5.24163603783  2618599
5.31474900246  2596224
5.38370704651  2545179
5.46241188049  2454557
5.53784704208  2439976
5.63630700111  2415827
5.75179195404  2405748
5.87927985191  2371620
5.96774506569  2361227
6.04803395271  2339929
6.12882184982  2264337
6.19298005104  2258590
6.25133395195  2258439
6.32979297638  2253556
6.40897083282  2252622
6.49120283127  2245492
6.57237291336  2225908
6.6402258873  2222888
6.69533991814  2214052
6.7532248497  2210187
6.83677983284  2187863
6.91818904877  2153312
6.9742538929  2148173
7.03151893616  2148022
7.11221504211  2145307
7.19440484047  2134737
7.28097891808  2133446
7.37627100945  2132723
7.47448992729  2131165
7.56326699257  2129818
7.65340805054  2129549
7.74096894264  2128409
7.83434486389  2127955
7.92650794983  2127779
8.01900792122  2113738
8.11271500587  2110169
8.20257091522  2107008
8.29180693626  2105086
8.38744401932  2104940
8.47169303894  2103910
8.55766606331  2101788
8.65554690361  2100113
8.74719691277  2098822
8.84911894798  2098564
8.95437788963  2096845
9.05782198906  2096474
9.15897488594  2096095
9.26661396027  2094514
9.3764500618  2094208
9.48560404778  2093849
9.59600996971  2093205
9.69973683357  2092692
9.78818392754  2091821
9.8833398819  2091573
9.98444604874  2091480
10.0974738598  2090585
10.2079179287  2090198
10.3065550327  2089664
10.4072060585  2089231
10.5275719166  2089010
10.6380779743  2088636
10.7517058849  2083618
10.8746700287  2082075
11.0154209137  2081528
11.1495668888  2078921
11.2910358906  2077724
11.4340488911  2075488
11.5754868984  2072403
11.754611969  2065218
11.9322729111  2059192
12.1067240238  2055422
12.2847189903  2048662
12.4517879486  2047980
12.6901569366  2042258
12.887953043  2026028
13.0733129978  2024631
13.271600008  2014153
13.4671800137  2004027
13.6581480503  1986078
13.8573360443  1893814
14.0463199615  1885129
14.2574908733  1878263
14.5271189213  1861736
14.7697019577  1860707
15.0103809834  1833951
15.2219660282  1833315
15.4462938309  1828988
15.6650290489  1827106
15.9399838448  1790172
16.1726589203  1724381
16.4161889553  1719060
16.420773983  1712283
16.4218819141  1691387
16.5314948559  1690867
16.6319079399  1690650
16.7878379822  1688299
16.9039618969  1685906
17.0446259975  1678330
17.1829760075  1676587
17.345649004  1658689
17.3487398624  1652674
17.3546998501  1648902
17.3748168945  1648739
17.3750128746  1641027
17.3892068863  1627018
17.4035990238  1600270
17.4181928635  1579189
17.4312360287  1535163
17.459004879  1503155
17.4793739319  1380532
17.5270450115  1356045
17.5992588997  1353619
17.7901608944  1352137
17.9575560093  1348964
18.1226978302  1346340
18.2693860531  1333015
18.4258880615  1328177
18.5877978802  1304719
18.7597298622  1304088
18.9251220226  1303870
19.0883200169  1303682
19.2529718876  1303208
19.4150779247  1293890
19.586014986  1293093
19.8727538586  1291722
54.4923260212  1289612
54.77115798  1287880
55.041301012  1286985
55.3160698414  1266674
55.6552069187  1265580
55.9613399506  1264921
56.2342820168  1244888
56.5533149242  1239820
56.8604140282  1239079
57.1480200291  1238903
57.4443490505  1235315
57.7412860394  1234104
58.0294189453  1230090
58.3242640495  1216055
58.6781189442  1213629
