0.00932812690735  10295615
0.00941801071167  10193815
0.0096070766449  10188698
0.00967216491699  10163209
0.00973606109619  10077002
0.00998115539551  10052391
0.0100440979004  9990378
0.0101079940796  9918214
0.0101711750031  9846514
0.0102341175079  9820781
0.0103571414948  9820188
0.0104801654816  9457477
0.0106041431427  9450646
0.0107879638672  9428622
0.0108511447906  9097156
0.0110940933228  8977804
0.0111570358276  8975972
0.0112199783325  8959927
0.011283159256  8959051
0.0113470554352  8931770
0.0114099979401  8696312
0.0114731788635  8628159
0.0115361213684  8599416
0.0115990638733  8566953
0.011782169342  8522044
0.0119650363922  8443088
0.012148141861  8439142
0.0122711658478  8421591
0.0124540328979  8394643
0.0125169754028  8388606
0.0126399993896  8360312
0.0127031803131  8352609
0.0130641460419  8338948
0.013307094574  8321711
0.0135490894318  8313594
0.0137929916382  8267112
0.013916015625  8253646
0.0139791965485  8228425
0.0141019821167  8179050
0.0141651630402  8163337
0.0144090652466  8135211
0.0145921707153  8054177
0.0148601531982  8023901
0.0155820846558  8012278
0.0157060623169  8010337
0.01589012146  8004838
0.0159540176392  7925414
0.0172159671783  7905477
0.0173389911652  7901228
0.0176429748535  7815058
0.0178849697113  7813585
0.0180079936981  7809077
0.0183110237122  7805242
0.018373966217  7769117
0.0185570716858  7766008
0.0189189910889  7663170
0.0192220211029  7626355
0.0193450450897  7491894
0.0201849937439  7473540
0.0203771591187  7467491
0.0207920074463  7439082
0.0208780765533  7366421
0.021008014679  7340847
0.0210740566254  7284837
0.021201133728  7240364
0.0212650299072  7236724
0.0215120315552  7192820
0.021576166153  7186870
0.0216400623322  7170457
0.0220060348511  7064442
0.0220701694489  6965410
0.02268409729  6894326
0.023050069809  6893936
0.0246210098267  6871985
0.0246860980988  6866434
0.024749994278  6698136
0.0250551700592  6555921
0.0252389907837  6519506
0.0272440910339  6518312
0.0273840427399  6510766
0.0277621746063  6487335
0.0278470516205  6456577
0.0282261371613  6372913
0.0283579826355  6369295
0.0300309658051  6367870
0.0301580429077  6354078
0.0310111045837  6342591
0.0321080684662  6274820
0.0322380065918  6266829
0.0328760147095  6250341
0.0333261489868  6230006
0.0335211753845  6186010
0.0350210666656  6158595
0.0353951454163  6155634
0.0357611179352  6127899
0.0362479686737  6123850
0.0367331504822  6094536
0.0371561050415  6093786
0.0376410484314  6083656
0.0378851890564  6080605
0.0387871265411  6072475
0.0388560295105  6030515
0.0393741130829  5996830
0.0395691394806  5996660
0.0396361351013  5923263
0.0424411296844  5920707
0.042699098587  5917048
0.0452361106873  5911416
0.0465149879456  5897668
0.047089099884  5881387
0.0481700897217  5880167
0.0509190559387  5875561
0.0519411563873  5871923
0.0535991191864  5846307
0.0539190769196  5836742
0.0552570819855  5790981
0.0556449890137  5790796
0.0564119815826  5786280
0.0568611621857  5745304
0.0576241016388  5744136
0.059522151947  5743383
0.060760974884  5723709
0.0614290237427  5723020
0.061784029007  5711837
0.0619130134583  5669822
0.06209897995  5669791
0.062821149826  5646296
0.0640270709991  5644422
0.0661239624023  5631373
0.0666501522064  5621111
0.0667190551758  5581505
0.0691430568695  5561921
0.0698671340942  5554465
0.0700511932373  5550887
0.0714871883392  5549920
0.0715560913086  5524534
0.072144985199  5522674
0.0742871761322  5522451
0.0748109817505  5490927
0.0763630867004  5486685
0.0773961544037  5408743
0.0778541564941  5273757
0.0798850059509  5264732
0.0824851989746  5256564
0.0832660198212  5253445
0.0848059654236  5210861
0.0860691070557  5191210
0.0865521430969  5189412
0.0880250930786  5169963
0.0883209705353  5086765
0.0892221927643  5067141
0.0896170139313  5021472
0.0897581577301  4985386
0.0909039974213  4979279
0.0915729999542  4964313
0.0918781757355  4949027
0.0933520793915  4931473
0.0934841632843  4916299
0.0965631008148  4897242
0.0970771312714  4851277
0.097400188446  4833756
0.104335069656  4833430
0.104658126831  4827841
0.105041980743  4825877
0.105110168457  4804358
0.105275154114  4713605
0.106168985367  4705145
0.106682062149  4700292
0.106940031052  4694517
0.107453107834  4693531
0.108602046967  4588082
0.111983060837  4566786
0.116786003113  4560408
0.11759519577  4553904
0.11970615387  4553761
0.119769096375  4539085
0.121450185776  4535755
0.123447179794  4532590
0.124233007431  4526964
0.125502109528  4526850
0.129268169403  4504368
0.129458189011  4493819
0.130311965942  4448120
0.132074117661  4436513
0.133406162262  4433878
0.138111114502  4424516
0.144134044647  4424397
0.144914150238  4389763
0.146461009979  4388797
0.148514032364  4379939
0.150053977966  4377111
0.15328001976  4351466
0.153413057327  4335401
0.154628038406  4302054
0.15539598465  4295261
0.157121181488  4280900
0.157447099686  4279323
0.159627199173  4272026
0.16136097908  4269210
0.164354085922  4254258
0.164996147156  4140994
0.168356180191  4134165
0.168902158737  4117018
0.169448137283  4110723
0.175758123398  4110441
0.176149129868  4090678
0.176792144775  4088554
0.179406166077  4088404
0.180018186569  4082471
0.181285142899  3983289
0.181940078735  3960162
0.183099031448  3900239
0.183361053467  3897027
0.184705018997  3886536
0.186815023422  3880714
0.187201976776  3871836
0.190998077393  3860870
0.191857099533  3855806
0.194220066071  3854168
0.195129156113  3852081
0.197486162186  3846793
0.199082136154  3845393
0.208410024643  3833456
0.2093770504  3833096
0.209685087204  3826869
0.211855173111  3784168
0.212821006775  3771473
0.213126182556  3763549
0.214094161987  3747053
0.21475815773  3726080
0.214821100235  3721406
0.215367078781  3718136
0.218505144119  3669140
0.221464157104  3662111
0.223034143448  3635109
0.223519086838  3626797
0.22412610054  3621528
0.22914814949  3572548
0.230365991592  3571754
0.233093976974  3570695
0.234003067017  3551796
0.234969139099  3526883
0.23636507988  3526228
0.236798048019  3519307
0.237105131149  3510817
0.238064050674  3510321
0.238612174988  3500099
0.238857984543  3500056
0.240432024002  3470711
0.242308139801  3462895
0.244189977646  3462734
0.244987010956  3462491
0.248018026352  3461540
0.249714136124  3458703
0.250200986862  3437801
0.251384019852  3429369
0.251630067825  3424555
0.252812147141  3416262
0.254209041595  3405967
0.254945039749  3386324
0.262264966965  3386101
0.263064146042  3377182
0.269155025482  3376571
0.270797014236  3371326
0.272248983383  3362517
0.273517131805  3359831
0.273581027985  3356491
0.274007081985  3355822
0.27844619751  3349613
0.279422044754  3349173
0.28075504303  3346869
0.287863016129  3342543
0.289198160172  3254871
0.291552066803  3230162
0.295938968658  3229585
0.296251058578  3171408
0.298372030258  3171292
0.299823999405  3169552
0.301576137543  3163472
0.305001020432  3163110
0.307766199112  3157964
0.309388160706  3132584
0.309473991394  3131470
0.310657024384  3130478
0.312144994736  3129985
0.314284086227  3124583
0.315128087997  3122249
0.315704107285  3116213
0.316429138184  3114109
0.318798065186  3106836
0.32110619545  3100347
0.321472167969  3097360
0.322499036789  3097324
0.32666516304  3092983
0.33219909668  3081642
0.348947048187  3074047
0.356556177139  3073167
0.359465122223  3071919
0.362254142761  3070749
0.364341020584  3069779
0.36693406105  3042844
0.368405103683  3041951
0.372744083405  3041859
0.379014968872  3039536
0.386341094971  3035718
0.394459009171  3031799
0.395191192627  3029954
0.400901079178  3029451
0.40199303627  3026808
0.40332198143  3026358
0.404168128967  2998603
0.405735015869  2954827
0.415677070618  2954520
0.43580698967  2944295
0.443276166916  2943149
0.445631980896  2931051
0.453109025955  2930842
0.455039978027  2893835
0.466778993607  2892504
0.469570159912  2889641
0.471441984177  2887832
0.47280216217  2869900
0.490630149841  2865259
0.495239973068  2865082
0.499288082123  2864380
0.512781143188  2862651
0.516473054886  2848831
0.518491029739  2847044
0.53281211853  2823157
0.537042140961  2822609
0.537775993347  2821950
0.547100067139  2790205
0.559341192245  2769516
0.559560060501  2768240
0.571196079254  2765985
0.580399990082  2765522
0.605051994324  2760606
0.607758998871  2743577
0.619647979736  2743372
0.625024080276  2742848
0.649799108505  2738487
0.651226043701  2731292
0.653865098953  2705695
0.690462112427  2703589
0.700607061386  2692498
0.717902183533  2692299
0.725740194321  2690217
0.730930089951  2686247
0.732084035873  2681173
0.735285997391  2680234
0.735682010651  2680117
0.744510173798  2653450
0.745727062225  2651958
0.762708187103  2646792
0.771255970001  2646716
0.793169021606  2634557
0.834120035172  2633144
0.837242126465  2620784
0.843491077423  2620323
0.84627199173  2619055
0.852871179581  2617227
0.853121995926  2617180
0.870822191238  2583462
0.889528989792  2581916
0.899270057678  2538629
0.899563074112  2536881
0.90477514267  2533951
0.909444093704  2528399
0.911627054214  2516739
0.911873102188  2504650
0.919409990311  2503517
0.920324087143  2499133
0.9212911129  2497660
0.937674045563  2487714
0.938106060028  2487107
0.943233966827  2465416
0.944568157196  2462693
0.957076072693  2447447
0.962733030319  2447356
0.971106052399  2444981
0.990036010742  2443804
1.00326299667  2443473
1.01713299751  2443256
1.0193669796  2442504
1.02259016037  2441698
1.02848505974  2441149
1.03337597847  2431928
1.04337120056  2427161
1.05983400345  2426649
1.06128501892  2426299
1.07303905487  2425158
1.07587599754  2422844
1.08066105843  2399739
1.12343215942  2399131
1.12711501122  2398555
1.14042305946  2372955
1.20006108284  2372117
1.20581817627  2368861
1.26435804367  2368744
1.26688408852  2368704
1.31108212471  2367922
1.32267904282  2365583
1.37567901611  2359440
1.39831113815  2357173
1.40552616119  2356075
1.43841099739  2355612
1.44790816307  2355002
1.47656607628  2354715
1.50214099884  2354428
1.54121613503  2354040
1.55076098442  2353883
1.5554151535  2351779
1.56231999397  2351749
1.59502100945  2348712
1.71314096451  2348329
1.75409817696  2344308
1.76120519638  2341743
1.77395415306  2341718
1.81338405609  2341482
1.93310499191  2339815
1.95999312401  2339666
1.99468111992  2338439
2.17781400681  2338198
2.24083900452  2337645
2.30494117737  2337143
2.37120509148  2336215
2.50393104553  2335932
2.54647302628  2330413
2.55781316757  2329183
