0.0103108882904  9105980
0.0109269618988  9096189
0.0109958648682  9035218
0.0113110542297  9029769
0.0113809108734  8732755
0.0114450454712  8681585
0.0116310119629  8566331
0.0116949081421  8564335
0.0118188858032  8545231
0.0119428634644  8528927
0.0121219158173  8491081
0.0122060775757  8397653
0.0123989582062  8309301
0.0124640464783  8263020
0.012717962265  8262101
0.0129499435425  8209582
0.0132110118866  8173842
0.013307094574  8148521
0.0134010314941  8076472
0.0134809017181  7980299
0.0135660171509  7923162
0.0136940479279  7906135
0.0139729976654  7883640
0.0150310993195  7874910
0.0151009559631  7866406
0.0151660442352  7860832
0.0155940055847  7857570
0.0158998966217  7854379
0.0161468982697  7830269
0.0162720680237  7720591
0.0163960456848  7688498
0.0169439315796  7659583
0.0170679092407  7646431
0.01731300354  7480443
0.0174369812012  7476258
0.0177419185638  7403173
0.0178060531616  7298701
0.0179300308228  7294327
0.0185959339142  7225032
0.0190229415894  7198639
0.0190870761871  7172958
0.0193328857422  7149627
0.0196380615234  7148250
0.0200610160828  6927009
0.0206069946289  6901473
0.0212500095367  6889615
0.0213310718536  6877697
0.0214600563049  6869907
0.0224349498749  6867440
0.0225579738617  6848902
0.0259299278259  6841252
0.0260720252991  6823954
0.0266280174255  6804421
0.0269758701324  6726035
0.0278749465942  6684620
0.0292689800262  6679493
0.0299680233002  6673636
0.0303120613098  6669622
0.0312480926514  6668806
0.0317659378052  6667722
0.0326418876648  6603446
0.0327160358429  6597550
0.0333020687103  6589896
0.0333700180054  6530723
0.033695936203  6517941
0.0341489315033  6515231
0.0343079566956  6514473
0.035304069519  6514032
0.0356719493866  6435354
0.0363600254059  6279157
0.0370318889618  6247616
0.0373969078064  6243740
0.037761926651  6229728
0.0379459857941  6210852
0.0384318828583  6190392
0.0387358665466  6173320
0.0393409729004  6166598
0.0399479866028  6145476
0.0401918888092  6075764
0.0406160354614  6015703
0.0409798622131  6008490
0.0416469573975  5926573
0.0424919128418  5908199
0.0435750484467  5905391
0.043879032135  5904404
0.0447208881378  5886381
0.0452029705048  5884776
0.0453860759735  5879210
0.0463109016418  5855731
0.0463790893555  5854352
0.0483980178833  5852589
0.0487730503082  5757526
0.0492630004883  5750053
0.0497500896454  5749258
0.0498149394989  5749070
0.0498790740967  5746283
0.0511190891266  5731584
0.0511879920959  5714879
0.0519769191742  5709700
0.0522229671478  5658436
0.0525369644165  5598444
0.0527820587158  5588108
0.052906036377  5582666
0.0535709857941  5571817
0.0561099052429  5566808
0.0563549995422  5563811
0.0564179420471  5420970
0.0568420886993  5420878
0.0585908889771  5407834
0.0595619678497  5377740
0.0619990825653  5365772
0.0623679161072  5342217
0.0630359649658  5313441
0.0637669563293  5274773
0.0651400089264  5274453
0.0664200782776  5274131
0.0683619976044  5272584
0.0710198879242  5271455
0.0712049007416  5260851
0.0723519325256  5244525
0.0724160671234  5237967
0.0736870765686  5236915
0.0747199058533  5224501
0.0764079093933  5180322
0.0767729282379  5153631
0.0777440071106  5152605
0.078528881073  5137501
0.0788340568542  5130438
0.0794010162354  5055847
0.0799169540405  5048810
0.0802788734436  5024977
0.0811378955841  5015587
0.0814099311829  5007522
0.0820078849792  4955506
0.0831620693207  4946808
0.0833480358124  4940872
0.0836548805237  4940536
0.084804058075  4906930
0.0851089954376  4906478
0.0868089199066  4904679
0.0918090343475  4898844
0.0918869972229  4881278
0.095556974411  4876529
0.0964589118958  4865532
0.101321935654  4865016
0.101753950119  4864391
0.102000951767  4862518
0.106370925903  4860950
0.10692191124  4838814
0.107348918915  4838754
0.107652902603  4825130
0.107838869095  4790103
0.108504056931  4784923
0.109349012375  4782467
0.109711885452  4773078
0.11055803299  4771646
0.113379001617  4769897
0.113786935806  4762492
0.114208936691  4697980
0.115154027939  4684016
0.120043992996  4675393
0.120411872864  4673175
0.122843980789  4669103
0.123029947281  4637171
0.123214960098  4636154
0.124494075775  4567666
0.127134084702  4556800
0.127935886383  4536897
0.128546953201  4497497
0.132118940353  4494493
0.132936000824  4475388
0.136384963989  4467509
0.137243032455  4428061
0.138094902039  4416833
0.140503883362  4415754
0.145134925842  4411774
0.145570039749  4401161
0.145633935928  4324704
0.154356002808  4322485
0.154982089996  4301488
0.156440973282  4294704
0.156564950943  4271325
0.156991958618  4264933
0.157484054565  4263408
0.158214092255  4215760
0.158397912979  4212403
0.161262989044  4190429
0.162796020508  4179002
0.164853096008  4177001
0.171746015549  4171477
0.175297021866  4170773
0.177244901657  4167570
0.177855968475  4147544
0.178040981293  4143073
0.17834687233  4129276
0.179077863693  4128717
0.180849075317  4127313
0.182106018066  4121321
0.183691978455  4121284
0.183881998062  4095852
0.187326908112  4090294
0.187963008881  4090229
0.191206932068  4089897
0.193985939026  4085694
0.194635868073  4043907
0.194704055786  4043878
0.196382045746  4034091
0.200597047806  4024973
0.201214075089  4016883
0.203732013702  4009591
0.204710006714  4006736
0.209413051605  3990708
0.210531949997  3967117
0.214283943176  3966060
0.218857049942  3965798
0.221716880798  3965084
0.222275018692  3926637
0.225488901138  3901816
0.226157903671  3884249
0.226585865021  3883999
0.226892948151  3883882
0.228049993515  3883715
0.231688976288  3881765
0.235430002213  3873814
0.247478961945  3872742
0.249587059021  3864396
0.251971006393  3824797
0.25624704361  3820710
0.257369041443  3815677
0.259528875351  3804142
0.260818004608  3803840
0.262100934982  3762399
0.262712001801  3756554
0.262836933136  3756238
0.262899875641  3747960
0.263761997223  3745075
0.265910863876  3621352
0.26834487915  3594630
0.272783994675  3590447
0.274719953537  3589912
0.275990009308  3565892
0.278234958649  3563851
0.279386997223  3543118
0.283346891403  3529793
0.28670501709  3519480
0.288769006729  3509076
0.290581941605  3508454
0.291435956955  3503146
0.291893959045  3499607
0.295289039612  3482496
0.305819988251  3473772
0.31077003479  3472168
0.31373000145  3425380
0.317386865616  3419086
0.317821025848  3413328
0.318372011185  3398999
0.320688962936  3391516
0.320753097534  3391231
0.321773052216  3372303
0.325114965439  3371255
0.325902938843  3369064
0.32675409317  3334120
0.335097074509  3328434
0.338815927505  3320263
0.339928865433  3320078
0.343713998795  3311216
0.354264974594  3285788
0.356215000153  3266303
0.35936999321  3262904
0.36106300354  3261734
0.36428809166  3251196
0.36737203598  3249603
0.373028993607  3248847
0.376543045044  3248495
0.378733873367  3245067
0.390542030334  3245029
0.400153875351  3244635
0.400285959244  3239689
0.408174037933  3238462
0.409677028656  3231679
0.409940958023  3227050
0.412005901337  3225099
0.415498971939  3225073
0.416359901428  3225044
0.418786048889  3224214
0.425225973129  3218536
0.426904916763  3217945
0.432483911514  3212661
0.441211938858  3189071
0.45089507103  3186772
0.455206871033  3177678
0.457448959351  3175720
0.470158100128  3175337
0.472172021866  3175318
0.474641084671  3174434
0.47652888298  3163924
