0.0121018886566  9481542
0.0126459598541  9398813
0.0127840042114  9398572
0.0130169391632  9341907
0.0136408805847  9311692
0.0137770175934  9238560
0.0145540237427  9179324
0.015576839447  9166971
0.0173919200897  9149077
0.0175528526306  8996306
0.0176289081573  8948463
0.0180459022522  8921781
0.0186350345612  8863322
0.0188808441162  8828688
0.0189559459686  8772679
0.019544839859  8748516
0.0203039646149  8725380
0.0206348896027  8700058
0.0207109451294  8696835
0.020870923996  8606450
0.0216770172119  8515358
0.0248658657074  8511236
0.0260469913483  8501886
0.0261838436127  8450101
0.0263679027557  8295037
0.0266480445862  8249793
0.0271239280701  8115513
0.0273580551147  8073068
0.0284750461578  8041459
0.028657913208  8023024
0.0287928581238  7996762
0.0290248394012  7916399
0.0302848815918  7908460
0.0307619571686  7812490
0.0308969020844  7782202
0.0321989059448  7720915
0.0353980064392  7636041
0.0354809761047  7600915
0.0390620231628  7586214
0.039351940155  7475124
0.0394699573517  7469518
0.0397138595581  7382447
0.0398738384247  7367387
0.0402879714966  7323439
0.0404469966888  7229465
0.0405230522156  7226191
0.0422999858856  7199095
0.043977022171  7175416
0.0442228317261  7168645
0.0442998409271  7097969
0.0444169044495  7092529
0.0444929599762  7086635
0.0446529388428  7006566
0.0449810028076  6960517
0.0450570583344  6957007
0.0470290184021  6875729
0.0471458435059  6864264
0.047306060791  6846705
0.0473809242249  6816397
0.047581911087  6810208
0.0476579666138  6809224
0.0479879379272  6803717
0.0481469631195  6802388
0.0482640266418  6800893
0.0484240055084  6738217
0.0484979152679  6735283
0.0488259792328  6732120
0.0491969585419  6718762
0.0492720603943  6709002
0.0505428314209  6700727
0.0507030487061  6665182
0.0507788658142  6662103
0.0542788505554  6658391
0.0543549060822  6589625
0.0578508377075  6577593
0.0613820552826  6525476
0.0651869773865  6502864
0.0653049945831  6467967
0.0654649734497  6445901
0.0655398368835  6347164
0.0677359104156  6343231
0.0685830116272  6342210
0.0712969303131  6333484
0.07137799263  6326887
0.0717759132385  6291774
0.0736420154572  6271636
0.0737218856812  6167574
0.0738470554352  6141247
0.0739269256592  6138250
0.0745508670807  6134576
0.0746760368347  6128170
0.0749809741974  6115420
0.075376033783  6079829
0.0760450363159  6071529
0.0768959522247  6059946
0.0769770145416  6029928
0.0778739452362  6027501
0.0779540538788  5929770
0.0791759490967  5921249
0.0834219455719  5892008
0.0835468769073  5877333
0.0837609767914  5841425
0.0838398933411  5840215
0.0941569805145  5830141
0.0942449569702  5829777
0.104482889175  5603692
0.104563951492  5603093
0.1167948246  5592710
0.12639093399  5551139
0.136024951935  5543370
0.145998954773  5539003
0.156610012054  5538337
0.166282892227  5532916
0.166372060776  5532649
0.176434993744  5527895
0.188396930695  5515184
0.199524879456  5512564
0.199615001678  5512559
0.209494829178  5481764
0.209576845169  5481532
0.219769001007  5449010
0.229434967041  5442086
0.240975856781  5397771
0.241096973419  5396696
0.251061916351  5315627
0.260951042175  5196481
0.270823001862  5194582
0.280767917633  5194085
0.292572975159  5193591
0.304225921631  5112123
0.31543803215  5098139
0.326872825623  4977275
0.326966047287  4977264
0.341856002808  4969056
0.352454900742  4916754
0.362530946732  4865661
0.372732877731  4827403
0.387271881104  4822513
0.398957967758  4732855
0.410315990448  4678127
0.420925855637  4644977
0.431905031204  4591739
0.442420959473  4569959
0.452767848969  4547440
0.462728023529  4547223
0.472698926926  4537028
0.483501911163  4506239
0.494549036026  4504784
0.507160902023  4491661
0.507246017456  4491325
0.517091989517  4371805
0.526979923248  4368625
0.536690950394  4359255
0.536771059036  4359013
0.547999858856  4348371
0.548085927963  4347284
0.558172941208  4327084
0.568763971329  4296330
0.57949590683  4273806
0.592274904251  4269967
0.592362880707  4269603
0.602500915527  4265916
0.612908840179  4262225
0.629497051239  4260785
0.629580974579  4259414
0.644075870514  4249355
0.654098033905  4246326
0.66442489624  4243907
0.674289941788  4096872
0.674371957779  4096326
0.686511039734  3945640
0.686594009399  3944549
0.696746826172  3867829
0.706712007523  3801695
0.716389894485  3799954
0.727206945419  3797037
0.737046003342  3796400
0.747014045715  3796266
0.758076906204  3779941
0.768978834152  3684315
0.769058942795  3683769
0.778782844543  3679929
0.793354988098  3674495
0.793441057205  3672983
0.803243875504  3654479
0.817947864532  3640893
0.829066991806  3564306
0.839437961578  3560824
0.851665973663  3473695
0.85175204277  3473145
0.866512060165  3464996
0.866657972336  3463466
0.876502037048  3413748
0.886566877365  3390480
0.896821022034  3377480
0.907141923904  3358254
0.922111034393  3324156
0.945055007935  3229703
0.967888832092  3228897
0.989670991898  3226230
1.01099705696  3224490
1.03315591812  3207963
1.04490184784  3202807
1.05486297607  3193637
1.06470990181  3180031
1.07559084892  3146008
1.09275889397  3145558
1.11055088043  3109175
1.12977290154  3096748
1.14629197121  3092466
1.16226291656  3091634
1.17663884163  3078011
1.19496202469  3069651
1.21227502823  3067781
1.2308678627  3062814
1.24764800072  3056667
1.26275205612  3047001
1.28436899185  3038511
1.30467104912  3036579
1.32474184036  3025799
1.34570789337  3022929
1.36558699608  3007706
1.38616490364  2991923
1.40621399879  2984367
1.42685294151  2966026
1.44632387161  2953243
1.46727705002  2945304
1.48635482788  2931212
1.50810599327  2918613
1.52809500694  2913549
1.5580060482  2900403
1.57893705368  2894018
1.60053706169  2866306
1.62056994438  2863445
1.64005899429  2859873
1.66556501389  2857798
1.69268298149  2857688
1.72423005104  2856278
1.7708978653  2856136
1.83498287201  2845294
1.90118789673  2832999
1.96810293198  2814302
2.03804802895  2810151
2.13369703293  2810064
2.15698504448  2809460
2.16868901253  2809340
2.23234987259  2791512
2.2933549881  2787829
2.36459803581  2779806
2.43505692482  2765100
2.50643086433  2765083
2.57693195343  2751868
2.637830019  2744869
2.70029902458  2741649
2.71215891838  2740800
2.72308182716  2737199
2.73428487778  2704122
2.75252485275  2703493
2.7684879303  2702569
2.78814983368  2698127
2.82460689545  2697315
2.86232185364  2690259
2.90361905098  2667495
2.95534086227  2659300
3.01188588142  2657316
3.19690704346  2651434
3.34343385696  2644979
3.46169304848  2644757
3.47988605499  2640644
3.49486804008  2634065
3.51312303543  2599654
3.53740096092  2595542
3.56392884254  2592687
3.59343194962  2584311
3.62450194359  2581521
3.67422485352  2578782
3.71953201294  2558558
3.76509594917  2547427
3.80963683128  2541515
3.83648085594  2537041
3.86403298378  2536911
3.88893485069  2492047
3.90408587456  2491180
3.92075395584  2482182
3.93095397949  2477982
3.93111085892  2477740
3.94867086411  2438458
3.9587328434  2397291
3.95881605148  2396692
3.9732530117  2395825
3.99158883095  2385390
4.004570961  2381190
4.00465703011  2380948
4.03339886665  2341713
4.05834889412  2340187
4.08600997925  2335062
4.11335086823  2312054
4.13918805122  2311114
4.14932203293  2305436
4.14940500259  2305425
4.16004085541  2301827
4.1601319313  2301816
4.17315101624  2294926
4.17323684692  2293619
4.27773284912  2289942
4.38591694832  2282705
4.48946404457  2282427
4.53078889847  2277217
4.54339194298  2261635
4.60698199272  2220349
4.71724295616  2219196
4.82152295113  2218718
4.92607998848  2208652
5.03571200371  2205516
