0.0104949474335  9739990
0.0113348960876  9717576
0.0115079879761  9695259
0.0117719173431  9693350
0.0120809078217  9626194
0.0125260353088  9618428
0.0134279727936  9617782
0.013561964035  9432952
0.0144510269165  9431590
0.0155079364777  9409777
0.0175609588623  9401650
0.0176908969879  9334231
0.0180110931396  9314894
0.0184769630432  9308306
0.0185608863831  9299482
0.018697977066  9290841
0.0187959671021  9289649
0.0194618701935  9137079
0.0200209617615  9129474
0.0200998783112  9017000
0.0206019878387  8985916
0.0212268829346  8820808
0.0223169326782  8801134
0.0244269371033  8780785
0.0245099067688  8779340
0.0274810791016  8771405
0.0276479721069  8771128
0.0277669429779  8733328
0.0280148983002  8633180
0.0280909538269  8608134
0.0285930633545  8606853
0.0286700725555  8588753
0.0287880897522  8440072
0.0289480686188  8417577
0.0291590690613  8404221
0.0292370319366  8338149
0.0296850204468  8335098
0.0302269458771  8332358
0.0311510562897  8320532
0.0321679115295  8279488
0.0328230857849  8262612
0.0336060523987  8241895
0.0349049568176  8241462
0.0349969863892  8031900
0.035304069519  7999211
0.036994934082  7925165
0.0400669574738  7910582
0.0401499271393  7901477
0.0443520545959  7897878
0.0444328784943  7895278
0.0447239875793  7843843
0.0448470115662  7707362
0.0452859401703  7623286
0.0510239601135  7619730
0.0587229728699  7591255
0.0650689601898  7583221
0.0758349895477  7579946
0.0760519504547  7576962
0.0761289596558  7576858
0.0762469768524  7567357
0.0813529491425  7548272
0.0869669914246  7547720
0.0928719043732  7547324
0.118786096573  7492803
0.119073867798  7492764
0.129813909531  7490546
0.135246038437  7488112
0.140721082687  7348157
0.14742898941  7347551
0.15357208252  7304345
0.158997058868  7239476
0.164402961731  7117533
0.170813083649  7076021
0.183856010437  7075247
0.19601893425  7066492
0.207499980927  7054403
0.220442056656  7023787
0.241610050201  6887145
0.262054920197  6798200
0.284111976624  6782891
0.305213928223  6684022
0.326205015182  6658215
0.349206924438  6636181
0.372777938843  6634766
0.393519878387  6619058
0.417728900909  6607574
0.443374872208  6596929
0.464205026627  6596916
0.485691070557  6574861
0.508507966995  6524226
0.532655000687  6504339
0.553140878677  6482997
0.574303865433  6453526
0.594939947128  6338752
0.616921901703  6310834
0.640413999557  6265875
0.662491083145  6254025
0.688570976257  6246714
0.714835882187  6198047
0.741513967514  6164731
0.767462015152  6164286
0.796010017395  6163069
0.8217420578  6123703
0.846369028091  6123385
0.873683929443  6118589
0.900532960892  6014677
0.931021928787  5977101
0.959536075592  5927439
0.97002696991  5926513
0.986753940582  5926373
1.01573395729  5919720
1.02723908424  5911798
1.03764891624  5911174
1.06400203705  5822392
1.09000492096  5788458
1.11845207214  5769383
1.14688897133  5767369
1.17317390442  5743652
1.18307495117  5742726
1.19900298119  5742586
1.22764396667  5714711
1.23842597008  5706435
1.25191903114  5705811
1.29171586037  5568974
1.32785606384  5561155
1.35561990738  5553805
1.38249397278  5553572
1.4108080864  5538947
1.44300293922  5473802
1.47352409363  5466276
1.52028489113  5461357
1.55612206459  5460099
1.60251402855  5283449
1.64045786858  5281071
1.68777298927  5280724
1.73119497299  5280460
1.77580809593  5276248
1.8255879879  5275363
1.8932890892  5231731
1.967056036  5164198
2.03944802284  5163896
2.10964393616  5127047
2.17962408066  5068218
2.24919390678  5043738
2.3171069622  4981556
2.39098000526  4978279
2.4755358696  4978189
2.55306005478  4939004
2.62287902832  4896210
2.66092991829  4896055
2.69661998749  4895579
2.7326169014  4895105
2.80535387993  4882062
2.87802386284  4857734
2.94979286194  4854407
3.02332401276  4754162
3.09886193275  4741545
3.1867480278  4717101
3.26527905464  4714482
3.33543491364  4713863
3.3893558979  4712401
3.46226596832  4711482
3.54807090759  4708149
3.64073395729  4608199
3.71816086769  4562003
3.76050591469  4559810
3.79780888557  4559334
3.83487486839  4558860
3.90550804138  4554508
3.97732400894  4518842
4.04624390602  4472096
4.11522293091  4412066
4.15203690529  4411626
4.20323801041  4410735
4.26328992844  4407668
4.3350250721  4366601
4.40328001976  4366119
4.47155594826  4353892
4.51190400124  4353748
4.54702591896  4353272
4.58360600471  4352798
4.65977501869  4285081
4.73003292084  4280857
4.80923509598  4242809
4.88086485863  4213248
4.95052099228  4195728
5.02150201797  4195667
5.09949088097  4173595
5.16967988014  4099990
5.20574092865  4097878
5.25128793716  4096954
5.31333088875  4093526
5.39208102226  4089082
5.46428489685  4073344
5.54134702682  3982105
5.6127178669  3911370
5.6830508709  3888348
5.7557220459  3858362
5.79349398613  3856073
5.82962799072  3855597
5.86946487427  3855123
5.9395980835  3851144
6.06382489204  3850083
6.14188504219  3845380
6.22800397873  3837346
6.30124688148  3836178
6.3884139061  3834515
6.4602689743  3833963
6.54950094223  3815714
6.64971494675  3794943
6.74990296364  3754626
6.85085487366  3753616
6.94946408272  3747319
7.04531502724  3745967
7.14898109436  3710461
7.24428701401  3556980
7.32073307037  3554841
7.40796995163  3554575
7.51329994202  3528820
7.61088109016  3515726
7.70943903923  3511575
7.79793787003  3510407
7.87955498695  3509855
7.99606204033  3474982
8.10656905174  3463716
8.23123288155  3458233
8.33873987198  3458128
8.46338701248  3454939
8.61868786812  3453475
8.78476595879  3416863
9.00431609154  3390239
9.1203660965  3387422
9.22528100014  3386694
9.32563304901  3381434
9.44527101517  3372741
9.53243088722  3370602
9.63699102402  3370336
9.74658107758  3366738
9.87184095383  3364745
9.97557091713  3363788
10.0993950367  3354838
10.2357509136  3352247
10.3763980865  3327240
10.5019118786  3306943
10.6234099865  3291486
10.7432649136  3271365
10.8553988934  3267549
10.9755430222  3261152
11.081140995  3259934
11.1900990009  3256387
11.2927899361  3256015
11.4481630325  3221940
11.5893030167  3221073
11.7458040714  3220560
11.8815169334  3202780
12.0132570267  3202408
12.1900179386  3134379
12.3917570114  3133422
12.6161429882  3117344
13.1990349293  3103001
13.5303499699  3101035
13.8282320499  3098328
14.1178178787  3094968
14.3526759148  3011177
14.5379829407  3010039
14.7729520798  2986289
14.9607388973  2982691
15.1680369377  2982680
15.2982289791  2968902
15.4342439175  2967577
15.6024739742  2926029
15.8072440624  2918448
15.94789505  2880334
16.0690329075  2866462
16.2055809498  2864496
16.3840830326  2837318
16.5284669399  2795749
16.6672079563  2795640
16.7986779213  2792286
16.9503240585  2792158
17.0967340469  2766769
17.2428469658  2765543
17.386013031  2763572
17.5264549255  2744175
17.6720640659  2734318
17.8131380081  2734298
17.959141016  2724500
18.1054050922  2721685
18.2425630093  2716718
18.3921620846  2689990
18.5445709229  2689852
18.7367589474  2684920
18.9254829884  2682898
19.0638329983  2677904
19.1996369362  2676782
19.3352739811  2674427
19.4720818996  2671557
19.6053888798  2666286
19.7473709583  2657776
19.8733789921  2656013
20.0010240078  2638691
20.1313018799  2619000
20.2386729717  2614231
20.3658139706  2609507
20.4941029549  2599825
20.6117310524  2591555
20.7356770039  2581602
20.8630070686  2550655
20.9886310101  2534226
21.1369869709  2521119
21.3021569252  2506499
21.4556190968  2502728
21.5895910263  2499030
21.7218439579  2498588
21.8639900684  2485902
22.0000729561  2449343
22.1433489323  2446982
22.2770969868  2444593
22.4022529125  2440610
22.5414779186  2423208
22.6694610119  2422907
22.8057000637  2415808
22.9270150661  2414399
23.0647609234  2409885
23.1849019527  2409036
23.3224899769  2407234
23.4608049393  2407148
23.5891940594  2385737
23.719274044  2381615
23.8611950874  2367385
24.007600069  2362418
24.1693639755  2360243
24.3090178967  2357879
24.4399440289  2357390
24.6033060551  2322258
24.7645990849  2316644
24.9067459106  2314678
25.0435080528  2308426
25.1901760101  2301700
25.3407659531  2300117
25.4799208641  2294575
25.6132109165  2290480
25.7620170116  2286682
25.8948979378  2280012
26.0390889645  2275054
26.1711399555  2271952
26.3188889027  2249713
26.4576230049  2246382
26.6072409153  2218023
26.7484099865  2208499
26.9568920135  2205635
27.12814188  2199762
27.3075408936  2197085
27.4673540592  2196925
27.6363708973  2193312
27.7917649746  2193131
27.9537658691  2179882
28.1256999969  2174842
28.2900180817  2174552
28.4751360416  2170007
28.6458609104  2167882
28.8145558834  2165926
29.0060360432  2165877
29.177836895  2165556
29.3370959759  2163837
29.497166872  2103357
29.6816248894  2102528
29.8742668629  2099820
30.046738863  2059425
30.2064380646  2055285
30.3723340034  1925554
30.5426318645  1924443
30.7020750046  1908504
30.875346899  1903384
31.0422458649  1899912
31.2073309422  1899808
31.3917050362  1899800
31.5584189892  1896541
31.722974062  1893386
31.920085907  1851559
32.1429040432  1851507
32.39417696  1847708
32.5906169415  1721260
32.7816009521  1720179
32.9727349281  1719886
33.161755085  1719660
33.3691830635  1712027
33.5574228764  1700066
33.7516319752  1699810
33.9436888695  1698136
34.155411005  1693513
34.3590250015  1681932
34.5560369492  1660443
34.7997720242  1658543
35.0750069618  1657656
35.3005459309  1630521
35.5202109814  1630212
35.7301878929  1609559
35.9537789822  1577727
36.1733529568  1577484
36.3822500706  1542351
36.5999069214  1531792
36.8084878922  1531650
37.0326840878  1505128
37.2633578777  1487540
37.4780459404  1481907
37.6989679337  1456689
37.9440770149  1456610
38.1752169132  1450637
38.4180788994  1430825
38.6535770893  1429678
38.929363966  1424469
39.2535450459  1422834
39.5267879963  1420595
39.779321909  1416801
40.0441310406  1416008
40.3032870293  1415347
40.5609800816  1411297
40.816215992  1411283
41.0694360733  1410254
41.3294329643  1408598
41.6795260906  1398992
41.8540210724  1398150
42.0217409134  1398005
42.1890408993  1396988
42.3526449203  1396012
42.5223960876  1390597
42.6878740788  1389635
42.8621780872  1387076
43.0369210243  1383141
43.2004289627  1381938
43.3745238781  1381108
43.5558788776  1380472
43.7346930504  1379214
43.9273200035  1378780
44.0987389088  1378411
44.2791619301  1377563
44.4563009739  1377362
44.6642489433  1375719
44.8483800888  1374052
45.0220968723  1373790
45.2559258938  1373756
45.4764049053  1373710
45.6480588913  1373656
45.8161139488  1373623
45.9918138981  1373419
46.1519019604  1373334
46.3199288845  1373287
46.4885439873  1372554
46.6851029396  1372168
46.8655738831  1372131
47.0419170856  1371959
47.2163209915  1371060
47.4148418903  1369631
47.5913388729  1366065
47.8070058823  1365979
48.0518639088  1365705
48.2435779572  1365266
48.4452219009  1364923
48.6483340263  1364517
48.8331320286  1364179
49.0239009857  1363759
49.2574138641  1361043
49.5475859642  1355486
49.7523090839  1355063
49.9359509945  1353500
50.1825609207  1350643
50.4794778824  1350627
50.7740259171  1350604
51.0344419479  1350602
51.2832629681  1350365
51.541287899  1348905
51.7991158962  1348774
52.0808439255  1347992
52.3928530216  1345020
52.7280209064  1342228
53.1672599316  1342198
53.4609820843  1340655
53.7681679726  1338568
54.0731389523  1332353
54.3931360245  1330509
54.7413759232  1316405
55.0748739243  1303901
55.3728718758  1300495
55.6809389591  1295400
55.9942419529  1294294
56.3057770729  1291868
56.6069879532  1285180
56.9433000088  1285111
57.2488310337  1280988
57.5619978905  1271781
57.8839249611  1270193
58.2464668751  1266006
58.6212730408  1265200
58.9329988956  1263897
59.2303180695  1254943
