0.00918817520142  9701220
0.00937104225159  9683923
0.00944805145264  9592844
0.00965118408203  9587063
0.00989699363708  9573253
0.0104410648346  9572597
0.0105590820312  9571452
0.010763168335  9369529
0.0108389854431  9365654
0.0111260414124  9358487
0.011244058609  9353399
0.0114471912384  9348016
0.0117771625519  9345559
0.0123200416565  9341323
0.0131630897522  9340950
0.0134510993958  9331277
0.0144691467285  9313912
0.0156791210175  9311338
0.0169231891632  9307077
0.0170001983643  9069552
0.0182859897614  9065733
0.0186212062836  9063228
0.0187840461731  9046427
0.0188601016998  9045451
0.0190660953522  8993325
0.0194849967957  8975652
0.0195620059967  8974898
0.0211310386658  8974032
0.0212152004242  8921093
0.0225970745087  8915015
0.0246260166168  8914503
0.0247051715851  8912665
0.0266799926758  8912587
0.0281980037689  8905892
0.0282781124115  8893201
0.0284850597382  8892636
0.0286099910736  8886378
0.028795003891  8885588
0.0290420055389  8841873
0.031396150589  8839355
0.0315301418304  8701092
0.0316951274872  8698091
0.0317730903625  8639760
0.0319340229034  8637915
0.0323400497437  8574508
0.0344491004944  8569481
0.0357050895691  8557090
0.0359570980072  8552033
0.0362510681152  8545450
0.036327123642  8541118
0.0374090671539  8541028
0.0396420955658  8534914
0.0426721572876  8534398
0.0428121089935  8380176
0.0432851314545  8372737
0.0434100627899  8352599
0.0438921451569  8345243
0.044694185257  8339381
0.0448410511017  8306407
0.0450611114502  8298244
0.0457742214203  8297727
0.0488920211792  8297604
0.0515952110291  8297033
0.0517241954803  8195624
0.0519790649414  8159079
0.0520582199097  8083163
0.0524430274963  8045208
0.0530111789703  8041146
0.0537250041962  8040264
0.0565800666809  8037407
0.0598440170288  8037259
0.064756155014  8034828
0.0650041103363  7909190
0.0652890205383  7889568
0.0656201839447  7858276
0.066150188446  7854823
0.0670020580292  7854190
0.0670871734619  7823769
0.0673501491547  7763057
0.0677971839905  7742348
0.0687551498413  7741728
0.0688459873199  7740129
0.0729131698608  7739661
0.0730400085449  7736134
0.0760700702667  7733698
0.0801181793213  7733650
0.0810720920563  7733232
0.0819261074066  7709662
0.0820460319519  7707863
0.0862050056458  7705731
0.0909950733185  7705437
0.091117143631  7514003
0.0913231372833  7511548
0.0917429924011  7447596
0.0918622016907  7445705
0.0922091007233  7445538
0.0924861431122  7440765
0.0929951667786  7438522
0.0930721759796  7409115
0.0936222076416  7403769
0.0936980247498  7400585
0.0944221019745  7400235
0.0948851108551  7398125
0.0953040122986  7396802
0.0954232215881  7390812
0.0954990386963  7382216
0.0957469940186  7198294
0.0958230495453  7194661
0.0959420204163  7184796
0.0967061519623  7181467
0.107305049896  7179710
0.121963024139  7170791
0.136603116989  7162337
0.153324127197  7152840
0.18478512764  7152739
0.200917005539  7152662
0.218106985092  6915499
0.234788179398  6915231
0.251332044601  6914637
0.272564172745  6914436
0.299967050552  6910759
0.340679168701  6905510
0.379926204681  6890004
0.422857999802  6768137
0.466167211533  6744432
0.466610193253  6744055
0.466692209244  6743993
0.466855049133  6743689
0.484302043915  6743009
0.486845016479  6740672
0.488308191299  6735650
0.489627122879  6699424
0.490202188492  6691772
0.49090218544  6690914
0.490989208221  6685042
0.491206169128  6410190
0.492201089859  6399170
0.493647098541  6393488
0.495177030563  6388857
0.495266199112  6382308
0.497370004654  6381991
0.497452020645  6381973
0.510380029678  6381764
0.522655010223  6374685
0.532986164093  6374537
0.543106079102  6372658
0.558271169662  6372143
0.578565120697  6371942
0.605077028275  6371535
0.653184175491  6365912
0.690867185593  6365826
0.720007181168  6365669
0.766849040985  6365276
0.796632051468  6364163
0.833248138428  6362100
0.876600027084  6356502
0.922945022583  6278248
0.958221197128  6277894
0.99068903923  6277737
1.03132414818  6277426
1.03288912773  6276444
1.03306007385  6274698
1.03494310379  6269532
1.03502321243  6264969
1.03897809982  6264677
1.04260516167  6262523
1.063778162  6261561
1.08414101601  6148593
1.10531711578  6124700
1.13036298752  6122756
1.15900802612  6110753
1.19941210747  6107636
1.19958400726  6107543
1.19995903969  6106236
1.20016217232  6104870
1.20489811897  6102577
1.21005415916  6101709
1.21518301964  6099984
1.2250931263  6096461
1.23529815674  6095934
1.24085617065  6086462
1.25147199631  6079731
1.26167821884  6079305
1.27269506454  6078190
1.29065513611  6077370
1.30751299858  6076715
1.33403921127  6075815
1.34538412094  6073360
1.35636901855  6073232
1.36702299118  6072740
1.37815213203  6072402
1.40306806564  6067473
1.42643117905  6067053
1.47891306877  6059624
1.52411317825  6059317
1.57093119621  6056231
1.62172603607  6055044
1.66914105415  6053453
1.73060512543  6045391
1.78890419006  6039659
1.84507012367  6036832
1.91614103317  5910396
1.99606013298  5892504
2.0718460083  5867834
2.07256007195  5867558
2.07268714905  5864894
2.07290410995  5864479
2.07351207733  5863522
2.07423710823  5863418
2.10598301888  5862890
2.11109304428  5861898
2.1163380146  5857966
2.14115715027  5857761
2.22153806686  5669550
2.222189188  5669490
2.22770309448  5666813
2.27480721474  5666747
2.32235217094  5666640
2.37094902992  5665819
2.45529508591  5644547
2.53048110008  5624347
2.58193016052  5624016
2.64516401291  5623252
2.70072317123  5623017
2.74489116669  5622810
2.82316303253  5622613
2.91694021225  5619407
3.04146504402  5616402
3.13729000092  5607855
3.2247440815  5588508
3.30606222153  5585819
3.38926410675  5421593
3.47386717796  5403852
3.55434918404  5399713
3.6333990097  5397057
3.71979212761  5340089
3.80197501183  5328550
3.87922811508  5326458
3.96159601212  5320889
4.04259514809  5318764
4.12698721886  5286141
4.21974015236  5264623
4.30040812492  5239625
4.38616418839  5153776
4.47909522057  5150507
4.56561207771  5150145
4.64552521706  5149413
4.73021101952  5145316
4.82066822052  5132148
4.9085111618  5127450
5.00607919693  5111942
5.09891200066  5111837
5.18516802788  5098513
5.28047513962  5076581
5.36986303329  5074473
5.46537017822  5072227
5.54730606079  5069852
5.62661910057  5067828
5.7147371769  5066135
5.84137201309  4886741
5.93537211418  4882201
6.02446508408  4881782
6.11056303978  4878783
6.19745707512  4877839
6.28372812271  4877091
6.36773920059  4829597
6.4567861557  4827534
6.54219222069  4781837
6.62734508514  4779971
6.73720407486  4711550
6.83509516716  4705005
6.9167342186  4702060
7.02048420906  4602040
7.10481214523  4585236
7.2119641304  4558082
7.310983181  4555142
7.40849113464  4530130
7.51295900345  4526634
7.6090722084  4524944
7.71188521385  4524458
7.81116914749  4512349
7.91577315331  4469622
8.02918720245  4465603
8.13292813301  4465156
8.24412202835  4427698
8.34639501572  4319662
8.4473400116  4316380
8.55873203278  4291021
8.65811514854  4289060
8.76989102364  4201879
8.87212300301  4188600
8.99038600922  4188534
9.09341812134  4178743
9.19316005707  4165592
9.31267905235  4164163
9.4199051857  4051961
9.53823900223  3915374
9.65051817894  3906062
9.76549816132  3809409
9.88286399841  3782347
10.0060491562  3778613
