0.00949096679688  9739990
0.0102779865265  9717576
0.0104410648346  9695259
0.0106890201569  9693350
0.0109779834747  9626194
0.0113999843597  9618428
0.0122470855713  9617782
0.0123660564423  9432952
0.0132539272308  9431590
0.0143110752106  9409777
0.0162529945374  9401650
0.0163300037384  9334231
0.0165650844574  9314894
0.0168969631195  9308306
0.0169730186462  9299482
0.0170919895172  9290841
0.0171720981598  9289649
0.0175471305847  9137079
0.0180521011353  9129474
0.0181291103363  9017000
0.0186281204224  8985916
0.0192151069641  8820808
0.0201001167297  8801134
0.0239679813385  8780785
0.0241379737854  8779340
0.0275509357452  8771405
0.0277359485626  8771128
0.0278730392456  8733328
0.0282919406891  8633180
0.0284080505371  8608134
0.0291149616241  8606853
0.0292820930481  8588753
0.0295059680939  8440072
0.0297250747681  8417577
0.0299711227417  8404221
0.0300590991974  8338149
0.0305449962616  8335098
0.0310900211334  8332358
0.0317449569702  8320532
0.0323390960693  8279488
0.0329909324646  8262612
0.0337619781494  8241895
0.0347321033478  8241462
0.0348160266876  8031900
0.0350339412689  7999211
0.0360109806061  7925165
0.0391471385956  7910582
0.0392289161682  7901477
0.0440859794617  7897878
0.0441761016846  7895278
0.0444669723511  7843843
0.0445849895477  7707362
0.0450029373169  7623286
0.0501470565796  7619730
0.0556049346924  7591255
0.0628390312195  7583221
0.0718080997467  7579946
0.0720150470734  7576962
0.0720920562744  7576858
0.0722100734711  7567357
0.0770890712738  7548272
0.0820181369781  7547720
0.0868940353394  7547324
0.111067056656  7492803
0.111405134201  7492764
0.1212849617  7490546
0.126177072525  7488112
0.131103992462  7348157
0.136453151703  7347551
0.141334056854  7304345
0.146301984787  7239476
0.153687000275  7117533
0.160206079483  7076021
0.174443006516  7075247
0.185102939606  7066492
0.197281122208  7054403
0.209464073181  7023787
0.228692054749  6887145
0.248084068298  6798200
0.269635915756  6782891
0.292182922363  6684022
0.313061952591  6658215
0.3355281353  6636181
0.358037948608  6634766
0.38011598587  6619058
0.40246295929  6607574
0.426115989685  6596929
0.445564985275  6596916
0.465748071671  6574861
0.486822128296  6524226
0.505919933319  6504339
0.525470972061  6482997
0.544641017914  6453526
0.569819927216  6338752
0.589986085892  6310834
0.610914945602  6265875
0.631112098694  6254025
0.654470920563  6246714
0.682481050491  6198047
0.706160068512  6164731
0.730313062668  6164286
0.756765127182  6163069
0.782465934753  6123703
0.806533098221  6123385
0.830965995789  6118589
0.855574131012  6014677
0.881662130356  5977101
0.905601024628  5927439
0.916445970535  5926513
0.931411027908  5926373
0.955517053604  5919720
0.965600967407  5911798
0.975260019302  5911174
0.998898983002  5822392
1.0253200531  5788458
