0.00962901115417  9094398
0.0100300312042  9048269
0.0102860927582  9042552
0.0105760097504  9012133
0.0110790729523  9005766
0.0111970901489  8855974
0.0113580226898  8834386
0.0117309093475  8741037
0.011892080307  8651582
0.0124700069427  8610979
0.0132899284363  8610367
0.0133769512177  8582244
0.0138559341431  8576166
0.0139420032501  8546366
0.0142719745636  8415953
0.014358997345  8415279
0.0144939422607  8397032
0.0153141021729  8361270
0.0161850452423  8355387
0.0162711143494  8353090
0.0171439647675  8349474
0.0181128978729  8340841
0.0181999206543  8323457
0.0190870761871  8322018
0.0191679000854  8276841
0.0194299221039  8207083
0.0197820663452  8198601
0.0198628902435  8167103
0.0199880599976  8050349
0.0203440189362  8049606
0.0215699672699  8037749
0.0225849151611  8030096
0.0226631164551  7985494
0.0227830410004  7985484
0.0239269733429  7973760
0.0240030288696  7960371
0.0242490768433  7958142
0.0255661010742  7944131
0.0272529125214  7905172
0.0273959636688  7901009
0.0275020599365  7898433
0.0298020839691  7897490
0.029932975769  7869721
0.0300951004028  7851019
0.0314979553223  7848269
0.0333530902863  7846669
0.0334339141846  7803275
0.033637046814  7800269
0.0354490280151  7794325
0.0377418994904  7794221
0.0378339290619  7605001
0.0381228923798  7553611
0.0382409095764  7533995
0.0387260913849  7533920
0.0411500930786  7525802
0.0439190864563  7524279
0.0440061092377  7441367
0.04421210289  7226419
0.0465929508209  7226311
0.0499360561371  7225143
0.05011510849  7221460
0.0503311157227  7183198
0.0505080223083  7181923
0.0506401062012  7173154
0.0508990287781  7101484
0.0512800216675  7058864
0.0513570308685  7057118
0.0514750480652  7035430
0.0516788959503  6984823
0.0517549514771  6983070
0.0521719455719  6909513
0.0522480010986  6903010
0.0527069568634  6888549
0.0528249740601  6778845
0.0529010295868  6775340
0.0533609390259  6764103
0.0542290210724  6727387
0.0549399852753  6725842
0.0559659004211  6721957
0.0560700893402  6708959
0.0597779750824  6708811
0.063276052475  6707332
0.0634429454803  6700735
0.0636460781097  6693331
0.0670440196991  6692558
0.07062292099  6692297
0.0707850456238  6691827
0.0711150169373  6654234
0.0713169574738  6482936
0.07590508461  6481164
0.0760669708252  6443678
0.0766100883484  6438661
0.077024936676  6431042
0.0771009922028  6424980
0.0772590637207  6424467
0.0773360729218  6416504
0.0774960517883  6409696
0.0777409076691  6407459
0.0780301094055  6407219
0.0781478881836  6393591
0.0782239437103  6393522
0.0785119533539  6391643
0.0787150859833  6388046
0.0787899494171  6340611
0.0789079666138  6317107
0.0792379379272  6270371
0.079313993454  6270304
0.0794739723206  6269799
0.0800199508667  6240431
0.0801379680634  6239123
0.0807249546051  6232117
0.0809290409088  6227811
0.0815150737762  6226888
0.0824890136719  6222844
0.087620973587  6205812
0.092621088028  6197710
0.0974979400635  6186866
0.103099107742  6147972
0.108485937119  6114137
0.113399982452  6103197
0.120318889618  6077873
0.131459951401  6072740
0.136434078217  6066855
0.141345977783  6065459
0.146218061447  6064464
0.151171922684  6033409
0.156299114227  6015526
0.161786079407  6015442
0.168665885925  6007348
0.175585031509  5989382
0.18056511879  5988519
0.185879945755  5978426
0.191138029099  5949777
0.196196079254  5912596
0.201273918152  5774516
0.20680809021  5757477
0.21365904808  5739194
0.218767881393  5682059
0.223844051361  5652878
0.229192018509  5640668
0.23432803154  5637723
0.242163896561  5631193
0.247100114822  5629597
0.25198507309  5624603
0.257671117783  5621496
0.262720108032  5620182
0.267597913742  5586212
0.27251291275  5513392
0.277446985245  5498419
0.283127069473  5410055
0.290370941162  5383603
0.295244932175  5315068
0.30015206337  5314791
0.305103063583  5310865
0.310096025467  5298521
0.319344043732  5298435
0.324249982834  5295504
0.329202890396  5293330
0.334062099457  5270833
0.33905005455  5246485
0.348401069641  5238889
0.357935905457  5237863
0.364922046661  5112198
0.371207952499  5025082
0.376368045807  5025043
0.383711099625  5023636
0.38932299614  5012053
0.394618034363  4997560
0.399931907654  4982370
0.409651994705  4981093
0.419445991516  4869480
0.42947602272  4849275
0.443911075592  4632087
0.45861697197  4624552
0.476272106171  4624463
0.481214046478  4618488
0.487946987152  4615807
0.496834993362  4603962
0.502486944199  4596785
0.510544061661  4577422
0.515754938126  4570634
0.520920991898  4566209
0.525837898254  4458455
0.53468298912  4447371
0.539762020111  4410926
0.545136928558  4410163
0.550216913223  4404118
0.556458950043  4364576
0.562077045441  4356110
0.568918943405  4355189
0.574445009232  4354220
0.581665992737  4354031
0.587461948395  4343524
0.598218917847  4333433
0.6135430336  4329714
0.627986907959  4320911
0.647134065628  4320619
0.666218996048  4310396
0.694524049759  4309026
0.718313932419  4306651
0.737380027771  4304405
0.77318406105  4276439
0.79562997818  4276147
0.81623005867  4272015
0.856574058533  4239017
0.894422054291  4232131
0.937665939331  4230944
0.976759910583  4227164
1.01750707626  4196520
1.0556499958  4172568
1.09303498268  4165373
1.13054609299  4154736
1.17080998421  4153462
1.21188402176  4135442
1.24954891205  4120499
1.28741598129  4085788
1.33259105682  4080044
1.38110089302  4051705
1.42350792885  4029972
1.46557688713  4017735
1.5080370903  4016506
1.54992389679  4016431
1.59925198555  3997530
1.64174103737  3982850
1.68494296074  3959683
1.72850704193  3943365
1.77450990677  3940645
1.81712293625  3936778
1.85910606384  3933653
1.90148806572  3931733
1.9433619976  3915813
1.98919510841  3895922
2.03244495392  3884492
2.07440900803  3837193
2.12149906158  3798236
2.16471791267  3780721
2.21355295181  3758069
2.26480388641  3753766
2.31460809708  3699774
2.36518192291  3653999
2.41299104691  3649998
2.46736311913  3628989
2.50924301147  3622788
2.55984592438  3593988
2.61844992638  3555978
2.67346191406  3518181
2.72881293297  3514365
2.78504705429  3491929
2.83741807938  3476723
2.89007902145  3476182
2.95344591141  3411448
3.0228509903  3373953
3.09070897102  3333133
3.15396308899  3276431
3.22364211082  3266184
3.29042601585  3261546
3.36005306244  3258891
3.42965602875  3253881
3.49315404892  3253764
3.56060099602  3235319
3.62949109077  3235253
3.69740509987  3234219
3.76364588737  3229636
3.82852697372  3228422
3.89596796036  3214543
3.95945596695  3122754
4.02980303764  3120416
4.09325003624  3042185
4.16028690338  3024712
4.22699308395  3023587
4.29271888733  2970289
4.3560628891  2961650
4.42255806923  2961285
4.48807001114  2917089
4.55164694786  2906514
4.61871290207  2864452
4.68840789795  2791673
4.75344705582  2791535
4.82027101517  2735106
4.88775205612  2641969
4.95238900185  2586627
5.01597309113  2575441
5.08030200005  2541976
5.14772391319  2541238
5.21732211113  2540844
5.28401589394  2511956
5.34728097916  2506285
5.43472003937  2483884
5.51386499405  2481458
5.60900592804  2475384
5.70655298233  2472710
5.80474090576  2471704
5.89667892456  2450174
6.00275492668  2447853
6.106539011  2444675
6.21682405472  2433190
6.32648801804  2412623
6.43731188774  2394686
6.54447507858  2385732
6.6580350399  2385251
6.78207397461  2361572
6.88491988182  2350029
6.99067211151  2344471
7.11214590073  2321322
7.23358988762  2302996
7.3545589447  2279093
7.48167395592  2276598
7.60598897934  2258959
7.7289659977  2256383
7.84998106956  2248300
7.9679710865  2246711
8.09177088737  2237757
8.21581411362  2227431
8.33687591553  2208362
8.46453905106  2208099
8.60170197487  2192844
8.74283504486  2179282
8.88587999344  2178788
9.02734899521  2177151
9.16767811775  2176161
9.31267690659  2174429
9.46336007118  2172775
9.62100696564  2171940
9.80027198792  2153713
9.97560596466  2152989
10.1499190331  2152688
10.3288838863  2151746
10.5044751167  2151597
10.6850910187  2141576
10.865598917  2140282
11.0427949429  2138170
11.232872963  2137246
11.4230270386  2133818
11.6185081005  2116946
11.683398962  2096871
11.7269749641  2076235
11.8917651176  2076080
12.0546069145  2075604
12.22301507  2075130
12.4301519394  2061571
12.642829895  2054903
12.8526399136  1975042
12.8597359657  1974109
12.8646099567  1961895
12.8742389679  1943174
12.8940980434  1941208
13.0922989845  1934823
13.0994110107  1933594
13.3005371094  1926883
13.5087800026  1918315
13.5111179352  1917022
13.5158529282  1916933
13.525758028  1719894
13.5360319614  1716029
13.5598800182  1715921
13.5872559547  1703076
13.6109569073  1689860
13.63509202  1639378
13.681292057  1623693
13.7350211143  1618571
13.7887918949  1540116
13.8521549702  1519580
13.9223148823  1501194
13.9885590076  1470462
14.0555360317  1450357
14.127147913  1446664
14.1936509609  1446522
14.269299984  1408260
14.3561370373  1399699
14.4469120502  1394628
14.5387449265  1388227
14.6335160732  1380505
14.7271180153  1335201
14.8331770897  1332656
14.9389510155  1331047
15.0492379665  1328608
15.1562330723  1325581
15.2629361153  1324851
15.3722579479  1324582
15.4790639877  1322295
15.588424921  1315596
15.7006649971  1315334
15.8131868839  1314500
15.9194829464  1314431
16.0268390179  1312843
16.1352899075  1312517
16.2434270382  1312415
16.350217104  1309313
16.4593749046  1305800
16.5635480881  1304980
16.6676979065  1291800
16.7785611153  1291095
16.889316082  1287556
17.0072960854  1285215
17.1200339794  1284897
17.2303309441  1284830
17.3415219784  1284783
17.4525220394  1277452
17.5622570515  1276462
17.6691269875  1273249
17.7791628838  1273140
17.8930089474  1267666
18.013933897  1265705
18.1364920139  1261111
18.2701048851  1258876
18.400906086  1258802
18.5256381035  1258310
18.6563470364  1257972
18.7903370857  1255635
18.918006897  1254553
19.0517990589  1245621
19.1796450615  1239327
19.3108789921  1238691
19.4555261135  1237467
19.6099450588  1236781
19.7542738914  1236354
19.9052259922  1236105
20.0530400276  1230506
20.2337179184  1230298
20.4114129543  1227624
20.5919289589  1227143
