0.0104069709778  10227209
0.0105419158936  10179932
0.0109570026398  10080229
0.0110838413239  10078739
0.0113167762756  10009254
0.0114419460297  9935585
0.0117788314819  9861137
0.0119018554688  9769376
0.0122249126434  9693688
0.0129728317261  9690973
0.0131809711456  9689852
0.013641834259  9646782
0.0137639045715  9638800
0.0140018463135  9576992
0.0142478942871  9489918
0.0147399902344  9214069
0.0149509906769  9139937
0.0150549411774  9017426
0.0154008865356  9010619
0.0155220031738  9010495
0.0158720016479  8992442
0.0163199901581  8980919
0.0164268016815  8976112
0.0166368484497  8970340
0.0169808864594  8969260
0.0170869827271  8688896
0.0173058509827  8628833
0.0174119472504  8614347
0.0175168514252  8584561
0.0176270008087  8579826
0.0177369117737  8572016
0.0178408622742  8448723
0.0180659294128  8330928
0.0187377929688  8296332
0.0189828872681  8278084
0.0191009044647  8083112
0.0196688175201  8019055
0.0201148986816  7982567
0.0206549167633  7974009
0.0213840007782  7944318
0.0216548442841  7927912
0.0224277973175  7767797
0.022805929184  7761626
0.0238838195801  7716573
0.0244879722595  7676740
0.0251967906952  7642402
0.0257728099823  7557901
0.0260028839111  7508305
0.0263729095459  7467086
0.0266017913818  7392836
0.0270729064941  7356480
0.0276348590851  7327058
0.028627872467  7324020
0.0286979675293  7261874
0.0305829048157  7172872
0.0307178497314  7056294
0.0309159755707  7013195
0.0315017700195  6914435
0.0316178798676  6842480
0.0317318439484  6821778
0.0320708751678  6763220
0.0335519313812  6729573
0.033665895462  6718398
0.0340898036957  6714285
0.0345358848572  6707108
0.0347588062286  6695689
0.0349628925323  6615141
0.0361309051514  6610018
0.0393388271332  6600923
0.0397658348083  6598343
0.0399069786072  6539403
0.0401518344879  6534878
0.0414237976074  6430900
0.0418539047241  6380314
0.042044878006  6356392
0.0430119037628  6295040
0.0437219142914  6101454
0.0449669361115  6085418
0.0453128814697  5996697
0.0462999343872  5992942
0.0465009212494  5991902
0.0469679832458  5963714
0.0472538471222  5963497
0.0482838153839  5955266
0.0486278533936  5950855
0.0492098331451  5910570
0.050461769104  5901757
0.0528378486633  5878424
0.0539748668671  5848666
0.0542049407959  5813491
0.0548498630524  5794868
0.055960893631  5794090
0.0563268661499  5740258
0.0567009449005  5692667
0.0593409538269  5692560
0.0595548152924  5691861
0.0618607997894  5687337
0.0661849975586  5677689
0.0697288513184  5644704
0.0717968940735  5644391
0.0726149082184  5643917
0.0728898048401  5630487
0.0741279125214  5625026
0.0744988918304  5621074
0.0753898620605  5592141
0.0757169723511  5589060
0.0768887996674  5587857
0.0785639286041  5553964
0.0791869163513  5451005
0.0792968273163  5409160
0.0794909000397  5399575
0.0801448822021  5369529
0.080757856369  5361336
0.0809118747711  5353268
0.0821678638458  5350048
0.0827558040619  5344567
0.0847787857056  5324003
0.0871188640594  5313410
0.0876297950745  5264279
0.0900027751923  5240228
0.0902628898621  5204672
0.092102766037  5199179
0.0936348438263  5197558
0.0941169261932  5170806
0.0986168384552  5164749
0.0994107723236  5144463
0.103758811951  5142281
0.109031915665  5141817
0.109137773514  5138625
0.109769821167  5066344
0.118088960648  5064603
0.120763778687  5062981
0.124761819839  5041610
0.130845785141  5041031
0.135451793671  5033497
0.137075901031  5032953
0.137667894363  5025955
0.13916683197  5000717
0.140625953674  4925668
0.14405798912  4925219
0.145194768906  4917813
0.147974967957  4876152
0.149330854416  4872415
0.14968585968  4871414
0.151681900024  4868778
0.152028799057  4844453
0.15599489212  4841935
0.156662940979  4817762
0.159116983414  4805146
0.159686803818  4804251
0.162795782089  4803179
0.163089990616  4800664
0.163352966309  4799632
0.166057825089  4795224
0.166293859482  4778591
0.170157909393  4778395
0.173152923584  4748877
0.173590898514  4695878
0.178758859634  4661712
0.180217981339  4661368
0.18546795845  4659660
0.189095973969  4629607
0.192273855209  4627263
0.193168878555  4620507
0.193537950516  4617662
0.194514989853  4576778
0.194796800613  4576698
0.19531583786  4571884
0.204899787903  4552377
0.205632925034  4523517
0.207313776016  4514793
0.209895849228  4501644
0.215351819992  4463965
0.216662883759  4462314
0.218100786209  4460584
0.221874952316  4457860
0.223565816879  4429130
0.229691982269  4424605
0.239260911942  4422887
0.241117954254  4400184
0.244266986847  4381086
0.244891881943  4380079
0.248641967773  4376521
0.250897884369  4354536
0.264600992203  4350232
0.266222953796  4300487
0.278703927994  4262702
0.289484977722  4249442
0.29709482193  4218197
0.301422834396  4194835
0.302729845047  4124197
0.312513828278  4110446
0.321489810944  4110077
0.323992967606  4105582
0.330865859985  4097702
0.335045814514  4089045
0.335770845413  4087369
0.338538885117  4050690
0.340774774551  4049667
0.345619916916  4049366
0.347776889801  4048550
0.354640960693  4048020
0.357604980469  4034493
0.369582891464  4020512
0.371688842773  4020073
0.375553846359  3997520
0.382378816605  3996438
0.384007930756  3992027
0.385083913803  3991993
0.388934850693  3986655
0.393164873123  3979034
0.396251916885  3955615
0.411488771439  3948438
0.417186975479  3929665
0.427437782288  3912786
0.428708791733  3880200
0.437944889069  3880193
0.440875768661  3871711
0.445044994354  3871266
0.454475879669  3868046
0.46603178978  3862641
0.489253997803  3846059
0.493249893188  3823625
0.500683784485  3803358
0.503748893738  3802445
0.507725954056  3790559
0.510772943497  3783534
0.51268196106  3774647
0.514687776566  3772780
0.516573905945  3770405
0.52516579628  3766213
0.525401830673  3762025
0.526434898376  3753140
0.530912876129  3742379
0.531658887863  3722595
0.53264093399  3719933
0.53813290596  3718140
0.546191930771  3717743
0.546905994415  3716881
0.550056934357  3707096
0.554509878159  3678653
0.554765939713  3677981
0.556682825089  3673103
0.559340953827  3672882
0.562184810638  3672692
0.566670894623  3672046
0.585931777954  3669103
0.589994907379  3656129
0.593100786209  3654942
0.60228395462  3654419
0.605771780014  3640669
0.611870765686  3622113
0.613068819046  3617693
0.61332988739  3617592
0.616622924805  3612985
0.631794929504  3610972
0.64150094986  3610651
0.647890806198  3557543
0.648074865341  3557517
0.649617910385  3553015
0.659403800964  3552699
0.663351774216  3551478
0.665098905563  3551228
0.669897794724  3549557
0.674841880798  3549460
0.677936792374  3549275
0.680719852448  3546126
0.682346820831  3541250
0.6825299263  3541143
0.686548948288  3540241
0.687147855759  3537525
0.707938909531  3532429
0.715285778046  3502188
0.72483086586  3494615
0.731292963028  3493679
0.733347892761  3493582
0.734826803207  3481800
0.742765903473  3474156
0.749617815018  3431294
0.75573182106  3420668
0.760250806808  3364920
0.773217916489  3364857
0.782164812088  3362455
0.784201860428  3361012
0.796982765198  3357833
0.802988767624  3353295
0.81906080246  3351315
0.830983877182  3350431
0.833293914795  3349763
0.833489894867  3341635
0.834811925888  3296564
0.872105836868  3274651
0.879440784454  3273318
0.916068792343  3267499
0.931031942368  3227912
0.931248903275  3226631
0.935057878494  3225145
0.936025857925  3222094
0.982007980347  3218348
0.982672929764  3214358
1.00068688393  3213399
1.01825690269  3209014
1.02202296257  3207238
1.03493595123  3206982
1.03580880165  3206712
1.06757283211  3182622
1.09401082993  3173644
1.12226676941  3171426
1.12271595001  3170783
1.13540077209  3169598
1.1383459568  3169046
1.15271282196  3158959
1.16904377937  3158686
1.18333387375  3156220
1.19144582748  3142182
1.21467494965  3139030
1.22321176529  3137387
1.22578382492  3135268
1.22811794281  3134672
1.25910878181  3109281
1.26704478264  3107517
1.26973795891  3106957
1.27735495567  3097293
2.11513090134  3001292
2.11790895462  2997338
2.13601779938  2995602
2.13666677475  2995540
2.13685488701  2991333
2.14291787148  2978075
2.1466588974  2975908
2.18633699417  2970681
2.2112839222  2969131
2.23706483841  2966006
2.23972296715  2964694
2.24234580994  2964630
2.24505996704  2961328
2.24580097198  2952806
2.26384186745  2949452
2.27257490158  2946367
2.27309393883  2945202
2.29192686081  2925670
2.29574799538  2924281
2.30959177017  2899621
2.35560584068  2898954
2.37534189224  2898633
2.37598776817  2897645
2.39215898514  2875546
2.39567899704  2869828
2.40865492821  2869184
2.41294193268  2865747
2.42876982689  2865411
2.44345879555  2862244
2.45617890358  2858406
2.46631193161  2858352
2.46852493286  2857748
2.47187685966  2852060
2.47907090187  2851051
2.50734186172  2850958
2.5105907917  2827702
2.52762293816  2826706
2.54752779007  2825263
2.58346986771  2822648
2.6002137661  2821830
2.616740942  2821023
2.62005877495  2818037
2.62132191658  2817107
2.6466999054  2816191
2.66416478157  2812750
2.69799399376  2752634
2.72361397743  2741207
2.73153185844  2739850
2.74381685257  2726846
2.75590777397  2707172
2.76131391525  2704040
2.77076482773  2702174
2.78366684914  2695877
2.8032078743  2676623
2.80958795547  2676328
2.80995678902  2671326
2.81759691238  2667977
2.82069587708  2658259
2.82681083679  2650104
2.85363793373  2647901
2.85529494286  2644803
2.86029696465  2642469
2.86870288849  2641691
2.89675498009  2636388
2.90414381027  2636377
2.90613698959  2634581
2.90625  2634555
2.90700292587  2611122
2.94046998024  2601942
2.96237897873  2596029
2.96406984329  2595010
2.99462294579  2594489
3.00970578194  2593728
3.01004981995  2593172
3.0379447937  2592864
3.0399107933  2575217
3.05007386208  2568748
3.05187082291  2563258
3.05829596519  2562144
3.09837388992  2559873
3.13312077522  2557551
3.17235183716  2550517
3.19634485245  2545110
3.21884298325  2541245
3.25789499283  2530783
3.26526880264  2524179
14.4266159534  2513233
14.4307818413  2513203
14.4348728657  2513188
14.4827439785  2487160
14.4835989475  2484937
14.5268797874  2479909
14.5823979378  2478237
14.6122608185  2477769
14.6183199883  2470320
14.6235649586  2470180
14.631914854  2436621
14.6987369061  2436247
14.7152178288  2435254
14.7208549976  2433537
20.5886588097  2424755
20.6139218807  2422108
20.6632678509  2421511
20.6682949066  2419190
20.6819229126  2412206
20.7000689507  2411330
20.7093157768  2393158
20.7148368359  2390364
20.7203698158  2373328
20.7546579838  2337603
20.7705128193  2337040
20.7723689079  2336991
20.8031659126  2336375
20.8194959164  2335199
20.8627820015  2316595
20.8660399914  2315115
20.8938319683  2314731
20.9140019417  2314171
20.9333097935  2312773
20.9591679573  2312318
20.9619967937  2311928
20.9640419483  2311022
73.6251718998  2288470
73.6392118931  2285805
73.6404678822  2271626
73.6500418186  2269951
73.6612298489  2264312
73.6806299686  2261683
228.102391958  2254134
228.109866858  2254111
228.113981962  2253925
228.115325928  2253805
228.123613834  2243748
228.130400896  2240948
228.142109871  2238625
228.147779942  2214175
228.160803795  2213960
228.192758799  2211547
228.200447798  2210995
228.214003801  2206737
228.218973875  2204996
228.2264359  2204635
228.258394957  2204161
228.295529842  2200143
228.299485922  2199988
228.301026821  2199928
228.312722921  2199532
228.317137003  2196658
228.348572969  2195054
228.35746789  2186514
228.368479967  2186175
525.278345823  2175950
525.279731989  2175642
525.29881382  2167849
525.309172869  2157380
525.309770823  2155459
525.333021879  2153384
525.336910963  2130438
525.343868971  2128447
525.348093987  2122748
525.352151871  2109612
525.362719774  2108143
525.382915974  2108116
525.38554287  2103829
525.417189837  2103303
525.430434942  2098561
525.430561781  2098237
525.443573952  2094916
525.449697971  2081605
