0.00932288169861  10422204
0.00942087173462  10351313
0.00975203514099  10213542
0.00982809066772  10208585
0.0099880695343  10170053
0.0104029178619  9999934
0.0110318660736  9902863
0.0111079216003  9850456
0.0113580226898  9815567
0.0114340782166  9806690
0.0121040344238  9707057
0.0129480361938  9610607
0.0130228996277  9606999
0.0131409168243  9532242
0.0133850574493  9502630
0.0134608745575  9490649
0.0143449306488  9458571
0.0144209861755  9444974
0.0159559249878  9384174
0.0160739421844  9260944
0.0165748596191  9224905
0.0167350769043  9223781
0.0172770023346  9203840
0.0173559188843  9160977
0.0185458660126  9139955
0.0187060832977  9093809
0.0189929008484  9093076
0.0193228721619  9059496
0.0198640823364  9001883
0.0209019184113  8996531
0.020987033844  8996016
0.021106004715  8921685
0.0213088989258  8914850
0.0215559005737  8901963
0.023138999939  8806693
0.0232989788055  8717314
0.0234169960022  8714957
0.025171995163  8617208
0.0253069400787  8615138
0.0254480838776  8589698
0.0256810188293  8584926
0.0284719467163  8551395
0.0286428928375  8546625
0.0308840274811  8449773
0.0333480834961  8421070
0.0336389541626  8387588
0.0337400436401  8376108
0.0338609218597  8333622
0.0339379310608  8277702
0.0354568958282  8275884
0.0366849899292  8158725
0.0367729663849  8080351
0.0368950366974  8000474
0.0372719764709  7953397
0.0374569892883  7940582
0.0377888679504  7940400
0.0402879714966  7889595
0.0404188632965  7813107
0.0428719520569  7781306
0.0431718826294  7681481
0.0456519126892  7590020
0.0457329750061  7466159
0.048299074173  7446915
0.0486359596252  7428699
0.0488889217377  7428544
0.052099943161  7422180
0.0542099475861  7416949
0.0543310642242  7386833
0.0547440052032  7350491
0.0551888942719  7334739
0.0552709102631  7316687
0.0555598735809  7275303
0.0558919906616  7259661
0.0563519001007  7206321
0.0564270019531  7170417
0.0574898719788  7163590
0.058464050293  7136437
0.0590069293976  7104725
0.0591249465942  7019619
0.0604050159454  7007990
0.0606510639191  7007381
0.0623190402985  6937110
0.064915895462  6927032
0.0676040649414  6915686
0.0676798820496  6911282
0.0677978992462  6808332
0.0705299377441  6781810
0.0708608627319  6748207
0.0711488723755  6742565
0.0740098953247  6696375
0.0740859508514  6647683
0.0742468833923  6584802
0.0771989822388  6562436
0.0772750377655  6560083
0.0776479244232  6522924
0.0780758857727  6513288
0.0813648700714  6494795
0.0815320014954  6398600
0.0851030349731  6383452
0.0854849815369  6372771
0.0858159065247  6365941
0.0895049571991  6314867
0.0895869731903  6307758
0.0897579193115  6274772
0.0932910442352  6261510
0.0936648845673  6138469
0.0939519405365  6128581
0.0996198654175  6080841
0.0997629165649  6079684
0.0999479293823  6079501
0.104012012482  6067351
0.10438990593  5966438
0.104723930359  5956830
0.108737945557  5864210
0.108819961548  5808612
0.108990907669  5807235
0.109211921692  5698185
0.112977027893  5663760
0.113265991211  5655081
0.113512039185  5654096
0.117521047592  5559182
0.1175968647  5536156
0.117841959  5515972
0.121886014938  5481071
0.121962070465  5476704
0.126049995422  5472549
0.126126050949  5361613
0.13091802597  5346894
0.131000041962  5340679
0.131237030029  5339168
0.132782936096  5295105
0.132860898972  5222326
0.132979869843  5211663
0.133141040802  5122180
0.134377002716  5093623
0.13569688797  5078966
0.135773897171  5046200
0.136445999146  5034954
0.137075901031  5017019
0.137151956558  5007992
0.138644933701  4973459
0.139149904251  4960619
0.139225959778  4960332
0.139602899551  4945388
0.144247055054  4911542
0.144324064255  4897062
0.144442081451  4877520
0.144600868225  4769509
0.144845962524  4740404
0.149528026581  4715033
0.14994597435  4693558
0.150317907333  4683271
0.155194997787  4673132
0.161797046661  4673052
0.171465873718  4672412
0.186275005341  4671847
0.205497980118  4671375
0.247677087784  4650976
0.292629003525  4599482
0.335433959961  4579501
0.378154993057  4546901
0.420722007751  4544161
0.465846061707  4543230
0.510004997253  4530826
0.553915023804  4510353
0.601098060608  4462267
0.64529299736  4408662
0.689080953598  4385038
0.733216047287  4384741
0.776146888733  4359012
0.825368881226  4350876
0.877228021622  4349009
0.92139005661  4339966
0.965157032013  4331127
1.02008390427  4326085
