0.00958180427551  9525564
0.00980997085571  9395723
0.00988698005676  9371909
0.0102210044861  9329228
0.0103399753571  9309093
0.0107169151306  9300239
0.0112209320068  9279334
0.0112969875336  9266327
0.0114150047302  9254139
0.0117049217224  9167870
0.0117809772491  9109143
0.0119409561157  9088445
0.0121870040894  9036066
0.0122628211975  8984611
0.0128529071808  8910395
0.0129280090332  8780798
0.0143430233002  8773915
0.0144188404083  8767641
0.0145359039307  8766770
0.0146119594574  8764902
0.0147728919983  8508558
0.015233039856  8439472
0.0153520107269  8360436
0.0157690048218  8337180
0.0159330368042  8337145
0.016007900238  8336311
0.0162119865417  8332714
0.0162868499756  8330872
0.0165328979492  8311319
0.0168218612671  8306862
0.0171530246735  8292950
0.0176548957825  8128979
0.0189349651337  8102632
0.0195698738098  8084789
0.0197308063507  8081605
0.0199768543243  8074507
0.0200529098511  8048749
0.0213780403137  8013313
0.0215408802032  7994639
0.0238699913025  7989987
0.0252330303192  7956895
0.0254189968109  7956040
0.0257999897003  7907612
0.0262799263  7851479
0.0279519557953  7813096
0.032301902771  7802952
0.0363190174103  7798687
0.0410778522491  7798547
0.041307926178  7491123
0.0416300296783  7407767
0.0417509078979  7407256
0.0418288707733  7369616
0.0421659946442  7262301
0.0422418117523  7257510
0.0429120063782  7129962
0.0430479049683  7019344
0.0435779094696  7004139
0.0444378852844  6869140
0.0445308685303  6868323
0.0452799797058  6867053
0.0453588962555  6844669
0.0460929870605  6842627
0.0468728542328  6768563
0.0517539978027  6762764
0.0518419742584  6761879
0.0673418045044  6673523
0.0674719810486  6673225
0.0794439315796  6672770
0.0847949981689  6672205
0.0900368690491  6629259
0.0988178253174  6628779
0.10474395752  6542955
0.110388994217  6464283
0.115267038345  6437892
0.120683908463  6428686
0.125694990158  6364270
0.131032943726  6349943
0.136428833008  6313293
0.141288995743  6193691
0.147024869919  6179121
0.152220964432  6176984
0.157238960266  6175825
0.162196874619  6160965
0.16720199585  6132353
0.174769878387  6130527
0.180367946625  6103820
0.185693025589  6027716
0.19250202179  6002315
0.197685003281  5952323
0.203574895859  5952254
0.208653926849  5951200
0.213703870773  5946671
0.219049930573  5940714
0.224011898041  5939356
0.229660987854  5906771
0.234730958939  5902178
0.240137815475  5892717
0.245402812958  5892269
0.254041910172  5846780
0.262485027313  5841854
0.272941827774  5841247
0.282543897629  5839395
0.291882991791  5837750
0.301782846451  5831888
0.311672925949  5831708
0.321360826492  5831388
0.336434841156  5830626
0.351891040802  5823604
0.367211818695  5775192
0.383102893829  5748916
0.402841806412  5748836
0.42183303833  5744503
0.44251203537  5742592
0.459308862686  5742380
0.474449872971  5708431
0.489852905273  5673000
0.505388021469  5661059
0.520331859589  5650891
0.537297964096  5562988
0.537433862686  5562823
0.542496919632  5562026
0.551906824112  5560103
0.56166100502  5552197
0.571506977081  5544081
0.581166982651  5535785
0.593101024628  5502340
0.603941917419  5415038
0.613910913467  5406411
0.623741865158  5385375
0.633728027344  5364223
0.647432804108  5353813
0.657493829727  5351865
0.667412996292  5319364
0.677886009216  5190670
0.688014030457  5148000
0.698006868362  5144269
0.708618879318  5140685
0.718883991241  4968946
0.734781980515  4942474
0.747320890427  4907838
0.763031959534  4872171
0.772953033447  4842405
0.782779932022  4727411
0.79319190979  4714281
0.80374789238  4686380
0.816151857376  4679662
0.826188802719  4647763
0.836077928543  4585719
0.84662103653  4522513
0.856961965561  4502822
0.867343902588  4483853
0.878304004669  4368531
0.889380931854  4356198
0.900617837906  4300776
0.911630868912  4225851
0.921420812607  4213187
0.93337893486  4202905
0.943181991577  4195590
0.953502893448  4160392
0.967720985413  4100367
0.985664844513  4100179
0.995711803436  4083077
1.00710487366  4077810
