0.0100300312042  9562101
0.0101308822632  9558737
0.010274887085  9558130
0.0104858875275  9484467
0.0106308460236  9473154
0.0108368396759  9313741
0.0111999511719  9208313
0.0112628936768  9118195
0.0113258361816  9001262
0.0116279125214  8999549
0.0121688842773  8996971
0.0122919082642  8993130
0.012354850769  8942255
0.0124769210815  8819399
0.0125999450684  8761412
0.0126628875732  8754259
0.0127248764038  8753061
0.0134470462799  8690565
0.0142278671265  8527289
0.0142910480499  8526914
0.0144138336182  8493102
0.0145359039307  8424583
0.0146598815918  8327261
0.0147829055786  8312371
0.0149059295654  8278621
0.0152080059052  8141437
0.01527094841  8022807
0.0155129432678  8004488
0.0157549381256  7882718
0.0163609981537  7795932
0.0167829990387  7755960
0.0169649124146  7701171
0.0170278549194  7686913
0.0170910358429  7588630
0.0171530246735  7588058
0.0173950195312  7565265
0.0181159973145  7502168
0.0182390213013  7459433
0.0183620452881  7438639
0.0194380283356  7388186
0.0197398662567  7218581
0.0200419425964  7218256
0.0202250480652  7157819
0.0202870368958  7136445
0.0207679271698  7120308
0.0220289230347  7060303
0.0223319530487  7050216
0.0224070549011  7020210
0.0228300094604  6996139
0.0231130123138  6991793
0.0232570171356  6894942
0.0233998298645  6880745
0.0240268707275  6715506
0.0243780612946  6666938
0.024936914444  6664882
0.0252180099487  6646710
0.0253610610962  6645327
0.0258500576019  6645205
0.0260610580444  6509688
0.0263428688049  6498361
0.0272629261017  6469028
0.0278539657593  6468549
0.0281758308411  6454603
0.0289988517761  6448340
0.030266046524  6411540
0.0304129123688  6362370
0.0310480594635  6350874
0.0312609672546  6315427
0.0323269367218  6313196
0.0324749946594  6228645
0.0327758789062  6183348
0.0341749191284  6178392
0.0352418422699  6169197
0.035315990448  6163171
0.035383939743  6148568
0.0354518890381  6141599
0.0357789993286  6124773
0.0364260673523  6106366
0.0377180576324  6104194
0.0382359027863  6050727
0.0393469333649  6037948
0.0409150123596  5921341
0.0410389900208  5821126
0.0416429042816  5781404
0.0417058467865  5599086
0.0419509410858  5589150
0.0420749187469  5580463
0.0452630519867  5543624
0.0453269481659  5497260
0.0459909439087  5485566
0.046294927597  5438461
0.0467178821564  5404166
0.0469009876251  5399094
0.04696393013  5395057
0.047266960144  5391987
0.0474500656128  5390955
0.047572851181  5330562
0.047816991806  5305391
0.048003911972  5215506
0.0485479831696  5201603
0.0487308502197  5181075
0.0495140552521  5176078
0.0502989292145  5171311
0.0503618717194  5158145
0.0504250526428  5155164
0.0506088733673  5124082
0.0510308742523  5124069
0.0513939857483  5120829
0.0516979694366  5044330
0.0525989532471  4981314
0.052962064743  4976694
0.0544049739838  4976497
0.0550670623779  4970384
0.0559689998627  4932110
0.0562720298767  4882195
0.0572938919067  4878259
0.0574769973755  4838589
0.0580780506134  4817729
0.0593318939209  4805327
0.0626530647278  4751057
0.0634179115295  4698059
0.0656909942627  4622942
0.0668649673462  4621026
0.0670070648193  4604013
0.0673558712006  4586444
0.0677728652954  4550599
0.0706419944763  4548628
0.0709040164948  4537119
0.0716140270233  4515600
0.0718739032745  4509223
0.072646856308  4508805
0.0735859870911  4508410
0.0750319957733  4495247
0.0752170085907  4492967
0.0755798816681  4492804
0.0758829116821  4475327
0.0776870250702  4472908
0.0780498981476  4437113
0.0782330036163  4432688
0.0790798664093  4431683
0.0792629718781  4404948
0.0796868801117  4404736
0.0798099040985  4404200
0.0799939632416  4403131
0.0801169872284  4402412
0.0801799297333  4401950
0.0825839042664  4392617
0.0831880569458  4372290
0.0844240188599  4370972
0.0854229927063  4368109
0.085667848587  4366204
0.0861539840698  4362531
0.0867068767548  4290905
0.0894770622253  4290553
0.0908010005951  4289298
0.0952608585358  4281142
0.0964670181274  4279165
0.0975489616394  4266653
0.0981538295746  4233466
0.098886013031  4221304
0.0998589992523  4216852
0.0999848842621  4216198
0.100710868835  4214616
0.101135969162  4203902
0.101620912552  4195689
0.102079868317  4123559
0.102324008942  4114540
0.1047270298  4113183
0.105994939804  4053533
0.107080936432  4044303
0.107445001602  4021727
0.108578920364  4020019
0.110085010529  4018735
0.110148906708  4002002
0.112906932831  3960146
0.114110946655  3959466
0.114353895187  3956264
