0.00993394851685  9350767
0.0100309848785  9325729
0.010223865509  9306124
0.0104689598083  9249360
0.0105950832367  9136844
0.0108399391174  9044043
0.0109028816223  9040465
0.0109670162201  8896334
0.011029958725  8895567
0.0115149021149  8874816
0.0116400718689  8870476
0.0118839740753  8869745
0.0119469165802  8834541
0.0120098590851  8825630
0.0120730400085  8618107
0.0121970176697  8581394
0.0130989551544  8534036
0.0131630897522  8518546
0.0132260322571  8431703
0.0133490562439  8195845
0.013473033905  8195558
0.0135369300842  8074754
0.013720035553  8055090
0.0138430595398  8030964
0.0139060020447  8025358
0.0140290260315  7988056
0.0146930217743  7961842
0.0148160457611  7960999
0.0149998664856  7954754
0.0155420303345  7817376
0.0157260894775  7741428
0.015909910202  7677591
0.0160329341888  7657270
0.0162160396576  7654443
0.0162789821625  7550943
0.0163428783417  7520633
0.0164060592651  7483951
0.0166490077972  7470679
0.0169560909271  7454500
0.0174388885498  7393019
0.0176229476929  7390118
0.0178060531616  7388348
0.0179889202118  7335397
0.0180530548096  7206698
0.0184168815613  7158039
0.0184810161591  7012235
0.0185439586639  7003260
0.0186069011688  6963430
0.0186700820923  6900808
0.0188529491425  6839229
0.0194549560547  6809147
0.0198769569397  6787217
0.0204200744629  6720277
0.020781993866  6719127
0.0210139751434  6696166
0.0214159488678  6682554
0.0226058959961  6681883
0.0235478878021  6632121
0.0236730575562  6595669
0.0251190662384  6591584
0.0257658958435  6556414
0.0259809494019  6470830
0.0262639522552  6436267
0.0264060497284  6429298
0.0264790058136  6428696
0.0266909599304  6315421
0.0270419120789  6255355
0.0272550582886  6254607
0.0274670124054  6252843
0.0277490615845  6237403
0.0278220176697  6154030
0.0282669067383  6141528
0.0284340381622  6095969
0.0304100513458  6088884
0.0311808586121  6075443
0.0314910411835  6072740
0.0316169261932  6067553
0.0318648815155  5953650
0.0319888591766  5953318
0.0321140289307  5901358
0.0322380065918  5886743
0.0323619842529  5876724
0.0341770648956  5876406
0.0343019962311  5828131
0.0353829860687  5750994
0.0358839035034  5668728
0.0366299152374  5659960
0.0368840694427  5658149
0.0370750427246  5632446
0.0372638702393  5628134
0.0373919010162  5616781
0.0375890731812  5520720
0.0383770465851  5517883
0.0394458770752  5517827
0.0395150184631  5444213
0.0397620201111  5440195
0.0405509471893  5429733
0.0432119369507  5400483
0.0438179969788  5380830
0.0439429283142  5363684
0.0449130535126  5361156
0.0458228588104  5324605
0.0464289188385  5296079
0.0472738742828  5282793
0.048063993454  5267539
0.0483090877533  5197418
0.0484340190887  5177493
0.0485579967499  5151453
0.0492238998413  5141769
0.0513899326324  5125361
0.0514528751373  5111407
0.0521199703217  5072938
0.0525469779968  5045136
0.0529100894928  5026389
0.0536918640137  5021813
0.0547800064087  5017552
0.0550229549408  5002050
0.0563979148865  4996989
0.0585689544678  4995331
0.0596549510956  4993862
0.0597789287567  4993458
0.0606229305267  4920672
0.0622470378876  4886254
0.0643510818481  4803215
0.0647819042206  4794900
0.0653870105743  4794495
0.0662200450897  4792453
0.0662860870361  4782680
0.0663499832153  4777929
0.0703659057617  4730582
0.070848941803  4730484
0.074814081192  4728548
0.0757780075073  4722017
0.0811100006104  4699426
0.0812349319458  4658764
0.0820760726929  4595725
0.0829770565033  4594690
0.0838799476624  4591464
0.0841240882874  4586568
0.08460688591  4578244
0.0847899913788  4540515
0.0860540866852  4540035
0.0865960121155  4539653
0.0898909568787  4517868
0.089959859848  4516008
0.0901460647583  4488603
0.0927369594574  4479883
0.0932219028473  4425266
0.0940680503845  4416400
0.0949730873108  4407601
0.095577955246  4404788
0.101892948151  4402481
0.104958057404  4401796
0.106522083282  4399892
0.106826066971  4393435
0.106889009476  4382099
0.108751058578  4370517
0.109056949615  4369740
0.112962007523  4345756
0.11513209343  4338987
0.115617036819  4321092
0.116582870483  4304092
0.11688709259  4299010
0.117311954498  4290505
0.118700027466  4276611
0.119162082672  4172098
0.119647979736  4153636
0.121563911438  4150338
0.122412919998  4145854
0.127232074738  4140880
0.127717018127  4135922
0.12856388092  4132512
0.128993988037  4101012
0.132607936859  4100303
0.132914066315  4096614
0.135087013245  4092629
0.139811038971  4014069
0.140060901642  4010036
0.141393899918  3992658
0.142968893051  3985829
0.145992994308  3882268
0.148047924042  3866468
0.149560928345  3858970
0.151859045029  3858966
0.151922941208  3801905
0.153073072433  3788216
0.153500080109  3784245
0.153744935989  3772103
0.154231071472  3770689
0.159447908401  3750867
0.162129878998  3749899
0.166869878769  3738293
0.168291091919  3685316
0.180382013321  3658412
0.188345909119  3658348
0.189650058746  3653799
0.189838886261  3653716
0.194244861603  3653608
0.199258089066  3647683
0.199564933777  3642993
0.207588911057  3593572
0.208145856857  3583299
0.209060907364  3581516
0.210217952728  3575795
0.212153911591  3543288
0.213973999023  3536447
0.21488404274  3535809
0.215611934662  3531108
0.221953868866  3529354
0.227164983749  3528824
0.232505083084  3525113
0.233175039291  3521464
0.236847877502  3521253
0.237096071243  3519842
0.239153862  3505618
0.243262052536  3503063
0.246850013733  3470831
0.249816894531  3463820
0.255285978317  3461744
0.264352083206  3453501
0.272656917572  3401780
0.273086071014  3400920
0.281939029694  3400453
0.282522916794  3398865
0.283274888992  3373881
0.284317016602  3370935
0.284441947937  3364596
0.286571979523  3364471
0.291833877563  3355207
0.300736904144  3347921
0.303899049759  3346739
0.306927919388  3341590
0.311101913452  3341575
0.312572956085  3312126
0.31812787056  3304102
0.318561077118  3304084
0.319715023041  3303444
0.323052883148  3301745
0.323178052902  3300808
0.329768896103  3299470
0.330813884735  3296611
0.341078042984  3280255
0.343216896057  3280019
0.366051912308  3278154
0.378627061844  3274982
0.379878997803  3270052
0.381479978561  3266246
0.383861064911  3266074
0.394502878189  3245235
0.407769918442  3234440
0.414870977402  3233647
0.419971942902  3195285
0.423759937286  3181595
0.429044008255  3181391
0.438952922821  3142312
0.444669008255  3100523
0.44589304924  3099225
0.463417053223  3097205
0.464267969131  3092661
0.468400001526  3092341
0.471009016037  3071198
0.474164962769  3048869
0.474780082703  3035416
0.478862047195  3034247
0.483722925186  3033700
0.488610029221  3024814
0.495549917221  3024061
0.515555858612  3017694
0.515687942505  3016912
0.516399860382  3014405
0.519010066986  3007944
0.519986867905  3007091
0.526103973389  2999867
0.535336971283  2983462
0.552484035492  2978571
0.565898895264  2976171
0.568567037582  2975855
0.569532871246  2968175
0.569717884064  2967942
0.572587966919  2967097
0.57386803627  2961525
0.574476957321  2961223
0.574845075607  2908193
0.576298952103  2907488
0.585551023483  2902574
0.594105005264  2902072
0.595732927322  2901790
0.606982946396  2900367
0.609283924103  2899595
0.611466884613  2893846
0.623420953751  2893698
0.627748966217  2886276
0.639047861099  2886054
0.642337083817  2885845
0.662966966629  2875639
0.674763917923  2874719
0.677978992462  2861411
0.679929971695  2857998
0.694506883621  2856691
0.697718858719  2853258
0.699172019958  2850914
0.748310089111  2847538
0.762111902237  2846407
0.765851974487  2843940
0.769000053406  2842387
0.775207042694  2840496
0.790672063828  2839081
0.851454973221  2828462
0.858381986618  2789775
0.866765022278  2789637
0.896167039871  2789065
0.91010594368  2788833
0.929100990295  2785751
0.95876789093  2780431
0.974932909012  2780063
0.978884935379  2776988
0.986335992813  2776143
1.00742697716  2776051
1.05927205086  2771496
1.06667089462  2761803
1.07855701447  2741385
1.08421206474  2741238
1.09061908722  2736571
1.10118603706  2733097
1.11602091789  2731481
1.17021608353  2730949
1.19176697731  2730203
1.20991301537  2729251
1.24592399597  2728896
1.24611592293  2726396
1.27159500122  2726338
1.28422904015  2725930
1.30818891525  2721914
1.34009408951  2721674
1.34156894684  2721057
1.34845399857  2721042
1.35358285904  2718806
1.35615491867  2718775
1.36525297165  2717769
1.46476387978  2717751
1.49613690376  2713239
1.53032493591  2713117
1.53289604187  2712853
1.5496339798  2709894
1.55606794357  2708489
1.57296800613  2707886
1.57388091087  2704444
1.58178687096  2669583
1.58948993683  2666319
1.59936690331  2664837
1.60252904892  2661936
1.61888408661  2661862
1.64542388916  2661323
1.6689388752  2656149
1.69545197487  2650512
1.73572397232  2649604
1.7509200573  2646854
1.78639292717  2646823
1.80384707451  2645931
1.89494895935  2645821
1.89849185944  2644594
2.11219906807  2644395
2.21088290215  2643112
2.23933792114  2642625
2.25172805786  2642128
2.26209688187  2641098
