0.00983500480652  10329765
0.0102500915527  10322839
0.0106480121613  10273990
0.0107970237732  10122154
0.0115189552307  10103118
0.012326002121  10097876
0.014386177063  10001191
0.0168640613556  9965982
0.0227150917053  9876892
0.0288050174713  9825348
0.0344181060791  9711647
0.0413429737091  9683408
0.0510151386261  9674199
0.0650701522827  9663127
0.0850069522858  9619217
0.104191064835  9594446
0.123610973358  9510914
0.143540143967  9485507
0.164700031281  9437255
0.18616104126  9430134
0.208565950394  9411204
0.233137130737  9409943
0.247442007065  9409806
0.274327993393  9406555
0.286218166351  9406116
0.296456098557  9405783
0.305869102478  9394405
0.311635017395  9368039
0.319921016693  9362528
0.328647136688  9361908
0.333559989929  9258592
0.338510036469  9243450
0.343379974365  9236420
0.348369121552  9189536
0.353445053101  9125331
0.361972093582  9103603
0.371374130249  9101848
0.37623000145  9042128
0.3811211586  8797653
0.386204957962  8751321
0.391071081161  8735059
0.396195173264  8505562
0.401101112366  8503126
0.405961990356  8502228
0.411194086075  8430039
0.42045211792  8429696
0.425364017487  8416453
0.430344104767  8365403
0.435242176056  8189548
0.440315008163  8167990
0.445402145386  8131125
0.455007076263  8120919
0.464298009872  8115956
0.473780155182  8115068
0.497601985931  8113890
0.530286073685  8113854
0.562968969345  8103995
0.595942974091  7876919
0.629343032837  7848336
0.662105083466  7830955
0.694966077805  7797683
0.730664968491  7681096
0.763369083405  7665694
0.79736495018  7658461
0.83017706871  7624230
0.86310505867  7612328
0.896008968353  7576606
0.928750991821  7572953
0.961577177048  7475410
0.998279094696  7381488
1.03149795532  7379965
