0.010185956955  9748535
0.0102760791779  9640086
0.0103449821472  9532129
0.0104110240936  9241216
0.0105769634247  9142311
0.0109450817108  8990262
0.0113129615784  8961169
0.0114378929138  8961021
0.0115010738373  8935037
0.0116250514984  8906198
0.0118088722229  8880074
0.0121150016785  8787935
0.0121779441833  8784390
0.0123019218445  8776627
0.0124869346619  8728506
0.0125498771667  8728373
0.0127339363098  8690603
0.0129189491272  8678373
0.0131649971008  8604842
0.0135910511017  8436977
0.0136549472809  8430774
0.0138399600983  8376551
0.0139639377594  8328267
0.0140879154205  8328107
0.0141520500183  8317774
0.0143370628357  8297908
0.0149459838867  8238322
0.0150699615479  8237533
0.0152549743652  8230969
0.0158638954163  8189339
0.0164570808411  8180197
0.0167078971863  8135400
0.0169539451599  8037476
0.018383026123  7761869
0.0188219547272  7669885
0.0190870761871  7637249
0.019672870636  7634571
0.0199239253998  7626662
0.0209848880768  7546535
0.0210518836975  7533379
0.0212390422821  7524285
0.0214250087738  7368272
0.0216109752655  7363540
0.0216739177704  7324154
0.0221018791199  7303792
0.0222270488739  7287595
0.0222909450531  7283246
0.0223550796509  7275090
0.0224800109863  7265708
0.0227270126343  7264578
0.022912979126  7249505
0.0234019756317  7225811
0.0235269069672  7219765
0.0235919952393  7164487
0.0239589214325  7126153
0.0240230560303  7061449
0.0244500637054  7039928
0.024817943573  7034971
0.0250079631805  7031376
0.025573015213  6994900
0.0257580280304  6916145
0.0260639190674  6906623
0.0261280536652  6888975
0.0262539386749  6868485
0.0268008708954  6863704
0.0268650054932  6847297
0.0269889831543  6829248
0.0271739959717  6803184
0.0280840396881  6774515
0.0282680988312  6745097
0.0283920764923  6727547
0.0285160541534  6726939
0.0286400318146  6609126
0.0291259288788  6510921
0.0296108722687  6484186
0.0304119586945  6445104
0.0304789543152  6441798
0.0306150913239  6429609
0.0311050415039  6415207
0.0313520431519  6399579
0.0315370559692  6393065
0.0324470996857  6346726
0.0344300270081  6331032
0.0350639820099  6325162
0.0354280471802  6290882
0.0359239578247  6288367
0.0362319946289  6269136
0.0364780426025  6263590
0.0375740528107  6158903
0.0378189086914  6131309
0.0386710166931  6106995
0.038978099823  6100322
0.040009021759  6094445
0.0401329994202  6046404
0.0403220653534  6030810
0.0409889221191  6024176
0.0422599315643  5999756
0.0425660610199  5960812
0.0427510738373  5948655
0.0435969829559  5948430
0.0441460609436  5945895
0.0443918704987  5924267
0.0463969707489  5911897
0.0474898815155  5890950
0.0480949878693  5881969
0.0481588840485  5828587
0.0493700504303  5824729
0.0499620437622  5750510
0.0511350631714  5747393
0.0512790679932  5743223
0.0524981021881  5690662
0.0529270172119  5664073
0.0539529323578  5658890
0.0549790859222  5654270
0.0554440021515  5580147
0.0559689998627  5500108
0.0565550327301  5477154
0.0572741031647  5468628
0.0593340396881  5438654
0.0601279735565  5415995
0.0611650943756  5268448
0.0612900257111  5263631
0.0621399879456  5252299
0.0626270771027  5223272
0.0629930496216  5200456
0.064747095108  5197491
0.0649919509888  5179500
0.0657799243927  5179034
0.0676529407501  5176972
0.0678050518036  5159311
0.0692420005798  4938096
0.0695738792419  4923874
0.0705690383911  4920281
0.071958065033  4909275
0.0721418857574  4905845
0.0722060203552  4893488
0.0725109577179  4771029
0.0737209320068  4756921
0.0740849971771  4602626
0.0742089748383  4601334
0.0752339363098  4586132
0.0772039890289  4584798
0.0778179168701  4580801
0.0783629417419  4561338
0.0786070823669  4530309
0.0799999237061  4477511
0.0807869434357  4476735
0.0817580223083  4429651
0.0824220180511  4428156
0.0838921070099  4383769
0.0851180553436  4383438
0.0864899158478  4371334
0.0888440608978  4365754
0.0898818969727  4350136
0.0944259166718  4349239
0.0957469940186  4310714
0.0967190265656  4305744
0.0981678962708  4263288
0.0986430644989  4254188
0.101185083389  4230336
0.101459980011  4163797
0.102704048157  4161118
0.102832078934  4151820
0.103801965714  4148740
0.107192993164  4144556
0.108373880386  4139065
0.108438014984  4137059
0.109107971191  4133910
0.112190961838  4132903
0.11442399025  4132070
0.115633010864  4127084
0.117827892303  4084018
0.122956991196  4012719
0.124176979065  4010341
0.124428987503  3989916
0.125281095505  3985049
0.128132104874  3977844
0.128918886185  3962086
0.130492925644  3952972
0.13188791275  3952222
0.132857084274  3942221
0.134793043137  3941899
0.135521888733  3940210
0.13717508316  3939001
0.139482021332  3917473
0.141972064972  3916778
0.142884969711  3913588
0.143251895905  3863821
0.144586086273  3858129
0.146111011505  3852821
0.146424055099  3851599
0.147346973419  3851160
0.147473096848  3846106
0.147597074509  3843353
0.147842884064  3829886
0.148699045181  3829458
0.148946046829  3824985
0.150314092636  3819994
0.157377004623  3799581
0.158014059067  3791811
0.159871101379  3787057
0.161045074463  3782558
0.161500930786  3747730
0.162148952484  3747636
0.162486076355  3746782
0.169773101807  3746676
0.17395401001  3741414
0.174381017685  3740967
0.175113916397  3740427
0.17989897728  3721981
0.180265903473  3713412
0.180507898331  3713285
0.185642957687  3705982
0.188705921173  3696901
0.188841104507  3696445
0.190984964371  3690196
0.192110061646  3583957
0.194881916046  3583102
0.197200059891  3573303
0.202778100967  3530758
0.206780910492  3529425
0.208298921585  3528360
0.210782051086  3528126
0.211209058762  3527614
0.212356090546  3508579
0.214112043381  3494901
0.216657876968  3492623
0.221534013748  3492325
0.222136974335  3476442
0.230874061584  3441830
0.236572980881  3424361
0.238348960876  3422819
0.23993396759  3415666
0.246258974075  3413919
0.249433040619  3413266
0.253349065781  3404981
0.257515907288  3396576
0.26312494278  3389682
0.273569107056  3365530
0.282059907913  3365517
0.285765886307  3364607
0.286956071854  3363879
0.288564920425  3343489
0.290287017822  3342575
0.291507005692  3319115
0.295118093491  3318824
0.304840087891  3316268
0.313565969467  3311334
0.31473493576  3310478
0.315950870514  3289049
0.316368103027  3284420
0.319076061249  3284211
0.325316905975  3281437
0.335484027863  3280831
0.343159914017  3266768
0.345659971237  3264351
0.347846984863  3263731
0.351047992706  3263468
0.351274013519  3240654
0.352984905243  3240321
0.354043006897  3240245
0.363781929016  3227609
0.364338874817  3227324
0.365438938141  3165949
0.36643910408  3161722
0.375663995743  3158781
0.3792719841  3156145
0.384690999985  3149833
0.391869068146  3146725
0.394176006317  3145612
0.395210981369  3143471
0.408649921417  3143187
0.413503885269  3131131
0.41851401329  3123667
0.427540063858  3123125
0.428766012192  3113956
0.43994808197  3113061
0.440747022629  3112407
0.44682598114  3111076
0.462713956833  3110402
0.477614879608  3106849
0.491296052933  3086327
0.491826057434  3082435
0.497617006302  3081071
0.515707015991  3080416
0.515897989273  3071132
0.51856303215  3069056
0.519358873367  3066506
0.522872924805  3066442
0.527254104614  3030860
0.535950899124  3030404
0.537067890167  3029702
0.545495033264  3028791
0.546324968338  3026879
0.548511981964  3026217
0.551692008972  3021480
0.558820962906  3020452
0.561861038208  3019581
0.566468954086  3018964
0.573354005814  3013203
0.575120925903  3012460
0.577125072479  3008611
0.581665039062  3006366
0.58909201622  3004739
0.589225053787  3003462
0.591471910477  2984975
0.602696895599  2982993
0.606417894363  2981476
0.608927965164  2974750
0.616198062897  2973265
0.622390985489  2969433
0.627505064011  2969051
0.627752065659  2966826
0.629004955292  2966537
0.630902051926  2965704
0.646359920502  2950352
0.648128986359  2947420
0.668616056442  2944234
0.691550970078  2943339
0.692046880722  2942973
0.717490911484  2940959
0.738167047501  2940824
0.740694999695  2940382
0.767941951752  2935075
0.769150018692  2934633
0.790343999863  2929416
0.794910907745  2927785
0.82093000412  2924086
0.88737988472  2923797
0.959655046463  2921307
0.970215082169  2920835
0.995256900787  2919875
1.0097990036  2919478
1.08317899704  2918826
1.13409590721  2918587
1.24284410477  2918181
1.26099205017  2916561
1.30646395683  2909149
1.32863092422  2908590
1.33141708374  2908368
1.36354494095  2908308
1.40046310425  2907559
1.42359805107  2907344
1.46196603775  2900124
1.46415996552  2899707
1.47587990761  2899340
1.4938750267  2898890
1.55764389038  2898732
1.56533193588  2898318
1.58668494225  2882742
1.58948898315  2882538
1.61160492897  2880939
1.62109589577  2880323
1.6812748909  2879744
1.80559492111  2840331
1.81765699387  2838541
1.83918094635  2784091
1.88220095634  2783633
1.91224694252  2782915
1.94888496399  2782766
1.9797039032  2781176
1.99555206299  2781006
1.99610710144  2764480
1.9996008873  2763290
2.00973701477  2763083
2.03193187714  2762444
2.07449197769  2759934
2.07758188248  2759606
2.12175393105  2754557
2.14849090576  2729527
2.16576004028  2728873
2.1809720993  2723455
2.18430709839  2718632
2.19196009636  2715199
2.19687104225  2714653
2.28959202766  2714275
2.30935788155  2713277
2.30973410606  2712477
2.31623291969  2707403
2.33851790428  2707122
2.37588500977  2704154
2.40020489693  2704064
2.41374397278  2701781
2.42694997787  2701668
2.50714707375  2699751
2.53878307343  2699325
2.67208194733  2699250
2.83122587204  2696701
2.87612199783  2690576
2.90543007851  2685258
2.92870306969  2675188
2.94132900238  2673775
2.94206595421  2673252
2.99809789658  2672029
3.00138497353  2671570
3.00793409348  2671507
3.00916004181  2669266
3.02274703979  2664385
3.02645492554  2664097
3.02892208099  2663760
3.03723287582  2658755
3.0612680912  2656880
3.07939291  2653801
3.08163905144  2653113
3.13442993164  2651097
3.14939594269  2647537
3.31736588478  2644784
3.36391687393  2621960
3.4355199337  2621824
3.44909906387  2616802
3.53918790817  2614155
3.60599803925  2614128
3.70988607407  2606386
3.74762296677  2605568
3.90710401535  2604930
4.06378507614  2604719
4.15811491013  2604687
4.26394701004  2603489
5.46700191498  2601562
5.47503495216  2601034
5.59028697014  2600839
5.6918990612  2600389
