0.0122380256653  9748535
0.0123391151428  9640086
0.0124142169952  9532129
0.0124881267548  9241216
0.0126321315765  9142311
0.0130500793457  8990262
0.0134692192078  8961169
0.0136110782623  8961021
0.0136830806732  8935037
0.0138251781464  8906198
0.0140399932861  8880074
0.0143661499023  8787935
0.0144340991974  8784390
0.0145661830902  8776627
0.0147631168365  8728506
0.0148301124573  8728373
0.0150260925293  8690603
0.0152220726013  8678373
0.0154831409454  8604842
0.0159361362457  8436977
0.0160040855408  8430774
0.0162010192871  8376551
0.0163331031799  8328267
0.0164639949799  8328107
0.0165321826935  8317774
0.0167281627655  8297908
0.0173749923706  8238322
0.0175070762634  8237533
0.0177030563354  8230969
0.0183320045471  8189339
0.0188770294189  8180197
0.0191211700439  8135400
0.019364118576  8037476
0.0204532146454  7761869
0.0207571983337  7669885
0.0208811759949  7637249
0.0213060379028  7634571
0.0215492248535  7626662
0.0225160121918  7546535
0.0225791931152  7533379
0.0227630138397  7524285
0.0229470729828  7368272
0.0231311321259  7363540
0.0232861042023  7324154
0.0242540836334  7303792
0.0245041847229  7287595
0.0246291160583  7283246
0.0247530937195  7275090
0.0249950885773  7265708
0.025475025177  7264578
0.0258340835571  7249505
0.0267782211304  7225811
0.0270211696625  7219765
0.0271451473236  7164487
0.0276432037354  7126153
0.0277171134949  7061449
0.0282080173492  7039928
0.0286281108856  7034971
0.0287711620331  7031376
0.0294001102448  6994900
0.0296120643616  6916145
0.0299620628357  6906623
0.0300350189209  6888975
0.0302882194519  6868485
0.0316190719604  6863704
0.0317940711975  6847297
0.0321371555328  6829248
0.032594203949  6803184
0.0337481498718  6774515
0.0339720249176  6745097
0.0341181755066  6727547
0.0342650413513  6726939
0.0344099998474  6609126
0.0350871086121  6510921
0.0356550216675  6484186
0.0364270210266  6445104
0.0365011692047  6441798
0.0366442203522  6429609
0.0372052192688  6415207
0.0374891757965  6399579
0.0377011299133  6393065
0.0387752056122  6346726
0.0412700176239  6331032
0.0418341159821  6325162
0.0431342124939  6290882
0.0441751480103  6288367
0.0448331832886  6269136
0.0454580783844  6263590
0.04714012146  6158903
0.0473971366882  6131309
0.0482501983643  6106995
0.0485591888428  6100322
0.0495901107788  6094445
0.0497159957886  6046404
0.049901008606  6030810
0.0505721569061  6024176
0.0518450737  5999756
0.0521512031555  5960812
0.0523362159729  5948655
0.0531871318817  5948430
0.0537371635437  5945895
0.0539832115173  5924267
0.0559802055359  5911897
0.0570731163025  5890950
0.0576791763306  5881969
0.0577430725098  5828587
0.0589530467987  5824729
0.059198141098  5750510
0.0598042011261  5747393
0.0599291324615  5743223
0.0606541633606  5690662
0.0608382225037  5664073
0.0615661144257  5658890
0.0624721050262  5654270
0.0628960132599  5580147
0.0633821487427  5500108
0.0639340877533  5477154
0.0645999908447  5468628
0.0666670799255  5438654
0.0674531459808  5415995
0.0684781074524  5268448
0.0686020851135  5263631
0.0694479942322  5252299
0.0699322223663  5223272
0.0702970027924  5200456
0.0720431804657  5197491
0.0722870826721  5179500
0.0730810165405  5179034
0.0744121074677  5176972
0.0744760036469  5159311
0.0754420757294  4938096
0.0757460594177  4923874
0.0767121315002  4920281
0.0780980587006  4909275
0.0782821178436  4905845
0.0783450603485  4893488
0.0786499977112  4771029
0.0798540115356  4756921
0.0803711414337  4602626
0.080579996109  4601334
0.0818290710449  4586132
0.083594083786  4584798
0.0842041969299  4580801
0.084753036499  4561338
0.0849981307983  4530309
0.0863862037659  4477511
0.0871770381927  4476735
0.0881481170654  4429651
0.0888152122498  4428156
0.0896620750427  4383769
0.090451002121  4383438
0.0913591384888  4371334
0.0935361385345  4365754
0.0942041873932  4350136
0.0979361534119  4349239
0.099081993103  4310714
0.0999310016632  4305744
0.101263046265  4263288
0.101688146591  4254188
0.103442192078  4230336
0.103687047958  4163797
0.104779005051  4161118
0.104904174805  4151820
0.105876207352  4148740
0.109275102615  4144556
0.110470056534  4139065
0.110534191132  4137059
0.111202001572  4133910
0.11429309845  4132903
0.116536140442  4132070
0.117746114731  4127084
0.119739055634  4084018
0.124294042587  4012719
0.125329017639  4010341
0.125574111938  3989916
0.126424074173  3985049
0.129269123077  3977844
0.130061149597  3962086
0.132086992264  3952972
0.133485078812  3952222
0.134458065033  3942221
0.135854005814  3941899
0.136401176453  3940210
0.138044118881  3939001
0.140347003937  3917473
0.142831087112  3916778
0.143742084503  3913588
0.144108057022  3863821
0.145439147949  3858129
0.146949052811  3852821
0.147134065628  3851599
0.148074150085  3851160
0.14821600914  3846106
0.148342132568  3843353
0.148588180542  3829886
0.149434089661  3829458
0.149677991867  3824985
0.151006221771  3819994
0.156831026077  3799581
0.157375097275  3791811
0.159065008163  3787057
0.160147190094  3782558
0.160571098328  3747730
0.161176204681  3747636
0.161478996277  3746782
0.167710065842  3746676
0.171857118607  3741414
0.172282218933  3740967
0.173006057739  3740427
0.176304101944  3721981
0.176488161087  3713412
0.176612138748  3713285
0.180210113525  3705982
0.183251142502  3696901
0.183379173279  3696445
0.185588121414  3690196
0.186691999435  3583957
0.189309120178  3583102
0.191662073135  3573303
0.196313142776  3530758
0.200404167175  3529425
0.202091217041  3528360
0.20458316803  3528126
0.205013036728  3527614
0.206167221069  3508579
0.208042144775  3494901
0.210425138474  3492623
0.214501142502  3492325
0.215076208115  3476442
0.22408413887  3441830
0.22827911377  3424361
0.230376005173  3422819
0.23174405098  3415666
0.238067150116  3413919
0.241653203964  3413266
0.244365215302  3404981
0.247142076492  3396576
0.252954006195  3389682
0.261787176132  3365530
0.269989013672  3365517
0.272303104401  3364607
0.273581027985  3363879
0.27641916275  3343489
0.278667211533  3342575
0.280054092407  3319115
0.284682035446  3318824
0.291896104813  3316268
0.296685218811  3311334
0.298117160797  3310478
0.299515008926  3289049
0.299950122833  3284420
0.301972150803  3284211
0.310212135315  3281437
0.319493055344  3280831
0.32964515686  3266768
0.33306312561  3264351
0.335648059845  3263731
0.338412046432  3263468
0.338539123535  3240654
0.339437007904  3240321
0.340476989746  3240245
0.348196029663  3227609
0.348745107651  3227324
0.349837064743  3165949
0.350810050964  3161722
0.358196020126  3158781
0.360867023468  3156145
0.364594221115  3149833
0.3702480793  3146725
0.372702121735  3145612
0.373740196228  3143471
0.384263038635  3143187
0.39079618454  3131131
0.3954641819  3123667
0.402851104736  3123125
0.40434217453  3113956
0.414471149445  3113061
0.415202140808  3112407
0.421014070511  3111076
0.435352087021  3110402
0.4482421875  3106849
0.459431171417  3086327
0.459919214249  3082435
0.465062141418  3081071
0.485972166061  3080416
0.486165046692  3071132
0.488047122955  3069056
0.488416194916  3066506
0.491258144379  3066442
0.495601177216  3030860
0.503524065018  3030404
0.504554033279  3029702
0.510895013809  3028791
0.511682033539  3026879
0.513856172562  3026217
0.516024112701  3021480
0.522238016129  3020452
0.526996135712  3019581
0.532763004303  3018964
0.539070129395  3013203
0.54083108902  3012460
0.542829036713  3008611
0.547441005707  3006366
0.554277181625  3004739
0.5544090271  3003462
0.556658029556  2984975
0.567020177841  2982993
0.571014165878  2981476
0.573510169983  2974750
0.581080198288  2973265
0.585779190063  2969433
0.591042995453  2969051
0.591292142868  2966826
0.592446088791  2966537
0.59443116188  2965704
0.609801054001  2950352
0.611662149429  2947420
0.630089998245  2944234
0.654309988022  2943339
0.655086040497  2942973
0.678875207901  2940959
0.696772098541  2940824
0.698959112167  2940382
0.7227602005  2935075
0.723192214966  2934633
0.741490125656  2929416
0.74609708786  2927785
0.76756310463  2924086
0.831577062607  2923797
0.897809028625  2921307
0.906857013702  2920835
0.930355072021  2919875
0.943654060364  2919478
1.0092651844  2918826
1.05521321297  2918587
1.15626120567  2918181
1.17405819893  2916561
1.21089410782  2909149
1.23382019997  2908590
1.23664522171  2908368
1.26766014099  2908308
1.30272722244  2907559
1.32398319244  2907344
1.36049413681  2900124
1.36268401146  2899707
1.37322020531  2899340
1.39073705673  2898890
1.44569921494  2898732
1.4528632164  2898318
1.47242903709  2882742
1.47521209717  2882538
1.50166201591  2880939
1.5131111145  2880323
1.57674717903  2879744
1.68835401535  2840331
1.70024609566  2838541
1.72110414505  2784091
1.76536512375  2783633
1.79522800446  2782915
1.82981514931  2782766
1.85383319855  2781176
1.8691971302  2781006
1.86974811554  2764480
1.87337303162  2763290
1.8830780983  2763083
1.90437221527  2762444
1.94511198997  2759934
1.94831514359  2759606
1.9932820797  2754557
2.01537299156  2729527
2.0320930481  2728873
2.04653811455  2723455
2.05135321617  2718632
2.05939817429  2715199
2.06538510323  2714653
2.15729618073  2714275
2.1748521328  2713277
2.17522001266  2712477
2.18238115311  2707403
2.20295715332  2707122
2.24015402794  2704154
2.26424312592  2704064
2.27727413177  2701781
2.29088521004  2701668
2.37127804756  2699751
2.40223622322  2699325
2.53585720062  2699250
