0.00992107391357  9105980
0.0109431743622  9096189
0.0110700130463  9035218
0.011430978775  9029769
0.0115549564362  8732755
0.0116791725159  8681585
0.0120391845703  8566331
0.0121631622314  8564335
0.0124051570892  8545231
0.0126450061798  8528927
0.0128870010376  8491081
0.0130100250244  8397653
0.0133690834045  8309301
0.0134921073914  8263020
0.0137929916382  8262101
0.0140061378479  8209582
0.014219045639  8173842
0.0142920017242  8148521
0.0143649578094  8076472
0.0144381523132  7980299
0.0145111083984  7923162
0.014585018158  7906135
0.0148661136627  7883640
0.0157029628754  7874910
0.0157771110535  7866406
0.0158500671387  7860832
0.0163390636444  7857570
0.0166900157928  7854379
0.0169730186462  7830269
0.0171151161194  7720591
0.017256975174  7688498
0.017884016037  7659583
0.0180270671844  7646431
0.0183081626892  7480443
0.0184500217438  7476258
0.0187990665436  7403173
0.0188720226288  7298701
0.0190150737762  7294327
0.0197861194611  7225032
0.0204379558563  7198639
0.020604133606  7172958
0.0210101604462  7149627
0.0214490890503  7148250
0.0220220088959  6927009
0.0226140022278  6901473
0.0232040882111  6889615
0.0232729911804  6877697
0.0234069824219  6869907
0.0241219997406  6867440
0.0241911411285  6848902
0.0262491703033  6841252
0.0263741016388  6823954
0.0268621444702  6804421
0.0271739959717  6726035
0.0282201766968  6684620
0.0298070907593  6679493
0.0310020446777  6673636
0.0313291549683  6669622
0.0316410064697  6668806
0.0318291187286  6667722
0.0325021743774  6603446
0.032567024231  6597550
0.0331161022186  6589896
0.0331799983978  6530723
0.0334870815277  6517941
0.0339140892029  6515231
0.0340390205383  6514473
0.03489112854  6514032
0.0356731414795  6435354
0.0363039970398  6279157
0.0370931625366  6247616
0.037467956543  6243740
0.0378370285034  6229728
0.0380239486694  6210852
0.0386409759521  6190392
0.0391640663147  6173320
0.0402050018311  6166598
0.0413701534271  6145476
0.041620016098  6075764
0.0420491695404  6015703
0.042417049408  6008490
0.0430879592896  5926573
0.0439381599426  5908199
0.0450329780579  5905391
0.0453391075134  5904404
0.0462441444397  5886381
0.0467340946198  5884776
0.0469191074371  5879210
0.0477080345154  5855731
0.0477721691132  5854352
0.0491681098938  5852589
0.049535036087  5757526
0.0500221252441  5750053
0.0505089759827  5749258
0.0505721569061  5749070
0.0506360530853  5746283
0.0517909526825  5731584
0.0518550872803  5714879
0.0526449680328  5709700
0.0528900623322  5658436
0.0531959533691  5598444
0.0534420013428  5588108
0.0535671710968  5582666
0.0542349815369  5571817
0.0568361282349  5566808
0.0570871829987  5563811
0.0571520328522  5420970
0.057578086853  5420878
0.0592091083527  5407834
0.0601780414581  5377740
0.0625431537628  5365772
0.0629081726074  5342217
0.0635731220245  5313441
0.0639991760254  5274773
0.0649859905243  5274453
0.0662641525269  5274131
0.068204164505  5272584
0.0708639621735  5271455
0.0710501670837  5260851
0.0721969604492  5244525
0.0722620487213  5237967
0.073529958725  5236915
0.0745580196381  5224501
0.0762441158295  5180322
0.0766110420227  5153631
0.0775780677795  5152605
0.0783650875092  5137501
0.0786700248718  5130438
0.079216003418  5055847
0.0795810222626  5048810
0.0798261165619  5024977
0.0803179740906  5015587
0.0804431438446  5007522
0.0809290409088  4955506
0.0820779800415  4946808
0.0822620391846  4940872
0.0825660228729  4940536
0.0837161540985  4906930
0.0840220451355  4906478
0.085706949234  4904679
0.089574098587  4898844
0.0896370410919  4881278
0.0928330421448  4876529
0.0936191082001  4865532
0.0975501537323  4865016
0.0979759693146  4864391
0.0982210636139  4862518
0.102382183075  4860950
0.102926969528  4838814
0.10335111618  4838754
0.103654146194  4825130
0.103839159012  4790103
0.104504108429  4784923
0.105349063873  4782467
0.105713129044  4773078
0.106570005417  4771646
0.108144044876  4769897
0.108389139175  4762492
0.108693122864  4697980
0.109241962433  4684016
0.114014148712  4675393
0.114380121231  4673175
0.116808176041  4669103
0.116992950439  4637171
0.117177009583  4636154
0.118448972702  4567666
0.12109208107  4556800
0.121760129929  4536897
0.122365951538  4497497
0.127680063248  4494493
0.129392147064  4475388
0.133394002914  4467509
0.134260177612  4428061
0.135113954544  4416833
0.136957168579  4415754
0.141118049622  4411774
0.141607999802  4401161
0.141680955887  4324704
0.150079965591  4322485
0.150691986084  4301488
0.152143955231  4294704
0.152269124985  4271325
0.152695178986  4264933
0.153177976608  4263408
0.153905153275  4215760
0.154088973999  4212403
0.156799077988  4190429
0.15758895874  4179002
0.158679008484  4177001
0.164970159531  4171477
0.168356180191  4170773
0.170289993286  4167570
0.170897006989  4147544
0.171082019806  4143073
0.171386003494  4129276
0.172109127045  4128717
0.173376083374  4127313
0.174221992493  4121321
0.175790071487  4121284
0.17597413063  4095852
0.179105997086  4090294
0.179650068283  4090229
0.182615995407  4089897
0.185158014297  4085694
0.185765981674  4043907
0.185830116272  4043878
0.187400102615  4034091
0.190546989441  4024973
0.191152095795  4016883
0.193562030792  4009591
0.194530010223  4006736
0.201322078705  3990708
0.202444076538  3967117
0.205846071243  3966060
0.21018409729  3965798
0.212860107422  3965084
0.213411092758  3926637
0.21661400795  3901816
0.217282056808  3884249
0.217709064484  3883999
0.218014955521  3883882
0.219166040421  3883715
0.222311019897  3881765
0.225695133209  3873814
0.239115953445  3872742
0.240978002548  3864396
0.243492126465  3824797
0.245867013931  3820710
0.246596097946  3815677
0.24853014946  3804142
0.249803066254  3803840
0.251075029373  3762399
0.251857042313  3756554
0.251986980438  3756238
0.25205206871  3747960
0.252843141556  3745075
0.254295110703  3621352
0.256376981735  3594630
0.260881185532  3590447
0.262772083282  3589912
0.263982057571  3565892
0.266213178635  3563851
0.267366170883  3543118
0.27051115036  3529793
0.273841142654  3519480
0.275892972946  3509076
0.277459144592  3508454
0.278247117996  3503146
0.278673171997  3499607
0.281867980957  3482496
0.289311170578  3473772
0.293814182281  3472168
0.296069145203  3425380
0.29922413826  3419086
0.299651145935  3413328
0.30019903183  3398999
0.302549123764  3391516
0.302613019943  3391231
0.303584098816  3372303
0.306910037994  3371255
0.30775308609  3369064
0.30860710144  3334120
0.314919948578  3328434
0.31888794899  3320263
0.320886135101  3320078
0.325090169907  3311216
0.335352182388  3285788
0.337285995483  3266303
0.34043598175  3262904
0.341770172119  3261734
0.344671010971  3251196
0.347329139709  3249603
0.353193044662  3248847
0.35751414299  3248495
0.359784126282  3245067
0.370041131973  3245029
0.380586147308  3244635
0.380733013153  3239689
0.38854598999  3238462
0.390015125275  3231679
0.390263080597  3227050
0.392150163651  3225099
0.394755125046  3225073
0.395604133606  3225044
0.398172140121  3224214
0.402297019958  3218536
0.403751134872  3217945
0.407850980759  3212661
0.416131973267  3189071
0.425232172012  3186772
0.429444074631  3177678
0.431836128235  3175720
0.444578170776  3175337
0.446583986282  3175318
0.44921207428  3174434
0.450993061066  3163924
0.453747987747  3162373
0.456278085709  3160952
0.465202093124  3148990
0.471068143845  3124752
0.500550985336  3113932
0.503458976746  3105668
0.51167011261  3101121
0.533246040344  3099336
0.538105964661  3090085
0.539819002151  3089324
0.546167135239  3088574
0.565685987473  3087355
0.573173046112  3074765
0.582086086273  3073158
0.582457065582  3070918
0.591346025467  3070175
0.59450006485  3070057
0.594808101654  3068091
0.597584009171  3068059
0.597717046738  3060043
0.603325128555  3046984
0.610116004944  3046002
0.612728118896  3045737
0.627822160721  3041663
0.640985965729  3026834
0.646190166473  3021518
0.650798082352  3009260
0.660052061081  3006839
0.662485122681  2973111
0.666583061218  2969275
0.667946100235  2955899
0.673177957535  2945937
0.681316137314  2942846
0.686743021011  2942795
0.694647073746  2934491
0.701887130737  2932760
0.708718061447  2932477
0.709090948105  2921402
0.743220090866  2920982
0.755429029465  2917071
0.759227991104  2915588
0.76172208786  2913952
0.775295972824  2913741
0.783535957336  2898943
0.792483091354  2898096
0.797063112259  2896848
0.799532175064  2896092
0.810939073563  2895443
0.819213151932  2895224
0.819707155228  2893032
0.855215072632  2881265
0.867624044418  2872718
0.870716094971  2872220
0.879708051682  2871476
0.894158124924  2871413
0.894445180893  2869934
0.898271083832  2864815
0.899948120117  2857447
0.90674996376  2857263
0.91371011734  2857109
0.915244102478  2855927
0.927597045898  2855607
0.943084001541  2854595
0.94636797905  2849155
0.956541061401  2840838
0.982062101364  2833717
1.00660800934  2826994
1.00866913795  2821869
1.01685500145  2813211
1.03172898293  2811812
1.04731798172  2810723
1.04901504517  2792269
1.07637906075  2787176
1.09557509422  2786275
1.09713506699  2781504
1.11848115921  2780012
1.15426206589  2777236
1.21982216835  2767064
1.2221660614  2764909
1.22982001305  2764828
1.24815917015  2758226
1.2513051033  2757342
1.25512003899  2757314
1.28074812889  2757117
1.29680514336  2756227
1.36943602562  2755559
1.3827290535  2740282
1.41220903397  2715834
1.43398118019  2715431
1.45084214211  2709257
1.45368814468  2706653
1.46605014801  2700250
1.48546600342  2698871
1.50363397598  2697842
1.52473306656  2694743
1.52498698235  2677229
1.52994608879  2676814
1.53320097923  2656943
1.53799414635  2655525
1.53824114799  2651671
1.56362104416  2650533
1.57213711739  2640801
1.57591414452  2639132
1.59846115112  2633296
1.59986209869  2629739
1.63132214546  2624876
1.63327002525  2624436
1.63412213326  2617793
1.65437102318  2610101
1.66594195366  2609298
1.6774160862  2589825
1.70637202263  2588903
1.70650410652  2584435
1.71867203712  2582554
1.73138403893  2581740
1.75332212448  2578507
1.75827407837  2571498
1.76600718498  2566500
1.77773308754  2563315
1.78023314476  2559172
1.78900408745  2558002
1.8052110672  2556922
1.81301999092  2547323
1.91861104965  2545420
1.93815302849  2542805
1.98909497261  2542723
2.0419960022  2529932
2.05118107796  2529634
2.09392213821  2529492
2.09803009033  2529316
2.10883617401  2525276
2.12191796303  2504518
2.1442990303  2503828
2.15511703491  2483052
2.19808316231  2482028
2.23762917519  2461129
2.24632406235  2461005
2.25974106789  2444933
2.28522014618  2433874
2.2876200676  2432537
2.33963513374  2431809
2.36850309372  2429521
2.40126895905  2426889
2.41782212257  2426881
2.45105314255  2419632
2.45506906509  2419607
2.5183930397  2419531
2.63341808319  2418159
2.67707896233  2415797
2.70898413658  2415393
2.7573530674  2412839
2.7895720005  2411939
2.82898211479  2411710
2.93554210663  2408653
3.03607606888  2400031
3.04294395447  2397480
3.09338903427  2397391
3.39872503281  2389658
3.4369931221  2384164
3.46849513054  2380909
3.58201909065  2380056
3.72984600067  2379397
3.85197496414  2378904
3.88390803337  2376302
4.74723815918  2375124
