0.0118908882141  10295615
0.0120520591736  10193815
0.0122768878937  10188698
0.0123438835144  10163209
0.0124099254608  10077002
0.0126619338989  10052391
0.012727022171  9990378
0.0127909183502  9918214
0.012855052948  9846514
0.012923002243  9820781
0.0131299495697  9820188
0.0133159160614  9457477
0.0134489536285  9450646
0.0138099193573  9428622
0.0138890743256  9097156
0.0142149925232  8977804
0.0143098831177  8975972
0.0143780708313  8959927
0.0144429206848  8959051
0.0145070552826  8931770
0.0145709514618  8696312
0.0146350860596  8628159
0.0146989822388  8599416
0.0147619247437  8566953
0.014946937561  8522044
0.0151319503784  8443088
0.0153169631958  8439142
0.0154409408569  8421591
0.0156259536743  8394643
0.0156888961792  8388606
0.0158128738403  8360312
0.0158770084381  8352609
0.0162410736084  8338948
0.0164849758148  8321711
0.0167319774628  8313594
0.0169770717621  8267112
0.0171010494232  8253646
0.0171639919281  8228425
0.0172879695892  8179050
0.017352104187  8163337
0.0175969600677  8135211
0.0177819728851  8054177
0.0180270671844  8023901
0.0187520980835  8012278
0.0188760757446  8010337
0.0190598964691  8004838
0.0191240310669  7925414
0.0203878879547  7905477
0.0205121040344  7901228
0.0208160877228  7815058
0.0210590362549  7813585
0.021183013916  7809077
0.0214860439301  7805242
0.0215530395508  7769117
0.0217380523682  7766008
0.02210688591  7663170
0.0224149227142  7626355
0.0227298736572  7491894
0.0241940021515  7473540
0.0243270397186  7467491
0.0245130062103  7439082
0.0245769023895  7366421
0.0247008800507  7340847
0.0247659683228  7284837
0.0248908996582  7240364
0.0249540805817  7236724
0.0252029895782  7192820
0.0252668857574  7186870
0.0253300666809  7170457
0.0256960391998  7064442
0.025759935379  6965410
0.0263650417328  6894326
0.0267300605774  6893936
0.0283050537109  6871985
0.0283689498901  6866434
0.028431892395  6698136
0.0287370681763  6555921
0.0289220809937  6519506
0.0310499668121  6518312
0.0311839580536  6510766
0.0315680503845  6487335
0.0316429138184  6456577
0.0320250988007  6372913
0.0322670936584  6369295
0.0341999530792  6367870
0.0343430042267  6354078
0.0353059768677  6342591
0.0364100933075  6274820
0.0365350246429  6266829
0.0371429920197  6250341
0.0377368927002  6230006
0.038183927536  6186010
0.0405509471893  6158595
0.0409569740295  6155634
0.0413269996643  6127899
0.0420949459076  6123850
0.0426368713379  6094536
0.043121099472  6093786
0.0436480045319  6083656
0.0439119338989  6080605
0.0448770523071  6072475
0.0449409484863  6030515
0.045471906662  5996830
0.0456590652466  5996660
0.0457229614258  5923263
0.0483930110931  5920707
0.0486390590668  5917048
0.0511960983276  5911416
0.0524170398712  5897668
0.0529639720917  5881387
0.0539979934692  5880167
0.057363986969  5875561
0.0583400726318  5871923
0.05992603302  5846307
0.060231924057  5836742
0.0616590976715  5790981
0.0620279312134  5790796
0.0627589225769  5786280
0.0631868839264  5745304
0.0639178752899  5744136
0.0657980442047  5743383
0.066948890686  5723709
0.0677399635315  5723020
0.067990064621  5711837
0.0681149959564  5669822
0.0683000087738  5669791
0.0690269470215  5646296
0.0702390670776  5644422
0.0726308822632  5631373
0.0735030174255  5621111
0.073667049408  5581505
0.0761389732361  5561921
0.0768759250641  5554465
0.077064037323  5550887
0.0784070491791  5549920
0.0784718990326  5524534
0.0791358947754  5522674
0.081435918808  5522451
0.081995010376  5490927
0.0836620330811  5486685
0.0853800773621  5408743
0.0858409404755  5273757
0.0879690647125  5264732
0.0914270877838  5256564
0.0922889709473  5253445
0.0940849781036  5210861
0.0954549312592  5191210
0.0959758758545  5189412
0.0974628925323  5169963
0.0977249145508  5086765
0.0986320972443  5067141
0.0990259647369  5021472
0.0991590023041  4985386
0.10022687912  4979279
0.100915908813  4964313
0.101221084595  4949027
0.102710008621  4931473
0.102863073349  4916299
0.107107877731  4897242
0.107840061188  4851277
0.108151912689  4833756
0.114825963974  4833430
0.115134000778  4827841
0.115500926971  4825877
0.115565061569  4804358
0.11568903923  4713605
0.116569042206  4705145
0.11705493927  4700292
0.117305994034  4694517
0.117836952209  4693531
0.118927001953  4588082
0.122196912766  4566786
0.128038883209  4560408
0.128840923309  4553904
0.131408929825  4553761
0.131478071213  4539085
0.133401870728  4535755
0.135775089264  4532590
0.136579990387  4526964
0.138174057007  4526850
0.143023014069  4504368
0.143214941025  4493819
0.144227027893  4448120
0.14618396759  4436513
0.147538900375  4433878
0.152752876282  4424516
0.160664081573  4424397
0.161506891251  4389763
0.163326025009  4388797
0.165774106979  4379939
0.168227910995  4377111
0.172076940536  4351466
0.172283887863  4335401
0.17397403717  4302054
0.17490696907  4295261
0.177098989487  4280900
0.177422046661  4279323
0.179589033127  4272026
0.181235074997  4269210
0.184633016586  4254258
0.185255050659  4140994
0.190517902374  4134165
0.191952943802  4117018
0.193240880966  4110723
0.201710939407  4110441
0.20237994194  4090678
0.203072071075  4088554
0.206237077713  4088404
0.207459926605  4082471
0.208924055099  3983289
0.209743976593  3960162
0.211005926132  3900239
0.211315870285  3897027
0.212817907333  3886536
0.215174913406  3880714
0.215703010559  3871836
0.220094919205  3860870
0.220897912979  3855806
0.222369909286  3854168
0.224242925644  3852081
0.226622104645  3846793
0.22838306427  3845393
0.240916013718  3833456
0.242249965668  3833096
0.242899894714  3826869
0.245750904083  3784168
0.246886014938  3771473
0.247200965881  3763549
0.248488903046  3747053
0.249178886414  3726080
0.24924492836  3721406
0.249804973602  3718136
0.253611087799  3669140
0.258168935776  3662111
0.259763002396  3635109
0.26025390625  3626797
0.26086807251  3621528
0.265362024307  3572548
0.266577959061  3571754
0.270716905594  3570695
0.272073984146  3551796
0.27446103096  3526883
0.27713394165  3526228
0.277572870255  3519307
0.277888059616  3510817
0.27881193161  3510321
0.279370069504  3500099
0.279617071152  3500056
0.282110929489  3470711
0.284009933472  3462895
0.285849094391  3462734
0.286706924438  3462491
0.292299985886  3461540
0.294373035431  3458703
0.294871091843  3437801
0.296031951904  3429369
0.296279907227  3424555
0.29731297493  3416262
0.298712968826  3405967
0.299443006516  3386324
0.30748796463  3386101
0.308290958405  3377182
0.314358949661  3376571
0.316739082336  3371326
0.318604946136  3362517
0.320302009583  3359831
0.320370912552  3356491
0.320977926254  3355822
0.326673030853  3349613
0.327655076981  3349173
0.328994989395  3346869
0.337611913681  3342543
0.343214988708  3254871
0.348973035812  3230162
0.353947877884  3229585
0.354378938675  3171408
0.358211994171  3171292
0.359914064407  3169552
0.361497879028  3163472
0.363813877106  3163110
0.366803884506  3157964
0.368227958679  3132584
0.368409872055  3131470
0.369885921478  3130478
0.371215105057  3129985
0.374521970749  3124583
0.375545978546  3122249
0.376211881638  3116213
0.376955986023  3114109
0.379091978073  3106836
0.381519079208  3100347
0.382066011429  3097360
0.383111953735  3097324
0.388325929642  3092983
0.395992040634  3081642
0.416614055634  3074047
0.430000066757  3073167
0.434870004654  3071919
0.439994096756  3070749
0.44341802597  3069779
0.446806907654  3042844
0.448605060577  3041951
0.453706979752  3041859
0.462014913559  3039536
0.471206903458  3035718
0.481415987015  3031799
0.482867002487  3029954
0.490365982056  3029451
0.49240899086  3026808
0.494106054306  3026358
0.495233058929  2998603
0.497112035751  2954827
0.51131606102  2954520
0.538218975067  2944295
0.550580024719  2943149
0.553114891052  2931051
0.561939001083  2930842
0.563889026642  2893835
0.578351020813  2892504
0.581573963165  2889641
0.583494901657  2887832
0.585427045822  2869900
0.608237981796  2865259
0.613372087479  2865082
0.617281913757  2864380
0.631301879883  2862651
0.633002996445  2848831
0.634870052338  2847044
0.649441957474  2823157
0.653879880905  2822609
0.654618024826  2821950
0.664525032043  2790205
0.675380945206  2769516
0.675575017929  2768240
0.686062097549  2765985
0.695195913315  2765522
0.715929031372  2760606
0.718632936478  2743577
0.732178926468  2743372
0.737591028214  2742848
0.763119935989  2738487
0.764466047287  2731292
0.766998052597  2705695
0.81342291832  2703589
0.827200889587  2692498
0.845896959305  2692299
0.853967905045  2690217
0.859802007675  2686247
0.860966920853  2681173
0.864065885544  2680234
0.864433050156  2680117
0.874170064926  2653450
0.87557888031  2651958
0.895296096802  2646792
0.903312921524  2646716
0.92786693573  2634557
