0.0100569725037  10329765
0.0102670192719  10322839
0.0105030536652  10273990
0.0105900764465  10122154
0.0110199451447  10103118
0.011500120163  10097876
0.01393699646  10001191
0.0173711776733  9965982
0.0232300758362  9876892
0.0288910865784  9825348
0.0354030132294  9711647
0.0435621738434  9683408
0.0526161193848  9674199
0.067015171051  9663127
0.0893721580505  9619217
0.10954117775  9594446
0.129544019699  9510914
0.149492025375  9485507
0.17097401619  9437255
0.192847013474  9430134
0.218279123306  9411204
0.242742061615  9409943
0.257528066635  9409806
0.284492969513  9406555
0.298701047897  9406116
0.310431003571  9405783
0.320312976837  9394405
0.326225042343  9368039
0.337102174759  9362528
0.346085071564  9361908
0.351093053818  9258592
0.356518983841  9243450
0.363131999969  9236420
0.369738101959  9189536
0.376563072205  9125331
0.386372089386  9103603
0.396314144135  9101848
0.401471138  9042128
0.407255172729  8797653
0.412462949753  8751321
0.417593002319  8735059
0.423622131348  8505562
0.430181026459  8503126
0.435863018036  8502228
0.442090988159  8430039
0.451774120331  8429696
0.457345962524  8416453
0.462553024292  8365403
0.46793794632  8189548
0.473876953125  8167990
0.479115009308  8131125
0.486680030823  8120919
0.495762109756  8115956
0.506073951721  8115068
0.531273126602  8113890
0.565206050873  8113854
0.598493099213  8103995
0.635442018509  7876919
0.669751167297  7848336
0.704483032227  7830955
0.738238096237  7797683
0.772540092468  7681096
0.808343172073  7665694
0.843903064728  7658461
0.879757165909  7624230
0.91393494606  7612328
0.947314023972  7576606
0.984487056732  7572953
1.01987504959  7475410
1.05456900597  7381488
1.08809995651  7379965
1.12365818024  7335807
1.15767097473  7335008
1.19582915306  7310939
1.23521018028  7125140
1.27786803246  7122983
1.31817817688  7098575
1.35918617249  7096784
1.40014314651  6943268
1.43868517876  6938878
1.48122596741  6928066
1.51934099197  6927483
1.56200695038  6848663
1.60821413994  6848657
1.65050697327  6845031
1.69395303726  6766192
1.73855495453  6741353
1.78204512596  6723842
1.82669997215  6722986
1.86927604675  6717930
1.92027807236  6717557
1.96417999268  6711618
2.01035118103  6699675
2.04765701294  6695720
2.08543300629  6692502
2.11986994743  6662926
2.1534049511  6637967
2.18686103821  6602972
2.22068309784  6584522
2.26339507103  6531318
2.30819702148  6522340
2.35198116302  6499758
2.39506196976  6474854
2.43859410286  6468836
2.48207306862  6407910
2.5273900032  6398454
2.57382202148  6383271
2.6169090271  6246475
2.65988898277  6240546
2.70952916145  6221156
2.75191807747  6129609
2.79824900627  6084654
2.84295201302  6034310
2.88742899895  5890532
2.93462014198  5828987
2.9789390564  5756925
3.02453994751  5756283
3.06857609749  5709631
3.11499404907  5646915
3.15871405602  5645948
3.20260715485  5627597
3.25164318085  5561521
3.29480314255  5539184
3.33949398994  5481116
3.38227701187  5426549
3.42740702629  5374162
3.47010207176  5363322
3.52077317238  5352497
3.56721401215  5350722
3.61197495461  5343811
3.66920113564  5308608
3.72096300125  5163845
3.75419998169  5161536
3.788449049  5138279
3.8290040493  5126528
3.86721897125  5114516
3.92332315445  5113763
3.977684021  5106375
4.03481698036  5106229
4.09655594826  5093680
4.15171098709  5059646
4.20507097244  5034807
4.26090407372  5009138
4.31363105774  5008763
4.36876416206  4998783
4.42581415176  4997932
4.48195004463  4940890
4.53572797775  4940302
4.58793401718  4936014
4.64781117439  4934803
4.70795106888  4934139
4.76785516739  4933333
4.84180307388  4919993
4.92519307137  4894851
5.00815916061  4864864
