0.0299999713898  9668609
0.0299999713898  9658292
0.0299999713898  9654962
0.0299999713898  9610699
0.0299999713898  9579472
0.0299999713898  9550943
0.0299999713898  9544761
0.0299999713898  9542054
0.0299999713898  9430466
0.0299999713898  9428041
0.0299999713898  9270219
0.0299999713898  9232121
0.0299999713898  9092871
0.0299999713898  9062140
0.0299999713898  9001122
0.0299999713898  8883477
0.0299999713898  8874497
0.0299999713898  8861906
0.0299999713898  8826561
0.0299999713898  8803699
0.0299999713898  8794543
0.0299999713898  8765870
0.0299999713898  8598881
0.0299999713898  8589586
0.0299999713898  8419194
0.0299999713898  8278821
0.0299999713898  8277531
0.0299999713898  8143040
0.0299999713898  8088708
0.0299999713898  8007102
0.0299999713898  7955041
0.0299999713898  7700505
0.0299999713898  7700201
0.0299999713898  7699745
0.0299999713898  7673873
0.0299999713898  7670888
0.0299999713898  7647587
0.0299999713898  7530800
0.0299999713898  7477552
0.0299999713898  7439400
0.0299999713898  7404061
0.0299999713898  7350236
0.0299999713898  7338353
0.0299999713898  7247504
0.0299999713898  7228281
0.0299999713898  7151695
0.0299999713898  7137389
0.0299999713898  7136216
0.0400002002716  7132855
0.0400002002716  7113066
0.0400002002716  7094072
0.0400002002716  7093423
0.0400002002716  7088579
0.0400002002716  7061682
0.0400002002716  7033652
0.0400002002716  6990028
0.0400002002716  6967604
0.0400002002716  6913530
0.0400002002716  6852947
0.0400002002716  6745615
0.0400002002716  6745524
0.0400002002716  6713852
0.0400002002716  6693255
0.0400002002716  6687347
0.0400002002716  6686707
0.0400002002716  6686654
0.0400002002716  6683306
0.0400002002716  6665783
0.0400002002716  6663467
0.0400002002716  6658364
0.0400002002716  6644260
0.0400002002716  6639750
0.0400002002716  6583587
0.0400002002716  6573702
0.0400002002716  6561007
0.0400002002716  6542227
0.0400002002716  6522204
0.0400002002716  6494169
0.0400002002716  6428813
0.0400002002716  6422774
0.0500001907349  6418351
0.0500001907349  6385697
0.0500001907349  6375625
0.0500001907349  6352078
0.0500001907349  6343189
0.0500001907349  6310103
0.0500001907349  6307664
0.0500001907349  6222459
0.0500001907349  6208706
0.0500001907349  6191008
0.0500001907349  6137742
0.0500001907349  6136054
0.0500001907349  6112483
0.0500001907349  6027384
0.0500001907349  5912339
0.0500001907349  5905585
0.0600001811981  5900152
0.0600001811981  5890734
0.0600001811981  5713786
0.0600001811981  5647591
0.0600001811981  5632990
0.0600001811981  5573813
0.0600001811981  5544442
0.0600001811981  5534937
0.0600001811981  5491336
0.0600001811981  5481884
0.0600001811981  5479049
0.0600001811981  5464921
0.0600001811981  5458680
0.0600001811981  5389908
0.0600001811981  5363510
0.0600001811981  5359139
0.0600001811981  5342361
0.0600001811981  5241846
0.0600001811981  5238039
0.0600001811981  5230876
0.0700001716614  5224014
0.0700001716614  5209936
0.0700001716614  5207919
0.0700001716614  5169078
0.0700001716614  5145832
0.0700001716614  5142133
0.0700001716614  5121816
0.0700001716614  5121069
0.0700001716614  5119915
0.0700001716614  5113152
0.0700001716614  5094661
0.0700001716614  5093420
0.0700001716614  5090558
0.0700001716614  5087724
0.0800001621246  5081887
0.0800001621246  5068755
0.0800001621246  5059910
0.0800001621246  5033698
0.0800001621246  5032649
0.0800001621246  4999971
0.0800001621246  4995904
0.0800001621246  4986381
0.0800001621246  4935837
0.0800001621246  4931364
0.0800001621246  4909793
0.0900001525879  4840519
0.0900001525879  4770253
0.0900001525879  4770057
0.0900001525879  4744752
0.0900001525879  4666017
0.0900001525879  4650834
0.0900001525879  4641288
0.0900001525879  4601017
0.0900001525879  4556307
0.0900001525879  4542648
0.0900001525879  4516039
0.100000143051  4513523
0.100000143051  4512078
0.100000143051  4508743
0.100000143051  4498536
0.100000143051  4450183
0.100000143051  4430525
0.100000143051  4427998
0.100000143051  4426310
0.100000143051  4426290
0.100000143051  4425997
0.100000143051  4384510
0.100000143051  4371471
0.100000143051  4368319
0.100000143051  4351574
0.100000143051  4348949
0.110000133514  4269138
0.110000133514  4262682
0.110000133514  4253382
0.110000133514  4161221
0.110000133514  4153661
0.110000133514  4153081
0.110000133514  4148525
0.110000133514  4137273
0.110000133514  4090653
0.110000133514  4088798
0.110000133514  4088272
0.110000133514  4085954
0.120000123978  4082876
0.120000123978  4068845
0.120000123978  4058251
0.120000123978  4058250
0.120000123978  4037435
0.120000123978  4026548
0.120000123978  3992445
0.120000123978  3989969
0.120000123978  3982997
0.120000123978  3980476
0.130000114441  3978533
0.130000114441  3978264
0.130000114441  3948314
0.130000114441  3942050
0.130000114441  3902056
0.130000114441  3880627
0.130000114441  3878500
0.130000114441  3861272
0.130000114441  3821042
0.130000114441  3820327
0.130000114441  3774242
0.140000104904  3765329
0.140000104904  3757781
0.140000104904  3757735
0.140000104904  3757109
0.140000104904  3754458
0.140000104904  3742536
0.140000104904  3741065
0.150000095367  3701258
0.150000095367  3691875
0.160000085831  3667516
0.160000085831  3649264
0.160000085831  3644217
0.160000085831  3589035
0.160000085831  3491875
0.170000076294  3462337
0.170000076294  3460647
0.170000076294  3458735
0.170000076294  3449955
0.170000076294  3449713
0.170000076294  3443699
0.170000076294  3412510
0.170000076294  3411431
0.170000076294  3403639
0.170000076294  3316703
0.180000066757  3314929
0.180000066757  3311238
0.180000066757  3310727
0.180000066757  3306693
0.180000066757  3305630
0.180000066757  3300363
0.19000005722  3300156
0.200000047684  3293116
0.200000047684  3280901
0.200000047684  3269398
0.200000047684  3267161
0.200000047684  3260257
0.200000047684  3245564
0.210000038147  3244911
0.210000038147  3244872
0.210000038147  3244700
0.22000002861  3242869
0.25  3241631
0.25  3233454
0.25  3219975
0.25  3214729
0.259999990463  3206269
0.259999990463  3202639
0.269999980927  3186319
0.269999980927  3171222
0.269999980927  3170616
0.269999980927  3169393
0.269999980927  3168546
0.27999997139  3164255
0.290000200272  3164194
0.290000200272  3161326
0.290000200272  3152531
0.290000200272  3152267
0.290000200272  3152078
0.300000190735  3139374
0.300000190735  3124649
0.310000181198  3123925
0.310000181198  3123603
0.320000171661  3109497
0.320000171661  3106612
0.320000171661  3078891
0.320000171661  3076976
0.330000162125  3076726
0.330000162125  3067850
0.330000162125  3066496
0.330000162125  3060286
0.340000152588  3059107
0.340000152588  3058219
0.340000152588  3058161
0.350000143051  3056873
0.350000143051  3022390
0.360000133514  3021522
0.370000123978  3007967
1.63400006294  2982131
1.63400006294  2960443
1.64400005341  2956789
1.65400004387  2951932
1.65400004387  2948922
1.6740000248  2948639
1.68400001526  2925236
1.70399999619  2916239
1.72399997711  2906667
1.73399996758  2905860
1.75400018692  2903105
1.75400018692  2902578
1.77400016785  2898212
1.78400015831  2898177
1.79400014877  2897880
1.80400013924  2858947
1.8140001297  2858216
1.8140001297  2858011
1.8140001297  2856524
1.83400011063  2855987
1.84400010109  2849535
1.84400010109  2847967
1.84400010109  2847109
1.85400009155  2826022
1.86400008202  2823717
1.86400008202  2822653
1.86400008202  2822540
1.87400007248  2821641
1.89400005341  2811767
1.89400005341  2809414
1.90400004387  2801880
1.90400004387  2773212
1.91400003433  2726522
1.9240000248  2725798
1.9240000248  2722795
1.93400001526  2716851
1.93400001526  2712033
1.93400001526  2706534
2.49400019646  2674913
2.49400019646  2636920
2.49400019646  2630676
2.50400018692  2627792
2.51400017738  2626786
2.51400017738  2616537
2.51400017738  2597261
2.51400017738  2590883
2.53400015831  2590741
2.54400014877  2528706
2.55400013924  2504460
2.57400012016  2503816
2.60400009155  2496762
2.60400009155  2487668
2.63400006294  2483806
2.64400005341  2483772
2.65400004387  2482657
2.6740000248  2469052
2.69400000572  2468890
2.71399998665  2457367
4.79400014877  2439227
4.79400014877  2437794
4.80400013924  2437627
4.8140001297  2424294
4.82400012016  2411375
4.82400012016  2410518
4.83400011063  2408969
4.83400011063  2407726
4.83400011063  2406092
4.84400010109  2405288
4.86400008202  2389307
4.86400008202  2389148
4.86400008202  2380259
4.87400007248  2378577
4.88400006294  2377968
4.89400005341  2376997
4.89400005341  2375472
4.90400004387  2358500
4.93400001526  2353271
4.94400000572  2352221
4.96399998665  2351722
110.157999992  2350977
110.157999992  2346257
110.167999983  2329235
119.506000042  2313657
119.516000032  2312842
119.526000023  2312107
119.526000023  2311846
119.536000013  2309820
119.536000013  2296092
119.546000004  2288766
119.555999994  2281579
119.565999985  2281036
119.586000204  2271768
119.596000195  2211388
119.626000166  2210577
119.626000166  2207650
119.646000147  2202005
119.656000137  2201974
119.656000137  2200796
119.666000128  2196066
119.676000118  2195850
119.696000099  2195745
119.71600008  2174170
119.726000071  2170066
119.726000071  2169037
302.367000103  2148562
302.377000093  2138570
302.397000074  2138012
302.407000065  2137715
302.437000036  2136538
302.437000036  2126161
302.467000008  2125319
302.476999998  2122719
302.496999979  2122443
302.517000198  2121988
302.527000189  2120903
302.54700017  2114246
302.55700016  2113841
302.567000151  2107392
