0.00956201553345  9418924
0.00987792015076  9382161
0.0102789402008  9279974
0.0104489326477  9279145
0.0109238624573  9276175
0.0112359523773  9270426
0.0117108821869  9264840
0.0130109786987  9115806
0.013787984848  9090410
0.0150558948517  9071510
0.0153548717499  8999306
0.0158569812775  8976754
0.0160870552063  8913802
0.0163979530334  8862981
0.0165438652039  8861873
0.017639875412  8838372
0.019425868988  8810648
0.0205130577087  8806867
0.0215969085693  8743580
0.0216858386993  8689917
0.0220189094543  8668607
0.0235388278961  8660734
0.0236270427704  8626936
0.0238120555878  8614172
0.0245850086212  8598438
0.024915933609  8588528
0.0253448486328  8586305
0.0254399776459  8575972
0.0257480144501  8542519
0.0258738994598  8534282
0.0259549617767  8531599
0.026172876358  8487441
0.0266628265381  8374622
0.0287230014801  8338663
0.0288219451904  8290943
0.0289578437805  8276286
0.0291419029236  8222181
0.0308878421783  8199557
0.0309779644012  8174799
0.0328209400177  8136078
0.0329110622406  8128371
0.0330460071564  8095258
0.0349879264832  8075291
0.0350840091705  8040350
0.0373418331146  8006722
0.0374820232391  8002006
0.0378029346466  7996861
0.0379309654236  7994079
0.0382359027863  7924587
0.0385799407959  7919242
0.0389280319214  7912707
0.0413498878479  7881394
0.041435956955  7849141
0.0435738563538  7813097
0.0437009334564  7783421
0.0458669662476  7765312
0.0459468364716  7661513
0.04816198349  7658303
0.0504260063171  7653120
0.0529289245605  7652864
0.0544209480286  7608154
0.0545010566711  7577385
0.0546228885651  7576755
0.0547029972076  7575412
0.0549619197845  7562096
0.0550730228424  7542515
0.0555670261383  7524219
0.0560510158539  7517006
0.0570509433746  7500676
0.0592579841614  7494484
0.0615930557251  7484617
0.0643239021301  7472033
0.0644428730011  7459048
0.0646040439606  7328088
0.0648498535156  7291018
0.0652220249176  7262740
0.0664949417114  7256979
0.0666139125824  7202419
0.066859960556  7192854
0.0679569244385  7186784
0.0680940151215  7106760
0.0688579082489  7099650
0.0689790248871  7048204
0.0690548419952  7047084
0.0694708824158  6961825
0.0722289085388  6960383
0.0736379623413  6958507
0.0750830173492  6957664
0.0751588344574  6939564
0.0783619880676  6933541
0.0785620212555  6845686
0.0787038803101  6814249
0.0789699554443  6742196
0.079097032547  6721759
0.0798318386078  6674890
0.0799789428711  6674499
0.0825400352478  6646677
0.0826668739319  6564952
0.0828030109406  6557625
0.082888841629  6542774
0.0831718444824  6461721
0.0868790149689  6431874
0.0869660377502  6417081
0.0891468524933  6411485
0.089409828186  6379614
0.0895359516144  6330951
0.0918378829956  6316484
0.0921468734741  6269462
0.095752954483  6261139
0.0958290100098  6260146
0.0960738658905  6123986
0.0961918830872  6095624
0.0977749824524  6052532
0.0992188453674  6014113
0.102982997894  5992231
0.103101968765  5923693
0.103261947632  5909212
0.103337049484  5853833
0.103581905365  5852607
0.107427835464  5839741
0.107506036758  5781757
0.11104798317  5758146
0.111336946487  5738631
0.111497879028  5736166
0.111615896225  5705596
0.111945867538  5600642
0.112020969391  5598497
0.113296031952  5596896
0.114137887955  5573136
0.115845918655  5568858
0.12006688118  5554861
0.12415099144  5543760
0.124522924423  5525665
0.12464094162  5448893
0.124969959259  5442393
0.125087976456  5440511
0.125247001648  5424917
0.125321865082  5422050
0.125735044479  5401417
0.125809907913  5384433
0.1281208992  5374673
0.128368854523  5360300
0.128697872162  5357119
0.132762908936  5339493
0.137115955353  5336271
0.137191057205  5334497
0.137308835983  5268569
0.137467861176  5267837
0.13991689682  5214302
0.146186828613  5203322
0.148458957672  5198868
0.149179935455  5188300
0.150922060013  5157432
0.155709028244  5116582
0.155786037445  5079246
0.158153057098  5068635
0.163032054901  5063728
0.168195009232  5019657
0.173465013504  5018976
0.179970026016  5013157
0.186028957367  5011165
0.191633939743  5010522
0.199089050293  4989657
0.204946994781  4963991
0.211154937744  4950162
0.218612909317  4942221
0.223500967026  4901077
0.228610992432  4865056
0.233744859695  4833533
0.239233970642  4832908
0.244112968445  4831271
0.250032901764  4830907
0.255209922791  4830154
0.260089874268  4759632
0.265091896057  4744107
0.270616054535  4738107
0.277756929398  4721245
0.284519910812  4717302
0.29056596756  4717031
0.295649051666  4701720
0.30079293251  4693077
0.305728912354  4688825
0.313107013702  4668616
0.324314832687  4654777
0.331008911133  4643367
0.335928916931  4639798
0.34087395668  4629887
0.348383903503  4576565
0.357076883316  4548236
0.370460987091  4527260
0.376096010208  4521638
0.381142854691  4519346
0.386461019516  4476138
0.391533851624  4474182
0.412399053574  4456965
0.417557954788  4450940
0.439487934113  4450485
0.460322856903  4450185
0.481369018555  4445070
0.502213954926  4436239
0.523584842682  4413825
0.528640985489  4409532
0.55281996727  4405964
0.577796936035  4402095
0.602920055389  4385831
0.630144834518  4374307
0.668820858002  4373821
0.69403386116  4364401
0.699758052826  4356715
0.719499826431  4348267
0.724529027939  4347362
0.729435920715  4346196
0.739244937897  4343422
0.75  4336840
0.765378952026  4333301
0.780698060989  4313315
0.795907020569  4302909
0.811560869217  4258016
0.829682826996  4244705
0.84669303894  4204587
0.86269402504  4188937
0.886970996857  4184309
0.910809993744  4126012
0.937415838242  4125262
0.963345050812  4061578
0.991386890411  4040048
1.02330493927  3996779
