0.013463973999  10329765
0.0138430595398  10322839
0.0141069889069  10273990
0.0141899585724  10122154
0.0145680904388  10103118
0.0149891376495  10097876
0.0170910358429  10001191
0.0199520587921  9965982
0.0276670455933  9876892
0.0340051651001  9825348
0.0428800582886  9711647
0.0528709888458  9683408
0.0624911785126  9674199
0.0783970355988  9663127
0.0984661579132  9619217
0.121286153793  9594446
0.145390987396  9510914
0.169186115265  9485507
0.195085048676  9437255
0.21835899353  9430134
0.245957136154  9411204
0.27450799942  9409943
0.292251110077  9409806
0.31755900383  9406555
0.330309152603  9406116
0.340224981308  9405783
0.350682973862  9394405
0.357208013535  9368039
0.372050046921  9362528
0.382157087326  9361908
0.388077020645  9258592
0.398465156555  9243450
0.406654119492  9236420
0.413295030594  9189536
0.41900396347  9125331
0.429744005203  9103603
0.442283153534  9101848
0.448533058167  9042128
0.453682184219  8797653
0.459668159485  8751321
0.465198040009  8735059
0.471014976501  8505562
0.478002071381  8503126
0.484009981155  8502228
0.490985155106  8430039
0.501492023468  8429696
0.507745981216  8416453
0.513226032257  8365403
0.518388986588  8189548
0.526980161667  8167990
0.534161090851  8131125
0.543720960617  8120919
0.553661108017  8115956
0.566059112549  8115068
0.594235181808  8113890
0.630275011063  8113854
0.66929101944  8103995
0.707668066025  7876919
0.745862007141  7848336
0.784764051437  7830955
0.822115182877  7797683
0.86005616188  7681096
0.897161960602  7665694
0.944174051285  7658461
0.982221126556  7624230
1.02230095863  7612328
1.06026315689  7576606
1.09973216057  7572953
1.13815116882  7475410
1.17828512192  7381488
1.21708703041  7379965
1.25594902039  7335807
1.29537510872  7335008
1.33729410172  7310939
1.38375806808  7125140
1.4279961586  7122983
1.48063707352  7098575
1.52097201347  7096784
1.56690597534  6943268
1.61078000069  6938878
1.65982604027  6928066
1.70150518417  6927483
1.74760317802  6848663
1.80091905594  6848657
1.84934210777  6845031
1.89808797836  6766192
1.95977902412  6741353
2.02046108246  6723842
2.080286026  6722986
2.1887550354  6717930
2.25086402893  6717557
2.31394505501  6711618
2.3793861866  6699675
2.43311095238  6695720
2.49098610878  6692502
2.54344201088  6662926
2.59102106094  6637967
2.6382920742  6602972
2.68503117561  6584522
2.73628997803  6531318
2.80066609383  6522340
2.85629105568  6499758
2.92406916618  6474854
3.00322413445  6468836
3.06456112862  6407910
3.18158698082  6398454
3.24321007729  6383271
3.35516214371  6246475
3.45075511932  6240546
3.5130610466  6221156
3.57744312286  6129609
3.63038015366  6084654
3.68811607361  6034310
3.74018597603  5890532
3.79782700539  5828987
3.85225296021  5756925
3.91552996635  5756283
3.97419595718  5709631
4.02983617783  5646915
4.09026312828  5645948
4.14475107193  5627597
4.19816803932  5561521
4.25150418282  5539184
4.30751299858  5481116
4.36516308784  5426549
4.43090200424  5374162
4.50018715858  5363322
4.55289506912  5352497
4.61008095741  5350722
4.66480302811  5343811
4.73800110817  5308608
4.80674815178  5163845
4.87252616882  5161536
4.92460298538  5138279
4.98644399643  5126528
5.0373570919  5114516
5.11261701584  5113763
5.18567013741  5106375
5.25084114075  5106229
5.31850600243  5093680
5.40401506424  5059646
5.48820400238  5034807
5.58056211472  5009138
5.65240597725  5008763
5.72393703461  4998783
5.91198205948  4997932
6.13442802429  4940890
6.30986809731  4940302
6.40675806999  4936014
6.55187010765  4934803
6.72098016739  4934139
6.85676813126  4933333
7.03291106224  4919993
7.20906710625  4894851
7.36055898666  4864864
7.50095510483  4864325
7.62010908127  4842053
7.7213101387  4836516
7.82308506966  4683481
7.9206609726  4669529
8.03019714355  4664954
8.1330139637  4642192
8.24797105789  4612521
8.35441112518  4611950
8.45541715622  4611767
8.55731606483  4611746
8.65721297264  4610043
8.75974297523  4596473
8.85812211037  4583093
8.96037912369  4507929
9.06265115738  4448253
9.16283798218  4438624
9.26927709579  4426824
9.37409210205  4406406
9.48102402687  4393923
9.5932199955  4387008
9.7057299614  4308136
9.81120896339  4255290
9.9202811718  4207975
10.0371220112  4194475
10.1381361485  4167321
10.2372801304  4122840
10.3393239975  4119911
10.4434950352  4119890
10.5499811172  4006021
10.6497449875  3993406
10.7596201897  3845583
10.8591840267  3843186
10.9606301785  3827290
11.0664081573  3821005
11.1664941311  3809504
11.2712981701  3796773
11.3942110538  3794105
11.5101220608  3790978
11.6231770515  3790537
11.7520091534  3786157
11.8705170155  3779252
11.975716114  3774082
12.0920331478  3716524
12.1970350742  3715911
12.3093540668  3715022
12.4119009972  3686602
12.5170021057  3686292
12.6208591461  3675562
12.7222561836  3645085
12.8264350891  3608261
12.927708149  3590705
13.0310461521  3570616
13.1449689865  3569563
13.2520930767  3562279
13.3609621525  3562027
13.459911108  3561973
13.5629091263  3520416
13.6713850498  3499238
13.7805771828  3459155
13.8813259602  3456729
13.9954440594  3444322
14.095705986  3433105
14.2084779739  3415702
14.330548048  3407264
14.5097231865  3405264
14.6530170441  3402581
14.7901740074  3401913
14.9272270203  3357288
15.0775220394  3327082
15.2227611542  3323661
15.3211071491  3318382
15.4614801407  3303494
15.5901231766  3279257
15.725618124  3276688
15.8375029564  3272636
15.96707201  3270206
16.0813469887  3267486
16.1963341236  3266748
16.3391110897  3232511
16.4705770016  3206439
16.6105360985  3194575
16.7418801785  3161821
16.8708541393  3157361
17.013461113  3151179
17.1635830402  3147399
17.3227519989  3141255
17.5081980228  3139987
17.66238904  3100643
17.851047039  3090614
18.0507800579  3090466
18.2044050694  3079745
18.3509390354  3072567
18.4979131222  3072081
18.6567571163  3068448
18.8156299591  3068155
18.9730341434  2963625
19.1548089981  2938730
19.3133499622  2938586
19.4624590874  2905620
19.6252951622  2895201
19.7768449783  2861797
19.9339849949  2855249
20.0841679573  2854058
20.2299950123  2849469
20.3763360977  2846158
20.5239679813  2839710
20.6840939522  2834478
20.8394720554  2807359
20.9826090336  2803069
21.121363163  2796637
21.2563240528  2794315
21.3973829746  2791768
21.5334181786  2787242
21.6648461819  2786874
21.8008821011  2785829
21.9349000454  2778210
22.0821740627  2776287
22.2267839909  2775976
22.3657081127  2775951
22.5119349957  2775657
22.6480791569  2773878
22.7908570766  2772773
22.9411251545  2771489
23.0886180401  2770465
23.2416901588  2768000
23.3924410343  2765881
23.5327761173  2765253
23.6794850826  2758184
23.8463699818  2757998
24.0026500225  2757750
24.1524460316  2757435
24.3034231663  2757399
24.4576439857  2756806
24.6107079983  2747511
24.7711820602  2742550
24.9300689697  2742469
25.0806920528  2736126
25.2368791103  2735712
25.3897709846  2735497
25.5317971706  2734021
25.6813189983  2732804
25.8461680412  2732313
25.9950520992  2731477
26.1475350857  2729852
26.3526570797  2727014
26.6544690132  2726489
26.8953289986  2726277
27.0522370338  2724630
27.2175049782  2724166
27.3861670494  2721563
27.5624740124  2721524
27.7320330143  2718421
27.922077179  2718389
28.0975210667  2718320
28.2647390366  2718043
28.4519841671  2716820
28.6277461052  2716078
28.7993769646  2712250
28.9762561321  2712185
29.152312994  2712107
29.3349440098  2711956
29.5158960819  2709560
29.6833701134  2708643
29.8568291664  2703641
30.0459740162  2702476
30.2214541435  2701265
30.4039611816  2701167
30.5593509674  2700778
30.7266690731  2700374
30.8972690105  2696259
31.0519411564  2695853
31.2056341171  2695646
31.3767981529  2687032
31.5643391609  2684012
31.7470920086  2682397
31.9238240719  2678730
32.1106021404  2674786
32.2943220139  2674581
32.4776639938  2667945
32.6632180214  2664004
32.8834381104  2641154
33.1071441174  2616850
33.3497340679  2599183
33.5707859993  2501339
33.8610911369  2485685
34.1739451885  2482549
34.4409739971  2400176
34.7220320702  2383855
34.9880850315  2352534
35.3647129536  2344988
35.6669249535  2326297
36.0118319988  2169616
36.290667057  2167919
36.5106899738  2167170
36.7092139721  2166679
36.910159111  2161251
37.1228630543  2106987
37.4012999535  2105406
37.6474859715  2088488
37.8178710938  2083187
37.9666030407  2004249
38.1340529919  1988209
38.3315770626  1986265
38.5355451107  1985122
38.6973731518  1971193
38.881896019  1969554
39.0510060787  1964377
39.2121520042  1950147
39.4074411392  1928942
39.6224730015  1920397
39.8558161259  1915301
40.0466001034  1914684
40.1815011501  1906962
40.3589131832  1904104
40.5385379791  1895686
40.6879990101  1828667
40.9609680176  1817847
41.1892230511  1800356
41.4378089905  1797769
41.7227580547  1786296
41.8787891865  1780074
42.131868124  1772808
42.2889840603  1770931
42.442991972  1759799
42.6399371624  1757754
42.8363611698  1754179
43.1780390739  1753207
43.4576539993  1751681
43.6670820713  1731240
43.8060820103  1729439
43.9101121426  1726553
44.0742471218  1722202
44.2122020721  1721818
44.3696651459  1672267
44.4906060696  1665527
44.6679770947  1657115
44.8221640587  1647197
44.9550681114  1635569
45.1557710171  1621941
45.3551089764  1617750
45.7079691887  1598293
46.1127221584  1588127
46.510931015  1582987
46.9375431538  1562647
47.2509670258  1512506
47.5951180458  1508530
47.8958451748  1499227
48.2071561813  1488743
48.5714240074  1483647
48.8892440796  1473088
49.2286629677  1472946
49.6217200756  1470942
49.9952981472  1470800
50.3638801575  1415146
50.7465751171  1413775
51.1734249592  1404407
51.5274469852  1357722
51.8462600708  1357612
52.1524870396  1356202
52.4799320698  1346190
52.8514380455  1336812
53.261111021  1336084
53.7387349606  1335737
54.0670101643  1335585
54.4026281834  1335316
54.7049131393  1334878
55.0187020302  1334396
55.3336901665  1334345
77.4542360306  1331802
77.7399029732  1328512
78.0170040131  1326903
78.311122179  1322988
78.5842630863  1318233
78.8504900932  1315345
79.1259269714  1315233
79.4248511791  1310990
79.6987359524  1310119
79.9863951206  1308570
80.2624561787  1301684
80.5257899761  1294689
80.8027980328  1293021
81.0900990963  1289572
81.3853411674  1287299
81.7334301472  1286469
82.0529360771  1280700
82.3723340034  1277330
82.6405191422  1276328
82.9350171089  1275910
83.2081961632  1275779
83.4782950878  1270847
83.7587621212  1270084
84.057518959  1266067
84.3711750507  1265736
84.6404190063  1265679
84.9995331764  1265052
85.2884840965  1264501
85.57574296  1264326
85.8548910618  1263765
86.1450331211  1262600
86.4801950455  1262035
86.7536051273  1261737
87.0774250031  1261403
87.3511819839  1260250
87.6492421627  1259223
87.9961700439  1250369
88.4658100605  1246265
88.7859041691  1244748
89.0762979984  1241093
89.3897891045  1241092
89.7315700054  1241007
90.0478670597  1237836
90.3613920212  1233794
90.6515390873  1233453
90.9292399883  1230871
91.2195720673  1230852
91.4900071621  1230015
91.7579700947  1229520
92.0298941135  1228660
92.3531160355  1228450
92.6457231045  1228215
92.9226751328  1228008
93.2890870571  1227939
93.6200611591  1227686
93.9007799625  1227682
94.1803290844  1226936
94.5174939632  1226747
94.810600996  1226306
