0.0106148719788  9481542
0.0111079216003  9398813
0.0112287998199  9398572
0.011430978775  9341907
0.011974811554  9311692
0.0120928287506  9238560
0.0127639770508  9179324
0.0139248371124  9166971
0.0162949562073  9149077
0.0164659023285  8996306
0.0165419578552  8948463
0.0170319080353  8921781
0.0176827907562  8863322
0.0179479122162  8828688
0.018031835556  8772679
0.0186619758606  8748516
0.0195848941803  8725380
0.0199439525604  8700058
0.0200259685516  8696835
0.0201978683472  8606450
0.0210559368134  8515358
0.0259459018707  8511236
0.026918888092  8501886
0.027046918869  8450101
0.0272099971771  8295037
0.0274579524994  8249793
0.0278778076172  8115513
0.0280828475952  8073068
0.0290639400482  8041459
0.0292258262634  8023024
0.0293438434601  7996762
0.0295479297638  7916399
0.0315759181976  7908460
0.0326199531555  7812490
0.0329458713531  7782202
0.0355319976807  7720915
0.0407907962799  7636041
0.0408809185028  7600915
0.0449848175049  7586214
0.0453000068665  7475124
0.0454239845276  7469518
0.0456719398499  7382447
0.0458378791809  7367387
0.046621799469  7323439
0.046933889389  7229465
0.0470747947693  7226191
0.0498738288879  7199095
0.0521268844604  7175416
0.053050994873  7168645
0.0531659126282  7097969
0.0533068180084  7092529
0.0533978939056  7086635
0.0535848140717  7006566
0.0540039539337  6960517
0.0540828704834  6957007
0.0564048290253  6875729
0.0565438270569  6864264
0.0567088127136  6846705
0.0567879676819  6816397
0.0569949150085  6810208
0.0570719242096  6809224
0.0574069023132  6803717
0.0575699806213  6802388
0.0576908588409  6800893
0.0578529834747  6738217
0.0579299926758  6735283
0.0585069656372  6732120
0.0589439868927  6718762
0.0590229034424  6709002
0.0604918003082  6700727
0.0606608390808  6665182
0.0607388019562  6662103
0.0657517910004  6658391
0.0658459663391  6589625
0.070140838623  6577593
0.0752928256989  6525476
0.0808238983154  6502864
0.0811018943787  6467967
0.0814528465271  6445901
0.081619977951  6347164
0.0858387947083  6343231
0.0866129398346  6342210
0.0891637802124  6333484
0.0892407894135  6326887
0.0896189212799  6291774
0.0914227962494  6271636
0.0915198326111  6167574
0.0917708873749  6141247
0.0918478965759  6138250
0.0927219390869  6134576
0.0928528308868  6128170
0.0931739807129  6115420
0.0935509204865  6079829
0.0943808555603  6071529
0.0953598022461  6059946
0.0954430103302  6029928
0.0962917804718  6027501
0.0963687896729  5929770
0.0978028774261  5921249
0.102577924728  5892008
0.102707862854  5877333
0.102912902832  5841425
0.102989912033  5840215
0.11328291893  5830141
0.113452911377  5829777
0.125104904175  5603692
0.125254869461  5603093
0.139299869537  5592710
0.154961824417  5551139
0.170552968979  5543370
0.181342840195  5539003
0.194121837616  5538337
0.208578824997  5532916
0.208669900894  5532649
0.220025777817  5527895
0.234874010086  5515184
0.249527931213  5512564
0.249700784683  5512559
0.262081861496  5481764
0.262204885483  5481532
0.275730848312  5449010
0.292382955551  5442086
0.306897878647  5397771
0.30698800087  5396696
0.325795888901  5315627
0.340237855911  5196481
0.357073783875  5194582
0.370620965958  5194085
0.382605791092  5193591
0.396494865417  5112123
0.414752006531  5098139
0.428845882416  4977275
0.428934812546  4977264
0.448944807053  4969056
0.461862802505  4916754
0.474324941635  4865661
0.488736867905  4827403
0.502304792404  4822513
0.517191886902  4732855
0.534713983536  4678127
0.559081792831  4644977
0.573033809662  4591739
0.585303783417  4569959
0.604131937027  4547440
0.618623971939  4547223
0.639075994492  4537028
0.654124975204  4506239
0.669338941574  4504784
0.684258937836  4491661
0.684346914291  4491325
0.694527864456  4371805
0.706322908401  4368625
0.729521989822  4359255
0.729609012604  4359013
0.741867780685  4348371
0.741954803467  4347284
0.757334947586  4327084
0.769015789032  4296330
0.780251979828  4273806
0.793605804443  4269967
0.79369187355  4269603
0.807909965515  4265916
0.819311857224  4262225
0.839404821396  4260785
0.839497804642  4259414
0.855090856552  4249355
0.866325855255  4246326
0.876482009888  4243907
0.89081287384  4096872
0.890899896622  4096326
0.902028799057  3945640
0.902114868164  3944549
0.912191867828  3867829
0.927474975586  3801695
0.939476013184  3799954
0.957990884781  3797037
0.969235897064  3796400
0.979891777039  3796266
0.991768836975  3779941
1.00696182251  3684315
1.00704789162  3683769
1.01934289932  3679929
1.04179096222  3674495
1.04187893867  3672983
1.06018090248  3654479
1.09697699547  3640893
1.11088490486  3564306
1.12826180458  3560824
1.14134478569  3473695
1.14143180847  3473145
1.1615319252  3464996
1.16161799431  3463466
1.17306184769  3413748
1.1839029789  3390480
1.1941587925  3377480
1.21083283424  3358254
1.22808384895  3324156
1.25156784058  3229703
1.27617788315  3228897
1.30737400055  3226230
1.33406996727  3224490
1.36137485504  3207963
1.37610578537  3202807
1.38695383072  3193637
1.39718484879  3180031
1.41200590134  3146008
1.43626284599  3145558
1.45333099365  3109175
1.47031188011  3096748
1.49195480347  3092466
1.50902080536  3091634
1.52914500237  3078011
1.54752492905  3069651
1.5669438839  3067781
1.585313797  3062814
1.61123681068  3056667
1.62737584114  3047001
1.65382790565  3038511
1.67408299446  3036579
1.70096993446  3025799
1.72900795937  3022929
1.75941181183  3007706
1.78224396706  2991923
1.80650281906  2984367
1.82841396332  2966026
1.85620880127  2953243
1.87851786613  2945304
1.90425491333  2931212
1.92801594734  2918613
1.96046686172  2913549
1.99417281151  2900403
2.03571081161  2894018
2.05801391602  2866306
2.07890701294  2863445
2.10423779488  2859873
2.1368188858  2857798
2.16591000557  2857688
2.19621300697  2856278
2.25212597847  2856136
2.32851600647  2845294
2.41031599045  2832999
2.49772787094  2814302
2.58298897743  2810151
2.67108297348  2810064
2.69192290306  2809460
2.70426392555  2809340
2.78536295891  2791512
2.86180996895  2787829
2.94545292854  2779806
3.05286288261  2765100
3.19414496422  2765083
3.30798888206  2751868
3.39642977715  2744869
3.47754597664  2741649
3.49158477783  2740800
3.50772690773  2737199
3.5203897953  2704122
3.54109287262  2703493
3.55894088745  2702569
3.57935094833  2698127
3.63004779816  2697315
3.6721329689  2690259
3.71313691139  2667495
3.75752091408  2659300
3.81457781792  2657316
3.95117092133  2651434
4.07366394997  2644979
4.20430898666  2644757
4.2248609066  2640644
4.2414829731  2634065
4.26164484024  2599654
4.29079794884  2595542
4.32139992714  2592687
4.35667991638  2584311
4.39612483978  2581521
4.45196700096  2578782
4.50105690956  2558558
4.55839490891  2547427
4.61195588112  2541515
4.64246082306  2537041
4.6765627861  2536911
4.70813989639  2492047
4.72392296791  2491180
4.74199390411  2482182
4.75299501419  2477982
4.75308299065  2477740
4.76886487007  2438458
4.77936983109  2397291
4.77945590019  2396692
4.79819083214  2395825
4.82154679298  2385390
4.83842492104  2381190
4.83851099014  2380948
4.86531496048  2341713
4.90146684647  2340187
4.93174695969  2335062
4.96767282486  2312054
4.99708080292  2311114
5.00931096077  2305436
5.00943398476  2305425
5.02630591393  2301827
5.02639389038  2301816
5.04200387001  2294926
5.04210591316  2293619
5.19839501381  2289942
5.43535995483  2282705
5.66125488281  2282427
5.73035883904  2277217
5.74712586403  2261635
5.82172679901  2220349
5.98323893547  2219196
6.14113092422  2218718
6.33451080322  2208652
6.57898497581  2205516
6.79147791862  2204176
6.99232697487  2203312
7.17338895798  2201165
7.47279596329  2198584
7.72618293762  2197288
8.13242697716  2194867
8.4091129303  2194798
8.61100101471  2192408
8.80479693413  2188201
8.99558401108  2185288
9.17940688133  2179056
9.35003781319  2177546
9.52648186684  2177523
9.71729779243  2175135
9.93169999123  2174780
10.065196991  2172384
10.2103250027  2171187
10.3963079453  2169640
10.5931539536  2169543
10.7735598087  2166493
10.9063978195  2166471
11.0440609455  2164400
11.1720588207  2163637
11.3130419254  2162949
11.4446339607  2162672
11.5745928288  2161449
11.7104349136  2159739
11.8384327888  2159674
11.9965429306  2156721
12.1483519077  2156277
12.3082768917  2153586
12.4496979713  2151310
12.6022968292  2147302
12.760010004  2146072
12.9106168747  2145774
13.0587627888  2144154
13.2083899975  2139421
13.3634548187  2137927
13.5256388187  2132357
13.6851358414  2131721
13.8804838657  2131168
14.0773317814  2131098
14.2579929829  2130757
14.4553399086  2129961
14.6379439831  2129726
14.809183836  2129519
15.006125927  2129066
15.2050609589  2128099
15.4068830013  2126501
15.6121058464  2124203
15.8070249557  2124088
16.0950229168  2119371
16.3679349422  2116894
16.6023139954  2116613
16.8325819969  2115574
17.0636708736  2097854
17.2949109077  2093385
17.5472579002  2084293
17.7762908936  2080731
18.0164380074  2076512
18.2808859348  2073784
18.5566868782  2037794
18.8238518238  2020964
19.0969998837  2012691
19.3707039356  1997635
19.6464397907  1997143
19.9012188911  1993171
20.1453039646  1987341
20.3871219158  1982933
20.6442840099  1979142
20.9542748928  1976890
21.2565648556  1946520
21.5443379879  1939210
21.8229808807  1932723
22.1122570038  1929804
22.401845932  1921987
22.6925787926  1914082
22.9904708862  1909465
23.2835228443  1895286
23.5751709938  1892120
23.8565638065  1870362
24.159029007  1856040
24.4420518875  1848992
24.7301309109  1793464
25.0091969967  1788607
25.3081438541  1767744
25.6494719982  1765960
26.0069479942  1764858
26.3137359619  1751585
26.6149358749  1747215
26.9216778278  1745778
27.2277798653  1742064
27.5125567913  1740781
27.8155968189  1739282
28.1173448563  1729901
28.4258480072  1727222
28.7218568325  1711479
29.0095949173  1702332
29.3072729111  1699933
29.6094708443  1680669
29.9307219982  1655228
30.2247509956  1649843
30.5251758099  1609784
30.8356819153  1605849
31.1572809219  1569714
31.4660489559  1568562
31.8403248787  1531120
32.158839941  1507567
32.44566679  1501696
32.7564787865  1492115
33.0781588554  1486926
33.3972058296  1473287
33.7162928581  1455882
34.0234539509  1426244
34.3334269524  1351290
34.6478669643  1327929
34.962572813  1326275
35.3153657913  1326135
35.6853048801  1315478
36.0045969486  1311692
36.3133728504  1295926
36.6197738647  1295779
36.9297537804  1286674
37.2520349026  1267193
37.5678918362  1266305
37.8850398064  1253918
38.2014198303  1253121
38.5311927795  1252236
