0.00995802879333  11123387
0.010057926178  11016021
0.0102050304413  10840052
0.0102789402008  10404504
0.010351896286  10058178
0.0104930400848  9935041
0.0105669498444  9833737
0.0106408596039  9795083
0.0109279155731  9789596
0.0111408233643  9743694
0.011284828186  9591329
0.0114319324493  9484695
0.0117158889771  9483887
0.011785030365  9353191
0.0119819641113  9349131
0.0121159553528  9311162
0.0121839046478  9243496
0.0126428604126  9226637
0.0127110481262  9213003
0.0129089355469  9143021
0.0129778385162  9142546
0.0133709907532  9087795
0.0140838623047  9083000
0.0141520500183  9050477
0.0142199993134  8950219
0.0142879486084  8945581
0.0143558979034  8930809
0.0145528316498  8882858
0.0148799419403  8836088
0.0149478912354  8744792
0.0150158405304  8742723
0.0150828361511  8501985
0.0152149200439  8346287
0.0155429840088  8282926
0.0156788825989  8247708
0.016165971756  8242266
0.0162298679352  8235294
0.016294002533  8228947
0.0165400505066  8180143
0.0168449878693  8095902
0.0169088840485  8076924
0.0170948505402  7935746
0.0171580314636  7921714
0.017343044281  7835045
0.0174069404602  7776223
0.0177729129791  7763588
0.0178370475769  7746118
0.0180208683014  7745474
0.0184469223022  7644800
0.0188119411469  7586462
0.018935918808  7521053
0.0189998149872  7438488
0.0193660259247  7175334
0.0194289684296  7134712
0.0195529460907  7055043
0.0198578834534  6997123
0.0199780464172  6989246
0.0212099552155  6967413
0.0232229232788  6939357
0.0234899520874  6937932
0.0236778259277  6887961
0.0237429141998  6864225
0.024050951004  6853824
0.0241768360138  6669587
0.0248489379883  6565218
0.0250959396362  6557067
0.0256459712982  6534597
0.0271158218384  6525413
0.0273098945618  6516658
0.0274369716644  6488258
0.0278978347778  6484652
0.0284588336945  6469495
0.0285449028015  6447085
0.0286169052124  6435572
0.0289149284363  6342032
0.0300588607788  6334755
0.0311918258667  6321425
0.0315890312195  6298899
0.0318398475647  6171675
0.0322020053864  6140269
0.0329518318176  6133615
0.0330188274384  5990476
0.0346019268036  5980854
0.0347280502319  5952500
0.0354599952698  5949035
0.035523891449  5918583
0.036022901535  5911493
0.0364549160004  5892722
0.0367028713226  5866150
0.0367670059204  5859805
0.0372629165649  5855376
0.0374979972839  5780319
0.0390949249268  5780284
0.039764881134  5777865
0.0416219234467  5727135
0.0425639152527  5699301
0.0426559448242  5645635
0.0429248809814  5644631
0.0438890457153  5637259
0.0442199707031  5621491
0.0455060005188  5618424
0.0456938743591  5616000
0.047278881073  5567007
0.0475878715515  5547357
0.048614025116  5543452
0.049103975296  5421243
0.05020403862  5415053
0.0503969192505  5376898
0.0507049560547  5338522
0.0513198375702  5304233
0.0524189472198  5299656
0.052482843399  5276341
0.0527899265289  5269410
0.0543220043182  5268345
0.0549378395081  5245846
0.0553548336029  5208036
0.0568070411682  5202961
0.0571808815002  5179347
0.0576109886169  5178721
0.0586438179016  5178528
0.059376001358  5167918
0.0595619678497  5152786
0.0611250400543  5151071
0.0619628429413  5148527
0.0624408721924  5089023
0.0630350112915  5069317
0.0648980140686  5069281
0.0683720111847  5007327
0.0706579685211  4860396
0.0717370510101  4859303
0.0740098953247  4851742
0.0746879577637  4845913
0.075297832489  4845448
0.0756208896637  4845287
0.0765318870544  4802873
0.0791070461273  4721448
0.0793058872223  4611749
0.0799548625946  4607634
0.0824139118195  4605191
0.08274102211  4559469
0.0841009616852  4510222
0.0861618518829  4510110
0.0865888595581  4505575
0.0869739055634  4504814
0.089987039566  4494098
0.0947070121765  4481875
0.095235824585  4472203
0.0953049659729  4464919
0.0953729152679  4451593
0.0954430103302  4430405
0.0955109596252  4423586
0.097934961319  4358810
0.0997068881989  4358325
0.102145910263  4357667
0.102331876755  4357569
0.103670835495  4355153
0.104892015457  4342277
0.106227874756  4332525
0.106906890869  4328726
0.10817694664  4324637
0.109752893448  4323796
0.1107878685  4317866
0.11159992218  4307351
0.111747980118  4305933
0.112498044968  4304789
0.112860918045  4300910
0.113821029663  4296662
0.117578029633  4277090
0.118551015854  4276867
0.123865842819  4246014
0.124663829803  4232836
0.125115871429  4206244
0.125180959702  4191954
0.128396987915  4191953
0.128705978394  4165357
0.129075050354  4158893
0.129624843597  4115202
0.133893966675  4072361
0.135594844818  4042879
0.13898897171  4039709
0.139078855515  4035124
0.143121957779  4034969
0.143200874329  4028649
0.143972873688  4028022
0.144109010696  4022881
0.147037982941  4015683
0.14710688591  4001780
0.149878978729  3998552
0.151546001434  3996938
0.153461933136  3970964
0.153645992279  3966239
0.157519817352  3945540
0.163275957108  3945170
0.163341999054  3943109
0.166067838669  3941304
0.166137933731  3939641
0.167848825455  3938254
0.168949842453  3901701
0.169929027557  3901068
0.170727014542  3883589
0.173938035965  3882963
0.175232887268  3864808
0.179818868637  3845457
0.180372953415  3845296
0.181655883789  3836288
0.183043003082  3829433
0.183478832245  3823688
0.184819936752  3823507
0.185006856918  3808717
0.191658973694  3786765
0.193631887436  3751964
0.197945833206  3683895
0.199093818665  3674196
0.215836048126  3674128
0.225662946701  3673848
0.226768016815  3644446
0.233471870422  3639179
0.235532045364  3638219
0.237905025482  3632899
0.23868393898  3632457
0.241065979004  3631606
0.243837833405  3626140
0.246119976044  3614640
0.248265028  3614388
0.259730815887  3608441
0.261313915253  3607856
0.266263008118  3607294
0.26681303978  3581431
0.267976999283  3573774
0.276619911194  3555971
0.284258842468  3546614
0.286581993103  3544112
0.289464950562  3537455
0.295131921768  3533378
0.29870891571  3531832
0.299541950226  3530545
0.306058883667  3530433
0.315011024475  3510653
0.317088842392  3503660
0.317638874054  3500056
0.334336996078  3499485
0.337208986282  3494181
0.350829839706  3492847
0.354123830795  3486186
0.355558872223  3485304
0.367241859436  3484714
0.374158859253  3484138
0.377310037613  3481582
0.377774953842  3465835
0.3846180439  3447346
0.385174036026  3445589
0.385481834412  3445023
0.385730981827  3442057
0.386039972305  3441492
0.386225938797  3438469
0.389153957367  3438237
0.395270824432  3436499
0.402688980103  3426046
0.403794050217  3383454
0.404577970505  3377686
0.411144018173  3376621
0.429961919785  3375242
0.431757926941  3370938
0.432416915894  3367524
0.436928987503  3359886
0.440544843674  3357031
0.441012859344  3356536
0.445775032043  3343437
0.445840835571  3333488
0.452524900436  3331732
0.459786891937  3330869
0.460041046143  3330626
0.462703943253  3328846
0.475096940994  3328843
0.475301980972  3312716
0.479979991913  3312062
0.480413913727  3309438
0.480967998505  3309434
0.500232934952  3303163
0.502243041992  3274085
0.502619028091  3273146
0.504684925079  3273101
0.504954814911  3270424
0.508739948273  3266585
0.516518831253  3263080
0.516659975052  3261710
0.546870946884  3250711
0.550571918488  3216841
0.566269874573  3215737
0.583010911942  3215593
0.590205907822  3212516
0.602476835251  3201314
0.607815027237  3131471
0.608069896698  3126435
0.633471012115  3126155
0.637017011642  3122123
0.64506483078  3121472
0.65084695816  3116480
0.654857873917  3111609
0.660048007965  3111582
0.660372018814  3107248
0.666100025177  3106367
0.669378042221  3105790
0.669927835464  3105091
0.670234918594  3104862
0.670419931412  3102767
0.678501844406  3097123
0.700027942657  3095985
0.700168848038  3077115
0.702307939529  3073709
0.720733880997  3057310
0.727829933167  3053360
0.731854915619  3052686
0.733407020569  3033366
0.741550922394  3029081
0.747807979584  3028812
0.778168916702  3028734
0.784940004349  3021704
0.794672012329  3011792
0.815332889557  3007312
0.815403938293  2978628
0.831661939621  2977672
0.847299814224  2976554
0.860539913177  2976108
0.86140203476  2968207
0.870713949203  2967363
0.894805908203  2960710
0.895467996597  2958411
0.903012037277  2940460
0.912219047546  2934998
0.92071390152  2930801
0.922845840454  2928589
0.923100948334  2928535
0.927796840668  2919968
0.93026304245  2919686
0.932708978653  2916197
0.941301822662  2916101
0.946887016296  2902932
0.982415914536  2900409
0.982893943787  2898601
0.982959032059  2898488
0.989765882492  2894129
1.00185799599  2893028
1.00241494179  2891875
1.00911903381  2889208
1.01285004616  2888888
1.02537083626  2871325
1.03470897675  2832583
1.04816389084  2830971
1.05344295502  2826488
1.06608986855  2821575
1.10707187653  2820740
1.11097884178  2802013
1.12743782997  2801830
1.13944292068  2783194
1.14715194702  2774318
1.14984989166  2774291
1.18491983414  2753511
1.20026183128  2689979
1.2030608654  2689818
1.20447182655  2689164
1.21500396729  2688839
1.21574282646  2683597
1.22767782211  2667230
1.24993491173  2667224
1.25145888329  2667187
1.25990986824  2589849
1.26047182083  2588999
1.28665304184  2573621
1.2910900116  2573488
1.31850099564  2571585
1.32662701607  2564883
1.33460998535  2564620
1.34342885017  2564418
1.34531784058  2564191
1.36252999306  2560212
1.38580083847  2552960
1.38727092743  2550914
1.41008687019  2544900
1.41423082352  2542380
1.4210588932  2539878
1.42597484589  2538991
1.51173686981  2533350
1.52322483063  2532258
1.53066682816  2532098
1.54093384743  2531803
1.54155302048  2520467
1.55450892448  2519543
1.56947994232  2511238
1.57497382164  2508079
1.61189889908  2493593
1.6190829277  2471000
1.61970090866  2463658
1.67053985596  2463334
1.71650695801  2457496
1.75443887711  2452389
1.76394200325  2452219
1.7754278183  2434190
1.77994585037  2427699
1.81378793716  2420246
1.82603383064  2419514
1.82877087593  2419499
1.85879087448  2409804
1.89667987823  2406416
1.90127182007  2405259
1.9041390419  2404026
1.90487289429  2400611
1.91352295876  2395074
1.92970895767  2394005
1.9428229332  2392922
1.95403194427  2389865
1.95924592018  2388877
1.96434187889  2388166
1.98780989647  2370406
1.98791098595  2344852
1.99182796478  2343522
2.00221586227  2343037
2.00362181664  2341738
2.02155303955  2340476
2.02205491066  2339593
2.04250383377  2339583
2.07317590714  2338379
2.08729481697  2338304
2.10938382149  2337529
2.12092399597  2337257
2.12624692917  2337084
2.14433789253  2334889
2.14904785156  2334170
2.1580388546  2334124
2.24298882484  2334115
2.27454304695  2332631
2.30673384666  2331940
2.32300686836  2329057
2.35225391388  2328793
2.36491703987  2328752
2.39795184135  2319722
2.42861890793  2319309
2.4325799942  2319073
2.4475748539  2308801
2.54454398155  2303594
2.54703593254  2303017
2.55765795708  2299125
2.61541795731  2298950
2.67663788795  2298895
2.69105195999  2298547
2.71501588821  2298208
2.79911899567  2297601
2.87803983688  2297525
2.88548088074  2297327
2.9137070179  2292983
2.92040896416  2288927
2.95979905128  2288924
2.97528600693  2288349
3.15889596939  2288083
3.18617796898  2287674
3.21535086632  2287600
3.30849003792  2287523
3.37953186035  2286926
3.47211790085  2285253
3.53599500656  2281202
3.56457591057  2281194
3.57545804977  2281157
3.59107589722  2280783
3.85399389267  2278823
3.8858590126  2278795
3.91288590431  2278683
3.96153783798  2276560
3.99173998833  2276354
4.02909088135  2230172
4.09421086311  2229063
4.12886691093  2226311
4.68514490128  2226272
4.6926419735  2226142
4.8045129776  2225841
5.64656090736  2225092
5.73955988884  2224975
5.77170085907  2223269
5.79566001892  2221568
5.83822989464  2221450
5.9513258934  2220988
6.2839858532  2220717
6.59923887253  2220684
6.63366603851  2220363
6.76066589355  2220062
7.62748789787  2220024
8.26491594315  2219907
