0.00912308692932  9739990
0.00990509986877  9717576
0.0100660324097  9695259
0.010311126709  9693350
0.0105969905853  9626194
0.0110120773315  9618428
0.0118539333344  9617782
0.011971950531  9432952
0.0128519535065  9431590
0.0139060020447  9409777
0.0160939693451  9401650
0.0163021087646  9334231
0.0167319774628  9314894
0.0173740386963  9308306
0.017520904541  9299482
0.0177490711212  9290841
0.0178949832916  9289649
0.0186159610748  9137079
0.0195899009705  9129474
0.0197360515594  9017000
0.0206220149994  8985916
0.0213088989258  8820808
0.0223369598389  8801134
0.0246140956879  8780785
0.0247020721436  8779340
0.0283939838409  8771405
0.0287530422211  8771128
0.0290379524231  8733328
0.0295341014862  8633180
0.0296640396118  8608134
0.0303409099579  8606853
0.0304319858551  8588753
0.0305659770966  8440072
0.030748128891  8417577
0.0310099124908  8404221
0.0310969352722  8338149
0.0315709114075  8335098
0.0323729515076  8332358
0.032970905304  8320532
0.0335559844971  8279488
0.0341849327087  8262612
0.0349500179291  8241895
0.0359148979187  8241462
0.0359981060028  8031900
0.0362150669098  7999211
0.0372381210327  7925165
0.0409140586853  7910582
0.0410189628601  7901477
0.0470089912415  7897878
0.0471019744873  7895278
0.0474009513855  7843843
0.047523021698  7707362
0.0479791164398  7623286
0.0531079769135  7619730
0.0592060089111  7591255
0.065850019455  7583221
0.0748090744019  7579946
0.0750150680542  7576962
0.0750911235809  7576858
0.0752100944519  7567357
0.0805189609528  7548272
0.0854361057281  7547720
0.0903480052948  7547324
0.116588115692  7492803
0.116828918457  7492764
0.127017021179  7490546
0.132363080978  7488112
0.137409925461  7348157
0.14302110672  7347551
0.148123025894  7304345
0.15330696106  7239476
0.158544063568  7117533
0.166206121445  7076021
0.178126096725  7075247
0.189053058624  7066492
0.199841022491  7054403
0.21106004715  7023787
0.230458974838  6887145
0.250066041946  6798200
0.271002054214  6782891
0.290892124176  6684022
0.315721988678  6658215
0.340380907059  6636181
0.361424922943  6634766
0.381526947021  6619058
0.404644966125  6607574
0.43199300766  6596929
0.452126026154  6596916
0.472887992859  6574861
0.497647047043  6524226
0.51851606369  6504339
0.541093111038  6482997
0.560543060303  6453526
0.581007003784  6338752
0.601443052292  6310834
0.621366024017  6265875
0.64284992218  6254025
0.668038129807  6246714
0.693542003632  6198047
0.720987081528  6164731
0.74834394455  6164286
0.772749900818  6163069
0.798631906509  6123703
0.823045015335  6123385
0.850327014923  6118589
0.877494096756  6014677
0.904362916946  5977101
0.929666042328  5927439
0.939597129822  5926513
0.954140901566  5926373
0.978372097015  5919720
0.98906493187  5911798
0.999169111252  5911174
1.02402591705  5822392
1.04912400246  5788458
1.07421207428  5769383
1.10254812241  5767369
1.127794981  5743652
1.13790106773  5742726
1.15269207954  5742586
1.17930912971  5714711
1.18976902962  5706435
1.20142292976  5705811
1.22588300705  5568974
1.25194096565  5561155
1.27740907669  5553805
1.30198502541  5553572
1.33032202721  5538947
1.35892009735  5473802
1.38867306709  5466276
1.4329791069  5461357
1.46870613098  5460099
1.51128911972  5283449
1.54539299011  5281071
1.58872509003  5280724
1.63271212578  5280460
1.67495703697  5276248
1.72188997269  5275363
1.78640794754  5231731
1.85423398018  5164198
1.92580890656  5163896
1.99027705193  5127047
2.0547440052  5068218
2.1199760437  5043738
2.18488097191  4981556
2.25406599045  4978279
2.31803798676  4978189
2.3827559948  4939004
2.4543299675  4896210
2.4879629612  4896055
2.52315211296  4895579
2.55794000626  4895105
2.62485790253  4882062
2.69282793999  4857734
2.76055002213  4854407
2.82960510254  4754162
2.89439511299  4741545
2.96518301964  4717101
3.03163409233  4714482
3.09905004501  4713863
3.13263297081  4712401
3.17522406578  4711482
3.232681036  4708149
3.30416989326  4608199
3.36870002747  4562003
3.40486097336  4559810
3.43791103363  4559334
3.47235012054  4558860
3.53963398933  4554508
3.60801506042  4518842
3.67222905159  4472096
3.73670911789  4412066
3.77008891106  4411626
3.8206589222  4410735
3.87600898743  4407668
3.94913506508  4366601
4.01656508446  4366119
4.0806119442  4353892
4.11443209648  4353748
4.14846491814  4353272
4.18282604218  4352798
4.24992895126  4285081
4.32033610344  4280857
4.38462710381  4242809
4.45761489868  4213248
4.52191400528  4195728
4.58594608307  4195667
4.6513030529  4173595
4.71689510345  4099990
4.75023412704  4097878
4.79245710373  4096954
4.85615706444  4093526
4.92481803894  4089082
4.99209189415  4073344
5.055768013  3982105
