0.0309998989105  10046195
0.0319998264313  10041442
0.0319998264313  10000697
0.0319998264313  9921707
0.0329999923706  9918612
0.0329999923706  9799273
0.0339999198914  9793644
0.0339999198914  9763485
0.0339999198914  9758459
0.0349998474121  9744748
0.0360000133514  9740169
0.0360000133514  9689610
0.0379998683929  9684917
0.0409998893738  9681415
0.0409998893738  9616349
0.0409998893738  9612122
0.0409998893738  9608592
0.0409998893738  9590764
0.0409998893738  9562615
0.0420000553131  9553943
0.0420000553131  9553113
0.0429999828339  9552458
0.0429999828339  9543989
0.0429999828339  9538735
0.0429999828339  9526552
0.0439999103546  9523019
0.0460000038147  9521990
0.0490000247955  9521604
0.0490000247955  9520203
0.0499999523163  9510956
0.050999879837  9509729
0.050999879837  9501240
0.0520000457764  9495565
0.0520000457764  9495004
0.0529999732971  9494770
0.0529999732971  9494216
0.0539999008179  9477974
0.0579998493195  9474785
0.0579998493195  9470630
0.0579998493195  9469016
0.0590000152588  9467263
0.0599999427795  9465442
0.0599999427795  9378884
0.0599999427795  9376066
0.0609998703003  9366108
0.0609998703003  9272381
0.0620000362396  9210137
0.0620000362396  9209022
0.0620000362396  9205529
0.0620000362396  9199152
0.0620000362396  9185895
0.0629999637604  9185732
0.0629999637604  9089776
0.0629999637604  9078454
0.0629999637604  8920729
0.0629999637604  8916903
0.0639998912811  8864576
0.0649998188019  8860142
0.066999912262  8858166
0.066999912262  8848762
0.0679998397827  8846926
0.0679998397827  8829704
0.0729999542236  8829119
0.0899999141693  8821229
0.103999853134  8815666
0.116999864578  8813732
0.131000041962  8691863
0.144999980927  8686336
0.161000013351  8685104
0.174000024796  8494345
0.18799996376  8493727
0.200999975204  8481498
0.214999914169  8433673
0.227999925613  8392217
0.240999937057  8373084
0.254999876022  8194676
0.267999887466  8192959
0.281999826431  8182884
0.297999858856  8103930
0.31200003624  8094942
0.325000047684  8078170
0.338999986649  7978687
0.353999853134  7824517
0.368000030518  7824454
0.381000041962  7758790
0.395999908447  7754894
0.408999919891  7753640
0.421999931335  7747303
0.4359998703  7739993
0.450000047684  7739977
0.462999820709  7737985
0.478999853134  7733584
0.494999885559  7726650
0.508999824524  7696558
0.524999856949  7681882
0.524999856949  7681865
0.524999856949  7681817
0.529000043869  7679616
0.529000043869  7639721
0.532999992371  7635278
0.532999992371  7622086
0.536000013351  7617913
0.536000013351  7617564
0.537999868393  7616713
0.540999889374  7612311
0.547999858856  7609329
0.554999828339  7608595
0.559000015259  7605890
0.567999839783  7605097
0.576999902725  7600849
0.582000017166  7540115
0.585999965668  7539529
0.59099984169  7538686
0.595999956131  7536511
0.615000009537  7530416
0.631999969482  7529883
0.649999856949  7375887
0.667000055313  7355784
0.68499994278  7352138
0.702999830246  7351876
0.720999956131  7351140
0.743000030518  7343971
0.766000032425  7343640
0.787999868393  7343022
0.809000015259  7341025
0.832000017166  7340519
0.852999925613  7340066
0.888000011444  7339852
0.924000024796  7337119
0.958999872208  7335327
0.993000030518  7334274
1.02699995041  7328164
1.08399987221  7327516
1.11899995804  7327174
1.1369998455  7326939
1.15400004387  7326732
1.20000004768  7326614
1.24699997902  7326024
1.28199982643  7325686
1.33399987221  7259094
1.38399982452  7258947
1.43799996376  7253289
1.50199985504  7249964
1.56799983978  7248640
1.63499999046  7217622
1.63999986649  7217351
1.64499998093  7217280
1.64899992943  7217239
1.65400004387  7216008
1.68400001526  7215710
1.69299983978  7215639
1.70599985123  7214026
1.7389998436  7213855
1.74300003052  7212690
1.74300003052  7200144
1.74699997902  7194987
1.74699997902  7194163
1.74699997902  7191894
1.75099992752  7190865
1.75600004196  7168890
1.76099991798  7137711
1.76799988747  7134881
1.77499985695  7115879
1.77900004387  6936905
1.78399991989  6925185
1.78799986839  6872579
1.79600000381  6871368
1.80399990082  6871220
1.81200003624  6866699
1.82099986076  6864876
1.82500004768  6861964
1.83799982071  6861860
1.87299990654  6861823
1.90400004387  6816307
1.93400001526  6747979
1.95599985123  6747676
1.9849998951  6746610
2.00199985504  6745306
2.01499986649  6685170
2.02900004387  6684753
2.04200005531  6669549
2.05599999428  6659629
2.06999993324  6659348
2.08299994469  6655053
2.09699988365  6653643
2.1099998951  6648222
2.12599992752  6645207
2.13899993896  6626307
2.15199995041  6574200
2.16599988937  6564070
2.18400001526  6562782
2.20899987221  6562721
2.2349998951  6562639
2.25199985504  6562466
2.26900005341  6411929
2.28699994087  6345831
2.30499982834  6342878
2.32299995422  6279667
2.33999991417  6246767
2.36099982262  6242765
2.3789999485  6230950
2.39999985695  6213756
2.42499995232  6184412
2.44799995422  6183935
2.47699999809  6175577
2.50099992752  6175233
2.52999997139  6167898
2.55200004578  6153470
2.57399988174  6146317
2.59699988365  6129603
2.61999988556  6124236
2.64199995995  6119953
2.66599988937  6117617
2.68799996376  6111624
2.71099996567  6089813
2.7349998951  6075975
2.76300001144  6045618
2.80200004578  5953354
2.83200001717  5944669
2.86199998856  5944395
2.89199995995  5820490
2.92199993134  5813644
2.95399999619  5785521
2.9849998951  5778953
3.01499986649  5777166
3.04699993134  5765762
3.0649998188  5764411
3.07799983025  5763413
3.09099984169  5762635
3.1210000515  5675728
3.13499999046  5674068
3.14800000191  5672945
3.1779999733  5662257
3.19599986076  5660313
3.20899987221  5659315
3.22199988365  5658537
3.25199985504  5615237
3.26600003242  5599651
3.27900004387  5598528
3.30999994278  5584202
3.34200000763  5582530
3.37199997902  5581151
3.38999986649  5577317
3.40299987793  5576319
3.41599988937  5575541
3.45000004768  5558868
3.48300004005  5558855
3.51699995995  5365367
3.55499982834  5128534
3.59599995613  5127245
3.62599992752  5122154
3.63999986649  5108095
3.65299987793  5106972
3.68799996376  5104666
3.72300004959  5054661
3.75899982452  5025995
3.79399991035  5024152
3.82899999619  4973105
3.86299991608  4964644
3.89800000191  4930070
3.93299984932  4928737
3.96700000763  4755372
4.00199985504  4731076
4.03600001335  4730499
4.0720000267  4726634
4.1210000515  4722573
4.16899991035  4715258
4.20299983025  4715128
4.25  4691871
4.31599998474  4690391
4.382999897  4626262
4.44899988174  4625109
4.51600003242  4622045
4.58200001717  4621520
4.64899992943  4606703
4.71799993515  4538616
4.78600001335  4533131
4.84800004959  4519302
4.91899991035  4518204
4.96599984169  4515463
5.00199985504  4511598
5.05200004578  4511586
5.08599996567  4511435
5.1210000515  4510184
5.15499997139  4488864
5.18899989128  4482967
5.22399997711  4477454
5.2539999485  4475782
5.28499984741  4469130
5.31799983978  4464570
5.35199999809  4464072
5.41999983788  4463655
5.49099993706  4458513
5.56200003624  4332863
5.63499999046  4327512
5.70199990273  4316208
5.77199983597  4306112
5.84099984169  4305857
5.91799998283  4300805
5.99399995804  4299335
6.06900000572  4282778
6.14299988747  4247163
6.21899986267  4236475
6.29399991035  4223361
6.36800003052  4212899
6.44099998474  4174259
6.51600003242  4155964
6.59299993515  4149326
6.65899991989  4149178
6.7349998951  4142492
6.80099987984  4132659
6.87800002098  4106012
6.95700001717  4098607
7.04299998283  4090267
7.12699985504  4069770
7.21299982071  4058833
7.29699993134  4051535
7.38199996948  4045551
7.46599984169  3967342
7.55099987984  3965894
7.63499999046  3930527
7.72099995613  3890663
7.80499982834  3861048
7.90400004387  3778788
8.0039999485  3745179
8.09699988365  3741091
8.18700003624  3689307
8.27600002289  3676170
8.36999988556  3670407
8.46099996567  3659415
8.54999995232  3598189
8.64299988747  3594365
8.7349998951  3549773
8.82699990273  3527125
8.91899991035  3501412
9.01399993896  3494461
9.10599994659  3451693
9.2009999752  3439796
9.29499983788  3429755
9.39699983597  3379744
9.50499987602  3368942
9.61899995804  3324489
9.73599982262  3299675
9.85099983215  3299326
9.96499991417  3296865
10.0779998302  3267007
10.1919999123  3266054
10.3129999638  3264884
10.4340000153  3233999
10.5579998493  3231118
10.6879999638  3212079
10.8250000477  3206652
10.9679999352  3199684
11.1129999161  3121885
11.2479999065  3111772
11.3949999809  3103164
11.5329999924  3102788
11.6770000458  3035474
11.8139998913  3030416
11.9489998817  3029045
12.0950000286  2992738
12.2300000191  2988597
12.3699998856  2988334
12.513999939  2961871
12.6510000229  2958932
12.7879998684  2957561
12.9309999943  2951189
13.0669999123  2950538
13.2089998722  2950162
13.3580000401  2911749
13.4529998302  2907432
13.4979999065  2907389
13.5369999409  2898121
13.5820000172  2878819
13.7170000076  2878220
13.8359999657  2876779
13.9830000401  2844382
14.135999918  2816270
14.251999855  2812327
14.381000042  2792238
14.5460000038  2776646
14.6989998817  2751821
14.8499999046  2654128
15.003000021  2632586
15.1599998474  2551225
15.3179998398  2541778
15.4789998531  2541317
15.6499998569  2532285
15.8279998302  2453356
15.9930000305  2445852
16.1559998989  2442465
16.3149998188  2351816
16.4769999981  2298973
16.6349999905  2294370
16.7920000553  2293548
16.9470000267  2279215
17.1039998531  2279111
17.254999876  2270841
17.4059998989  2269551
17.5609998703  2267216
17.7129998207  2264131
17.8699998856  2256793
18.0269999504  2250642
18.1829998493  2250460
18.3409998417  2240139
18.4979999065  2226363
18.6510000229  2224361
18.8090000153  2223883
18.9629998207  2220997
19.118999958  2208633
19.2769999504  2202733
19.4289999008  2199961
19.5829999447  2178794
19.746999979  2053018
19.9140000343  2040026
20.0779998302  1994852
20.243999958  1983515
20.4110000134  1974593
20.5750000477  1953022
20.7489998341  1921641
20.9279999733  1907888
21.0939998627  1903660
21.257999897  1895671
21.4210000038  1886112
21.5920000076  1884641
21.7849998474  1863242
22.013999939  1860486
22.1870000362  1798001
22.3559999466  1773045
22.5239999294  1771903
22.6929998398  1765770
22.8629999161  1752593
23.0329999924  1752118
23.2059998512  1742740
23.3899998665  1737897
23.5669999123  1737709
23.7409999371  1737235
23.9309999943  1709995
24.1199998856  1700152
24.3079998493  1676062
24.4960000515  1634640
24.6840000153  1626775
24.8729999065  1601095
25.0599999428  1580949
25.2479999065  1556960
25.4399998188  1555561
25.628000021  1532697
25.8190000057  1514128
26.0089998245  1513319
26.1970000267  1510243
26.388999939  1510002
26.5759999752  1492405
26.7679998875  1468781
26.9570000172  1441992
27.1449999809  1407994
27.3339998722  1396439
27.5230000019  1388053
27.7139999866  1368468
27.9049999714  1350717
28.0929999352  1349543
28.2839999199  1346992
28.4749999046  1331833
28.6670000553  1331209
28.8629999161  1327018
29.0599999428  1311657
29.2669999599  1305489
29.4619998932  1301197
29.6499998569  1300960
29.8459999561  1300705
30.0360000134  1300309
30.246999979  1292862
30.4559998512  1277607
30.6640000343  1273193
30.875  1243787
31.0839998722  1237916
31.2979998589  1237175
31.5169999599  1236999
31.7339999676  1233411
31.9559998512  1232200
32.1729998589  1228186
32.3940000534  1214151
32.6239998341  1211805
32.8589999676  1211507
32.871999979  1211436
32.8899998665  1210290
62.5319998264  1209873
62.763999939  1206008
63.0039999485  1205881
63.2409999371  1205400
304.888000011  1199050
305.126999855  1197944
