0.0142600536346  10422204
0.0144560337067  10351313
0.014946937561  10213542
0.0151109695435  10208585
0.0154440402985  10170053
0.0163071155548  9999934
0.0174779891968  9902863
0.0175650119781  9850456
0.0179340839386  9815567
0.0180220603943  9806690
0.0187201499939  9707057
0.0195939540863  9610607
0.0196740627289  9606999
0.0197989940643  9532242
0.0200481414795  9502630
0.0201251506805  9490649
0.0210399627686  9458571
0.0211191177368  9444974
0.0227029323578  9384174
0.0229279994965  9260944
0.0239970684052  9224905
0.0244131088257  9223781
0.0260980129242  9203840
0.026200056076  9160977
0.0275120735168  9139955
0.0276801586151  9093809
0.0279800891876  9093076
0.0284559726715  9059496
0.0290160179138  9001883
0.0298409461975  8996531
0.0299241542816  8996016
0.0300459861755  8921685
0.0302550792694  8914850
0.0305111408234  8901963
0.0321371555328  8806693
0.0322999954224  8717314
0.0324211120605  8714957
0.0342290401459  8617208
0.0343539714813  8615138
0.0344300270081  8589698
0.0346369743347  8584926
0.0364890098572  8551395
0.0365669727325  8546625
0.0384290218353  8449773
0.0413060188293  8421070
0.0416979789734  8387588
0.0417850017548  8376108
0.0419139862061  8333622
0.0419950485229  8277702
0.0434060096741  8275884
0.0445151329041  8158725
0.0445940494537  8080351
0.0447161197662  8000474
0.045058965683  7953397
0.0452270507812  7940582
0.0454821586609  7940400
0.0478811264038  7889595
0.0480060577393  7813107
0.0508670806885  7781306
0.0511701107025  7681481
0.0537619590759  7590020
0.0538430213928  7466159
0.0563819408417  7446915
0.0567240715027  7428699
0.0572381019592  7428544
0.0624570846558  7422180
0.0643999576569  7416949
0.0644891262054  7386833
0.0646669864655  7350491
0.0648939609528  7334739
0.064975976944  7316687
0.0652890205383  7275303
0.0656521320343  7259661
0.0661470890045  7206321
0.06623005867  7170417
0.0673940181732  7163590
0.0683960914612  7136437
0.0689480304718  7104725
0.0690679550171  7019619
0.0703821182251  7007990
0.0706310272217  7007381
0.072319984436  6937110
0.0766880512238  6927032
0.0794229507446  6915686
0.0795040130615  6911282
0.079626083374  6808332
0.0824320316315  6781810
0.0827679634094  6748207
0.0830609798431  6742565
0.0860071182251  6696375
0.0860850811005  6647683
0.0862491130829  6584802
0.0893280506134  6562436
0.0894050598145  6560083
0.0897850990295  6522924
0.0900800228119  6513288
0.0966539382935  6494795
0.0968549251556  6398600
0.100800991058  6383452
0.101156949997  6372771
0.101453065872  6365941
0.104759931564  6314867
0.104840040207  6307758
0.105004072189  6274772
0.109535932541  6261510
0.110029935837  6138469
0.110352993011  6128581
0.114117145538  6080841
0.114247083664  6079684
0.114413022995  6079501
0.117990016937  6067351
0.118328094482  5966438
0.118623971939  5956830
0.123207092285  5864210
0.123296976089  5808612
0.123502969742  5807235
0.123996973038  5698185
0.131025075912  5663760
0.131349086761  5655081
0.131600141525  5654096
0.135710954666  5559182
0.135796070099  5536156
0.13604593277  5515972
0.14032292366  5481071
0.140465021133  5476704
0.146239995956  5472549
0.146330118179  5361613
0.151272058487  5346894
0.151359081268  5340679
0.151567935944  5339168
0.153150081635  5295105
0.15322804451  5222326
0.153348922729  5211663
0.153515100479  5122180
0.154767036438  5093623
0.15610408783  5078966
0.156182050705  5046200
0.15710401535  5034954
0.157763004303  5017019
0.157843112946  5007992
0.159585952759  4973459
0.160656929016  4960619
0.160810947418  4960332
0.161546945572  4945388
0.167712926865  4911542
0.167813062668  4897062
0.167953014374  4877520
0.16814494133  4769509
0.168434143066  4740404
0.17344212532  4715033
0.174149990082  4693558
0.174976110458  4683271
0.181411981583  4673132
0.186717033386  4673052
0.197809934616  4672412
0.215548992157  4671847
0.235947132111  4671375
0.285555124283  4650976
0.335773944855  4599482
0.388767957687  4579501
0.438239097595  4546901
0.486706972122  4544161
0.543218135834  4543230
0.596615076065  4530826
0.64474105835  4510353
0.695713996887  4462267
0.746531009674  4408662
0.797712087631  4385038
0.847970962524  4384741
0.901932954788  4359012
0.955121994019  4350876
1.01253008842  4349009
1.06527805328  4339966
1.11623501778  4331127
1.17970609665  4326085
1.241533041  4323567
1.29502511024  4323185
1.36181712151  4321597
1.42995810509  4318894
1.49873805046  4246054
1.54963994026  4243252
1.60472893715  4238938
1.66747808456  4238087
1.71857905388  4219652
1.77318906784  4219054
1.8367459774  4192189
1.92313909531  4192085
2.01754307747  4191369
2.10632109642  4184267
2.21545815468  4180455
2.31668996811  4131082
2.37089705467  4127815
2.42904210091  4127578
2.48698711395  4127323
2.54951810837  4126927
2.68698596954  4118845
2.82100605965  4114557
2.97152996063  4101246
3.13148903847  4087406
3.29341006279  4067193
3.45151114464  4059876
3.6120891571  4047957
3.76386809349  4038575
3.92129993439  3957736
4.0836379528  3952650
4.2474899292  3947318
4.41334414482  3918506
4.58000802994  3910911
4.7557759285  3910777
4.93378901482  3883701
5.15650510788  3846025
5.37306404114  3843725
5.54198408127  3790165
5.70983409882  3772298
5.88032007217  3771518
6.0513241291  3761275
6.21753811836  3759131
6.41032314301  3681396
6.59070801735  3656797
6.75225615501  3652151
6.93483614922  3610162
7.10027694702  3600312
7.26885604858  3578286
7.45140004158  3563595
7.61121106148  3556000
7.79458594322  3555148
7.97615504265  3535304
8.1582069397  3528440
8.32015395164  3512177
8.48350906372  3506772
8.65519404411  3495978
8.82328414917  3430657
8.99565815926  3414068
9.17306399345  3349208
9.33541107178  3333442
9.50603103638  3327544
9.67777109146  3319796
9.85152101517  3307949
10.0276350975  3296230
10.2350800037  3294456
10.4334180355  3260291
10.6025340557  3235664
10.7674460411  3234670
10.9474639893  3217746
11.1189119816  3201813
11.2888090611  3176952
11.4639611244  3152519
11.6388850212  3146504
11.8145129681  3144078
12.0044291019  3142491
12.1881570816  3134083
12.3579790592  3128268
12.5428619385  3127906
12.7036221027  3125186
12.8716239929  3124448
13.0616829395  3118357
13.2478749752  3100435
13.4429209232  3094339
13.6402621269  3081294
13.835807085  3064429
14.034774065  3058928
14.2266900539  3044889
14.4230980873  3022864
14.5993051529  3016415
14.7896440029  2995742
14.9927201271  2982559
15.1942710876  2977806
15.383190155  2961649
15.5686421394  2951766
15.7611739635  2945388
15.9542729855  2930351
16.1569731236  2883602
16.4091410637  2879674
16.6522960663  2878085
16.8482100964  2874257
17.0530459881  2840011
17.243170023  2828735
17.4418931007  2824211
17.6356041431  2788238
17.8281490803  2785383
18.0296590328  2782848
18.2266349792  2759355
18.4246280193  2756924
18.6351261139  2752119
18.8392400742  2742604
19.0410909653  2725591
19.2491359711  2716040
19.4791750908  2713202
19.7846751213  2704610
20.0506191254  2699639
20.2957129478  2676343
20.6116220951  2672438
20.9554259777  2668233
21.1845009327  2667043
21.4135940075  2658171
21.8833110332  2643938
22.1209599972  2553797
22.3833200932  2551958
22.6856081486  2550543
22.9526369572  2535397
23.1911039352  2507832
23.6318869591  2505293
23.9785740376  2503937
24.283878088  2495971
24.5558869839  2495730
24.8328850269  2495572
25.1187770367  2494871
25.4365530014  2486872
25.6860830784  2485706
25.9351689816  2478328
26.171749115  2477554
26.6256990433  2476275
27.0448000431  2472553
27.4736690521  2471335
27.8378260136  2469379
28.1843590736  2468072
28.4735250473  2467388
28.7565670013  2465018
28.9816570282  2464611
29.2205619812  2457327
29.4563119411  2455924
29.6982469559  2455683
29.96550107  2455136
30.2021009922  2453737
30.4348740578  2453155
30.681843996  2453133
30.9524321556  2451212
31.2187559605  2450563
31.4695119858  2444277
31.7874910831  2443906
32.0173830986  2442409
32.2547800541  2441757
32.4840049744  2439522
32.7351620197  2438706
32.9723880291  2438702
33.2107181549  2438544
33.4670710564  2436325
33.7124631405  2435744
33.9661960602  2434884
34.2196779251  2433341
34.4755859375  2433339
34.7191951275  2432879
34.9536731243  2431477
35.1734960079  2431473
35.4108319283  2431315
35.6480169296  2421059
35.873404026  2419813
36.0902900696  2418375
36.3438150883  2417301
36.5987391472  2414912
36.835267067  2412671
37.0657119751  2412177
37.3058991432  2400839
37.5494890213  2400311
37.7894351482  2398352
38.0327479839  2396791
38.2722039223  2396735
38.511521101  2396304
38.7447080612  2395560
38.991339922  2395210
39.238505125  2394051
39.5016829967  2393575
39.7474241257  2388569
39.9947371483  2385932
40.2276489735  2374193
40.4685609341  2373410
40.7237050533  2373112
40.9792830944  2371243
41.2196190357  2370344
41.4682729244  2366400
41.7222089767  2358228
41.9778449535  2352168
42.2584991455  2342814
42.5829110146  2337130
42.8291070461  2336218
43.0841829777  2260532
43.3258180618  2260327
43.6138279438  2252993
43.8718659878  2225000
44.124694109  2224184
44.3800730705  2199080
44.6197650433  2198237
44.8636300564  2197899
45.0976340771  2197451
45.3486750126  2191354
45.6072170734  2190372
45.8809559345  2189152
46.1707570553  2185461
46.4727599621  2174674
46.7685239315  2170716
47.0225410461  2167877
47.2804510593  2138076
47.5311739445  2137440
47.8300220966  2124256
48.139977932  2105187
48.4384069443  2093183
48.7344310284  2023026
49.0273520947  2019630
49.3440129757  2012448
49.6475551128  2006607
49.9612219334  1992631
50.259155035  1956082
50.5615561008  1915226
50.8701341152  1899366
51.1582610607  1892981
51.4440350533  1879339
51.7347209454  1812946
52.058079958  1802305
52.4018499851  1788007
52.6924660206  1781444
52.8957891464  1779633
53.0915229321  1774062
53.3741359711  1773938
53.6547050476  1770130
53.9252359867  1751924
54.2042570114  1735330
54.4889879227  1724488
54.770827055  1712591
55.0417120457  1706651
55.3225560188  1698468
55.6268341541  1694833
55.9363620281  1666528
56.2301020622  1618409
56.5208280087  1613925
56.7990510464  1607540
57.0769450665  1605181
57.351514101  1604720
57.6223509312  1573562
57.9255070686  1562742
58.2305431366  1536321
58.5414099693  1509468
58.8226511478  1505873
59.1111769676  1498365
59.4228839874  1485749
59.7299571037  1484389
60.0447571278  1474561
60.0494329929  1474242
60.0639081001  1469939
60.0738680363  1468085
60.0827009678  1388269
60.0927269459  1355834
60.1072249413  1338445
60.1073131561  1337488
60.1184489727  1317826
60.1477930546  1313418
60.1859390736  1308424
60.2399070263  1301385
60.3417949677  1297055
60.4573190212  1296851
60.5620379448  1296079
60.6726090908  1295684
60.7893569469  1279560
