0.0109131336212  9875467
0.0116181373596  9737094
0.011931180954  9615930
0.0120630264282  9519758
0.0123090744019  9438851
0.0123732089996  9385500
0.0124981403351  9243516
0.01256108284  9238011
0.0126240253448  9236854
0.0128672122955  9083009
0.01305103302  8938080
0.0132350921631  8834421
0.013298034668  8573491
0.0134220123291  8545872
0.0136661529541  8481254
0.0137300491333  8188015
0.0139729976654  8110668
0.0149970054626  8106919
0.0150611400604  8031961
0.0152451992035  7944177
0.015429019928  7941917
0.0155520439148  7887344
0.0156760215759  7875838
0.01580119133  7870725
0.0159890651703  7741891
0.0160531997681  7698985
0.0161781311035  7696129
0.0163021087646  7661506
0.0163660049438  7642596
0.0166101455688  7549840
0.016674041748  7547723
0.0168590545654  7425457
0.0169219970703  7398656
0.0169861316681  7376864
0.0179541110992  7271955
0.0185589790344  7263424
0.0189230442047  7211744
0.0189859867096  7202634
0.0191090106964  7202379
0.0191731452942  7200545
0.0194170475006  7079763
0.0198421478271  7075249
0.019905090332  7046265
0.0200891494751  7017198
0.0202140808105  7015480
0.0205781459808  7002110
0.0207011699677  7001027
0.0207641124725  6884628
0.0208880901337  6756807
0.0224931240082  6752836
0.0247941017151  6710278
0.0262620449066  6643652
0.0268850326538  6596448
0.0274350643158  6592375
0.0276820659637  6585796
0.0282280445099  6542228
0.0293791294098  6540980
0.0298972129822  6513843
0.0303480625153  6456811
0.0307681560516  6455107
0.0309021472931  6396369
0.0311410427094  6329511
0.0321390628815  6295676
0.032329082489  6252108
0.0330450534821  6190319
0.0333580970764  6180263
0.03533411026  6120526
0.035649061203  6119581
0.0357151031494  6077669
0.0358409881592  5873457
0.0363290309906  5861420
0.036877155304  5861055
0.0371232032776  5860851
0.0373702049255  5857231
0.0377399921417  5795717
0.0381741523743  5795537
0.0406110286713  5790635
0.0426449775696  5771838
0.0429010391235  5764357
0.0433330535889  5735643
0.0437672138214  5734538
0.0438330173492  5603375
0.0440211296082  5581803
0.0449681282043  5579439
0.0450780391693  5564880
0.0457301139832  5559910
0.0458331108093  5553239
0.0470631122589  5527595
0.0474920272827  5522388
0.0480980873108  5499173
0.0482850074768  5496833
0.0503311157227  5481542
0.050938129425  5472124
0.0523262023926  5468696
0.0529930591583  5461408
0.0532381534576  5460169
0.0550010204315  5454663
0.057590007782  5401989
0.0595750808716  5386114
0.061506986618  5346652
0.0618731975555  5321718
0.0641450881958  5312607
0.0649809837341  5301478
0.0654561519623  5276154
0.0681121349335  5275261
0.0688080787659  5274089
0.0688810348511  5154566
0.0692291259766  5149013
0.0706150531769  5139213
0.0706870555878  5119533
0.0714471340179  5022049
0.072142124176  5014183
0.0726840496063  5000363
0.0737011432648  4998497
0.0738542079926  4977818
0.0745301246643  4972427
0.0753350257874  4971654
0.0764400959015  4969502
0.0786480903625  4965251
0.0789561271667  4948393
0.0790810585022  4890513
0.0801060199738  4876607
0.0805330276489  4871274
0.0809590816498  4850721
0.0817821025848  4850542
0.0835590362549  4826523
0.0857391357422  4801258
0.0871870517731  4767655
0.0885190963745  4750539
0.0934751033783  4733581
0.0935461521149  4679727
0.0948691368103  4671251
0.0964360237122  4659225
0.0983040332794  4650336
0.100226163864  4630531
0.102154016495  4596462
0.102517127991  4542888
0.102703094482  4542738
0.102766036987  4537811
0.103549003601  4534640
0.10836315155  4504029
0.108748197556  4503910
0.108873128891  4502214
0.109241008759  4487297
0.109304189682  4486140
0.109788179398  4477671
0.112208127975  4475086
0.112452983856  4399696
0.113097190857  4383102
0.113799095154  4381339
0.113941192627  4373314
0.114914178848  4278759
0.120403051376  4276277
0.122395992279  4274376
0.12268614769  4271920
0.123956203461  4270782
0.124041080475  4247671
0.129973173141  4247422
0.130587100983  4220161
0.131379127502  4215612
0.132348060608  4214459
0.133558034897  4184150
0.134766101837  4171182
0.135194063187  4123146
0.137970209122  4103916
0.13888001442  4103909
0.140802145004  4101050
0.141280174255  4098723
0.143374204636  4090453
0.143501996994  4088640
0.1439909935  4084235
0.14429807663  4084063
0.150524139404  4079776
0.153344154358  4075083
0.156455993652  4072220
0.160076141357  4071553
0.163000106812  4070047
0.163914203644  4068404
0.165616035461  4067096
0.167373180389  4060783
0.170387029648  3979130
0.173035144806  3966741
0.180462121964  3965981
0.182898044586  3960907
0.18768119812  3892549
0.193160057068  3890314
0.197043180466  3855352
0.197736978531  3848555
0.198417186737  3848553
0.198786020279  3848164
0.199757099152  3845390
0.200613021851  3845275
0.20097899437  3842418
0.203698158264  3839222
0.206494092941  3769233
0.208914041519  3764436
0.209950208664  3745613
0.210561990738  3745599
0.210988998413  3734701
0.213829040527  3734226
0.214015007019  3669910
0.215292215347  3669152
0.230281114578  3666443
0.231319189072  3664601
0.239151000977  3651138
0.242591142654  3650131
0.243210077286  3635290
0.245103120804  3625310
0.246865034103  3624493
0.253463029861  3614874
0.253602027893  3614094
0.257249116898  3600385
0.257629156113  3599139
0.259708166122  3587418
0.268552064896  3585693
0.275646209717  3574778
0.276203155518  3574386
0.276574134827  3569277
0.279844999313  3518238
0.282032012939  3454452
0.282886981964  3430567
0.287057161331  3429176
0.287909030914  3408545
0.291036128998  3239191
0.296472072601  3236402
0.297024011612  3231581
0.299429178238  3224052
0.300562143326  3221374
0.305274009705  3217841
0.310470104218  3216208
0.317026138306  3168981
0.317487001419  3148859
0.317815065384  3109765
0.318981170654  3104108
0.320577144623  3102189
0.322334051132  3089945
0.322458028793  3089245
0.323776006699  3082280
0.329539060593  3075737
0.331017017365  3041149
0.340595006943  3039787
0.363623142242  3032478
0.369907140732  3019581
0.377216100693  2993185
0.381335020065  2987986
0.381942987442  2934987
0.396977186203  2931985
0.40981221199  2931426
0.431776046753  2930514
0.434440135956  2929505
0.437717199326  2919962
0.439828157425  2918012
0.445732116699  2915822
0.453508138657  2915604
0.455150127411  2914742
0.457202196121  2913056
0.462534189224  2912425
0.47363615036  2911450
0.474804162979  2910219
0.479823112488  2906101
0.498989105225  2903512
0.50591802597  2903500
0.515113115311  2903162
0.517727136612  2899376
0.541446208954  2895126
0.554215192795  2890091
0.568587064743  2889872
0.575030088425  2887269
0.586687088013  2881630
0.599698066711  2880922
0.626832008362  2877083
0.644370079041  2875834
0.646675109863  2874604
0.662233114243  2871755
0.678800106049  2869250
0.689952135086  2861413
0.690209150314  2861248
0.693718194962  2839605
0.701792001724  2838082
0.70889210701  2833960
0.725548028946  2825556
0.750591993332  2812010
0.760981082916  2809348
0.773801088333  2806170
0.786368131638  2804349
0.787044048309  2803067
0.78759598732  2798262
0.790542125702  2792912
0.810235977173  2792673
0.814189195633  2791831
0.814407110214  2791425
0.8150370121  2774221
0.834065198898  2773588
0.852732181549  2772092
0.856501102448  2771818
0.879598140717  2771172
0.880215167999  2766388
0.897248029709  2741988
0.907653093338  2738469
0.926740169525  2737944
0.93012714386  2736022
0.936058998108  2734497
0.950613021851  2732775
0.953286170959  2730716
0.9705991745  2727384
0.971755981445  2722729
0.977210998535  2722660
0.982534170151  2720281
0.983381032944  2717411
0.998897075653  2716072
0.999029159546  2710493
1.00523209572  2708037
1.0070271492  2706875
1.01409912109  2699597
1.02105116844  2699180
1.03003311157  2673465
1.04112505913  2672355
1.04984807968  2667860
1.05160999298  2667726
1.0622150898  2651202
1.06301498413  2650806
1.08794307709  2641515
1.10971808434  2636031
1.13318419456  2635593
1.14352202415  2631242
1.16520905495  2631012
1.17548799515  2630389
1.17698812485  2628132
1.17936420441  2628047
1.18257808685  2627798
1.18595504761  2619893
1.19626712799  2615609
1.20217013359  2610286
1.21511006355  2603864
1.22205305099  2598125
1.23398113251  2585861
1.29608011246  2564216
1.30251407623  2560983
1.31848311424  2558274
1.32284116745  2537101
1.33073616028  2521893
1.33253502846  2521770
1.34410619736  2518670
1.35984516144  2506280
1.38314509392  2506259
1.39992618561  2503486
1.42285108566  2501184
1.43324708939  2489790
1.43621921539  2489413
1.46311712265  2482680
1.4648680687  2481709
1.48417019844  2457504
1.50389003754  2457290
1.50933408737  2455099
1.51316809654  2454715
1.5320751667  2453403
1.55059719086  2453241
1.55630207062  2452987
1.56243300438  2451409
1.58631110191  2450497
1.59425115585  2447733
1.62256217003  2445745
1.63167715073  2444885
1.64549517632  2443643
1.64666318893  2443089
1.66458201408  2441660
1.74482798576  2434878
1.77079510689  2434721
1.83533811569  2433068
1.84916520119  2432871
1.85931301117  2416990
1.86942100525  2415891
1.95504903793  2415651
1.98365902901  2412658
2.00370121002  2405879
2.05758810043  2403937
2.09732604027  2399707
