0.00910687446594  10381043
0.00944304466248  10299944
0.00968790054321  10299513
0.00981092453003  10243061
0.00993490219116  10114242
0.00999808311462  10074309
0.0100600719452  10032208
0.0101230144501  9947333
0.0103108882904  9852008
0.0105540752411  9737070
0.010617017746  9667280
0.0107998847961  9659977
0.0108630657196  9549398
0.0109260082245  9466108
0.0111079216003  9349461
0.0111708641052  9291965
0.0112340450287  9291338
0.0113570690155  9277917
0.0114200115204  9267464
0.0116629600525  9253144
0.0117259025574  9069910
0.0117878913879  8945908
0.0119109153748  8859588
0.0120339393616  8782696
0.0120968818665  8454933
0.012158870697  8407390
0.0122220516205  8307382
0.0126440525055  8205353
0.0128870010376  8198467
0.0130698680878  8175656
0.0132539272308  8167272
0.0133168697357  8073184
0.0133788585663  8010754
0.0139219760895  7994836
0.0141060352325  7979775
0.0141689777374  7892203
0.0142920017242  7801138
0.0147750377655  7611723
0.0151970386505  7535323
0.0155589580536  7510779
0.0159220695496  7473559
0.0160450935364  7423942
0.0162270069122  7404848
0.0162899494171  7216706
0.0171959400177  7173532
0.0173799991608  7125236
0.0176808834076  7113548
0.0179250240326  7106436
0.0183460712433  7062518
0.0187680721283  7043922
0.0188908576965  7024092
0.0190739631653  6931113
0.019257068634  6909420
0.0193800926208  6867242
0.0195019245148  6864128
0.0198049545288  6863784
0.0203359127045  6839909
0.0208029747009  6798176
0.020870923996  6791100
0.0211210250854  6610606
0.0216698646545  6526263
0.0218570232391  6510504
0.0219819545746  6463143
0.0221679210663  6455527
0.0230779647827  6384911
0.0238070487976  6313040
0.0240528583527  6296674
0.0243570804596  6296086
0.0246019363403  6202305
0.025269985199  6189283
0.0254549980164  6168282
0.0256400108337  6159460
0.0263650417328  6159229
0.0268189907074  6142782
0.0283758640289  5997845
0.0288949012756  5886273
0.0290839672089  5884454
0.0292119979858  5876702
0.0297520160675  5873331
0.0302338600159  5825209
0.0311498641968  5708521
0.0312750339508  5706474
0.0318830013275  5704089
0.032007932663  5648021
0.0322530269623  5545420
0.0329790115356  5531717
0.0331039428711  5530834
0.0333480834961  5530083
0.0336539745331  5515666
0.0339720249176  5478225
0.0348598957062  5452401
0.0351128578186  5444651
0.0359668731689  5416048
0.0361709594727  5411606
0.0363030433655  5388834
0.0363690853119  5294007
0.0364949703217  5290050
0.0367429256439  5239678
0.0371699333191  5220120
0.0386340618134  5209227
0.0396120548248  5180744
0.0415289402008  5100631
0.042023897171  5046135
0.0420889854431  5046094
0.0422749519348  5041513
0.0431799888611  5038116
0.0445659160614  5037836
0.0448379516602  5037253
0.0468618869781  5030029
0.0469920635223  5010296
0.047297000885  5007937
0.0473608970642  5003323
0.0479080677032  4997091
0.0497119426727  4989584
0.0509829521179  4926055
0.0515868663788  4853840
0.0521368980408  4840324
0.0547199249268  4815867
0.0549650192261  4783891
0.0551490783691  4772453
0.0571360588074  4765517
0.0585250854492  4752799
0.0590100288391  4703657
0.0593130588531  4640503
0.0594370365143  4626595
0.0597410202026  4618424
0.0608839988708  4563005
0.0611870288849  4559524
0.0616710186005  4534108
0.0624539852142  4533271
0.0633568763733  4515103
0.0640189647675  4453106
0.0642619132996  4448897
0.0644459724426  4435122
0.0645680427551  4390625
0.0655300617218  4380629
0.0658340454102  4379219
0.0673370361328  4367484
0.068060874939  4365622
0.0684499740601  4247876
0.0688979625702  4244105
0.0704369544983  4166120
0.0727829933167  4154994
0.0757539272308  4154808
0.0765149593353  4084789
0.0806589126587  4084689
0.0807268619537  4078630
0.0809879302979  3986641
0.0822110176086  3981997
0.0831089019775  3973102
0.0836510658264  3969862
0.0837750434875  3960238
0.0845589637756  3944508
0.0875520706177  3942028
0.0888180732727  3918536
0.0898399353027  3917314
0.0912809371948  3912585
0.0919439792633  3857396
0.0928490161896  3796228
0.0935719013214  3775363
0.0949850082397  3773454
0.0954358577728  3766272
0.0970749855042  3763733
0.101221084595  3763593
0.101681947708  3744010
0.101926088333  3742572
0.104095935822  3738094
0.108007907867  3707104
0.110049009323  3689540
0.11118888855  3684202
0.112577915192  3663387
0.117441892624  3636421
0.117941856384  3630599
0.118897914886  3623940
0.122215032578  3570504
0.124181985855  3550677
0.12882900238  3550118
0.131723880768  3545059
0.13178896904  3535644
0.132272958755  3518848
0.13444685936  3515946
0.138714075089  3501096
0.14154291153  3498807
0.14203286171  3498394
0.144981861115  3487908
0.146024942398  3486920
0.146516084671  3486784
0.147368907928  3472825
0.147675991058  3467199
0.149167060852  3456998
0.152210950851  3425686
0.156869888306  3415999
0.16212105751  3394463
0.16338801384  3385135
0.167156934738  3379540
0.167644023895  3379121
0.171401023865  3376754
0.173855066299  3375819
0.174166917801  3374736
0.178952932358  3373606
0.185159921646  3366689
0.186047077179  3355710
0.195923089981  3307011
0.196780920029  3289494
0.204559087753  3279106
0.210259914398  3265576
0.21039390564  3234658
0.222521066666  3231489
0.223193883896  3231389
0.230391025543  3225416
0.232630968094  3221568
0.233058929443  3219748
0.236754894257  3218971
0.238322973251  3217003
0.239108085632  3215940
0.239594936371  3202690
0.246253967285  3179612
0.248792886734  3119809
0.251688957214  3119219
0.253756999969  3111147
0.25634098053  3110585
0.256468057632  3101535
0.257014989853  3081539
0.259830951691  3029866
0.261340856552  3029319
0.264534950256  3027852
0.265321969986  3023049
0.268650054932  2987687
0.270083904266  2985920
0.272564888  2949198
0.273470878601  2948541
0.275646924973  2945577
0.279231071472  2932201
0.281336069107  2876349
0.284411907196  2859348
0.288444042206  2848658
0.295137882233  2847933
0.297764062881  2844787
0.298799991608  2843003
0.299587011337  2838892
0.299830913544  2837786
0.303101062775  2827894
0.304408073425  2824846
0.310587882996  2824507
0.321959972382  2803199
0.32652592659  2796309
0.334002017975  2791359
0.334492921829  2786507
0.338042020798  2781892
0.348116874695  2781559
0.354202985764  2779067
0.359416007996  2772232
0.367881059647  2748882
0.37166595459  2730200
0.374963998795  2699312
0.388643026352  2697740
0.395134925842  2696363
0.40026307106  2689194
0.403325080872  2687107
0.430540084839  2681776
0.44807100296  2680096
0.453325986862  2677242
0.463268041611  2677034
0.482267856598  2668243
0.485337018967  2667164
0.486968040466  2652640
0.489248991013  2651696
0.489492893219  2650649
0.497304916382  2626812
0.506072044373  2594817
0.51220703125  2591554
0.521478891373  2561241
0.531571865082  2549936
0.536457061768  2549837
0.541255950928  2531867
0.544272899628  2527421
0.553879976273  2517571
0.556288003922  2472638
0.559664011002  2470883
0.59002995491  2467709
0.599502086639  2467624
0.600238084793  2432822
0.604883909225  2428346
0.605655908585  2424601
0.608493089676  2422263
0.634125947952  2420654
0.634974002838  2416350
0.656826019287  2416226
0.662370920181  2415000
0.678282976151  2400317
0.70094203949  2397926
0.703857898712  2397554
0.712619066238  2397528
0.732858896255  2394455
0.743942022324  2390893
0.757575035095  2386511
0.777791023254  2377956
0.790340900421  2372282
0.809508085251  2367690
0.847421884537  2367686
0.863386869431  2367529
0.892379999161  2366380
0.896918058395  2365666
0.922499895096  2365406
0.945182085037  2360500
1.00955796242  2356987
1.01203393936  2351413
1.01960802078  2351307
1.0465118885  2334991
1.07883906364  2334916
1.09073805809  2334875
1.09273099899  2332732
1.10640501976  2332578
1.1334540844  2324963
1.14242601395  2324809
1.14964795113  2324582
1.21659302711  2295893
1.22339105606  2281056
1.27450704575  2281006
1.27709889412  2280401
1.30895090103  2279840
1.31063985825  2278252
1.34225487709  2275988
1.35892701149  2274323
1.35990095139  2264883
1.41982197762  2252714
1.51065707207  2251926
1.58376002312  2250671
1.60572195053  2244073
1.63373494148  2242664
1.64510798454  2240555
1.67111587524  2238632
1.73910903931  2226993
1.79446196556  2226467
1.83859705925  2225951
1.8480989933  2217968
1.86109685898  2214700
1.92754888535  2214202
1.96875405312  2213457
1.97031593323  2210276
1.98425507545  2205106
2.02154302597  2204949
2.07755088806  2203151
2.11339902878  2197776
2.3540148735  2197291
2.36905097961  2197105
2.36971592903  2196998
2.44779586792  2194208
2.53928995132  2193290
3.35841703415  2191827
3.37695789337  2191799
