0.0103509426117  9875467
0.0111079216003  9737094
0.0112431049347  9615930
0.0113759040833  9519758
0.0116369724274  9438851
0.0117049217224  9385500
0.0118370056152  9243516
0.0119049549103  9238011
0.0119800567627  9236854
0.0122239589691  9083009
0.0124089717865  8938080
0.0125920772552  8834421
0.0126559734344  8573491
0.0127789974213  8545872
0.0130228996277  8481254
0.0130860805511  8188015
0.0133309364319  8110668
0.0143599510193  8106919
0.0144228935242  8031961
0.0146069526672  7944177
0.0147910118103  7941917
0.0149140357971  7887344
0.0150370597839  7875838
0.0151619911194  7870725
0.0154860019684  7741891
0.0156190395355  7698985
0.0157959461212  7696129
0.0159330368042  7661506
0.0159990787506  7642596
0.0162470340729  7549840
0.0163109302521  7547723
0.0164968967438  7425457
0.0165610313416  7398656
0.0166249275208  7376864
0.017599105835  7271955
0.0182099342346  7263424
0.0185770988464  7211744
0.0186409950256  7202634
0.0187659263611  7202379
0.0188300609589  7200545
0.0190770626068  7079763
0.0195159912109  7075249
0.0195820331573  7046265
0.0198159217834  7017198
0.020005941391  7015480
0.0203940868378  7002110
0.0205209255219  7001027
0.0206708908081  6884628
0.0211730003357  6756807
0.022980928421  6752836
0.0246939659119  6710278
0.0259189605713  6643652
0.026535987854  6596448
0.0270891189575  6592375
0.0273370742798  6585796
0.027890920639  6542228
0.029109954834  6540980
0.0296280384064  6513843
0.0316541194916  6456811
0.0325810909271  6455107
0.0329389572144  6396369
0.0332140922546  6329511
0.0349540710449  6295676
0.0353789329529  6252108
0.0369000434875  6190319
0.0378639698029  6180263
0.0418570041656  6120526
0.0425300598145  6119581
0.0426700115204  6077669
0.0429389476776  5873457
0.0439929962158  5861420
0.0451209545135  5861055
0.0453751087189  5860851
0.0456640720367  5857231
0.0461490154266  5795717
0.0466630458832  5795537
0.0483510494232  5790635
0.0495479106903  5771838
0.0497999191284  5764357
0.0503849983215  5735643
0.0509479045868  5734538
0.0510189533234  5603375
0.0512089729309  5581803
0.0517699718475  5579439
0.0518360137939  5564880
0.0524530410767  5559910
0.0525178909302  5553239
0.0533459186554  5527595
0.053838968277  5522388
0.0546910762787  5499173
0.0550329685211  5496833
0.0574491024017  5481542
0.0580620765686  5472124
0.0594599246979  5468696
0.0601289272308  5461408
0.0603790283203  5460169
0.0626320838928  5454663
0.0646529197693  5401989
0.0663011074066  5386114
0.0682470798492  5346652
0.0686149597168  5321718
0.0706830024719  5312607
0.071475982666  5301478
0.0717990398407  5276154
0.0743479728699  5275261
0.0749759674072  5274089
0.075042963028  5154566
0.0753519535065  5149013
0.0765719413757  5139213
0.0766370296478  5119533
0.0773420333862  5022049
0.0781469345093  5014183
0.078565120697  5000363
0.0792410373688  4998497
0.0793058872223  4977818
0.0797989368439  4972427
0.080225944519  4971654
0.0816240310669  4969502
0.0837619304657  4965251
0.0840699672699  4948393
0.0841948986053  4890513
0.0854279994965  4876607
0.0859789848328  4871274
0.0865530967712  4850721
0.0873711109161  4850542
0.0902810096741  4826523
0.0925838947296  4801258
0.0941550731659  4767655
0.0958249568939  4750539
0.0996999740601  4733581
0.0997660160065  4679727
0.101103067398  4671251
0.10294008255  4659225
0.10541009903  4650336
0.107985019684  4630531
0.11018705368  4596462
0.11066699028  4542888
0.110914945602  4542738
0.110985040665  4537811
0.111820936203  4534640
0.115542888641  4504029
0.115911960602  4503910
0.11603808403  4502214
0.116405010223  4487297
0.116467952728  4486140
0.11695599556  4477671
0.119611024857  4475086
0.11986207962  4399696
0.120412111282  4383102
0.12163901329  4381339
0.121783971786  4373314
0.123044013977  4278759
0.128242015839  4276277
0.130134105682  4274376
0.130259990692  4271920
0.131582975388  4270782
0.131741046906  4247671
0.138911962509  4247422
0.139555931091  4220161
0.140353918076  4215612
0.141510009766  4214459
0.142911911011  4184150
0.144514083862  4171182
0.144984006882  4123146
0.147953987122  4103916
0.148870944977  4103909
0.150394916534  4101050
0.150677919388  4098723
0.152852058411  4090453
0.152983903885  4088640
0.153475999832  4084235
0.153784990311  4084063
0.162080049515  4079776
0.163734912872  4075083
0.166039943695  4072220
0.169270038605  4071553
0.172823905945  4070047
0.174190044403  4068404
0.175899028778  4067096
0.178214073181  4060783
0.181679964066  3979130
0.184628009796  3966741
0.192691087723  3965981
0.195310115814  3960907
0.200136899948  3892549
0.204690933228  3890314
0.209862947464  3855352
0.210422039032  3848555
0.211106061935  3848553
0.211478948593  3848164
0.212457895279  3845390
0.213313102722  3845275
0.213682889938  3842418
0.216519117355  3839222
0.219253063202  3769233
0.221148014069  3764436
0.222484111786  3745613
0.22310090065  3745599
0.223736047745  3734701
0.226953983307  3734226
0.227145910263  3669910
0.22842502594  3669152
0.245496034622  3666443
0.246537923813  3664601
0.254441976547  3651138
0.258001089096  3650131
0.258621931076  3635290
0.26060295105  3625310
0.262377023697  3624493
0.272744894028  3614874
0.273041009903  3614094
0.277177095413  3600385
0.277309894562  3599139
0.278716087341  3587418
0.286024093628  3585693
0.292707920074  3574778
0.293267011642  3574386
0.293637990952  3569277
0.297122955322  3518238
0.299422979355  3454452
0.300281047821  3430567
0.304759979248  3429176
0.305666923523  3408545
0.308590888977  3239191
0.313699960709  3236402
0.314253091812  3231581
0.316842079163  3224052
0.318108081818  3221374
0.32338809967  3217841
0.32849407196  3216208
0.33525800705  3168981
0.33570098877  3148859
0.336010932922  3109765
0.337110042572  3104108
0.339617967606  3102189
0.342128038406  3089945
0.342261075974  3089245
0.343487024307  3082280
0.348484039307  3075737
0.349989891052  3041149
0.360131025314  3039787
0.379849910736  3032478
0.386334896088  3019581
0.39414191246  2993185
0.398694038391  2987986
0.399312973022  2934987
0.413263082504  2931985
0.425677061081  2931426
0.446649074554  2930514
0.449543952942  2929505
0.452836036682  2919962
0.454864025116  2918012
0.46279501915  2915822
0.472178936005  2915604
0.473922014236  2914742
0.475810050964  2913056
0.481575012207  2912425
0.492727994919  2911450
0.493519067764  2910219
0.498610973358  2906101
0.515934944153  2903512
0.523616075516  2903500
0.532718896866  2903162
0.535377025604  2899376
0.560166120529  2895126
0.573575019836  2890091
0.587049007416  2889872
0.59259390831  2887269
0.604859113693  2881630
0.616946935654  2880922
0.641817092896  2877083
0.660186052322  2875834
0.662704944611  2874604
0.680107116699  2871755
0.698755979538  2869250
0.710706949234  2861413
0.710962057114  2861248
0.714135885239  2839605
0.723751068115  2838082
0.730277061462  2833960
0.749079942703  2825556
0.779428005219  2812010
0.790709972382  2809348
0.80411195755  2806170
0.817183971405  2804349
0.817863941193  2803067
0.81841802597  2798262
0.821286916733  2792912
0.842852115631  2792673
0.846524953842  2791831
0.846712112427  2791425
0.84726190567  2774221
0.865982055664  2773588
0.885505914688  2772092
0.889616012573  2771818
0.909749984741  2771172
0.910367965698  2766388
0.927387952805  2741988
0.945262908936  2738469
0.966017007828  2737944
0.969755887985  2736022
0.97642493248  2734497
0.992281913757  2732775
0.994982004166  2730716
1.00992488861  2727384
1.01108694077  2722729
1.01630496979  2722660
1.02350997925  2720281
1.02461409569  2717411
1.03871893883  2716072
1.03885102272  2710493
1.0458779335  2708037
1.04747509956  2706875
1.05425810814  2699597
1.06193089485  2699180
1.06980109215  2673465
1.08182501793  2672355
1.09121608734  2667860
1.09307289124  2667726
1.10294103622  2651202
1.10373997688  2650806
1.13125491142  2641515
1.15189909935  2636031
1.18500590324  2635593
1.19484496117  2631242
1.22870898247  2631012
1.24360704422  2630389
1.24510598183  2628132
1.24875998497  2628047
1.252835989  2627798
1.25816702843  2619893
1.28276991844  2615609
1.29598593712  2610286
1.33583593369  2603864
1.36822199821  2598125
1.38488507271  2585861
1.45221996307  2564216
1.45944690704  2560983
1.47593593597  2558274
1.4839758873  2537101
1.49144411087  2521893
1.49305200577  2521770
1.50383591652  2518670
1.52018594742  2506280
1.54360890388  2506259
1.5617480278  2503486
1.59602499008  2501184
1.61194491386  2489790
1.61531305313  2489413
1.64971995354  2482680
1.65142607689  2481709
1.67253708839  2457504
1.69465899467  2457290
1.69930005074  2455099
1.70313596725  2454715
1.7201769352  2453403
1.74061203003  2453241
1.7464799881  2452987
1.75203895569  2451409
1.77847409248  2450497
1.78672289848  2447733
1.81689095497  2445745
1.82158398628  2444885
1.83607292175  2443643
1.83724308014  2443089
1.85346698761  2441660
1.93500900269  2434878
1.9699139595  2434721
2.03223991394  2433068
2.04562306404  2432871
2.05521392822  2416990
2.06656908989  2415891
2.15770792961  2415651
2.18816900253  2412658
2.2100250721  2405879
2.27076792717  2403937
2.31609296799  2399707
