0.00950717926025  9542329
0.00978302955627  9533893
0.0099081993103  9433574
0.00997304916382  9429933
0.0100359916687  9398587
0.0102820396423  9391091
0.0103900432587  9372617
0.0105271339417  9303775
0.0108330249786  9300100
0.0110170841217  9202049
0.0113220214844  9146865
0.0113861560822  9124362
0.0115690231323  9016369
0.0116930007935  8996474
0.0117571353912  8657767
0.0118200778961  8512483
0.0124251842499  8256925
0.0126090049744  8255647
0.0130929946899  8223848
0.0132780075073  8202788
0.0137619972229  8145564
0.013946056366  8137687
0.0140700340271  8044017
0.0141952037811  8011228
0.0146191120148  7728779
0.0154020786285  7603300
0.0158259868622  7525209
0.0160701274872  7520508
0.01673412323  7493289
0.0172791481018  7479235
0.0179431438446  7466034
0.0181272029877  7442331
0.0184910297394  7401396
0.0191540718079  7401367
0.0193371772766  7366574
0.019641160965  7282307
0.0197651386261  7272868
0.0199491977692  7254611
0.020072221756  7236333
0.0211861133575  7220475
0.0212550163269  7200503
0.0215020179749  7016814
0.0216271877289  6915734
0.0218720436096  6843990
0.0219361782074  6825983
0.0226030349731  6779346
0.0232701301575  6775115
0.0234551429749  6773739
0.0236401557922  6766928
0.0238251686096  6729027
0.0243711471558  6722381
0.0249760150909  6721964
0.0252799987793  6696826
0.0291771888733  6687554
0.0314531326294  6678396
0.0342211723328  6587817
0.0348842144012  6547442
0.0350291728973  6512158
0.0365631580353  6510332
0.0368311405182  6509943
0.0370922088623  6498929
0.0376310348511  6392106
0.0382781028748  6381560
0.0390632152557  6374800
0.0393431186676  6328940
0.0418381690979  6325401
0.0422291755676  6309963
0.0424661636353  6287936
0.0425610542297  6287263
0.0437150001526  6239948
0.0443360805511  6237865
0.044527053833  6166835
0.0456981658936  6154324
0.0461530685425  6131538
0.047128200531  6062628
0.0481631755829  6062086
0.0482912063599  6016266
0.0485990047455  5978993
0.049446105957  5960999
0.0496301651001  5932639
0.0503561496735  5859062
0.0506601333618  5688681
0.0508441925049  5532115
0.050968170166  5525264
0.0521759986877  5494201
0.0538520812988  5486094
0.0542831420898  5458394
0.0544090270996  5308083
0.0547142028809  5303635
0.0551390647888  5248735
0.0559251308441  5234577
0.0560491085052  5221885
0.0561130046844  5217406
0.0575602054596  5215870
0.0578641891479  5196768
0.0579881668091  5083026
0.0584740638733  4994593
0.0588390827179  4991607
0.0606441497803  4963894
0.0610680580139  4944417
0.0615520477295  4887004
0.0616772174835  4879922
0.0633041858673  4873605
0.0636081695557  4873368
0.0640921592712  4814705
0.0651171207428  4814398
0.0658421516418  4813367
0.0663251876831  4785846
0.0682489871979  4780747
0.0684940814972  4776984
0.0695180892944  4766889
0.0725190639496  4656917
0.0733640193939  4554306
0.0740280151367  4521290
0.0745770931244  4510030
0.0748820304871  4509605
0.0763251781464  4486114
0.0781271457672  4451795
0.0792081356049  4449825
0.0799901485443  4445653
0.0839459896088  4445368
0.0864181518555  4429669
0.0922260284424  4428355
0.0930562019348  4423782
0.0937461853027  4388883
0.0950541496277  4388064
0.0955121517181  4337468
0.0965139865875  4330824
0.0970940589905  4330723
0.0976099967957  4255483
0.0997290611267  4252663
0.102154016495  4252634
0.10561299324  4248081
0.109355211258  4245868
0.109660148621  4237637
0.110506057739  4227071
0.110810041428  4226850
0.11147403717  4085530
0.113456010818  4074741
0.119937181473  4073141
0.121019124985  4072666
0.12264418602  4067623
0.123190164566  4062965
0.12699007988  4060758
0.127535104752  4048503
0.129940986633  4033528
0.133735179901  4026584
0.135125160217  4009026
0.135974168777  4008616
0.141085147858  4008378
0.141448020935  4003634
0.141991138458  4002819
0.146567106247  4001304
0.146752119064  3994031
0.147117137909  3980850
0.149224996567  3976215
0.14971113205  3973952
0.152844190598  3972144
0.158310174942  3971025
0.158509016037  3953915
0.159479141235  3950708
0.165683031082  3945795
0.166048049927  3921813
0.174112081528  3921593
0.18186712265  3910357
0.18433713913  3903436
0.194586992264  3880727
0.196244001389  3863238
0.199256181717  3846133
0.200883150101  3845274
0.20804309845  3843737
0.212992191315  3842628
0.214812040329  3834642
0.221036195755  3833759
0.228876113892  3827346
0.232372999191  3736026
0.232774019241  3730738
0.243395090103  3728633
0.251338005066  3728133
0.251824140549  3702696
0.257589101791  3701044
0.258236169815  3695299
0.2595911026  3660975
0.261020183563  3657663
0.263296127319  3655839
0.276157140732  3655137
0.276514053345  3653669
0.277209043503  3649535
0.279280185699  3647583
0.279412984848  3645708
0.27973818779  3639820
0.280836105347  3630079
0.288359165192  3627214
0.292141199112  3593044
0.30889415741  3583960
0.315959215164  3547760
0.319773197174  3477847
0.323460102081  3473212
0.323711156845  3459562
0.329683065414  3454343
0.332207202911  3454268
0.337951183319  3452829
0.339001178741  3451124
0.344402074814  3446084
0.355000019073  3444353
0.358913183212  3412440
0.359863042831  3382668
0.361285209656  3378161
0.362258195877  3377294
0.36404800415  3368498
0.36837220192  3364194
0.379301071167  3348209
0.380573987961  3346901
0.383875131607  3327548
0.391401052475  3323433
0.391654014587  3322509
0.396431207657  3316414
0.410119056702  3315341
0.41654920578  3303528
0.41868019104  3300097
0.422186136246  3276190
0.423943042755  3273575
0.424487113953  3271857
0.426617145538  3262759
0.440194129944  3256113
0.440446138382  3250795
0.442929029465  3246328
0.454020023346  3243897
0.457023143768  3243516
0.459680080414  3241530
0.466942071915  3238516
0.468568086624  3238469
0.482084035873  3238019
0.487039089203  3235205
0.495561122894  3234877
0.510057210922  3233736
0.526567220688  3223495
0.535553216934  3217141
0.547902107239  3216333
0.564271211624  3212191
0.564771175385  3208122
0.56739616394  3205983
0.576871156693  3202003
0.579585075378  3201301
0.584213018417  3188704
0.606139183044  3180057
0.60847902298  3179905
0.608609199524  3171430
0.610232114792  3171314
0.613260984421  3168706
0.619728088379  3167485
0.623651027679  3167375
0.624008178711  3165578
0.627247095108  3163850
0.632037162781  3160629
0.640065193176  3125410
0.693536043167  3123971
0.705430030823  3109219
0.728554010391  3108329
0.730662107468  3107979
0.735903024673  3093184
0.740724086761  3090548
0.753298044205  3082376
0.760360002518  3081302
0.760428190231  3080202
0.764763116837  3080137
0.788825035095  3075644
0.791362047195  3074284
0.795526027679  3072108
0.802277088165  3070802
0.813592195511  3067399
0.815831184387  3051055
0.82150220871  3023028
0.826565027237  3019900
0.830906152725  3019844
0.834164142609  3016726
0.865984201431  3016569
0.87135219574  2953965
0.872019052505  2953358
0.878110170364  2939081
0.8787150383  2937276
0.879741191864  2935270
0.880585193634  2933868
0.894046068192  2931241
0.908887147903  2928371
0.920982122421  2925193
0.939875125885  2923386
0.952791213989  2922960
0.966398000717  2920745
1.00416016579  2916489
1.00445199013  2915315
1.02379417419  2909077
1.02753520012  2905166
1.040320158  2899204
1.0438811779  2894206
1.05452299118  2891638
1.08454799652  2889166
1.09228515625  2888921
1.09835100174  2888130
1.12006807327  2887176
1.12898015976  2887128
1.13488817215  2886231
1.1489841938  2885734
1.15284204483  2883524
1.15691518784  2868211
1.16213417053  2805137
1.17394804955  2802049
1.19984221458  2799528
1.22168207169  2795372
1.24482011795  2793161
1.28629207611  2792713
1.28690719604  2790877
1.30846118927  2781996
1.33348011971  2781066
1.35964608192  2774258
1.36085820198  2772361
1.3650200367  2770509
1.37453699112  2770374
1.37652420998  2769764
1.40851306915  2768416
1.45646619797  2767711
1.45653319359  2766466
1.49476313591  2766212
1.52455806732  2763950
1.52975106239  2762015
1.54233121872  2757117
1.55531811714  2755355
1.55761003494  2752578
1.55827713013  2741186
1.565128088  2740045
1.56861305237  2738988
1.578343153  2731949
1.60295414925  2729212
1.66869115829  2724809
1.70240402222  2719770
1.7177760601  2710669
1.74612617493  2705297
1.75605821609  2698861
1.76789212227  2661766
1.77710318565  2661480
1.84189510345  2661199
1.8444981575  2661026
1.84938311577  2660090
1.94093513489  2659968
1.95045900345  2659781
