0.010155916214  9701220
0.0104320049286  9683923
0.0105979442596  9592844
0.0108239650726  9587063
0.0111429691315  9573253
0.0117378234863  9572597
0.0118889808655  9571452
0.0121138095856  9369529
0.0121958255768  9365654
0.0125060081482  9358487
0.0126328468323  9353399
0.0128509998322  9348016
0.0132069587708  9345559
0.0137917995453  9341323
0.0147008895874  9340950
0.0150167942047  9331277
0.0158658027649  9313912
0.0170619487762  9311338
0.0182979106903  9307077
0.018373966217  9069552
0.0196549892426  9065733
0.019987821579  9063228
0.0201499462128  9046427
0.0202260017395  9045451
0.0205938816071  8993325
0.0212209224701  8975652
0.0213048458099  8974898
0.0226609706879  8974032
0.0227389335632  8921093
0.0250089168549  8915015
0.0276849269867  8914503
0.0277698040009  8912665
0.0297148227692  8912587
0.031231880188  8905892
0.0313189029694  8893201
0.0315039157867  8892636
0.031632900238  8886378
0.0318939685822  8885588
0.0323388576508  8841873
0.0346419811249  8839355
0.0347728729248  8701092
0.0349359512329  8698091
0.0350120067596  8639760
0.0351738929749  8637915
0.0355498790741  8574508
0.0376420021057  8569481
0.039048910141  8557090
0.0393769741058  8552033
0.0398938655853  8545450
0.0400309562683  8541118
0.0425410270691  8541028
0.0456387996674  8534914
0.0484700202942  8534398
0.0485939979553  8380176
0.0494019985199  8372737
0.0495758056641  8352599
0.0500538349152  8345243
0.0507478713989  8339381
0.0508298873901  8306407
0.0510358810425  8298244
0.0518329143524  8297727
0.0548248291016  8297604
0.0601468086243  8297033
0.0602819919586  8195624
0.0605359077454  8159079
0.060614824295  8083163
0.0610020160675  8045208
0.0617518424988  8041146
0.0624439716339  8040264
0.0653200149536  8037407
0.0683288574219  8037259
0.0722508430481  8034828
0.0725779533386  7909190
0.0730118751526  7889568
0.0735509395599  7858276
0.0744578838348  7854823
0.075737953186  7854190
0.0758378505707  7823769
0.0762939453125  7763057
0.0766408443451  7742348
0.0774388313293  7741728
0.0775179862976  7740129
0.0817849636078  7739661
0.081916809082  7736134
0.0848958492279  7733698
0.0888879299164  7733650
0.0898268222809  7733232
0.0908598899841  7709662
0.0909898281097  7707863
0.095146894455  7705731
0.0999329090118  7705437
0.100054979324  7514003
0.100262880325  7511548
0.100682973862  7447596
0.100801944733  7445705
0.101005792618  7445538
0.101251840591  7440765
0.10200881958  7438522
0.102092027664  7409115
0.102643013  7403769
0.102718830109  7400585
0.103446960449  7400235
0.103909015656  7398125
0.10432600975  7396802
0.104444026947  7390812
0.104519844055  7382216
0.104764938354  7198294
0.104840993881  7194661
0.104959011078  7184796
0.105716943741  7181467
0.118095874786  7179710
0.133793830872  7170791
0.15131688118  7162337
0.167943000793  7152840
0.192420005798  7152739
0.209530830383  7152662
0.226123809814  6915499
0.243746995926  6915231
0.262835979462  6914637
0.285197973251  6914436
0.314132928848  6910759
0.360517024994  6905510
0.404086828232  6890004
0.445118904114  6768137
0.488323926926  6744432
0.488665819168  6744055
0.488741874695  6743993
0.488902807236  6743689
0.508594989777  6743009
0.51038980484  6740672
0.511756896973  6735650
0.513016939163  6699424
0.51352596283  6691772
0.514117956161  6690914
0.514194011688  6685042
0.514312982559  6410190
0.515162944794  6399170
0.516448020935  6393488
0.517776966095  6388857
0.517853021622  6382308
0.519881010056  6381991
0.51996088028  6381973
0.533545017242  6381764
0.547014951706  6374685
0.558351993561  6374537
0.568550825119  6372658
0.584711790085  6372143
0.606413841248  6371942
0.631938934326  6371535
0.680993795395  6365912
0.713603019714  6365826
0.74592089653  6365669
0.79586482048  6365276
0.827531814575  6364163
0.863951921463  6362100
0.912707805634  6356502
0.963070869446  6278248
0.999180793762  6277894
1.03467988968  6277737
1.08045697212  6277426
1.08209085464  6276444
1.08217000961  6274698
1.08406400681  6269532
1.08420300484  6264969
1.08862781525  6264677
1.09290885925  6262523
1.1126768589  6261561
1.13322281837  6148593
1.15703892708  6124700
1.18200182915  6122756
1.20503783226  6110753
1.23047089577  6107636
1.23064398766  6107543
1.2310218811  6106236
1.23122692108  6104870
1.23769402504  6102577
1.24569296837  6101709
1.25182700157  6099984
1.26847195625  6096461
1.28923487663  6095934
1.29602384567  6086462
1.30624389648  6079731
1.31796789169  6079305
1.32869291306  6078190
1.34616780281  6077370
1.36338686943  6076715
1.39236688614  6075815
1.40331792831  6073360
1.41420197487  6073232
1.42595601082  6072740
1.43664979935  6072402
1.46762394905  6067473
1.48822593689  6067053
1.53505301476  6059624
1.58437800407  6059317
1.63144493103  6056231
1.68863797188  6055044
1.73811483383  6053453
1.79488182068  6045391
1.8545088768  6039659
1.91341090202  6036832
1.98706102371  5910396
2.06395983696  5892504
2.13955187798  5867834
2.14019989967  5867558
2.14031982422  5864894
2.14052391052  5864479
2.14110398293  5863522
2.1427628994  5863418
2.17354798317  5862890
2.18002080917  5861898
2.18562698364  5857966
2.21432900429  5857761
2.29255890846  5669550
2.2932779789  5669490
2.29869294167  5666813
2.34470200539  5666747
2.38949179649  5666640
2.43675494194  5665819
2.51607680321  5644547
2.5988919735  5624347
2.64870381355  5624016
2.72083282471  5623252
2.76837682724  5623017
2.81985092163  5622810
2.90184092522  5622613
2.98489093781  5619407
3.06890082359  5616402
3.15254688263  5607855
3.23574185371  5588508
3.32334089279  5585819
3.4072329998  5421593
3.4921169281  5403852
3.59366893768  5399713
3.74179291725  5397057
3.88691401482  5340089
3.97322297096  5328550
4.063133955  5326458
4.14812302589  5320889
4.23222088814  5318764
4.3163459301  5286141
4.40112280846  5264623
4.48766684532  5239625
4.57378697395  5153776
4.66239094734  5150507
4.74924397469  5150145
4.83416891098  5149413
4.92417097092  5145316
5.01434993744  5132148
5.10517501831  5127450
5.19923591614  5111942
5.28739595413  5111837
5.37836098671  5098513
5.46745491028  5076581
5.55583882332  5074473
5.64555191994  5072227
5.73344779015  5069852
5.82394385338  5067828
5.91945695877  5066135
6.01370096207  4886741
6.09896683693  4882201
6.21246480942  4881782
6.29893183708  4878783
6.38273787498  4877839
6.46714091301  4877091
6.5620470047  4829597
6.67092394829  4827534
6.79164099693  4781837
6.88753986359  4779971
6.99373102188  4711550
7.10489082336  4705005
7.20103096962  4702060
7.30949687958  4602040
7.39952397346  4585236
7.50746297836  4558082
7.63292002678  4555142
7.75017380714  4530130
7.86187386513  4526634
7.98603582382  4524944
8.11128687859  4524458
8.31957292557  4512349
8.48920679092  4469622
8.59876990318  4465603
8.7104818821  4465156
8.82304096222  4427698
8.93073487282  4319662
9.03639388084  4316380
9.14491796494  4291021
9.25240898132  4289060
9.35812187195  4201879
9.46368479729  4188600
9.57455086708  4188534
9.68756890297  4178743
9.7990899086  4165592
9.90907692909  4164163
10.1283409595  4051961
10.3139839172  3915374
10.4525849819  3906062
10.5937747955  3809409
10.7348368168  3782347
10.8801298141  3778613
11.0235118866  3759703
11.1613008976  3724084
11.2900099754  3697497
11.4168958664  3694414
11.5530779362  3694352
11.7446668148  3683982
12.038394928  3683532
12.2270958424  3682362
12.3601748943  3673924
12.4797728062  3662305
12.5985908508  3660570
12.7156038284  3658533
12.8428268433  3650554
13.1742939949  3620592
13.3677649498  3611756
13.5420088768  3584383
13.7356939316  3584253
13.8689699173  3583231
13.9985339642  3538995
14.1880328655  3527659
14.4288928509  3507758
14.7193088531  3505278
15.0690288544  3503230
15.2242980003  3485376
15.469342947  3481223
15.6514749527  3477927
15.8166399002  3414048
15.9605720043  3368498
16.108052969  3267612
16.2559428215  3235987
16.413203001  3232566
16.5570108891  3199597
16.6460828781  3195514
16.7346489429  3194717
16.8218889236  3176771
16.9056239128  3176103
17.0452678204  3107383
17.132447958  3096291
17.2330038548  3067401
17.3571908474  3048825
17.4819569588  3043077
17.6057868004  3039781
17.7521309853  3028268
17.8767898083  3015167
17.9989278316  3014538
18.1361939907  3012094
18.2584788799  3010928
18.4001779556  3009271
18.5387468338  2972662
18.6777429581  2912273
18.8185219765  2890305
18.955657959  2816113
19.0813629627  2798590
19.2066669464  2795294
19.3466279507  2791788
19.4858489037  2783439
19.6092870235  2769169
19.7335288525  2768540
19.8610699177  2767102
19.9857559204  2765936
20.1323359013  2742784
20.2737648487  2726779
20.4160399437  2726704
20.5656468868  2662518
20.7171499729  2661039
20.8631849289  2658753
21.021271944  2653402
21.1756169796  2644559
21.3337039948  2642133
21.5016469955  2637106
21.6660318375  2634432
21.8282139301  2609575
22.0046889782  2594615
22.1863718033  2590415
22.3725049496  2561807
22.5651009083  2529163
22.7614707947  2526247
22.9493219852  2516704
23.1521809101  2485131
23.353194952  2468644
23.5530908108  2410486
23.7511467934  2379051
23.9551298618  2365261
24.1566259861  2357835
24.35303092  2357298
24.55271101  2353728
24.7461879253  2233788
24.943117857  2221940
25.1405827999  2219849
25.3351960182  2205070
25.5254058838  2184216
25.717468977  2174188
25.9203310013  2169338
26.1392040253  2160787
26.3596799374  2159938
26.5813410282  2121139
26.8097429276  2062471
27.0373089314  2004634
27.254199028  2004502
27.4783987999  2001329
27.7084050179  1995451
27.9291520119  1970266
28.154075861  1951559
28.3917019367  1949205
28.6138739586  1884852
28.8318219185  1883646
29.0815918446  1872757
29.3397099972  1856349
29.5607509613  1804738
29.7908349037  1790992
30.0319149494  1780921
30.2707698345  1780655
30.5069730282  1775010
30.741756916  1771861
30.98127985  1769496
31.1129598618  1766599
31.2444088459  1756333
31.4678528309  1751466
31.7030549049  1727255
31.9461629391  1726892
32.1832988262  1726765
32.4254949093  1717759
32.6592988968  1716832
32.8981838226  1716821
33.1311638355  1710648
33.3751368523  1707808
33.6165919304  1707177
33.8609600067  1705950
34.1108438969  1705899
34.3841710091  1697415
34.6581640244  1631836
34.9343018532  1620438
35.1910858154  1618548
35.4484598637  1616582
35.7143859863  1601919
35.8470888138  1601609
35.9578130245  1598843
36.2145237923  1593479
36.4994080067  1587320
36.7767679691  1583457
37.0575067997  1551594
37.326985836  1510766
37.605027914  1505544
37.8783869743  1484146
38.147797823  1431967
38.4409999847  1431026
38.7179238796  1367406
38.998265028  1366600
39.279927969  1345805
39.5539078712  1303015
39.8529019356  1268574
40.145359993  1239798
40.4380009174  1233397
40.7255578041  1233394
40.8110728264  1232965
40.8911969662  1232744
40.9706709385  1231996
41.0450088978  1229804
41.3313128948  1228774
41.6254868507  1228573
41.9166669846  1227591
