0.00920510292053  9748535
0.0092990398407  9640086
0.00936603546143  9532129
0.00943112373352  9241216
0.00955605506897  9142311
0.00997400283813  8990262
0.0103471279144  8961169
0.0104720592499  8961021
0.010537147522  8935037
0.0106599330902  8906198
0.0108449459076  8880074
0.0111501216888  8787935
0.011214017868  8784390
0.0113379955292  8776627
0.0115220546722  8728506
0.0115859508514  8728373
0.0117709636688  8690603
0.0119550228119  8678373
0.0121989250183  8604842
0.0126249790192  8436977
0.0126881599426  8430774
0.0128741264343  8376551
0.0129981040955  8328267
0.0131220817566  8328107
0.0131859779358  8317774
0.0133700370789  8297908
0.0139760971069  8238322
0.0141010284424  8237533
0.0142850875854  8230969
0.0148911476135  8189339
0.0154349803925  8180197
0.0156800746918  8135400
0.0159239768982  8037476
0.0178599357605  7761869
0.0184531211853  7669885
0.0186939239502  7637249
0.0195140838623  7634571
0.0199861526489  7626662
0.0215139389038  7546535
0.0215921401978  7533379
0.0218060016632  7524285
0.0220210552216  7368272
0.0222339630127  7363540
0.0223081111908  7324154
0.0227949619293  7303792
0.0229380130768  7287595
0.023010969162  7283246
0.0230829715729  7275090
0.0232260227203  7265708
0.0235080718994  7264578
0.0237200260162  7249505
0.024276971817  7225811
0.0244190692902  7219765
0.0244920253754  7164487
0.0249099731445  7126153
0.0249829292297  7061449
0.0254731178284  7039928
0.0259580612183  7034971
0.0261421203613  7031376
0.0286800861359  6994900
0.0291690826416  6916145
0.0302670001984  6906623
0.0304269790649  6888975
0.0307710170746  6868485
0.0320029258728  6863704
0.0321171283722  6847297
0.0322670936584  6829248
0.0324580669403  6803184
0.0334000587463  6774515
0.0335869789124  6745097
0.0337109565735  6727547
0.0338361263275  6726939
0.033961057663  6609126
0.0344450473785  6510921
0.0349349975586  6484186
0.0356249809265  6445104
0.0356910228729  6441798
0.0358190536499  6429609
0.0363249778748  6415207
0.0365779399872  6399579
0.0367660522461  6393065
0.037691116333  6346726
0.0395710468292  6331032
0.039824962616  6325162
0.0401310920715  6290882
0.0406169891357  6288367
0.0409240722656  6269136
0.041167974472  6263590
0.0422580242157  6158903
0.042503118515  6131309
0.043347120285  6106995
0.0436520576477  6100322
0.0446789264679  6094445
0.0448040962219  6046404
0.044988155365  6030810
0.0456559658051  6024176
0.0469169616699  5999756
0.0472209453583  5960812
0.0474059581757  5948655
0.0482499599457  5948430
0.0487999916077  5945895
0.049045085907  5924267
0.0510251522064  5911897
0.0521121025085  5890950
0.052796125412  5881969
0.0528609752655  5828587
0.0540721416473  5824729
0.0543179512024  5750510
0.0549230575562  5747393
0.0550470352173  5743223
0.0557720661163  5690662
0.0559549331665  5664073
0.0569770336151  5658890
0.0579659938812  5654270
0.0583930015564  5580147
0.058876991272  5500108
0.0594220161438  5477154
0.0600929260254  5468628
0.0621430873871  5438654
0.0629770755768  5415995
0.0640079975128  5268448
0.0641329288483  5263631
0.0649809837341  5252299
0.065465927124  5223272
0.0658309459686  5200456
0.0675840377808  5197491
0.0678279399872  5179500
0.0686149597168  5179034
0.0699391365051  5176972
0.07000207901  5159311
0.0709669589996  4938096
0.071270942688  4923874
0.0722370147705  4920281
0.0736310482025  4909275
0.0738160610199  4905845
0.0738790035248  4893488
0.0741839408875  4771029
0.0753910541534  4756921
0.0757551193237  4602626
0.0758790969849  4601334
0.0769040584564  4586132
0.0786490440369  4584798
0.0792510509491  4580801
0.0797939300537  4561338
0.0800380706787  4530309
0.0814199447632  4477511
0.0822010040283  4476735
0.0831670761108  4429651
0.0838289260864  4428156
0.0846719741821  4383769
0.0854561328888  4383438
0.0863599777222  4371334
0.0885410308838  4365754
0.0894610881805  4350136
0.0931921005249  4349239
0.0943350791931  4310714
0.0951809883118  4305744
0.0965061187744  4263288
0.0969309806824  4254188
0.0986869335175  4230336
0.0989339351654  4163797
0.100104093552  4161118
0.100230932236  4151820
0.101204156876  4148740
0.104572057724  4144556
0.105754137039  4139065
0.105818033218  4137059
0.106640100479  4133910
0.109898090363  4132903
0.112129926682  4132070
0.113332986832  4127084
0.115322113037  4084018
