0.0110259056091  9748535
0.0111229419708  9640086
0.0111899375916  9532129
0.0112550258636  9241216
0.0113818645477  9142311
0.0117480754852  8990262
0.0121140480042  8961169
0.0122380256653  8961021
0.0123009681702  8935037
0.0124230384827  8906198
0.0126070976257  8880074
0.0129098892212  8787935
0.0129730701447  8784390
0.0130960941315  8776627
0.0132789611816  8728506
0.0133430957794  8728373
0.0135259628296  8690603
0.0137090682983  8678373
0.0139529705048  8604842
0.0143768787384  8436977
0.0144400596619  8430774
0.0146238803864  8376551
0.0147480964661  8328267
0.01486992836  8328107
0.0149328708649  8317774
0.0151169300079  8297908
0.0157799720764  8238322
0.0159769058228  8237533
0.0162580013275  8230969
0.0169470310211  8189339
0.0178470611572  8180197
0.0181028842926  8135400
0.0185499191284  8037476
0.019681930542  7761869
0.0199930667877  7669885
0.0201189517975  7637249
0.0205528736115  7634571
0.0207998752594  7626662
0.0222809314728  7546535
0.0223519802094  7533379
0.0225400924683  7524285
0.0227270126343  7368272
0.0229120254517  7363540
0.0229759216309  7324154
0.023402929306  7303792
0.0235280990601  7287595
0.0235939025879  7283246
0.02365899086  7275090
0.0237829685211  7265708
0.0240309238434  7264578
0.0242159366608  7249505
0.0247049331665  7225811
0.024829864502  7219765
0.0248939990997  7164487
0.0252599716187  7126153
0.0253238677979  7061449
0.025750875473  7039928
0.0261449813843  7034971
0.0262720584869  7031376
0.0268230438232  6994900
0.0270090103149  6916145
0.0273149013519  6906623
0.0273790359497  6888975
0.0275030136108  6868485
0.0280530452728  6863704
0.0281159877777  6847297
0.0282409191132  6829248
0.0284280776978  6803184
0.0295870304108  6774515
0.0299170017242  6745097
0.0300710201263  6727547
0.0303289890289  6726939
0.0305159091949  6609126
0.0310139656067  6510921
0.031506061554  6484186
0.0328800678253  6445104
0.0330090522766  6441798
0.0331699848175  6429609
0.0339529514313  6415207
0.0345339775085  6399579
0.0349380970001  6393065
0.0361180305481  6346726
0.037976026535  6331032
0.0382289886475  6325162
0.038537979126  6290882
0.039027929306  6288367
0.0394699573517  6269136
0.039717912674  6263590
0.0408780574799  6158903
0.0411319732666  6131309
0.0420360565186  6106995
0.04234790802  6100322
0.0438668727875  6094445
0.0440008640289  6046404
0.0441880226135  6030810
0.0455648899078  6024176
0.0468740463257  5999756
0.047180891037  5960812
0.0473670959473  5948655
0.0482139587402  5948430
0.0487620830536  5945895
0.0490078926086  5924267
0.0519409179688  5911897
0.0530478954315  5890950
0.0537118911743  5881969
0.0537929534912  5828587
0.0550229549408  5824729
0.0552699565887  5750510
0.0558819770813  5747393
0.0560069084167  5743223
0.0567350387573  5690662
0.056921005249  5664073
0.057648897171  5658890
0.0585570335388  5654270
0.0589830875397  5580147
0.0594720840454  5500108
0.0600190162659  5477154
0.0606849193573  5468628
0.0627470016479  5438654
0.0635349750519  5415995
0.0645649433136  5268448
0.0646889209747  5263631
0.065535068512  5252299
0.0660510063171  5223272
0.0664310455322  5200456
0.0690159797668  5197491
0.0692710876465  5179500
0.0701429843903  5179034
0.0715799331665  5176972
0.0716519355774  5159311
0.0726320743561  4938096
0.0729389190674  4923874
0.0739090442657  4920281
0.0752999782562  4909275
0.0754849910736  4905845
0.0755488872528  4893488
0.0758628845215  4771029
0.077073097229  4756921
0.0774400234222  4602626
0.0775640010834  4601334
0.0785899162292  4586132
0.0803520679474  4584798
0.0809619426727  4580801
0.0815069675446  4561338
0.081750869751  4530309
0.0837619304657  4477511
0.0848789215088  4476735
0.0858578681946  4429651
0.0865280628204  4428156
0.0873770713806  4383769
0.0881659984589  4383438
0.0890769958496  4371334
0.0914070606232  4365754
0.0920829772949  4350136
0.0959150791168  4349239
0.0970690250397  4310714
0.0979199409485  4305744
0.0994029045105  4263288
0.100040912628  4254188
0.102343082428  4230336
0.10259604454  4163797
0.103695869446  4161118
0.1038210392  4151820
0.104793071747  4148740
0.108366966248  4144556
0.109824895859  4139065
0.109935998917  4137059
0.110653877258  4133910
0.113883972168  4132903
0.116622924805  4132070
0.118512868881  4127084
0.120801925659  4084018
