0.00927591323853  11089761
0.0094199180603  11053808
0.00949811935425  11053617
0.00966000556946  10833266
0.00973701477051  10833054
0.00994205474854  10830096
0.0100181102753  10828539
0.0101370811462  10824915
0.0103869438171  10744414
0.0105049610138  10724946
0.0108380317688  10681459
0.0109560489655  10587176
0.0111598968506  10581137
0.0112779140472  10559217
0.0116970539093  10546688
0.0122010707855  10508472
0.0122768878937  10407872
0.0125670433044  10291590
0.0128130912781  10267316
0.0134038925171  10233477
0.0134799480438  10226140
0.0136830806732  10220051
0.0138020515442  10211987
0.0144350528717  10197541
0.0147249698639  10133353
0.0149710178375  10102163
0.0156030654907  10078774
0.0163230895996  10047063
0.0163989067078  9964856
0.0171599388123  9933411
0.0179650783539  9902063
0.018040895462  9668436
0.0188870429993  9661627
0.018963098526  9649650
0.019896030426  9615184
0.0199720859528  9600060
0.0200901031494  9575981
0.0213599205017  9561165
0.0214500427246  9546360
0.0224800109863  9536907
0.0236849784851  9527055
0.0237619876862  9508029
0.0242259502411  9436636
0.0243020057678  9436590
0.024463891983  9428852
0.0247120857239  9428247
0.0250020027161  9413531
0.026309967041  9383068
0.0264880657196  9157725
0.0265679359436  9145990
0.0283970832825  9142194
0.0301508903503  9111226
0.0304009914398  8932570
0.0305409431458  8922276
0.0316309928894  8910475
0.031769990921  8742279
0.0333859920502  8739463
0.0350570678711  8739266
0.0351610183716  8734614
0.0368840694427  8733456
0.0386919975281  8730108
0.0390169620514  8722999
0.0392971038818  8657695
0.041090965271  8648081
0.0426249504089  8644319
0.0443620681763  8628155
0.04558801651  8509818
0.0462000370026  8493980
0.0479769706726  8476376
0.0497748851776  8445581
0.0498540401459  8444245
0.0506770610809  8284658
0.0513648986816  8267667
0.0514450073242  8261843
0.053524017334  8259675
0.0536170005798  8241914
0.0560569763184  8215083
0.0562360286713  8214048
0.0563189983368  8167775
0.0571920871735  8108334
0.0578329563141  8092483
0.0600180625916  8068244
0.0600950717926  7986875
0.0615129470825  7981714
0.0615899562836  7931790
0.0620529651642  7880770
0.0628600120544  7876509
0.0631940364838  7876226
0.0633130073547  7806134
0.0636899471283  7786640
0.0644989013672  7786349
0.0657489299774  7772886
0.0680069923401  7766510
0.0704910755157  7755313
0.0706100463867  7737153
0.072340965271  7732825
0.0755379199982  7720832
0.0756990909576  7699911
0.0760140419006  7688144
0.0761630535126  7676044
0.0765581130981  7668122
0.0797870159149  7651987
0.0799241065979  7634987
0.0802569389343  7633592
0.080393075943  7626496
0.0805780887604  7622468
0.0808119773865  7601477
0.0840120315552  7595087
0.0840940475464  7586297
0.0871710777283  7561681
0.0872480869293  7528358
0.090222120285  7518864
0.0932190418243  7506288
0.0932970046997  7397148
0.0966820716858  7373884
0.0968499183655  7342967
0.0999789237976  7333467
0.100055932999  7204427
0.103317022324  7193791
0.103394031525  7182794
0.103513002396  7169152
0.103589057922  7168871
0.103837013245  7149199
0.103913068771  7144702
0.107336997986  7105807
0.107506036758  7046518
0.111222982407  7046062
0.112334012985  6904994
0.112581968307  6881715
0.113043069839  6880492
0.11320400238  6870437
0.113579034805  6865742
0.113739967346  6835884
0.114371061325  6821626
0.114490032196  6812123
0.1146941185  6801811
0.115422010422  6799699
0.116270065308  6795739
0.116346120834  6791931
0.117234945297  6784620
0.117311000824  6775792
0.118288993835  6760050
0.118493080139  6758579
0.118611097336  6682711
0.119542121887  6669500
0.119874954224  6666103
0.120548963547  6663610
0.120625019073  6663201
0.120785951614  6659656
0.121118068695  6659590
0.121236085892  6658874
0.121397018433  6653685
0.12168598175  6653584
0.122016906738  6651661
0.122391939163  6650168
0.123109102249  6638248
0.126121997833  6634641
0.129182100296  6634069
0.129558086395  6625821
0.129805088043  6625205
0.130008935928  6591828
0.130811929703  6508488
0.130887985229  6501964
0.133409023285  6496872
0.133527994156  6491915
0.136596918106  6485433
0.140377998352  6471146
0.144264936447  6471058
0.146282911301  6465005
0.147839069366  6449100
0.15172791481  6415268
0.15571308136  6414320
0.155833005905  6412966
0.159806966782  6411642
0.164297103882  6411533
0.164459943771  6405447
0.164664030075  6398833
0.165040016174  6393336
0.169527053833  6391822
0.174406051636  6388772
0.174531936646  6344493
0.174609899521  6340915
0.174814939499  6336437
0.179840087891  6298487
0.184969902039  6275996
0.190392971039  6240210
0.195501089096  6058737
0.200793027878  6035494
0.206331014633  6016784
0.211370944977  6015448
0.216387987137  5961490
0.221369028091  5948287
0.227008104324  5806910
0.232050895691  5802326
0.238042116165  5772010
0.243941068649  5739852
0.253973007202  5739521
0.259998083115  5739032
0.265161037445  5738961
0.270103931427  5733402
0.275638103485  5714202
0.285763025284  5712679
0.296797037125  5712627
0.301697969437  5653940
0.309170007706  5647325
0.314249038696  5608575
0.31927895546  5578136
0.32514500618  5574328
0.330450057983  5571626
0.335753917694  5561024
0.341012954712  5480869
0.347820997238  5472092
0.352840900421  5465614
0.358087062836  5462015
0.363091945648  5411134
0.368352890015  5395683
0.374011993408  5373337
0.379981994629  5306775
0.384901046753  5290415
0.391042947769  5288190
0.397500991821  5262142
0.404405117035  5238453
0.423832893372  5234321
0.448395013809  5232415
0.467981100082  5230169
0.506581068039  5090406
0.526743888855  5090111
0.549159049988  5085979
0.569080114365  5084942
0.575088977814  5083835
0.614496946335  5035230
0.619708061218  5014674
0.640357971191  5013204
0.664819955826  5010829
0.687288999557  5008583
0.723381996155  5004644
0.758745908737  5003714
0.792611122131  4965047
0.826994895935  4961725
0.866733074188  4834016
0.906155109406  4799032
0.944849014282  4788119
0.979186058044  4704939
1.01731300354  4703995
