0.0102550983429  11123387
0.0103480815887  11016021
0.0104801654816  10840052
0.0105450153351  10404504
0.0106101036072  10058178
0.0107350349426  9935041
0.0108001232147  9833737
0.0108640193939  9795083
0.0111100673676  9789596
0.0112950801849  9743694
0.0114200115204  9591329
0.0115451812744  9484695
0.0117909908295  9483887
0.0118551254272  9353191
0.0120391845703  9349131
0.0121641159058  9311162
0.0122270584106  9243496
0.0128660202026  9226637
0.0129430294037  9213003
0.0131311416626  9143021
0.0131950378418  9142546
0.0135631561279  9087795
0.0142321586609  9083000
0.0142960548401  9050477
0.0143601894379  8950219
0.0144240856171  8945581
0.0144870281219  8930809
0.0146720409393  8882858
0.0149810314178  8836088
0.0150799751282  8744792
0.0151619911194  8742723
0.0152351856232  8501985
0.0153801441193  8346287
0.0157949924469  8282926
0.0159661769867  8247708
0.0167620182037  8242266
0.0168490409851  8235294
0.016921043396  8228947
0.0173239707947  8180143
0.0178620815277  8095902
0.0179440975189  8076924
0.0181310176849  7935746
0.0181951522827  7921714
0.0183811187744  7835045
0.0184450149536  7776223
0.0188121795654  7763588
0.0188760757446  7746118
0.019061088562  7745474
0.0194880962372  7644800
0.0198571681976  7586462
0.0199830532074  7521053
0.0200459957123  7438488
0.0204131603241  7175334
0.0204770565033  7134712
0.0206010341644  7055043
0.02090716362  6997123
0.0209701061249  6989246
0.0216879844666  6967413
0.0226640701294  6939357
0.0229110717773  6937932
0.0230960845947  6887961
0.0231599807739  6864225
0.0234651565552  6853824
0.0235900878906  6669587
0.0242559909821  6565218
0.0245010852814  6557067
0.0250489711761  6534597
0.026319026947  6525413
0.0265030860901  6516658
0.0266280174255  6488258
0.0270540714264  6484652
0.0274801254272  6469495
0.0275440216064  6447085
0.0276069641113  6435572
0.0278570652008  6342032
0.028706073761  6334755
0.0293760299683  6321425
0.0295610427856  6298899
0.0296859741211  6171675
0.0299310684204  6140269
0.0305969715118  6133615
0.0306611061096  5990476
0.0322291851044  5980854
0.0323531627655  5952500
0.0338640213013  5949035
0.0340061187744  5918583
0.0345430374146  5911493
0.03498005867  5892722
0.035227060318  5866150
0.0352911949158  5859805
0.0355980396271  5855376
0.0357229709625  5780319
0.0367140769958  5780284
0.0370271205902  5777865
0.0387849807739  5727135
0.0392730236053  5699301
0.0393371582031  5645635
0.0395820140839  5644631
0.04012799263  5637259
0.0402519702911  5621491
0.0415179729462  5618424
0.0417029857635  5616000
0.0432751178741  5567007
0.0435810089111  5547357
0.0445489883423  5543452
0.0450341701508  5421243
0.0458190441132  5415053
0.0460040569305  5376898
0.0463080406189  5338522
0.0469110012054  5304233
0.0479981899261  5299656
0.048061132431  5276341
0.0484549999237  5269410
0.0504260063171  5268345
0.0508780479431  5245846
0.0511250495911  5208036
0.0525290966034  5202961
0.052915096283  5179347
0.0533430576324  5178721
0.0543730258942  5178528
0.0551021099091  5167918
0.0552871227264  5152786
0.0563771724701  5151071
0.0568101406097  5148527
0.0570561885834  5089023
0.0573620796204  5069317
0.0584540367126  5069281
0.0616359710693  5007327
0.0636260509491  4860396
0.0642910003662  4859303
0.0669770240784  4851742
0.0679211616516  4845913
0.0685341358185  4845448
0.0688400268555  4845287
0.0695700645447  4802873
0.0717890262604  4721448
0.0719740390778  4611749
0.0725781917572  4607634
0.0769431591034  4605191
0.077299118042  4559469
0.0795891284943  4510222
0.0834741592407  4510110
0.084242105484  4505575
0.0846500396729  4504814
0.0871050357819  4494098
0.0914189815521  4481875
0.0919070243835  4472203
0.0919711589813  4464919
0.0920350551605  4451593
0.0920991897583  4430405
0.0921630859375  4423586
0.0943369865417  4358810
0.0960299968719  4358325
0.0984380245209  4357667
0.0986220836639  4357569
0.101317167282  4355153
0.102657079697  4342277
0.103762149811  4332525
0.104484081268  4328726
0.106037139893  4324637
0.107616186142  4323796
0.108647108078  4317866
0.109436035156  4307351
0.109560966492  4305933
0.110289096832  4304789
0.110570192337  4300910
0.111479997635  4296662
0.114370107651  4277090
0.115302085876  4276867
0.119709968567  4246014
0.120445966721  4232836
0.120872020721  4206244
0.120937108994  4191954
0.124150037766  4191953
0.124457120895  4165357
0.124824047089  4158893
0.125370979309  4115202
0.129821062088  4072361
0.13152718544  4042879
0.135326147079  4039709
0.135396003723  4035124
0.138099193573  4034969
0.138164043427  4028649
0.138833045959  4028022
0.138961076736  4022881
0.141689062119  4015683
0.141753196716  4001780
0.144118070602  3998552
0.145030975342  3996938
0.146061182022  3970964
0.146185159683  3966239
0.149535179138  3945540
0.15650510788  3945170
0.156586170197  3943109
0.159504175186  3941304
0.159573078156  3939641
0.161395072937  3938254
0.162568092346  3901701
0.163745164871  3901068
0.165037155151  3883589
0.168681144714  3882963
0.170077085495  3864808
0.17466711998  3845457
0.175233125687  3845296
0.177026033401  3836288
0.178704977036  3829433
0.179205179214  3823688
0.180553197861  3823507
0.180740118027  3808717
0.187110185623  3786765
0.189078092575  3751964
0.193516016006  3683895
0.194562196732  3674196
0.212557077408  3674128
0.222592115402  3673848
0.223694086075  3644446
0.228546142578  3639179
0.229828119278  3638219
0.231713056564  3632899
0.23220205307  3632457
0.235469102859  3631606
0.237975120544  3626140
0.240108966827  3614640
0.24224114418  3614388
0.253561973572  3608441
0.255032062531  3607856
0.259768009186  3607294
0.260318040848  3581431
0.261476993561  3573774
0.270354986191  3555971
0.277915000916  3546614
0.282449007034  3544112
0.285375118256  3537455
0.29133605957  3533378
0.294984102249  3531832
0.295722007751  3530545
0.303469181061  3530433
0.315620183945  3510653
0.318680047989  3503660
0.319276094437  3500056
0.336205005646  3499485
0.339192152023  3494181
0.352459192276  3492847
0.355329990387  3486186
0.356245994568  3485304
