0.0105710029602  9094398
0.0107839107513  9048269
0.0110700130463  9042552
0.0114030838013  9012133
0.0119850635529  9005766
0.0121209621429  8855974
0.0123059749603  8834386
0.0127370357513  8741037
0.0129220485687  8651582
0.0135009288788  8610979
0.0143299102783  8610367
0.0144169330597  8582244
0.0149049758911  8576166
0.0149919986725  8546366
0.0153710842133  8415953
0.0154590606689  8415279
0.0155959129333  8397032
0.0164270401001  8361270
0.0172650814056  8355387
0.017345905304  8353090
0.0181620121002  8349474
0.0190711021423  8340841
0.0191519260406  8323457
0.0200130939484  8322018
0.0200951099396  8276841
0.0203609466553  8207083
0.0210421085358  8198601
0.0212070941925  8167103
0.021409034729  8050349
0.0217580795288  8049606
0.0226061344147  8037749
0.023540019989  8030096
0.0236179828644  7985494
0.023736000061  7985484
0.0248811244965  7973760
0.0249569416046  7960371
0.0252261161804  7958142
0.0265469551086  7944131
0.0283389091492  7905172
0.0284960269928  7901009
0.0285940170288  7898433
0.0307369232178  7897490
0.0309019088745  7869721
0.0310769081116  7851019
0.032546043396  7848269
0.0343160629272  7846669
0.0343940258026  7803275
0.0345981121063  7800269
0.0364120006561  7794325
0.0388231277466  7794221
0.0389969348907  7605001
0.0393669605255  7553611
0.039489030838  7533995
0.0399279594421  7533920
0.0427711009979  7525802
0.045469045639  7524279
0.0455651283264  7441367
0.045783996582  7226419
0.0483059883118  7226311
0.0518050193787  7225143
0.0519740581512  7221460
0.0521800518036  7183198
0.0523431301117  7181923
0.0524621009827  7173154
0.0527820587158  7101484
0.053230047226  7058864
0.0533089637756  7057118
0.0534279346466  7035430
0.0536320209503  6984823
0.0537080764771  6983070
0.0541269779205  6909513
0.0542049407959  6903010
0.0546970367432  6888549
0.0548241138458  6778845
0.0549011230469  6775340
0.0553650856018  6764103
0.0562090873718  6727387
0.0570619106293  6725842
0.0584399700165  6721957
0.0585780143738  6708959
0.0630459785461  6708811
0.0664989948273  6707332
0.066663980484  6700735
0.0668699741364  6693331
0.0703020095825  6692558
0.0739240646362  6692297
0.0740859508514  6691827
0.0744199752808  6654234
0.0746240615845  6482936
0.07976603508  6481164
0.079950094223  6443678
0.080559015274  6438661
0.0809988975525  6431042
0.0810759067535  6424980
0.0811960697174  6424467
0.0812721252441  6416504
0.081433057785  6409696
0.0816810131073  6407459
0.0819721221924  6407219
0.0820910930634  6393591
0.0821669101715  6393522
0.0824589729309  6391643
0.0826630592346  6388046
0.0827391147614  6340611
0.0828580856323  6317107
0.0831940174103  6270371
0.083270072937  6270304
0.0834310054779  6269799
0.0839810371399  6240431
0.0841000080109  6239123
0.0846920013428  6232117
0.0848970413208  6227811
0.0854890346527  6226888
0.0864930152893  6222844
0.0938739776611  6205812
0.0997910499573  6197710
0.105509996414  6186866
0.111196994781  6147972
0.118412971497  6114137
0.124370098114  6103197
0.133394956589  6077873
0.144068956375  6072740
0.149420022964  6066855
0.154381036758  6065459
0.159286022186  6064464
0.164284944534  6033409
0.171195983887  6015526
0.176182031631  6015442
0.181159973145  6007348
0.187432050705  5989382
0.192641019821  5988519
0.19787812233  5978426
0.202913999557  5949777
0.207833051682  5912596
0.212871074677  5774516
0.218262910843  5757477
0.22479891777  5739194
0.229909896851  5682059
0.234930038452  5652878
0.240452051163  5640668
0.245553016663  5637723
0.253237009048  5631193
0.258146047592  5629597
0.263175010681  5624603
0.268934011459  5621496
0.274136066437  5620182
0.27902007103  5586212
0.283936977386  5513392
0.289779901505  5498419
0.295476913452  5410055
0.302737951279  5383603
0.30769610405  5315068
0.312796115875  5314791
0.31786108017  5310865
0.322880983353  5298521
0.332268953323  5298435
0.337326049805  5295504
0.342539072037  5293330
0.347450017929  5270833
0.352498054504  5246485
0.362128019333  5238889
0.371696949005  5237863
0.376924991608  5112198
0.388232946396  5025082
0.393920898438  5025043
0.398910999298  5023636
0.404057979584  5012053
0.409280061722  4997560
0.414623975754  4982370
0.424673080444  4981093
0.434560060501  4869480
0.444695949554  4849275
0.459464073181  4632087
0.474383115768  4624552
0.494605064392  4624463
0.499913930893  4618488
0.506623029709  4615807
0.515695095062  4603962
0.521263122559  4596785
0.529041051865  4577422
0.534296989441  4570634
0.539770126343  4566209
0.545073986053  4458455
0.556868076324  4447371
0.562288045883  4410926
0.567883968353  4410163
0.573013067245  4404118
0.579417943954  4364576
0.586350917816  4356110
0.592687129974  4355189
0.598155021667  4354220
0.603493928909  4354031
0.608664035797  4343524
0.618598937988  4333433
0.637948989868  4329714
0.655169963837  4320911
0.674540042877  4320619
0.694772958755  4310396
0.723480939865  4309026
0.748177051544  4306651
0.767518043518  4304405
0.800940990448  4276439
0.820151090622  4276147
0.839235067368  4272015
0.877022027969  4239017
0.921492099762  4232131
0.966253042221  4230944
1.00322699547  4227164
1.04242706299  4196520
1.08241295815  4172568
1.12060689926  4165373
1.16419196129  4154736
1.20297002792  4153462
1.24220204353  4135442
1.2824010849  4120499
1.32695198059  4085788
1.37551903725  4080044
1.42486000061  4051705
1.47413992882  4029972
1.52129507065  4017735
1.56343507767  4016506
1.61413407326  4016431
1.66218090057  3997530
1.71103191376  3982850
1.75541210175  3959683
1.79748892784  3943365
1.84315490723  3940645
1.89015293121  3936778
1.9422929287  3933653
1.98512911797  3931733
2.02830696106  3915813
2.07527494431  3895922
2.12147092819  3884492
2.17037796974  3837193
2.22022104263  3798236
2.26468896866  3780721
2.30939912796  3758069
2.35411095619  3753766
2.40817594528  3699774
2.45922708511  3653999
2.50179004669  3649998
2.55677103996  3628989
2.60115504265  3622788
2.66092395782  3593988
2.72200894356  3555978
2.77968811989  3518181
2.84396004677  3514365
2.90295290947  3491929
2.95636796951  3476723
3.01014900208  3476182
3.07734894753  3411448
3.16093707085  3373953
3.22780489922  3333133
3.29530000687  3276431
3.36117196083  3266184
3.43548703194  3261546
3.50135111809  3258891
3.57245206833  3253881
3.64398002625  3253764
3.71480607986  3235319
3.78402900696  3235253
3.84884810448  3234219
3.91897010803  3229636
3.98371696472  3228422
4.05119109154  3214543
4.11977696419  3122754
4.19105505943  3120416
4.2590880394  3042185
4.32369589806  3024712
4.38750100136  3023587
4.47003006935  2970289
4.53491711617  2961650
4.60034012794  2961285
4.67514204979  2917089
4.74814510345  2906514
4.81372904778  2864452
4.87816905975  2791673
4.94918894768  2791535
5.01614904404  2735106
5.08422899246  2641969
5.16141891479  2586627
5.22536110878  2575441
5.29367589951  2541976
5.36528491974  2541238
5.43909406662  2540844
5.50385403633  2511956
5.5728020668  2506285
5.66979503632  2483884
5.75217294693  2481458
5.85322904587  2475384
5.96746206284  2472710
6.06078004837  2471704
6.17048311234  2450174
6.27950000763  2447853
6.38389992714  2444675
6.50211811066  2433190
6.6102399826  2412623
6.73364305496  2394686
6.84760808945  2385732
6.97446894646  2385251
7.09882307053  2361572
7.22332406044  2350029
7.33336210251  2344471
7.46446609497  2321322
7.58737301826  2302996
7.72812390327  2279093
7.85717701912  2276598
7.98450398445  2258959
8.11744594574  2256383
8.25623512268  2248300
8.38361692429  2246711
8.5192489624  2237757
8.64420008659  2227431
8.77556300163  2208362
8.9131360054  2208099
9.05480909348  2192844
9.20773506165  2179282
9.35612010956  2178788
9.50463891029  2177151
9.64909291267  2176161
9.7993710041  2174429
9.96770501137  2172775
10.1272659302  2171940
