0.012237071991  10381043
0.0126240253448  10299944
0.0129082202911  10299513
0.01305103302  10243061
0.0131940841675  10114242
0.0132682323456  10074309
0.0133411884308  10032208
0.013414144516  9947333
0.0136251449585  9852008
0.0139060020447  9737070
0.0139780044556  9667280
0.0141890048981  9659977
0.0142621994019  9549398
0.0143351554871  9466108
0.0145461559296  9349461
0.0146191120148  9291965
0.0146920681  9291338
0.0148351192474  9277917
0.0149080753326  9267464
0.0151891708374  9253144
0.0152621269226  9069910
0.0153341293335  8945908
0.0154762268066  8859588
0.0156190395355  8782696
0.0156922340393  8454933
0.0157639980316  8407390
0.0158371925354  8307382
0.0163240432739  8205353
0.0166051387787  8198467
0.0168161392212  8175656
0.017028093338  8167272
0.0171000957489  8073184
0.0171730518341  8010754
0.0178050994873  7994836
0.0180020332336  7979775
0.0180702209473  7892203
0.0182020664215  7801138
0.0187191963196  7611723
0.019170999527  7535323
0.0195600986481  7510779
0.0199491977692  7473559
0.0200810432434  7423942
0.0202770233154  7404848
0.0203452110291  7216706
0.0213100910187  7173532
0.0215060710907  7125236
0.0218331813812  7113548
0.0220820903778  7106436
0.0225059986115  7062518
0.0229291915894  7043922
0.0230531692505  7024092
0.0233471393585  6931113
0.0235350131989  6909420
0.0236611366272  6867242
0.0237851142883  6864128
0.0240910053253  6863784
0.0244581699371  6839909
0.0247640609741  6798176
0.024827003479  6791100
0.025074005127  6610606
0.0256299972534  6526263
0.0258162021637  6510504
0.0259401798248  6463143
0.0261251926422  6455527
0.0270330905914  6384911
0.0277600288391  6313040
0.0280051231384  6296674
0.0283970832825  6296086
0.0287652015686  6202305
0.0294542312622  6189283
0.0296401977539  6168282
0.0298261642456  6159460
0.0304951667786  6159229
0.0308620929718  6142782
0.0320761203766  5997845
0.0325632095337  5886273
0.0327482223511  5884454
0.0328731536865  5876702
0.0333561897278  5873331
0.0337250232697  5825209
0.0346341133118  5708521
0.0347590446472  5706474
0.0353620052338  5704089
0.0354871749878  5648021
0.0357320308685  5545420
0.0364551544189  5531717
0.0365800857544  5530834
0.0368251800537  5530083
0.037132024765  5515666
0.0374372005463  5478225
0.0382862091064  5452401
0.0385320186615  5444651
0.0392620563507  5416048
0.0393881797791  5411606
0.0395121574402  5388834
0.0395760536194  5294007
0.0397000312805  5290050
0.0399451255798  5239678
0.0403711795807  5220120
0.041825056076  5209227
0.042797088623  5180744
0.0446751117706  5100631
0.0453500747681  5046135
0.0454201698303  5046094
0.0456070899963  5041513
0.0465171337128  5038116
0.0482270717621  5037836
0.0484240055084  5037253
0.0501821041107  5030029
0.0503082275391  5010296
0.0506150722504  5007937
0.0506792068481  5003323
0.0512320995331  4997091
0.0529971122742  4989584
0.0542690753937  4926055
0.0548741817474  4853840
0.0554261207581  4840324
0.0580451488495  4815867
0.0582921504974  4783891
0.0584771633148  4772453
0.0604791641235  4765517
0.0620100498199  4752799
0.0625050067902  4703657
0.06281208992  4640503
0.0629382133484  4626595
0.0632450580597  4618424
0.0643939971924  4563005
0.0647010803223  4559524
0.0652041435242  4534108
0.0660011768341  4533271
0.0669112205505  4515103
0.0675790309906  4453106
0.0678260326385  4448897
0.0680110454559  4435122
0.0681350231171  4390625
0.0691092014313  4380629
0.0694141387939  4379219
0.0709240436554  4367484
0.0716540813446  4365622
0.0719611644745  4247876
0.0723860263824  4244105
0.0732381343842  4166120
0.0745692253113  4154994
0.0771660804749  4154808
0.0778360366821  4084789
0.0818471908569  4084689
0.0819160938263  4078630
0.0821630954742  3986641
0.0833210945129  3981997
0.0841751098633  3973102
0.084724187851  3969862
0.0848491191864  3960238
0.085636138916  3944508
0.0886731147766  3942028
0.089949131012  3918536
0.0909759998322  3917314
0.0924351215363  3912585
0.0931031703949  3857396
0.0940082073212  3796228
0.0947370529175  3775363
0.0960621833801  3773454
0.0963740348816  3766272
0.0984261035919  3763733
0.102607011795  3763593
0.10303401947  3744010
0.103314161301  3742572
0.105632066727  3738094
0.111736059189  3707104
0.114222049713  3689540
0.115599155426  3684202
0.117125034332  3663387
0.118423223495  3636421
0.118749141693  3630599
0.119208097458  3623940
0.12114405632  3570504
0.12272310257  3550677
0.127319097519  3550118
0.130401134491  3545059
0.130469083786  3535644
0.130957126617  3518848
0.133157014847  3515946
0.137534141541  3501096
0.140337228775  3498807
0.140827178955  3498394
0.143557071686  3487908
0.144470214844  3486920
0.145103216171  3486784
0.146032094955  3472825
0.146342039108  3467199
0.148017168045  3456998
0.151058197021  3425686
0.155740022659  3415999
0.161371231079  3394463
0.1628510952  3385135
0.166914224625  3379540
0.167415142059  3379121
0.171073198318  3376754
0.172975063324  3375819
0.173287153244  3374736
0.17796421051  3373606
0.184419155121  3366689
0.185282230377  3355710
0.194209098816  3307011
0.195260047913  3289494
0.204043149948  3279106
0.209363222122  3265576
0.209495067596  3234658
0.221640110016  3231489
0.222369194031  3231389
0.229310035706  3225416
0.231922149658  3221568
0.232545137405  3219748
0.236564159393  3218971
0.238406181335  3217003
0.23921918869  3215940
0.239710092545  3202690
0.246297121048  3179612
0.249604225159  3119809
0.252540111542  3119219
0.254072189331  3111147
0.256613016129  3110585
0.256751060486  3101535
0.257300138474  3081539
0.259061098099  3029866
0.260334014893  3029319
0.263738155365  3027852
0.264539003372  3023049
0.268057107925  2987687
0.269461154938  2985920
0.272309064865  2949198
0.273359060287  2948541
0.275850057602  2945577
0.280684232712  2932201
0.282956123352  2876349
0.286300182343  2859348
0.290675163269  2848658
0.29877614975  2847933
0.301334142685  2844787
0.302544116974  2843003
0.303374052048  2838892
0.303667068481  2837786
0.307428121567  2827894
0.308525085449  2824846
0.315517187119  2824507
0.330234050751  2803199
0.334987163544  2796309
0.342548131943  2791359
0.343042135239  2786507
0.346942186356  2781892
0.357332229614  2781559
0.364028215408  2779067
0.368903160095  2772232
0.377778053284  2748882
0.381927013397  2730200
0.385269165039  2699312
0.399924039841  2697740
0.405752182007  2696363
0.41019320488  2689194
0.413446187973  2687107
0.442194223404  2681776
0.461272001266  2680096
0.467958211899  2677242
0.478082180023  2677034
0.500178098679  2668243
0.503242015839  2667164
0.504880189896  2652640
0.508674144745  2651696
0.509164094925  2650649
0.518203020096  2626812
0.527181148529  2594817
0.533546209335  2591554
0.540746212006  2561241
0.550415039062  2549936
0.55531001091  2549837
0.560169219971  2531867
0.563347101212  2527421
0.572694063187  2517571
0.5751080513  2472638
0.578537225723  2470883
0.611610174179  2467709
0.620882034302  2467624
0.621618032455  2432822
0.625371217728  2428346
0.62610912323  2424601
0.629312038422  2422263
0.666379213333  2420654
0.667359113693  2416350
0.690080165863  2416226
0.695025205612  2415000
0.708625078201  2400317
0.731505155563  2397926
0.734731197357  2397554
0.744120121002  2397528
0.766544103622  2394455
0.778439044952  2390893
0.792203187943  2386511
0.813671112061  2377956
0.826469182968  2372282
0.847775220871  2367690
0.890844106674  2367686
0.908346176147  2367529
0.939507007599  2366380
0.943881034851  2365666
0.972454071045  2365406
0.996255159378  2360500
1.0604300499  2356987
1.06316423416  2351413
1.0713801384  2351307
1.10003805161  2334991
1.13461709023  2334916
1.14676213264  2334875
1.14919114113  2332732
1.1627831459  2332578
1.18722105026  2324963
1.19673609734  2324809
1.20428013802  2324582
1.27313423157  2295893
1.28064513206  2281056
1.33453321457  2281006
1.33723711967  2280401
1.37072920799  2279840
1.37256217003  2278252
1.40510106087  2275988
1.4221072197  2274323
1.42309117317  2264883
1.48181915283  2252714
1.58170819283  2251926
1.665995121  2250671
1.68864011765  2244073
1.72064208984  2242664
1.73222708702  2240555
1.75811910629  2238632
1.82587409019  2226993
1.88023304939  2226467
1.92591309547  2225951
1.93557500839  2217968
1.95229005814  2214700
2.01987504959  2214202
2.06111907959  2213457
2.06290102005  2210276
2.07709002495  2205106
2.11719608307  2204949
2.1787610054  2203151
2.21938514709  2197776
2.45931100845  2197291
2.47499704361  2197105
2.47567200661  2196998
2.5569832325  2194208
2.65752720833  2193290
3.50589799881  2191827
3.52152919769  2191799
