0.00936818122864  10422204
0.00946712493896  10351313
0.00979804992676  10213542
0.010064125061  10208585
0.0103662014008  10170053
0.0110039710999  9999934
0.0116691589355  9902863
0.0117511749268  9850456
0.0119981765747  9815567
0.0120751857758  9806690
0.012745141983  9707057
0.0135900974274  9610607
0.0136651992798  9606999
0.0137829780579  9532242
0.0140280723572  9502630
0.0141031742096  9490649
0.0149869918823  9458571
0.0150630474091  9444974
0.0169270038605  9384174
0.0172250270844  9260944
0.0182039737701  9224905
0.0185170173645  9223781
0.0196301937103  9203840
0.0198121070862  9160977
0.0213050842285  9139955
0.0214951038361  9093809
0.0218269824982  9093076
0.0222079753876  9059496
0.0228340625763  9001883
0.0237040519714  8996531
0.0237920284271  8996016
0.0239269733429  8921685
0.0241591930389  8914850
0.0244400501251  8901963
0.0262501239777  8806693
0.0264220237732  8717314
0.0265481472015  8714957
0.0285651683807  8617208
0.0289781093597  8615138
0.0293161869049  8589698
0.0298321247101  8584926
0.0320611000061  8551395
0.0321571826935  8546625
0.0349609851837  8449773
0.037525177002  8421070
0.0377931594849  8387588
0.0378770828247  8376108
0.0380041599274  8333622
0.0380849838257  8277702
0.0394611358643  8275884
0.0405921936035  8158725
0.0407350063324  8080351
0.0408802032471  8000474
0.0412151813507  7953397
0.0413770675659  7940582
0.0416531562805  7940400
0.0441720485687  7889595
0.0443000793457  7813107
0.0472459793091  7781306
0.0475480556488  7681481
0.052031993866  7590020
0.0521190166473  7466159
0.0548830032349  7446915
0.0552589893341  7428699
0.0555410385132  7428544
0.0598390102386  7422180
0.062872171402  7416949
0.0629720687866  7386833
0.0631420612335  7350491
0.0633552074432  7334739
0.0634360313416  7316687
0.0638651847839  7275303
0.0643501281738  7259661
0.0650551319122  7206321
0.0652179718018  7170417
0.0663440227509  7163590
0.0673370361328  7136437
0.0678842067719  7104725
0.0680019855499  7019619
0.069286108017  7007990
0.0695331096649  7007381
0.071212053299  6937110
0.074371099472  6927032
0.0780811309814  6915686
0.0782780647278  6911282
0.0785310268402  6808332
0.0844790935516  6781810
0.0851550102234  6748207
0.0858211517334  6742565
0.0909152030945  6696375
0.0910420417786  6647683
0.0914120674133  6584802
0.0944540500641  6562436
0.0945370197296  6560083
0.0949141979218  6522924
0.0952041149139  6513288
0.0982999801636  6494795
0.098461151123  6398600
0.101593017578  6383452
0.101925134659  6372771
0.102213144302  6365941
0.10626912117  6314867
0.106355190277  6307758
0.106518030167  6274772
0.11078119278  6261510
0.111647129059  6138469
0.112112045288  6128581
0.116779088974  6080841
0.117041110992  6079684
0.117380142212  6079501
0.121520996094  6067351
0.121864080429  5966438
0.122239112854  5956830
0.127786159515  5864210
0.12793803215  5808612
0.128106117249  5807235
0.128316164017  5698185
0.132276058197  5663760
0.132659196854  5655081
0.133241176605  5654096
0.138854980469  5559182
0.139013051987  5536156
0.139347076416  5515972
0.143913030624  5481071
0.143998146057  5476704
0.148740053177  5472549
0.14882516861  5361613
0.154448986053  5346894
0.154615163803  5340679
0.154959201813  5339168
0.157160043716  5295105
0.157248973846  5222326
0.157370090485  5211663
0.157533168793  5122180
0.159006118774  5093623
0.160976171494  5078966
0.16108417511  5046200
0.161877155304  5034954
0.162613153458  5017019
0.162693977356  5007992
0.164290189743  4973459
0.164802074432  4960619
0.164882183075  4960332
0.165258169174  4945388
0.170402050018  4911542
0.1704890728  4897062
0.170608997345  4877520
0.170770168304  4769509
0.171015977859  4740404
0.176800012589  4715033
0.177334070206  4693558
0.177923202515  4683271
0.184282064438  4673132
0.190211057663  4673052
0.201312065125  4672412
0.216652154922  4671847
0.23611497879  4671375
0.278687000275  4650976
0.322115182877  4599482
0.370658159256  4579501
0.416634082794  4546901
0.4605281353  4544161
0.506086111069  4543230
0.549019098282  4530826
0.597187995911  4510353
0.641620159149  4462267
0.68457698822  4408662
0.735329151154  4385038
0.778804063797  4384741
0.8224401474  4359012
0.875077009201  4350876
0.923379182816  4349009
0.966664075851  4339966
1.01494812965  4331127
1.06843113899  4326085
1.12849402428  4323567
1.17083215714  4323185
1.23028302193  4321597
1.28817820549  4318894
1.35044717789  4246054
1.39941310883  4243252
1.44420719147  4238938
1.48690414429  4238087
1.53166103363  4219652
1.58013606071  4219054
1.63497805595  4192189
1.70644807816  4192085
1.78062009811  4191369
1.86300301552  4184267
1.94994497299  4180455
2.03915214539  4131082
2.09870219231  4127815
2.15336298943  4127578
2.20978713036  4127323
2.27249717712  4126927
2.40440917015  4118845
2.53588104248  4114557
2.68272519112  4101246
2.82230997086  4087406
2.97108197212  4067193
3.12528014183  4059876
3.26496100426  4047957
3.41433215141  4038575
3.55933403969  3957736
3.70945000648  3952650
3.85460615158  3947318
4.00201511383  3918506
4.15376901627  3910911
4.29527020454  3910777
4.44746112823  3883701
4.5943210125  3846025
4.73801207542  3843725
4.89385819435  3790165
5.03506708145  3772298
5.18444108963  3771518
5.33535909653  3761275
5.48319911957  3759131
5.64275407791  3681396
5.79491519928  3656797
5.94387507439  3652151
6.10772800446  3610162
6.2530810833  3600312
6.40272402763  3578286
6.56335306168  3563595
6.71810412407  3556000
6.87826299667  3555148
7.03930807114  3535304
7.20526313782  3528440
7.34814214706  3512177
7.49592804909  3506772
7.6551220417  3495978
7.80630707741  3430657
7.96460413933  3414068
8.12289214134  3349208
8.26602602005  3333442
8.41424703598  3327544
8.5682580471  3319796
8.72229099274  3307949
8.87930512428  3296230
9.02513313293  3294456
9.18733716011  3260291
9.33756613731  3235664
9.51302504539  3234670
9.67022109032  3217746
9.82103013992  3201813
9.97702217102  3176952
10.1447031498  3152519
