0.00990605354309  9350767
0.0100109577179  9325729
0.0102279186249  9306124
0.010509967804  9249360
0.0107939243317  9136844
0.011344909668  9044043
0.0115149021149  9040465
0.0116708278656  8896334
0.0118169784546  8895567
0.0126888751984  8874816
0.0129020214081  8870476
0.0133638381958  8869745
0.0135118961334  8834541
0.013671875  8825630
0.0137758255005  8618107
0.0139179229736  8581394
0.0148890018463  8534036
0.0149569511414  8518546
0.0150249004364  8431703
0.0151579380035  8195845
0.0152900218964  8195558
0.0153579711914  8074754
0.0155539512634  8055090
0.0156869888306  8030964
0.0157539844513  8025358
0.0158858299255  7988056
0.016597032547  7961842
0.0167298316956  7960999
0.0169270038605  7954754
0.0174999237061  7817376
0.0176849365234  7741428
0.0178799629211  7677591
0.0180048942566  7657270
0.018189907074  7654443
0.0182528495789  7550943
0.0183169841766  7520633
0.0183799266815  7483951
0.0186259746552  7470679
0.0189299583435  7454500
0.0194149017334  7393019
0.0195989608765  7390118
0.0197830200195  7388348
0.0199658870697  7335397
0.0200300216675  7206698
0.0203950405121  7158039
0.0204589366913  7012235
0.0205218791962  7003260
0.020584821701  6963430
0.0206480026245  6900808
0.0209188461304  6839229
0.0216228961945  6809147
0.0220508575439  6787217
0.0227320194244  6720277
0.0231289863586  6719127
0.0232629776001  6696166
0.0234599113464  6682554
0.0240428447723  6681883
0.0245609283447  6632121
0.0246298313141  6595669
0.0254049301147  6591584
0.025985956192  6556414
0.026181936264  6470830
0.0264420509338  6436267
0.0265669822693  6429298
0.0266299247742  6428696
0.0268139839172  6315421
0.0271189212799  6255355
0.0273020267487  6254607
0.027487039566  6252843
0.0277309417725  6237403
0.0278580188751  6154030
0.0286378860474  6141528
0.0288808345795  6095969
0.0306389331818  6088884
0.0313999652863  6075443
0.0317089557648  6072740
0.0318338871002  6067553
0.0320839881897  5953650
0.0322089195251  5953318
0.0323338508606  5901358
0.0324578285217  5886743
0.0325829982758  5876724
0.0344429016113  5876406
0.0346930027008  5828131
0.0357320308685  5750994
0.0362188816071  5668728
0.0369458198547  5659960
0.0371909141541  5658149
0.0373768806458  5632446
0.0375609397888  5628134
0.03768491745  5616781
0.0378699302673  5520720
0.0383009910583  5517883
0.0390899181366  5517827
0.0391540527344  5444213
0.0393989086151  5440195
0.0401849746704  5429733
0.0438809394836  5400483
0.0446488857269  5380830
0.0447969436646  5363684
0.0466129779816  5361156
0.048045873642  5324605
0.0487499237061  5296079
0.0499458312988  5282793
0.05113697052  5267539
0.0514049530029  5197418
0.0515398979187  5177493
0.0516729354858  5151453
0.052384853363  5141769
0.054750919342  5125361
0.0548169612885  5111407
0.0554850101471  5072938
0.0559120178223  5045136
0.0562770366669  5026389
0.057060956955  5021813
0.0582458972931  5017552
0.0584938526154  5002050
0.0598199367523  4996989
0.0626208782196  4995331
0.0642709732056  4993862
0.0644240379333  4993458
0.0653948783875  4920672
0.0672628879547  4886254
0.069571018219  4803215
0.0700850486755  4794900
0.0708248615265  4794495
0.0717709064484  4792453
0.0718400478363  4782680
0.071907043457  4777929
0.0765080451965  4730582
0.077064037323  4730484
0.0825350284576  4728548
0.0835089683533  4722017
0.0889179706573  4699426
0.0890469551086  4658764
0.0898909568787  4595725
0.0907928943634  4594690
0.0916938781738  4591464
0.0919368267059  4586568
0.0924189090729  4578244
0.0926020145416  4540515
0.093859910965  4540035
0.0944018363953  4539653
0.0980708599091  4517868
0.0981409549713  4516008
0.098326921463  4488603
0.101296901703  4479883
0.101789951324  4425266
0.102638959885  4416400
0.10354590416  4407601
0.104308843613  4404788
0.111129045486  4402481
0.115089893341  4401796
0.116662025452  4399892
0.116967916489  4393435
0.117030858994  4382099
0.118896007538  4370517
0.119199037552  4369740
0.124096870422  4345756
0.127710819244  4338987
0.128742933273  4321092
0.130148887634  4304092
0.130482912064  4299010
0.13093996048  4290505
0.132436037064  4276611
0.132891893387  4172098
0.133432865143  4153636
0.135308980942  4150338
0.136157989502  4145854
0.141052007675  4140880
0.141559839249  4135922
0.142478942871  4132512
0.142911911011  4101012
0.147223949432  4100303
0.147536993027  4096614
0.149945020676  4092629
0.154724836349  4014069
0.154975891113  4010036
0.156461000443  3992658
0.158046007156  3985829
0.161404848099  3882268
0.164084911346  3866468
0.16560792923  3858970
0.167909860611  3858966
0.167973995209  3801905
0.169126033783  3788216
0.169551849365  3784245
0.170042037964  3772103
0.171066045761  3770689
0.176062822342  3750867
0.179010868073  3749899
0.183686971664  3738293
0.185027837753  3685316
0.194291830063  3658412
0.20281791687  3658348
0.203860998154  3653799
0.204058885574  3653716
0.209447860718  3653608
0.216500043869  3647683
0.21683382988  3642993
0.221350908279  3593572
0.221899986267  3583299
0.222911834717  3581516
0.225069999695  3575795
0.227777957916  3543288
0.231408834457  3536447
0.23246884346  3535809
0.233299970627  3531108
0.239935874939  3529354
0.245497941971  3528824
0.251603841782  3525113
0.252280950546  3521464
0.256155014038  3521253
0.256404876709  3519842
0.258277893066  3505618
0.262922048569  3503063
0.266628026962  3470831
0.269932031631  3463820
0.275761842728  3461744
0.286504030228  3453501
0.301435947418  3401780
0.301878929138  3400920
0.311138868332  3400453
0.311944007874  3398865
0.313022851944  3373881
0.314174890518  3370935
0.314302921295  3364596
0.316419839859  3364471
0.32134103775  3355207
0.330816984177  3347921
0.334136962891  3346739
0.337342023849  3341590
0.341303825378  3341575
0.342911958694  3312126
0.348978996277  3304102
0.349411964417  3304084
0.35110783577  3303444
0.35445189476  3301745
0.354578018188  3300808
0.361196994781  3299470
0.362952947617  3296611
0.373169898987  3280255
0.375524997711  3280019
0.401506900787  3278154
0.415031909943  3274982
0.416379928589  3270052
0.418166875839  3266246
0.420578956604  3266074
0.432077884674  3245235
0.446069002151  3234440
0.453948020935  3233647
0.460068941116  3195285
0.464756965637  3181595
0.470417022705  3181391
0.481467008591  3142312
0.487586021423  3100523
0.488803863525  3099225
0.511225938797  3097205
0.512172937393  3092661
0.517030000687  3092341
0.519632816315  3071198
0.52249789238  3048869
0.523110866547  3035416
0.527097940445  3034247
0.532928943634  3033700
0.537430047989  3024814
0.544188976288  3024061
0.559912919998  3017694
0.55998301506  3016912
0.560349941254  3014405
0.563472032547  3007944
0.564330816269  3007091
0.56959605217  2999867
0.576838970184  2983462
0.592986822128  2978571
0.605100870132  2976171
0.607698917389  2975855
0.60860991478  2968175
0.608793973923  2967942
0.611801862717  2967097
0.613576889038  2961525
0.614193916321  2961223
0.614560842514  2908193
0.616595983505  2907488
0.627534866333  2902574
0.636641025543  2902072
0.638039827347  2901790
0.652050971985  2900367
0.654363870621  2899595
0.656369924545  2893846
0.669781923294  2893698
0.674244880676  2886276
0.686700820923  2886054
0.689847946167  2885845
0.710127830505  2875639
0.720988988876  2874719
0.725322961807  2861411
0.728416919708  2857998
0.745921850204  2856691
0.749639034271  2853258
0.751373052597  2850914
0.807895898819  2847538
0.822760820389  2846407
0.826807975769  2843940
0.831300020218  2842387
0.837409973145  2840496
0.854737043381  2839081
