0.0089590549469  9290027
0.00909996032715  9238449
0.00943303108215  9141897
0.00955200195312  9140881
0.00971412658691  9137408
0.0102150440216  9028107
0.0102910995483  8978125
0.0104510784149  8906164
0.0113639831543  8856322
0.0114469528198  8822193
0.0116939544678  8731361
0.0126690864563  8711125
0.0131280422211  8682528
0.0135009288788  8617991
0.0135760307312  8481675
0.0146770477295  8361394
0.0147531032562  8358154
0.0149130821228  8267850
0.014988899231  8251860
0.0161330699921  8241279
0.0162079334259  8219300
0.0177459716797  8209449
0.0181219577789  8194949
0.0181980133057  8194271
0.0183160305023  8190473
0.0184760093689  8069809
0.0188069343567  8033748
0.0188820362091  8032522
0.0190000534058  7984186
0.0197100639343  7891829
0.0199949741364  7878194
0.0223588943481  7866040
0.0246150493622  7855243
0.0247371196747  7821456
0.0248980522156  7722601
0.0251019001007  7681994
0.0254769325256  7558260
0.0255720615387  7474513
0.0279068946838  7471315
0.0304269790649  7439805
0.0310380458832  7437438
0.031142950058  7425339
0.0313940048218  7393173
0.0339150428772  7381014
0.0383050441742  7379589
0.0384380817413  7283263
0.0386469364166  7237090
0.0393838882446  7206071
0.0397839546204  7100835
0.0399498939514  7085674
0.0400280952454  6980710
0.0401470661163  6953799
0.0402240753174  6950431
0.0406188964844  6873755
0.0407431125641  6856583
0.040864944458  6841701
0.0412399768829  6782882
0.0421829223633  6656134
0.0422599315643  6654224
0.0424659252167  6536263
0.0425419807434  6531906
0.0430500507355  6476022
0.0431270599365  6462343
0.0433750152588  6323109
0.0444900989532  6249544
0.0455250740051  6146736
0.0456039905548  6133302
0.0467460155487  6089629
0.0468649864197  6086861
0.0469400882721  6085324
0.0471839904785  5968168
0.0473020076752  5959893
0.0485100746155  5911286
0.0485908985138  5815634
0.0498940944672  5771189
0.0499799251556  5755384
0.0502419471741  5686709
0.050409078598  5678710
0.0548028945923  5678349
0.0566689968109  5613233
0.0567960739136  5605526
0.0570859909058  5569525
0.0576770305634  5561884
0.0591700077057  5534296
0.0595009326935  5503442
0.059662103653  5443896
0.0624599456787  5443762
0.068717956543  5381456
0.069128036499  5276980
0.0692760944366  5245046
0.069993019104  5190044
0.0702030658722  5128320
0.0708389282227  5007629
0.0710189342499  4995884
0.0711131095886  4992320
0.0716419219971  4976178
0.0717289447784  4873851
0.0724039077759  4854877
0.0724909305573  4854467
0.0726270675659  4853293
0.0781309604645  4739903
0.0879440307617  4736302
0.0981600284576  4672782
0.0982370376587  4672261
0.107937097549  4612340
0.10801410675  4612287
0.117688894272  4533914
0.12797498703  4468607
0.128056049347  4468423
0.137964963913  4391804
0.149524927139  4378085
0.160972118378  4227313
0.161102056503  4226399
0.172601938248  4204431
0.182313919067  4200856
0.193421125412  4200384
0.203063964844  4192012
0.203140974045  4192001
0.214884996414  4141533
0.214962005615  4140383
0.224949121475  4035770
0.238780975342  4005441
0.252192974091  4004813
0.265676021576  3991451
0.275695085526  3982778
0.285577058792  3941515
0.300916910172  3914838
0.313024044037  3901892
0.327797889709  3863477
0.342498064041  3822103
0.352904081345  3758111
0.368990898132  3743489
0.379717111588  3687703
0.390053987503  3687603
0.390136957169  3687480
0.400322914124  3612872
0.410839080811  3557672
0.410936117172  3556635
0.421678066254  3470880
0.437143087387  3452289
0.452208995819  3395775
0.47012090683  3387003
0.485971927643  3386945
0.500667095184  3386843
0.515377998352  3294217
0.534703016281  3291008
0.551440954208  3284670
0.566363096237  3254814
0.581556081772  3199542
0.600146055222  3198113
0.61580991745  3191815
0.635596990585  3175176
0.654922008514  3158345
0.669630050659  3156169
0.685334920883  3154299
0.706718921661  3143278
0.734472036362  3128112
0.764497041702  3104979
0.789814949036  3104894
0.814203023911  3095294
0.838943004608  3089633
0.865643978119  3070589
0.892507076263  3066281
0.921932935715  3060431
0.95467710495  3021796
0.986104011536  3012138
1.03298592567  3008375
