0.0094850063324  10381043
0.00995802879333  10299944
0.0104742050171  10299513
0.0106542110443  10243061
0.0107851028442  10114242
0.0108511447906  10074309
0.0109159946442  10032208
0.0109801292419  9947333
0.0111660957336  9852008
0.0114130973816  9737070
0.0114769935608  9667280
0.0116620063782  9659977
0.0117270946503  9549398
0.0117900371552  9466108
0.0119750499725  9349461
0.0120391845703  9291965
0.0121030807495  9291338
0.0123670101166  9277917
0.0124390125275  9267464
0.0126891136169  9253144
0.012754201889  9069910
0.0128180980682  8945908
0.0129420757294  8859588
0.0130791664124  8782696
0.013200044632  8454933
0.0132710933685  8407390
0.0133371353149  8307382
0.0137670040131  8205353
0.014014005661  8198467
0.0142002105713  8175656
0.0143852233887  8167272
0.0144491195679  8073184
0.0145130157471  8010754
0.0150620937347  7994836
0.0152480602264  7979775
0.0153121948242  7892203
0.0154361724854  7801138
0.0159242153168  7611723
0.0163512229919  7535323
0.016716003418  7510779
0.0170810222626  7473559
0.0172049999237  7423942
0.017391204834  7404848
0.0174551010132  7216706
0.0183711051941  7173532
0.0185561180115  7125236
0.0188610553741  7113548
0.0191061496735  7106436
0.0195322036743  7062518
0.0199580192566  7043922
0.0200819969177  7024092
0.020268201828  6931113
0.0205161571503  6909420
0.0206429958344  6867242
0.0207672119141  6864128
0.0210740566254  6863784
0.0214421749115  6839909
0.0217471122742  6798176
0.0218110084534  6791100
0.0220580101013  6610606
0.0226051807404  6526263
0.0227911472321  6510504
0.0229151248932  6463143
0.0230991840363  6455527
0.0240061283112  6384911
0.0247340202332  6313040
0.0249791145325  6296674
0.0252840518951  6296086
0.0255692005157  6202305
0.0271060466766  6189283
0.0278220176697  6168282
0.0280241966248  6159460
0.028697013855  6159229
0.0290641784668  6142782
0.0302791595459  5997845
0.0308542251587  5886273
0.0310471057892  5884454
0.0311732292175  5876702
0.0316030979156  5873331
0.0319721698761  5825209
0.0328810214996  5708521
0.0330049991608  5706474
0.0336170196533  5704089
0.0337421894073  5648021
0.0339941978455  5545420
0.0349111557007  5531717
0.0350961685181  5530834
0.0356760025024  5530083
0.0363311767578  5515666
0.0366451740265  5478225
0.0375261306763  5452401
0.0377771854401  5444651
0.0388641357422  5416048
0.0389940738678  5411606
0.0391201972961  5388834
0.0391850471497  5294007
0.0393102169037  5290050
0.0395600795746  5239678
0.0399870872498  5220120
0.0419061183929  5209227
0.0435910224915  5180744
0.0461950302124  5100631
0.0468821525574  5046135
0.0470161437988  5046094
0.0473761558533  5041513
0.0485961437225  5038116
0.050549030304  5037836
0.050742149353  5037253
0.0525200366974  5030029
0.0526461601257  5010296
0.052953004837  5007937
0.0530171394348  5003323
0.0535650253296  4997091
0.0553231239319  4989584
0.0565969944  4926055
0.0572040081024  4853840
0.0577502250671  4840324
0.0618100166321  4815867
0.0620651245117  4783891
0.0622520446777  4772453
0.0643651485443  4765517
0.0657680034637  4752799
0.0662591457367  4703657
0.0665650367737  4640503
0.0666902065277  4626595
0.0669960975647  4618424
0.0681500434875  4563005
0.0684552192688  4559524
0.0689451694489  4534108
0.0697360038757  4533271
0.0706460475922  4515103
0.0713150501251  4453106
0.0715591907501  4448897
0.0717442035675  4435122
0.071869134903  4390625
0.0728352069855  4380629
0.0731401443481  4379219
0.0746500492096  4367484
0.0761260986328  4365622
0.0765960216522  4247876
0.0773320198059  4244105
0.0786950588226  4166120
0.0801360607147  4154994
0.0828821659088  4154808
0.0835571289062  4084789
0.0873210430145  4084689
0.0873861312866  4078630
0.0876321792603  3986641
0.0887930393219  3981997
0.0896451473236  3973102
0.0901930332184  3969862
0.0903182029724  3960238
0.0911102294922  3944508
0.0949110984802  3942028
0.0961921215057  3918536
0.0972230434418  3917314
0.09867811203  3912585
0.0993452072144  3857396
0.100255012512  3796228
0.100983142853  3775363
0.102132081985  3773454
0.102437019348  3766272
0.104113101959  3763733
0.108788013458  3763593
0.109599113464  3744010
0.109980106354  3742572
0.113111019135  3738094
0.11766409874  3707104
0.119863033295  3689540
0.12104511261  3684202
0.122439146042  3663387
0.123651027679  3636421
0.123957157135  3630599
0.12438416481  3623940
0.126537084579  3570504
0.12876701355  3550677
0.133876085281  3550118
0.136984109879  3545059
0.137053012848  3535644
0.137574195862  3518848
0.14061999321  3515946
0.145997047424  3501096
0.149192094803  3498807
0.15012216568  3498394
0.154908180237  3487908
0.15617108345  3486920
0.156701087952  3486784
0.157567024231  3472825
0.157875061035  3467199
0.159307003021  3456998
0.16286110878  3425686
0.167564153671  3415999
0.172869205475  3394463
0.174147129059  3385135
0.178843021393  3379540
0.17934012413  3379121
0.182987213135  3376754
0.184810161591  3375819
0.185118198395  3374736
0.189777135849  3373606
0.197764158249  3366689
0.19887304306  3355710
0.208831071854  3307011
0.209893226624  3289494
0.217872142792  3279106
0.223114013672  3265576
0.22324514389  3234658
0.236398220062  3231489
0.237017154694  3231389
0.245655059814  3225416
0.248010158539  3221568
0.248486042023  3219748
0.253337144852  3218971
0.255141019821  3217003
0.256046056747  3215940
0.25661110878  3202690
0.264124155045  3179612
0.267798185349  3119809
0.270778179169  3119219
0.272297143936  3111147
0.274657011032  3110585
0.274782180786  3101535
0.275836229324  3081539
0.278566122055  3029866
0.279852151871  3029319
0.282942056656  3027852
0.283732175827  3023049
0.287057161331  2987687
0.288456201553  2985920
0.291030168533  2949198
0.291952133179  2948541
0.294642210007  2945577
0.298273086548  2932201
0.300483226776  2876349
