0.00984001159668  9481542
0.0105249881744  9398813
0.0107021331787  9398572
0.0109930038452  9341907
0.0118930339813  9311692
0.0120279788971  9238560
0.0127079486847  9179324
0.013927936554  9166971
0.0157611370087  9149077
0.0159239768982  8996306
0.0160000324249  8948463
0.0164189338684  8921781
0.0170090198517  8863322
0.0172560214996  8828688
0.0173320770264  8772679
0.0179281234741  8748516
0.01868891716  8725380
0.019021987915  8700058
0.0190980434418  8696835
0.0192589759827  8606450
0.0200641155243  8515358
0.0236189365387  8511236
0.0244550704956  8501886
0.0245759487152  8450101
0.0247390270233  8295037
0.0249860286713  8249793
0.0257771015167  8115513
0.0261800289154  8073068
0.0279009342194  8041459
0.0282080173492  8023024
0.028352022171  7996762
0.0285739898682  7916399
0.029853105545  7908460
0.0306100845337  7812490
0.0307729244232  7782202
0.0328059196472  7720915
0.0373921394348  7636041
0.0375580787659  7600915
0.0458540916443  7586214
0.0466461181641  7475124
0.0468690395355  7469518
0.0471429824829  7382447
0.0473201274872  7367387
0.0489430427551  7323439
0.0491290092468  7229465
0.0492129325867  7226191
0.0507371425629  7199095
0.0529119968414  7175416
0.0532109737396  7168645
0.0532960891724  7097969
0.0534241199493  7092529
0.0535061359406  7086635
0.0536799430847  7006566
0.0540869235992  6960517
0.0541739463806  6957007
0.0562069416046  6875729
0.0563290119171  6864264
0.0564920902252  6846705
0.056568145752  6816397
0.0567729473114  6810208
0.0568490028381  6809224
0.0571820735931  6803717
0.0573439598083  6802388
0.057461977005  6800893
0.0576529502869  6738217
0.0577321052551  6735283
0.0583310127258  6732120
0.0591161251068  6718762
0.0592980384827  6709002
0.0622410774231  6700727
0.0624809265137  6665182
0.0626089572906  6662103
0.0665950775146  6658391
0.0666930675507  6589625
0.0704760551453  6577593
0.0742089748383  6525476
0.0840499401093  6502864
0.0841901302338  6467967
0.0843870639801  6445901
0.0844659805298  6347164
0.0870840549469  6343231
0.0879590511322  6342210
0.0908410549164  6333484
0.0909469127655  6326887
0.0913801193237  6291774
0.0947420597076  6271636
0.0948300361633  6167574
0.0949509143829  6141247
0.095027923584  6138250
0.095860004425  6134576
0.0959899425507  6128170
0.0962839126587  6115420
0.0966620445251  6079829
0.0973010063171  6071529
0.0981180667877  6059946
0.0981950759888  6029928
0.0990509986877  6027501
0.0991280078888  5929770
0.100287914276  5921249
0.104537010193  5892008
0.104663133621  5877333
0.104870080948  5841425
0.104947090149  5840215
0.11568903923  5830141
0.115776062012  5829777
0.1317050457  5603692
0.131793022156  5603093
0.14576292038  5592710
0.15611410141  5551139
0.171288967133  5543370
0.182579994202  5539003
0.198734998703  5538337
0.212077140808  5532916
0.212175130844  5532649
0.223175048828  5527895
0.233792066574  5515184
0.245556116104  5512564
0.245754957199  5512559
0.255789995193  5481764
0.255876064301  5481532
0.267795085907  5449010
0.288298130035  5442086
0.302897930145  5397771
0.302984952927  5396696
0.315043926239  5315627
0.325990915298  5196481
0.340852022171  5194582
0.351948976517  5194085
0.367545127869  5193591
0.378979921341  5112123
0.390336990356  5098139
0.405869007111  4977275
0.405956029892  4977264
0.419578075409  4969056
0.430330991745  4916754
0.441134929657  4865661
0.457565069199  4827403
0.469799041748  4822513
0.485414981842  4732855
0.496825933456  4678127
0.507484912872  4644977
0.519132137299  4591739
0.532941102982  4569959
0.544610977173  4547440
0.554496049881  4547223
0.570102930069  4537028
0.583940982819  4506239
0.602725028992  4504784
0.619157075882  4491661
0.619246006012  4491325
0.63134098053  4371805
0.642247915268  4368625
0.656168937683  4359255
0.656255960464  4359013
0.668971061707  4348371
0.669058084488  4347284
0.683737039566  4327084
0.696504116058  4296330
0.707467079163  4273806
0.723515033722  4269967
0.723613977432  4269603
0.737856149673  4265916
0.750458955765  4262225
0.770484924316  4260785
0.770573139191  4259414
0.785855054855  4249355
0.8001101017  4246326
0.811393022537  4243907
0.821850061417  4096872
0.821934938431  4096326
0.832806110382  3945640
0.832891941071  3944549
0.844722032547  3867829
0.855544090271  3801695
0.866508960724  3799954
0.881829023361  3797037
0.897994995117  3796400
0.90801692009  3796266
0.92066192627  3779941
0.935833930969  3684315
0.935920953751  3683769
0.947262048721  3679929
0.965193033218  3674495
0.965282917023  3672983
0.975602149963  3654479
0.991099119186  3640893
1.00565004349  3564306
1.01658797264  3560824
1.03130292892  3473695
1.0313949585  3473145
1.05001306534  3464996
1.05010199547  3463466
1.06146001816  3413748
1.0721540451  3390480
1.08708310127  3377480
1.09799408913  3358254
1.11370611191  3324156
1.1571700573  3229703
1.20140099525  3228897
1.22281599045  3226230
1.24931907654  3224490
1.27427411079  3207963
1.29362106323  3202807
1.30475997925  3193637
1.31588196754  3180031
1.33154201508  3146008
1.35183811188  3145558
1.37422204018  3109175
1.39147400856  3096748
1.41143012047  3092466
1.4286339283  3091634
1.45467209816  3078011
1.47565507889  3069651
1.50351309776  3067781
1.5213830471  3062814
1.54430103302  3056667
1.56847691536  3047001
1.59152507782  3038511
1.61678695679  3036579
1.63764214516  3025799
1.66356706619  3022929
1.68752503395  3007706
1.71112513542  2991923
1.73459410667  2984367
1.75637412071  2966026
1.7821791172  2953243
1.80822300911  2945304
1.82934904099  2931212
1.8544960022  2918613
1.87511301041  2913549
1.91074800491  2900403
1.93257904053  2894018
1.95343708992  2866306
1.98889112473  2863445
2.01687192917  2859873
2.04492998123  2857798
2.07302713394  2857688
2.11150312424  2856278
2.17246294022  2856136
2.25488400459  2845294
2.33108496666  2832999
2.40875101089  2814302
2.48922514915  2810151
2.573168993  2810064
2.59046292305  2809460
2.61124992371  2809340
2.68464708328  2791512
2.75546002388  2787829
2.83838701248  2779806
2.9203979969  2765100
3.00733995438  2765083
3.10992312431  2751868
3.2637591362  2744869
3.35604810715  2741649
3.41625094414  2740800
3.4287109375  2737199
3.44286799431  2704122
3.47163200378  2703493
3.49417495728  2702569
3.51715493202  2698127
3.56786704063  2697315
3.61930799484  2690259
3.67520213127  2667495
3.7503631115  2659300
3.83992910385  2657316
4.16937303543  2651434
4.307929039  2644979
4.44342899323  2644757
4.47342395782  2640644
4.49403595924  2634065
4.51279497147  2599654
4.54369306564  2595542
4.585916996  2592687
4.6206870079  2584311
4.68737196922  2581521
4.74252200127  2578782
4.80228114128  2558558
4.86060214043  2547427
4.94610595703  2541515
4.98254704475  2537041
5.01887798309  2536911
5.05335402489  2492047
5.07059407234  2491180
5.09135198593  2482182
5.10408496857  2477982
5.10423707962  2477740
5.12046003342  2438458
5.13702106476  2397291
5.13711309433  2396692
5.15581798553  2395825
5.17766404152  2385390
5.19228506088  2381190
5.19237208366  2380948
5.22298192978  2341713
5.25321602821  2340187
5.28144097328  2335062
5.30996012688  2312054
5.33959794044  2311114
5.35152697563  2305436
5.35161495209  2305425
5.36476802826  2301827
5.36494207382  2301816
5.37929296494  2294926
5.37941002846  2293619
5.50117611885  2289942
5.61915302277  2282705
5.73957109451  2282427
5.7863650322  2277217
5.80328011513  2261635
5.87474703789  2220349
5.9910299778  2219196
6.10878705978  2218718
6.24001908302  2208652
6.36682796478  2205516
6.48961901665  2204176
6.62517404556  2203312
6.74863505363  2201165
6.86743593216  2198584
7.00119495392  2197288
7.17048096657  2194867
7.31130099297  2194798
7.45249009132  2192408
7.59359002113  2188201
7.74127411842  2185288
7.89058995247  2179056
8.02788305283  2177546
8.21695303917  2177523
8.47570896149  2175135
8.61704897881  2174780
8.76155996323  2172384
8.90179204941  2171187
9.04216098785  2169640
9.18246507645  2169543
9.33284497261  2166493
9.46762609482  2166471
9.60186100006  2164400
9.7288839817  2163637
9.86241006851  2162949
9.98846793175  2162672
10.1173229218  2161449
10.245057106  2159739
10.3817601204  2159674
10.540086031  2156721
10.7162771225  2156277
10.8704910278  2153586
11.0190389156  2151310
11.1694779396  2147302
11.3248410225  2146072
11.4747951031  2145774
11.6229040623  2144154
11.7677929401  2139421
11.9252979755  2137927
12.0858199596  2132357
12.2440459728  2131721
12.4336321354  2131168
12.6300489902  2131098
12.8122811317  2130757
12.9950909615  2129961
13.175714016  2129726
13.3465571404  2129519
13.5456781387  2129066
13.7426249981  2128099
13.9481909275  2126501
14.1450750828  2124203
14.3405940533  2124088
14.5575430393  2119371
14.7820739746  2116894
14.9989709854  2116613
15.2262001038  2115574
15.4582469463  2097854
15.6830379963  2093385
15.9119179249  2084293
16.1527249813  2080731
16.3885381222  2076512
16.6522109509  2073784
16.9141609669  2037794
17.1623830795  2020964
17.4231870174  2012691
17.676420927  1997635
17.9380979538  1997143
18.2038741112  1993171
18.4271790981  1987341
18.6796400547  1982933
18.9216990471  1979142
19.1693840027  1976890
19.4130239487  1946520
19.6782879829  1939210
19.9538760185  1932723
20.2285439968  1929804
20.4900369644  1921987
20.7757749557  1914082
21.0564050674  1909465
21.3450031281  1895286
21.6334960461  1892120
21.9164280891  1870362
22.1964321136  1856040
22.4780550003  1848992
22.7652480602  1793464
23.055768013  1788607
23.3421919346  1767744
23.6462879181  1765960
23.934155941  1764858
24.228372097  1751585
24.5215921402  1747215
24.8037099838  1745778
25.0917840004  1742064
25.3960950375  1740781
25.6919810772  1739282
25.9736950397  1729901
26.2737669945  1727222
26.5705659389  1711479
26.8846309185  1702332
27.200150013  1699933
27.5183961391  1680669
27.8274281025  1655228
28.1307299137  1649843
28.4433810711  1609784
28.7450559139  1605849
29.0626280308  1569714
29.3626749516  1568562
29.667276144  1531120
29.9692950249  1507567
30.2651331425  1501696
30.5505840778  1492115
30.9731860161  1486926
31.2715759277  1473287
31.5585489273  1455882
31.8540251255  1426244
32.1653621197  1351290
32.4716689587  1327929
32.775537014  1326275
33.1134259701  1326135
33.4486000538  1315478
33.7619359493  1311692
34.0839290619  1295926
34.4422049522  1295779
34.7627639771  1286674
35.0709321499  1267193
35.3606529236  1266305
35.6651949883  1253918
35.9625389576  1253121
36.2606680393  1252236
