0.00987815856934  9290027
0.010185956955  9238449
0.0108940601349  9141897
0.0110759735107  9140881
0.011283159256  9137408
0.0117909908295  9028107
0.0118680000305  8978125
0.01202917099  8906164
0.0128781795502  8856322
0.0129539966583  8822193
0.013200044632  8731361
0.0141761302948  8711125
0.0146360397339  8682528
0.0150110721588  8617991
0.0150861740112  8481675
0.0161910057068  8361394
0.0162670612335  8358154
0.0164270401001  8267850
0.0165021419525  8251860
0.0176510810852  8241279
0.0177271366119  8219300
0.0194230079651  8209449
0.0198001861572  8194949
0.0198760032654  8194271
0.019994020462  8190473
0.0201549530029  8069809
0.0205261707306  8033748
0.020604133606  8032522
0.0208480358124  7984186
0.0215620994568  7891829
0.0216891765594  7878194
0.0236001014709  7866040
0.0258531570435  7855243
0.0259730815887  7821456
0.0261340141296  7722601
0.026337146759  7681994
0.026682138443  7558260
0.0268349647522  7474513
0.0309240818024  7471315
0.0333411693573  7439805
0.0339741706848  7437438
0.0340621471405  7425339
0.0342481136322  7393173
0.0374820232391  7381014
0.0427000522614  7379589
0.0428400039673  7283263
0.0430631637573  7237090
0.0437920093536  7206071
0.0441620349884  7100835
0.0444071292877  7085674
0.0445699691772  6980710
0.044842004776  6953799
0.0450150966644  6950431
0.0455751419067  6873755
0.0456869602203  6856583
0.0458180904388  6841701
0.0462231636047  6782882
0.0471701622009  6656134
0.0472581386566  6654224
0.0474710464478  6536263
0.0475490093231  6531906
0.0480589866638  6476022
0.0481350421906  6462343
0.0483920574188  6323109
0.0494179725647  6249544
0.0506219863892  6146736
0.050714969635  6133302
0.0520551204681  6089629
0.0521950721741  6086861
0.0522930622101  6085324
0.0525500774384  5968168
0.0526759624481  5959893
0.0539469718933  5911286
0.0540421009064  5815634
0.0553681850433  5771189
0.0554480552673  5755384
0.0557081699371  5686709
0.0558710098267  5678710
0.0601091384888  5678349
0.0619461536407  5613233
0.0621671676636  5605526
0.0624799728394  5569525
0.0634660720825  5561884
0.0650391578674  5534296
0.0656449794769  5503442
0.0658941268921  5443896
0.0678231716156  5443762
0.0728211402893  5381456
0.0730950832367  5276980
0.0731821060181  5245046
0.0735759735107  5190044
0.0737321376801  5128320
0.0741190910339  5007629
0.0742411613464  4995884
0.0743191242218  4992320
0.0748620033264  4976178
0.0749461650848  4873851
0.07555103302  4854877
0.0756289958954  4854467
0.0757479667664  4853293
0.0810091495514  4739903
0.0940310955048  4736302
0.10508108139  4672782
0.105167150497  4672261
0.116777181625  4612340
0.116898059845  4612287
0.126873970032  4533914
0.138396978378  4468607
0.138483047485  4468423
0.149436950684  4391804
0.160225152969  4378085
0.172094106674  4227313
0.172181129456  4226399
0.184030056  4204431
0.194218158722  4200856
0.206400156021  4200384
0.217992067337  4192012
0.218086004257  4192001
0.23171210289  4141533
0.231799125671  4140383
0.242141962051  4035770
0.257225036621  4005441
0.272217988968  4004813
0.286682128906  3991451
0.299345016479  3982778
0.309774160385  3941515
0.325131177902  3914838
0.33536696434  3901892
0.350600004196  3863477
0.366777181625  3822103
0.376867055893  3758111
0.392912149429  3743489
0.402995109558  3687703
0.414668083191  3687603
0.414757966995  3687480
0.425943136215  3612872
0.43751001358  3557672
0.437602043152  3556635
0.448404073715  3470880
0.465137958527  3452289
0.481376171112  3395775
0.496773958206  3387003
0.513064146042  3386945
0.52904009819  3386843
0.544353961945  3294217
0.563483953476  3291008
0.582158088684  3284670
0.598615169525  3254814
0.61554312706  3199542
0.634943962097  3198113
0.653815031052  3191815
0.676624059677  3175176
0.70059299469  3158345
0.722640991211  3156169
0.742084026337  3154299
0.768507003784  3143278
0.797091007233  3128112
0.831218004227  3104979
0.856897115707  3104894
0.885437965393  3095294
0.912930011749  3089633
0.938330173492  3070589
0.965564966202  3066281
0.997946977615  3060431
1.02918601036  3021796
1.06008005142  3012138
1.10681605339  3008375
1.15592002869  2990828
1.20351815224  2971654
1.22904896736  2970262
1.2592561245  2968778
1.28497314453  2964751
1.31654310226  2927665
1.35238695145  2904408
1.38865804672  2886700
1.42530298233  2864552
1.46497797966  2862185
1.50015306473  2859483
1.5372941494  2822741
1.58845114708  2746618
1.64141511917  2715300
1.69226098061  2665044
1.74286603928  2658724
1.79571413994  2651039
1.81293916702  2637663
1.8315820694  2635514
1.86180496216  2629315
1.89407706261  2614032
1.91516304016  2601877
1.94679713249  2530834
1.97753000259  2526371
2.01214599609  2520896
2.04296898842  2520382
2.07409405708  2518707
2.10569095612  2517722
2.14978504181  2517200
2.19132113457  2516830
2.23284602165  2516211
2.29957103729  2511342
2.37408399582  2496840
2.44975614548  2448780
2.52784109116  2443418
2.60333108902  2442968
2.67860913277  2437044
2.75376915932  2436235
2.82763695717  2430325
2.90484309196  2428062
2.97935414314  2375148
3.05965709686  2367837
3.13573002815  2361990
3.21656513214  2361563
3.29896807671  2331906
3.38296318054  2331605
3.46706795692  2322183
3.54673695564  2309089
3.61739397049  2308707
3.70607614517  2247770
3.77797913551  2244968
3.87547111511  2206553
3.95009613037  2202404
4.02745699883  2201821
4.10111618042  2185306
4.17887115479  2179944
4.25760412216  2179836
4.34854102135  2143724
4.52645611763  2124096
4.63197302818  2123101
4.74436306953  2114990
4.86885404587  2062646
4.96020412445  2059379
5.04571008682  2059142
5.13354301453  2058887
5.22273612022  2058491
5.37096095085  2055310
5.51373696327  2052337
5.65620017052  2048622
5.80116605759  2048442
5.94241213799  2046824
6.09083104134  2023865
6.23839306831  2018186
6.39220309258  2017110
6.55764102936  2016893
6.71240901947  2016717
6.89131999016  2008940
7.09696698189  1995628
7.42399096489  1994890
7.75964999199  1988188
8.04200196266  1987959
8.29766011238  1984654
8.52629709244  1982853
8.85104703903  1980449
9.1410381794  1978774
9.39264011383  1978264
9.64585900307  1966757
10.0851819515  1966453
10.401540041  1956527
10.6950931549  1950629
10.9640240669  1947430
11.2180809975  1941238
11.4757759571  1940795
11.7149090767  1938126
12.0994210243  1936771
12.4923779964  1935120
12.859413147  1928404
13.1897301674  1927253
13.5064530373  1924187
13.8415119648  1922059
14.5879621506  1919496
15.2721321583  1912745
16.223678112  1874388
17.0297350883  1872147
17.7323009968  1867427
18.099157095  1863559
18.4426851273  1862718
18.8263370991  1859170
19.1667850018  1853850
19.5069241524  1853461
19.8445019722  1852076
20.1722719669  1851285
20.5358641148  1847419
20.9366049767  1845417
21.2307760715  1843043
21.5453310013  1842016
21.8788750172  1841414
22.2056641579  1841006
22.5670659542  1839740
22.9148731232  1837588
23.3038890362  1828593
23.6558611393  1813403
23.9963870049  1802093
24.4435019493  1797282
24.8130509853  1794446
25.1883449554  1787344
25.5724210739  1761458
25.9242010117  1750046
26.2753751278  1738118
26.6301031113  1735997
26.9650771618  1718146
27.3184990883  1713026
27.6032581329  1711975
27.9097549915  1710324
28.2286720276  1701365
28.535061121  1695448
28.8169441223  1694416
29.0472750664  1692382
29.2812290192  1691672
29.507035017  1689676
29.7408530712  1685402
29.969091177  1683079
30.199532032  1648488
30.4403021336  1641634
30.6721179485  1631309
30.9957001209  1609080
31.2272000313  1607848
31.4512581825  1602785
31.6726031303  1601915
31.9144699574  1600631
32.131953001  1599760
32.3582141399  1599468
32.5675151348  1585225
32.7924280167  1578847
33.036798954  1578663
33.281452179  1575756
33.5560081005  1574657
33.7894301414  1574588
34.0413680077  1567710
34.290487051  1567091
34.5417261124  1564542
34.7812709808  1560133
35.0255460739  1558501
35.2611410618  1557780
35.511644125  1550139
35.7597391605  1549845
36.050178051  1546175
36.3652780056  1532647
36.6320199966  1529180
36.883133173  1526433
37.1464130878  1525789
37.4001851082  1524385
37.657834053  1523939
37.8970720768  1523055
38.1407570839  1522998
38.3911499977  1519315
38.6483449936  1519284
38.9094231129  1519194
39.164919138  1519190
39.4334299564  1519186
39.6918780804  1516427
39.9437971115  1516328
40.1785299778  1514197
40.4328150749  1514077
40.6895911694  1513267
40.9474990368  1510371
41.1833121777  1507517
41.4310879707  1504711
41.6748239994  1504463
41.9406280518  1501683
42.1963710785  1501468
42.5622980595  1500867
42.8394050598  1500369
43.1049301624  1498861
43.3689780235  1498783
43.6467411518  1497676
43.9234700203  1496779
44.1985690594  1491586
44.4755420685  1490388
44.7723150253  1490172
45.0508241653  1489666
45.3373579979  1489525
45.6379711628  1489512
45.9138481617  1480449
46.1951351166  1480106
46.4967889786  1475324
46.812153101  1464840
47.0685181618  1463547
47.400603056  1459530
47.7165060043  1459087
47.9764540195  1452171
48.2102379799  1449702
48.4500119686  1449551
48.7619650364  1444455
49.0810379982  1440820
49.4010460377  1411395
49.719586134  1368119
50.0309941769  1359376
