0.0107979774475  9875467
0.0116031169891  9737094
0.0117330551147  9615930
0.0118579864502  9519758
0.0121030807495  9438851
0.0121669769287  9385500
0.0122921466827  9243516
0.0123550891876  9238011
0.0124180316925  9236854
0.0126631259918  9083009
0.0128471851349  8938080
0.0130321979523  8834421
0.0130960941315  8573491
0.0132200717926  8545872
0.0134651660919  8481254
0.0135290622711  8188015
0.0137732028961  8110668
0.0148010253906  8106919
0.0148651599884  8031961
0.0150489807129  7944177
0.015233039856  7941917
0.0153570175171  7887344
0.0154809951782  7875838
0.0156061649323  7870725
0.0157899856567  7741891
0.0158531665802  7698985
0.0159771442413  7696129
0.0161020755768  7661506
0.0161650180817  7642596
0.0164091587067  7549840
0.0164730548859  7547723
0.0166571140289  7425457
0.0167200565338  7398656
0.0167841911316  7376864
0.0177459716797  7271955
0.0183501243591  7263424
0.0187141895294  7211744
0.0187771320343  7202634
0.0189011096954  7202379
0.0189640522003  7200545
0.0192081928253  7079763
0.0196330547333  7075249
0.0197291374207  7046265
0.020045042038  7017198
0.0201790332794  7015480
0.0209171772003  7002110
0.0211169719696  7001027
0.0211870670319  6884628
0.0213150978088  6756807
0.0224690437317  6752836
0.0236790180206  6710278
0.0248281955719  6643652
0.0255479812622  6596448
0.0264420509338  6592375
0.0268030166626  6585796
0.0276741981506  6542228
0.028923034668  6540980
0.0293681621552  6513843
0.029736995697  6456811
0.0301179885864  6455107
0.0301830768585  6396369
0.0303092002869  6329511
0.0311720371246  6295676
0.0313711166382  6252108
0.0320739746094  6190319
0.0324051380157  6180263
0.0341341495514  6120526
0.0344440937042  6119581
0.0345079898834  6077669
0.0346322059631  5873457
0.0351181030273  5861420
0.0356640815735  5861055
0.0359091758728  5860851
0.0361540317535  5857231
0.0365180969238  5795717
0.0369431972504  5795537
0.0385131835938  5790635
0.0396661758423  5771838
0.0410192012787  5764357
0.0424070358276  5735643
0.0434701442719  5734538
0.0436019897461  5603375
0.0440611839294  5581803
0.0450170040131  5579439
0.0450961589813  5564880
0.0457091331482  5559910
0.0457751750946  5553239
0.0464541912079  5527595
0.0468811988831  5522388
0.0474891662598  5499173
0.0476760864258  5496833
0.0497241020203  5481542
0.0503301620483  5472124
0.0518991947174  5468696
0.0527100563049  5461408
0.0529570579529  5460169
0.0547060966492  5454663
0.0566980838776  5401989
0.0583510398865  5386114
0.0602731704712  5346652
0.0606381893158  5321718
0.0620231628418  5312607
0.0624511241913  5301478
0.062695980072  5276154
0.0645580291748  5275261
0.0651631355286  5274089
0.0652260780334  5154566
0.0655701160431  5149013
0.0667731761932  5139213
0.0668370723724  5119533
0.0675001144409  5022049
0.0681030750275  5014183
0.0684649944305  5000363
0.0691270828247  4998497
0.0691909790039  4977818
0.0696740150452  4972427
0.0700972080231  4971654
0.0711200237274  4969502
0.0732200145721  4965251
0.0735239982605  4948393
0.0736470222473  4890513
0.0746700763702  4876607
0.0750939846039  4871274
0.0755372047424  4850721
0.0762000083923  4850542
0.0779881477356  4826523
0.0801479816437  4801258
0.0815889835358  4767655
0.0829021930695  4750539
0.0865371227264  4733581
0.0866000652313  4679727
0.087916135788  4671251
0.0894660949707  4659225
0.0913200378418  4650336
0.0932261943817  4630531
0.0951330661774  4596462
0.0954930782318  4542888
0.0956749916077  4542738
0.0957381725311  4537811
0.0965220928192  4534640
0.100157022476  4504029
0.100517034531  4503910
0.100640058517  4502214
0.101000070572  4487297
0.101062059402  4486140
0.101684093475  4477671
0.104319095612  4475086
0.104565143585  4399696
0.10510802269  4383102
0.105712175369  4381339
0.10583615303  4373314
0.106677055359  4278759
0.111553192139  4276277
0.113437175751  4274376
0.113562107086  4271920
