0.00921583175659  9875467
0.00990986824036  9737094
0.0100347995758  9615930
0.0101599693298  9519758
0.0104069709778  9438851
0.010470867157  9385500
0.0105938911438  9243516
0.0106580257416  9238011
0.0107209682465  9236854
0.0109648704529  9083009
0.0111479759216  8938080
0.0113320350647  8834421
0.0113949775696  8573491
0.0115180015564  8545872
0.0117619037628  8481254
0.011825799942  8188015
0.0120680332184  8110668
0.013091802597  8106919
0.0131549835205  8031961
0.0133378505707  7944177
0.0135209560394  7941917
0.0136449337006  7887344
0.0137679576874  7875838
0.0138928890228  7870725
0.0140769481659  7741891
0.0141408443451  7698985
0.0142638683319  7696129
0.014387845993  7661506
0.0144510269165  7642596
0.0146958827972  7549840
0.0147588253021  7547723
0.0149419307709  7425457
0.0150058269501  7398656
0.0150690078735  7376864
0.0160329341888  7271955
0.0166399478912  7263424
0.0172419548035  7211744
0.0173389911652  7202634
0.0175309181213  7202379
0.017618894577  7200545
0.0179269313812  7079763
0.0183579921722  7075249
0.0184218883514  7046265
0.0186078548431  7017198
0.0187458992004  7015480
0.0191128253937  7002110
0.0192368030548  7001027
0.0193009376526  6884628
0.019425868988  6756807
0.0209209918976  6752836
0.0222549438477  6710278
0.0234978199005  6643652
0.0241448879242  6596448
0.0247299671173  6592375
0.0249910354614  6585796
0.0255780220032  6542228
0.0270969867706  6540980
0.027881860733  6513843
0.0282649993896  6456811
0.0286588668823  6455107
0.0287289619446  6396369
0.0288569927216  6329511
0.02965092659  6295676
0.0298368930817  6252108
0.0305078029633  6190319
0.0308158397675  6180263
0.0329999923706  6120526
0.0333199501038  6119581
0.0333847999573  6077669
0.0335109233856  5873457
0.0340309143066  5861420
0.0346009731293  5861055
0.0348598957062  5860851
0.0352578163147  5857231
0.0356948375702  5795717
0.0361289978027  5795537
0.0377068519592  5790635
0.0388569831848  5771838
0.0391018390656  5764357
0.0395319461823  5735643
0.0399589538574  5734538
0.0400228500366  5603375
0.040207862854  5581803
0.0407559871674  5579439
0.0408198833466  5564880
0.041426897049  5559910
0.0414910316467  5553239
0.0421569347382  5527595
0.0425868034363  5522388
0.0431938171387  5499173
0.043380022049  5496833
0.0454299449921  5481542
0.0460338592529  5472124
0.0474319458008  5468696
0.0481069087982  5461408
0.0483520030975  5460169
0.050096988678  5454663
0.0520899295807  5401989
0.0537178516388  5386114
0.055764913559  5346652
0.0561299324036  5321718
0.0575249195099  5312607
0.0579550266266  5301478
0.058198928833  5276154
0.0600619316101  5275261
0.0606679916382  5274089
0.0607318878174  5154566
0.0610358715057  5149013
0.0622448921204  5139213
0.0623090267181  5119533
0.0629730224609  5022049
0.0635788440704  5014183
0.0639429092407  5000363
0.064612865448  4998497
0.0646758079529  4977818
0.0651619434357  4972427
0.0655879974365  4971654
0.0666179656982  4969502
0.0690920352936  4965251
0.0694019794464  4948393
0.0695278644562  4890513
0.0705578327179  4876607
0.0709829330444  4871274
0.0714068412781  4850721
0.0720739364624  4850542
0.073832988739  4826523
0.0759928226471  4801258
0.0774369239807  4767655
0.0787630081177  4750539
0.0824339389801  4733581
0.0824990272522  4679727
0.0853400230408  4671251
0.0896978378296  4659225
0.0920100212097  4650336
0.0939500331879  4630531
0.0958898067474  4596462
0.0962569713593  4542888
0.096442937851  4542738
0.0965068340302  4537811
0.0972979068756  4534640
0.100993871689  4504029
0.101359844208  4503910
0.101485013962  4502214
0.101850986481  4487297
0.10191488266  4486140
0.10239982605  4477671
0.104920864105  4475086
0.105170965195  4399696
0.105718851089  4383102
0.106328964233  4381339
0.106452941895  4373314
0.107303857803  4278759
0.112193822861  4276277
0.114071846008  4274376
0.114197015762  4271920
0.11492395401  4270782
0.114987850189  4247671
0.121074914932  4247422
0.121692895889  4220161
0.122485876083  4215612
0.123461961746  4214459
0.12468791008  4184150
0.125902891159  4171182
0.126332998276  4123146
0.129141807556  4103916
0.13005399704  4103909
0.131600856781  4101050
0.131847858429  4098723
0.133721828461  4090453
0.133845806122  4088640
0.134332895279  4084235
0.134639978409  4084063
0.140857934952  4079776
0.142493009567  4075083
0.144788980484  4072220
0.147858858109  4071553
0.150760889053  4070047
0.151672840118  4068404
0.153371810913  4067096
0.155124902725  4060783
0.158160924911  3979130
0.160656929016  3966741
0.167254924774  3965981
0.169823884964  3960907
0.174662828445  3892549
0.178712844849  3890314
0.18258190155  3855352
0.183128833771  3848555
0.183796882629  3848553
0.184162855148  3848164
0.185137033463  3845390
0.185982942581  3845275
0.186347961426  3842418
0.189059019089  3839222
0.191540956497  3769233
0.193352937698  3764436
0.194378852844  3745613
0.194983005524  3745599
0.195407867432  3734701
0.198242902756  3734226
0.198427915573  3669910
0.19969201088  3669152
0.213581800461  3666443
0.2146089077  3664601
0.222630023956  3651138
0.225286006927  3650131
0.225894927979  3635290
0.227669000626  3625310
0.229434967041  3624493
0.235321998596  3614874
0.23544883728  3614094
0.238600969315  3600385
0.23872590065  3599139
0.240120887756  3587418
0.247360944748  3585693
0.253018856049  3574778
0.253566980362  3574386
0.253932952881  3569277
0.257190942764  3518238
0.259371995926  3454452
0.260223865509  3430567
0.264377832413  3429176
0.265224933624  3408545
0.268251895905  3239191
0.273339033127  3236402
0.273885965347  3231581
0.276298999786  3224052
0.277391910553  3221374
0.282106876373  3217841
0.286336898804  3216208
0.292322874069  3168981
0.29274892807  3148859
0.293053865433  3109765
0.294140815735  3104108
0.295711994171  3102189
0.297462940216  3089945
0.297586917877  3089245
0.298733949661  3082280
0.303550958633  3075737
0.30494093895  3041149
0.313745975494  3039787
0.332405805588  3032478
0.338214874268  3019581
0.344894886017  2993185
0.349129915237  2987986
0.34974193573  2934987
0.362602949142  2931985
0.374572992325  2931426
0.393748998642  2930514
0.396652936935  2929505
0.400061845779  2919962
0.402016878128  2918012
0.40855884552  2915822
0.416949987411  2915604
0.418864965439  2914742
0.420853853226  2913056
0.425909996033  2912425
0.436025857925  2911450
0.436761856079  2910219
0.441572904587  2906101
0.457815885544  2903512
0.465044975281  2903500
0.473848819733  2903162
0.476614952087  2899376
0.501431941986  2895126
0.515026807785  2890091
0.528826951981  2889872
0.533754825592  2887269
0.544668912888  2881630
0.555975914001  2880922
0.579846858978  2877083
0.596728801727  2875834
0.599035024643  2874604
0.61624789238  2871755
0.632968902588  2869250
0.643903017044  2861413
0.644155979156  2861248
0.647019863129  2839605
0.655409812927  2838082
0.661832809448  2833960
0.676163911819  2825556
0.700800895691  2812010
0.711244821548  2809348
0.725893974304  2806170
0.737782001495  2804349
0.738458871841  2803067
0.739010810852  2798262
0.741989850998  2792912
0.761109828949  2792673
0.764813899994  2791831
0.765002012253  2791425
0.765550851822  2774221
0.782845020294  2773588
0.802937030792  2772092
0.806869983673  2771818
0.825137853622  2771172
0.825755834579  2766388
0.841563940048  2741988
0.851589918137  2738469
0.872340917587  2737944
0.875649929047  2736022
0.881800889969  2734497
0.895699977875  2732775
0.898499011993  2730716
0.912182807922  2727384
0.913447856903  2722729
0.918550014496  2722660
0.9242208004  2720281
0.92507481575  2717411
0.937629938126  2716072
0.937832832336  2710493
0.944504976273  2708037
0.946029901505  2706875
0.952454805374  2699597
0.960071802139  2699180
0.968966960907  2673465
0.980449914932  2672355
0.988924980164  2667860
0.990696907043  2667726
1.00321698189  2651202
1.00408887863  2650806
1.02932691574  2641515
1.04946994781  2636031
1.07542896271  2635593
1.08940696716  2631242
1.11255693436  2631012
1.12232780457  2630389
1.12385797501  2628132
1.12630796432  2628047
1.12958097458  2627798
1.13296794891  2619893
1.14146590233  2615609
1.14716982841  2610286
1.15950894356  2603864
1.16630101204  2598125
1.17807888985  2585861
1.23666191101  2564216
1.24321389198  2560983
1.26067399979  2558274
1.26676297188  2537101
1.27341985703  2521893
1.27494096756  2521770
1.2875058651  2518670
1.30282998085  2506280
1.32498288155  2506259
1.34122300148  2503486
1.36458587646  2501184
1.37478494644  2489790
1.37776994705  2489413
1.40294194221  2482680
1.40445685387  2481709
1.42187380791  2457504
1.4415678978  2457290
1.44630694389  2455099
1.45020699501  2454715
1.46570086479  2453403
1.48370289803  2453241
1.48946380615  2452987
1.49477791786  2451409
1.52055597305  2450497
1.52734494209  2447733
1.55367898941  2445745
1.55808997154  2444885
1.57073283195  2443643
1.57189798355  2443089
1.58586788177  2441660
1.66687893867  2434878
1.69074201584  2434721
1.75087594986  2433068
1.76568293571  2432871
1.77623796463  2416990
1.78632903099  2415891
1.88262581825  2415651
1.91551494598  2412658
1.93889784813  2405879
1.99712181091  2403937
2.04136681557  2399707
