0.00937008857727  11123387
0.00946307182312  11016021
0.00959205627441  10840052
0.00965690612793  10404504
0.00972199440002  10058178
0.00984692573547  9935041
0.00991106033325  9833737
0.00997495651245  9795083
0.0102260112762  9789596
0.0104141235352  9743694
0.0105390548706  9591329
0.0106639862061  9484695
0.0109119415283  9483887
0.0109760761261  9353191
0.0111620426178  9349131
0.0112869739532  9311162
0.011351108551  9243496
0.0117790699005  9226637
0.0118429660797  9213003
0.0120289325714  9143021
0.0120930671692  9142546
0.01256108284  9087795
0.0135810375214  9083000
0.0136671066284  9050477
0.0137500762939  8950219
0.0138750076294  8945581
0.0139420032501  8930809
0.0142860412598  8882858
0.0148460865021  8836088
0.0149290561676  8744792
0.0149960517883  8742723
0.0150620937347  8501985
0.0151901245117  8346287
0.0155010223389  8282926
0.0156280994415  8247708
0.0161230564117  8242266
0.0161879062653  8235294
0.016252040863  8228947
0.0164999961853  8180143
0.0168099403381  8095902
0.0168740749359  8076924
0.0170619487762  7935746
0.017126083374  7921714
0.01731300354  7835045
0.0173768997192  7776223
0.0179951190948  7763588
0.0180630683899  7746118
0.0182509422302  7745474
0.0186820030212  7644800
0.0190510749817  7586462
0.0191779136658  7521053
0.0192420482635  7438488
0.0196120738983  7175334
0.0196769237518  7134712
0.0198681354523  7055043
0.0202541351318  6997123
0.0203230381012  6989246
0.020877122879  6967413
0.0218579769135  6939357
0.0221071243286  6937932
0.0222940444946  6887961
0.0223591327667  6864225
0.0226709842682  6853824
0.0227980613708  6669587
0.0234699249268  6565218
0.0237169265747  6557067
0.0242719650269  6534597
0.0255551338196  6525413
0.0257420539856  6516658
0.025866985321  6488258
0.0262970924377  6484652
0.0267260074615  6469495
0.0267910957336  6447085
0.0268549919128  6435572
0.0271029472351  6342032
0.0279569625854  6334755
0.0286281108856  6321425
0.0288150310516  6298899
0.0291090011597  6171675
0.0294179916382  6140269
0.0301699638367  6133615
0.0302541255951  5990476
0.0319209098816  5980854
0.0320510864258  5952500
0.0327849388123  5949035
0.03284907341  5918583
0.0331571102142  5911493
0.0335850715637  5892722
0.0338320732117  5866150
0.0338959693909  5859805
0.0342030525208  5855376
0.0343279838562  5780319
0.0351209640503  5780284
0.0354270935059  5777865
0.0371909141541  5727135
0.0376799106598  5699301
0.0377449989319  5645635
0.0379920005798  5644631
0.0385420322418  5637259
0.0386669635773  5621491
0.0399439334869  5618424
0.0401298999786  5616000
0.0420310497284  5567007
0.0423450469971  5547357
0.0433249473572  5543452
0.0438160896301  5421243
0.0446090698242  5415053
0.0447959899902  5376898
0.0451030731201  5338522
0.0457139015198  5304233
0.0471420288086  5299656
0.0472159385681  5276341
0.0475280284882  5269410
0.0487630367279  5268345
0.0492770671844  5245846
0.0495300292969  5208036
0.0507600307465  5202961
0.0511341094971  5179347
0.0515649318695  5178721
0.0526049137115  5178528
0.0533421039581  5167918
0.0535290241241  5152786
0.0546281337738  5151071
0.0550589561462  5148527
0.0553059577942  5089023
0.0556149482727  5069317
0.0567140579224  5069281
0.059886932373  5007327
0.0621480941772  4860396
0.0635640621185  4859303
0.0669901371002  4851742
0.067675113678  4845913
0.0683000087738  4845448
0.0686120986938  4845287
0.0693531036377  4802873
0.0720210075378  4721448
0.0722150802612  4611749
0.0728340148926  4607634
0.0753190517426  4605191
0.07563996315  4559469
0.0770831108093  4510222
0.0809879302979  4510110
0.0819399356842  4505575
0.0823249816895  4504814
0.0852460861206  4494098
0.0900259017944  4481875
0.0905869007111  4472203
0.090656042099  4464919
0.0907199382782  4451593
0.0907859802246  4430405
0.0908501148224  4423586
0.0930631160736  4358810
0.0950539112091  4358325
0.0984139442444  4357667
0.0986089706421  4357569
0.0999569892883  4355153
0.100758075714  4342277
0.101897001266  4332525
0.102592945099  4328726
0.103982925415  4324637
0.105683088303  4323796
0.10679101944  4317866
0.107625007629  4307351
0.107868909836  4305933
0.108637094498  4304789
0.109041929245  4300910
0.110291957855  4296662
0.116022109985  4277090
0.117254972458  4276867
0.121052980423  4246014
0.121798038483  4232836
0.122231006622  4206244
0.122296094894  4191954
0.12802195549  4191953
0.129072904587  4165357
0.129956960678  4158893
0.130684137344  4115202
0.135693073273  4072361
0.137934923172  4042879
0.14137506485  4039709
0.141446113586  4035124
0.144264936447  4034969
0.144333124161  4028649
0.145009040833  4028022
0.145138978958  4022881
0.14892411232  4015683
0.148996114731  4001780
0.151530981064  3998552
0.152457952499  3996938
0.153506040573  3970964
0.153633117676  3966239
0.156632900238  3945540
0.163798093796  3945170
0.163871049881  3943109
0.166728973389  3941304
0.166799068451  3939641
0.16880607605  3938254
0.169970989227  3901701
0.170954942703  3901068
0.171752929688  3883589
0.174322128296  3882963
0.176958084106  3864808
0.184543132782  3845457
0.185106992722  3845296
0.186401128769  3836288
0.187752008438  3829433
0.188184022903  3823688
0.189541101456  3823507
0.189728021622  3808717
0.196429014206  3786765
0.199585914612  3751964
0.20468211174  3683895
0.206259012222  3674196
0.236128091812  3674128
0.253649950027  3673848
0.254765033722  3644446
0.261779069901  3639179
0.265361070633  3638219
0.268911123276  3632899
0.269511938095  3632457
0.271459102631  3631606
0.274333953857  3626140
0.276489973068  3614640
0.278794050217  3614388
0.293206930161  3608441
0.29480099678  3607856
0.302176952362  3607294
0.30278301239  3581431
0.304752111435  3573774
0.314363956451  3555971
0.325578927994  3546614
0.329535961151  3544112
0.334016084671  3537455
0.34192109108  3533378
0.345942974091  3531832
0.346983909607  3530545
0.356966972351  3530433
0.369103908539  3510653
0.371231079102  3503660
0.371792078018  3500056
0.390173912048  3499485
0.393867015839  3494181
0.40885591507  3492847
0.4118039608  3486186
0.413746118546  3485304
0.424876928329  3484714
0.431989908218  3484138
0.434514045715  3481582
0.434947967529  3465835
0.441884040833  3447346
0.442440986633  3445589
0.442749977112  3445023
0.44299697876  3442057
0.443305969238  3441492
0.44349193573  3438469
0.445668935776  3438237
0.451673030853  3436499
0.459599971771  3426046
0.460796117783  3383454
0.461354017258  3377686
0.467880964279  3376621
0.485664129257  3375242
0.486167907715  3370938
0.48660492897  3367524
0.493150949478  3359886
0.49741101265  3357031
0.497935056686  3356536
0.502962112427  3343437
0.50303196907  3333488
0.509860992432  3331732
0.51734995842  3330869
0.517605066299  3330626
0.520312070847  3328846
0.531542062759  3328843
0.531754016876  3312716
0.536149024963  3312062
0.5367000103  3309438
0.537262916565  3309434
0.552957057953  3303163
0.554842948914  3274085
0.55521607399  3273146
0.556571960449  3273101
0.556699037552  3270424
0.559135913849  3266585
0.56557393074  3263080
0.565706968307  3261710
0.588048934937  3250711
0.591449975967  3216841
0.607474088669  3215737
0.624243021011  3215593
0.630939006805  3212516
0.645518064499  3201314
0.651156902313  3131471
0.651417016983  3126435
0.677331924438  3126155
0.681661128998  3122123
0.689201116562  3121472
0.696149110794  3116480
0.700330972672  3111609
0.705173969269  3111582
0.705487966537  3107248
0.714725971222  3106367
0.718339920044  3105790
0.718931913376  3105091
0.719243049622  3104862
0.719429016113  3102767
0.726766109467  3097123
0.748153924942  3095985
0.748322963715  3077115
0.750319957733  3073709
0.770658969879  3057310
0.776895046234  3053360
0.781376123428  3052686
0.783211946487  3033366
0.790776968002  3029081
0.798542976379  3028812
0.832894086838  3028734
0.840960025787  3021704
0.852843999863  3011792
0.874902009964  3007312
0.874974012375  2978628
0.891191005707  2977672
0.906899929047  2976554
0.920680046082  2976108
0.921571016312  2968207
0.932117938995  2967363
0.954442977905  2960710
0.955234050751  2958411
0.962337017059  2940460
0.972398996353  2934998
0.981753110886  2930801
0.983052015305  2928589
0.983302116394  2928535
0.988260030746  2919968
0.990658998489  2919686
0.993204116821  2916197
1.00189805031  2916101
1.00763702393  2902932
1.04306602478  2900409
1.04350090027  2898601
1.04356598854  2898488
1.0498521328  2894129
1.0622189045  2893028
1.06315612793  2891875
1.06997513771  2889208
1.07383394241  2888888
1.08540606499  2871325
1.09491705894  2832583
1.10834598541  2830971
1.11603498459  2826488
1.1270430088  2821575
1.16831612587  2820740
1.17212796211  2802013
1.18557095528  2801830
1.19737100601  2783194
1.20762205124  2774318
1.2108259201  2774291
1.25075602531  2753511
1.26566195488  2689979
1.26920008659  2689818
1.27062106133  2689164
1.28246498108  2688839
1.28361201286  2683597
1.29574608803  2667230
1.31931090355  2667224
1.32247710228  2667187
1.33130598068  2589849
1.33210396767  2588999
1.36209607124  2573621
1.36714291573  2573488
1.39653706551  2571585
1.40475893021  2564883
1.41371297836  2564620
1.42242908478  2564418
1.42442798615  2564191
1.44257307053  2560212
1.46686005592  2552960
1.46834492683  2550914
1.49086904526  2544900
1.495043993  2542380
1.50411391258  2539878
1.50891804695  2538991
1.5959379673  2533350
1.60762691498  2532258
1.6128950119  2532098
1.62116909027  2531803
1.62179207802  2520467
1.63514709473  2519543
1.65031099319  2511238
1.65514302254  2508079
1.69256401062  2493593
1.70337700844  2471000
1.70400309563  2463658
1.77426505089  2463334
1.82605195045  2457496
1.87194013596  2452389
1.88211202621  2452219
1.8931760788  2434190
1.90049505234  2427699
1.94056391716  2420246
1.95326900482  2419514
1.95648598671  2419499
1.99157810211  2409804
2.03162312508  2406416
2.0361559391  2405259
2.03955006599  2404026
2.04030013084  2400611
2.04906702042  2395074
2.06574010849  2394005
2.0771780014  2392922
2.0888941288  2389865
2.09489512444  2388877
2.1014020443  2388166
2.12436103821  2370406
2.12443113327  2344852
2.12746095657  2343522
2.14075613022  2343037
2.14240598679  2341738
2.16091108322  2340476
2.16131591797  2339593
2.18152713776  2339583
2.21259999275  2338379
2.22783207893  2338304
2.24924302101  2337529
2.26207494736  2337257
2.26802897453  2337084
2.28538608551  2334889
2.28997993469  2334170
2.2984380722  2334124
2.39159107208  2334115
2.42259001732  2332631
2.45494103432  2331940
2.47006011009  2329057
2.50004792213  2328793
2.51141500473  2328752
2.54254412651  2319722
2.57488799095  2319309
2.57766103745  2319073
2.59113693237  2308801
2.6875231266  2303594
2.69054698944  2303017
2.69884896278  2299125
2.76298904419  2298950
2.82754206657  2298895
2.84197711945  2298547
2.86826992035  2298208
2.95080709457  2297601
3.02849411964  2297525
3.03658509254  2297327
3.06426405907  2292983
3.07181596756  2288927
3.10835504532  2288924
3.12496900558  2288349
3.32992601395  2288083
3.35791110992  2287674
3.38682413101  2287600
3.47995400429  2287523
3.55973792076  2286926
3.65677690506  2285253
3.7181289196  2281202
3.74545812607  2281194
3.75578308105  2281157
3.77050495148  2280783
4.0439760685  2278823
4.08500695229  2278795
4.12211894989  2278683
4.19152712822  2276560
4.22578406334  2276354
4.26921796799  2230172
4.35507798195  2229063
4.39608311653  2226311
5.15967202187  2226272
5.16710495949  2226142
5.28792405128  2225841
6.14394593239  2225092
6.24430608749  2224975
6.27790093422  2223269
6.3074131012  2221568
6.3505589962  2221450
6.45931005478  2220988
6.82268404961  2220717
7.15341091156  2220684
7.18784499168  2220363
7.31355404854  2220062
8.22790598869  2220024
9.14169597626  2219907
