0.00995302200317  9542329
0.0105400085449  9533893
0.0107870101929  9433574
0.0109121799469  9429933
0.011036157608  9398587
0.0115129947662  9391091
0.0116369724274  9372617
0.0118780136108  9303775
0.0124731063843  9300100
0.0128331184387  9202049
0.0134241580963  9146865
0.0135471820831  9124362
0.0137791633606  9016369
0.0139210224152  8996474
0.0139951705933  8657767
0.0140681266785  8512483
0.014769077301  8256925
0.0149831771851  8255647
0.0155429840088  8223848
0.0157551765442  8202788
0.0163161754608  8145564
0.016529083252  8137687
0.0166721343994  8044017
0.0168161392212  8011228
0.0173051357269  7728779
0.018217086792  7603300
0.0187091827393  7525209
0.0189921855927  7520508
0.0197660923004  7493289
0.0210709571838  7479235
0.0218601226807  7466034
0.0220801830292  7442331
0.0227961540222  7401396
0.0237100124359  7401367
0.0239460468292  7366574
0.0242831707001  7282307
0.0244121551514  7272868
0.024600982666  7254611
0.0247709751129  7236333
0.0256509780884  7220475
0.0257179737091  7200503
0.0259649753571  7016814
0.0260920524597  6915734
0.0263390541077  6843990
0.0264041423798  6825983
0.0271830558777  6779346
0.0278601646423  6775115
0.0280470848083  6773739
0.0282349586487  6766928
0.0284240245819  6729027
0.0289759635925  6722381
0.0295851230621  6721964
0.0298910140991  6696826
0.0314161777496  6687554
0.0323910713196  6678396
0.0336689949036  6587817
0.0339760780334  6547442
0.0340390205383  6512158
0.0347690582275  6510332
0.034893989563  6509943
0.035019159317  6498929
0.0352649688721  6392106
0.0355710983276  6381560
0.0359411239624  6374800
0.0360660552979  6328940
0.0372130870819  6325401
0.037397146225  6309963
0.0375220775604  6287936
0.0375859737396  6287263
0.0386741161346  6239948
0.0392851829529  6237865
0.0394699573517  6166835
0.0401961803436  6154324
0.0405659675598  6131538
0.0414731502533  6062628
0.042503118515  6062086
0.0426321029663  6016266
0.0429410934448  5978993
0.0437891483307  5960999
0.0439751148224  5932639
0.0447039604187  5859062
0.0450110435486  5688681
0.045196056366  5532115
0.0453200340271  5525264
0.0465331077576  5494201
0.0478010177612  5486094
0.0482251644135  5458394
0.0483500957489  5308083
0.0486540794373  5303635
0.0490820407867  5248735
0.0498831272125  5234577
0.0500071048737  5221885
0.0500710010529  5217406
0.0515229701996  5215870
0.0519089698792  5196768
0.0521860122681  5083026
0.0532610416412  4994593
0.05397605896  4991607
0.0568470954895  4963894
0.0573360919952  4944417
0.0578939914703  4887004
0.0580360889435  4879922
0.0599100589752  4873605
0.060261964798  4873368
0.0612089633942  4814705
0.0632209777832  4814398
0.0646281242371  4813367
0.0651881694794  4785846
0.0681929588318  4780747
0.0687930583954  4776984
0.0700001716614  4766889
0.0733461380005  4656917
0.074254989624  4554306
0.0749680995941  4521290
0.0755560398102  4510030
0.0758631229401  4509605
0.0773241519928  4486114
0.0791339874268  4451795
0.0802299976349  4449825
0.0810179710388  4445653
0.084997177124  4445368
0.0868191719055  4429669
0.0908529758453  4428355
0.0915780067444  4423782
0.0926420688629  4388883
0.0949120521545  4388064
0.0956211090088  4337468
0.0969631671906  4330824
0.0975861549377  4330723
0.0981421470642  4255483
0.100419044495  4252663
0.103170156479  4252634
0.106438159943  4248081
0.110200166702  4245868
0.110502958298  4237637
0.111345052719  4227071
0.111648082733  4226850
0.11231303215  4085530
0.114380121231  4074741
0.120997190475  4073141
0.122092008591  4072666
0.123727083206  4067623
0.124330043793  4062965
0.12834405899  4060758
0.128895998001  4048503
0.13131403923  4033528
0.135499954224  4026584
0.136914968491  4009026
0.137775182724  4008616
0.142956018448  4008378
0.143321990967  4003634
0.143872022629  4002819
0.148509979248  4001304
0.148696184158  3994031
0.149062156677  3980850
0.151195049286  3976215
0.151687145233  3973952
0.154862165451  3972144
0.160029172897  3971025
0.160154104233  3953915
0.161125183105  3950708
0.167391061783  3945795
0.167760133743  3921813
0.176877975464  3921593
0.185768127441  3910357
0.188457012177  3903436
0.199083089828  3880727
0.200664043427  3863238
0.208180189133  3846133
0.21221113205  3845274
0.218131065369  3843737
0.223186016083  3842628
0.224938154221  3834642
0.23216509819  3833759
0.240349054337  3827346
0.241827964783  3736026
0.242026090622  3730738
0.251585960388  3728633
0.258763074875  3728133
0.259104013443  3702696
0.262724161148  3701044
0.263337135315  3695299
0.264610052109  3660975
0.265938997269  3657663
0.26820898056  3655839
0.280215978622  3655137
0.280529975891  3653669
0.281140089035  3649535
0.283022165298  3647583
0.28314614296  3645708
0.283452033997  3639820
0.284367084503  3630079
0.290897130966  3627214
0.295089006424  3593044
0.311282157898  3583960
0.318722009659  3547760
0.322144031525  3477847
0.324645042419  3473212
0.324908971786  3459562
0.331238985062  3454343
0.333667039871  3454268
0.339128017426  3452829
0.340157032013  3451124
0.344737052917  3446084
0.352693080902  3444353
0.356320142746  3412440
0.356816053391  3382668
0.357890129089  3378161
0.358819961548  3377294
0.360320091248  3368498
0.363268136978  3364194
0.372750043869  3348209
0.374781131744  3346901
0.377313137054  3327548
0.384102106094  3323433
0.384293079376  3322509
0.389016151428  3316414
0.401499032974  3315341
0.407783985138  3303528
0.409190177917  3300097
0.412635087967  3276190
0.414546012878  3273575
0.414949178696  3271857
0.416471004486  3262759
0.427324056625  3256113
0.427576065063  3250795
0.429701089859  3246328
0.438471078873  3243897
0.441116094589  3243516
0.443717002869  3241530
0.450664997101  3238516
0.45183801651  3238469
0.463773012161  3238019
0.467517137527  3235205
0.474353075027  3234877
0.491127967834  3233736
0.508957147598  3223495
0.522252082825  3217141
0.535581111908  3216333
0.551563978195  3212191
0.55210018158  3208122
0.554178953171  3205983
0.563341140747  3202003
0.565716028214  3201301
0.569178104401  3188704
0.586551189423  3180057
0.588911056519  3179905
0.589039087296  3171430
0.590620040894  3171314
0.593762159348  3168706
0.599431991577  3167485
0.603191137314  3167375
0.603501081467  3165578
0.606666088104  3163850
0.611518144608  3160629
0.618736028671  3125410
0.670586109161  3123971
0.680819034576  3109219
0.705746173859  3108329
0.707791090012  3107979
0.713063001633  3093184
0.719233989716  3090548
0.736620187759  3082376
0.743541955948  3081302
0.743791103363  3080202
0.749236106873  3080137
0.777867078781  3075644
0.780536174774  3074284
0.785578012466  3072108
0.793092012405  3070802
0.80436706543  3067399
0.806720972061  3051055
0.812456130981  3023028
0.817602157593  3019900
0.82221698761  3019844
0.82551407814  3016726
0.85964012146  3016569
0.865724086761  2953965
0.86643910408  2953358
0.87273311615  2939081
0.873345136642  2937276
0.874412059784  2935270
0.875357151031  2933868
0.89046216011  2931241
0.905284166336  2928371
0.917642116547  2925193
0.933683156967  2923386
0.946850061417  2922960
0.960330963135  2920745
0.999397993088  2916489
0.999590158463  2915315
1.01773905754  2909077
1.02635598183  2905166
1.04278802872  2899204
1.04828810692  2894206
1.05894112587  2891638
1.10008597374  2889166
1.10826206207  2888921
1.11508703232  2888130
1.1402490139  2887176
1.14919495583  2887128
1.15518307686  2886231
1.16938304901  2885734
1.17357206345  2883524
1.17845106125  2868211
1.18441510201  2805137
1.19763112068  2802049
1.22567296028  2799528
1.24572205544  2795372
1.27037715912  2793161
1.3106200695  2792713
1.31124305725  2790877
1.33324313164  2781996
1.35590195656  2781066
1.38199210167  2774258
1.38321518898  2772361
1.38755202293  2770509
1.39725112915  2770374
1.39925098419  2769764
1.43125605583  2768416
1.48801898956  2767711
1.48842215538  2766466
1.536465168  2766212
1.56676506996  2763950
1.57196712494  2762015
1.58586502075  2757117
1.59962201118  2755355
1.60211110115  2752578
1.60279297829  2741186
1.61011600494  2740045
1.61376309395  2738988
1.62400817871  2731949
1.64985799789  2729212
1.71994996071  2724809
1.75553917885  2719770
1.77119398117  2710669
1.80429601669  2705297
1.81613111496  2698861
1.82840013504  2661766
1.83787608147  2661480
1.9075729847  2661199
1.91047215462  2661026
1.91542601585  2660090
2.00950717926  2659968
2.01904916763  2659781
2.1090400219  2658780
2.11707901955  2658660
2.148458004  2657723
2.1598110199  2656932
2.19094800949  2654571
2.22427511215  2654538
2.26267695427  2654309
2.38159203529  2654252
2.4215490818  2653542
2.46798205376  2653098
2.51611804962  2650880
2.56196498871  2650744
2.57683205605  2649779
2.63658308983  2648694
2.66254210472  2647214
2.66574001312  2647171
2.69835400581  2646492
2.75115418434  2646121
3.03191208839  2642885
3.05782413483  2641973
3.0585000515  2635151
3.73857116699  2634207
3.74943518639  2634105
3.79321312904  2633640
3.82494902611  2633288
3.85217905045  2629668
4.03194999695  2628994
4.10582613945  2627324
