0.00916504859924  9562101
0.00931692123413  9558737
0.00951790809631  9558130
0.00971388816833  9484467
0.00984001159668  9473154
0.0100269317627  9313741
0.010400056839  9208313
0.010498046875  9118195
0.0109009742737  9001262
0.0114860534668  8999549
0.0121459960938  8996971
0.0122768878937  8993130
0.0123410224915  8942255
0.0124650001526  8819399
0.0125889778137  8761412
0.0126519203186  8754259
0.0127160549164  8753061
0.0134398937225  8690565
0.0142250061035  8527289
0.0142889022827  8526914
0.0144119262695  8493102
0.0145359039307  8424583
0.0146610736847  8327261
0.0147850513458  8312371
0.014909029007  8278621
0.0152130126953  8141437
0.0152759552002  8022807
0.0155198574066  8004488
0.0157639980316  7882718
0.0163688659668  7795932
0.0167939662933  7755960
0.0169770717621  7701171
0.0170409679413  7686913
0.0171039104462  7588630
0.0171658992767  7588058
0.0174100399017  7565265
0.0189969539642  7502168
0.0194509029388  7459433
0.0197410583496  7438639
0.0216119289398  7388186
0.0221500396729  7218581
0.02277302742  7218256
0.0231268405914  7157819
0.023295879364  7136445
0.0242559909821  7120308
0.0249478816986  7060303
0.0251970291138  7050216
0.0252618789673  7020210
0.0258250236511  6996139
0.0261569023132  6991793
0.0263240337372  6894942
0.0265550613403  6880745
0.0273818969727  6715506
0.0278429985046  6666938
0.0283360481262  6664882
0.0285830497742  6646710
0.0287070274353  6645327
0.0291328430176  6645205
0.029317855835  6509688
0.0295660495758  6498361
0.0302350521088  6469028
0.0305418968201  6468549
0.0306658744812  6454603
0.0313348770142  6448340
0.0324280261993  6411540
0.0325529575348  6362370
0.0331039428711  6350874
0.0332889556885  6315427
0.0343430042267  6313196
0.0344729423523  6228645
0.0347208976746  6183348
0.03551197052  6178392
0.0361840724945  6169197
0.0362479686737  6163171
0.0363118648529  6148568
0.0363750457764  6141599
0.036682844162  6124773
0.0372929573059  6106366
0.0385048389435  6104194
0.0389940738678  6050727
0.040088891983  6037948
0.043231010437  5921341
0.0434069633484  5821126
0.0443389415741  5781404
0.044517993927  5599086
0.044793844223  5589150
0.0449290275574  5580463
0.0482530593872  5543624
0.0483179092407  5497260
0.048987865448  5485566
0.0493669509888  5438461
0.0498008728027  5404166
0.0499868392944  5399094
0.0500500202179  5395057
0.0503568649292  5391987
0.0505418777466  5390955
0.0506649017334  5330562
0.050910949707  5305391
0.0510950088501  5215506
0.0516459941864  5201603
0.0518329143524  5181075
0.0526208877563  5176078
0.0534100532532  5171311
0.0534739494324  5158145
0.0535368919373  5155164
0.0537209510803  5124082
0.0541498661041  5124069
0.054515838623  5120829
0.0548210144043  5044330
0.0557298660278  4981314
0.0560948848724  4976694
0.0576930046082  4976497
0.0583648681641  4970384
0.0595388412476  4932110
0.0600030422211  4882195
0.0614960193634  4878259
0.0616888999939  4838589
0.0622999668121  4817729
0.0630400180817  4805327
0.0648038387299  4751057
0.0654768943787  4698059
0.0676560401917  4622942
0.0696568489075  4621026
0.0698509216309  4604013
0.0702030658722  4586444
0.0706219673157  4550599
0.0736010074615  4548628
0.0738818645477  4537119
0.0746459960938  4515600
0.0749268531799  4509223
0.0757598876953  4508805
0.0776078701019  4508410
0.0793650150299  4495247
0.0795700550079  4492967
0.0799629688263  4492804
0.0804719924927  4475327
0.0823290348053  4472908
0.0826990604401  4437113
0.0828850269318  4432688
0.0837378501892  4431683
0.0839228630066  4404948
0.0843529701233  4404736
0.0844769477844  4404200
0.0846629142761  4403131
0.0847859382629  4402412
0.0848500728607  4401950
0.0872800350189  4392617
0.0877919197083  4372290
0.088702917099  4370972
0.0896708965302  4368109
0.0899159908295  4366204
0.0904009342194  4362531
0.0909478664398  4290905
0.0945990085602  4290553
0.0959439277649  4289298
0.100425004959  4281142
0.101636886597  4279165
0.102725982666  4266653
0.103335857391  4233466
0.104238033295  4221304
0.105217933655  4216852
0.105344057083  4216198
0.106112003326  4214616
0.10656785965  4203902
0.107089042664  4195689
0.107578039169  4123559
0.107841014862  4114540
0.111034870148  4113183
0.112328052521  4053533
0.113422870636  4044303
0.113793849945  4021727
0.11488699913  4020019
0.116400957108  4018735
0.116464853287  4002002
0.121005058289  3960146
0.122663021088  3959466
0.122945070267  3956264
0.127871990204  3955858
0.128164052963  3949624
0.129405975342  3947973
0.130451917648  3939305
0.130908966064  3936746
0.131305932999  3919290
0.136602878571  3908340
0.13731098175  3887787
0.140295028687  3883255
0.141129970551  3868593
0.144114017487  3865712
0.144712924957  3865414
0.144989967346  3855786
0.145123958588  3749623
0.146559000015  3745647
0.148123025894  3731686
0.150343894958  3719589
0.153692007065  3719514
0.153877973557  3718998
0.154062986374  3673684
0.158514022827  3673136
0.164244890213  3671234
0.165781021118  3670214
0.178834915161  3669133
0.179336071014  3668927
0.180755853653  3668889
0.181885004044  3654872
0.183075904846  3644988
0.184530973434  3642694
0.185696840286  3638413
0.188552856445  3631727
0.193683862686  3630207
0.195483922958  3629665
0.196224927902  3628720
0.200811862946  3622915
0.20112490654  3592653
0.201189994812  3586877
0.201437950134  3575629
0.205025911331  3568602
0.212030887604  3542886
0.212224006653  3541979
0.212897062302  3537951
0.214778900146  3519054
0.215206861496  3496541
0.216058015823  3487996
0.218003988266  3487596
0.219410896301  3463350
0.226276874542  3462956
0.23144698143  3459979
0.232002973557  3459914
0.235841989517  3459498
0.237967967987  3458272
0.246559858322  3453439
0.249065876007  3447077
0.252151012421  3444827
0.252280950546  3377047
0.255447864532  3375909
0.258539915085  3375417
0.260830879211  3368454
0.268779993057  3368392
0.275637865067  3367552
0.281173944473  3367339
0.286498069763  3366233
0.293829917908  3362062
0.294098854065  3361928
0.297811985016  3361559
0.298794031143  3359945
0.301743030548  3348853
0.301990032196  3347513
0.302053928375  3341747
0.305269956589  3337499
0.30902504921  3336090
0.311231851578  3292768
0.316559076309  3292020
0.318382978439  3290823
0.319304943085  3289996
0.323734998703  3277521
0.324585914612  3274006
0.330762863159  3272073
0.339638948441  3270952
0.340560913086  3266795
0.347962856293  3259158
0.348358869553  3254955
0.353925943375  3251091
0.355074882507  3234796
0.363784074783  3233278
0.366097927094  3226285
0.371302843094  3219209
0.373239040375  3209247
0.38610291481  3207280
0.386183977127  3195064
0.387860059738  3192313
0.390231847763  3191423
0.392123937607  3190984
0.396838903427  3190655
0.398145914078  3176676
0.399729967117  3175246
0.402094841003  3166757
0.403071880341  3160946
0.409007072449  3158307
0.422800064087  3153895
0.440908908844  3152008
0.453794956207  3151379
0.459599971771  3140978
0.465168952942  3140825
0.470798969269  3139334
0.476145982742  3137948
0.476214885712  3135882
0.479635000229  3135673
0.500207901001  3127025
0.504031896591  3126235
0.50777888298  3123843
0.525163888931  3110926
0.562247991562  3110426
0.565786838531  3106048
0.567385911942  3093629
0.58164691925  3085327
0.583407878876  3085317
