0.00967502593994  9290027
0.00981903076172  9238449
0.0101521015167  9141897
0.0102710723877  9140881
0.0104310512543  9137408
0.010931968689  9028107
0.0110080242157  8978125
0.0111680030823  8906164
0.0120100975037  8856322
0.0120859146118  8822193
0.0123319625854  8731361
0.0134038925171  8711125
0.0139091014862  8682528
0.0146379470825  8617991
0.0147869586945  8481675
0.0169439315796  8361394
0.0170919895172  8358154
0.0173559188843  8267850
0.0174419879913  8251860
0.0187649726868  8241279
0.0188519954681  8219300
0.0207190513611  8209449
0.0215730667114  8194949
0.0217320919037  8194271
0.0219640731812  8190473
0.0222749710083  8069809
0.0229179859161  8033748
0.0230650901794  8032522
0.0232930183411  7984186
0.0241870880127  7891829
0.0244169235229  7878194
0.0267369747162  7866040
0.0293369293213  7855243
0.0295169353485  7821456
0.0297360420227  7722601
0.0300209522247  7681994
0.0305819511414  7558260
0.0306830406189  7474513
0.0328049659729  7471315
0.0349218845367  7439805
0.0354809761047  7437438
0.0355589389801  7425339
0.0357298851013  7393173
0.0381319522858  7381014
0.0435259342194  7379589
0.0436580181122  7283263
0.0438640117645  7237090
0.0453000068665  7206071
0.0457060337067  7100835
0.0458950996399  7085674
0.0459840297699  6980710
0.0461220741272  6953799
0.0462110042572  6950431
0.0465381145477  6873755
0.0466220378876  6856583
0.0467510223389  6841701
0.047159910202  6782882
0.0481760501862  6656134
0.048259973526  6654224
0.0484819412231  6536263
0.0485661029816  6531906
0.0491099357605  6476022
0.0491940975189  6462343
0.0494599342346  6323109
0.0505108833313  6249544
0.0515611171722  6146736
0.0516440868378  6133302
0.0528800487518  6089629
0.0530090332031  6086861
0.0530860424042  6085324
0.0533349514008  5968168
0.0534551143646  5959893
0.0546519756317  5911286
0.0547420978546  5815634
0.0561850070953  5771189
0.0562739372253  5755384
0.0565350055695  5686709
0.0567018985748  5678710
0.0605230331421  5678349
0.0622189044952  5613233
0.0623509883881  5605526
0.0626449584961  5569525
0.0632350444794  5561884
0.0647349357605  5534296
0.0650680065155  5503442
0.0652289390564  5443896
0.0671219825745  5443762
0.0713880062103  5381456
0.0715980529785  5276980
0.0716769695282  5245046
0.0719659328461  5190044
0.0720839500427  5128320
0.0724639892578  5007629
0.0725829601288  4995884
0.0726590156555  4992320
0.0731189250946  4976178
0.0731949806213  4873851
0.0737841129303  4854877
0.0738599300385  4854467
0.073982000351  4853293
0.0788788795471  4739903
0.0888860225677  4736302
0.101275920868  4672782
0.101370096207  4672261
0.112175941467  4612340
0.112257003784  4612287
0.121911048889  4533914
0.131894111633  4468607
0.131970882416  4468423
0.142152070999  4391804
0.154675006866  4378085
0.165298938751  4227313
0.165376901627  4226399
0.175189971924  4204431
0.184911966324  4200856
0.196468114853  4200384
0.206186056137  4192012
0.206264972687  4192001
0.218102931976  4141533
0.218182086945  4140383
0.227910995483  4035770
0.241806030273  4005441
0.25514793396  4004813
0.268671035767  3991451
0.278347969055  3982778
0.288144111633  3941515
0.304361104965  3914838
0.314599990845  3901892
0.328571081161  3863477
0.346617937088  3822103
0.35683298111  3758111
0.373212099075  3743489
0.385551929474  3687703
0.396647930145  3687603
0.396733045578  3687480
0.406629085541  3612872
0.417901039124  3557672
0.417998075485  3556635
0.428316116333  3470880
0.44341802597  3452289
0.459204912186  3395775
0.476816892624  3387003
0.49320602417  3386945
0.508148908615  3386843
0.523963928223  3294217
0.543626070023  3291008
0.560547113419  3284670
0.575699090958  3254814
0.591005086899  3199542
0.609925985336  3198113
0.625128030777  3191815
0.645135879517  3175176
0.664202928543  3158345
0.680486917496  3156169
0.695914983749  3154299
0.715745925903  3143278
0.742691993713  3128112
0.769717931747  3104979
0.794235944748  3104894
0.821053981781  3095294
0.84625005722  3089633
0.871237039566  3070589
0.897944927216  3066281
0.928245067596  3060431
0.958249092102  3021796
0.987776041031  3012138
1.03111100197  3008375
1.07752394676  2990828
1.12222099304  2971654
1.14640903473  2970262
1.17371606827  2968778
1.20180106163  2964751
1.23416805267  2927665
1.26880788803  2904408
1.30345702171  2886700
1.33789396286  2864552
1.37204909325  2862185
1.4113368988  2859483
1.44759297371  2822741
1.49566698074  2746618
1.54531788826  2715300
1.59193897247  2665044
1.63876700401  2658724
1.68557691574  2651039
1.70097994804  2637663
1.71728205681  2635514
1.75031089783  2629315
1.78148698807  2614032
1.80435204506  2601877
1.83369493484  2530834
1.86373090744  2526371
1.89485502243  2520896
1.92497110367  2520382
1.95380091667  2518707
1.9827709198  2517722
2.02089190483  2517200
2.05872702599  2516830
2.09782505035  2516211
2.16170811653  2511342
2.23590493202  2496840
2.3055729866  2448780
2.37623691559  2443418
2.44800806046  2442968
2.52038598061  2437044
2.5931019783  2436235
2.66241002083  2430325
2.73349809647  2428062
2.80444002151  2375148
2.87603998184  2367837
2.95092892647  2361990
3.02778410912  2361563
3.10541009903  2331906
3.18655610085  2331605
3.26472496986  2322183
3.34620308876  2309089
3.4154419899  2308707
3.49898099899  2247770
3.56712007523  2244968
3.66022205353  2206553
3.72968006134  2202404
3.79733991623  2201821
3.86697101593  2185306
3.94639396667  2179944
4.01865196228  2179836
4.09420990944  2143724
4.18986797333  2124096
4.28763508797  2123101
4.3904709816  2114990
4.498898983  2062646
4.57568407059  2059379
4.6483130455  2059142
4.72526192665  2058887
4.80548405647  2058491
4.94770407677  2055310
5.0836520195  2052337
