0.0112500190735  9525564
0.0114800930023  9395723
0.0115571022034  9371909
0.0118889808655  9329228
0.0120079517365  9309093
0.0123810768127  9300239
0.012885093689  9279334
0.0129611492157  9266327
0.0130801200867  9254139
0.0133669376373  9167870
0.0134429931641  9109143
0.0136041641235  9088445
0.0138490200043  9036066
0.013925075531  8984611
0.0145120620728  8910395
0.0145881175995  8780798
0.0159969329834  8773915
0.0160729885101  8767641
0.0161910057068  8766770
0.0162670612335  8764902
0.0164279937744  8508558
0.0168869495392  8439472
0.0170061588287  8360436
0.0174219608307  8337180
0.0175831317902  8337145
0.017657995224  8336311
0.0178611278534  8332714
0.0179369449615  8330872
0.0181820392609  8311319
0.0184700489044  8306862
0.0188000202179  8292950
0.0193009376526  8128979
0.0205841064453  8102632
0.0212140083313  8084789
0.0213761329651  8081605
0.0216209888458  8074507
0.0217821598053  8048749
0.0232441425323  8013313
0.0234160423279  7994639
0.0253410339355  7989987
0.0262930393219  7956895
0.0264570713043  7956040
0.0267910957336  7907612
0.0272250175476  7851479
0.0289640426636  7813096
0.0322091579437  7802952
0.0362901687622  7798687
0.0412731170654  7798547
0.0414879322052  7491123
0.041778087616  7407767
0.0419239997864  7407256
0.0420780181885  7369616
0.0424211025238  7262301
0.0424981117249  7257510
0.0431380271912  7129962
0.0432150363922  7019344
0.0435781478882  7004139
0.0442559719086  6869140
0.0443339347839  6868323
0.0451209545135  6867053
0.0452020168304  6844669
0.0459871292114  6842627
0.0467610359192  6768563
0.0516669750214  6762764
0.0517561435699  6761879
0.0689451694489  6673523
0.0690770149231  6673225
0.0812139511108  6672770
0.0859701633453  6672205
0.0925929546356  6629259
0.101696014404  6628779
0.10804605484  6542955
0.113752126694  6464283
0.11869597435  6437892
0.124988079071  6428686
0.130021095276  6364270
0.13538312912  6349943
0.141723155975  6313293
0.146780014038  6193691
0.152531147003  6179121
0.15824007988  6176984
0.163654088974  6175825
0.169461011887  6160965
0.175435066223  6132353
0.184600114822  6130527
0.191909074783  6103820
0.19704914093  6027716
0.212119102478  6002315
0.218078136444  5952323
0.224068164825  5952254
0.229336023331  5951200
0.234667062759  5946671
0.240096092224  5940714
0.2452480793  5939356
0.252305030823  5906771
0.258868932724  5902178
0.264101982117  5892717
0.269698143005  5892269
0.278908014297  5846780
0.292093992233  5841854
0.300752162933  5841247
0.310701131821  5839395
0.31995511055  5837750
0.329751968384  5831888
0.341679096222  5831708
0.351353168488  5831388
0.367715120316  5830626
0.386170148849  5823604
0.402853012085  5775192
0.420861959457  5748916
0.44297003746  5748836
0.464326143265  5744503
0.484941005707  5742592
0.502664089203  5742380
0.519349098206  5708431
0.536247014999  5673000
0.5548620224  5661059
0.571233987808  5650891
0.590008020401  5562988
0.59020614624  5562823
0.59589600563  5562026
0.605244159698  5560103
0.619826078415  5552197
0.633021116257  5544081
0.643888950348  5535785
0.65422296524  5502340
0.666128158569  5415038
0.677643060684  5406411
0.687781095505  5385375
0.7044069767  5364223
0.719403982162  5353813
0.729788064957  5351865
0.743078947067  5319364
0.754004001617  5190670
0.764708995819  5148000
0.777184009552  5144269
0.790370941162  5140685
0.802313089371  4968946
0.81969499588  4942474
0.830914020538  4907838
0.845196008682  4872171
0.854876995087  4842405
0.867228984833  4727411
0.879275083542  4714281
0.891991138458  4686380
0.904411077499  4679662
0.915573120117  4647763
0.925889015198  4585719
0.936238050461  4522513
0.94751906395  4502822
0.958451032639  4483853
0.968698978424  4368531
0.981467008591  4356198
0.992262125015  4300776
1.00255012512  4225851
1.01394295692  4213187
1.03036594391  4202905
1.04350805283  4195590
1.05408716202  4160392
1.06932806969  4100367
1.0845720768  4100179
1.09596896172  4083077
1.10674595833  4077810
1.11687207222  4055623
1.13174104691  4054082
1.14403605461  4035143
1.15380716324  4025374
1.17069411278  4013647
1.1842880249  3922077
1.19881010056  3896143
1.21979093552  3831124
1.24050211906  3793921
1.26136016846  3718688
1.28171610832  3698716
1.30331397057  3682862
1.32491016388  3658369
1.34816908836  3631777
1.37178111076  3630421
1.3950779438  3619435
1.41728997231  3611977
1.46312499046  3558469
1.48906207085  3555210
1.53293895721  3521317
1.55822396278  3515545
1.58936500549  3473537
1.63517403603  3465099
1.6709010601  3428777
1.70016908646  3423555
1.73269295692  3420276
1.74927401543  3418310
1.78188610077  3406750
1.80075001717  3403978
1.83425402641  3372905
1.86787295341  3365066
1.90464806557  3354455
1.941614151  3343185
1.98483014107  3340707
2.02392816544  3327774
2.06441307068  3315577
2.10685801506  3304583
2.14563012123  3301409
2.19727110863  3298625
2.24312710762  3246129
2.29351210594  3244807
2.32935500145  3235134
2.36626601219  3231757
2.40619301796  3186354
2.44274902344  3132661
2.48246502876  3128983
2.51878595352  3099115
2.55449199677  3098519
2.596763134  3091671
2.63371706009  3084916
2.67775297165  3083448
2.72112393379  3079729
2.7722799778  3074602
2.81846094131  3063776
2.86987495422  3050219
2.92866802216  3048452
2.97482800484  3045260
3.02619099617  3042995
3.07865715027  3002725
3.13650512695  2997952
3.19484710693  2989464
3.2510240078  2915848
3.3104839325  2896314
3.36980009079  2888081
3.42964506149  2886184
3.49281096458  2883205
3.55916595459  2872066
3.61585712433  2851700
3.67779612541  2850010
3.73570394516  2844821
3.77912712097  2842881
3.81604003906  2840828
3.85814499855  2837588
3.91284012794  2834711
3.95108008385  2830415
4.00186800957  2816051
4.05434608459  2812460
4.08102893829  2804161
4.09688997269  2802195
4.13348412514  2799477
4.18338608742  2789496
4.21958708763  2787487
4.26095914841  2783625
4.33007001877  2781397
4.38392114639  2778723
4.45060706139  2768865
4.51767611504  2767245
4.58577013016  2765280
4.65650701523  2761969
4.72337198257  2742645
4.7902071476  2730493
4.86472606659  2723502
4.93333601952  2722882
4.9998061657  2715294
5.06468605995  2689426
5.14695096016  2686838
5.21310400963  2681438
5.27684497833  2663188
5.34579706192  2662496
5.41473293304  2649710
5.46750211716  2645232
5.53836798668  2639771
5.61475896835  2631580
5.66817307472  2630606
5.72211813927  2628013
5.77390503883  2627565
5.82749009132  2617408
5.91039204597  2616340
5.99050712585  2601359
6.07327508926  2584013
6.15744805336  2567663
6.23653411865  2566690
6.31861305237  2542616
6.40382909775  2500705
6.48544096947  2494345
6.56590914726  2494344
6.64755511284  2449585
6.67320609093  2442971
6.68900704384  2442467
6.71563005447  2414068
6.79722809792  2412936
6.87469816208  2375871
6.90232896805  2375790
6.91738295555  2373824
6.95447993279  2367241
7.000633955  2359857
7.05527114868  2357022
7.09117293358  2355013
7.13565206528  2351151
7.21565794945  2350339
7.29586911201  2341071
7.37938308716  2328472
7.46324801445  2324607
7.56557416916  2262649
7.66710305214  2262356
7.77200603485  2262130
7.87760210037  2254497
7.99687504768  2228894
8.1201710701  2216312
8.24490499496  2124935
8.36366701126  2122054
8.48558402061  2103764
8.60981607437  2091703
8.73234915733  2043469
8.86552000046  1997225
9.01394915581  1997106
9.15735697746  1986699
9.29251599312  1979450
9.43533706665  1917374
9.57526397705  1882933
9.73353505135  1854157
9.90091300011  1851011
10.0918490887  1830743
10.2768101692  1828451
10.4587349892  1823003
10.6208240986  1815281
10.7830581665  1765681
10.9669959545  1755547
11.1402881145  1754096
11.3183009624  1747456
11.5088059902  1741918
11.6920461655  1736685
11.8763160706  1732967
12.0609049797  1728389
12.2401311398  1727746
12.4168660641  1718282
12.5899579525  1715069
12.7666311264  1712421
12.9427549839  1712337
13.1158549786  1704120
13.2942841053  1698913
13.4671909809  1698188
13.648761034  1693390
13.8374941349  1692588
14.0225009918  1689975
14.2131140232  1685293
14.4017820358  1684328
14.6035101414  1682324
14.7993190289  1681713
14.9927389622  1676539
15.1868901253  1672884
15.3758120537  1670712
15.5807321072  1670622
15.7821071148  1670582
15.9827771187  1670455
16.1942970753  1669967
16.4004411697  1669459
16.6009311676  1666599
16.8143639565  1666455
17.0346951485  1665558
17.246505022  1662951
17.4850530624  1661165
17.7086410522  1658462
17.9388401508  1658169
18.1245441437  1656003
18.3163580894  1655025
18.5089221001  1654852
18.7298181057  1650743
18.9691250324  1650571
19.1549780369  1646088
19.3350291252  1643149
19.5495619774  1642083
19.7797739506  1641202
19.9980530739  1640459
20.2274720669  1638951
20.467851162  1635010
20.7035281658  1634374
20.9315700531  1634160
21.1651301384  1629920
21.4080309868  1629351
21.6536860466  1628326
21.8974649906  1627920
22.1422059536  1627713
22.3817651272  1627288
22.6246521473  1626790
22.8647229671  1626578
23.1230909824  1607474
23.3893060684  1597462
23.649271965  1550849
23.911427021  1541560
24.1703131199  1538840
24.4255959988  1538102
24.6801810265  1533854
24.9383540154  1526023
25.2021729946  1519595
25.4696640968  1507836
25.7958190441  1495443
26.1009070873  1462515
26.379899025  1454161
26.6557469368  1433946
26.9343400002  1389226
27.2153561115  1388316
27.4936490059  1360374
27.7664959431  1348424
28.0343160629  1344301
28.302489996  1344084
28.5927450657  1343908
28.8770740032  1342245
29.1639630795  1334211
29.4437360764  1325407
29.7312710285  1319536
30.0142371655  1319042
30.3020050526  1317938
30.588160038  1317414
30.8777420521  1299019
31.1684761047  1296186
31.4621069431  1286222
31.757379055  1286076
32.0432240963  1277179
32.3330161572  1245199
32.6302461624  1244948
32.913269043  1238973
33.2036509514  1238156
33.4883611202  1230181
33.790320158  1229993
33.7958550453  1229519
