0.00963187217712  10295615
0.00985789299011  10193815
0.0102269649506  10188698
0.0103509426117  10163209
0.0104758739471  10077002
0.0109519958496  10052391
0.0110750198364  9990378
0.0111980438232  9918214
0.0113208293915  9846514
0.0114438533783  9820781
0.0116839408875  9820188
0.0119240283966  9457477
0.0121648311615  9450646
0.0125229358673  9428622
0.0126459598541  9097156
0.0131168365479  8977804
0.013247013092  8975972
0.0133209228516  8959927
0.0133938789368  8959051
0.013466835022  8931770
0.0135400295258  8696312
0.013612985611  8628159
0.0136849880219  8599416
0.0137569904327  8566953
0.0139689445496  8522044
0.0141818523407  8443088
0.0143928527832  8439142
0.0145349502563  8421591
0.0147459506989  8394643
0.0148189067841  8388606
0.0149610042572  8360312
0.0150330066681  8352609
0.0154509544373  8338948
0.015732049942  8321711
0.0160119533539  8313594
0.0164239406586  8267112
0.0166459083557  8253646
0.0167460441589  8228425
0.0170040130615  8179050
0.0171449184418  8163337
0.0175540447235  8135211
0.0177788734436  8054177
0.0180628299713  8023901
0.0188989639282  8012278
0.0190420150757  8010337
0.0192558765411  8004838
0.0193338394165  7925414
0.0211038589478  7905477
0.0212440490723  7901228
0.0215728282928  7815058
0.0218348503113  7813585
0.0219688415527  7809077
0.0222959518433  7805242
0.0223648548126  7769117
0.0225620269775  7766008
0.0229530334473  7663170
0.0232818126678  7626355
0.023414850235  7491894
0.0243239402771  7473540
0.024463891983  7467491
0.0246498584747  7439082
0.0247139930725  7366421
0.0248379707336  7340847
0.0249018669128  7284837
0.0250270366669  7240364
0.0250909328461  7236724
0.0253369808197  7192820
0.0254008769989  7186870
0.0254650115967  7170457
0.0258319377899  7064442
0.0258958339691  6965410
0.0265049934387  6894326
0.0268709659576  6893936
0.028450012207  6871985
0.0285139083862  6866434
0.028578042984  6698136
0.028883934021  6555921
0.0290689468384  6519506
0.0304219722748  6518312
0.0304968357086  6510766
0.0307128429413  6487335
0.0307929515839  6456577
0.0311658382416  6372913
0.0313048362732  6369295
0.0339798927307  6367870
0.0341129302979  6354078
0.0349700450897  6342591
0.0361099243164  6274820
0.0362408161163  6266829
0.0368640422821  6250341
0.0373029708862  6230006
0.0375008583069  6186010
0.0390410423279  6158595
0.0394189357758  6155634
0.0397939682007  6127899
0.0402858257294  6123850
0.040776014328  6094536
0.0412030220032  6093786
0.0416920185089  6083656
0.0419428348541  6080605
0.0428569316864  6072475
0.0429208278656  6030515
0.0434110164642  5996830
0.0435969829559  5996660
0.0436608791351  5923263
0.0463800430298  5920707
0.0466270446777  5917048
0.0491738319397  5911416
0.0503900051117  5897668
0.0509388446808  5881387
0.051971912384  5880167
0.0545840263367  5875561
0.0555579662323  5871923
0.0571358203888  5846307
0.0574429035187  5836742
0.0587208271027  5790981
0.0590879917145  5790796
0.0598208904266  5786280
0.060250043869  5745304
0.0609798431396  5744136
0.0628600120544  5743383
0.064013004303  5723709
0.0646829605103  5723020
0.0649290084839  5711837
0.0650539398193  5669822
0.065239906311  5669791
0.0665390491486  5646296
0.0678179264069  5644422
0.0699470043182  5631373
0.070436000824  5621111
0.0704998970032  5581505
0.0728650093079  5561921
0.0735969543457  5554465
0.0737829208374  5550887
0.0751159191132  5549920
0.0751810073853  5524534
0.0757319927216  5522674
0.0777299404144  5522451
0.0782170295715  5490927
0.0796740055084  5486685
0.0805859565735  5408743
0.0808918476105  5273757
0.0827658176422  5264732
0.0853788852692  5256564
0.086110830307  5253445
0.0876228809357  5210861
0.0888979434967  5191210
0.0893859863281  5189412
0.0907769203186  5169963
0.0910229682922  5086765
0.0918719768524  5067141
0.0922389030457  5021472
0.0923638343811  4985386
0.0933940410614  4979279
0.0940618515015  4964313
0.094367980957  4949027
0.0957658290863  4931473
0.0958909988403  4916299
0.0988478660583  4897242
0.0993368625641  4851277
0.0996429920197  4833756
0.106237888336  4833430
0.106544017792  4827841
0.106910943985  4825877
0.106974840164  4804358
0.107131004333  4713605
0.108090877533  4705145
0.108582019806  4700292
0.108827829361  4694517
0.109316825867  4693531
0.110410928726  4588082
