0.0118207931519  9562101
0.0119159221649  9558737
0.012051820755  9558130
0.0122509002686  9484467
0.0123829841614  9473154
0.0125799179077  9313741
0.0129699707031  9208313
0.0130379199982  9118195
0.0131049156189  9001262
0.0134389400482  8999549
0.0139877796173  8996971
0.0141108036041  8993130
0.0141749382019  8942255
0.0142979621887  8819399
0.0144209861755  8761412
0.0144839286804  8754259
0.0145468711853  8753061
0.01527094841  8690565
0.0160539150238  8527289
0.0161168575287  8526914
0.0162398815155  8493102
0.0163629055023  8424583
0.0164868831635  8327261
0.0166099071503  8312371
0.0167329311371  8278621
0.0170347690582  8141437
0.0170979499817  8022807
0.0173408985138  8004488
0.0175828933716  7882718
0.0181849002838  7795932
0.018837928772  7755960
0.0190999507904  7701171
0.0191669464111  7686913
0.0192317962646  7588630
0.0192959308624  7588058
0.019711971283  7565265
0.020831823349  7502168
0.0209639072418  7459433
0.0210888385773  7438639
0.0221807956696  7388186
0.0227768421173  7218581
0.023099899292  7218256
0.023286819458  7157819
0.0233509540558  7136445
0.02383685112  7120308
0.02450299263  7060303
0.024749994278  7050216
0.0248208045959  7020210
0.0251858234406  6996139
0.0254299640656  6991793
0.0255539417267  6894942
0.0256769657135  6880745
0.0265820026398  6715506
0.0269298553467  6666938
0.0274169445038  6664882
0.0276629924774  6646710
0.0277869701385  6645327
0.0282118320465  6645205
0.0283968448639  6509688
0.0286438465118  6498361
0.0294089317322  6469028
0.0297808647156  6468549
0.029932975769  6454603
0.0308859348297  6448340
0.0321249961853  6411540
0.0324079990387  6362370
0.0335178375244  6350874
0.0337648391724  6315427
0.034735918045  6313196
0.0348608493805  6228645
0.0351059436798  6183348
0.0365078449249  6178392
0.0377068519592  6169197
0.0377788543701  6163171
0.0378439426422  6148568
0.0379087924957  6141599
0.0382149219513  6124773
0.0388197898865  6106366
0.0400359630585  6104194
0.0405948162079  6050727
0.0417339801788  6037948
0.0438129901886  5921341
0.0439488887787  5821126
0.0449569225311  5781404
0.0451469421387  5599086
0.0454668998718  5589150
0.0455939769745  5580463
0.0489799976349  5543624
0.0490520000458  5497260
0.0499169826508  5485566
0.0502238273621  5438461
0.0506498813629  5404166
0.050833940506  5399094
0.0508968830109  5395057
0.0512008666992  5391987
0.0513849258423  5390955
0.0515079498291  5330562
0.0518798828125  5305391
0.052206993103  5215506
0.0530049800873  5201603
0.0533118247986  5181075
0.0544528961182  5176078
0.0552458763123  5171311
0.0553097724915  5158145
0.0553739070892  5155164
0.0555598735809  5124082
0.0559968948364  5124069
0.056361913681  5120829
0.0566668510437  5044330
0.0575749874115  4981314
0.0579438209534  4976694
0.0593857765198  4976497
0.0600519180298  4970384
0.060959815979  4932110
0.0612637996674  4882195
0.0622849464417  4878259
0.0624690055847  4838589
0.0630788803101  4817729
0.0638339519501  4805327
0.0670988559723  4751057
0.0681989192963  4698059
0.0715448856354  4622942
0.0728399753571  4621026
0.0730228424072  4604013
0.0733737945557  4586444
0.0737638473511  4550599
0.07657289505  4548628
0.0768368244171  4537119
0.0775349140167  4515600
0.0777797698975  4509223
0.0785048007965  4508805
0.0794069766998  4508410
0.0808479785919  4495247
0.0810308456421  4492967
0.0813949108124  4492804
0.0816969871521  4475327
0.0834949016571  4472908
0.0838589668274  4437113
0.0840449333191  4432688
0.0848917961121  4431683
0.0851528644562  4404948
0.0857789516449  4404736
0.0859699249268  4404200
0.0862379074097  4403131
0.0864038467407  4402412
0.0865077972412  4401950
0.0892908573151  4392617
0.0897858142853  4372290
0.0906918048859  4370972
0.0916578769684  4368109
0.0919029712677  4366204
0.0923869609833  4362531
0.0929298400879  4290905
0.0957159996033  4290553
0.0971767902374  4289298
0.10161781311  4281142
0.103405952454  4279165
0.104791879654  4266653
0.105404853821  4233466
0.106074810028  4221304
0.107039928436  4216852
0.107163906097  4216198
0.107887983322  4214616
0.108311891556  4203902
0.108793973923  4195689
0.109215974808  4123559
0.109492778778  4114540
0.111884832382  4113183
0.113143920898  4053533
0.114223957062  4044303
0.114584922791  4021727
0.115662813187  4020019
0.117163896561  4018735
0.117226839066  4002002
0.120661973953  3960146
0.122238874435  3959466
0.122489929199  3956264
0.125981807709  3955858
0.126166820526  3949624
0.127317905426  3947973
0.128284931183  3939305
0.128712892532  3936746
0.129077911377  3919290
0.132600784302  3908340
0.133030891418  3887787
0.135755777359  3883255
0.137189865112  3868593
0.139252901077  3865712
0.139618873596  3865414
0.139863967896  3855786
0.139987945557  3749623
0.141319990158  3745647
0.142898797989  3731686
0.144782781601  3719589
0.149499893188  3719514
0.149837970734  3718998
0.150195837021  3673684
0.155548810959  3673136
0.159550905228  3671234
0.161063909531  3670214
0.172480821609  3669133
0.172912836075  3668927
0.174182891846  3668889
0.175271987915  3654872
0.175936937332  3644988
0.176845788956  3642694
0.177996873856  3638413
0.180823802948  3631727
0.185542821884  3630207
0.1876039505  3629665
0.188341856003  3628720
0.192862987518  3622915
0.19317483902  3592653
0.193238973618  3586877
0.193483829498  3575629
0.197257995605  3568602
0.204540967941  3542886
0.204732894897  3541979
0.20540189743  3537951
0.207273006439  3519054
0.207778930664  3496541
0.208857774734  3487996
0.210719823837  3487596
0.212278842926  3463350
0.21914100647  3462956
0.224923849106  3459979
0.225475788116  3459914
0.228078842163  3459498
0.229522943497  3458272
0.235967874527  3453439
0.239376783371  3447077
0.242271900177  3444827
0.242396831512  3377047
0.245727777481  3375909
0.248879909515  3375417
0.250458955765  3368454
0.260680913925  3368392
0.267694950104  3367552
0.273422956467  3367339
0.279057979584  3366233
0.284619808197  3362062
0.28475189209  3361928
0.289195775986  3361559
0.290171861649  3359945
0.298020839691  3348853
0.298283815384  3347513
0.29834985733  3341747
0.301838874817  3337499
0.30686378479  3336090
0.30843091011  3292768
0.313530921936  3292020
0.315317869186  3290823
0.316226005554  3289996
0.32194685936  3277521
0.32280087471  3274006
0.328497886658  3272073
0.33827495575  3270952
0.339194774628  3266795
0.345946788788  3259158
0.346316814423  3254955
0.35227894783  3251091
0.354915857315  3234796
0.363016843796  3233278
0.366410970688  3226285
0.373175859451  3219209
0.375858783722  3209247
0.391596794128  3207280
0.391672849655  3195064
0.393148899078  3192313
0.395457983017  3191423
0.397513866425  3190984
0.402186870575  3190655
0.403680801392  3176676
0.406294822693  3175246
0.409547805786  3166757
0.410525798798  3160946
0.416464805603  3158307
0.43176984787  3153895
0.448900938034  3152008
0.460443973541  3151379
0.466114997864  3140978
0.472181797028  3140825
0.477730989456  3139334
0.482904911041  3137948
0.482967853546  3135882
0.485930919647  3135673
0.502779960632  3127025
0.507016897202  3126235
0.51072883606  3123843
0.526704788208  3110926
0.564354896545  3110426
0.567974805832  3106048
0.570140838623  3093629
0.58424282074  3085327
0.586300849915  3085317
0.606794834137  3083337
0.607839822769  3082485
0.615489959717  3073802
0.618880987167  3072735
0.622569799423  3062985
0.6229429245  3053067
0.638443946838  3050023
0.643723964691  3046917
0.65131187439  3046509
0.659147977829  3045147
0.664519786835  3021420
0.691396951675  3001983
0.696092844009  3001775
0.701133966446  2999913
0.715188980103  2999219
0.717269897461  2958257
0.725583791733  2957838
0.736797809601  2956360
0.742899894714  2949900
0.747767925262  2947667
0.750955820084  2943605
0.767583847046  2852687
0.769876003265  2852006
0.781461000443  2848397
0.785121917725  2834190
0.787016868591  2833268
0.796474933624  2833255
0.800399780273  2815581
0.822477817535  2814730
0.862390995026  2814719
0.864081859589  2752087
0.897756814957  2746964
0.925344944  2743218
0.929447889328  2742646
0.93505692482  2742167
0.977686882019  2738015
0.991430997849  2737092
1.01000785828  2735312
1.01019883156  2721404
1.01213479042  2718923
1.01634979248  2718205
1.02402591705  2713437
1.02891588211  2699442
1.0463578701  2628802
1.0613629818  2623971
1.06276893616  2621960
1.07447695732  2611459
1.08070683479  2611422
1.08265280724  2610086
1.08680796623  2609933
1.14593195915  2604085
1.14896082878  2604036
1.17804479599  2603397
1.18456196785  2588067
1.18639779091  2587647
1.19327187538  2587517
1.20647382736  2587334
1.2108528614  2584913
1.21285390854  2584571
1.24550700188  2565357
1.26182389259  2564074
1.27226996422  2562354
1.33341383934  2555067
1.38935279846  2554986
1.39171886444  2514955
1.39519095421  2514234
1.42528986931  2509536
1.47092986107  2508811
1.48652887344  2508255
1.49769878387  2487922
1.51702284813  2486782
1.51916384697  2486149
1.52157497406  2480403
1.52542185783  2480274
1.53810191154  2479631
1.55843997002  2479489
1.58863592148  2477676
1.63681483269  2476585
1.63925600052  2474972
1.64064192772  2473454
1.6456849575  2473371
1.66558885574  2471899
1.66853690147  2471373
1.72907185555  2468144
1.74063682556  2464998
1.75689387321  2462053
1.82964277267  2460390
1.85866785049  2460099
1.86467695236  2459913
1.88599085808  2459517
1.91096282005  2458959
1.94136381149  2455750
1.96452593803  2455198
2.00926399231  2454691
2.01762890816  2454149
2.06083297729  2451578
2.07299685478  2450782
2.08858084679  2450417
2.10705089569  2441702
2.14109492302  2436868
2.17180490494  2434719
2.17349481583  2417906
2.22351694107  2417829
2.29933285713  2416329
2.354159832  2415545
2.36483287811  2412837
2.43869495392  2411873
2.44816398621  2406718
2.48510980606  2406509
2.50533795357  2406490
2.52673888206  2394764
2.53043580055  2393944
2.55643582344  2393295
2.55717086792  2392952
2.55974793434  2392363
2.56902980804  2391418
2.58128094673  2391001
3.05325889587  2379665
3.41246700287  2378218
3.49586582184  2378140
3.5050637722  2376629
3.50793981552  2375682
3.61500477791  2366470
3.83181285858  2365156
3.87945699692  2362420
4.32350182533  2355802
4.44754481316  2354190
4.52550888062  2353916
