0.00935888290405  9094398
0.00954294204712  9048269
0.0097918510437  9042552
0.0100820064545  9012133
0.010586977005  9005766
0.0107049942017  8855974
0.0108668804169  8834386
0.0112409591675  8741037
0.0114018917084  8651582
0.0119049549103  8610979
0.0126240253448  8610367
0.012699842453  8582244
0.0131168365479  8576166
0.0131938457489  8546366
0.0135319232941  8415953
0.0137569904327  8415279
0.0140459537506  8397032
0.0154769420624  8361270
0.0169768333435  8355387
0.0171179771423  8353090
0.018082857132  8349474
0.0190598964691  8340841
0.0191478729248  8323457
0.0204529762268  8322018
0.0205519199371  8276841
0.0208189487457  8207083
0.0211758613586  8198601
0.0212578773499  8167103
0.0213878154755  8050349
0.0217440128326  8049606
0.022656917572  8037749
0.0236618518829  8030096
0.023738861084  7985494
0.0238568782806  7985484
0.0250058174133  7973760
0.0250818729401  7960371
0.0253279209137  7958142
0.0268049240112  7944131
0.0286428928375  7905172
0.0288469791412  7901009
0.0289540290833  7898433
0.0307378768921  7897490
0.0308659076691  7869721
0.0311918258667  7851019
0.0325198173523  7848269
0.0345408916473  7846669
0.03466796875  7803275
0.0350468158722  7800269
0.0390949249268  7794325
0.0427529811859  7794221
0.0428538322449  7605001
0.0431628227234  7553611
0.0432829856873  7533995
0.0436608791351  7533920
0.0460448265076  7525802
0.0488820075989  7524279
0.0491509437561  7441367
0.04944896698  7226419
0.0518698692322  7226311
0.0552020072937  7225143
0.0553779602051  7221460
0.0555930137634  7183198
0.0557608604431  7181923
0.0558848381042  7173154
0.0561418533325  7101484
0.0565438270569  7058864
0.0566239356995  7057118
0.0567438602448  7035430
0.0569489002228  6984823
0.0570259094238  6983070
0.0574450492859  6909513
0.057520866394  6903010
0.0581710338593  6888549
0.0584030151367  6778845
0.0585160255432  6775340
0.0589809417725  6764103
0.0599739551544  6727387
0.0608289241791  6725842
0.0618689060211  6721957
0.0619578361511  6708959
0.0662369728088  6708811
0.0704319477081  6707332
0.0706028938293  6700735
0.0708069801331  6693331
0.07439494133  6692558
0.0782389640808  6692297
0.078418970108  6691827
0.0787768363953  6654234
0.0789949893951  6482936
0.0836699008942  6481164
0.0838329792023  6443678
0.0843799114227  6438661
0.0847978591919  6431042
0.0848739147186  6424980
0.0849919319153  6424467
0.085067987442  6416504
0.0852289199829  6409696
0.0854749679565  6407459
0.085765838623  6407219
0.0858838558197  6393591
0.0859589576721  6393522
0.08624792099  6391643
0.0864508152008  6388046
0.0865259170532  6340611
0.0866439342499  6317107
0.0869748592377  6270371
0.0870509147644  6270304
0.087210893631  6269799
0.0877559185028  6240431
0.0878739356995  6239123
0.0885000228882  6232117
0.0887098312378  6227811
0.0892989635468  6226888
0.0902760028839  6222844
0.0955438613892  6205812
0.100577831268  6197710
0.105458021164  6186866
0.111078977585  6147972
0.116595983505  6114137
0.121982812881  6103197
0.130053043365  6077873
0.140091896057  6072740
0.145278930664  6066855
0.15037894249  6065459
0.155257940292  6064464
0.160233974457  6033409
0.165500879288  6015526
0.172240018845  6015442
0.17748093605  6007348
0.184582948685  5989382
0.189859867096  5988519
0.195188045502  5978426
0.20016503334  5949777
0.205760002136  5912596
0.211170911789  5774516
0.218832969666  5757477
0.22855091095  5739194
0.23822593689  5682059
0.243927955627  5652878
0.252696990967  5640668
0.257828950882  5637723
0.26572394371  5631193
0.271001815796  5629597
0.276043891907  5624603
0.283685922623  5621496
0.289000988007  5620182
0.293915987015  5586212
0.29901599884  5513392
0.303882837296  5498419
0.31010890007  5410055
0.317875862122  5383603
0.322767019272  5315068
0.329032897949  5314791
0.334578037262  5310865
0.339859962463  5298521
0.349467039108  5298435
0.354851961136  5295504
0.359835863113  5293330
0.365006923676  5270833
0.370756864548  5246485
0.380800008774  5238889
0.391132831573  5237863
0.396211862564  5112198
0.401916980743  5025082
0.407230854034  5025043
0.412473917007  5023636
0.418520927429  5012053
0.424310922623  4997560
0.431253910065  4982370
0.442068815231  4981093
0.452873945236  4869480
0.463654994965  4849275
0.486348867416  4632087
0.501924991608  4624552
0.522684812546  4624463
0.528034925461  4618488
0.534809827805  4615807
0.541882991791  4603962
0.547300815582  4596785
0.556351900101  4577422
0.562707901001  4570634
0.568475008011  4566209
0.573413848877  4458455
0.582628011703  4447371
0.588110923767  4410926
0.59601688385  4410163
0.602488040924  4404118
0.609541893005  4364576
0.614753961563  4356110
0.620350837708  4355189
0.625424861908  4354220
0.630708932877  4354031
0.636189937592  4343524
0.646440029144  4333433
0.661432981491  4329714
0.676761865616  4320911
0.696877002716  4320619
0.716855049133  4310396
0.757299900055  4309026
0.783118963242  4306651
0.803874969482  4304405
0.841617822647  4276439
0.864745855331  4276147
0.884304046631  4272015
0.924428939819  4239017
0.965291023254  4232131
1.02016091347  4230944
1.06001400948  4227164
1.09982395172  4196520
1.14169001579  4172568
1.18103194237  4165373
1.23024702072  4154736
1.26909589767  4153462
1.30922985077  4135442
1.35045599937  4120499
1.39075088501  4085788
1.43715286255  4080044
1.4904589653  4051705
1.53650784492  4029972
1.58320403099  4017735
1.62851190567  4016506
1.70955586433  4016431
1.79299688339  3997530
1.85030794144  3982850
1.90628004074  3959683
1.95501804352  3943365
2.02755093575  3940645
2.0867190361  3936778
2.13227200508  3933653
2.18049502373  3931733
2.23344492912  3915813
2.28850984573  3895922
2.34417104721  3884492
2.39182400703  3837193
2.43920302391  3798236
2.49549102783  3780721
2.54632902145  3758069
2.59458589554  3753766
2.64610290527  3699774
2.70243501663  3653999
2.75533699989  3649998
2.81784582138  3628989
2.86288404465  3622788
2.91802787781  3593988
2.98082089424  3555978
3.05131793022  3518181
3.11586403847  3514365
3.17413592339  3491929
3.2443189621  3476723
3.30223798752  3476182
3.37159085274  3411448
3.4418759346  3373953
3.51839089394  3333133
3.586591959  3276431
3.70882201195  3266184
3.79079794884  3261546
3.86015701294  3258891
3.95086288452  3253881
4.05247688293  3253764
4.13377285004  3235319
4.21290588379  3235253
4.28843402863  3234219
4.35470294952  3229636
4.42771983147  3228422
4.50790190697  3214543
4.58273601532  3122754
4.6546959877  3120416
4.76705503464  3042185
4.84497189522  3024712
4.90945386887  3023587
4.97813081741  2970289
5.0673828125  2961650
5.13557291031  2961285
5.2029979229  2917089
5.28217983246  2906514
5.35021996498  2864452
5.41796994209  2791673
5.50093984604  2791535
5.57216382027  2735106
5.64113903046  2641969
5.71531200409  2586627
5.8122420311  2575441
5.89200782776  2541976
5.97470402718  2541238
6.06239700317  2540844
6.13207483292  2511956
6.19783592224  2506285
6.29554104805  2483884
6.38703393936  2481458
6.51875281334  2475384
6.63038992882  2472710
6.75396490097  2471704
6.86546993256  2450174
6.99389791489  2447853
7.11760282516  2444675
7.23293185234  2433190
7.35322785378  2412623
7.4685549736  2394686
7.59373903275  2385732
7.72521781921  2385251
7.88580393791  2361572
8.01250100136  2350029
8.12410902977  2344471
8.2572119236  2321322
8.38869190216  2302996
8.53673100471  2279093
8.67484092712  2276598
8.82230091095  2258959
8.96562004089  2256383
9.11202192307  2248300
9.24300503731  2246711
9.37699604034  2237757
9.52189588547  2227431
9.66089892387  2208362
9.8076479435  2208099
9.95153594017  2192844
10.1246490479  2179282
10.3015890121  2178788
10.4655959606  2177151
10.6389458179  2176161
10.8129239082  2174429
10.9853880405  2172775
11.1807088852  2171940
11.3735389709  2153713
11.5708258152  2152989
11.7886929512  2152688
11.973788023  2151746
12.1826598644  2151597
12.3785920143  2141576
12.5984690189  2140282
12.8855128288  2138170
13.1275429726  2137246
13.3632259369  2133818
13.5880260468  2116946
13.6602959633  2096871
13.7122728825  2076235
14.1141018867  2076080
14.3078548908  2075604
14.6178150177  2075130
14.8321559429  2061571
15.0981488228  2054903
15.3238079548  1975042
15.3317370415  1974109
15.3369808197  1961895
15.3476119041  1943174
15.3698680401  1941208
15.6041200161  1934823
15.6115808487  1933594
15.8304328918  1926883
16.03982687  1918315
16.0422458649  1917022
16.0470030308  1916933
16.0574100018  1719894
16.0687599182  1716029
16.0950489044  1715921
16.1209998131  1703076
16.1455638409  1689860
16.1706869602  1639378
16.2188019753  1623693
16.277299881  1618571
16.3353388309  1540116
16.4148938656  1519580
16.4918308258  1501194
16.5894780159  1470462
16.6577730179  1450357
16.7336778641  1446664
16.8087010384  1446522
16.8907389641  1408260
16.9787459373  1399699
17.0845959187  1394628
17.1807909012  1388227
17.2805700302  1380505
17.3848998547  1335201
17.5070428848  1332656
17.638286829  1331047
17.7565438747  1328608
17.8751008511  1325581
17.9852898121  1324851
18.1097209454  1324582
18.2275009155  1322295
18.3404200077  1315596
18.4485728741  1315334
18.5652508736  1314500
18.6742048264  1314431
18.7955520153  1312843
18.9095408916  1312517
19.0208759308  1312415
19.134032011  1309313
19.2451360226  1305800
19.3654258251  1304980
19.4875450134  1291800
19.6245448589  1291095
19.7578020096  1287556
19.8944058418  1285215
20.0095348358  1284897
20.130106926  1284830
20.2431418896  1284783
20.3586828709  1277452
20.4758470058  1276462
20.5993769169  1273249
20.7161920071  1273140
20.8420739174  1267666
20.9653749466  1265705
21.0900738239  1261111
21.2358019352  1258876
21.391204834  1258802
21.5554559231  1258310
21.7082920074  1257972
21.8551909924  1255635
22.0002479553  1254553
22.1505169868  1245621
22.3010890484  1239327
22.4615869522  1238691
22.6376538277  1237467
22.8126578331  1236781
22.998842001  1236354
23.1888468266  1236105
23.3656389713  1230506
23.5668540001  1230298
23.7553319931  1227624
23.9535770416  1227143
