0.0103499889374  9748535
0.0105588436127  9640086
0.0107088088989  9532129
0.0108349323273  9241216
0.0110788345337  9142311
0.0117878913879  8990262
0.012501001358  8961169
0.0126898288727  8961021
0.0128140449524  8935037
0.0130808353424  8906198
0.0135760307312  8880074
0.0144598484039  8787935
0.014622926712  8784390
0.0149309635162  8776627
0.015389919281  8728506
0.0155470371246  8728373
0.0160009860992  8690603
0.0164539813995  8678373
0.0170600414276  8604842
0.0181179046631  8436977
0.0182378292084  8430774
0.0184550285339  8376551
0.01859998703  8328267
0.0187430381775  8328107
0.0188179016113  8317774
0.0190308094025  8297908
0.0197319984436  8238322
0.019877910614  8237533
0.0200939178467  8230969
0.0211470127106  8189339
0.0219948291779  8180197
0.0222918987274  8135400
0.0225579738617  8037476
0.0237329006195  7761869
0.0242249965668  7669885
0.0243618488312  7637249
0.0248160362244  7634571
0.0250859260559  7626662
0.0263600349426  7546535
0.0264298915863  7533379
0.0266168117523  7524285
0.0268030166626  7368272
0.0269889831543  7363540
0.0270528793335  7324154
0.0274820327759  7303792
0.0276210308075  7287595
0.0277538299561  7283246
0.0278358459473  7275090
0.027988910675  7265708
0.0283830165863  7264578
0.028774023056  7249505
0.029834985733  7225811
0.0301048755646  7219765
0.0302119255066  7164487
0.0309889316559  7126153
0.0312118530273  7061449
0.03209400177  7039928
0.032518863678  7034971
0.032732963562  7031376
0.0333738327026  6994900
0.0335628986359  6916145
0.0338709354401  6906623
0.0339348316193  6888975
0.0340600013733  6868485
0.0346088409424  6863704
0.0346729755402  6847297
0.0347979068756  6829248
0.0349838733673  6803184
0.0360009670258  6774515
0.0362000465393  6745097
0.0363259315491  6727547
0.0364508628845  6726939
0.0365748405457  6609126
0.0370628833771  6510921
0.037633895874  6484186
0.0383830070496  6445104
0.0384519100189  6441798
0.0385780334473  6429609
0.0390720367432  6415207
0.0393190383911  6399579
0.0396549701691  6393065
0.0409018993378  6346726
0.043084859848  6331032
0.0433359146118  6325162
0.0437610149384  6290882
0.0442938804626  6288367
0.0446228981018  6269136
0.0448858737946  6263590
0.0461900234222  6158903
0.0464799404144  6131309
0.0477118492126  6106995
0.0480258464813  6100322
0.0492799282074  6094445
0.049409866333  6046404
0.0495970249176  6030810
0.0502669811249  6024176
0.0515878200531  5999756
0.0518989562988  5960812
0.0520858764648  5948655
0.0529389381409  5948430
0.0534899234772  5945895
0.0537378787994  5924267
0.0557389259338  5911897
0.056893825531  5890950
0.0575168132782  5881969
0.0575828552246  5828587
0.0588109493256  5824729
0.0591280460358  5750510
0.0597498416901  5747393
0.0598769187927  5743223
0.0606129169464  5690662
0.0607998371124  5664073
0.0615348815918  5658890
0.0631239414215  5654270
0.0638418197632  5580147
0.0644810199738  5500108
0.0653219223022  5477154
0.0659999847412  5468628
0.0680639743805  5438654
0.0688560009003  5415995
0.069895029068  5268448
0.0700240135193  5263631
0.0708808898926  5252299
0.0713729858398  5223272
0.0717449188232  5200456
0.0736880302429  5197491
0.0739378929138  5179500
0.0747289657593  5179034
0.0760629177094  5176972
0.0761268138885  5159311
0.0770959854126  4938096
0.0774009227753  4923874
0.0783698558807  4920281
0.0800859928131  4909275
0.0803890228271  4905845
0.0804769992828  4893488
0.0808839797974  4771029
0.0824649333954  4756921
0.0828759670258  4602626
0.0830118656158  4601334
0.0841150283813  4586132
0.0858960151672  4584798
0.0865068435669  4580801
0.0870540142059  4561338
0.0872988700867  4530309
0.0886929035187  4477511
0.0894839763641  4476735
0.0904538631439  4429651
0.0911219120026  4428156
0.0919709205627  4383769
0.0927639007568  4383438
0.093672990799  4371334
0.0968129634857  4365754
0.0977449417114  4350136
0.101537942886  4349239
0.102697849274  4310714
0.103615045547  4305744
0.105964899063  4263288
0.106803894043  4254188
0.109227895737  4230336
0.109509944916  4163797
0.1107609272  4161118
0.110903978348  4151820
0.112169027328  4148740
0.11700296402  4144556
0.118645906448  4139065
0.118767976761  4137059
0.11952996254  4133910
0.122835874557  4132903
0.125102996826  4132070
0.126317977905  4127084
0.128315925598  4084018
0.133411884308  4012719
0.134454965591  4010341
0.134703874588  3989916
0.135561943054  3985049
0.138430833817  3977844
0.139225006104  3962086
0.14080286026  3952972
0.142525911331  3952222
0.143512964249  3942221
0.144920825958  3941899
0.145889997482  3940210
0.149145841599  3939001
0.151834964752  3917473
0.15434384346  3916778
0.155264854431  3913588
0.155634880066  3863821
0.156970024109  3858129
0.158493041992  3852821
0.158679008484  3851599
0.159592866898  3851160
0.159718036652  3846106
0.159842967987  3843353
0.160087823868  3829886
0.160938978195  3829458
0.161185979843  3824985
0.162525892258  3819994
0.169724941254  3799581
0.170341968536  3791811
0.172045946121  3787057
0.173144817352  3782558
0.173574924469  3747730
0.174291849136  3747636
0.174604892731  3746782
0.183264017105  3746676
0.187613010406  3741414
0.188325881958  3740967
0.189070940018  3740427
0.19299197197  3721981
0.193183898926  3713412
0.193310022354  3713285
0.199420928955  3705982
0.202633857727  3696901
0.202764987946  3696445
0.205271959305  3690196
0.206791877747  3583957
0.209969043732  3583102
0.212755918503  3573303
0.218859910965  3530758
0.223708868027  3529425
0.225423812866  3528360
0.227931976318  3528126
0.228619813919  3527614
0.231263875961  3508579
0.233323812485  3494901
0.236773014069  3492623
0.242751836777  3492325
0.243662834167  3476442
0.254819869995  3441830
0.261680841446  3424361
0.265377044678  3422819
0.267181873322  3415666
0.274600982666  3413919
0.278704881668  3413266
0.28386092186  3404981
0.286684989929  3396576
0.292812824249  3389682
0.30598282814  3365530
0.316646814346  3365517
0.319504022598  3364607
0.321187019348  3363879
0.32272195816  3343489
0.325445890427  3342575
0.326997041702  3319115
0.331895828247  3318824
0.337556838989  3316268
0.341251850128  3311334
0.342411994934  3310478
0.343631982803  3289049
0.344002962112  3284420
0.347453832626  3284211
0.355885982513  3281437
0.368526935577  3280831
0.379911899567  3266768
0.383543014526  3264351
0.385946989059  3263731
0.389736890793  3263468
0.390035867691  3240654
0.390931844711  3240321
0.392482995987  3240245
0.403280973434  3227609
0.404088020325  3227324
0.405714988708  3165949
0.4067029953  3161722
0.417794942856  3158781
0.42160487175  3156145
0.426443815231  3149833
0.434933900833  3146725
0.437880992889  3145612
0.438926935196  3143471
0.453579902649  3143187
0.45957493782  3131131
0.467821836472  3123667
0.477205991745  3123125
0.479411840439  3113956
0.495416879654  3113061
0.497604846954  3112407
0.505362033844  3111076
0.524966001511  3110402
0.542253017426  3106849
0.555410861969  3086327
0.555953979492  3082435
0.564462900162  3081071
0.585938930511  3080416
0.586131811142  3071132
0.588013887405  3069056
0.588382959366  3066506
0.591325998306  3066442
0.596225976944  3030860
0.605278015137  3030404
0.606640815735  3029702
0.613689899445  3028791
0.614912986755  3026879
0.617259025574  3026217
0.619455814362  3021480
0.6258289814  3020452
0.629092931747  3019581
0.634167909622  3018964
0.639978885651  3013203
0.641744852066  3012460
0.643751859665  3008611
0.649978876114  3006366
0.65754699707  3004739
0.657696962357  3003462
0.660410881042  2984975
0.672190904617  2982993
0.676198959351  2981476
0.678776979446  2974750
0.686762809753  2973265
0.69154381752  2969433
0.697540044785  2969051
0.697851896286  2966826
0.699806928635  2966537
0.701710939407  2965704
0.719332933426  2950352
0.721114873886  2947420
0.741400957108  2944234
0.763833045959  2943339
0.76483297348  2942973
0.790145874023  2940959
0.809496879578  2940824
0.811770915985  2940382
0.83848285675  2935075
0.838994979858  2934633
0.859513998032  2929416
0.865013837814  2927785
0.886312961578  2924086
0.951371908188  2923797
1.03124785423  2921307
1.04070281982  2920835
1.06669402122  2919875
1.0822520256  2919478
1.1526658535  2918826
1.20158100128  2918587
1.30992484093  2918181
1.32735300064  2916561
1.36844301224  2909149
1.39089202881  2908590
1.39397096634  2908368
1.4271478653  2908308
1.46687483788  2907559
1.4872469902  2907344
1.53238201141  2900124
1.53458786011  2899707
1.54504585266  2899340
1.56494283676  2898890
1.62561202049  2898732
1.63384103775  2898318
1.65453886986  2882742
1.6573638916  2882538
1.68132090569  2880939
1.69010782242  2880323
1.77965188026  2879744
1.93348193169  2840331
1.94715094566  2838541
1.96903681755  2784091
2.01273703575  2783633
2.04350185394  2782915
2.08054995537  2782766
2.10698485374  2781176
2.12282991409  2781006
2.12338781357  2764480
2.12709593773  2763290
2.1372988224  2763083
2.15990185738  2762444
2.20532393456  2759934
2.20904684067  2759606
2.25609493256  2754557
2.28840398788  2729527
2.30741381645  2728873
2.32488393784  2723455
2.32815098763  2718632
2.33622097969  2715199
2.34187793732  2714653
2.43892192841  2714275
2.4580578804  2713277
2.4584338665  2712477
2.46759796143  2707403
2.4954688549  2707122
2.53714489937  2704154
2.56178092957  2704064
2.5744638443  2701781
2.58818602562  2701668
2.6730029583  2699751
2.70731282234  2699325
2.8660838604  2699250
3.02090501785  2696701
3.06558990479  2690576
3.09012389183  2685258
3.11351299286  2675188
3.12629103661  2673775
3.12726688385  2673252
3.18698000908  2672029
3.19047188759  2671570
3.19781398773  2671507
3.19971990585  2669266
3.21547293663  2664385
3.21912503242  2664097
3.22059082985  2663760
3.22720694542  2658755
3.25135588646  2656880
3.27113103867  2653801
3.27338600159  2653113
3.32722091675  2651097
3.34336590767  2647537
3.51373195648  2644784
3.56447601318  2621960
3.63710093498  2621824
3.65328884125  2616802
3.74603891373  2614155
3.80981302261  2614128
3.91451501846  2606386
3.95327496529  2605568
4.11893081665  2604930
4.27463889122  2604719
4.3723950386  2604687
4.48177099228  2603489
5.70449590683  2601562
5.71083402634  2601034
5.82621383667  2600839
5.93575596809  2600389
