0.0108830928802  9094398
0.0110719203949  9048269
0.0113179683685  9042552
0.0116119384766  9012133
0.0121130943298  9005766
0.0122311115265  8855974
0.0123910903931  8834386
0.0127620697021  8741037
0.0129220485687  8651582
0.0134210586548  8610979
0.0141348838806  8610367
0.014209985733  8582244
0.0146250724792  8576166
0.0146999359131  8546366
0.014986038208  8415953
0.0150620937347  8415279
0.0151789188385  8397032
0.0158910751343  8361270
0.0173830986023  8355387
0.017548084259  8353090
0.0190188884735  8349474
0.0204980373383  8340841
0.0205860137939  8323457
0.0219719409943  8322018
0.0220749378204  8276841
0.0223619937897  8207083
0.0227448940277  8198601
0.022833108902  8167103
0.0229699611664  8050349
0.0233509540558  8049606
0.0243248939514  8037749
0.0253939628601  8030096
0.0254819393158  7985494
0.0256168842316  7985484
0.0269420146942  7973760
0.0270249843597  7960371
0.0273768901825  7958142
0.0292010307312  7944131
0.0313940048218  7905172
0.0315229892731  7901009
0.0316090583801  7898433
0.0333070755005  7897490
0.0334420204163  7869721
0.0336050987244  7851019
0.0350420475006  7848269
0.0379331111908  7846669
0.0380210876465  7803275
0.0382950305939  7800269
0.0401499271393  7794325
0.0426778793335  7794221
0.042809009552  7605001
0.04310297966  7553611
0.043221950531  7533995
0.0435938835144  7533920
0.0458900928497  7525802
0.0490760803223  7524279
0.0491960048676  7441367
0.0494019985199  7226419
0.0520079135895  7226311
0.0552361011505  7225143
0.0553979873657  7221460
0.0556008815765  7183198
0.0557599067688  7181923
0.0558779239655  7173154
0.0561220645905  7101484
0.0564939975739  7058864
0.0565690994263  7057118
0.05668592453  7035430
0.0568881034851  6984823
0.0569629669189  6983070
0.0573770999908  6909513
0.0574519634247  6903010
0.0581719875336  6888549
0.0582931041718  6778845
0.0583689212799  6775340
0.058825969696  6764103
0.0596249103546  6727387
0.0602960586548  6725842
0.0612208843231  6721957
0.0612969398499  6708959
0.064738035202  6708811
0.0681760311127  6707332
0.0683400630951  6700735
0.0685439109802  6693331
0.0719571113586  6692558
0.0757110118866  6692297
0.0758769512177  6691827
0.0762090682983  6654234
0.0764129161835  6482936
0.0811131000519  6481164
0.0812780857086  6443678
0.0818250179291  6438661
0.0822410583496  6431042
0.0823180675507  6424980
0.0824360847473  6424467
0.0825109481812  6416504
0.082671880722  6409696
0.0829179286957  6407459
0.0832080841064  6407219
0.0833261013031  6393591
0.0834009647369  6393522
0.0836899280548  6391643
0.0838930606842  6388046
0.0839691162109  6340611
0.0840859413147  6317107
0.0844171047211  6270371
0.0844929218292  6270304
0.0846529006958  6269799
0.0851969718933  6240431
0.08531498909  6239123
0.0859019756317  6232117
0.0861060619354  6227811
0.08669090271  6226888
0.0876650810242  6222844
0.0928258895874  6205812
0.0979330539703  6197710
0.102819919586  6186866
0.108424901962  6147972
0.113847017288  6114137
0.11878490448  6103197
0.124556064606  6077873
0.134027957916  6072740
0.139143943787  6066855
0.144160032272  6065459
0.149013996124  6064464
0.153985977173  6033409
0.159096002579  6015526
0.164088964462  6015442
0.169172048569  6007348
0.175416946411  5989382
0.180402994156  5988519
0.185616016388  5978426
0.190650939941  5949777
0.195673942566  5912596
0.200668096542  5774516
0.205904006958  5757477
0.21241402626  5739194
0.217336893082  5682059
0.222351074219  5652878
0.227695941925  5640668
0.232844114304  5637723
0.241189002991  5631193
0.246499061584  5629597
0.251573085785  5624603
0.258260965347  5621496
0.26339507103  5620182
0.268340110779  5586212
0.273257017136  5513392
0.278130054474  5498419
0.28381896019  5410055
0.291094064713  5383603
0.297205924988  5315068
0.303683042526  5314791
0.310209989548  5310865
0.316283941269  5298521
0.326657056808  5298435
0.332786083221  5295504
0.338514089584  5293330
0.343391895294  5270833
0.348387002945  5246485
0.357736110687  5238889
0.369795084  5237863
0.375262022018  5112198
0.383207082748  5025082
0.388721942902  5025043
0.393814086914  5023636
0.398771047592  5012053
0.403898954391  4997560
0.409203052521  4982370
0.418976068497  4981093
0.428755998611  4869480
0.43879199028  4849275
0.453367948532  4632087
0.468522071838  4624552
0.487216949463  4624463
0.492234945297  4618488
0.499203920364  4615807
0.506649017334  4603962
0.512036085129  4596785
0.520035028458  4577422
0.525949954987  4570634
0.531789064407  4566209
0.537611961365  4458455
0.547107934952  4447371
0.552365064621  4410926
0.557960033417  4410163
0.564173936844  4404118
0.573486089706  4364576
0.579268932343  4356110
0.584803104401  4355189
0.589848041534  4354220
0.594847917557  4354031
0.602118015289  4343524
0.612713098526  4333433
0.629663944244  4329714
0.644254922867  4320911
0.66438293457  4320619
0.684551954269  4310396
0.717086076736  4309026
0.74400806427  4306651
0.76464509964  4304405
0.802071094513  4276439
0.823559999466  4276147
0.843112945557  4272015
0.886871099472  4239017
0.927171945572  4232131
0.970978021622  4230944
1.01054406166  4227164
