0.00939393043518  11089761
0.00953793525696  11053808
0.00961494445801  11053617
0.0097758769989  10833266
0.00985193252563  10833054
0.0100548267365  10830096
0.0101299285889  10828539
0.0102529525757  10824915
0.0105888843536  10744414
0.0107138156891  10724946
0.0110468864441  10681459
0.0111668109894  10587176
0.0113699436188  10581137
0.0114879608154  10559217
0.011904001236  10546688
0.012405872345  10508472
0.0124819278717  10407872
0.0127699375153  10291590
0.0130159854889  10267316
0.0136020183563  10233477
0.0136778354645  10226140
0.0138800144196  10220051
0.0139980316162  10211987
0.0146269798279  10197541
0.0149149894714  10133353
0.0151598453522  10102163
0.0157890319824  10078774
0.0165038108826  10047063
0.0165798664093  9964856
0.0173368453979  9933411
0.0181379318237  9902063
0.0182130336761  9668436
0.0190558433533  9661627
0.0191309452057  9649650
0.0202298164368  9615184
0.0203130245209  9600060
0.0204339027405  9575981
0.0215890407562  9561165
0.0217649936676  9546360
0.0228078365326  9536907
0.0239980220795  9527055
0.0240738391876  9508029
0.0246059894562  9436636
0.0246880054474  9436590
0.0248498916626  9428852
0.0250968933105  9428247
0.0253849029541  9413531
0.0266189575195  9383068
0.0267369747162  9157725
0.0268130302429  9145990
0.0286569595337  9142194
0.0310409069061  9111226
0.0313029289246  8932570
0.0314638614655  8922276
0.0324718952179  8910475
0.0325999259949  8742279
0.0340628623962  8739463
0.0355038642883  8739266
0.0355808734894  8734614
0.036994934082  8733456
0.0384438037872  8730108
0.0387969017029  8722999
0.0390689373016  8657695
0.0413069725037  8648081
0.0428268909454  8644319
0.0449779033661  8628155
0.0462069511414  8509818
0.0471148490906  8493980
0.0488288402557  8476376
0.0506949424744  8445581
0.0507729053497  8444245
0.0515339374542  8284658
0.0521788597107  8267667
0.0522649288177  8261843
0.0541229248047  8259675
0.0542049407959  8241914
0.0564839839935  8215083
0.0567510128021  8214048
0.0568659305573  8167775
0.0580220222473  8108334
0.0586748123169  8092483
0.061017036438  8068244
0.0611038208008  7986875
0.063759803772  7981714
0.0638508796692  7931790
0.0643138885498  7880770
0.0651500225067  7876509
0.0654888153076  7876226
0.0656108856201  7806134
0.0659878253937  7786640
0.0668039321899  7786349
0.0683009624481  7772886
0.0705950260162  7766510
0.0731549263  7755313
0.0732808113098  7737153
0.0750448703766  7732825
0.0767509937286  7720832
0.0768489837646  7699911
0.0770258903503  7688144
0.0771059989929  7676044
0.0773138999939  7668122
0.0808298587799  7651987
0.0809659957886  7634987
0.0812590122223  7633592
0.0813989639282  7626496
0.0816969871521  7622468
0.0819058418274  7601477
0.0860109329224  7595087
0.0861008167267  7586297
0.089047908783  7561681
0.0891299247742  7528358
0.09330701828  7518864
0.0978338718414  7506288
0.0979540348053  7397148
0.101279973984  7373884
0.101449966431  7342967
0.104715824127  7333467
0.104799032211  7204427
0.108131885529  7193791
0.108209848404  7182794
0.108328819275  7169152
0.108404874802  7168871
0.108650922775  7149199
0.108726978302  7144702
0.11242389679  7105807
0.112592935562  7046518
0.116703033447  7046062
0.117892026901  6904994
0.118217945099  6881715
0.118790864944  6880492
0.118964910507  6870437
0.119364976883  6865742
0.119536876678  6835884
0.120198965073  6821626
0.120319843292  6812123
0.120522975922  6801811
0.12123799324  6799699
0.122084856033  6795739
0.12216091156  6791931
0.123047828674  6784620
0.123122930527  6775792
0.124094009399  6760050
0.12429690361  6758579
0.124414920807  6682711
0.125344991684  6669500
0.125674962997  6666103
0.126346826553  6663610
0.126421928406  6663201
0.126581907272  6659656
0.126911878586  6659590
0.127029895782  6658874
0.127190828323  6653685
0.127477884293  6653584
0.127807855606  6651661
0.128286838531  6650168
0.129076004028  6638248
0.132084846497  6634641
0.135126829147  6634069
0.135501861572  6625821
0.135762929916  6625205
0.135977983475  6591828
0.136829853058  6508488
0.136910915375  6501964
0.13955283165  6496872
0.139679908752  6491915
0.142731904984  6485433
0.146905899048  6471146
0.15083193779  6471058
0.152503967285  6465005
0.154040813446  6449100
0.159646034241  6415268
0.166042804718  6414320
0.166172981262  6412966
0.170142889023  6411642
0.174753904343  6411533
0.174926996231  6405447
0.175143003464  6398833
0.175540924072  6393336
0.181411981583  6391822
0.186841964722  6388772
0.186981916428  6344493
0.187064886093  6340915
0.187283039093  6336437
0.192492008209  6298487
0.198179006577  6275996
0.203294038773  6240210
0.208810806274  6058737
0.214349031448  6035494
0.21923995018  6016784
0.224253892899  6015448
0.229336023331  5961490
0.234529018402  5948287
0.239770889282  5806910
0.244671821594  5802326
0.250761985779  5772010
0.256237030029  5739852
0.268266916275  5739521
0.274075984955  5739032
0.279891014099  5738961
0.285032987595  5733402
0.290318965912  5714202
0.300568819046  5712679
0.311615943909  5712627
0.316891908646  5653940
0.325992822647  5647325
0.331384897232  5608575
0.336458921432  5578136
0.342466831207  5574328
0.348069906235  5571626
0.353004932404  5561024
0.358553886414  5480869
0.36607003212  5472092
0.371562004089  5465614
0.378736972809  5462015
0.385028839111  5411134
0.391047954559  5395683
0.397717952728  5373337
0.403702974319  5306775
0.408679008484  5290415
0.415220022202  5288190
0.421474933624  5262142
0.428673028946  5238453
0.451216936111  5234321
0.478930950165  5232415
0.500901937485  5230169
0.5372569561  5090406
0.55840086937  5090111
0.581658840179  5085979
0.603861808777  5084942
0.608929872513  5083835
0.642684936523  5035230
0.648238897324  5014674
0.669683933258  5013204
0.693862915039  5010829
0.716745853424  5008583
0.752008914948  5004644
0.788514852524  5003714
0.823143005371  4965047
0.862560987473  4961725
0.924496889114  4834016
0.99749994278  4799032
1.05010890961  4788119
1.1138010025  4704939
1.22086691856  4703995
1.26482200623  4624248
1.32618904114  4552514
1.36629486084  4552222
1.38886594772  4548090
1.42838287354  4539701
1.47009181976  4528499
1.49771380424  4526155
1.51865291595  4523909
1.55557703972  4497858
1.59338903427  4497506
1.63199400902  4477929
1.63233184814  4477798
1.63241386414  4468273
1.63267683983  4468086
1.66740989685  4465211
1.67141103745  4463611
1.67149496078  4434950
1.67255687714  4434788
1.67668390274  4421248
1.71477389336  4411016
1.75066900253  4410817
1.7883348465  4410435
1.82725095749  4409989
1.86653780937  4404084
1.90737080574  4396993
1.94993495941  4390242
1.99284982681  4389285
2.03513503075  4370731
2.08170485497  4369968
2.13213086128  4368303
2.18947196007  4367670
2.24376583099  4365219
2.29907989502  4364122
2.3608288765  4363667
2.41510987282  4363481
2.52370381355  4362718
2.59852194786  4362630
2.66081595421  4355857
2.7126660347  4355830
2.77724790573  4355213
2.82876396179  4350567
2.88162899017  4350529
2.93272089958  4349502
2.98422694206  4346956
3.03452992439  4346892
3.08603596687  4346243
3.13483595848  4345022
3.19171380997  4339065
3.25786399841  4338165
3.32685494423  4317036
3.41571497917  4316831
3.50096583366  4313985
3.54123687744  4313184
3.58847880363  4313066
3.63248586655  4310441
3.6750190258  4308672
3.72652983665  4308305
3.77883601189  4307682
3.83254480362  4307486
3.88850498199  4306421
3.94318199158  4306289
4.00035786629  4302973
4.05466103554  4300742
4.10793399811  4300221
4.16665196419  4300043
4.2215628624  4299822
4.27197980881  4299605
4.31939387321  4299259
4.40170192719  4298265
4.48247385025  4286747
4.5707089901  4286702
4.65197300911  4284665
4.74237990379  4256434
4.78491902351  4254582
4.86600899696  4254554
4.95679783821  4253590
5.03728890419  4252405
5.11915493011  4252250
5.17397403717  4250658
5.22980594635  4250451
5.30459880829  4250134
5.38863897324  4245696
5.47102689743  4245100
5.55388092995  4244540
5.64597988129  4244461
5.75705981255  4243963
5.88254094124  4243898
6.02962303162  4240986
6.18906497955  4235666
6.35038399696  4234027
6.44316387177  4233742
6.48498392105  4220781
6.52954292297  4219516
6.56936788559  4217918
6.64012098312  4217713
6.80325984955  4188217
6.97236084938  4186587
7.13367295265  4181553
7.28882980347  4172857
7.45209884644  4160960
7.61368584633  4150919
7.77913188934  4150458
7.9467279911  4120057
8.11382293701  4070046
8.28796696663  4052282
8.46110892296  3993880
8.6315639019  3977286
8.80609202385  3963748
8.98140788078  3914243
9.14765787125  3910267
9.313133955  3898370
9.4735519886  3892430
9.63616299629  3884247
9.79500389099  3880925
9.95844388008  3880680
10.1155178547  3879930
10.2875449657  3877060
10.4439988136  3852432
10.618475914  3850366
10.6280899048  3849880
10.6388478279  3847259
10.6437540054  3846586
10.6486678123  3826480
10.6545758247  3825830
10.6618149281  3797133
10.6724779606  3795392
10.8457479477  3793126
11.0063500404  3785750
11.0149168968  3774516
11.1881828308  3761082
11.3555858135  3740168
11.5526208878  3729348
11.7513659  3697969
11.9386739731  3697333
12.1296448708  3655248
12.3168740273  3655106
12.5205860138  3654703
12.715531826  3636879
12.7237639427  3633549
12.7305259705  3627680
12.9218649864  3626102
13.1143519878  3613156
13.3021039963  3499762
13.5012719631  3481217
13.6663279533  3478795
13.6742529869  3474795
13.844892025  3370972
14.0243208408  3363069
14.1928098202  3362191
14.3528280258  3351772
14.5297160149  3344563
14.6946649551  3342024
14.8660078049  3333878
15.0307118893  3299652
15.1995790005  3238594
15.3749890327  3234946
15.5447459221  3233024
15.7210350037  3224486
15.7274420261  3186078
15.8920338154  3176028
16.0580639839  3163757
16.218102932  3134918
16.4081020355  3116747
16.6035969257  3112346
16.8083729744  3102978
17.0056729317  3073318
17.0173389912  3065405
17.0249688625  3057718
17.2229828835  3057626
17.4210019112  3011123
17.621434927  2983587
17.8187699318  2931532
18.0197570324  2885994
18.2251918316  2800071
18.4277498722  2730454
18.6255218983  2702427
18.8291788101  2695147
19.0330619812  2641060
19.2332839966  2623219
19.434461832  2617028
19.6301510334  2545863
19.8261640072  2535750
20.0262999535  2489386
20.2288029194  2467042
20.4254469872  2466245
20.6250348091  2453207
20.8252270222  2453192
21.0349998474  2394680
21.2372279167  2390774
21.4301810265  2301328
21.6271948814  2291172
21.8227238655  2258151
22.0230510235  2254399
22.2316949368  2250649
22.4316499233  2232634
22.6309950352  2231261
22.8292458057  2163860
23.0308439732  2140472
23.2321150303  2139460
23.4434030056  2138942
23.6486148834  2129522
23.855276823  2108974
24.0580489635  2090258
24.2512228489  2050485
24.4451649189  2028531
24.6570658684  2024095
24.853894949  2018626
25.0509619713  2014810
25.2582290173  2014656
25.4626719952  2009398
25.6642558575  2009218
25.8623728752  2009056
26.0725388527  2008171
26.2881410122  2007855
26.5086569786  1989635
26.7287998199  1987532
26.958796978  1982763
27.1964800358  1978412
27.427767992  1977934
27.660187006  1977192
27.901211977  1938620
28.1377828121  1920209
28.3774318695  1873635
28.620965004  1871971
28.8487148285  1871365
29.0836248398  1869007
29.3138158321  1862668
29.5384199619  1861935
29.7644269466  1861193
30.0053348541  1855116
30.2513959408  1852068
30.4846959114  1848308
30.7002089024  1848268
30.9149129391  1842099
31.146791935  1831397
31.3759868145  1826441
31.6029670238  1817398
31.8227419853  1815959
32.0390889645  1782187
32.2740938663  1781635
32.5031850338  1781515
32.7326509953  1779292
32.9739668369  1743543
33.2085440159  1739226
33.4307320118  1661632
33.6556258202  1657408
33.877576828  1642976
34.102399826  1642758
34.3279488087  1640259
34.5571079254  1606487
34.7906658649  1603274
35.031252861  1583735
35.2776708603  1543504
35.5055530071  1533900
35.7464518547  1531510
35.9936959743  1529823
36.235033989  1516368
36.4760329723  1514704
36.7071659565  1514098
36.9397058487  1511740
37.1776409149  1504522
37.4134159088  1503024
37.650498867  1491119
37.8843200207  1490090
38.11764884  1489348
38.3517739773  1489148
38.5843830109  1464830
38.8244819641  1464574
39.0637559891  1463298
39.3040089607  1456828
39.5435450077  1453615
39.7921869755  1437248
40.0409018993  1434865
40.279515028  1387190
40.5299189091  1384062
40.7827079296  1382264
41.0343368053  1379743
41.2995128632  1364126
41.5525159836  1364000
41.80139184  1363530
42.0655169487  1361821
42.3212199211  1357304
42.5803048611  1342382
42.8479328156  1322901
43.1070530415  1322809
43.3731110096  1310912
43.6370699406  1304518
43.9022059441  1303712
66.9399709702  1303188
67.0776069164  1302502
67.1934549809  1301472
67.321436882  1301257
67.4468538761  1298122
67.5627260208  1297593
67.7381739616  1297486
67.9223248959  1296325
68.1122188568  1296143
68.3136768341  1296033
68.5014998913  1295918
68.7100119591  1292307
68.9941999912  1259697
69.2662119865  1259542
69.5480790138  1259066
69.8266990185  1258592
70.1056540012  1255820
