0.0090548992157  9562101
0.00914192199707  9558737
0.00926899909973  9558130
0.00945401191711  9484467
0.00957798957825  9473154
0.00976204872131  9313741
0.0101249217987  9208313
0.0101890563965  9118195
0.0102560520172  9001262
0.0105588436127  8999549
0.0111680030823  8996971
0.0112998485565  8993130
0.0113658905029  8942255
0.011491060257  8819399
0.0116159915924  8761412
0.0116789340973  8754259
0.0117430686951  8753061
0.0124728679657  8690565
0.0132629871368  8527289
0.013326883316  8526914
0.0134508609772  8493102
0.0135760307312  8424583
0.0137009620667  8327261
0.0138258934021  8312371
0.0139498710632  8278621
0.0142550468445  8141437
0.0143189430237  8022807
0.0145649909973  8004488
0.0148098468781  7882718
0.0154190063477  7795932
0.0158460140228  7755960
0.0160319805145  7701171
0.0160958766937  7686913
0.0161590576172  7588630
0.0162229537964  7588058
0.0164680480957  7565265
0.0171978473663  7502168
0.017322063446  7459433
0.0174510478973  7438639
0.0189518928528  7388186
0.0192649364471  7218581
0.0195739269257  7218256
0.0197608470917  7157819
0.0198259353638  7136445
0.0205700397491  7120308
0.0212988853455  7060303
0.0215508937836  7050216
0.0216150283813  7020210
0.0219838619232  6996139
0.0222308635712  6991793
0.0223569869995  6894942
0.022481918335  6880745
0.0230319499969  6715506
0.0233399868011  6666938
0.0238299369812  6664882
0.0240759849548  6646710
0.0242009162903  6645327
0.0246300697327  6645205
0.0248148441315  6509688
0.0250618457794  6498361
0.0258538722992  6469028
0.0263578891754  6468549
0.0266330242157  6454603
0.0275309085846  6448340
0.0286679267883  6411540
0.0287969112396  6362370
0.0293500423431  6350874
0.0295360088348  6315427
0.0304498672485  6313196
0.0305759906769  6228645
0.0308229923248  6183348
0.0316188335419  6178392
0.0323169231415  6169197
0.0323920249939  6163171
0.0324609279633  6148568
0.0325269699097  6141599
0.0328409671783  6124773
0.0334670543671  6106366
0.0348958969116  6104194
0.0353889465332  6050727
0.036484003067  6037948
0.0380609035492  5921341
0.0381858348846  5821126
0.038792848587  5781404
0.0388560295105  5599086
0.0391018390656  5589150
0.0392270088196  5580463
0.0426468849182  5543624
0.0427148342133  5497260
0.0433850288391  5485566
0.0436949729919  5438461
0.0441238880157  5404166
0.0443089008331  5399094
0.0443730354309  5395057
0.0446798801422  5391987
0.0448658466339  5390955
0.0449910163879  5330562
0.0452370643616  5305391
0.0454218387604  5215506
0.0459690093994  5201603
0.0461540222168  5181075
0.046942949295  5176078
0.047730922699  5171311
0.0477950572968  5158145
0.0478579998016  5155164
0.048043012619  5124082
0.0484690666199  5124069
0.0488350391388  5120829
0.0491409301758  5044330
0.0500509738922  4981314
0.0504169464111  4976694
0.0518670082092  4976497
0.052533864975  4970384
0.0539140701294  4932110
0.0545198917389  4882195
0.0565259456635  4878259
0.0568850040436  4838589
0.0577409267426  4817729
0.0585789680481  4805327
0.0605919361115  4751057
0.0613589286804  4698059
0.0636458396912  4622942
0.0647630691528  4621026
0.0648970603943  4604013
0.0652229785919  4586444
0.0656130313873  4550599
0.0687680244446  4548628
0.0690228939056  4537119
0.0696940422058  4515600
0.0699398517609  4509223
0.0706698894501  4508805
0.071583032608  4508410
0.0730340480804  4495247
0.0732190608978  4492967
0.0735850334167  4492804
0.0738890171051  4475327
0.0757009983063  4472908
0.0760669708252  4437113
0.0762510299683  4432688
0.0770988464355  4431683
0.0772838592529  4404948
0.0777139663696  4404736
0.0778388977051  4404200
0.078027009964  4403131
0.0781519412994  4402412
0.0782158374786  4401950
0.0806369781494  4392617
0.0811250209808  4372290
0.0820338726044  4370972
0.0829999446869  4368109
0.0832459926605  4366204
0.0837318897247  4362531
0.0842790603638  4290905
0.0870530605316  4290553
0.0883848667145  4289298
0.0928258895874  4281142
0.0940320491791  4279165
0.0951180458069  4266653
0.0957210063934  4233466
0.0963859558105  4221304
0.0973570346832  4216852
0.0974810123444  4216198
0.0982120037079  4214616
0.0986380577087  4203902
0.0991230010986  4195689
0.0995819568634  4123559
0.0998270511627  4114540
0.102227926254  4113183
0.103497028351  4053533
0.104588031769  4044303
0.104953050613  4021727
0.106040000916  4020019
0.107550859451  4018735
0.107614994049  4002002
0.110394954681  3960146
0.111606836319  3959466
0.111850976944  3956264
0.115350008011  3955858
0.115535020828  3949624
0.116689920425  3947973
0.117774963379  3939305
0.118377923965  3936746
0.118793010712  3919290
0.122305870056  3908340
0.122736930847  3887787
0.125355005264  3883255
0.126086950302  3868593
0.128160953522  3865712
0.128528833389  3865414
0.128775835037  3855786
0.128900051117  3749623
0.130238056183  3745647
0.131696939468  3731686
0.133579015732  3719589
0.136910915375  3719514
0.137097835541  3718998
0.137286901474  3673684
0.141659975052  3673136
0.145678043365  3671234
0.147197008133  3670214
0.159791946411  3669133
0.16025185585  3668927
0.161723852158  3668889
0.162863016129  3654872
0.163532972336  3644988
0.164444923401  3642694
0.165598869324  3638413
0.169112920761  3631727
0.173748016357  3630207
0.175212860107  3629665
0.175976991653  3628720
0.180516958237  3622915
0.180825948715  3592653
0.180891036987  3586877
0.181135892868  3575629
0.184828996658  3568602
0.19172000885  3542886
0.191912889481  3541979
0.192586898804  3537951
0.194766044617  3519054
0.195200920105  3496541
0.196056842804  3487996
0.197886943817  3487596
0.199285030365  3463350
0.206301927567  3462956
0.211005926132  3459979
0.211561918259  3459914
0.213938951492  3459498
0.215335845947  3458272
0.221950054169  3453439
0.22438287735  3447077
0.22759604454  3444827
0.22772693634  3377047
0.230895042419  3375909
0.234245061874  3375417
0.235843896866  3368454
0.243670940399  3368392
0.250669956207  3367552
0.255596876144  3367339
0.261204004288  3366233
0.266628980637  3362062
0.266800880432  3361928
0.270537853241  3361559
0.271661043167  3359945
0.275161981583  3348853
0.27544593811  3347513
0.275516986847  3341747
0.278877973557  3337499
0.286128044128  3336090
0.288500070572  3292768
0.294388055801  3292020
0.296097040176  3290823
0.297013044357  3289996
0.301815032959  3277521
0.302670955658  3274006
0.308318853378  3272073
0.316964864731  3270952
0.318104028702  3266795
0.324880838394  3259158
0.325253009796  3254955
0.330721855164  3251091
0.331876993179  3234796
0.33992600441  3233278
0.34241604805  3226285
0.347461938858  3219209
0.349452972412  3209247
0.360813856125  3207280
0.360882997513  3195064
0.362345933914  3192313
0.364452838898  3191423
0.366266012192  3190984
0.370372056961  3190655
0.371599912643  3176676
0.373318910599  3175246
0.37580704689  3166757
0.376785993576  3160946
0.382822990417  3158307
0.396081924438  3153895
0.412622928619  3152008
0.423760890961  3151379
0.429173946381  3140978
0.434242963791  3140825
0.44021487236  3139334
0.445453882217  3137948
0.44551897049  3135882
0.448374032974  3135673
0.464658021927  3127025
0.468936920166  3126235
0.472991943359  3123843
0.488770008087  3110926
0.521961927414  3110426
0.52530503273  3106048
0.526641845703  3093629
0.541794061661  3085327
0.543599843979  3085317
0.56115603447  3083337
0.562080860138  3082485
0.569936990738  3073802
0.573225021362  3072735
0.575839042664  3062985
0.576206922531  3053067
0.588697910309  3050023
0.595999956131  3046917
0.603708028793  3046509
0.609823942184  3045147
0.614816904068  3021420
0.637423038483  3001983
0.642153978348  3001775
0.646888017654  2999913
0.659708976746  2999219
0.661787033081  2958257
0.669288873672  2957838
0.678325891495  2956360
0.683706998825  2949900
0.68829202652  2947667
0.691575050354  2943605
0.706318855286  2852687
0.707733869553  2852006
0.718605041504  2848397
0.722476959229  2834190
0.723738908768  2833268
0.732429027557  2833255
0.736261844635  2815581
0.758993864059  2814730
0.791064977646  2814719
0.792747020721  2752087
0.824064016342  2746964
0.850085020065  2743218
0.853785991669  2742646
0.858085870743  2742167
0.899363994598  2738015
0.911498069763  2737092
0.928889989853  2735312
0.92908000946  2721404
0.931023836136  2718923
0.935294866562  2718205
0.941334009171  2713437
0.946246862411  2699442
0.962723016739  2628802
0.976701974869  2623971
0.978106021881  2621960
0.989237070084  2611459
0.996168851852  2611422
0.998257875443  2610086
1.00191307068  2609933
1.05999183655  2604085
1.06324100494  2604036
1.09222793579  2603397
1.09831285477  2588067
1.09994006157  2587647
1.10587596893  2587517
1.11603999138  2587334
1.12053990364  2584913
1.12254786491  2584571
1.14994502068  2565357
1.1680419445  2564074
1.17549586296  2562354
1.22890305519  2555067
1.2748029232  2554986
1.27687597275  2514955
1.28017306328  2514234
1.31381201744  2509536
1.35525298119  2508811
1.37077188492  2508255
1.38265395164  2487922
1.39401698112  2486782
1.39639687538  2486149
1.39887404442  2480403
1.4018099308  2480274
1.41187787056  2479631
1.42457604408  2479489
1.44878387451  2477676
1.48203706741  2476585
1.48380899429  2474972
1.48508095741  2473454
1.48787689209  2473371
1.50396203995  2471899
1.50650501251  2471373
1.55740094185  2468144
1.56862592697  2464998
1.5830039978  2462053
1.65508389473  2460390
1.6842520237  2460099
1.68934297562  2459913
1.71035504341  2459517
1.73644995689  2458959
1.76561188698  2455750
1.78719592094  2455198
1.83354902267  2454691
1.84178996086  2454149
1.87958884239  2451578
1.88982605934  2450782
1.90741801262  2450417
1.9248650074  2441702
1.95584392548  2436868
1.98557591438  2434719
1.98727202415  2417906
2.04394888878  2417829
2.11238503456  2416329
2.17730402946  2415545
2.18975186348  2412837
2.27123999596  2411873
2.28580999374  2406718
2.3304669857  2406509
2.35135293007  2406490
