0.00949192047119  9525564
0.00971794128418  9395723
0.00979495048523  9371909
0.0101270675659  9329228
0.010244846344  9309093
0.0106189250946  9300239
0.0111210346222  9279334
0.011195898056  9266327
0.0113139152527  9254139
0.0116019248962  9167870
0.0116770267487  9109143
0.0118370056152  9088445
0.012081861496  9036066
0.0121579170227  8984611
0.0127449035645  8910395
0.0128200054169  8780798
0.0142300128937  8773915
0.0143060684204  8767641
0.0144238471985  8766770
0.0144989490509  8764902
0.0146579742432  8508558
0.0151169300079  8439472
0.0152349472046  8360436
0.0156500339508  8337180
0.0158100128174  8337145
0.0158848762512  8336311
0.0160870552063  8332714
0.0161619186401  8330872
0.0164070129395  8311319
0.0166940689087  8306862
0.0170240402222  8292950
0.0175240039825  8128979
0.0188100337982  8102632
0.0194408893585  8084789
0.019602060318  8081605
0.019847869873  8074507
0.0199229717255  8048749
0.0207660198212  8013313
0.0208458900452  7994639
0.0220420360565  7989987
0.0229740142822  7956895
0.0231349468231  7956040
0.0234658718109  7907612
0.0238819122314  7851479
0.0253360271454  7813096
0.0281610488892  7802952
0.0314328670502  7798687
0.0354800224304  7798547
0.0356838703156  7491123
0.0359718799591  7407767
0.0360898971558  7407256
0.0361649990082  7369616
0.0364949703217  7262301
0.0365700721741  7257510
0.0371999740601  7129962
0.0372920036316  7019344
0.0380430221558  7004139
0.0393528938293  6869140
0.0395019054413  6868323
0.0408840179443  6867053
0.041032075882  6844669
0.0420069694519  6842627
0.0428750514984  6768563
0.0476019382477  6762764
0.0476899147034  6761879
0.0627720355988  6673523
0.0628988742828  6673225
0.0724639892578  6672770
0.0771980285645  6672205
0.0822038650513  6629259
0.0909700393677  6628779
0.0964939594269  6542955
0.102939844131  6464283
0.108401060104  6437892
0.113956928253  6428686
0.119755983353  6364270
0.126812934875  6349943
0.132839918137  6313293
0.138716936111  6193691
0.144499063492  6179121
0.150048017502  6176984
0.155071973801  6175825
0.160075902939  6160965
0.165055990219  6132353
0.171493053436  6130527
0.176393032074  6103820
0.181366920471  6027716
0.188143014908  6002315
0.193156003952  5952323
0.198035001755  5952254
0.203376054764  5951200
0.208293914795  5946671
0.213254928589  5940714
0.218102931976  5939356
0.223800897598  5906771
0.228790044785  5902178
0.233707904816  5892717
0.238828897476  5892269
0.246903896332  5846780
0.25496006012  5841854
0.263221025467  5841247
0.27152299881  5839395
0.280292034149  5837750
0.289322853088  5831888
0.299223899841  5831708
0.308776855469  5831388
0.324203968048  5830626
0.340427875519  5823604
0.355185985565  5775192
0.36972784996  5748916
0.388206005096  5748836
0.407597064972  5744503
0.426590919495  5742592
0.444159030914  5742380
0.458966016769  5708431
0.473429918289  5673000
0.488034009933  5661059
0.502771854401  5650891
0.520390033722  5562988
0.520514011383  5562823
0.525259017944  5562026
0.534194946289  5560103
0.546591997147  5552197
0.557080984116  5544081
0.566716909409  5535785
0.576398849487  5502340
0.586112976074  5415038
0.596004962921  5406411
0.60614490509  5385375
0.616104841232  5364223
0.629843950272  5353813
0.639540910721  5351865
0.649642944336  5319364
0.659940958023  5190670
0.670240879059  5148000
0.682453870773  5144269
0.692229032516  5140685
0.702586889267  4968946
0.718949079514  4942474
0.728790998459  4907838
0.742395877838  4872171
0.752393007278  4842405
0.762089967728  4727411
0.771735906601  4714281
0.781584978104  4686380
0.793352842331  4679662
0.803315877914  4647763
0.813051939011  4585719
0.82319688797  4522513
0.833093881607  4502822
0.843143939972  4483853
0.853636026382  4368531
0.863832950592  4356198
0.873417854309  4300776
0.883641958237  4225851
0.893223047256  4213187
0.905071020126  4202905
0.914728879929  4195590
0.924440860748  4160392
0.938170909882  4100367
0.952553987503  4100179
0.962584972382  4083077
0.972564935684  4077810
0.982156038284  4055623
0.996104001999  4054082
1.00678491592  4035143
1.01943993568  4025374
1.03359985352  4013647
1.04619693756  3922077
1.05903697014  3896143
1.08138489723  3831124
1.10089087486  3793921
1.12341785431  3718688
1.1449739933  3698716
1.16514492035  3682862
1.18523693085  3658369
1.20648503304  3631777
1.22788906097  3630421
1.24734997749  3619435
1.26677203178  3611977
1.28574991226  3558469
1.30518889427  3555210
1.32746505737  3521317
1.34261488914  3515545
1.35821390152  3473537
1.38222098351  3465099
1.40656304359  3428777
1.43075585365  3423555
1.45562887192  3420276
1.47001385689  3418310
1.49627494812  3406750
1.51320695877  3403978
1.54505491257  3372905
1.57592391968  3365066
1.60665488243  3354455
1.6419210434  3343185
1.68144392967  3340707
1.7168738842  3327774
1.75008392334  3315577
1.78531384468  3304583
1.81839299202  3301409
1.86048197746  3298625
1.90649604797  3246129
1.9536049366  3244807
1.98722696304  3235134
2.02063393593  3231757
2.0594060421  3186354
2.0924680233  3132661
2.13278484344  3128983
2.16610789299  3099115
2.20193004608  3098519
2.23839402199  3091671
2.27287387848  3084916
2.31514406204  3083448
2.36021399498  3079729
2.40203595161  3074602
2.44683098793  3063776
2.49244093895  3050219
2.54236507416  3048452
2.58520507812  3045260
2.63546800613  3042995
2.6818959713  3002725
2.73620700836  2997952
2.78683805466  2989464
2.83713388443  2915848
2.89130091667  2896314
2.9442589283  2888081
2.99538397789  2886184
3.0493888855  2883205
3.10027289391  2872066
3.15163993835  2851700
3.20217204094  2850010
3.25489902496  2844821
3.29228591919  2842881
3.32518696785  2840828
3.36575102806  2837588
3.41446089745  2834711
3.4501709938  2830415
3.49793887138  2816051
3.54638195038  2812460
3.57032489777  2804161
3.58568096161  2802195
3.62050795555  2799477
3.6699590683  2789496
3.70414185524  2787487
3.74312496185  2783625
3.80608701706  2781397
3.85543704033  2778723
3.91884493828  2768865
3.98163104057  2767245
4.0465528965  2765280
4.10769701004  2761969
4.17486691475  2742645
4.23795986176  2730493
4.3016898632  2723502
4.37100291252  2722882
4.43132090569  2715294
4.49311804771  2689426
4.56091094017  2686838
4.62432098389  2681438
4.68675589561  2663188
4.75545096397  2662496
4.82354998589  2649710
4.87193584442  2645232
4.94067907333  2639771
5.01183390617  2631580
