0.010272026062  9488226
0.0106310844421  9410997
0.0106980800629  9304367
0.0108261108398  9163135
0.0108921527863  9159963
0.0109570026398  9010915
0.0110230445862  9010654
0.0110881328583  8993460
0.0111520290375  8978275
0.0113999843597  8976512
0.0114641189575  8939833
0.0115280151367  8927210
0.0115921497345  8853279
0.0117781162262  8670082
0.0118420124054  8407925
0.0121500492096  8363025
0.0122141838074  8257247
0.0124599933624  8084516
0.0127680301666  7900613
0.0128321647644  7772598
0.0132591724396  7632710
0.0136280059814  7563104
0.0140550136566  7560643
0.014240026474  7530807
0.0143649578094  7476292
0.0152790546417  7381581
0.0153429508209  7327772
0.0155291557312  7289184
0.0156531333923  7255235
0.0157170295715  7090383
0.0171120166779  7079057
0.0177459716797  7076953
0.0183560848236  6869217
0.018541097641  6832178
0.0189120769501  6810548
0.019278049469  6809921
0.0197050571442  6800017
0.0200710296631  6799271
0.0201950073242  6795036
0.0203800201416  6786499
0.0220770835876  6766351
0.0224521160126  6743720
0.0225789546967  6743409
0.0227651596069  6734796
0.0229511260986  6734359
0.0232579708099  6670047
0.0235061645508  6646297
0.0236921310425  6624775
0.0238771438599  6535224
0.0239419937134  6500341
0.0241360664368  6499009
0.0247480869293  6483290
0.0248131752014  6474564
0.0256631374359  6474258
0.0257279872894  6429815
0.0259130001068  6413360
0.0268759727478  6402867
0.0274090766907  6367523
0.0288481712341  6367012
0.0289220809937  6325842
0.029806137085  6224939
0.0299980640411  6219491
0.0303130149841  6142226
0.0305621623993  6141032
0.0308320522308  6057700
0.0310180187225  6051344
0.0312700271606  6041299
0.0313360691071  5954041
0.0325500965118  5953069
0.0330369472504  5951364
0.0333440303802  5919382
0.0335290431976  5908516
0.0337359905243  5782243
0.0342400074005  5776426
0.0347499847412  5765710
0.0356409549713  5751585
0.0359950065613  5673869
0.0367391109467  5540198
0.037230014801  5538339
0.0375971794128  5509383
0.0386259555817  5439607
0.038871049881  5433050
0.0393569469452  5405576
0.0399651527405  5369883
0.0403909683228  5360520
0.0406360626221  5285953
0.0411729812622  5271937
0.0414800643921  5265584
0.041846036911  5252808
0.0419709682465  5234282
0.0420370101929  5202068
0.0431301593781  5107639
0.0440990924835  5102696
0.044224023819  5070126
0.0457940101624  5069808
0.0473470687866  5046014
0.0477771759033  5012585
0.0486900806427  4996981
0.0497241020203  4986771
0.0501520633698  4986593
0.0508799552917  4965359
0.0516080856323  4934206
0.0519740581512  4917845
0.0520989894867  4884835
0.0525851249695  4782366
0.0531930923462  4717668
0.0536801815033  4716269
0.0551900863647  4710723
0.0556161403656  4692622
0.0559210777283  4653165
0.0572550296783  4652501
0.0576200485229  4617012
0.0590090751648  4583708
0.0603921413422  4583021
0.0620169639587  4580573
0.0623230934143  4567096
0.0623869895935  4557066
0.0641889572144  4539462
0.0653970241547  4504502
0.0682871341705  4503354
0.0703339576721  4491656
0.0704581737518  4474331
0.0706419944763  4472110
0.0717871189117  4438887
0.0735349655151  4433507
0.074501991272  4417765
0.0753469467163  4416312
0.0757730007172  4386173
0.0760781764984  4367121
0.0763850212097  4362900
0.0779521465302  4335475
0.0781359672546  4305577
0.0792810916901  4298677
0.0799469947815  4249383
0.0806720256805  4247502
0.0811569690704  4246163
0.0824241638184  4196731
0.0854351520538  4195749
0.0863060951233  4151479
0.0868539810181  4151084
0.0887260437012  4135262
0.0923070907593  4126436
0.101191997528  4102298
0.102051973343  4096101
0.105879068375  4077487
0.106191158295  4008809
0.10764503479  3986669
0.11042714119  3966426
0.111093044281  3905723
0.112424135208  3898452
0.114911079407  3888598
0.115036010742  3795523
0.117285966873  3789108
0.119712114334  3788684
0.123836040497  3784771
0.130983114243  3784743
0.134981155396  3784641
0.136739015579  3741631
0.138012170792  3736162
0.139101028442  3605090
0.142249107361  3589992
0.145030975342  3588522
0.146363973618  3588211
0.148832082748  3584139
0.149307966232  3583690
0.151487112045  3576541
0.152251958847  3574800
0.15280008316  3573190
0.159968137741  3564031
0.160753011703  3550852
0.163580179214  3550150
0.165312051773  3544371
0.166684150696  3537585
0.17062997818  3536592
0.173403024673  3527641
0.17423915863  3526989
0.177433013916  3516426
0.178210020065  3515414
0.183674097061  3504126
0.184220075607  3498684
0.187415122986  3439079
0.193921089172  3435080
0.201011180878  3417474
0.207854986191  3410274
0.210488080978  3410212
0.211160182953  3408652
0.213278055191  3391015
0.215334177017  3360276
0.21570110321  3326878
0.220363140106  3321596
0.223750114441  3292296
0.224419116974  3289905
0.228739023209  3255142
0.23801612854  3255057
0.240904092789  3254615
0.248603105545  3252676
0.249402046204  3246551
0.249711990356  3239007
0.251717090607  3228431
0.258919000626  3227568
0.26420712471  3226066
0.267071008682  3222013
0.268321990967  3221680
0.269440174103  3156351
0.275530099869  3129788
0.275865077972  3129709
0.27763915062  3129594
0.281227111816  3125465
0.285540103912  3123183
0.290897130966  3109488
0.29464507103  3106352
0.298362970352  3103535
0.302682161331  3102410
0.303121089935  3102200
0.30361199379  3079553
0.30616402626  3079144
0.306229114532  3061697
0.309592008591  3061099
0.310021162033  3060247
0.317665100098  3057700
0.336063146591  3057210
0.336619138718  3056476
0.339286088943  3036416
0.341068029404  3011125
0.347202062607  3010692
0.348399162292  3010153
0.357436180115  3004703
0.359133005142  2986192
0.364781141281  2983006
0.373173952103  2943299
0.377781152725  2934188
0.379316091537  2933690
0.381631135941  2930118
0.382457017899  2925555
0.383167028427  2914514
0.387583971024  2914331
0.38979101181  2912139
0.391261100769  2911768
0.396301031113  2906754
0.401160001755  2902050
0.407262086868  2898558
0.412031173706  2897606
0.413270950317  2822229
0.41348695755  2821849
0.417580127716  2819693
0.424247026443  2798235
0.430916070938  2793995
0.443681001663  2793010
0.450137138367  2791966
0.450756072998  2784183
0.451915979385  2780765
0.457498073578  2780761
0.460546970367  2776327
0.466989994049  2771726
0.478531122208  2766574
0.491364002228  2766243
0.498959064484  2766042
0.501810073853  2762051
0.50745010376  2761990
0.528290987015  2761620
0.54331111908  2753635
0.553012132645  2751319
0.582560062408  2747756
0.59380197525  2738802
0.595818996429  2733602
0.610613107681  2733473
0.638339042664  2725472
0.651883125305  2724033
0.660256147385  2723555
0.66335606575  2723013
0.668548107147  2721663
0.670114040375  2721343
0.685870170593  2716380
0.690566062927  2713884
0.716181993484  2711429
0.728057146072  2710173
0.729696035385  2710129
0.731817007065  2703743
0.735054016113  2703446
0.7420129776  2703372
0.74531006813  2691533
0.751763105392  2691289
0.762442111969  2659465
0.764686107635  2568329
0.765159130096  2525684
0.768486976624  2522665
0.769945144653  2505818
0.77078795433  2504733
0.782412052155  2503338
0.793449163437  2501207
0.834594011307  2460382
0.843450069427  2458743
0.843822956085  2453748
0.85376906395  2451962
0.86027097702  2451866
0.877185106277  2446013
0.894106149673  2445000
0.90734910965  2441438
0.932816982269  2441407
0.945079088211  2441036
0.94797706604  2440228
0.982673168182  2417803
0.998362064362  2415650
1.06115317345  2414821
1.06661605835  2414264
1.06905817986  2413904
1.10640311241  2411896
1.1593940258  2408725
1.16999316216  2408272
1.18254899979  2405158
1.25200915337  2404815
1.27919602394  2404641
1.2808110714  2403863
1.30393314362  2401142
1.36097216606  2400966
1.45167899132  2400241
1.48609399796  2399889
1.50718903542  2392668
1.51193714142  2387756
1.56549501419  2379282
1.58147716522  2379005
1.5882229805  2377832
1.65595197678  2376480
1.66055703163  2373018
1.7212331295  2363901
1.73153710365  2363818
1.73856210709  2363752
1.74936008453  2356841
1.7494289875  2353592
1.76659703255  2348795
1.77532196045  2348277
1.77798700333  2347981
1.78620505333  2345936
1.81907606125  2343805
1.86719703674  2337940
1.91885709763  2331491
1.9640750885  2327841
1.96793913841  2323379
1.97344708443  2323373
1.99014806747  2322718
2.13967609406  2322164
