0.0104341506958  9094398
0.0106461048126  9048269
0.0109300613403  9042552
0.0112600326538  9012133
0.0118200778961  9005766
0.0119471549988  8855974
0.01211810112  8834386
0.0125150680542  8741037
0.0126872062683  8651582
0.0132191181183  8610979
0.0139851570129  8610367
0.0140659809113  8582244
0.0145080089569  8576166
0.0145881175995  8546366
0.0148940086365  8415953
0.0149750709534  8415279
0.0151000022888  8397032
0.0158421993256  8361270
0.0165960788727  8355387
0.0166721343994  8353090
0.0174250602722  8349474
0.0182671546936  8340841
0.0183420181274  8323457
0.0191400051117  8322018
0.0192160606384  8276841
0.0194602012634  8207083
0.019788980484  8198601
0.0198640823364  8167103
0.0199820995331  8050349
0.0203101634979  8049606
0.0211520195007  8037749
0.0231711864471  8030096
0.0233461856842  7985494
0.0235781669617  7985484
0.0256490707397  7973760
0.0257380008698  7960371
0.026022195816  7958142
0.027535200119  7944131
0.029412984848  7905172
0.0296649932861  7901009
0.0297601222992  7898433
0.0323271751404  7897490
0.0324711799622  7869721
0.0326449871063  7851019
0.0342540740967  7848269
0.0362720489502  7846669
0.0363531112671  7803275
0.0365600585938  7800269
0.0384411811829  7794325
0.0408861637115  7794221
0.0409820079803  7605001
0.0412981510162  7553611
0.0414311885834  7533995
0.0418350696564  7533920
0.0443542003632  7525802
0.0469100475311  7524279
0.0470051765442  7441367
0.0472071170807  7226419
0.0495409965515  7226311
0.0527830123901  7225143
0.0529479980469  7221460
0.0532240867615  7183198
0.0534510612488  7181923
0.0535700321198  7173154
0.0538129806519  7101484
0.0541820526123  7058864
0.0542571544647  7057118
0.0543739795685  7035430
0.0545802116394  6984823
0.0546581745148  6983070
0.0551400184631  6909513
0.0552229881287  6903010
0.0556881427765  6888549
0.0558161735535  6778845
0.0558931827545  6775340
0.0564091205597  6764103
0.0573661327362  6727387
0.0581331253052  6725842
0.0592830181122  6721957
0.0594661235809  6708959
0.0631251335144  6708811
0.0667190551758  6707332
0.0668880939484  6700735
0.0670931339264  6693331
0.0705881118774  6692558
0.0741741657257  6692297
0.0743360519409  6691827
0.0746681690216  6654234
0.0748710632324  6482936
0.0796060562134  6481164
0.0797741413116  6443678
0.0803201198578  6438661
0.0807361602783  6431042
0.0808119773865  6424980
0.0809290409088  6424467
0.0810041427612  6416504
0.0811641216278  6409696
0.0814080238342  6407459
0.0816941261292  6407219
0.0818121433258  6393591
0.0818870067596  6393522
0.0821721553802  6391643
0.0823740959167  6388046
0.0824491977692  6340611
0.0825650691986  6317107
0.0828940868378  6270371
0.0829691886902  6270304
0.0831291675568  6269799
0.0836701393127  6240431
0.0837872028351  6239123
0.0843710899353  6232117
0.0845730304718  6227811
0.0851550102234  6226888
0.0861210823059  6222844
0.0912330150604  6205812
0.0962271690369  6197710
0.101092100143  6186866
0.106682062149  6147972
0.112046003342  6114137
0.116952180862  6103197
0.122697114944  6077873
0.13174200058  6072740
0.136589050293  6066855
0.141492128372  6065459
0.146453142166  6064464
0.151429176331  6033409
0.156583070755  6015526
0.161588191986  6015442
0.168903112411  6007348
0.17585515976  5989382
0.180890083313  5988519
0.186103105545  5978426
0.19109416008  5949777
0.196566104889  5912596
0.203513145447  5774516
0.209282159805  5757477
0.21581697464  5739194
0.22066617012  5682059
0.225643157959  5652878
0.230952978134  5640668
0.236023187637  5637723
0.243652105331  5631193
0.248536109924  5629597
0.253379106522  5624603
0.259032011032  5621496
0.264043092728  5620182
0.268887042999  5586212
0.275992155075  5513392
0.28164601326  5498419
0.287613153458  5410055
0.29699420929  5383603
0.302654027939  5315068
0.30780005455  5314791
0.312784194946  5310865
0.317848205566  5298521
0.32718205452  5298435
0.332118034363  5295504
0.337095975876  5293330
0.341981172562  5270833
0.346994161606  5246485
0.356404066086  5238889
0.368187189102  5237863
0.373807191849  5112198
0.379577159882  5025082
0.386548042297  5025043
0.392084121704  5023636
0.398990154266  5012053
0.405076980591  4997560
0.410753011703  4982370
0.42042016983  4981093
0.432078123093  4869480
0.442736148834  4849275
0.457988023758  4632087
0.473526000977  4624552
0.492911100388  4624463
0.499305009842  4618488
0.506656169891  4615807
0.513336181641  4603962
0.51922917366  4596785
0.528627157211  4577422
0.535205125809  4570634
0.541110038757  4566209
0.546159982681  4458455
0.555284976959  4447371
0.560595989227  4410926
0.567573070526  4410163
0.573606014252  4404118
0.580731153488  4364576
0.58608007431  4356110
0.591238975525  4355189
0.596218109131  4354220
0.601423025131  4354031
0.606662988663  4343524
0.616515159607  4333433
0.63211107254  4329714
0.647709131241  4320911
0.669530153275  4320619
0.689649105072  4310396
0.721293210983  4309026
0.745822191238  4306651
0.766658067703  4304405
0.804993152618  4276439
0.8257791996  4276147
0.847309112549  4272015
0.886759996414  4239017
0.926805019379  4232131
0.969223976135  4230944
1.00930809975  4227164
1.04727101326  4196520
1.08485102654  4172568
1.12425398827  4165373
1.16375899315  4154736
1.20705914497  4153462
1.2445499897  4135442
1.28228712082  4120499
1.32078909874  4085788
1.36266899109  4080044
1.41114521027  4051705
1.45370817184  4029972
1.49774217606  4017735
1.54133605957  4016506
1.58323717117  4016431
1.62879300117  3997530
1.67079114914  3982850
1.71377801895  3959683
1.75533008575  3943365
1.80354118347  3940645
1.84906411171  3936778
1.8923330307  3933653
1.93769407272  3931733
1.98248720169  3915813
2.02799916267  3895922
2.07092618942  3884492
2.11603999138  3837193
2.15891718864  3798236
2.20858812332  3780721
2.25341105461  3758069
2.29694199562  3753766
2.34495615959  3699774
2.40234303474  3653999
2.4441511631  3649998
2.50514698029  3628989
2.54738020897  3622788
2.60373902321  3593988
2.65924215317  3555978
2.7149541378  3518181
2.77310204506  3514365
2.82411003113  3491929
2.87835597992  3476723
2.93181300163  3476182
2.99868416786  3411448
3.06229901314  3373953
3.12676405907  3333133
3.19316101074  3276431
3.25799012184  3266184
3.32704210281  3261546
3.39508509636  3258891
3.46128106117  3253881
3.52434897423  3253764
3.59181809425  3235319
3.65738511086  3235253
3.72073817253  3234219
3.79301714897  3229636
3.85715317726  3228422
3.92123818398  3214543
3.98783111572  3122754
4.05433797836  3120416
4.12162303925  3042185
4.19217705727  3024712
4.25575613976  3023587
4.32613611221  2970289
4.39541506767  2961650
4.45846915245  2961285
4.52334904671  2917089
4.59207510948  2906514
4.65578103065  2864452
4.71956920624  2791673
4.78646016121  2791535
4.85053014755  2735106
4.91612100601  2641969
4.98604106903  2586627
5.05238699913  2575441
