0.00938892364502  9488226
0.00973296165466  9410997
0.00979804992676  9304367
0.0100150108337  9163135
0.0101389884949  9159963
0.0102620124817  9010915
0.0103850364685  9010654
0.0105080604553  8993460
0.0106310844421  8978275
0.011106967926  8976512
0.0112299919128  8939833
0.0113530158997  8927210
0.0115230083466  8853279
0.0119309425354  8670082
0.0120890140533  8407925
0.0126659870148  8363025
0.012787103653  8257247
0.0133121013641  8084516
0.0140280723572  7900613
0.0141890048981  7772598
0.0147659778595  7632710
0.0151591300964  7563104
0.0156149864197  7560643
0.015811920166  7530807
0.0159471035004  7476292
0.0169219970703  7381581
0.0169911384583  7327772
0.0171871185303  7289184
0.0173199176788  7255235
0.0173881053925  7090383
0.0188601016998  7079057
0.019464969635  7076953
0.0200729370117  6869217
0.0202560424805  6832178
0.0212070941925  6810548
0.0216131210327  6809921
0.02205991745  6800017
0.0224280357361  6799271
0.0225520133972  6795036
0.0227370262146  6786499
0.0241301059723  6766351
0.0244951248169  6743720
0.024619102478  6743409
0.0248029232025  6734796
0.0249869823456  6734359
0.0252909660339  6670047
0.0256290435791  6646297
0.0258610248566  6624775
0.0260469913483  6535224
0.0261099338531  6500341
0.0262939929962  6499009
0.0270819664001  6483290
0.0271821022034  6474564
0.030177116394  6474258
0.030247926712  6429815
0.0304589271545  6413360
0.0312550067902  6402867
0.031867980957  6367523
0.0329251289368  6367012
0.0329921245575  6325842
0.033842086792  6224939
0.0339670181274  6219491
0.0342719554901  6142226
0.0345170497894  6141032
0.0347630977631  6057700
0.0349469184875  6051344
0.0351920127869  6041299
0.035257101059  5954041
0.0366520881653  5953069
0.0373680591583  5951364
0.0378050804138  5919382
0.0379960536957  5908516
0.0381879806519  5782243
0.0390200614929  5776426
0.0397520065308  5765710
0.0411760807037  5751585
0.0414850711823  5673869
0.0420939922333  5540198
0.0426321029663  5538339
0.0430030822754  5509383
0.0442500114441  5439607
0.0446760654449  5433050
0.0456330776215  5405576
0.0466909408569  5369883
0.0471251010895  5360520
0.0473709106445  5285953
0.0478570461273  5271937
0.0481629371643  5265584
0.0485289096832  5252808
0.0486540794373  5234282
0.0487179756165  5202068
0.0498061180115  5107639
0.0507740974426  5102696
0.0508990287781  5070126
0.0524680614471  5069808
0.0536761283875  5046014
0.0540990829468  5012585
0.0550079345703  4996981
0.0560350418091  4986771
0.0564601421356  4986593
0.0571820735931  4965359
0.0579071044922  4934206
0.0582699775696  4917845
0.0583939552307  4884835
0.0588791370392  4782366
0.0594830513  4717668
0.0599670410156  4716269
0.0623619556427  4710723
0.0629620552063  4692622
0.0632889270782  4653165
0.0646269321442  4652501
0.0650010108948  4617012
0.0664010047913  4583708
0.0677981376648  4583021
0.0694310665131  4580573
0.06973695755  4567096
0.0698010921478  4557066
0.0716199874878  4539462
0.0728259086609  4504502
0.0757200717926  4503354
0.0784549713135  4491656
0.0785880088806  4474331
0.078773021698  4472110
0.0799219608307  4438887
0.0816719532013  4433507
0.0826380252838  4417765
0.0834889411926  4416312
0.0841329097748  4386173
0.0844459533691  4367121
0.0847539901733  4362900
0.0863311290741  4335475
0.0865161418915  4305577
0.0876679420471  4298677
0.0883369445801  4249383
0.0890700817108  4247502
0.0895590782166  4246163
0.0908329486847  4196731
0.0938539505005  4195749
0.0947020053864  4151479
0.0956649780273  4151084
0.0982310771942  4135262
0.100291967392  4126436
0.10350394249  4102298
0.104296922684  4096101
0.106482982635  4077487
0.106790065765  4008809
0.108412981033  3986669
0.111400127411  3966426
0.113109111786  3905723
0.114555120468  3898452
0.117156028748  3888598
0.117284059525  3795523
0.1197681427  3789108
0.122359037399  3788684
0.126796960831  3784771
0.135978937149  3784743
0.140100002289  3784641
0.141863107681  3741631
0.143280029297  3736162
0.144653081894  3605090
0.150053024292  3589992
0.153010129929  3588522
0.154628038406  3588211
0.156979084015  3584139
0.157436132431  3583690
0.159833908081  3576541
0.160663127899  3574800
0.161956071854  3573190
0.169651031494  3564031
0.170448064804  3550852
0.173308134079  3550150
0.174775123596  3544371
0.175581932068  3537585
0.188044071198  3536592
0.192685127258  3527641
0.193445920944  3526989
0.207682132721  3516426
0.209567070007  3515414
0.226150989532  3504126
0.2267100811  3498684
0.231365919113  3439079
0.239463090897  3435080
0.26251411438  3417474
0.271445035934  3410274
0.274124145508  3410212
0.274797916412  3408652
0.277017116547  3391015
0.280544996262  3360276
0.280919075012  3326878
0.286807060242  3321596
0.290571928024  3292296
0.291245937347  3289905
0.297294139862  3255142
0.306714057922  3255057
0.309596061707  3254615
0.319772005081  3252676
0.320822000504  3246551
0.321192026138  3239007
0.323239088058  3228431
0.33184504509  3227568
0.337697982788  3226066
0.341212034225  3222013
0.342534065247  3221680
0.34321308136  3156351
0.352685928345  3129788
0.352939128876  3129709
0.355103969574  3129594
0.361381053925  3125465
0.368595123291  3123183
0.374861001968  3109488
0.382190942764  3106352
0.386532068253  3103535
0.392393112183  3102410
0.392827987671  3102200
0.393316984177  3079553
0.396381139755  3079144
0.396450996399  3061697
0.400671005249  3061099
0.401106119156  3060247
0.413353919983  3057700
0.436002016068  3057210
0.43655705452  3056476
0.440100908279  3036416
0.442430973053  3011125
0.45002913475  3010692
0.451574087143  3010153
0.467047929764  3004703
0.470752000809  2986192
0.480293989182  2983006
0.490802049637  2943299
0.499552965164  2934188
0.501075983047  2933690
0.503687143326  2930118
0.504426956177  2925555
0.505085945129  2914514
0.509205102921  2914331
0.51303601265  2912139
0.515916109085  2911768
0.521722078323  2906754
0.528299093246  2902050
0.53676199913  2898558
0.539986133575  2897606
0.541300058365  2822229
0.541491031647  2821849
0.547146081924  2819693
0.553869009018  2798235
0.564744949341  2793995
0.586856126785  2793010
0.604172945023  2791966
0.60515499115  2784183
0.606684923172  2780765
0.620199918747  2780761
0.623248100281  2776327
0.633820056915  2771726
0.648256063461  2766574
0.664849042892  2766243
0.675496101379  2766042
0.68038892746  2762051
0.689374923706  2761990
0.720612049103  2761620
0.740984916687  2753635
0.75279712677  2751319
0.791098117828  2747756
0.804333925247  2738802
0.806344032288  2733602
0.821234941483  2733473
0.852708101273  2725472
0.868912935257  2724033
0.879650115967  2723555
0.883644104004  2723013
0.888157129288  2721663
0.889745950699  2721343
0.90776014328  2716380
0.913541078568  2713884
0.941469907761  2711429
0.956493139267  2710173
0.958138942719  2710129
0.96025800705  2703743
0.965486049652  2703446
0.972927093506  2703372
0.976457118988  2691533
0.983689069748  2691289
0.994812011719  2659465
0.997628927231  2568329
0.997941017151  2525684
0.999701976776  2522665
1.0008559227  2505818
1.00158905983  2504733
1.01328396797  2503338
1.02430200577  2501207
1.06786108017  2460382
1.07652902603  2458743
1.07702493668  2453748
1.08667206764  2451962
1.09309601784  2451866
1.11095094681  2446013
1.13184094429  2445000
1.1418170929  2441438
1.16744613647  2441407
1.1823220253  2441036
1.1848320961  2440228
1.22253704071  2417803
1.23918414116  2415650
1.30844593048  2414821
1.31503295898  2414264
1.31761813164  2413904
1.35090303421  2411896
1.40521097183  2408725
1.41655898094  2408272
1.42861008644  2405158
1.50471591949  2404815
1.53588891029  2404641
1.53772211075  2403863
1.56344795227  2401142
1.62508201599  2400966
1.72965407372  2400241
1.769562006  2399889
1.79298210144  2392668
1.79943203926  2387756
1.85879397392  2379282
1.87742996216  2379005
1.88677096367  2377832
1.96252202988  2376480
1.96812105179  2373018
2.03258705139  2363901
2.04330205917  2363818
2.05240392685  2363752
2.06431508064  2356841
2.06438398361  2353592
2.08265209198  2348795
2.09159994125  2348277
2.09425997734  2347981
2.10147309303  2345936
2.13739705086  2343805
2.18560910225  2337940
2.24793410301  2331491
2.29807090759  2327841
2.30221796036  2323379
2.30662798882  2323373
2.32421302795  2322718
2.48463106155  2322164
2.55872702599  2321537
2.64013195038  2319858
2.72583913803  2319665
2.76148295403  2310862
2.77066111565  2310799
2.82028698921  2305731
2.83142495155  2303247
2.92386412621  2303243
3.05110812187  2303178
3.05326199532  2301610
3.09102392197  2298768
3.1670460701  2295197
3.17961406708  2286721
3.21671891212  2275943
3.22508502007  2275568
3.22996997833  2275526
3.24329304695  2256893
3.25410509109  2256875
3.26098704338  2256786
3.26724004745  2253996
3.28637909889  2252971
3.30248212814  2251474
3.30709505081  2250683
3.36731600761  2250579
3.42040896416  2249855
3.49480009079  2249576
3.50305604935  2249525
3.59693193436  2249154
3.62636208534  2247366
3.63776803017  2247287
3.65863108635  2247122
3.74814105034  2246998
3.78903102875  2242794
3.79522895813  2242785
4.00587511063  2236797
4.60329198837  2236549
4.73175811768  2236100
5.4860560894  2236020
