0.015310049057  11089761
0.0154531002045  11053808
0.0155301094055  11053617
0.0156910419464  10833266
0.0157670974731  10833054
0.0159680843353  10830096
0.0160429477692  10828539
0.0161609649658  10824915
0.0164041519165  10744414
0.0165209770203  10724946
0.0168499946594  10681459
0.0169711112976  10587176
0.0171730518341  10581137
0.0172901153564  10559217
0.0177030563354  10546688
0.0182020664215  10508472
0.018275976181  10407872
0.018562078476  10291590
0.0188059806824  10267316
0.0193891525269  10233477
0.0194640159607  10226140
0.0196659564972  10220051
0.0197820663452  10211987
0.0204081535339  10197541
0.020693063736  10133353
0.0209350585938  10102163
0.0215611457825  10078774
0.022271156311  10047063
0.0223460197449  9964856
0.0231440067291  9933411
0.0239789485931  9902063
0.0241420269012  9668436
0.0259530544281  9661627
0.0261051654816  9649650
0.0276291370392  9615184
0.0277259349823  9600060
0.0278649330139  9575981
0.0289900302887  9561165
0.0290920734406  9546360
0.0302300453186  9536907
0.0318739414215  9527055
0.031965970993  9508029
0.0324611663818  9436636
0.0325429439545  9436590
0.0327160358429  9428852
0.0329790115356  9428247
0.0332889556885  9413531
0.0345499515533  9383068
0.0346691608429  9157725
0.0347440242767  9145990
0.0362689495087  9142194
0.0378980636597  9111226
0.038113117218  8932570
0.0382339954376  8922276
0.03919506073  8910475
0.0393180847168  8742279
0.041540145874  8739463
0.0429899692535  8739266
0.0430710315704  8734614
0.0444750785828  8733456
0.0459611415863  8730108
0.0463099479675  8722999
0.0465610027313  8657695
0.0481419563293  8648081
0.0498030185699  8644319
0.0515940189362  8628155
0.05233502388  8509818
0.0531041622162  8493980
0.0551841259003  8476376
0.0571351051331  8445581
0.0572290420532  8444245
0.0580570697784  8284658
0.0587210655212  8267667
0.0587999820709  8261843
0.0606739521027  8259675
0.0607621669769  8241914
0.0627670288086  8215083
0.0629329681396  8214048
0.0630099773407  8167775
0.0638320446014  8108334
0.0645091533661  8092483
0.0669350624084  8068244
0.06702709198  7986875
0.0687210559845  7981714
0.0688481330872  7931790
0.0693550109863  7880770
0.0703430175781  7876509
0.0706830024719  7876226
0.0708031654358  7806134
0.0711779594421  7786640
0.0719830989838  7786349
0.0732171535492  7772886
0.0754611492157  7766510
0.0780870914459  7755313
0.0782129764557  7737153
0.0799190998077  7732825
0.0815789699554  7720832
0.0816550254822  7699911
0.0818150043488  7688144
0.0818901062012  7676044
0.0820910930634  7668122
0.084851026535  7651987
0.0849690437317  7634987
0.0852551460266  7633592
0.0853731632233  7626496
0.0855319499969  7622468
0.0857329368591  7601477
0.0890259742737  7595087
0.0891129970551  7586297
0.0923340320587  7561681
0.0924241542816  7528358
0.0956461429596  7518864
0.0989890098572  7506288
0.0990760326385  7397148
0.10285115242  7373884
0.10303401947  7342967
0.106347084045  7333467
0.106425046921  7204427
0.10965013504  7193791
0.109727144241  7182794
0.109845161438  7169152
0.109920978546  7168871
0.11016702652  7149199
0.110243082047  7144702
0.11385011673  7105807
0.114017009735  7046518
0.117766141891  7046062
0.118878126144  6904994
0.119127035141  6881715
0.11958694458  6880492
0.11974811554  6870437
0.120121002197  6865742
0.120281934738  6835884
0.120911121368  6821626
0.121030092239  6812123
0.121233940125  6801811
0.121958017349  6799699
0.122805118561  6795739
0.122880935669  6791931
0.12376999855  6784620
0.123845100403  6775792
0.12501502037  6760050
0.12525510788  6758579
0.125390052795  6682711
0.126425027847  6669500
0.126775979996  6666103
0.127489089966  6663610
0.127570152283  6663201
0.12774014473  6659656
0.128091096878  6659590
0.128216028214  6658874
0.128386974335  6653685
0.128690958023  6653584
0.12904214859  6651661
0.129436969757  6650168
0.130186080933  6638248
0.134896993637  6634641
0.138549089432  6634069
0.138982057571  6625821
0.139266014099  6625205
0.139500141144  6591828
0.140439033508  6508488
0.14060997963  6501964
0.143679141998  6496872
0.143810987473  6491915
0.148369073868  6485433
0.152441978455  6471146
0.156351089478  6471058
0.159054040909  6465005
0.161709070206  6449100
0.166139125824  6415268
0.170496940613  6414320
0.170669078827  6412966
0.17685508728  6411642
0.181946992874  6411533
0.182124137878  6405447
0.182341098785  6398833
0.182739973068  6393336
0.18740606308  6391822
0.192618131638  6388772
0.192754983902  6344493
0.192836999893  6340915
0.193055152893  6336437
0.198260068893  6298487
0.203344106674  6275996
0.210855007172  6240210
0.216258049011  6058737
0.221482038498  6035494
0.226436138153  6016784
0.231472015381  6015448
0.236354112625  5961490
0.242031097412  5948287
0.247777938843  5806910
0.253177165985  5802326
0.26521396637  5772010
0.270182132721  5739852
0.27955198288  5739521
0.285091161728  5739032
0.290287017822  5738961
0.295408964157  5733402
0.30254817009  5714202
0.312977075577  5712679
0.3225440979  5712627
0.327420949936  5653940
0.334496974945  5647325
0.339591026306  5608575
0.345442056656  5578136
0.35119509697  5574328
0.356079101562  5571626
0.361626148224  5561024
0.366714000702  5480869
0.371855020523  5472092
0.376754999161  5465614
0.382055044174  5462015
0.387001991272  5411134
0.392603158951  5395683
0.398178100586  5373337
0.404135942459  5306775
0.40953707695  5290415
0.415840148926  5288190
0.421941041946  5262142
0.429125070572  5238453
0.448682069778  5234321
0.475970983505  5232415
0.4965031147  5230169
0.54080915451  5090406
0.561742067337  5090111
0.58102107048  5085979
0.603979110718  5084942
0.60968208313  5083835
0.643842935562  5035230
0.648980140686  5014674
0.668292999268  5013204
0.694026947021  5010829
0.713499069214  5008583
0.747511148453  5004644
0.788226127625  5003714
0.82226896286  4965047
0.857208013535  4961725
0.891493082047  4834016
0.928933143616  4799032
0.967357158661  4788119
1.0005030632  4704939
1.04914712906  4703995
1.08402013779  4624248
1.1202981472  4552514
1.14115595818  4552222
1.16072511673  4548090
1.19842410088  4539701
1.23893213272  4528499
1.27262496948  4526155
1.29332113266  4523909
1.3296020031  4497858
1.36389493942  4497506
1.39843797684  4477929
1.39873600006  4477798
1.39881300926  4468273
1.39905810356  4468086
1.43111109734  4465211
1.43485212326  4463611
1.43493008614  4434950
1.43599414825  4434788
1.43976211548  4421248
1.47657799721  4411016
1.52457404137  4410817
1.56321310997  4410435
1.60401415825  4409989
1.64307713509  4404084
1.68326616287  4396993
1.72762799263  4390242
1.77800107002  4389285
1.8160841465  4370731
1.85476303101  4369968
1.89708614349  4368303
1.9399061203  4367670
1.9830300808  4365219
2.04123401642  4364122
2.07916712761  4363667
2.11978697777  4363481
2.15742111206  4362718
2.20789694786  4362630
2.27088594437  4355857
2.32634902  4355830
2.37725901604  4355213
2.42393612862  4350567
2.47109007835  4350529
2.53095912933  4349502
2.57776713371  4346956
2.62794303894  4346892
2.67789506912  4346243
2.72495412827  4345022
2.78621506691  4339065
2.84977006912  4338165
2.91907000542  4317036
2.99428415298  4316831
3.07764315605  4313985
3.11567997932  4313184
3.15902209282  4313066
3.19759607315  4310441
3.23764801025  4308672
3.29528403282  4308305
3.34881615639  4307682
3.40684103966  4307486
3.46395206451  4306421
3.51874613762  4306289
3.57625198364  4302973
3.63084316254  4300742
3.68774700165  4300221
3.74247694016  4300043
3.80785012245  4299822
3.85654807091  4299605
3.90324497223  4299259
3.98087215424  4298265
4.0663421154  4286747
4.15233898163  4286702
4.24035096169  4284665
4.33301711082  4256434
4.37108612061  4254582
4.45229315758  4254554
4.54724597931  4253590
4.62379908562  4252405
4.70670700073  4252250
4.75850510597  4250658
4.82073307037  4250451
4.89257407188  4250134
4.97972202301  4245696
5.06362295151  4245100
5.14423894882  4244540
5.242208004  4244461
5.35443305969  4243963
5.48505306244  4243898
5.63612794876  4240986
5.79211902618  4235666
5.95767712593  4234027
6.05202293396  4233742
6.09502315521  4220781
6.13464903831  4219516
6.17649698257  4217918
6.25002598763  4217713
6.40883302689  4188217
6.56942605972  4186587
6.72281694412  4181553
6.883425951  4172857
7.04471898079  4160960
7.20289301872  4150919
7.35620498657  4150458
7.51338815689  4120057
7.68916511536  4070046
7.87423801422  4052282
8.05070495605  3993880
8.21759104729  3977286
8.41026496887  3963748
8.59105014801  3914243
8.75870704651  3910267
8.92951798439  3898370
9.08554315567  3892430
9.23856711388  3884247
9.39993000031  3880925
9.56598496437  3880680
9.72358012199  3879930
9.88184213638  3877060
10.0410611629  3852432
