0.00892996788025  9542329
0.0092089176178  9533893
0.00933504104614  9433574
0.00939893722534  9429933
0.00946307182312  9398587
0.00970792770386  9391091
0.00977206230164  9372617
0.00989603996277  9303775
0.0102009773254  9300100
0.0103850364685  9202049
0.0106890201569  9146865
0.0107529163361  9124362
0.0109369754791  9016369
0.0110609531403  8996474
0.0111238956451  8657767
0.0111880302429  8512483
0.0117919445038  8256925
0.0119760036469  8255647
0.0124590396881  8223848
0.0126428604126  8202788
0.0131268501282  8145564
0.0133109092712  8137687
0.0134339332581  8044017
0.0135588645935  8011228
0.0139820575714  7728779
0.0147669315338  7603300
0.015191078186  7525209
0.0154349803925  7520508
0.0160989761353  7493289
0.0166440010071  7479235
0.0173070430756  7466034
0.0174908638  7442331
0.0178549289703  7401396
0.0185179710388  7401367
0.0187020301819  7366574
0.0190460681915  7282307
0.0194339752197  7272868
0.0196449756622  7254611
0.0197720527649  7236333
0.0206270217896  7220475
0.0206918716431  7200503
0.020938873291  7016814
0.0210649967194  6915734
0.021311044693  6843990
0.0213749408722  6825983
0.0220439434052  6779346
0.0227138996124  6775115
0.0228998661041  6773739
0.0230848789215  6766928
0.0232710838318  6729027
0.0238180160522  6722381
0.0248110294342  6721964
0.0255210399628  6696826
0.0271370410919  6687554
0.0281188488007  6678396
0.0294029712677  6587817
0.0297310352325  6547442
0.0297989845276  6512158
0.0305969715118  6510332
0.0307378768921  6509943
0.0308799743652  6498929
0.0311319828033  6392106
0.0316190719604  6381560
0.0319950580597  6374800
0.0321218967438  6328940
0.0332748889923  6325401
0.033460855484  6309963
0.033586025238  6287936
0.0336499214172  6287263
0.0349509716034  6239948
0.0355629920959  6237865
0.0357489585876  6166835
0.0364768505096  6154324
0.0368440151215  6131538
0.037752866745  6062628
0.0387809276581  6062086
0.0389058589935  6016266
0.0392110347748  5978993
0.0400578975677  5960999
0.0402429103851  5932639
0.0409698486328  5859062
0.041277885437  5688681
0.0414638519287  5532115
0.0415880680084  5525264
0.0427949428558  5494201
0.0444440841675  5486094
0.0448749065399  5458394
0.0450000762939  5308083
0.0453059673309  5303635
0.0457320213318  5248735
0.0465178489685  5234577
0.0466420650482  5221885
0.0467059612274  5217406
0.0481560230255  5215870
0.0484619140625  5196768
0.0485858917236  5083026
0.0490729808807  4994593
0.0494379997253  4991607
0.0512480735779  4963894
0.0516729354858  4944417
0.0521590709686  4887004
0.0522830486298  4879922
0.0539150238037  4873605
0.0542199611664  4873368
0.054703950882  4814705
0.0557289123535  4814398
0.0564529895782  4813367
0.0569360256195  4785846
0.0588600635529  4780747
0.0591049194336  4776984
0.0601279735565  4766889
0.063129901886  4656917
0.0639770030975  4554306
0.0646388530731  4521290
0.0651819705963  4510030
0.0654850006104  4509605
0.0669238567352  4486114
0.0688519477844  4451795
0.0699980258942  4449825
0.070827960968  4445653
0.0750389099121  4445368
0.07683801651  4429669
0.0808489322662  4428355
0.081573009491  4423782
0.0821750164032  4388883
0.0833208560944  4388064
0.0836839675903  4337468
0.0845839977264  4330824
0.0851249694824  4330723
0.0856080055237  4255483
0.0875840187073  4252663
0.0899770259857  4252634
0.0930218696594  4248081
0.0972969532013  4245868
0.0976049900055  4237637
0.0984470844269  4227071
0.0991530418396  4226850
0.100484848022  4085530
0.103667020798  4074741
0.111041069031  4073141
0.112212896347  4072666
