0.00901794433594  9488226
0.00950789451599  9410997
0.00960898399353  9304367
0.00976800918579  9163135
0.00985193252563  9159963
0.00993084907532  9010915
0.00999593734741  9010654
0.0100598335266  8993460
0.0101239681244  8978275
0.0103709697723  8976512
0.0104348659515  8939833
0.0104990005493  8927210
0.0105628967285  8853279
0.0107479095459  8670082
0.0108120441437  8407925
0.0111169815063  8363025
0.0111799240112  8257247
0.0114259719849  8084516
0.0117309093475  7900613
0.0117950439453  7772598
0.0122439861298  7632710
0.012610912323  7563104
0.0130369663239  7560643
0.0132219791412  7530807
0.0133459568024  7476292
0.0142550468445  7381581
0.0143189430237  7327772
0.0145039558411  7289184
0.0146329402924  7255235
0.0147199630737  7090383
0.0161919593811  7079057
0.0167989730835  7076953
0.0174069404602  6869217
0.0175938606262  6832178
0.0179579257965  6810548
0.0183229446411  6809921
0.018748998642  6800017
0.0191159248352  6799271
0.0192399024963  6795036
0.0194239616394  6786499
0.0210959911346  6766351
0.0214710235596  6743720
0.0216009616852  6743409
0.0217888355255  6734796
0.0219738483429  6734359
0.0222818851471  6670047
0.0225279331207  6646297
0.0227138996124  6624775
0.0228989124298  6535224
0.0229630470276  6500341
0.023148059845  6499009
0.0237579345703  6483290
0.0238218307495  6474564
0.0247778892517  6474258
0.0248589515686  6429815
0.0250709056854  6413360
0.0262079238892  6402867
0.0266418457031  6367523
0.0276708602905  6367012
0.0277359485626  6325842
0.0285859107971  6224939
0.0287108421326  6219491
0.0290169715881  6142226
0.0292608737946  6141032
0.0295059680939  6057700
0.0296909809113  6051344
0.0299348831177  6041299
0.0300028324127  5954041
0.0312139987946  5953069
0.0316998958588  5951364
0.0320048332214  5919382
0.0321888923645  5908516
0.0323739051819  5782243
0.0328588485718  5776426
0.0333428382874  5765710
0.0341918468475  5751585
0.0344970226288  5673869
0.0351040363312  5540198
0.0355908870697  5538339
0.0359559059143  5509383
0.0369808673859  5439607
0.0372259616852  5433050
0.0377109050751  5405576
0.0383160114288  5369883
0.0387418270111  5360520
0.0389859676361  5285953
0.0394699573517  5271937
0.03977394104  5265584
0.0401408672333  5252808
0.0402648448944  5234282
0.0403289794922  5202068
0.0414128303528  5107639
0.0423769950867  5102696
0.0425000190735  5070126
0.0440640449524  5069808
0.045266866684  5046014
0.0456900596619  5012585
0.0465929508209  4996981
0.0476160049438  4986771
0.0480389595032  4986593
0.0487608909607  4965359
0.0494840145111  4934206
0.0498468875885  4917845
0.0499730110168  4884835
0.0504570007324  4782366
0.0510630607605  4717668
0.0515470504761  4716269
0.0530519485474  4710723
0.053475856781  4692622
0.0537798404694  4653165
0.0551059246063  4652501
0.0556659698486  4617012
0.0570559501648  4583708
0.0586700439453  4583021
0.0605039596558  4580573
0.0608129501343  4567096
0.0608768463135  4557066
0.0626850128174  4539462
0.0638918876648  4504502
0.0689430236816  4503354
0.0713028907776  4491656
0.0714468955994  4474331
0.0716588497162  4472110
0.0729730129242  4438887
0.0749740600586  4433507
0.0760068893433  4417765
0.0769059658051  4416312
0.077437877655  4386173
0.07777094841  4367121
0.0780968666077  4362900
0.0797219276428  4335475
0.0799069404602  4305577
0.0810499191284  4298677
0.0817148685455  4249383
0.0824389457703  4247502
0.0829238891602  4246163
0.0841879844666  4196731
0.0871889591217  4195749
0.0880360603333  4151479
0.0885789394379  4151084
0.090441942215  4135262
0.0924818515778  4126436
0.095419883728  4102298
0.0962018966675  4096101
0.0983648300171  4077487
0.0986678600311  4008809
0.100106954575  3986669
0.102867841721  3966426
0.103531837463  3905723
0.104851961136  3898452
0.107311010361  3888598
0.107434988022  3795523
0.109998941422  3789108
