0.00985884666443  9542329
0.0101308822632  9533893
0.0102579593658  9433574
0.010321855545  9429933
0.0103859901428  9398587
0.0106308460236  9391091
0.0107018947601  9372617
0.0108268260956  9303775
0.0111320018768  9300100
0.0113167762756  9202049
0.0116219520569  9146865
0.0116848945618  9124362
0.0118689537048  9016369
0.011992931366  8996474
0.0120568275452  8657767
0.0121200084686  8512483
0.0127239227295  8256925
0.0129079818726  8255647
0.0133919715881  8223848
0.0135757923126  8202788
0.0140619277954  8145564
0.0142459869385  8137687
0.0143690109253  8044017
0.0144929885864  8011228
0.0150849819183  7728779
0.0162069797516  7603300
0.0169818401337  7525209
0.0172779560089  7520508
0.0179529190063  7493289
0.0185008049011  7479235
0.0191698074341  7466034
0.0193548202515  7442331
0.0197198390961  7401396
0.0203838348389  7401367
0.0205688476562  7366574
0.0210030078888  7282307
0.0212578773499  7272868
0.021467924118  7254611
0.0215950012207  7236333
0.0224478244781  7220475
0.0225110054016  7200503
0.0227568149567  7016814
0.0228807926178  6915734
0.0231268405914  6843990
0.0231919288635  6825983
0.0238618850708  6779346
0.0245299339294  6775115
0.0247149467468  6773739
0.0250527858734  6766928
0.0252549648285  6729027
0.0258769989014  6722381
0.0266969203949  6721964
0.0270040035248  6696826
0.0287048816681  6687554
0.0300009250641  6678396
0.0316808223724  6587817
0.0324130058289  6547442
0.0325469970703  6512158
0.0343418121338  6510332
0.0346159934998  6509943
0.0347468852997  6498929
0.0349938869476  6392106
0.0353178977966  6381560
0.0356857776642  6374800
0.0358109474182  6328940
0.0369608402252  6325401
0.0371468067169  6309963
0.0373148918152  6287936
0.0373828411102  6287263
0.0384728908539  6239948
0.0390808582306  6237865
0.039265871048  6166835
0.0407409667969  6154324
0.0411388874054  6131538
0.0424988269806  6062628
0.0441348552704  6062086
0.0442638397217  6016266
0.0445709228516  5978993
0.0454227924347  5960999
0.0456078052521  5932639
0.0463318824768  5859062
0.0466368198395  5688681
0.0468208789825  5532115
0.0469448566437  5525264
0.0482058525085  5494201
0.0503149032593  5486094
0.0510399341583  5458394
0.0511698722839  5308083
0.0514769554138  5303635
0.0519018173218  5248735
0.0526859760284  5234577
0.0528109073639  5221885
0.0528738498688  5217406
0.054319858551  5215870
0.0546247959137  5196768
0.0547499656677  5083026
0.0552358627319  4994593
0.0556008815765  4991607
0.0574128627777  4963894
0.0578370094299  4944417
0.0583209991455  4887004
0.0584778785706  4879922
0.0617299079895  4873605
0.0623219013214  4873368
0.0629868507385  4814705
0.0641598701477  4814398
0.0649898052216  4813367
0.0655438899994  4785846
0.0688309669495  4780747
0.0691199302673  4776984
0.0702328681946  4766889
0.073618888855  4656917
0.0744760036469  4554306
0.0751450061798  4521290
0.075690984726  4510030
0.0759968757629  4509605
0.0774459838867  4486114
0.0792579650879  4451795
0.08034491539  4449825
0.0811297893524  4445653
0.0859038829803  4445368
0.0877978801727  4429669
0.0922129154205  4428355
0.0929448604584  4423782
0.0935518741608  4388883
0.0947008132935  4388064
0.0950648784637  4337468
0.096118927002  4330824
0.0966680049896  4330723
0.0971539020538  4255483
0.099800825119  4252663
0.10263299942  4252634
0.105750799179  4248081
0.111954927444  4245868
0.112313985825  4237637
0.113285779953  4227071
0.113635778427  4226850
0.114398956299  4085530
0.117812871933  4074741
0.125689983368  4073141
0.126824855804  4072666
