0.0091769695282  9105980
0.00975108146667  9096189
0.00981616973877  9035218
0.0100009441376  9029769
0.0100691318512  8732755
0.0101330280304  8681585
0.0103170871735  8566331
0.0103809833527  8564335
0.0105040073395  8545231
0.0106270313263  8528927
0.0107510089874  8491081
0.0108139514923  8397653
0.0109970569611  8309301
0.0110599994659  8263020
0.011244058609  8262101
0.0114259719849  8209582
0.0116090774536  8173842
0.0116729736328  8148521
0.0117361545563  8076472
0.0117990970612  7980299
0.011862039566  7923162
0.0119249820709  7906135
0.0121669769287  7883640
0.0128879547119  7874910
0.0129511356354  7866406
0.0130150318146  7860832
0.0134451389313  7857570
0.0137469768524  7854379
0.0139920711517  7830269
0.0141150951385  7720591
0.0142381191254  7688498
0.0147800445557  7659583
0.0149030685425  7646431
0.0151450634003  7480443
0.0152680873871  7476258
0.0155701637268  7403173
0.0156331062317  7298701
0.0157561302185  7294327
0.0164210796356  7225032
0.0168471336365  7198639
0.0169110298157  7172958
0.0171551704407  7149627
0.017459154129  7148250
0.0178830623627  6927009
0.0184271335602  6901473
0.0189700126648  6889615
0.0190341472626  6877697
0.0191581249237  6869907
0.0198199748993  6867440
0.0198841094971  6848902
0.0238959789276  6841252
0.0241479873657  6823954
0.0247321128845  6804421
0.025083065033  6726035
0.0259850025177  6684620
0.0274381637573  6679493
0.0291020870209  6673636
0.0297710895538  6669622
0.0304601192474  6668806
0.0308921337128  6667722
0.0323729515076  6603446
0.0325491428375  6597550
0.0331480503082  6589896
0.0332140922546  6530723
0.033539056778  6517941
0.0339801311493  6515231
0.0341989994049  6514473
0.0352010726929  6514032
0.0355999469757  6435354
0.0362520217896  6279157
0.0369729995728  6247616
0.0373649597168  6243740
0.0377531051636  6229728
0.0379421710968  6210852
0.0384421348572  6190392
0.038761138916  6173320
0.039391040802  6166598
0.0402340888977  6145476
0.0405089855194  6075764
0.040943145752  6015703
0.0413160324097  6008490
0.0419960021973  5926573
0.0428471565247  5908199
0.0439369678497  5905391
0.0442430973053  5904404
0.0451650619507  5886381
0.0456540584564  5884776
0.0458390712738  5879210
0.0466270446777  5855731
0.0466921329498  5854352
0.0480840206146  5852589
0.0484490394592  5757526
0.0489361286163  5750053
0.0494220256805  5749258
0.0494861602783  5749070
0.0495491027832  5746283
0.0506970882416  5731584
0.0507609844208  5714879
0.0515530109406  5709700
0.0517981052399  5658436
0.0521030426025  5598444
0.0523481369019  5588108
0.0524749755859  5582666
0.0531420707703  5571817
0.0556809902191  5566808
0.0559260845184  5563811
0.0559899806976  5420970
0.0564150810242  5420878
0.0580439567566  5407834
0.0590109825134  5377740
0.0616550445557  5365772
0.0620579719543  5342217
0.0627281665802  5313441
0.0631549358368  5274773
0.0640599727631  5274453
0.065327167511  5274131
0.0672540664673  5272584
0.0698931217194  5271455
0.0700759887695  5260851
0.0712230205536  5244525
0.0712871551514  5237967
0.072546005249  5236915
0.0736470222473  5224501
0.0754611492157  5180322
0.0758409500122  5153631
0.0769650936127  5152605
0.077821969986  5137501
0.0782060623169  5130438
0.0788969993591  5055847
0.0794701576233  5048810
0.0797979831696  5024977
0.0803411006927  5015587
0.0805439949036  5007522
0.0815191268921  4955506
0.0827929973602  4946808
0.0829830169678  4940872
0.0832891464233  4940536
0.0851211547852  4906930
0.0856430530548  4906478
0.087767124176  4904679
0.0949821472168  4898844
0.0950529575348  4881278
0.0993101596832  4876529
0.100109100342  4865532
0.105015993118  4865016
0.105484008789  4864391
0.105822086334  4862518
0.111210107803  4860950
0.112498998642  4838814
0.113089084625  4838754
0.113517045975  4825130
0.113710165024  4790103
0.11437702179  4784923
0.115223169327  4782467
0.115586996078  4773078
0.116436958313  4771646
0.118026971817  4769897
0.118273973465  4762492
0.118577957153  4697980
0.119251966476  4684016
0.124833106995  4675393
0.125395059586  4673175
0.128714084625  4669103
0.128906965256  4637171
0.129095077515  4636154
0.13037109375  4567666
0.133018016815  4556800
0.133687019348  4536897
0.134297132492  4497497
0.137614011765  4494493
0.138906002045  4475388
0.14261507988  4467509
0.143471002579  4428061
0.144685029984  4416833
0.146610021591  4415754
0.150367975235  4411774
0.150807142258  4401161
0.150872945786  4324704
0.158859968185  4322485
0.159476041794  4301488
0.160933971405  4294704
0.161059141159  4271325
0.161486148834  4264933
0.161973953247  4263408
0.162701129913  4215760
0.162887096405  4212403
0.165605068207  4190429
0.166423082352  4179002
0.16751408577  4177001
0.176504135132  4171477
0.179919958115  4170773
0.181854963303  4167570
0.182461023331  4147544
0.182646036148  4143073
0.182952165604  4129276
0.184286117554  4128717
0.187108039856  4127313
0.188190937042  4121321
0.190857172012  4121284
0.191097021103  4095852
0.194514989853  4090294
0.19508600235  4090229
0.197859048843  4089897
0.200379133224  4085694
0.200982093811  4043907
0.201045036316  4043878
0.202758073807  4034091
0.207608938217  4024973
0.2082259655  4016883
0.210649013519  4009591
0.211621999741  4006736
0.216012001038  3990708
0.216981172562  3967117
0.220723152161  3966060
0.225810050964  3965798
0.228423118591  3965084
0.228974103928  3926637
0.232196092606  3901816
0.232979059219  3884249
0.233412027359  3883999
0.233720064163  3883882
0.234874010086  3883715
0.23983001709  3881765
0.243692159653  3873814
0.254800081253  3872742
0.257501125336  3864396
0.259860992432  3824797
0.262217998505  3820710
0.26299405098  3815677
0.264932155609  3804142
0.266206979752  3803840
0.267476081848  3762399
0.268083095551  3756554
0.268208026886  3756238
0.268270969391  3747960
0.26905798912  3745075
0.271250009537  3621352
0.274408102036  3594630
0.279068946838  3590447
0.280956983566  3589912
0.282351016998  3565892
0.284744977951  3563851
0.286333084106  3543118
0.291167020798  3529793
0.294497013092  3519480
0.296587944031  3509076
0.298158168793  3508454
0.299060106277  3503146
0.299488067627  3499607
0.303360939026  3482496
0.312139034271  3473772
0.317250013351  3472168
0.31995010376  3425380
0.324802160263  3419086
0.325240135193  3413328
0.325788974762  3398999
0.32809305191  3391516
0.32815694809  3391231
0.329128026962  3372303
0.332865953445  3371255
0.333713054657  3369064
0.334589004517  3334120
0.343168973923  3328434
0.346318006516  3320263
0.347429037094  3320078
0.351209163666  3311216
0.363197088242  3285788
0.365605115891  3266303
0.369745969772  3262904
0.37189912796  3261734
0.375818014145  3251196
0.378484964371  3249603
0.384392023087  3248847
0.389662981033  3248495
0.392519950867  3245067
0.402631044388  3245029
0.412264108658  3244635
0.412395000458  3239689
0.420659065247  3238462
0.423130989075  3231679
0.423674106598  3227050
0.425742149353  3225099
0.428346157074  3225073
0.429197072983  3225044
0.431749105453  3224214
0.436288118362  3218536
0.438606977463  3217945
0.443463087082  3212661
0.450437068939  3189071
0.460824012756  3186772
0.465171098709  3177678
0.467360973358  3175720
0.481619119644  3175337
0.483695983887  3175318
0.486152172089  3174434
0.488759994507  3163924
0.491641044617  3162373
0.493416070938  3160952
0.500365972519  3148990
0.507307052612  3124752
0.543065071106  3113932
0.546053171158  3105668
0.556399106979  3101121
0.578603029251  3099336
0.582617998123  3090085
0.584257125854  3089324
0.591423988342  3088574
0.611153125763  3087355
0.618292093277  3074765
0.626672029495  3073158
0.627045154572  3070918
0.635702133179  3070175
0.63885307312  3070057
0.639098167419  3068091
0.641656160355  3068059
0.641785144806  3060043
0.646708011627  3046984
0.653516054153  3046002
0.655822038651  3045737
0.670137166977  3041663
0.683917999268  3026834
0.687023162842  3021518
0.689381122589  3009260
0.697177171707  3006839
0.699363946915  2973111
0.702517986298  2969275
0.703613996506  2955899
0.708091020584  2945937
0.718944072723  2942846
0.724125146866  2942795
0.732133150101  2934491
0.739055156708  2932760
0.746056079865  2932477
0.74645113945  2921402
0.780318975449  2920982
0.792523145676  2917071
0.796282052994  2915588
0.798618078232  2913952
0.810757160187  2913741
0.816529035568  2898943
0.824664115906  2898096
0.829079151154  2896848
0.831614017487  2896092
0.843497037888  2895443
0.851499080658  2895224
0.851989984512  2893032
0.875915050507  2881265
0.883484125137  2872718
0.886708021164  2872220
0.893728971481  2871476
0.905956983566  2871413
0.906207084656  2869934
0.909518957138  2864815
0.91095995903  2857447
0.917762041092  2857263
0.924010038376  2857109
0.925040960312  2855927
0.936500072479  2855607
0.952422142029  2854595
0.95654296875  2849155
0.966392993927  2840838
0.989063978195  2833717
1.01353502274  2826994
1.01560306549  2821869
1.03256607056  2813211
1.04639911652  2811812
1.06127500534  2810723
1.06306195259  2792269
1.09038805962  2787176
1.10748410225  2786275
1.10901117325  2781504
1.13362407684  2780012
1.17329406738  2777236
1.22291016579  2767064
1.22607111931  2764909
1.23343300819  2764828
1.24702000618  2758226
1.24984097481  2757342
1.25257706642  2757314
1.25704407692  2757117
1.26760315895  2756227
1.31931805611  2755559
1.32642412186  2740282
1.33485102654  2715834
1.34651017189  2715431
1.35990214348  2709257
1.36262106895  2706653
1.37352514267  2700250
1.3907430172  2698871
1.4079720974  2697842
1.42836499214  2694743
1.42861604691  2677229
1.43434906006  2676814
1.43730998039  2656943
1.44254803658  2655525
1.44280099869  2651671
1.4676721096  2650533
1.47565317154  2640801
1.47897601128  2639132
1.50124716759  2633296
1.50273895264  2629739
1.52511906624  2624876
1.52706813812  2624436
1.52794694901  2617793
1.54554605484  2610101
1.55603909492  2609298
1.56752204895  2589825
1.59139513969  2588903
1.59152793884  2584435
1.59838604927  2582554
1.60917401314  2581740
1.63127803802  2578507
1.63570904732  2571498
1.64160704613  2566500
1.65318012238  2563315
1.65547704697  2559172
1.66429114342  2558002
1.6788020134  2556922
1.68626904488  2547323
1.78447508812  2545420
1.80210614204  2542805
1.84393215179  2542723
1.89530706406  2529932
1.90614914894  2529634
1.94667196274  2529492
1.94999694824  2529316
1.95677495003  2525276
1.9682431221  2504518
1.98044109344  2503828
1.99103999138  2483052
2.03665614128  2482028
2.07363510132  2461129
2.08105301857  2461005
2.09368395805  2444933
