0.010143995285  9105980
0.0107939243317  9096189
0.0108778476715  9035218
0.0110700130463  9029769
0.0111348628998  8732755
0.0111999511719  8681585
0.0113859176636  8566331
0.0114498138428  8564335
0.0115749835968  8545231
0.0116999149323  8528927
0.0118248462677  8491081
0.0118889808655  8397653
0.0120749473572  8309301
0.0121388435364  8263020
0.0123238563538  8262101
0.0125098228455  8209582
0.0126957893372  8173842
0.0127599239349  8148521
0.0128228664398  8076472
0.0128879547119  7980299
0.0129518508911  7923162
0.0130159854889  7906135
0.0132629871368  7883640
0.0139949321747  7874910
0.0140588283539  7866406
0.0141229629517  7860832
0.0145518779755  7857570
0.0148599147797  7854379
0.0151069164276  7830269
0.0152318477631  7720591
0.0153570175171  7688498
0.0159049034119  7659583
0.0160298347473  7646431
0.0162768363953  7480443
0.0164020061493  7476258
0.0167088508606  7403173
0.0167739391327  7298701
0.0168979167938  7294327
0.0175688266754  7225032
0.0179989337921  7198639
0.018061876297  7172958
0.0183088779449  7149627
0.0186150074005  7148250
0.01904296875  6927009
0.019593000412  6901473
0.0201427936554  6889615
0.0202069282532  6877697
0.0203318595886  6869907
0.0213828086853  6867440
0.0214569568634  6848902
0.0234768390656  6841252
0.0236039161682  6823954
0.0240960121155  6804421
0.0244038105011  6726035
0.0252339839935  6684620
0.0269479751587  6679493
0.0276079177856  6673636
0.0278608798981  6669622
0.0281758308411  6668806
0.0283789634705  6667722
0.0290977954865  6603446
0.0291647911072  6597550
0.029718875885  6589896
0.0297830104828  6530723
0.0302038192749  6517941
0.0311489105225  6515231
0.0314469337463  6514473
0.0332369804382  6514032
0.0340378284454  6435354
0.0353598594666  6279157
0.036789894104  6247616
0.037535905838  6243740
0.0383160114288  6229728
0.0387079715729  6210852
0.0397880077362  6190392
0.0404438972473  6173320
0.0417540073395  6166598
0.0430397987366  6145476
0.0435678958893  6075764
0.0444848537445  6015703
0.0452828407288  6008490
0.0467510223389  5926573
0.0476348400116  5908199
0.048877954483  5905391
0.0492389202118  5904404
0.0509779453278  5886381
0.0519759654999  5884776
0.052346944809  5879210
0.0538477897644  5855731
0.053995847702  5854352
0.0561809539795  5852589
0.0569658279419  5757526
0.0579538345337  5750053
0.0589189529419  5749258
0.059045791626  5749070
0.0591750144958  5746283
0.0615940093994  5731584
0.0617020130157  5714879
0.0627858638763  5709700
0.0630359649658  5658436
0.0633459091187  5598444
0.0635960102081  5588108
0.0637218952179  5582666
0.0644128322601  5571817
0.0720407962799  5566808
0.0726509094238  5563811
0.0727918148041  5420970
0.0735628604889  5420878
0.0773329734802  5407834
0.078742980957  5377740
0.0818238258362  5365772
0.082202911377  5342217
0.0829977989197  5313441
0.0835008621216  5274773
0.0844259262085  5274453
0.08571600914  5274131
0.0877339839935  5272584
0.0905239582062  5271455
0.0907809734344  5260851
0.0920989513397  5244525
0.0921938419342  5237967
0.0936279296875  5236915
0.0947480201721  5224501
0.0964848995209  5180322
0.0968568325043  5153631
0.0978348255157  5152605
0.0986318588257  5137501
0.0989408493042  5130438
0.0994927883148  5055847
0.0998618602753  5048810
0.100108861923  5024977
0.100600004196  5015587
0.100725889206  5007522
0.101219892502  4955506
0.102378845215  4946808
0.102566003799  4940872
0.102873802185  4940536
0.104029893875  4906930
0.104337930679  4906478
0.106046915054  4904679
0.109935998917  4898844
0.109999895096  4881278
0.113306999207  4876529
0.114105939865  4865532
0.11803984642  4865016
0.118468999863  4864391
0.118716001511  4862518
0.122911930084  4860950
0.123459815979  4838814
0.123888969421  4838754
0.124194860458  4825130
0.12438082695  4790103
0.125048875809  4784923
0.125901937485  4782467
0.126269817352  4773078
0.127132892609  4771646
0.128837823868  4769897
0.129104852676  4762492
0.12943482399  4697980
0.130026817322  4684016
0.135092020035  4675393
