0.00972390174866  9481542
0.0102088451385  9398813
0.0103290081024  9398572
0.0105328559875  9341907
0.0110750198364  9311692
0.0111930370331  9238560
0.0118608474731  9179324
0.0128748416901  9166971
0.0146689414978  9149077
0.0148289203644  8996306
0.0149049758911  8948463
0.0153188705444  8921781
0.0159018039703  8863322
0.0161459445953  8828688
0.0162220001221  8772679
0.016804933548  8748516
0.017560005188  8725380
0.0178890228271  8700058
0.017963886261  8696835
0.0181338787079  8606450
0.019073009491  8515358
0.0223348140717  8511236
0.0231490135193  8501886
0.0232689380646  8450101
0.0234298706055  8295037
0.0236749649048  8249793
0.024092912674  8115513
0.0243918895721  8073068
0.0253729820251  8041459
0.0255348682404  8023024
0.0256538391113  7996762
0.0258569717407  7916399
0.0271480083466  7908460
0.0278539657593  7812490
0.028030872345  7782202
0.0292680263519  7720915
0.0323288440704  7636041
0.032408952713  7600915
0.0364918708801  7586214
0.0368440151215  7475124
0.0370569229126  7469518
0.0374019145966  7382447
0.0375709533691  7367387
0.0380690097809  7323439
0.0382399559021  7229465
0.0383179187775  7226191
0.039892911911  7199095
0.0416870117188  7175416
0.0419449806213  7168645
0.0420229434967  7097969
0.042142868042  7092529
0.0422189235687  7086635
0.0423820018768  7006566
0.0427148342133  6960517
0.0427918434143  6957007
0.0448179244995  6875729
0.0449438095093  6864264
0.0451090335846  6846705
0.0451858043671  6816397
0.0453948974609  6810208
0.0454738140106  6809224
0.045814037323  6803717
0.045982837677  6802388
0.0461068153381  6800893
0.0462739467621  6738217
0.0463528633118  6735283
0.0467009544373  6732120
0.0470860004425  6718762
0.0471639633179  6709002
0.0486359596252  6700727
0.0488049983978  6665182
0.048880815506  6662103
0.0527408123016  6658391
0.0528259277344  6589625
0.0571010112762  6577593
0.0610499382019  6525476
0.0651578903198  6502864
0.0653028488159  6467967
0.0654900074005  6445901
0.0655770301819  6347164
0.0680999755859  6343231
0.0689709186554  6342210
0.0717689990997  6333484
0.0718560218811  6326887
0.0722799301147  6291774
0.0741968154907  6271636
0.0742738246918  6167574
0.0743918418884  6141247
0.0744678974152  6138250
0.0750539302826  6134576
0.0751719474792  6128170
0.0754599571228  6115420
0.0758318901062  6079829
0.0764620304108  6071529
0.0779709815979  6059946
0.0781309604645  6029928
0.0797758102417  6027501
0.0799248218536  5929770
0.0817449092865  5921249
0.0863418579102  5892008
0.0864799022675  5877333
0.0867140293121  5841425
0.0867998600006  5840215
0.0968868732452  5830141
0.0969638824463  5829777
0.106706857681  5603692
0.106782913208  5603093
0.119385957718  5592710
0.12904882431  5551139
0.141686916351  5543370
0.152520895004  5539003
0.163601875305  5538337
0.173308849335  5532916
0.17338681221  5532649
0.183197021484  5527895
0.193477869034  5515184
0.203294992447  5512564
0.203374862671  5512559
0.21382689476  5481764
0.213912963867  5481532
0.224206924438  5449010
0.235718011856  5442086
0.248476028442  5397771
0.248560905457  5396696
0.259359836578  5315627
0.269881010056  5196481
0.282580852509  5194582
0.293725967407  5194085
0.303714990616  5193591
0.314157962799  5112123
0.325148820877  5098139
0.335161924362  4977275
0.335243940353  4977264
0.347433805466  4969056
0.357656955719  4916754
0.368120908737  4865661
0.378877878189  4827403
0.388691902161  4822513
0.398973941803  4732855
0.409283876419  4678127
0.419235944748  4644977
0.429208993912  4591739
0.438884973526  4569959
0.448688030243  4547440
0.458511829376  4547223
0.468513965607  4537028
0.478845834732  4506239
0.488512992859  4504784
0.500548839569  4491661
0.500624895096  4491325
0.510588884354  4371805
0.521610975266  4368625
0.531363010406  4359255
0.53144288063  4359013
0.5422539711  4348371
0.54233288765  4347284
0.552256822586  4327084
0.56355381012  4296330
0.574370861053  4273806
0.587024927139  4269967
0.587109804153  4269603
0.597174882889  4265916
0.609470844269  4262225
0.624773979187  4260785
0.624962806702  4259414
0.641605854034  4249355
0.651459932327  4246326
0.662055015564  4243907
0.674027919769  4096872
0.674122810364  4096326
0.685416936874  3945640
0.685505867004  3944549
0.695550918579  3867829
0.705543994904  3801695
0.715708971024  3799954
0.725597858429  3797037
0.73535990715  3796400
0.74498295784  3796266
0.756074905396  3779941
0.769083976746  3684315
0.769181013107  3683769
0.78017783165  3679929
0.794229030609  3674495
0.794308900833  3672983
0.804085016251  3654479
0.818521022797  3640893
0.83037686348  3564306
0.840235948563  3560824
0.85218501091  3473695
0.852272033691  3473145
0.867504835129  3464996
0.86759185791  3463466
0.877650976181  3413748
0.88818693161  3390480
0.898186922073  3377480
0.908494949341  3358254
0.923352956772  3324156
0.94299197197  3229703
0.965902805328  3228897
0.985524892807  3226230
1.00803685188  3224490
