0.00902915000916  10381043
0.00936913490295  10299944
0.00961494445801  10299513
0.00973916053772  10243061
0.00986504554749  10114242
0.00992894172668  10074309
0.00999212265015  10032208
0.010055065155  9947333
0.0102391242981  9852008
0.0104839801788  9737070
0.0105471611023  9667280
0.0107309818268  9659977
0.0107941627502  9549398
0.0108580589294  9466108
0.0110421180725  9349461
0.0111060142517  9291965
0.0111689567566  9291338
0.0112931728363  9277917
0.0113561153412  9267464
0.0116000175476  9253144
0.0116629600525  9069910
0.0117270946503  8945908
0.0118501186371  8859588
0.0119731426239  8782696
0.0120360851288  8454933
0.012099981308  8407390
0.0121631622314  8307382
0.0125851631165  8205353
0.0128290653229  8198467
0.0130131244659  8175656
0.0131969451904  8167272
0.0132601261139  8073184
0.0133230686188  8010754
0.0138671398163  7994836
0.0140509605408  7979775
0.0141141414642  7892203
0.014237165451  7801138
0.0147211551666  7611723
0.0152680873871  7535323
0.0161290168762  7510779
0.0168631076813  7473559
0.0170540809631  7423942
0.0173561573029  7404848
0.0174691677094  7216706
0.0186951160431  7173532
0.0188961029053  7125236
0.0192220211029  7113548
0.0194840431213  7106436
0.0199379920959  7062518
0.0210120677948  7043922
0.021222114563  7024092
0.0214250087738  6931113
0.0216269493103  6909420
0.0217790603638  6867242
0.0219240188599  6864128
0.0222840309143  6863784
0.0227220058441  6839909
0.023157119751  6798176
0.023234128952  6791100
0.0235221385956  6610606
0.0241780281067  6526263
0.0243911743164  6510504
0.0245339870453  6463143
0.0247449874878  6455527
0.0258491039276  6384911
0.0266931056976  6313040
0.0270071029663  6296674
0.0274519920349  6296086
0.0277791023254  6202305
0.0312850475311  6189283
0.031681060791  6168282
0.0324461460114  6159460
0.0339071750641  6159229
0.0347101688385  6142782
0.0371539592743  5997845
0.0382440090179  5886273
0.0386250019073  5884454
0.038763999939  5876702
0.0391931533813  5873331
0.039577960968  5825209
0.0405361652374  5708521
0.0406739711761  5706474
0.0413241386414  5704089
0.0414590835571  5648021
0.0418310165405  5545420
0.042622089386  5531717
0.0427551269531  5530834
0.0432560443878  5530083
0.0435900688171  5515666
0.0439159870148  5478225
0.0448191165924  5452401
0.0450799465179  5444651
0.0458559989929  5416048
0.0459890365601  5411606
0.0461220741272  5388834
0.0461900234222  5294007
0.0463221073151  5290050
0.0465841293335  5239678
0.0470399856567  5220120
0.0484881401062  5209227
0.049455165863  5180744
0.0513210296631  5100631
0.0518071651459  5046135
0.0518710613251  5046094
0.0520541667938  5041513
0.0529570579529  5038116
0.0542800426483  5037836
0.0544631481171  5037253
0.056202173233  5030029
0.0563261508942  5010296
0.0566301345825  5007937
0.0566930770874  5003323
0.0572409629822  4997091
0.0589900016785  4989584
0.0602519512177  4926055
0.0608539581299  4853840
0.0613980293274  4840324
0.0639820098877  4815867
0.0642249584198  4783891
0.0644090175629  4772453
0.0663919448853  4765517
0.0681450366974  4752799
0.0686349868774  4703657
0.068941116333  4640503
0.0690650939941  4626595
0.0693700313568  4618424
0.0705180168152  4563005
0.0708229541779  4559524
0.0713081359863  4534108
0.072093963623  4533271
0.0729999542236  4515103
0.0736660957336  4453106
0.0739109516144  4448897
0.0740950107574  4435122
0.0742189884186  4390625
0.0751810073853  4380629
0.0754859447479  4379219
0.0771379470825  4367484
0.0778679847717  4365622
0.0781741142273  4247876
0.0785989761353  4244105
0.0794470310211  4166120
0.0807750225067  4154994
0.0833661556244  4154808
0.0840311050415  4084789
0.0877549648285  4084689
0.0878190994263  4078630
0.088063955307  3986641
0.0892109870911  3981997
0.0900540351868  3973102
0.0905981063843  3969862
0.0907220840454  3960238
0.0915050506592  3944508
0.0966250896454  3942028
0.098081111908  3918536
0.0992569923401  3917314
0.100912094116  3912585
0.101672172546  3857396
0.102751016617  3796228
0.103546142578  3775363
0.104763031006  3773454
0.105087041855  3766272
0.106822013855  3763733
0.11096405983  3763593
0.111387014389  3744010
0.111664056778  3742572
0.113825082779  3738094
0.118060112  3707104
0.120121002197  3689540
0.121343135834  3684202
