0.0108380317688  11089761
0.0109899044037  11053808
0.0110700130463  11053617
0.0112328529358  10833266
0.0113108158112  10833054
0.0115149021149  10830096
0.0115909576416  10828539
0.0117089748383  10824915
0.0119550228119  10744414
0.0120739936829  10724946
0.0124039649963  10681459
0.012521982193  10587176
0.0127279758453  10581137
0.012845993042  10559217
0.0132598876953  10546688
0.0137588977814  10508472
0.0138349533081  10407872
0.0141220092773  10291590
0.0143659114838  10267316
0.0149538516998  10233477
0.0150289535522  10226140
0.0152318477631  10220051
0.0153489112854  10211987
0.0159759521484  10197541
0.0162630081177  10133353
0.0165069103241  10102163
0.0171358585358  10078774
0.0178468227386  10047063
0.0179228782654  9964856
0.0186779499054  9933411
0.0194759368896  9902063
0.0195519924164  9668436
0.0204060077667  9661627
0.0204930305481  9649650
0.0214319229126  9615184
0.0215089321136  9600060
0.0216279029846  9575981
0.0227799415588  9561165
0.0228610038757  9546360
0.0238828659058  9536907
0.02543592453  9527055
0.0255210399628  9508029
0.0259850025177  9436636
0.0260608196259  9436590
0.0262229442596  9428852
0.0264699459076  9428247
0.0267589092255  9413531
0.028000831604  9383068
0.0281209945679  9157725
0.028196811676  9145990
0.0295898914337  9142194
0.0311119556427  9111226
0.0313189029694  8932570
0.0314388275146  8922276
0.0323739051819  8910475
0.0324928760529  8742279
0.0338609218597  8739463
0.0352900028229  8739266
0.0353698730469  8734614
0.0367698669434  8733456
0.0382180213928  8730108
0.0385038852692  8722999
0.0387489795685  8657695
0.0401968955994  8648081
0.0422489643097  8644319
0.0465838909149  8628155
0.0472948551178  8509818
0.0482068061829  8493980
0.0514309406281  8476376
0.0541219711304  8445581
0.0542049407959  8444245
0.0549700260162  8284658
0.0556039810181  8267667
0.0556800365448  8261843
0.057569026947  8259675
0.0576508045197  8241914
0.060359954834  8215083
0.060534954071  8214048
0.0606129169464  8167775
0.0614218711853  8108334
0.0620539188385  8092483
0.0642189979553  8068244
0.0642960071564  7986875
0.0656979084015  7981714
0.0657749176025  7931790
0.066232919693  7880770
0.0670368671417  7876509
0.0673680305481  7876226
0.0674858093262  7806134
0.0678579807281  7786640
0.0686588287354  7786349
0.0698878765106  7772886
0.0723299980164  7766510
0.0757319927216  7755313
0.0760028362274  7737153
0.079577922821  7732825
0.0816628932953  7720832
0.0817499160767  7699911
0.0819129943848  7688144
0.0819900035858  7676044
0.0821938514709  7668122
0.0849919319153  7651987
0.0851118564606  7634987
0.0854029655457  7633592
0.0855228900909  7626496
0.0856869220734  7622468
0.0858948230743  7601477
0.0888240337372  7595087
0.0889048576355  7586297
0.0919280052185  7561681
0.0920128822327  7528358
0.0956048965454  7518864
0.0986819267273  7506288
0.0987629890442  7397148
0.101897001266  7373884
0.102062940598  7342967
0.105548858643  7333467
0.105633974075  7204427
0.110404014587  7193791
0.110582828522  7182794
0.110838890076  7169152
0.110985994339  7168871
0.111241817474  7149199
0.111320972443  7144702
0.115618944168  7105807
0.115790843964  7046518
0.119655847549  7046062
0.120770931244  6904994
0.121018886566  6881715
0.121568918228  6880492
0.121737957001  6870437
0.122114896774  6865742
0.122275829315  6835884
0.123039960861  6821626
0.123162984848  6812123
0.123366832733  6801811
0.124083995819  6799699
0.125173807144  6795739
0.125286817551  6791931
0.126578807831  6784620
0.126788854599  6775792
0.127790927887  6760050
0.127995967865  6758579
0.128114938736  6682711
0.129102945328  6669500
0.129668951035  6666103
0.13047003746  6663610
0.130553007126  6663201
0.130713939667  6659656
0.131045818329  6659590
0.131163835526  6658874
0.131325006485  6653685
0.131611824036  6653584
0.131942033768  6651661
0.132313966751  6650168
0.133029937744  6638248
0.136034965515  6634641
0.139237880707  6634069
0.139743804932  6625821
0.140023946762  6625205
0.140231847763  6591828
0.14142203331  6508488
0.141506910324  6501964
0.144035816193  6496872
0.144156932831  6491915
0.147321939468  6485433
0.151146888733  6471146
0.155154943466  6471058
0.157022953033  6465005
0.159273862839  6449100
0.166114807129  6415268
0.170073986053  6414320
0.170214891434  6412966
0.176376819611  6411642
0.18136882782  6411533
0.18154001236  6405447
0.181744813919  6398833
0.182117938995  6393336
0.186632871628  6391822
0.19312286377  6388772
0.193392038345  6344493
0.193554878235  6340915
0.193876028061  6336437
0.199762821198  6298487
0.207038879395  6275996
0.214392900467  6240210
0.219314813614  6058737
0.224357843399  6035494
0.230353832245  6016784
0.235816955566  6015448
0.240821838379  5961490
0.249329805374  5948287
0.25466299057  5806910
0.261014938354  5802326
0.266433954239  5772010
0.271494865417  5739852
0.283392906189  5739521
0.289173841476  5739032
0.295192956924  5738961
0.300073862076  5733402
0.305454969406  5714202
0.32275390625  5712679
0.334129810333  5712627
0.339200019836  5653940
0.346957921982  5647325
0.352950811386  5608575
0.358592987061  5578136
0.366945028305  5574328
0.371958971024  5571626
0.378271818161  5561024
0.383625030518  5480869
0.38910484314  5472092
0.397065877914  5465614
0.403645992279  5462015
0.411942958832  5411134
0.417924880981  5395683
0.424721956253  5373337
0.432286024094  5306775
0.437841892242  5290415
0.45038485527  5288190
0.456655979156  5262142
0.464752912521  5238453
0.491775989532  5234321
0.521402835846  5232415
0.542757034302  5230169
0.583405971527  5090406
0.606204032898  5090111
0.627063989639  5085979
0.656059026718  5084942
0.662339925766  5083835
0.702801942825  5035230
0.711144924164  5014674
0.733644962311  5013204
0.764576911926  5010829
0.790699958801  5008583
0.833930969238  5004644
0.880976915359  5003714
0.932197809219  4965047
0.981669902802  4961725
1.01982903481  4834016
1.07081389427  4799032
1.17435193062  4788119
1.26425600052  4704939
1.37036180496  4703995
1.43643498421  4624248
1.48087501526  4552514
1.55538201332  4552222
1.58158898354  4548090
1.64057803154  4539701
1.69698786736  4528499
1.7326669693  4526155
1.75422501564  4523909
1.80156803131  4497858
1.84320998192  4497506
1.89086103439  4477929
1.89151000977  4477798
1.89166498184  4468273
1.89235782623  4468086
1.97675681114  4465211
1.98408198357  4463611
1.98418402672  4434950
1.98567485809  4434788
1.98950099945  4421248
2.06225395203  4411016
2.2682030201  4410817
2.3137588501  4410435
2.4961578846  4409989
2.55439901352  4404084
2.60153698921  4396993
2.65245199203  4390242
2.703758955  4389285
2.75737380981  4370731
2.80883097649  4369968
2.86461687088  4368303
2.93849682808  4367670
3.02059197426  4365219
3.12145185471  4364122
3.2144780159  4363667
3.28624796867  4363481
3.35539889336  4362718
3.44070482254  4362630
3.50418591499  4355857
3.57280898094  4355830
3.69323301315  4355213
3.85902094841  4350567
4.05345082283  4350529
4.16602802277  4349502
4.64274191856  4346956
4.75531888008  4346892
4.84218192101  4346243
4.95288896561  4345022
5.04313993454  4339065
5.17013192177  4338165
5.31491589546  4317036
5.4751739502  4316831
5.65048193932  4313985
5.75449800491  4313184
5.83636283875  4313066
5.90516996384  4310441
5.96875190735  4308672
6.05237603188  4308305
6.14031481743  4307682
6.22326898575  4307486
6.30695199966  4306421
6.37846803665  4306289
6.45993494987  4302973
6.55374288559  4300742
6.65962600708  4300221
6.74948096275  4300043
6.83621501923  4299822
6.9239718914  4299605
7.00410103798  4299259
7.12515687943  4298265
7.26036286354  4286747
7.42657089233  4286702
7.56785202026  4284665
7.72401690483  4256434
7.80273294449  4254582
7.9441280365  4254554
8.08983182907  4253590
8.22449398041  4252405
8.34803795815  4252250
8.43351483345  4250658
8.51774501801  4250451
8.6246919632  4250134
8.77408790588  4245696
8.90217900276  4245100
9.02973294258  4244540
9.16987991333  4244461
9.36700296402  4243963
9.52474284172  4243898
9.71914982796  4240986
9.89953398705  4235666
10.0875480175  4234027
10.1937499046  4233742
10.2397558689  4220781
10.2845618725  4219516
10.3368189335  4217918
10.4139068127  4217713
10.5956659317  4188217
10.777463913  4186587
10.9561779499  4181553
11.1356179714  4172857
11.3200778961  4160960
11.5066208839  4150919
11.6902809143  4150458
11.8834989071  4120057
12.0799498558  4070046
12.2832980156  4052282
12.4925270081  3993880
12.7089579105  3977286
12.9182648659  3963748
13.1155359745  3914243
13.2948179245  3910267
13.4840548038  3898370
13.6555879116  3892430
13.8427009583  3884247
14.0221128464  3880925
14.2121670246  3880680
14.4307579994  3879930
14.6361548901  3877060
14.8121030331  3852432
15.0089030266  3850366
15.0195128918  3849880
15.0312018394  3847259
15.0369038582  3846586
15.041823864  3826480
15.054530859  3825830
15.0596208572  3797133
15.0722119808  3795392
15.2584228516  3793126
15.452477932  3785750
15.4602630138  3774516
15.6505098343  3761082
15.8415420055  3740168
16.0402638912  3729348
16.2570958138  3697969
16.471367836  3697333
16.6903870106  3655248
16.9064209461  3655106
17.1245248318  3654703
17.3350830078  3636879
17.3435199261  3633549
17.3521590233  3627680
17.5709190369  3626102
17.7840409279  3613156
17.9947488308  3499762
18.2149989605  3481217
18.4023089409  3478795
18.4089589119  3474795
18.6034839153  3370972
18.7932188511  3363069
18.9845488071  3362191
19.1910989285  3351772
19.4435639381  3344563
19.6950068474  3342024
19.8747618198  3333878
20.0692198277  3299652
20.2601168156  3238594
20.4429059029  3234946
20.6279358864  3233024
20.813505888  3224486
20.8237588406  3186078
21.0127699375  3176028
21.2029600143  3163757
21.3935070038  3134918
21.6258769035  3116747
21.8477628231  3112346
22.0804209709  3102978
22.3050680161  3073318
22.3180298805  3065405
22.3256049156  3057718
22.5414969921  3057626
22.7664008141  3011123
23.0068390369  2983587
23.2333378792  2931532
23.4642698765  2885994
23.6915309429  2800071
23.9277589321  2730454
24.2395579815  2702427
24.5150718689  2695147
24.7576229572  2641060
24.9837260246  2623219
25.215597868  2617028
25.4407939911  2545863
25.672700882  2535750
25.896517992  2489386
26.1195750237  2467042
26.3471138477  2466245
26.5747499466  2453207
26.8146419525  2453192
27.0416808128  2394680
27.275154829  2390774
27.5010159016  2301328
27.7194068432  2291172
27.94114995  2258151
28.1528708935  2254399
28.3708648682  2250649
28.5886018276  2232634
28.8004519939  2231261
29.0223360062  2163860
29.266906023  2140472
29.5677700043  2139460
29.8439910412  2138942
30.0672428608  2129522
30.3175709248  2108974
30.5471138954  2090258
30.7713849545  2050485
31.0010910034  2028531
31.2179048061  2024095
31.4481940269  2018626
31.6859438419  2014810
31.9382219315  2014656
32.1555879116  2009398
32.3848409653  2009218
32.6061069965  2009056
32.8355150223  2008171
33.0757768154  2007855
33.3061239719  1989635
33.5516569614  1987532
33.8015048504  1982763
34.072067976  1978412
34.3876638412  1977934
34.7148368359  1977192
34.9856059551  1938620
35.2521598339  1920209
35.523401022  1873635
35.7783079147  1871971
36.0312428474  1871365
36.2906298637  1869007
36.5583908558  1862668
36.816079855  1861935
37.0753040314  1861193
37.3516728878  1855116
37.6233019829  1852068
37.8872518539  1848308
38.1450288296  1848268
38.3892178535  1842099
38.6551229954  1831397
38.8995330334  1826441
39.1508409977  1817398
39.4328889847  1815959
39.7563948631  1782187
40.0609939098  1781635
40.3074538708  1781515
40.5798659325  1779292
40.8413789272  1743543
41.1000390053  1739226
41.3776109219  1661632
41.633387804  1657408
41.9055550098  1642976
42.1706838608  1642758
42.4239509106  1640259
42.6917648315  1606487
42.9692690372  1603274
43.2325928211  1583735
43.4988148212  1543504
43.7589328289  1533900
44.0183210373  1531510
44.3024289608  1529823
44.5753319263  1516368
44.9217000008  1514704
45.2589988708  1514098
45.5865998268  1511740
45.8607199192  1504522
46.1453428268  1503024
46.434060812  1491119
46.7156789303  1490090
46.9812498093  1489348
47.2454798222  1489148
47.5170090199  1464830
47.7826769352  1464574
48.0447950363  1463298
48.3164069653  1456828
48.5727398396  1453615
48.8421640396  1437248
49.1179218292  1434865
49.394769907  1387190
49.6686968803  1384062
49.9463880062  1382264
50.2396938801  1379743
