0.0107970237732  9562101
0.0110189914703  9558737
0.0112841129303  9558130
0.0116670131683  9484467
0.0119230747223  9473154
0.0122420787811  9313741
0.0129489898682  9208313
0.013072013855  9118195
0.0131940841675  9001262
0.0137839317322  8999549
0.0147681236267  8996971
0.0149619579315  8993130
0.0150880813599  8942255
0.0153000354767  8819399
0.0155010223389  8761412
0.015655040741  8754259
0.0157830715179  8753061
0.0170750617981  8690565
0.017993927002  8527289
0.0180680751801  8526914
0.0182120800018  8493102
0.0183570384979  8424583
0.0185039043427  8327261
0.0186901092529  8312371
0.0188369750977  8278621
0.0191879272461  8141437
0.0192611217499  8022807
0.0195419788361  8004488
0.0198230743408  7882718
0.0205209255219  7795932
0.0213720798492  7755960
0.0215969085693  7701171
0.0216720104218  7686913
0.0217490196228  7588630
0.0218241214752  7588058
0.0221090316772  7565265
0.0229480266571  7502168
0.0230910778046  7459433
0.023234128952  7438639
0.0245180130005  7388186
0.0248711109161  7218581
0.0252161026001  7218256
0.025416135788  7157819
0.0254850387573  7136445
0.0260059833527  7120308
0.0267210006714  7060303
0.0269839763641  7050216
0.0270519256592  7020210
0.0274500846863  6996139
0.0277180671692  6991793
0.0278520584106  6894942
0.0279860496521  6880745
0.0289890766144  6715506
0.0293040275574  6666938
0.0297949314117  6664882
0.0300419330597  6646710
0.0301671028137  6645327
0.0305969715118  6645205
0.0307841300964  6509688
0.0310950279236  6498361
0.0318551063538  6469028
0.0324311256409  6468549
0.0325679779053  6454603
0.0333459377289  6448340
0.0344729423523  6411540
0.034658908844  6362370
0.0352540016174  6350874
0.0354540348053  6315427
0.0364520549774  6313196
0.0365869998932  6228645
0.0368499755859  6183348
0.0376861095428  6178392
0.0383539199829  6169197
0.0384171009064  6163171
0.0384809970856  6148568
0.0385451316833  6141599
0.0388510227203  6124773
0.0395650863647  6106366
0.0420360565186  6104194
0.0425570011139  6050727
0.0443251132965  6037948
0.0462651252747  5921341
0.0463979244232  5821126
0.0470089912415  5781404
0.0470740795135  5599086
0.0473220348358  5589150
0.0474479198456  5580463
0.0526859760284  5543624
0.0528240203857  5497260
0.0535991191864  5485566
0.0539131164551  5438461
0.0543479919434  5404166
0.0545380115509  5399094
0.0546040534973  5395057
0.054918050766  5391987
0.0551609992981  5390955
0.0552899837494  5330562
0.0555789470673  5305391
0.0557670593262  5215506
0.0563161373138  5201603
0.0565030574799  5181075
0.0574390888214  5176078
0.0582280158997  5171311
0.0582919120789  5158145
0.0583560466766  5155164
0.0585401058197  5124082
0.0589640140533  5124069
0.0593290328979  5120829
0.0596339702606  5044330
0.0605399608612  4981314
0.0609049797058  4976694
0.0623540878296  4976497
0.063019990921  4970384
0.0639231204987  4932110
0.0642280578613  4882195
0.0654199123383  4878259
0.0657141208649  4838589
0.066654920578  4817729
0.0673890113831  4805327
0.0691390037537  4751057
0.0698089599609  4698059
0.071897983551  4622942
0.0729329586029  4621026
0.0730581283569  4604013
0.0733649730682  4586444
0.0737309455872  4550599
0.0765480995178  4548628
0.0767979621887  4537119
0.0774691104889  4515600
0.0777149200439  4509223
0.0784471035004  4508805
0.0793590545654  4508410
0.0808119773865  4495247
0.0811169147491  4492967
0.0817539691925  4492804
0.0824201107025  4475327
0.0862879753113  4472908
0.0866720676422  4437113
0.0868849754333  4432688
0.0878579616547  4431683
0.0880579948425  4404948
0.0885169506073  4404736
0.0886499881744  4404200
0.0888481140137  4403131
0.0889809131622  4402412
0.0890500545502  4401950
0.0916380882263  4392617
0.0921289920807  4372290
0.0930399894714  4370972
0.0940110683441  4368109
0.0942580699921  4366204
0.0947439670563  4362531
0.0952939987183  4290905
0.0983700752258  4290553
0.100475072861  4289298
0.104984045029  4281142
0.106199979782  4279165
0.1072909832  4266653
0.107899904251  4233466
0.108572006226  4221304
0.109545946121  4216852
0.109669923782  4216198
0.110399961472  4214616
0.110826969147  4203902
0.111314058304  4195689
0.111773967743  4123559
0.112020015717  4114540
0.114444971085  4113183
0.116915941238  4053533
0.118391990662  4044303
0.118767023087  4021727
0.119863033295  4020019
0.121649026871  4018735
0.121719121933  4002002
0.12450504303  3960146
0.125860929489  3959466
0.126450061798  3956264
0.132623910904  3955858
0.132865905762  3949624
0.13453912735  3947973
0.13566493988  3939305
0.136161088943  3936746
0.136574983597  3919290
0.140600919724  3908340
0.141048908234  3887787
0.143671035767  3883255
0.144418001175  3868593
0.146821975708  3865712
0.147202014923  3865414
0.147449970245  3855786
0.147574901581  3749623
0.149169921875  3745647
0.150887012482  3731686
0.152791976929  3719589
0.156589984894  3719514
0.15678191185  3718998
0.156969070435  3673684
0.161389112473  3673136
0.16600394249  3671234
0.167532920837  3670214
0.177700042725  3669133
0.178133010864  3668927
0.179486036301  3668889
0.180685043335  3654872
0.181363105774  3644988
0.182478904724  3642694
0.184109926224  3638413
0.187068939209  3631727
0.192739009857  3630207
0.19435095787  3629665
0.1951379776  3628720
0.20053601265  3622915
0.200855970383  3592653
0.200922966003  3586877
0.201195955276  3575629
0.20529294014  3568602
0.212023973465  3542886
0.212256908417  3541979
0.213030099869  3537951
0.215801000595  3519054
0.216763019562  3496541
0.218236923218  3487996
0.220114946365  3487596
0.221780061722  3463350
0.228855133057  3462956
0.233993053436  3459979
0.234550952911  3459914
0.237013101578  3459498
0.238694906235  3458272
0.246963024139  3453439
0.250389099121  3447077
0.254092931747  3444827
0.254226922989  3377047
0.25760102272  3375909
0.261323928833  3375417
0.262954950333  3368454
0.271409034729  3368392
0.278343915939  3367552
0.284307956696  3367339
0.290409088135  3366233
0.296214103699  3362062
0.296358108521  3361928
0.300890922546  3361559
0.301943063736  3359945
0.304960012436  3348853
0.305259943008  3347513
0.305325031281  3341747
0.308825969696  3337499
0.312597036362  3336090
0.313997983932  3292768
0.319447040558  3292020
0.321161031723  3290823
0.322077989578  3289996
0.326508998871  3277521
0.327358007431  3274006
0.333451986313  3272073
0.342505931854  3270952
0.343476057053  3266795
0.35076713562  3259158
0.35121512413  3254955
0.356889009476  3251091
0.35805606842  3234796
0.366425037384  3233278
0.368917942047  3226285
0.373950958252  3219209
0.375776052475  3209247
0.403052091599  3207280
0.403192043304  3195064
0.406028032303  3192313
0.408138036728  3191423
0.409826040268  3190984
0.413515090942  3190655
0.415004968643  3176676
0.416723012924  3175246
0.419114112854  3166757
0.420090913773  3160946
0.426430940628  3158307
0.441093921661  3153895
0.459053993225  3152008
0.470490932465  3151379
0.476154088974  3140978
0.482545137405  3140825
0.4891269207  3139334
0.49498295784  3137948
0.495053052902  3135882
0.498805046082  3135673
0.516814947128  3127025
0.521486997604  3126235
0.525043964386  3123843
0.542799949646  3110926
0.578542947769  3110426
0.582669019699  3106048
0.584718942642  3093629
0.602719068527  3085327
0.604635000229  3085317
0.625189065933  3083337
0.62624502182  3082485
0.635724067688  3073802
0.639081001282  3072735
0.64222407341  3062985
0.642702102661  3053067
0.655750989914  3050023
0.661109924316  3046917
0.669357061386  3046509
0.675580024719  3045147
0.680850982666  3021420
0.709258079529  3001983
0.713877916336  3001775
0.720866918564  2999913
0.734322071075  2999219
0.736447095871  2958257
0.743865966797  2957838
0.754990100861  2956360
0.760859966278  2949900
0.767035007477  2947667
0.770559072495  2943605
0.786870956421  2852687
0.788463115692  2852006
0.801141023636  2848397
0.805015087128  2834190
0.80628991127  2833268
0.815546989441  2833255
0.819901943207  2815581
0.842978954315  2814730
0.875963926315  2814719
0.877540111542  2752087
0.910525083542  2746964
0.938520908356  2743218
0.942575931549  2742646
0.947434902191  2742167
0.990180969238  2738015
1.00541996956  2737092
1.02726101875  2735312
1.02746701241  2721404
1.02980399132  2718923
1.03609800339  2718205
1.04310512543  2713437
1.04803800583  2699442
1.06686997414  2628802
1.08179211617  2623971
1.0834441185  2621960
1.09388709068  2611459
1.10105705261  2611422
1.10324192047  2610086
1.10719394684  2609933
1.164041996  2604085
1.16813898087  2604036
1.19759702682  2603397
1.20453000069  2588067
1.20593500137  2587647
1.21232008934  2587517
1.22409796715  2587334
1.22927594185  2584913
1.23145890236  2584571
1.26280999184  2565357
1.27992391586  2564074
1.28812193871  2562354
1.34617900848  2555067
1.40430307388  2554986
1.40670204163  2514955
1.40991997719  2514234
1.44492506981  2509536
1.49198913574  2508811
1.5080010891  2508255
1.51928901672  2487922
1.53038096428  2486782
1.53288912773  2486149
1.53566908836  2480403
1.53864908218  2480274
1.54904413223  2479631
1.56219911575  2479489
1.58650803566  2477676
1.62161397934  2476585
1.62338209152  2474972
1.62454509735  2473454
1.62732505798  2473371
1.64497613907  2471899
1.6475379467  2471373
1.70319795609  2468144
1.71435809135  2464998
1.74826598167  2462053
1.90018105507  2460390
1.95480895042  2460099
1.96043109894  2459913
1.98248410225  2459517
2.00879406929  2458959
2.04073095322  2455750
2.0621111393  2455198
2.11009192467  2454691
2.11950612068  2454149
2.16061401367  2451578
2.17215013504  2450782
2.18772506714  2450417
2.20671200752  2441702
2.2443780899  2436868
2.27836894989  2434719
2.28091907501  2417906
2.35209512711  2417829
2.43046498299  2416329
2.49370408058  2415545
2.50711607933  2412837
2.59451794624  2411873
2.60545706749  2406718
2.64843702316  2406509
2.6704621315  2406490
2.69353890419  2394764
2.70341110229  2393944
2.75718593597  2393295
2.75794005394  2392952
2.76072406769  2392363
2.77462911606  2391418
2.78588604927  2391001
3.29741692543  2379665
3.65473890305  2378218
3.74322605133  2378140
3.75304913521  2376629
3.75471901894  2375682
3.85633301735  2366470
4.07253313065  2365156
4.11780500412  2362420
4.558177948  2355802
4.67855095863  2354190
4.75903892517  2353916
