0.016047000885  10295615
0.0161530971527  10193815
0.0163700580597  10188698
0.0164430141449  10163209
0.0165162086487  10077002
0.0167970657349  10052391
0.0168700218201  9990378
0.0169789791107  9918214
0.0171310901642  9846514
0.0172090530396  9820781
0.0173540115356  9820188
0.0174980163574  9457477
0.0176410675049  9450646
0.0178530216217  9428622
0.0179271697998  9097156
0.0181829929352  8977804
0.018247127533  8975972
0.0183100700378  8959927
0.0183730125427  8959051
0.0184371471405  8931770
0.0185000896454  8696312
0.0185630321503  8628159
0.0186259746552  8599416
0.0186891555786  8566953
0.0188729763031  8522044
0.0190579891205  8443088
0.0192430019379  8439142
0.0193660259247  8421591
0.0195500850677  8394643
0.0196139812469  8388606
0.0197370052338  8360312
0.0198001861572  8352609
0.0201640129089  8338948
0.0204081535339  8321711
0.020651102066  8313594
0.0208950042725  8267112
0.0210189819336  8253646
0.0210831165314  8228425
0.0212061405182  8179050
0.0212690830231  8163337
0.021516084671  8135211
0.0217001438141  8054177
0.0219461917877  8023901
0.0226690769196  8012278
0.0227921009064  8010337
0.0229830741882  8004838
0.0230910778046  7925414
0.0256390571594  7905477
0.0258860588074  7901228
0.026643037796  7815058
0.0273339748383  7813585
0.0274841785431  7809077
0.0278360843658  7805242
0.0279099941254  7769117
0.0281209945679  7766008
0.0285391807556  7663170
0.0296461582184  7626355
0.029844045639  7491894
0.0309081077576  7473540
0.0310611724854  7467491
0.031289100647  7439082
0.0313692092896  7366421
0.0315580368042  7340847
0.0316390991211  7284837
0.0317831039429  7240364
0.0318560600281  7236724
0.0321412086487  7192820
0.0322151184082  7186870
0.0322880744934  7170457
0.0327081680298  7064442
0.032781124115  6965410
0.0334751605988  6894326
0.0338950157166  6893936
0.0356919765472  6871985
0.035765171051  6866434
0.0358481407166  6698136
0.0363161563873  6555921
0.036630153656  6519506
0.0381112098694  6518312
0.0381820201874  6510766
0.0383810997009  6487335
0.038449048996  6456577
0.0387761592865  6372913
0.0389091968536  6369295
0.0406160354614  6367870
0.0407400131226  6354078
0.0415861606598  6342591
0.0426721572876  6274820
0.0427961349487  6266829
0.0434441566467  6250341
0.0438749790192  6230006
0.044075012207  6186010
0.0458691120148  6158595
0.0463089942932  6155634
0.0467121601105  6127899
0.0472071170807  6123850
0.0477700233459  6094536
0.0482740402222  6093786
0.0487639904022  6083656
0.0490090847015  6080605
0.0500161647797  6072475
0.0500810146332  6030515
0.0505712032318  5996830
0.0508050918579  5996660
0.0509150028229  5923263
0.0619311332703  5920707
0.062548160553  5917048
0.0653221607208  5911416
0.068834066391  5897668
0.0710551738739  5881387
0.0764679908752  5880167
0.0823361873627  5875561
0.0836751461029  5871923
0.0886330604553  5846307
0.0893840789795  5836742
0.0963521003723  5790981
0.0969960689545  5790796
0.0977489948273  5786280
0.0981781482697  5745304
0.0989110469818  5744136
0.101572036743  5743383
0.103111982346  5723709
0.104372024536  5723020
0.104859113693  5711837
0.104995012283  5669822
0.105185985565  5669791
0.106112003326  5646296
0.107336044312  5644422
0.109567165375  5631373
0.110295057297  5621111
0.110406160355  5581505
0.114137172699  5561921
0.1157310009  5554465
0.116079092026  5550887
0.117547035217  5549920
0.117628097534  5524534
0.118350982666  5522674
0.120671033859  5522451
0.121325016022  5490927
0.122850179672  5486685
0.123805046082  5408743
0.124111175537  5273757
0.126212120056  5264732
0.129327058792  5256564
0.130114078522  5253445
0.131734132767  5210861
0.133054018021  5191210
0.133541107178  5189412
0.135172128677  5169963
0.135424137115  5086765
0.136280059814  5067141
0.136648178101  5021472
0.136773109436  4985386
0.137804985046  4979279
0.138653039932  4964313
0.138964176178  4949027
0.140357017517  4931473
0.140482187271  4916299
0.146193027496  4897242
0.147616147995  4851277
0.148288011551  4833756
0.155846118927  4833430
0.156167984009  4827841
0.156851053238  4825877
0.157047986984  4804358
0.157299995422  4713605
0.158554077148  4705145
0.159970998764  4700292
0.160534143448  4694517
0.161719083786  4693531
0.166572093964  4588082
0.169998168945  4566786
0.175126075745  4560408
0.176098108292  4553904
0.178237199783  4553761
0.178302049637  4539085
0.180214166641  4535755
0.182856082916  4532590
0.184039115906  4526964
0.185751199722  4526850
0.189378023148  4504368
0.189597129822  4493819
0.190574169159  4448120
0.192631006241  4436513
0.19411611557  4433878
0.199760198593  4424516
0.207319021225  4424397
0.208073139191  4389763
0.209640026093  4388797
0.218301057816  4379939
0.219797134399  4377111
0.231310129166  4351466
0.231456041336  4335401
0.232980012894  4302054
0.234496116638  4295261
0.23893904686  4280900
0.239634037018  4279323
0.246482133865  4272026
0.248346090317  4269210
0.252115011215  4254258
0.252739191055  4140994
0.256175994873  4134165
0.256731033325  4117018
0.257372140884  4110723
0.269134998322  4110441
0.269510984421  4090678
0.270129203796  4088554
0.272962093353  4088404
0.275281190872  4082471
0.278420209885  3983289
0.283564090729  3960162
0.284739017487  3900239
0.284993171692  3897027
0.286364078522  3886536
0.288501024246  3880714
0.288892030716  3871836
0.29292011261  3860870
0.296058177948  3855806
0.303076982498  3854168
0.30576300621  3852081
0.309530973434  3846793
0.310952186584  3845393
0.324115037918  3833456
0.325097084045  3833096
0.32547712326  3826869
0.327951192856  3784168
0.329006195068  3771473
0.32941198349  3763549
0.331312179565  3747053
0.332265138626  3726080
0.332338094711  3721406
0.332982063293  3718136
0.336520195007  3669140
0.339512109756  3662111
0.341214179993  3635109
0.341705083847  3626797
0.342411994934  3621528
0.349421024323  3572548
0.352373123169  3571754
0.355585098267  3570695
0.356825113297  3551796
0.357808113098  3526883
0.359035015106  3526228
0.359472036362  3519307
0.359968185425  3510817
0.361513137817  3510321
0.362299203873  3500099
0.36257314682  3500056
0.364297151566  3470711
0.369736194611  3462895
0.371754169464  3462734
0.37265920639  3462491
0.375879049301  3461540
0.377736091614  3458703
0.378232002258  3437801
0.379384994507  3429369
0.380140066147  3424555
0.381600141525  3416262
0.383181095123  3405967
0.383975982666  3386324
0.391277074814  3386101
0.392074108124  3377182
0.399114131927  3376571
0.401010990143  3371326
0.403537988663  3362517
0.405836105347  3359831
0.405939102173  3356491
0.406407117844  3355822
0.412880182266  3349613
0.414928197861  3349173
0.41791510582  3346869
0.430841207504  3342543
0.432667016983  3254871
0.435553073883  3230162
0.439903020859  3229585
0.440215110779  3171408
0.442332029343  3171292
0.443783044815  3169552
0.445113182068  3163472
0.448107004166  3163110
0.45098400116  3157964
0.452141046524  3132584
0.452205181122  3131470
0.453235149384  3130478
0.45432305336  3129985
0.45760011673  3124583
0.458851099014  3122249
0.459681034088  3116213
0.460488080978  3114109
0.465645074844  3106836
0.469628095627  3100347
0.470475196838  3097360
0.473030090332  3097324
0.480624198914  3092983
0.487816095352  3081642
0.521363019943  3074047
0.538938999176  3073167
0.541678190231  3071919
0.544471979141  3070749
0.546856164932  3069779
0.549955129623  3042844
0.551781177521  3041951
0.55654501915  3041859
0.562535047531  3039536
0.577738046646  3035718
0.600666999817  3031799
0.602642059326  3029954
0.62020111084  3029451
0.621323108673  3026808
0.623249053955  3026358
0.62441110611  2998603
0.626308202744  2954827
0.638578176498  2954520
0.672789096832  2944295
0.688132047653  2943149
0.692582130432  2931051
0.707030057907  2930842
0.709161996841  2893835
0.722429990768  2892504
0.72528219223  2889641
0.727216005325  2887832
0.728555202484  2869900
0.772840976715  2865259
0.777960062027  2865082
0.790979146957  2864380
0.806246042252  2862651
0.807821989059  2848831
0.809463977814  2847044
0.823400020599  2823157
0.827928066254  2822609
0.828666210175  2821950
0.83802819252  2790205
0.84961605072  2769516
0.849836111069  2768240
0.862322092056  2765985
0.87179517746  2765522
0.895500183105  2760606
0.899841070175  2743577
0.938390016556  2743372
0.950002193451  2742848
0.97460103035  2738487
0.975937128067  2731292
0.978345155716  2705695
1.03193712234  2703589
1.05201101303  2692498
1.09281110764  2692299
1.10521602631  2690217
1.11043715477  2686247
1.1123380661  2681173
1.11990404129  2680234
1.12081003189  2680117
1.13017606735  2653450
1.13168120384  2651958
1.14851212502  2646792
1.15703606606  2646716
1.18673300743  2634557
1.2389550209  2633144
1.24245905876  2620784
1.26185703278  2620323
1.266903162  2619055
1.2875020504  2617227
1.28825116158  2617180
1.33236598969  2583462
1.36939501762  2581916
1.38694214821  2538629
1.38726997375  2536881
1.39310717583  2533951
1.39762616158  2528399
1.40057110786  2516739
1.40083503723  2504650
1.40937519073  2503517
1.4105181694  2499133
1.4115281105  2497660
1.55366516113  2487714
1.55454611778  2487107
1.56193614006  2465416
1.56461715698  2462693
1.58927106857  2447447
1.59694004059  2447356
1.61362314224  2444981
1.63476419449  2443804
1.64602017403  2443473
1.66035199165  2443256
1.66450214386  2442504
1.66882014275  2441698
1.68570303917  2441149
1.6948261261  2431928
1.71171212196  2427161
1.74144506454  2426649
1.74431300163  2426299
1.77685499191  2425158
1.78306102753  2422844
1.78788518906  2399739
1.86961507797  2399131
1.87497901917  2398555
1.8935251236  2372955
2.0278711319  2372117
2.04102301598  2368861
2.15641498566  2368744
2.15800309181  2368704
2.27271604538  2367922
2.29678010941  2365583
2.40716505051  2359440
2.43267512321  2357173
2.44234418869  2356075
2.47730898857  2355612
2.4904551506  2355002
2.52168798447  2354715
2.5501511097  2354428
2.59161019325  2354040
2.6017370224  2353883
2.6049861908  2351779
2.60935306549  2351749
2.64436101913  2348712
2.76883411407  2348329
2.82857608795  2344308
2.83577299118  2341743
2.85149598122  2341718
2.89068818092  2341482
3.0461370945  2339815
3.07795405388  2339666
3.12042117119  2338439
3.34499406815  2338198
3.40728497505  2337645
3.47295618057  2337143
3.54314398766  2336215
3.6840531826  2335932
3.72008609772  2330413
3.73107409477  2329183
4.10058617592  2327704
4.21226501465  2327600
4.2283949852  2326693
4.31294417381  2320264
4.38708019257  2317343
4.57758617401  2316478
