0.00954604148865  10422204
0.00964522361755  10351313
0.0100860595703  10213542
0.0101971626282  10208585
0.0104351043701  10170053
0.0109310150146  9999934
0.0115630626678  9902863
0.0116391181946  9850456
0.011883020401  9815567
0.0119590759277  9806690
0.0126531124115  9707057
0.0134971141815  9610607
0.0135731697083  9606999
0.0136902332306  9532242
0.0139350891113  9502630
0.0140101909637  9490649
0.0148930549622  9458571
0.0149691104889  9444974
0.0166120529175  9384174
0.0167381763458  9260944
0.0172710418701  9224905
0.017441034317  9223781
0.0180180072784  9203840
0.018098115921  9160977
0.0193622112274  9139955
0.0195322036743  9093809
0.019837141037  9093076
0.0203261375427  9059496
0.0213642120361  9001883
0.0228312015533  8996531
0.0229802131653  8996016
0.0232071876526  8921685
0.0235950946808  8914850
0.024069070816  8901963
0.0259690284729  8806693
0.0261521339417  8717314
0.0262861251831  8714957
0.0282771587372  8617208
0.028412103653  8615138
0.02849817276  8589698
0.0287270545959  8584926
0.0316882133484  8551395
0.0317821502686  8546625
0.0338101387024  8449773
0.0363321304321  8421070
0.0365860462189  8387588
0.0366621017456  8376108
0.0367810726166  8333622
0.036856174469  8277702
0.0384421348572  8275884
0.0395441055298  8158725
0.0396251678467  8080351
0.0397441387177  8000474
0.0400741100311  7953397
0.0403120517731  7940582
0.040675163269  7940400
0.0431492328644  7889595
0.043288230896  7813107
0.046117067337  7781306
0.0464420318604  7681481
0.0494141578674  7590020
0.0495021343231  7466159
0.0520541667938  7446915
0.0524020195007  7428699
0.0526552200317  7428544
0.0553631782532  7422180
0.0571980476379  7416949
0.0572781562805  7386833
0.0574390888214  7350491
0.0576431751251  7334739
0.0577192306519  7316687
0.0580081939697  7275303
0.0583410263062  7259661
0.0588321685791  7206321
0.0589182376862  7170417
0.0606470108032  7163590
0.062714099884  7136437
0.0634300708771  7104725
0.0635831356049  7019619
0.0653970241547  7007990
0.0656871795654  7007381
0.0676240921021  6937110
0.0705392360687  6927032
0.0733971595764  6915686
0.0734732151031  6911282
0.0735912322998  6808332
0.0763161182404  6781810
0.0766460895538  6748207
0.0769331455231  6742565
0.0797982215881  6696375
0.0798761844635  6647683
0.0800352096558  6584802
0.082985162735  6562436
0.0830612182617  6560083
0.0834341049194  6522924
0.083722114563  6513288
0.0868051052094  6494795
0.0869650840759  6398600
0.0900962352753  6383452
0.0904281139374  6372771
0.0907142162323  6365941
0.0939800739288  6314867
0.0940551757812  6307758
0.0942170619965  6274772
0.0975730419159  6261510
0.0979461669922  6138469
0.0982341766357  6128581
0.101722002029  6080841
0.101841211319  6079684
0.102001190186  6079501
0.105533123016  6067351
0.105864048004  5966438
0.106150150299  5956830
0.11003613472  5864210
0.110139131546  5808612
0.11039018631  5807235
0.110661029816  5698185
0.114500045776  5663760
0.114791154861  5655081
0.115036010742  5654096
0.119028091431  5559182
0.119105100632  5536156
0.119351148605  5515972
0.123388051987  5481071
0.123464107513  5476704
0.127536058426  5472549
0.127613067627  5361613
0.132020235062  5346894
0.132095098495  5340679
0.132297039032  5339168
0.13383102417  5295105
0.133906126022  5222326
0.134024143219  5211663
0.134183168411  5122180
0.135413169861  5093623
0.136731147766  5078966
0.136807203293  5046200
0.137475013733  5034954
0.13810300827  5017019
0.138178110123  5007992
0.141004085541  4973459
0.141985177994  4960619
0.142133235931  4960332
0.142696142197  4945388
0.148005008698  4911542
0.148092031479  4897062
0.148227214813  4877520
0.148412227631  4769509
0.148692131042  4740404
0.153673171997  4715033
0.154088020325  4693558
0.154460191727  4683271
0.159315109253  4673132
0.164731025696  4673052
0.174353122711  4672412
0.188824176788  4671847
0.207818031311  4671375
0.249932050705  4650976
0.292153120041  4599482
0.340734004974  4579501
0.388247013092  4546901
0.43360209465  4544161
0.477510213852  4543230
0.523908138275  4530826
0.56788110733  4510353
0.611752033234  4462267
0.654962062836  4408662
0.702413082123  4385038
0.749304056168  4384741
0.792298078537  4359012
0.840320110321  4350876
0.889461040497  4349009
0.93524813652  4339966
0.980833053589  4331127
1.03804111481  4326085
1.08926701546  4323567
1.13127613068  4323185
1.18774819374  4321597
1.24274611473  4318894
1.30161118507  4246054
1.34427118301  4243252
1.38694906235  4238938
1.43005919456  4238087
1.4723470211  4219652
1.51883602142  4219054
1.56881308556  4192189
1.63658809662  4192085
1.70556211472  4191369
1.77776312828  4184267
1.86491513252  4180455
1.95266604424  4131082
2.00008106232  4127815
2.04653811455  4127578
2.09563612938  4127323
2.14628005028  4126927
2.25697612762  4118845
2.36557006836  4114557
2.49426317215  4101246
2.62976121902  4087406
2.77321910858  4067193
2.91382312775  4059876
3.04883813858  4047957
3.189879179  4038575
3.33301901817  3957736
3.47059702873  3952650
3.61375117302  3947318
3.75307202339  3918506
3.89211320877  3910911
4.02990221977  3910777
4.17660713196  3883701
4.31741905212  3846025
4.46177911758  3843725
4.60598611832  3790165
4.74909520149  3772298
4.89295005798  3771518
5.04316306114  3761275
5.18560600281  3759131
5.34575819969  3681396
5.50532722473  3656797
5.63808012009  3652151
5.79620313644  3610162
5.92742919922  3600312
6.06009101868  3578286
6.21749806404  3563595
6.35830903053  3556000
6.51567411423  3555148
6.67563605309  3535304
6.83165216446  3528440
6.97673201561  3512177
7.11454200745  3506772
7.26554703712  3495978
7.40910720825  3430657
7.5567150116  3414068
7.7057390213  3349208
7.84953117371  3333442
7.99022507668  3327544
8.14487814903  3319796
8.29525017738  3307949
8.44130802155  3296230
8.58847904205  3294456
8.73762202263  3260291
8.88633012772  3235664
9.03684401512  3234670
9.1870200634  3217746
9.34052300453  3201813
9.4874060154  3176952
9.63917303085  3152519
9.78967523575  3146504
9.93362903595  3144078
10.0905652046  3142491
10.2466361523  3134083
10.3809912205  3128268
10.5330760479  3127906
10.6729090214  3125186
10.8326320648  3124448
10.9967000484  3118357
11.1528911591  3100435
11.315983057  3094339
11.4750421047  3081294
11.6378030777  3064429
11.8059740067  3058928
11.9747011662  3044889
12.1360192299  3022864
12.2981271744  3016415
12.4574761391  2995742
12.6235852242  2982559
12.7891931534  2977806
12.9507050514  2961649
13.1132760048  2951766
13.2771952152  2945388
13.4381430149  2930351
13.6019251347  2883602
13.773124218  2879674
13.9435811043  2878085
14.1115992069  2874257
14.2835791111  2840011
14.4508421421  2828735
14.6255171299  2824211
14.7985160351  2788238
14.9772830009  2785383
15.1486010551  2782848
15.3263890743  2759355
15.502584219  2756924
15.6790771484  2752119
15.8539721966  2742604
16.028512001  2725591
16.2086620331  2716040
16.3953261375  2713202
16.5724332333  2704610
16.7609710693  2699639
16.9519622326  2676343
17.1357271671  2672438
17.3210170269  2668233
17.5095422268  2667043
17.6977210045  2658171
17.8809001446  2643938
18.0807561874  2553797
18.2665672302  2551958
18.458548069  2550543
18.6574020386  2535397
18.850810051  2507832
19.0380342007  2505293
19.2237670422  2503937
19.4101371765  2495971
19.5822110176  2495730
19.763543129  2495572
19.9586532116  2494871
20.144780159  2486872
20.351706028  2485706
20.5509941578  2478328
20.7485170364  2477554
20.9497702122  2476275
21.1481702328  2472553
21.3420212269  2471335
21.5379002094  2469379
21.7310152054  2468072
21.9201920033  2467388
22.1144170761  2465018
22.3066830635  2464611
22.4915671349  2457327
22.6876251698  2455924
22.8826551437  2455683
23.0790691376  2455136
23.2778251171  2453737
23.4690680504  2453155
23.6627922058  2453133
23.8555860519  2451212
24.0474450588  2450563
24.2397911549  2444277
24.4399452209  2443906
24.6456251144  2442409
24.8465051651  2441757
25.0481851101  2439522
25.2556600571  2438706
25.4590671062  2438702
25.7027020454  2438544
25.9326221943  2436325
26.1581280231  2435744
26.3662261963  2434884
26.5904691219  2433341
26.8024191856  2433339
27.0122041702  2432879
27.3469040394  2431477
27.6517050266  2431473
28.0783381462  2431315
28.3505501747  2421059
28.6005401611  2419813
28.8063421249  2418375
29.0131151676  2417301
29.2334551811  2414912
29.4519250393  2412671
29.8089470863  2412177
30.1725730896  2400839
30.4907040596  2400311
30.7045311928  2398352
30.9112541676  2396791
31.1743421555  2396735
31.3845171928  2396304
31.6036901474  2395560
32.0578701496  2395210
32.343678236  2394051
32.7868142128  2393575
33.090940237  2388569
33.3433380127  2385932
33.6276931763  2374193
33.8518872261  2373410
34.0725681782  2373112
34.2850551605  2371243
34.4951550961  2370344
34.7126421928  2366400
34.9417772293  2358228
35.1641771793  2352168
35.387827158  2342814
35.6169760227  2337130
35.8230471611  2336218
36.0743961334  2260532
36.3452460766  2260327
36.6024820805  2252993
36.8378331661  2225000
37.0576610565  2224184
37.2786581516  2199080
37.4950840473  2198237
37.7120392323  2197899
37.9305272102  2197451
38.1559820175  2191354
38.3992612362  2190372
38.6566150188  2189152
38.9135160446  2185461
39.170194149  2174674
39.4797570705  2170716
39.7112131119  2167877
39.9441051483  2138076
40.1700441837  2137440
40.4342021942  2124256
40.7245240211  2105187
41.1310110092  2093183
41.5099411011  2023026
41.7900421619  2019630
42.0566830635  2012448
42.3315992355  2006607
42.6250920296  1992631
42.8985772133  1956082
43.1713790894  1915226
43.4773061275  1899366
43.7612040043  1892981
44.0388441086  1879339
44.3243830204  1812946
44.600536108  1802305
44.8555860519  1788007
45.1152541637  1781444
45.3120632172  1779633
45.5022690296  1774062
45.7580201626  1773938
46.0014200211  1770130
46.2451062202  1751924
46.4942672253  1735330
46.7409570217  1724488
46.9885981083  1712591
47.231082201  1706651
47.4782271385  1698468
47.7348470688  1694833
47.9880361557  1666528
48.2354140282  1618409
48.4821481705  1613925
48.7244100571  1607540
48.9778540134  1605181
49.2224431038  1604720
49.46570611  1573562
49.7131280899  1562742
49.9746921062  1536321
50.2330341339  1509468
