0.0100240707397  10422204
0.0101230144501  10351313
0.0104529857635  10213542
0.0105290412903  10208585
0.0106890201569  10170053
0.0111031532288  9999934
0.0117280483246  9902863
0.0118041038513  9850456
0.0120480060577  9815567
0.0121231079102  9806690
0.0127921104431  9707057
0.0136561393738  9610607
0.0137369632721  9606999
0.0138621330261  9532242
0.0141220092773  9502630
0.0142021179199  9490649
0.0151860713959  9458571
0.015280008316  9444974
0.017028093338  9384174
0.0171549320221  9260944
0.0176539421082  9224905
0.0178141593933  9223781
0.0183539390564  9203840
0.0184299945831  9160977
0.0196120738983  9139955
0.0197751522064  9093809
0.0200610160828  9093076
0.0203900337219  9059496
0.0212020874023  9001883
0.0219690799713  8996531
0.0220460891724  8996016
0.022164106369  8921685
0.0223660469055  8914850
0.0226111412048  8901963
0.0241861343384  8806693
0.024346113205  8717314
0.0244629383087  8714957
0.026211977005  8617208
0.026330947876  8615138
0.0264060497284  8589698
0.0266079902649  8584926
0.029305934906  8551395
0.0294070243835  8546625
0.0316550731659  8449773
0.0340700149536  8421070
0.0343561172485  8387588
0.0344431400299  8376108
0.0345780849457  8333622
0.0346641540527  8277702
0.0361051559448  8275884
0.0372650623322  8158725
0.0373611450195  8080351
0.0375080108643  8000474
0.0378630161285  7953397
0.0381281375885  7940582
0.0385050773621  7940400
0.0413241386414  7889595
0.0415019989014  7813107
0.0439319610596  7781306
0.0442309379578  7681481
0.0467300415039  7590020
0.0468130111694  7466159
0.0493769645691  7446915
0.0497219562531  7428699
0.0499670505524  7428544
0.0526180267334  7422180
0.0544850826263  7416949
0.054573059082  7386833
0.0547389984131  7350491
0.0550010204315  7334739
0.0550861358643  7316687
0.0554020404816  7275303
0.0557761192322  7259661
0.0562520027161  7206321
0.0563361644745  7170417
0.0574510097504  7163590
0.0584831237793  7136437
0.0590269565582  7104725
0.0591449737549  7019619
0.0604131221771  7007990
0.0606570243835  7007381
0.0623829364777  6937110
0.0649530887604  6927032
0.0679049491882  6915686
0.0679850578308  6911282
0.0681059360504  6808332
0.0711131095886  6781810
0.0714919567108  6748207
0.0718231201172  6742565
0.0748839378357  6696375
0.0749659538269  6647683
0.0751359462738  6584802
0.0781400203705  6562436
0.0782170295715  6560083
0.0785889625549  6522924
0.0788760185242  6513288
0.0819549560547  6494795
0.0821149349213  6398600
0.0852320194244  6383452
0.0855610370636  6372771
0.0858480930328  6365941
0.0891370773315  6314867
0.0892181396484  6307758
0.0893790721893  6274772
0.092796087265  6261510
0.0931739807129  6138469
0.0934610366821  6128581
0.0969519615173  6080841
0.097069978714  6079684
0.0972290039062  6079501
0.100747108459  6067351
0.101077079773  5966438
0.101362943649  5956830
0.105067014694  5864210
0.105143070221  5808612
0.105302095413  5807235
0.10550403595  5698185
0.109255075455  5663760
0.109542131424  5655081
0.109785079956  5654096
0.113765001297  5559182
0.113841056824  5536156
0.11408495903  5515972
0.118446111679  5481071
0.118526935577  5476704
0.122599124908  5472549
0.122674942017  5361613
0.127088069916  5346894
0.127164125443  5340679
0.127367019653  5339168
0.128900051117  5295105
0.128976106644  5222326
0.12909412384  5211663
0.129253149033  5122180
0.130481004715  5093623
0.13179397583  5078966
0.131869077682  5046200
0.132537126541  5034954
0.133203983307  5017019
0.133284091949  5007992
0.134814023972  4973459
0.135352134705  4960619
0.135432958603  4960332
0.135827064514  4945388
0.140753984451  4911542
0.140835046768  4897062
0.140959978104  4877520
0.141129016876  4769509
0.141389131546  4740404
0.147401094437  4715033
0.148214101791  4693558
0.1489341259  4683271
0.154657125473  4673132
0.160102128983  4673052
0.17264008522  4672412
0.187937021255  4671847
0.208106994629  4671375
0.250561952591  4650976
0.295984983444  4599482
0.340449094772  4579501
0.384004116058  4546901
0.428195953369  4544161
0.471308946609  4543230
0.516632080078  4530826
0.563100099564  4510353
0.608320951462  4462267
0.652114152908  4408662
0.701275110245  4385038
0.744779109955  4384741
0.787114143372  4359012
0.836751937866  4350876
0.885777950287  4349009
0.933890104294  4339966
0.981207132339  4331127
1.04051995277  4326085
1.09245204926  4323567
1.1354830265  4323185
1.19445204735  4321597
1.25082612038  4318894
1.31004810333  4246054
1.35313916206  4243252
1.39842796326  4238938
1.44214510918  4238087
1.4856710434  4219652
1.53397512436  4219054
1.58393216133  4192189
1.65686297417  4192085
1.72817611694  4191369
1.80404305458  4184267
1.89190006256  4180455
1.97690606117  4131082
2.02485609055  4127815
2.08035516739  4127578
2.12733006477  4127323
2.18144011497  4126927
2.2910721302  4118845
2.40291810036  4114557
2.53535914421  4101246
2.67395114899  4087406
2.81295013428  4067193
2.96414899826  4059876
3.10536503792  4047957
3.24993896484  4038575
3.39282798767  3957736
3.5388469696  3952650
3.67733216286  3947318
3.82283496857  3918506
3.97395610809  3910911
4.11370515823  3910777
4.26566314697  3883701
4.4121670723  3846025
4.56169915199  3843725
4.70835494995  3790165
4.8618350029  3772298
5.00407004356  3771518
