0.0094780921936  10329765
0.00966501235962  10322839
0.00990915298462  10273990
0.0100779533386  10122154
0.0106201171875  10103118
0.0116231441498  10097876
0.0140719413757  10001191
0.0183570384979  9965982
0.0245790481567  9876892
0.0306870937347  9825348
0.0363681316376  9711647
0.0442810058594  9683408
0.05513215065  9674199
0.0706830024719  9663127
0.0905621051788  9619217
0.109974145889  9594446
0.130686998367  9510914
0.15123295784  9485507
0.174701929092  9437255
0.200401067734  9430134
0.223592042923  9411204
0.248356103897  9409943
0.265547990799  9409806
0.292947053909  9406555
0.303063154221  9406116
0.314228057861  9405783
0.323873996735  9394405
0.329785108566  9368039
0.338052034378  9362528
0.346580028534  9361908
0.351814031601  9258592
0.356791973114  9243450
0.362082004547  9236420
0.367120027542  9189536
0.372219085693  9125331
0.38164806366  9103603
0.391052007675  9101848
0.395936012268  9042128
0.401001930237  8797653
0.406078100204  8751321
0.411306142807  8735059
0.416649103165  8505562
0.421887159348  8503126
0.426744937897  8502228
0.432006120682  8430039
0.444925069809  8429696
0.451569080353  8416453
0.457059144974  8365403
0.462502002716  8189548
0.468214035034  8167990
0.473590135574  8131125
0.482973098755  8120919
0.492254972458  8115956
0.50177192688  8115068
0.532626152039  8113890
0.569644927979  8113854
0.607795000076  8103995
0.642277002335  7876919
0.681091070175  7848336
0.716521978378  7830955
0.751497030258  7797683
0.7937541008  7681096
0.829610109329  7665694
0.865640163422  7658461
0.899821043015  7624230
0.93460392952  7612328
0.970597982407  7576606
1.00607395172  7572953
1.04601216316  7475410
1.08020997047  7381488
1.1172311306  7379965
1.15451812744  7335807
1.18893408775  7335008
1.22818899155  7310939
1.27287316322  7125140
1.32024097443  7122983
1.36245393753  7098575
1.40151715279  7096784
1.44235897064  6943268
1.48636603355  6938878
1.53478598595  6928066
1.57735204697  6927483
1.62546396255  6848663
1.67436408997  6848657
1.71747708321  6845031
1.76121711731  6766192
1.81281614304  6741353
1.85659813881  6723842
1.90229511261  6722986
1.9513130188  6717930
1.99497795105  6717557
2.04266810417  6711618
2.09296298027  6699675
2.13038516045  6695720
2.17088603973  6692502
2.20520806313  6662926
2.23960208893  6637967
2.27788305283  6602972
2.31357908249  6584522
2.35776114464  6531318
2.40349698067  6522340
2.4467279911  6499758
2.49029111862  6474854
2.54044294357  6468836
2.58376193047  6407910
2.62972307205  6398454
2.67682695389  6383271
2.7256231308  6246475
2.77050995827  6240546
2.82351207733  6221156
2.87148809433  6129609
2.91471004486  6084654
2.95887994766  6034310
3.00275397301  5890532
3.0525970459  5828987
3.1000521183  5756925
3.14267516136  5756283
3.18542814255  5709631
3.22908115387  5646915
3.27210903168  5645948
3.32129907608  5627597
3.36950302124  5561521
3.41861009598  5539184
3.46599793434  5481116
3.51250910759  5426549
3.56474399567  5374162
3.60992693901  5363322
3.65813207626  5352497
3.70985507965  5350722
3.75269699097  5343811
3.81438112259  5308608
3.86614012718  5163845
3.89949202538  5161536
3.93422603607  5138279
3.98125910759  5126528
4.02130293846  5114516
4.08011412621  5113763
4.13674402237  5106375
4.18833303452  5106229
4.24506807327  5093680
4.30188012123  5059646
4.35459899902  5034807
4.41020202637  5009138
4.46303510666  5008763
4.5169839859  4998783
4.58414912224  4997932
4.64523506165  4940890
4.69772601128  4940302
4.7510831356  4936014
4.81686115265  4934803
4.87872314453  4934139
4.94030404091  4933333
5.01738405228  4919993
5.11152601242  4894851
5.19569396973  4864864
5.28263401985  4864325
5.37454605103  4842053
5.46356606483  4836516
5.55014395714  4683481
5.64194893837  4669529
5.73063492775  4664954
5.82441997528  4642192
5.91401410103  4612521
6.00044894218  4611950
6.09665608406  4611767
6.18599915504  4611746
6.2765519619  4610043
6.36892104149  4596473
6.4608669281  4583093
6.5629940033  4507929
6.66796803474  4448253
6.77154707909  4438624
6.88555908203  4426824
7.00184607506  4406406
7.10630106926  4393923
7.20235610008  4387008
7.30366611481  4308136
7.4037899971  4255290
7.49620103836  4207975
7.59462094307  4194475
7.69086503983  4167321
7.78469800949  4122840
7.88252902031  4119911
7.97584295273  4119890
8.07812309265  4006021
8.17310905457  3993406
8.26247000694  3845583
8.35768413544  3843186
8.45388913155  3827290
8.55476713181  3821005
8.64776110649  3809504
8.7378051281  3796773
8.84468913078  3794105
8.93745398521  3790978
9.02764511108  3790537
9.12684893608  3786157
9.21673107147  3779252
9.32479906082  3774082
9.4173541069  3716524
9.51251101494  3715911
9.61181306839  3715022
9.70711493492  3686602
9.80526804924  3686292
9.90213513374  3675562
9.99927616119  3645085
10.1000390053  3608261
