0.00938391685486  9481542
0.00987100601196  9398813
0.00998997688293  9398572
0.0101928710938  9341907
0.0107369422913  9311692
0.0108549594879  9238560
0.011953830719  9179324
0.0139548778534  9166971
0.0166008472443  9149077
0.016786813736  8996306
0.0168738365173  8948463
0.0173559188843  8921781
0.0180339813232  8863322
0.018317937851  8828688
0.0184049606323  8772679
0.0190839767456  8748516
0.0202560424805  8725380
0.0206470489502  8700058
0.0207350254059  8696835
0.0209188461304  8606450
0.0218548774719  8515358
0.0255689620972  8511236
0.0264539718628  8501886
0.0265839099884  8450101
0.0267579555511  8295037
0.0270400047302  8249793
0.0274930000305  8115513
0.0277140140533  8073068
0.0293638706207  8041459
0.030021905899  8023024
0.0302510261536  7996762
0.0306529998779  7916399
0.032860994339  7908460
0.0336949825287  7812490
0.0339689254761  7782202
0.0362508296967  7720915
0.0409009456635  7636041
0.0409889221191  7600915
0.0445909500122  7586214
0.0448868274689  7475124
0.0450060367584  7469518
0.0452539920807  7382447
0.0454158782959  7367387
0.0458359718323  7323439
0.0460050106049  7229465
0.0461118221283  7226191
0.0484850406647  7199095
0.0510590076447  7175416
0.0514419078827  7168645
0.0515348911285  7097969
0.0516588687897  7092529
0.0517480373383  7086635
0.0519189834595  7006566
0.0522780418396  6960517
0.052356004715  6957007
0.0545499324799  6875729
0.0546898841858  6864264
0.0548739433289  6846705
0.054958820343  6816397
0.0551710128784  6810208
0.0552499294281  6809224
0.0555918216705  6803717
0.0557589530945  6802388
0.0558898448944  6800893
0.056056022644  6738217
0.0561339855194  6735283
0.0564739704132  6732120
0.0568628311157  6718762
0.056941986084  6709002
0.0582659244537  6700727
0.0584328174591  6665182
0.0585119724274  6662103
0.0622758865356  6658391
0.0623588562012  6589625
0.0659818649292  6577593
0.0703020095825  6525476
0.0743260383606  6502864
0.074453830719  6467967
0.0746178627014  6445901
0.0746948719025  6347164
0.0769159793854  6343231
0.0776889324188  6342210
0.0802669525146  6333484
0.0803439617157  6326887
0.0807230472565  6291774
0.0824978351593  6271636
0.0825748443604  6167574
0.0826938152313  6141247
0.0827689170837  6138250
0.0833649635315  6134576
0.0834839344025  6128170
0.0837759971619  6115420
0.0841529369354  6079829
0.0847899913788  6071529
0.0856020450592  6059946
0.0856778621674  6029928
0.0865318775177  6027501
0.0866079330444  5929770
0.0877768993378  5921249
0.0918118953705  5892008
0.0919330120087  5877333
0.0921378135681  5841425
0.0922138690948  5840215
0.102035045624  5830141
0.102116823196  5829777
0.111857891083  5603692
0.111934900284  5603093
0.126391887665  5592710
0.136864900589  5551139
0.146723031998  5543370
0.159404039383  5539003
0.170429944992  5538337
0.180305957794  5532916
0.180387020111  5532649
0.192221879959  5527895
0.202436923981  5515184
0.212493896484  5512564
0.212584972382  5512559
0.223021030426  5481764
0.223106861115  5481532
0.233654022217  5449010
0.243693828583  5442086
0.255758047104  5397771
0.255923986435  5396696
0.26605796814  5315627
0.276957035065  5196481
0.293076038361  5194582
0.30341386795  5194085
0.315116882324  5193591
0.328071832657  5112123
0.339177846909  5098139
0.349932909012  4977275
0.350044965744  4977264
0.363126993179  4969056
0.375195980072  4916754
0.385134935379  4865661
0.397452831268  4827403
0.409142017365  4822513
0.419518947601  4732855
0.430104017258  4678127
0.442800045013  4644977
0.454931974411  4591739
0.464897871017  4569959
0.475214004517  4547440
0.485123872757  4547223
0.495587825775  4537028
0.506687879562  4506239
0.517139911652  4504784
0.530462026596  4491661
0.530547857285  4491325
0.545402050018  4371805
0.555474042892  4368625
0.567410945892  4359255
0.567507982254  4359013
0.581861972809  4348371
0.581959962845  4347284
0.592212915421  4327084
0.603276968002  4296330
0.614652872086  4273806
0.627764940262  4269967
0.627851963043  4269603
0.63961482048  4265916
0.650117874146  4262225
0.664314031601  4260785
0.664400815964  4259414
0.680093050003  4249355
0.691287994385  4246326
0.70262503624  4243907
0.713022947311  4096872
0.713106870651  4096326
0.723219871521  3945640
0.723304986954  3944549
0.7336769104  3867829
0.743721008301  3801695
0.753923892975  3799954
0.76408290863  3797037
0.77454996109  3796400
0.788643836975  3796266
0.802347898483  3779941
0.814483880997  3684315
0.814580917358  3683769
0.824659824371  3679929
0.838824987411  3674495
0.838909864426  3672983
0.84875702858  3654479
0.863029956818  3640893
0.87427687645  3564306
0.884191989899  3560824
0.897552967072  3473695
0.897649049759  3473145
0.915057897568  3464996
0.915143013  3463466
0.925060987473  3413748
0.93545794487  3390480
0.945350885391  3377480
0.955843925476  3358254
0.970387935638  3324156
0.99050283432  3229703
1.01240587234  3228897
1.03319787979  3226230
1.05831193924  3224490
1.08238387108  3207963
1.09988689423  3202807
1.1143348217  3193637
1.1297519207  3180031
1.14096498489  3146008
1.1583199501  3145558
1.17446994781  3109175
1.19159889221  3096748
1.20985388756  3092466
1.22665500641  3091634
1.24247503281  3078011
1.25946497917  3069651
1.27594900131  3067781
1.30189800262  3062814
1.31862902641  3056667
1.33372998238  3047001
1.35556602478  3038511
1.37612104416  3036579
1.39587783813  3025799
1.41756296158  3022929
1.43796300888  3007706
1.45924687386  2991923
1.47871303558  2984367
1.50018692017  2966026
1.51987600327  2953243
1.54854798317  2945304
1.56780791283  2931212
1.59283900261  2918613
1.61686992645  2913549
1.64702796936  2900403
1.66713094711  2894018
1.69129490852  2866306
1.71139097214  2863445
1.73142004013  2859873
1.75586986542  2857798
1.78195095062  2857688
1.82723093033  2856278
1.87330889702  2856136
1.93718099594  2845294
2.01024603844  2832999
2.0895678997  2814302
2.16227889061  2810151
2.24281191826  2810064
2.25933289528  2809460
2.27036595345  2809340
2.34742498398  2791512
2.41060996056  2787829
2.48050498962  2779806
2.56053900719  2765100
2.65209197998  2765083
2.75094485283  2751868
2.84317302704  2744869
2.91189694405  2741649
2.92796087265  2740800
2.94163584709  2737199
2.95284295082  2704122
2.96971201897  2703493
2.98643183708  2702569
3.00942087173  2698127
3.05671882629  2697315
3.09144496918  2690259
3.12661290169  2667495
3.16794681549  2659300
3.21281886101  2657316
3.32770395279  2651434
3.44357085228  2644979
3.56920099258  2644757
3.58729600906  2640644
3.60299396515  2634065
3.6224219799  2599654
3.64661097527  2595542
3.67389392853  2592687
3.70090293884  2584311
3.73007488251  2581521
3.77432394028  2578782
3.82532286644  2558558
3.87190389633  2547427
3.91926598549  2541515
3.94715094566  2537041
3.97606492043  2536911
4.0019659996  2492047
4.01954483986  2491180
4.03530788422  2482182
4.04735684395  2477982
4.04756784439  2477740
4.06495094299  2438458
4.07715892792  2397291
4.07725596428  2396692
4.09230589867  2395825
4.112637043  2385390
4.12525081635  2381190
4.12533688545  2380948
4.1498169899  2341713
4.17552900314  2340187
4.20503497124  2335062
4.23215198517  2312054
4.25890994072  2311114
4.26903486252  2305436
4.26914691925  2305425
4.28114700317  2301827
4.28124403954  2301816
4.29581403732  2294926
4.29598689079  2293619
4.41135883331  2289942
4.52344202995  2282705
4.6453359127  2282427
4.68717288971  2277217
4.698802948  2261635
4.76322793961  2220349
4.93452692032  2219196
5.0581638813  2218718
5.18448781967  2208652
5.29303193092  2205516
5.41919898987  2204176
5.5345389843  2203312
5.65666699409  2201165
5.76448392868  2198584
5.8799059391  2197288
5.99445581436  2194867
6.10913491249  2194798
6.22411894798  2192408
6.33692502975  2188201
6.45178484917  2185288
6.56673789024  2179056
6.67415094376  2177546
6.7850189209  2177523
6.90316796303  2175135
7.02230882645  2174780
7.14625692368  2172384
7.26447987556  2171187
7.39641404152  2169640
7.52135300636  2169543
7.64767789841  2166493
7.76275682449  2166471
7.88245201111  2164400
7.99348902702  2163637
8.10457491875  2162949
8.21112990379  2162672
8.32604193687  2161449
8.43976187706  2159739
8.55559587479  2159674
8.68349695206  2156721
8.80573701859  2156277
8.93292784691  2153586
9.05811285973  2151310
9.19063901901  2147302
9.32450485229  2146072
9.4596350193  2145774
9.59740591049  2144154
9.73131799698  2139421
9.88140797615  2137927
10.0215368271  2132357
