0.0103549957275  9418924
0.0105130672455  9382161
0.0106811523438  9279974
0.0107591152191  9279145
0.0110080242157  9276175
0.0111711025238  9270426
0.0114171504974  9264840
0.0123660564423  9115806
0.0128622055054  9090410
0.0138411521912  9071510
0.0139679908752  8999306
0.0142300128937  8976754
0.014356136322  8913802
0.0145270824432  8862981
0.0146081447601  8861873
0.0151422023773  8838372
0.0160892009735  8810648
0.0168101787567  8806867
0.0177681446075  8743580
0.0178430080414  8689917
0.0181310176849  8668607
0.0194451808929  8660734
0.0195209980011  8626936
0.0196800231934  8614172
0.020357131958  8598438
0.0206451416016  8588528
0.021017074585  8586305
0.0210931301117  8575972
0.0215799808502  8542519
0.0218110084534  8534282
0.0219631195068  8531599
0.0223731994629  8487441
0.0231761932373  8374622
0.0262231826782  8338663
0.0264091491699  8290943
0.0266561508179  8276286
0.0269920825958  8222181
0.0294041633606  8199557
0.029491186142  8174799
0.0310740470886  8136078
0.0311501026154  8128371
0.0312690734863  8095258
0.03289103508  8075291
0.032968044281  8040350
0.0348970890045  8006722
0.0350570678711  8002006
0.035462141037  7996861
0.0355839729309  7994079
0.0357460975647  7924587
0.0360360145569  7919242
0.0363681316376  7912707
0.0388460159302  7881394
0.0389549732208  7849141
0.0413451194763  7813097
0.041472196579  7783421
0.0435781478882  7765312
0.0436551570892  7661513
0.0466990470886  7658303
0.0492780208588  7653120
0.0519661903381  7652864
0.0534210205078  7608154
0.053503036499  7577385
0.0536291599274  7576755
0.0537090301514  7575412
0.0538799762726  7562096
0.0539600849152  7542515
0.054267168045  7524219
0.0548679828644  7517006
0.0560281276703  7500676
0.059091091156  7494484
0.0616340637207  7484617
0.0644941329956  7472033
0.0646131038666  7459048
0.0647761821747  7328088
0.0650210380554  7291018
0.0653932094574  7262740
0.066663980484  7256979
0.0667831897736  7202419
0.0670280456543  7192854
0.0679540634155  7186784
0.0680291652679  7106760
0.0686981678009  7099650
0.0688161849976  7048204
0.0688910484314  7047084
0.0693070888519  6961825
0.0735940933228  6960383
0.076297044754  6958507
0.0777740478516  6957664
0.0778591632843  6939564
0.0811541080475  6933541
0.0813210010529  6845686
0.0814530849457  6814249
0.0818619728088  6742196
0.0819861888885  6721759
0.082405090332  6674890
0.0824811458588  6674499
0.0838100910187  6646677
0.0838871002197  6564952
0.0840060710907  6557625
0.0840821266174  6542774
0.0843281745911  6461721
0.0875580310822  6431874
0.0876340866089  6417081
0.0902211666107  6411485
0.0904800891876  6379614
0.0905990600586  6330951
0.0927619934082  6316484
0.0930511951447  6269462
0.097626209259  6261139
0.0977210998535  6260146
0.0980060100555  6123986
0.0981421470642  6095624
0.0999670028687  6052532
0.101631164551  6014113
0.109299182892  5992231
0.109431028366  5923693
0.109594106674  5909212
0.10968208313  5853833
0.109929084778  5852607
0.114617109299  5839741
0.114703178406  5781757
0.118241071701  5758146
0.118530988693  5738631
0.118691205978  5736166
0.118841171265  5705596
0.119235992432  5600642
0.119314193726  5598497
0.120586156845  5596896
0.12168097496  5573136
0.123872995377  5568858
0.128334999084  5554861
0.132462024689  5543760
0.132840156555  5525665
0.132959127426  5448893
0.13328909874  5442393
0.133407115936  5440511
0.133567094803  5424917
0.133642196655  5422050
0.134057044983  5401417
0.13413310051  5384433
0.136521100998  5374673
0.136770009995  5360300
0.137101173401  5357119
0.141524076462  5339493
0.146239042282  5336271
0.146325111389  5334497
0.146445035934  5268569
0.146606206894  5267837
0.14907002449  5214302
0.153690099716  5203322
0.158879995346  5198868
0.159669160843  5188300
0.161291122437  5157432
0.165889024734  5116582
0.1659719944  5079246
0.168475151062  5068635
0.174162149429  5063728
0.179678201675  5019657
0.185099124908  5018976
0.193575143814  5013157
0.199526071548  5011165
0.205178022385  5010522
0.211304187775  4989657
0.217099189758  4963991
0.227348089218  4950162
0.24113202095  4942221
0.246353149414  4901077
0.252002000809  4865056
0.258083105087  4833533
0.263703107834  4832908
0.270222187042  4831271
0.279949188232  4830907
0.286347150803  4830154
0.292318105698  4759632
0.297332048416  4744107
0.30303311348  4738107
0.313925981522  4721245
0.321451187134  4717302
0.328693151474  4717031
0.334225177765  4701720
0.339818000793  4693077
0.345468044281  4688825
0.351651191711  4668616
0.364469051361  4654777
0.371375083923  4643367
0.377272129059  4639798
0.382289171219  4629887
0.387546062469  4576565
0.398977041245  4548236
0.409706115723  4527260
0.414933204651  4521638
0.420128107071  4519346
0.429450035095  4476138
0.435281991959  4474182
0.458461999893  4456965
0.463514089584  4450940
0.490153074265  4450485
0.514095067978  4450185
0.534951210022  4445070
0.556663036346  4436239
0.585144042969  4413825
0.593442201614  4409532
0.621961116791  4405964
0.65434217453  4402095
0.6864361763  4385831
0.718873977661  4374307
0.755254983902  4373821
0.78377199173  4364401
0.790193080902  4356715
0.813417196274  4348267
0.818687200546  4347362
0.827695131302  4346196
0.839460134506  4343422
0.851041078568  4336840
0.86717414856  4333301
0.88555598259  4313315
0.901504039764  4302909
0.920673131943  4258016
0.936178207397  4244705
0.95353102684  4204587
0.974382162094  4188937
1.00227212906  4184309
1.0307970047  4126012
1.0561439991  4125262
1.08573102951  4061578
1.11437511444  4040048
1.14265203476  3996779
1.18100309372  3979553
1.21274614334  3956962
1.24559211731  3956300
1.27156209946  3935714
1.30199813843  3927670
1.33266806602  3909646
1.36447620392  3868081
1.39625406265  3831397
1.42808103561  3820108
1.45975518227  3810480
1.49904203415  3806293
1.54407715797  3805487
1.61310601234  3763103
1.68605899811  3625675
1.74941420555  3584423
1.8243200779  3583959
1.89258718491  3534769
1.98667407036  3524892
2.05869698524  3478832
2.12955904007  3465028
2.20016407967  3448407
2.26634120941  3426267
2.33725118637  3426020
2.40420818329  3401223
2.47004914284  3393458
2.54051709175  3360121
2.61513805389  3359658
2.68434119225  3358629
2.74861097336  3358333
2.81752204895  3241884
2.88437914848  3239389
2.9478161335  3229028
3.04395699501  3219968
3.13772511482  3212376
3.25182700157  3211390
3.34986805916  3194168
3.45285201073  3192108
3.52153420448  3178211
3.58749318123  3161199
3.66330504417  3160441
3.73678612709  3157865
3.80763912201  3136882
3.92565512657  3124202
4.04593920708  3113480
4.16053509712  3103356
4.27427816391  3086266
4.29024720192  3078006
4.29641604424  3072116
4.31985497475  3056483
4.33592009544  3035268
4.34707903862  3026735
4.36298108101  3011118
4.38233399391  3007182
4.45908713341  3005640
4.48458003998  2999726
4.5023419857  2996624
4.53461003304  2992953
4.55209302902  2990074
4.57957911491  2989998
4.60003209114  2989947
4.61956310272  2978229
4.66284418106  2960478
4.69673705101  2937199
4.73661708832  2917337
4.7791030407  2916880
4.81765413284  2896934
4.8433380127  2892147
4.85581302643  2879306
4.86974000931  2873348
4.89346718788  2865598
4.90678310394  2864022
4.93055510521  2768633
4.94616818428  2766521
5.01220107079  2748799
5.07288098335  2745765
5.14071917534  2740977
5.20274710655  2720954
5.27251720428  2719290
5.33880710602  2719285
5.40342211723  2719077
5.46232819557  2718254
5.53250408173  2716362
5.54360198975  2715602
5.55383205414  2715297
5.57133507729  2712622
5.58039116859  2708296
5.6395201683  2689720
5.70252919197  2679954
5.77924609184  2646851
5.86929798126  2640199
5.93712615967  2635639
6.00434112549  2635141
6.08707904816  2627773
6.15360999107  2622406
6.22278499603  2618599
6.30615615845  2596224
6.39713907242  2545179
6.49269318581  2454557
6.58467411995  2439976
6.70056915283  2415827
6.79100799561  2405748
6.89216399193  2371620
7.00841617584  2361227
7.09918498993  2339929
7.18374109268  2264337
7.24991798401  2258590
7.32673811913  2258439
7.41815114021  2253556
7.51998209953  2252622
7.61645007133  2245492
7.70263814926  2225908
7.78009700775  2222888
7.8524851799  2214052
7.92551016808  2210187
8.01471805573  2187863
8.09891700745  2153312
8.15500402451  2148173
8.22459220886  2148022
8.3199300766  2145307
8.40995407104  2134737
8.5013730526  2133446
8.58786702156  2132723
8.68389415741  2131165
8.78075218201  2129818
8.88300299644  2129549
8.98343920708  2128409
9.09437298775  2127955
9.20891904831  2127779
9.34640812874  2113738
9.48469209671  2110169
9.59046697617  2107008
9.71489810944  2105086
9.84517502785  2104940
9.94277620316  2103910
10.0619871616  2101788
10.2013781071  2100113
10.3584840298  2098822
10.5859920979  2098564
11.088643074  2096845
11.3072021008  2096474
11.4955990314  2096095
11.7067210674  2094514
12.0325381756  2094208
12.6090171337  2093849
12.8083500862  2093205
12.9784460068  2092692
13.1578969955  2091821
13.3361911774  2091573
13.5321321487  2091480
13.7514090538  2090585
13.9654819965  2090198
14.1381211281  2089664
14.3308331966  2089231
14.4648962021  2089010
14.5877840519  2088636
14.7296891212  2083618
14.8647081852  2082075
15.0150330067  2081528
15.170689106  2078921
15.3276150227  2077724
15.4871141911  2075488
15.6553230286  2072403
15.9212870598  2065218
16.1670851707  2059192
16.3561611176  2055422
16.5622332096  2048662
16.7639360428  2047980
16.9843580723  2042258
17.2073969841  2026028
17.4050500393  2024631
17.6318900585  2014153
17.8512980938  2004027
18.0624411106  1986078
18.2763149738  1893814
18.4871890545  1885129
18.710819006  1878263
18.9362490177  1861736
19.168708086  1860707
19.4151210785  1833951
19.6516242027  1833315
19.9037950039  1828988
20.146490097  1827106
20.3953170776  1790172
20.6582810879  1724381
20.9937050343  1719060
20.9993901253  1712283
21.0003840923  1691387
21.1511480808  1690867
21.272436142  1690650
21.3860352039  1688299
21.5027310848  1685906
21.6253252029  1678330
21.7338280678  1676587
21.8457500935  1658689
21.8467340469  1652674
21.8509521484  1648902
21.869492054  1648739
21.8695781231  1641027
21.8803961277  1627018
21.8957841396  1600270
21.9075491428  1579189
21.9180290699  1535163
21.9420950413  1503155
21.9594900608  1380532
21.9964439869  1356045
22.052273035  1353619
22.1951200962  1352137
22.3491721153  1348964
22.5076270103  1346340
22.6584501266  1333015
22.8348321915  1328177
23.0158531666  1304719
23.1957900524  1304088
23.3695180416  1303870
23.5534729958  1303682
23.7363040447  1303208
23.9211890697  1293890
24.1196231842  1293093
24.343460083  1291722
