0.00931406021118  10381043
0.00964689254761  10299944
0.00989389419556  10299513
0.010018825531  10243061
0.010143995285  10114242
0.0102119445801  10074309
0.0102758407593  10032208
0.0103399753571  9947333
0.0105249881744  9852008
0.0107698440552  9737070
0.0108330249786  9667280
0.0110168457031  9659977
0.0110809803009  9549398
0.0111439228058  9466108
0.0113289356232  9349461
0.0113928318024  9291965
0.0114560127258  9291338
0.011579990387  9277917
0.0116438865662  9267464
0.0118880271912  9253144
0.011950969696  9069910
0.0120148658752  8945908
0.0121378898621  8859588
0.0122618675232  8782696
0.012326002121  8454933
0.0123889446259  8407390
0.0124518871307  8307382
0.0128769874573  8205353
0.013121843338  8198467
0.0133059024811  8175656
0.0134899616241  8167272
0.0135538578033  8073184
0.0136170387268  8010754
0.0141639709473  7994836
0.0143489837646  7979775
0.0144119262695  7892203
0.0145359039307  7801138
0.0150249004364  7611723
0.0156960487366  7535323
0.0162358283997  7510779
0.0166108608246  7473559
0.0167369842529  7423942
0.0169229507446  7404848
0.0169868469238  7216706
0.0178978443146  7173532
0.018082857132  7125236
0.0183899402618  7113548
0.0186359882355  7106436
0.0190620422363  7062518
0.0194890499115  7043922
0.0196139812469  7024092
0.0197989940643  6931113
0.0199840068817  6909420
0.0201089382172  6867242
0.0202989578247  6864128
0.0210509300232  6863784
0.0217790603638  6839909
0.0223798751831  6798176
0.0225050449371  6791100
0.0229878425598  6610606
0.0238969326019  6526263
0.0241119861603  6510504
0.0242559909821  6463143
0.0244698524475  6455527
0.0255239009857  6384911
0.0263679027557  6313040
0.0266509056091  6296674
0.0270059108734  6296086
0.0273220539093  6202305
0.0291638374329  6189283
0.0298929214478  6168282
0.0304980278015  6159460
0.0323488712311  6159229
0.0335910320282  6142782
0.0361678600311  5997845
0.0371718406677  5886273
0.03755402565  5884454
0.0378270149231  5876702
0.0387768745422  5873331
0.0395908355713  5825209
0.041396856308  5708521
0.0415279865265  5706474
0.0421419143677  5704089
0.042268037796  5648021
0.0425660610199  5545420
0.0434169769287  5531717
0.0435469150543  5530834
0.0437998771667  5530083
0.0441219806671  5515666
0.0444338321686  5478225
0.0454528331757  5452401
0.0457029342651  5444651
0.0464408397675  5416048
0.0465669631958  5411606
0.0466918945312  5388834
0.0467569828033  5294007
0.0468819141388  5290050
0.0471799373627  5239678
0.0476288795471  5220120
0.0490939617157  5209227
0.0500688552856  5180744
0.0519549846649  5100631
0.0524458885193  5046135
0.0525100231171  5046094
0.0526978969574  5041513
0.0536110401154  5038116
0.0549478530884  5037836
0.055135011673  5037253
0.0570199489594  5030029
0.0571520328522  5010296
0.0574769973755  5007937
0.0575449466705  5003323
0.0581259727478  4997091
0.0599918365479  4989584
0.0613420009613  4926055
0.0619850158691  4853840
0.0625648498535  4840324
0.0654249191284  4815867
0.0657968521118  4783891
0.0660598278046  4772453
0.0681970119476  4765517
0.0695929527283  4752799
0.0700809955597  4703657
0.0703868865967  4640503
0.0705108642578  4626595
0.0708169937134  4618424
0.0719668865204  4563005
0.0722720623016  4559524
0.0727579593658  4534108
0.0735449790955  4533271
0.0745470523834  4515103
0.0752248764038  4453106
0.0754728317261  4448897
0.0756590366364  4435122
0.0757839679718  4390625
0.0767560005188  4380629
0.077064037323  4379219
0.0785820484161  4367484
0.0793108940125  4365622
0.0796179771423  4247876
0.0800449848175  4244105
0.0808939933777  4166120
0.0822269916534  4154994
0.0848300457001  4154808
0.085501909256  4084789
0.0892460346222  4084689
0.0893099308014  4078630
0.0895550251007  3986641
0.0907068252563  3981997
0.0915520191193  3973102
0.0920989513397  3969862
0.0922229290009  3960238
0.0930118560791  3944508
0.0960249900818  3942028
0.0972938537598  3918536
0.0983228683472  3917314
0.0997729301453  3912585
0.100438833237  3857396
0.10134601593  3796228
0.102072000504  3775363
0.103219985962  3773454
0.103524923325  3766272
0.105151891708  3763733
0.109313011169  3763593
0.109737873077  3744010
0.110015869141  3742572
0.112185955048  3738094
0.116462945938  3707104
0.118530988693  3689540
0.119684934616  3684202
0.121135950089  3663387
0.122357845306  3636421
0.122665882111  3630599
0.123095989227  3623940
0.124984025955  3570504
0.126572847366  3550677
0.131196975708  3550118
0.13411283493  3545059
0.134177923203  3535644
0.134666919708  3518848
0.136860847473  3515946
0.141182899475  3501096
0.143980979919  3498807
0.144469976425  3498394
0.147207975388  3487908
0.148125886917  3486920
0.148615837097  3486784
0.149469852448  3472825
0.149777889252  3467199
0.151181936264  3456998
0.15416097641  3425686
0.158841848373  3415999
0.16428899765  3394463
0.165863990784  3385135
0.16983294487  3379540
0.170461893082  3379121
0.174161911011  3376754
0.175998926163  3375819
0.176307916641  3374736
0.18110704422  3373606
0.187104940414  3366689
0.187965869904  3355710
0.196845054626  3307011
0.19770693779  3289494
0.205838918686  3279106
0.211566925049  3265576
0.211798906326  3234658
0.223819971085  3231489
0.224436998367  3231389
0.231777906418  3225416
0.234027862549  3221568
0.234457015991  3219748
0.238420009613  3218971
0.240015029907  3217003
0.240813016891  3215940
0.241303920746  3202690
0.248131036758  3179612
0.250705003738  3119809
0.253836870193  3119219
0.255357980728  3111147
0.25772190094  3110585
0.257846832275  3101535
0.258395910263  3081539
0.260308980942  3029866
0.26231098175  3029319
0.265909910202  3027852
0.266824007034  3023049
0.270375967026  2987687
0.271793842316  2985920
0.274308919907  2949198
0.275226831436  2948541
0.277531862259  2945577
0.281124830246  2932201
0.283270835876  2876349
0.286480903625  2859348
0.290534973145  2848658
0.298184871674  2847933
0.300796031952  2844787
0.301944971085  2843003
0.302738904953  2838892
0.302985906601  2837786
0.306301832199  2827894
0.307400941849  2824846
0.313807964325  2824507
0.326174020767  2803199
0.330977916718  2796309
0.338453054428  2791359
0.338948965073  2786507
0.342668056488  2781892
0.352793931961  2781559
0.358994007111  2779067
0.363987922668  2772232
0.373896837234  2748882
0.377796888351  2730200
0.381161928177  2699312
0.395140886307  2697740
0.400960922241  2696363
0.405319929123  2689194
0.408301830292  2687107
0.434252977371  2681776
0.451752901077  2680096
0.457170009613  2677242
0.468118906021  2677034
0.487838983536  2668243
0.490995883942  2667164
0.492635965347  2652640
0.495067834854  2651696
0.495316982269  2650649
0.505005836487  2626812
0.515420913696  2594817
0.521630048752  2591554
0.529227018356  2561241
0.539489030838  2549936
0.544461965561  2549837
0.549700021744  2531867
0.552777051926  2527421
0.562237024307  2517571
0.565091848373  2472638
0.568943023682  2470883
0.601521968842  2467709
0.613062858582  2467624
0.613915920258  2432822
0.61821103096  2428346
0.618999004364  2424601
0.621953010559  2422263
0.647877931595  2420654
0.648730993271  2416350
0.670263051987  2416226
0.67498087883  2415000
0.686342954636  2400317
0.709375858307  2397926
0.713567972183  2397554
0.724436044693  2397528
0.74534201622  2394455
0.756057024002  2390893
0.769463062286  2386511
0.789209842682  2377956
0.801843881607  2372282
0.822872877121  2367690
0.868674039841  2367686
0.88766503334  2367529
0.92232298851  2366380
0.926583051682  2365666
0.952427864075  2365406
0.976412057877  2360500
1.04274702072  2356987
1.04523396492  2351413
1.05304098129  2351307
1.08262491226  2334991
1.112803936  2334916
1.12481498718  2334875
1.12681984901  2332732
1.1400449276  2332578
1.16362690926  2324963
1.17314887047  2324809
1.18032097816  2324582
1.246986866  2295893
1.2541809082  2281056
1.30609488487  2281006
1.3087220192  2280401
1.34206700325  2279840
1.34398293495  2278252
1.37844586372  2275988
1.39520001411  2274323
1.39617586136  2264883
1.45184803009  2252714
1.54832696915  2251926
1.64970803261  2250671
1.6763548851  2244073
1.71621084213  2242664
1.72923898697  2240555
1.75747084618  2238632
1.83508491516  2226993
1.89757585526  2226467
1.94954490662  2225951
1.95958185196  2217968
1.97703194618  2214700
2.06848096848  2214202
