0.010586977005  9525564
0.0110239982605  9395723
0.0111739635468  9371909
0.0118138790131  9329228
0.0120429992676  9309093
0.0127618312836  9300239
0.0137279033661  9279334
0.0138728618622  9266327
0.0140309333801  9254139
0.0143618583679  9167870
0.0144488811493  9109143
0.014631986618  9088445
0.0149109363556  9036066
0.0149970054626  8984611
0.0156700611115  8910395
0.0157568454742  8780798
0.0173690319061  8773915
0.0174560546875  8767641
0.017590045929  8766770
0.0176768302917  8764902
0.0178599357605  8508558
0.0183849334717  8439472
0.0185198783875  8360436
0.0189969539642  8337180
0.0191810131073  8337145
0.0192668437958  8336311
0.0194988250732  8332714
0.0195848941803  8330872
0.0198738574982  8311319
0.0202038288116  8306862
0.0206859111786  8292950
0.0212218761444  8128979
0.0225858688354  8102632
0.0232629776001  8084789
0.0234339237213  8081605
0.0236949920654  8074507
0.0237760543823  8048749
0.0247168540955  8013313
0.0247988700867  7994639
0.0263659954071  7989987
0.0274798870087  7956895
0.027755022049  7956040
0.0280969142914  7907612
0.0285179615021  7851479
0.0300078392029  7813096
0.0329170227051  7802952
0.0367329120636  7798687
0.04114985466  7798547
0.0413680076599  7491123
0.0416598320007  7407767
0.0417790412903  7407256
0.0418548583984  7369616
0.0422768592834  7262301
0.0424308776855  7257510
0.0431740283966  7129962
0.0432560443878  7019344
0.04354596138  7004139
0.0442249774933  6869140
0.0443019866943  6868323
0.0450179576874  6867053
0.0450940132141  6844669
0.045863866806  6842627
0.0466258525848  6768563
0.0510149002075  6762764
0.0510990619659  6761879
0.0687298774719  6673523
0.0688810348511  6673225
0.0809450149536  6672770
0.087061882019  6672205
0.0928189754486  6629259
0.102000951767  6628779
0.107544898987  6542955
0.113216876984  6464283
0.118324995041  6437892
0.124762058258  6428686
0.130579948425  6364270
0.13768196106  6349943
0.143749952316  6313293
0.149788856506  6193691
0.162018060684  6179121
0.172878980637  6176984
0.182059049606  6175825
0.187765836716  6160965
0.194457054138  6132353
0.202759981155  6130527
0.207835912704  6103820
0.213354825974  6027716
0.22097492218  6002315
0.226049900055  5952323
0.231266021729  5952254
0.236783027649  5951200
0.241909980774  5946671
0.24845790863  5940714
0.253955841064  5939356
0.259651899338  5906771
0.26491189003  5902178
0.270009994507  5892717
0.275452852249  5892269
0.284414052963  5846780
0.292495965958  5841854
0.301359891891  5841247
0.310001850128  5839395
0.319068908691  5837750
0.328575849533  5831888
0.338626861572  5831708
0.348440885544  5831388
0.363636016846  5830626
0.379987001419  5823604
0.398288011551  5775192
0.42335486412  5748916
0.450597047806  5748836
0.472375869751  5744503
0.493613004684  5742592
0.508687973022  5742380
0.523718833923  5708431
0.541053056717  5673000
0.558037042618  5661059
0.572633981705  5650891
0.588594913483  5562988
0.588840961456  5562823
0.595331907272  5562026
0.60649895668  5560103
0.61628985405  5552197
0.626142978668  5544081
0.636288881302  5535785
0.646198987961  5502340
0.659689903259  5415038
0.679956912994  5406411
0.692890882492  5385375
0.703542947769  5364223
0.719797849655  5353813
0.73027586937  5351865
0.740522861481  5319364
0.752230882645  5190670
0.762313842773  5148000
0.772853851318  5144269
0.782994031906  5140685
0.793462991714  4968946
0.807857990265  4942474
0.817944049835  4907838
0.831738948822  4872171
0.841852903366  4842405
0.851827859879  4727411
0.861918926239  4714281
0.872231006622  4686380
0.885614871979  4679662
0.897973060608  4647763
0.914639949799  4585719
0.93085193634  4522513
0.941020965576  4502822
0.951112031937  4483853
0.961906909943  4368531
0.972558021545  4356198
0.983466863632  4300776
0.993923902512  4225851
1.00397086143  4213187
1.01656484604  4202905
1.026720047  4195590
1.03656792641  4160392
1.05110788345  4100367
1.06546282768  4100179
1.07587099075  4083077
1.08601093292  4077810
1.09684205055  4055623
1.11075592041  4054082
1.12107396126  4035143
1.13112592697  4025374
1.14584589005  4013647
1.15998005867  3922077
1.18246603012  3896143
1.20800495148  3831124
1.22811388969  3793921
1.24872303009  3718688
1.2690410614  3698716
1.28966498375  3682862
1.3113079071  3658369
1.33998990059  3631777
1.37340283394  3630421
1.41815495491  3619435
1.45071196556  3611977
1.4712998867  3558469
1.49223685265  3555210
1.51647090912  3521317
1.53257894516  3515545
1.54966402054  3473537
1.57630491257  3465099
1.60131382942  3428777
1.62829184532  3423555
1.66967582703  3420276
1.69755482674  3418310
1.7267138958  3406750
1.74401783943  3403978
1.77711892128  3372905
1.81111192703  3365066
1.84802699089  3354455
1.89015388489  3343185
1.9443089962  3340707
1.98031997681  3327774
2.01366400719  3315577
2.05611300468  3304583
2.09547495842  3301409
2.14066505432  3298625
2.20024800301  3246129
2.2624309063  3244807
2.31177186966  3235134
2.35230183601  3231757
2.39042901993  3186354
2.44419002533  3132661
2.48313784599  3128983
2.51957297325  3099115
2.55766701698  3098519
2.59413290024  3091671
2.63270282745  3084916
2.69194984436  3083448
2.74489283562  3079729
2.7909488678  3074602
2.84098005295  3063776
2.88708591461  3050219
2.94909000397  3048452
2.99325990677  3045260
3.04433989525  3042995
3.11341094971  3002725
3.27117800713  2997952
3.38246798515  2989464
3.5005710125  2915848
3.5970890522  2896314
3.69913482666  2888081
3.75458693504  2886184
3.80804204941  2883205
3.86175584793  2872066
3.943764925  2851700
3.99943399429  2850010
4.05540084839  2844821
4.09532189369  2842881
4.13024282455  2840828
4.18101406097  2837588
4.25328588486  2834711
4.28922891617  2830415
4.33749198914  2816051
4.38946294785  2812460
4.42251706123  2804161
4.44667387009  2802195
4.48116803169  2799477
4.53547000885  2789496
4.57311797142  2787487
4.61644983292  2783625
4.72307991982  2781397
4.7740240097  2778723
4.83875703812  2768865
4.90545701981  2767245
4.98758387566  2765280
5.05522584915  2761969
5.12256383896  2742645
5.20821785927  2730493
5.27689099312  2723502
5.33960199356  2722882
5.40256094933  2715294
5.48520088196  2689426
5.55186200142  2686838
5.6159029007  2681438
5.68579888344  2663188
5.76260590553  2662496
5.83328199387  2649710
5.88118386269  2645232
5.97158885002  2639771
6.04225087166  2631580
6.09558200836  2630606
6.14521694183  2628013
6.21166205406  2627565
6.26155996323  2617408
6.33745598793  2616340
6.41135787964  2601359
6.50061488152  2584013
6.58011388779  2567663
6.65965795517  2566690
6.755453825  2542616
6.8323829174  2500705
6.91343283653  2494345
7.00589489937  2494344
7.0852060318  2449585
7.11045002937  2442971
7.12478399277  2442467
7.14946603775  2414068
7.24121689796  2412936
7.31843590736  2375871
7.34322404861  2375790
7.35798001289  2373824
7.39514899254  2367241
7.45361304283  2359857
7.51309585571  2357022
7.54637384415  2355013
7.58637499809  2351151
7.66350698471  2350339
7.75758099556  2341071
7.84340190887  2328472
7.92220497131  2324607
8.05486297607  2262649
8.15549302101  2262356
8.28111600876  2262130
8.37873005867  2254497
8.52635383606  2228894
8.64279603958  2216312
8.79208397865  2124935
8.91806483269  2122054
9.05103802681  2103764
9.17171597481  2091703
9.30647301674  2043469
9.44280791283  1997225
9.58957290649  1997106
9.7297680378  1986699
9.86442184448  1979450
10.0212469101  1917374
10.1557388306  1882933
10.3147308826  1854157
10.4821939468  1851011
10.631636858  1830743
10.7984068394  1828451
10.9776420593  1823003
11.1376519203  1815281
11.3041548729  1765681
11.4903948307  1755547
11.6542599201  1754096
11.837280035  1747456
12.0414278507  1741918
12.2340679169  1736685
12.4035210609  1732967
12.594162941  1728389
12.775195837  1727746
12.9447789192  1718282
13.1330418587  1715069
13.3306269646  1712421
13.5112478733  1712337
13.6815919876  1704120
13.8724148273  1698913
14.0622329712  1698188
14.2597370148  1693390
14.4385828972  1692588
14.6222019196  1689975
14.8203730583  1685293
15.0015468597  1684328
15.1872758865  1682324
15.3977930546  1681713
15.6056039333  1676539
15.8227100372  1672884
16.116549015  1670712
16.3274450302  1670622
16.5362069607  1670582
16.7373650074  1670455
16.9546380043  1669967
17.163476944  1669459
17.3735878468  1666599
17.6044428349  1666455
17.8371219635  1665558
18.0600059032  1662951
18.3776469231  1661165
18.6500480175  1658462
18.9027788639  1658169
19.1243610382  1656003
19.3177759647  1655025
19.5186319351  1654852
19.7325098515  1650743
19.9786829948  1650571
20.1944658756  1646088
20.3786220551  1643149
20.6046340466  1642083
20.8233580589  1641202
21.0511300564  1640459
21.2755060196  1638951
21.4837930202  1635010
21.7175438404  1634374
21.9741439819  1634160
22.2614879608  1629920
22.5261399746  1629351
22.8133459091  1628326
23.0539720058  1627920
23.3045709133  1627713
23.5690360069  1627288
23.8315770626  1626790
24.0881700516  1626578
24.3641619682  1607474
24.6963009834  1597462
24.9858620167  1550849
25.3199908733  1541560
25.6057989597  1538840
25.8783938885  1538102
26.158908844  1533854
26.4572138786  1526023
26.7521188259  1519595
27.0472609997  1507836
27.5913848877  1495443
27.9701590538  1462515
28.4153659344  1454161
28.9873759747  1433946
30.3309938908  1389226
30.7379179001  1388316
31.0536048412  1360374
31.3662698269  1348424
31.6934359074  1344301
32.4083280563  1344084
33.0713260174  1343908
33.4204978943  1342245
33.8694798946  1334211
34.2605829239  1325407
34.6130540371  1319536
34.9690349102  1319042
35.3032019138  1317938
35.6422069073  1317414
36.0834319592  1299019
36.4638228416  1296186
36.8794798851  1286222
37.2858018875  1286076
37.6895070076  1277179
38.0179538727  1245199
38.347288847  1244948
38.6785199642  1238973
39.0376839638  1238156
39.6027908325  1230181
40.1055598259  1229993
40.1138370037  1229519
