0.00983309745789  9350767
0.00992798805237  9325729
0.0101201534271  9306124
0.0103671550751  9249360
0.0104930400848  9136844
0.0107381343842  9044043
0.0108020305634  9040465
0.0108661651611  8896334
0.0109300613403  8895567
0.0114190578461  8874816
0.0115430355072  8870476
0.0117890834808  8869745
0.0118880271912  8834541
0.0119831562042  8825630
0.0120561122894  8618107
0.0121929645538  8581394
0.013158082962  8534036
0.0132260322571  8518546
0.0132939815521  8431703
0.0134260654449  8195845
0.0135591030121  8195558
0.0136270523071  8074754
0.0138230323792  8055090
0.0139541625977  8030964
0.0140221118927  8025358
0.0141539573669  7988056
0.0149919986725  7961842
0.0151569843292  7960999
0.0153560638428  7954754
0.0159380435944  7817376
0.0161349773407  7741428
0.0163309574127  7677591
0.0164630413055  7657270
0.0166590213776  7654443
0.0167269706726  7550943
0.0167951583862  7520633
0.016862154007  7483951
0.0171220302582  7470679
0.0174460411072  7454500
0.0179619789124  7393019
0.0181579589844  7390118
0.018354177475  7388348
0.018550157547  7335397
0.018618106842  7206698
0.0190050601959  7158039
0.019073009491  7012235
0.0191490650177  7003260
0.0192120075226  6963430
0.0192749500275  6900808
0.0194590091705  6839229
0.02006316185  6809147
0.0204870700836  6787217
0.0214221477509  6720277
0.021800994873  6719127
0.0219271183014  6696166
0.0221149921417  6682554
0.0226671695709  6681883
0.0231549739838  6632121
0.0232200622559  6595669
0.0239510536194  6591584
0.0252680778503  6556414
0.0255501270294  6470830
0.0258030891418  6436267
0.0259289741516  6429298
0.0259931087494  6428696
0.0261790752411  6315421
0.0264871120453  6255355
0.0266749858856  6254607
0.026859998703  6252843
0.0271060466766  6237403
0.0271701812744  6154030
0.0275549888611  6141528
0.0277011394501  6095969
0.0297069549561  6088884
0.0305709838867  6075443
0.0309460163116  6072740
0.0311000347137  6067553
0.0313680171967  5953650
0.0315051078796  5953318
0.0316410064697  5901358
0.0318720340729  5886743
0.0321011543274  5876724
0.0340881347656  5876406
0.0342230796814  5828131
0.0353209972382  5750994
0.0359151363373  5668728
0.0366990566254  5659960
0.0369591712952  5658149
0.0371601581573  5632446
0.0373511314392  5628134
0.0374779701233  5616781
0.0376670360565  5520720
0.0381190776825  5517883
0.0389671325684  5517827
0.0390319824219  5444213
0.0392801761627  5440195
0.0401210784912  5429733
0.0430750846863  5400483
0.0436911582947  5380830
0.0438170433044  5363684
0.0447881221771  5361156
0.0457031726837  5324605
0.0463130474091  5296079
0.0471601486206  5282793
0.0479571819305  5267539
0.0482020378113  5197418
0.0483269691467  5177493
0.0484511852264  5151453
0.0491199493408  5141769
0.0513010025024  5125361
0.0513651371002  5111407
0.0520329475403  5072938
0.0524580478668  5045136
0.0528240203857  5026389
0.0536170005798  5021813
0.0548331737518  5017552
0.0550820827484  5002050
0.0564081668854  4996989
0.0585701465607  4995331
0.0596549510956  4993862
0.0597791671753  4993458
0.0606219768524  4920672
0.0622441768646  4886254
0.0643081665039  4803215
0.0647361278534  4794900
0.0653400421143  4794495
0.0661251544952  4792453
0.0661890506744  4782680
0.0662519931793  4777929
0.0702781677246  4730582
0.0707621574402  4730484
0.0750761032104  4728548
0.0760531425476  4722017
0.0814280509949  4699426
0.0815541744232  4658764
0.0823981761932  4595725
0.0833060741425  4594690
0.0842170715332  4591464
0.0844621658325  4586568
0.0849449634552  4578244
0.0851299762726  4540515
0.0863981246948  4540035
0.0869419574738  4539653
0.089821100235  4517868
0.0898840427399  4516008
0.0900690555573  4488603
0.0926461219788  4479883
0.0931301116943  4425266
0.09397315979  4416400
0.0948770046234  4407601
0.0954790115356  4404788
0.101791143417  4402481
0.104864120483  4401796
0.106472969055  4399892
0.106778144836  4393435
0.106842041016  4382099
0.108706951141  4370517
0.109009027481  4369740
0.112904071808  4345756
0.115077972412  4338987
0.115565061569  4321092
0.116530179977  4304092
0.11683511734  4299010
0.117259979248  4290505
0.118644952774  4276611
0.119105100632  4172098
0.119590997696  4153636
0.1215031147  4150338
0.122363090515  4145854
0.1275370121  4140880
0.128028154373  4135922
0.128877162933  4132512
0.129306077957  4101012
0.132953166962  4100303
0.133260965347  4096614
0.13543510437  4092629
0.139875173569  4014069
0.140123128891  4010036
0.141461133957  3992658
0.143042087555  3985829
0.14607000351  3882268
0.14812707901  3866468
0.149641036987  3858970
0.151944160461  3858966
0.152008056641  3801905
0.153160095215  3788216
0.15358710289  3784245
0.153831005096  3772103
0.154318094254  3770689
0.15758895874  3750867
0.159829139709  3749899
0.164021015167  3738293
0.16535615921  3685316
0.175045013428  3658412
0.183043956757  3658348
0.184164047241  3653799
0.184376955032  3653716
0.18909907341  3653608
0.194103956223  3647683
0.194679021835  3642993
0.201199054718  3593572
0.201825141907  3583299
0.202864170074  3581516
0.204179048538  3575795
0.206393957138  3543288
0.208336114883  3536447
0.209297180176  3535809
0.210024118423  3531108
0.216411113739  3529354
0.221498012543  3528824
0.227203130722  3525113
0.227878093719  3521464
0.231418132782  3521253
0.23166513443  3519842
0.233549118042  3505618
0.23730802536  3503063
0.240884065628  3470831
0.243842124939  3463820
0.249048948288  3461744
0.257981061935  3453501
0.266112089157  3401780
0.266541957855  3400920
0.275128126144  3400453
0.275684118271  3398865
0.276293992996  3373881
0.277327060699  3370935
0.277451992035  3364596
0.279566049576  3364471
0.284348964691  3355207
0.29286813736  3347921
0.296010971069  3346739
0.299021959305  3341590
0.302873134613  3341575
0.304327011108  3312126
0.31193113327  3304102
0.31242609024  3304084
0.313749074936  3303444
0.31742811203  3301745
0.317561149597  3300808
0.323908090591  3299470
0.325281143188  3296611
0.334860086441  3280255
0.336984157562  3280019
0.358992099762  3278154
0.37101316452  3274982
0.372166156769  3270052
0.373618125916  3266246
0.376378059387  3266074
0.386605024338  3245235
0.399465084076  3234440
0.407768964767  3233647
0.414105176926  3195285
0.418143033981  3181595
0.423527002335  3181391
0.432857990265  3142312
0.438310146332  3100523
0.439524173737  3099225
0.462702035904  3097205
0.463500976562  3092661
0.469699144363  3092341
0.472684144974  3071198
0.476120948792  3048869
0.476789951324  3035416
0.481016159058  3034247
0.485738039017  3033700
0.490221977234  3024814
0.496812105179  3024061
0.511173009872  3017694
0.511240959167  3016912
0.511608123779  3014405
0.513782024384  3007944
0.514628171921  3007091
0.519859075546  2999867
0.529060125351  2983462
0.544883966446  2978571
0.555819034576  2976171
0.558308124542  2975855
0.559221982956  2968175
0.559406995773  2967942
0.562129974365  2967097
0.563405990601  2961525
0.564013004303  2961223
0.564381122589  2908193
0.565714120865  2907488
0.575164079666  2902574
0.583389043808  2902072
0.584803104401  2901790
0.59671998024  2900367
0.599038124084  2899595
0.601032972336  2893846
0.614609956741  2893698
0.619219064713  2886276
0.630337953568  2886054
0.633440971375  2885845
0.651453018188  2875639
0.661231994629  2874719
0.664270162582  2861411
0.666206121445  2857998
0.68106508255  2856691
0.684769153595  2853258
0.686326026917  2850914
0.739012956619  2847538
0.752738952637  2846407
0.756428956985  2843940
0.759577989578  2842387
0.765683174133  2840496
0.781214952469  2839081
0.843733072281  2828462
0.850391149521  2789775
0.858760118484  2789637
0.887179136276  2789065
0.900613069534  2788833
0.918668031693  2785751
0.946693181992  2780431
0.961152076721  2780063
0.965088129044  2776988
0.972387075424  2776143
0.993586063385  2776051
1.04907798767  2771496
1.05614614487  2761803
1.06753706932  2741385
1.07313513756  2741238
1.07946205139  2736571
1.08862113953  2733097
1.1022310257  2731481
1.1534280777  2730949
1.17787003517  2730203
1.19011616707  2729251
1.22628498077  2728896
1.22647595406  2726396
1.24779200554  2726338
1.26000595093  2725930
1.28800106049  2721914
1.3225171566  2721674
1.32391810417  2721057
1.33116602898  2721042
1.33612298965  2718806
1.33866906166  2718775
1.34773206711  2717769
1.44913697243  2717751
1.48174715042  2713239
1.51912403107  2713117
1.52184796333  2712853
1.53845500946  2709894
1.54472994804  2708489
1.56127309799  2707886
1.56218194962  2704444
1.56975698471  2669583
1.57706308365  2666319
1.58671617508  2664837
1.58984994888  2661936
1.60645103455  2661862
1.6373360157  2661323
1.6609351635  2656149
1.69006514549  2650512
1.72742414474  2649604
1.74003195763  2646854
1.77194309235  2646823
1.78838515282  2645931
1.86537408829  2645821
1.86881613731  2644594
2.06272006035  2644395
2.15029501915  2643112
2.17424297333  2642625
2.18750905991  2642128
2.19690418243  2641098
2.41179895401  2641026
2.41912102699  2640623
2.80466794968  2637060
3.06043410301  2636389
4.11436605453  2636338
