0.011039018631  9525564
0.0112998485565  9395723
0.0113878250122  9371909
0.0117688179016  9329228
0.0119049549103  9309093
0.0123360157013  9300239
0.012913942337  9279334
0.0130009651184  9266327
0.0131359100342  9254139
0.013466835022  9167870
0.0135538578033  9109143
0.0137379169464  9088445
0.0140199661255  9036066
0.0141069889069  8984611
0.0147759914398  8910395
0.014858007431  8780798
0.016364812851  8773915
0.0164489746094  8767641
0.0165758132935  8766770
0.0166568756104  8764902
0.0168278217316  8508558
0.0173208713531  8439472
0.0174460411072  8360436
0.0178918838501  8337180
0.0180628299713  8337145
0.0181438922882  8336311
0.0183608531952  8332714
0.0184409618378  8330872
0.0187020301819  8311319
0.0189900398254  8306862
0.0193219184875  8292950
0.0198228359222  8128979
0.0211019515991  8102632
0.0218679904938  8084789
0.0222008228302  8081605
0.0224809646606  8074507
0.022558927536  8048749
0.0232348442078  8013313
0.0233108997345  7994639
0.0246469974518  7989987
0.025584936142  7956895
0.0257468223572  7956040
0.0260770320892  7907612
0.0264918804169  7851479
0.027941942215  7813096
0.031327009201  7802952
0.0346939563751  7798687
0.0387589931488  7798547
0.0389699935913  7491123
0.0392618179321  7407767
0.039381980896  7407256
0.039458990097  7369616
0.0397918224335  7262301
0.0398688316345  7257510
0.0405328273773  7129962
0.0406129360199  7019344
0.0409328937531  7004139
0.0416619777679  6869140
0.0417430400848  6868323
0.0425908565521  6867053
0.0426769256592  6844669
0.0434188842773  6842627
0.0441930294037  6768563
0.0491180419922  6762764
0.0492088794708  6761879
0.0662858486176  6673523
0.0664389133453  6673225
0.0765039920807  6672770
0.0812480449677  6672205
0.0862429141998  6629259
0.0967049598694  6628779
0.105268955231  6542955
0.113950014114  6464283
0.122387886047  6437892
0.127831935883  6428686
0.132833003998  6364270
0.138314008713  6349943
0.143788814545  6313293
0.148671865463  6193691
0.155916929245  6179121
0.162593841553  6176984
0.167609930038  6175825
0.172576904297  6160965
0.177570819855  6132353
0.184036016464  6130527
0.190872907639  6103820
0.196620941162  6027716
0.203733921051  6002315
0.208916902542  5952323
0.214305877686  5952254
0.219511985779  5951200
0.224421977997  5946671
0.229683876038  5940714
0.234932899475  5939356
0.240519046783  5906771
0.245396852493  5902178
0.250316858292  5892717
0.256682872772  5892269
0.265475034714  5846780
0.273245811462  5841854
0.281723976135  5841247
0.292964935303  5839395
0.302122831345  5837750
0.311218976974  5831888
0.3207218647  5831708
0.330440998077  5831388
0.348381996155  5830626
0.371956825256  5823604
0.386323928833  5775192
0.403620004654  5748916
0.422515869141  5748836
0.441427946091  5744503
0.463359832764  5742592
0.480406999588  5742380
0.498487949371  5708431
0.514998912811  5673000
0.530344963074  5661059
0.54537987709  5650891
0.561563968658  5562988
0.561693906784  5562823
0.568296909332  5562026
0.578075885773  5560103
0.588143825531  5552197
0.59969997406  5544081
0.615931987762  5535785
0.631031036377  5502340
0.641090869904  5415038
0.651382923126  5406411
0.663036823273  5385375
0.673444032669  5364223
0.687162876129  5353813
0.697065830231  5351865
0.707135915756  5319364
0.717487812042  5190670
0.727542877197  5148000
0.737511873245  5144269
0.748281955719  5140685
0.760653018951  4968946
0.774631023407  4942474
0.784386873245  4907838
0.801054954529  4872171
0.81175494194  4842405
0.821655035019  4727411
0.832195043564  4714281
0.843545913696  4686380
0.86079287529  4679662
0.876219034195  4647763
0.886303901672  4585719
0.896662950516  4522513
0.907045841217  4502822
0.917819976807  4483853
0.928377866745  4368531
0.938797950745  4356198
0.948814868927  4300776
0.959484815598  4225851
0.969538927078  4213187
0.982159852982  4202905
0.99204492569  4195590
1.00306582451  4160392
1.01716589928  4100367
1.03251791  4100179
1.04431700706  4083077
1.05517792702  4077810
1.06691884995  4055623
1.08098983765  4054082
1.09086203575  4035143
1.10330486298  4025374
1.12623286247  4013647
1.13674902916  3922077
1.15031194687  3896143
1.17132997513  3831124
1.19113492966  3793921
1.21106004715  3718688
1.23380088806  3698716
1.2542719841  3682862
1.27550292015  3658369
1.29734301567  3631777
1.32013082504  3630421
1.34214997292  3619435
1.36647200584  3611977
1.3932929039  3558469
1.41332387924  3555210
1.43688583374  3521317
1.45459890366  3515545
1.4706389904  3473537
1.4966199398  3465099
1.52123689651  3428777
1.54618000984  3423555
1.57128596306  3420276
1.58770799637  3418310
1.62141084671  3406750
1.6364159584  3403978
1.66676282883  3372905
1.6978559494  3365066
1.73074603081  3354455
1.76658701897  3343185
1.80422997475  3340707
1.84471583366  3327774
1.8871409893  3315577
1.92361783981  3304583
1.95766186714  3301409
2.0006480217  3298625
2.04746484756  3246129
2.11473083496  3244807
2.15209388733  3235134
2.18682789803  3231757
2.22662997246  3186354
2.26463603973  3132661
2.30328893661  3128983
2.34091997147  3099115
2.3801920414  3098519
2.41782689095  3091671
2.45472192764  3084916
2.49559688568  3083448
2.54606389999  3079729
2.59161496162  3074602
2.64728498459  3063776
2.69020581245  3050219
2.73317790031  3048452
2.77588391304  3045260
2.82842803001  3042995
2.88058900833  3002725
2.93235492706  2997952
2.98691797256  2989464
3.04108691216  2915848
3.09618592262  2896314
3.15414404869  2888081
3.20977282524  2886184
3.26603388786  2883205
3.32173681259  2872066
3.38358783722  2851700
3.43478798866  2850010
3.49046182632  2844821
3.52976894379  2842881
3.56530284882  2840828
3.60649800301  2837588
3.66521596909  2834711
3.70011091232  2830415
3.74862384796  2816051
3.79841589928  2812460
3.82532000542  2804161
3.84076786041  2802195
3.88655781746  2799477
3.93678498268  2789496
3.9709918499  2787487
4.00968003273  2783625
4.07289600372  2781397
4.12683296204  2778723
4.19577002525  2768865
4.29189801216  2767245
4.3766579628  2765280
4.4573199749  2761969
4.5240240097  2742645
4.58945393562  2730493
4.66394400597  2723502
4.72776198387  2722882
4.79236793518  2715294
4.86053681374  2689426
4.93033099174  2686838
4.99414491653  2681438
5.06191897392  2663188
5.13303804398  2662496
5.19639992714  2649710
5.24549889565  2645232
5.31629490852  2639771
5.39915895462  2631580
5.45643591881  2630606
5.51777482033  2628013
5.56889390945  2627565
5.62875986099  2617408
5.7034509182  2616340
5.7789208889  2601359
5.85456395149  2584013
5.93707990646  2567663
6.01470899582  2566690
6.09482383728  2542616
6.1795809269  2500705
6.3091378212  2494345
6.39961194992  2494344
6.47822189331  2449585
6.50441193581  2442971
6.51957583427  2442467
6.54450893402  2414068
6.62826895714  2412936
6.71073794365  2375871
6.73788404465  2375790
6.75593900681  2373824
6.7937040329  2367241
6.84245896339  2359857
6.89888191223  2357022
6.9339928627  2355013
6.97431993484  2351151
7.05177688599  2350339
7.13638997078  2341071
7.21891403198  2328472
7.29845404625  2324607
7.40169382095  2262649
7.50259304047  2262356
7.60497498512  2262130
7.71905589104  2254497
7.82770800591  2228894
7.94300699234  2216312
8.05717992783  2124935
8.18563199043  2122054
8.30533981323  2103764
8.42622184753  2091703
8.540817976  2043469
8.67377400398  1997225
8.80147600174  1997106
8.93209695816  1986699
9.06387281418  1979450
9.20082092285  1917374
9.33383989334  1882933
9.49360585213  1854157
9.65555882454  1851011
9.80697584152  1830743
9.99607586861  1828451
10.179710865  1823003
