0.00912404060364  9094398
0.0093080997467  9048269
0.00955510139465  9042552
0.00984311103821  9012133
0.0103490352631  9005766
0.010468006134  8855974
0.0106279850006  8834386
0.0110020637512  8741037
0.0111620426178  8651582
0.0116629600525  8610979
0.0123789310455  8610367
0.0124549865723  8582244
0.0128710269928  8576166
0.0129470825195  8546366
0.0132350921631  8415953
0.0133099555969  8415279
0.0134279727936  8397032
0.0141439437866  8361270
0.0149009227753  8355387
0.014976978302  8353090
0.0157330036163  8349474
0.0165791511536  8340841
0.0166540145874  8323457
0.0174541473389  8322018
0.017529964447  8276841
0.0177750587463  8207083
0.0181050300598  8198601
0.0181801319122  8167103
0.0182981491089  8050349
0.018630027771  8049606
0.0194721221924  8037749
0.0207290649414  8030096
0.0208139419556  7985494
0.0209331512451  7985484
0.022087097168  7973760
0.022164106369  7960371
0.0224099159241  7958142
0.0238931179047  7944131
0.0255260467529  7905172
0.0256450176239  7901009
0.0257201194763  7898433
0.0272989273071  7897490
0.0274169445038  7869721
0.0275769233704  7851019
0.0289149284363  7848269
0.0306789875031  7846669
0.0307559967041  7803275
0.0309591293335  7800269
0.032763004303  7794325
0.0349190235138  7794221
0.0349960327148  7605001
0.0352840423584  7553611
0.0354011058807  7533995
0.0357739925385  7533920
0.0380880832672  7525802
0.0408279895782  7524279
0.0409240722656  7441367
0.0411419868469  7226419
0.0439360141754  7226311
0.0479800701141  7225143
0.0481550693512  7221460
0.0483660697937  7183198
0.0485301017761  7181923
0.0486509799957  7173154
0.0489249229431  7101484
0.04936003685  7058864
0.0494389533997  7057118
0.0495579242706  7035430
0.0497610569  6984823
0.0498380661011  6983070
0.050262928009  6909513
0.0503430366516  6903010
0.0508229732513  6888549
0.0509481430054  6778845
0.0510270595551  6775340
0.051500082016  6764103
0.052325963974  6727387
0.0530190467834  6725842
0.0540020465851  6721957
0.0540909767151  6708959
0.0574309825897  6708811
0.0614700317383  6707332
0.0616791248322  6700735
0.0618851184845  6693331
0.0656371116638  6692558
0.0703921318054  6692297
0.0705709457397  6691827
0.0709049701691  6654234
0.0711100101471  6482936
0.0757751464844  6481164
0.0759429931641  6443678
0.0764911174774  6438661
0.0769090652466  6431042
0.0769851207733  6424980
0.07710313797  6424467
0.0771780014038  6416504
0.0773389339447  6409696
0.0775849819183  6407459
0.0778739452362  6407219
0.0779919624329  6393591
0.0780680179596  6393522
0.0783560276031  6391643
0.0785579681396  6388046
0.0786340236664  6340611
0.0787510871887  6317107
0.0790820121765  6270371
0.0791580677032  6270304
0.0793180465698  6269799
0.0798671245575  6240431
0.0799851417542  6239123
0.0805730819702  6232117
0.080775976181  6227811
0.0813629627228  6226888
0.0823380947113  6222844
0.0896811485291  6205812
0.0954580307007  6197710
0.100619077682  6186866
0.108735084534  6147972
0.114774942398  6114137
0.11988401413  6103197
0.125762939453  6077873
0.134875059128  6072740
0.139761924744  6066855
0.144684076309  6065459
0.149562120438  6064464
0.154556035995  6033409
0.159670114517  6015526
0.164578914642  6015442
0.169559001923  6007348
0.176563978195  5989382
0.182448148727  5988519
0.188010931015  5978426
0.193158149719  5949777
0.198045969009  5912596
0.203670978546  5774516
0.210936069489  5757477
0.218045949936  5739194
0.22292804718  5682059
0.227931022644  5652878
0.234874010086  5640668
0.243081092834  5637723
0.254075050354  5631193
0.25969004631  5629597
0.264755010605  5624603
0.270472049713  5621496
0.275629043579  5620182
0.280518054962  5586212
0.28612613678  5513392
0.291465997696  5498419
0.297235012054  5410055
0.30452299118  5383603
0.311653137207  5315068
0.317320108414  5314791
0.322540044785  5310865
0.327548027039  5298521
0.336866140366  5298435
0.344326972961  5295504
0.349864006042  5293330
0.354851007462  5270833
0.359853982925  5246485
0.369256973267  5238889
0.378819942474  5237863
0.383748054504  5112198
0.389245986938  5025082
0.394535064697  5025043
0.399481058121  5023636
0.406305074692  5012053
0.412373065948  4997560
0.418113946915  4982370
0.427884101868  4981093
0.437700986862  4869480
0.448344945908  4849275
0.463778018951  4632087
0.478528022766  4624552
0.49623298645  4624463
0.50111913681  4618488
0.507785081863  4615807
0.514488935471  4603962
0.519371986389  4596785
0.527209997177  4577422
0.532438993454  4570634
0.537626028061  4566209
0.542552947998  4458455
0.551445960999  4447371
0.556540966034  4410926
0.561934947968  4410163
0.56704211235  4404118
0.573305130005  4364576
0.578191995621  4356110
0.5831990242  4355189
0.588119983673  4354220
0.593135118484  4354031
0.598271131516  4343524
0.608047008514  4333433
0.622419118881  4329714
0.636956930161  4320911
0.659134149551  4320619
0.678388118744  4310396
0.706762075424  4309026
0.733884096146  4306651
0.752957105637  4304405
0.78578710556  4276439
0.807026147842  4276147
0.827419042587  4272015
0.865522146225  4239017
0.903311014175  4232131
0.947772026062  4230944
0.984504938126  4227164
1.02329802513  4196520
1.06377410889  4172568
1.10406494141  4165373
1.14713191986  4154736
1.184664011  4153462
1.22222709656  4135442
1.26013898849  4120499
1.29798102379  4085788
1.34002614021  4080044
1.38231611252  4051705
1.42492699623  4029972
1.46735906601  4017735
1.50929903984  4016506
1.55167794228  4016431
1.59606003761  3997530
1.63961100578  3982850
1.68433403969  3959683
1.72613096237  3943365
1.77244496346  3940645
1.81589007378  3936778
1.85996198654  3933653
1.90557694435  3931733
1.95336103439  3915813
1.99663901329  3895922
2.04390406609  3884492
2.08748793602  3837193
2.13409209251  3798236
2.18109202385  3780721
2.22598600388  3758069
2.27135109901  3753766
2.32060098648  3699774
2.37255692482  3653999
2.4143910408  3649998
2.4690489769  3628989
2.51083993912  3622788
2.5616569519  3593988
2.61669611931  3555978
2.67157006264  3518181
2.72681713104  3514365
2.77785015106  3491929
2.82884311676  3476723
2.87965202332  3476182
2.9465610981  3411448
3.01104903221  3373953
3.07454204559  3333133
3.14093804359  3276431
3.20557403564  3266184
3.27008795738  3261546
3.33864092827  3258891
3.40747213364  3253881
3.47228503227  3253764
3.53778910637  3235319
3.60158395767  3235253
3.66509604454  3234219
3.73085808754  3229636
3.79538702965  3228422
3.8628590107  3214543
3.93014001846  3122754
3.9942510128  3120416
4.06113505363  3042185
4.12865304947  3024712
4.19265604019  3023587
4.25806593895  2970289
4.32190799713  2961650
4.38785099983  2961285
4.45323896408  2917089
4.51831793785  2906514
4.58580207825  2864452
4.65368914604  2791673
4.7199909687  2791535
4.78945994377  2735106
4.85808110237  2641969
4.92650103569  2586627
4.99069714546  2575441
5.06447005272  2541976
5.1322479248  2541238
5.19913911819  2540844
5.26609611511  2511956
5.33138203621  2506285
5.42286014557  2483884
5.50300598145  2481458
5.59710693359  2475384
5.69259810448  2472710
5.78491711617  2471704
5.87700009346  2450174
5.98115992546  2447853
6.09536314011  2444675
6.20802903175  2433190
6.31753396988  2412623
6.42456007004  2394686
6.53639411926  2385732
6.65148711205  2385251
6.77400898933  2361572
6.88120508194  2350029
6.98214411736  2344471
7.10048294067  2321322
7.2230091095  2302996
7.34776306152  2279093
7.47088313103  2276598
7.58973193169  2258959
7.70997095108  2256383
7.83978104591  2248300
7.95935297012  2246711
8.08174014091  2237757
8.2091960907  2227431
8.33470010757  2208362
8.47103095055  2208099
8.60232305527  2192844
8.76052904129  2179282
8.90060400963  2178788
9.05235910416  2177151
9.20267605782  2176161
9.3530819416  2174429
9.50505805016  2172775
9.66773891449  2171940
9.84991908073  2153713
10.0277249813  2152989
10.2093019485  2152688
10.3938851357  2151746
10.5745949745  2151597
10.768556118  2141576
10.9550981522  2140282
11.1350610256  2138170
11.3269579411  2137246
11.5257389545  2133818
11.7595059872  2116946
11.8294930458  2096871
11.8835549355  2076235
12.0701811314  2076080
12.2359099388  2075604
12.4041090012  2075130
12.6162760258  2061571
12.8569769859  2054903
13.0895109177  1975042
13.0969359875  1974109
13.1028969288  1961895
13.113421917  1943174
13.1341710091  1941208
13.4121770859  1934823
13.4226610661  1933594
13.6392519474  1926883
13.8460741043  1918315
13.8484251499  1917022
13.8535749912  1916933
13.8634960651  1719894
13.8732919693  1716029
13.8973150253  1715921
13.9227290154  1703076
13.946942091  1689860
13.9720990658  1639378
14.0211911201  1623693
14.0760300159  1618571
14.1298971176  1540116
14.1961660385  1519580
14.271474123  1501194
14.3457949162  1470462
14.4184629917  1450357
14.4990780354  1446664
14.5692141056  1446522
14.652837038  1408260
14.7477760315  1399699
14.8858799934  1394628
14.98792696  1388227
15.0838871002  1380505
15.1810460091  1335201
15.2936060429  1332656
15.4020929337  1331047
15.5131089687  1328608
15.6205790043  1325581
15.7358429432  1324851
15.8493280411  1324582
15.9653501511  1322295
16.0735349655  1315596
16.1898059845  1315334
16.304172039  1314500
16.4112620354  1314431
16.5212869644  1312843
16.6334710121  1312517
16.7474009991  1312415
16.8553299904  1309313
16.9630079269  1305800
17.0706710815  1304980
17.188076973  1291800
17.3111300468  1291095
17.4265270233  1287556
17.5404350758  1285215
17.6565411091  1284897
17.7748770714  1284830
17.8932700157  1284783
18.0147230625  1277452
18.1304659843  1276462
18.2481200695  1273249
18.3650591373  1273140
18.484621048  1267666
18.6058809757  1265705
18.7281229496  1261111
18.8609421253  1258876
18.9916090965  1258802
19.1225979328  1258310
19.2562041283  1257972
19.3866081238  1255635
19.5162770748  1254553
19.6471819878  1245621
19.7808890343  1239327
19.9218990803  1238691
20.0711791515  1237467
20.2206189632  1236781
20.3692290783  1236354
20.5206091404  1236105
20.6748819351  1230506
20.8550400734  1230298
21.0333020687  1227624
21.2139000893  1227143
152.36563611  1221142
152.642307997  1207061
