0.00922322273254  9418924
0.00936603546143  9382161
0.00952816009521  9279974
0.00960421562195  9279145
0.0098512172699  9276175
0.0100111961365  9270426
0.0102570056915  9264840
0.0109250545502  9115806
0.0113391876221  9090410
0.0122179985046  9071510
0.0123360157013  8999306
0.012579202652  8976754
0.0126972198486  8913802
0.0128560066223  8862981
0.0129311084747  8861873
0.0134270191193  8838372
0.0143070220947  8810648
0.0149731636047  8806867
0.0158941745758  8743580
0.0159690380096  8689917
0.0162570476532  8668607
0.017590045929  8660734
0.01766705513  8626936
0.0178260803223  8614172
0.0184910297394  8598438
0.0187749862671  8588528
0.0191440582275  8586305
0.0192182064056  8575972
0.0195031166077  8542519
0.0196189880371  8534282
0.0196940898895  8531599
0.0198941230774  8487441
0.0206000804901  8374622
0.0222051143646  8338663
0.0222871303558  8290943
0.0224051475525  8276286
0.0225651264191  8222181
0.0240561962128  8199557
0.0241310596466  8174799
0.0257019996643  8136078
0.025778055191  8128371
0.0258941650391  8095258
0.0280330181122  8075291
0.0281870365143  8040350
0.0304820537567  8006722
0.0306260585785  8002006
0.0311470031738  7996861
0.0312972068787  7994079
0.0314841270447  7924587
0.0318341255188  7919242
0.0321660041809  7912707
0.0351250171661  7881394
0.0352540016174  7849141
0.0379061698914  7813097
0.0380392074585  7783421
0.0402710437775  7765312
0.040363073349  7661513
0.0428440570831  7658303
0.0452790260315  7653120
0.0477890968323  7652864
0.0491800308228  7608154
0.0492601394653  7577385
0.0493831634521  7576755
0.0494611263275  7575412
0.0496261119843  7562096
0.0497040748596  7542515
0.0500001907349  7524219
0.0504360198975  7517006
0.051362991333  7500676
0.054141998291  7494484
0.0567262172699  7484617
0.0598201751709  7472033
0.0599582195282  7459048
0.0601210594177  7328088
0.060366153717  7291018
0.0607371330261  7262740
0.0620090961456  7256979
0.0621280670166  7202419
0.0623750686646  7192854
0.0633051395416  7186784
0.0633811950684  7106760
0.0640480518341  7099650
0.0641651153564  7048204
0.0642402172089  7047084
0.0646531581879  6961825
0.067369222641  6960383
0.0687661170959  6958507
0.070207118988  6957664
0.0702822208405  6939564
0.0734541416168  6933541
0.0736150741577  6845686
0.0737321376801  6814249
0.0739760398865  6742196
0.0740940570831  6721759
0.0745069980621  6674890
0.0745820999146  6674499
0.0758950710297  6646677
0.0759711265564  6564952
0.0760881900787  6557625
0.0761630535126  6542774
0.0764071941376  6461721
0.0796141624451  6431874
0.0796890258789  6417081
0.0815660953522  6411485
0.0818111896515  6379614
0.0819280147552  6330951
0.0840690135956  6316484
0.0843551158905  6269462
0.0878791809082  6261139
0.087954044342  6260146
0.088198184967  6123986
0.0883150100708  6095624
0.0898849964142  6052532
0.0913271903992  6014113
0.0973072052002  5992231
0.0974481105804  5923693
0.0976331233978  5909212
0.0977201461792  5853833
0.0979990959167  5852607
0.102349042892  5839741
0.102437019348  5781757
0.106745004654  5758146
0.107086181641  5738631
0.107272148132  5736166
0.107407093048  5705596
0.107784032822  5600642
0.107870101929  5598497
0.109327077866  5596896
0.110290050507  5573136
0.112244129181  5568858
0.116363048553  5554861
0.120537996292  5543760
0.120917081833  5525665
0.121036052704  5448893
0.121364116669  5442393
0.121482133865  5440511
0.121642112732  5424917
0.121717214584  5422050
0.122131109238  5401417
0.12220621109  5384433
0.124488115311  5374673
0.124732017517  5360300
0.125061988831  5357119
0.129125118256  5339493
0.133491039276  5336271
0.133570194244  5334497
0.133688211441  5268569
0.133846998215  5267837
0.136366128922  5214302
0.140765190125  5203322
0.142752170563  5198868
0.143378019333  5188300
0.144864082336  5157432
0.14926815033  5116582
0.149344205856  5079246
0.151709079742  5068635
0.157158136368  5063728
0.162519216537  5019657
0.167732000351  5018976
0.174110174179  5013157
0.179572105408  5011165
0.184484004974  5010522
0.189506053925  4989657
0.194608211517  4963991
0.200566053391  4950162
0.207985162735  4942221
0.212840080261  4901077
0.217885017395  4865056
0.225189208984  4833533
0.233218193054  4832908
0.238793134689  4831271
0.244982004166  4830907
0.250123023987  4830154
0.255335092545  4759632
0.260313987732  4744107
0.26549911499  4738107
0.272589206696  4721245
0.279240131378  4717302
0.285279035568  4717031
0.290329217911  4701720
0.295610189438  4693077
0.300530195236  4688825
0.306397199631  4668616
0.315689086914  4654777
0.322287082672  4643367
0.327174186707  4639798
0.332017183304  4629887
0.336985111237  4576565
0.343416213989  4548236
0.353149175644  4527260
0.358101129532  4521638
0.362950086594  4519346
0.368017196655  4476138
0.372907161713  4474182
0.393233060837  4456965
0.399082183838  4450940
0.421693086624  4450485
0.443207025528  4450185
0.462498188019  4445070
0.48166012764  4436239
0.502152204514  4413825
0.507448196411  4409532
0.531938076019  4405964
0.555950164795  4402095
0.579653024673  4385831
0.605756044388  4374307
0.644643068314  4373821
0.671897172928  4364401
0.677825212479  4356715
0.69695019722  4348267
0.701832056046  4347362
0.707168102264  4346196
0.716620206833  4343422
0.727009057999  4336840
0.744590997696  4333301
0.75989317894  4313315
0.774294137955  4302909
0.78876209259  4258016
0.803319215775  4244705
0.817902088165  4204587
0.832944154739  4188937
0.857142210007  4184309
0.880722999573  4126012
0.904954195023  4125262
0.933272123337  4061578
0.957346200943  4040048
0.981550216675  3996779
1.00681209564  3979553
1.03086805344  3956962
1.05542421341  3956300
1.07915902138  3935714
1.10416913033  3927670
1.12784910202  3909646
1.15322899818  3868081
1.1782310009  3831397
1.20176410675  3820108
1.23019218445  3810480
1.26564502716  3806293
1.30326104164  3805487
1.36150407791  3763103
1.42148017883  3625675
1.47930908203  3584423
1.53729319572  3583959
1.5925951004  3534769
1.64988207817  3524892
1.70656609535  3478832
1.76238107681  3465028
1.82090401649  3448407
1.87888717651  3426267
1.93694210052  3426020
1.992000103  3401223
2.05031514168  3393458
2.10587310791  3360121
2.16474819183  3359658
2.21996307373  3358629
2.27519416809  3358333
2.33280801773  3241884
2.38822317123  3239389
2.44339418411  3229028
2.52487206459  3219968
2.61045122147  3212376
2.69450521469  3211390
2.78443408012  3194168
2.86846208572  3192108
2.92606711388  3178211
2.98239302635  3161199
3.04033517838  3160441
3.09507703781  3157865
3.15926003456  3136882
3.25764322281  3124202
3.35629606247  3113480
3.45442605019  3103356
3.55651021004  3086266
3.56507611275  3078006
3.57000803947  3072116
3.57757115364  3056483
3.58733105659  3035268
3.59693217278  3026735
3.60734510422  3011118
3.61931920052  3007182
3.63014507294  3005640
3.63973999023  2999726
3.65058016777  2996624
3.66160607338  2992953
3.67121315002  2990074
3.68207621574  2989998
3.69167017937  2989947
3.70176315308  2978229
3.71153616905  2960478
3.72177505493  2937199
3.73137402534  2917337
3.74162507057  2916880
3.75125312805  2896934
3.76165699959  2892147
3.77135920525  2879306
3.7810690403  2873348
3.79093313217  2865598
3.80051517487  2864022
3.81019306183  2768633
3.82114720345  2766521
3.87528514862  2748799
3.92892003059  2745765
3.98557114601  2740977
4.03922009468  2720954
4.09286808968  2719290
4.14933609962  2719285
4.19963312149  2719077
4.24992513657  2718254
4.3009660244  2716362
4.31344604492  2715602
4.32690906525  2715297
4.34119510651  2712622
4.34878015518  2708296
4.39499521255  2689720
4.44566011429  2679954
4.5005171299  2646851
4.56787919998  2640199
4.61862111092  2635639
4.66928005219  2635141
4.74343514442  2627773
4.79404115677  2622406
4.85191202164  2618599
4.92128300667  2596224
4.99134302139  2545179
5.06648111343  2454557
