0.00972580909729  9542329
0.00999784469604  9533893
0.0101227760315  9433574
0.0101869106293  9429933
0.0102508068085  9398587
0.0104949474335  9391091
0.0105588436127  9372617
0.0106818675995  9303775
0.0109848976135  9300100
0.0111689567566  9202049
0.0114729404449  9146865
0.0115368366241  9124362
0.0117199420929  9016369
0.011843919754  8996474
0.0119068622589  8657767
0.0119688510895  8512483
0.0125727653503  8256925
0.0127549171448  8255647
0.013237953186  8223848
0.0134208202362  8202788
0.0139029026031  8145564
0.0140857696533  8137687
0.0142087936401  8044017
0.0143339633942  8011228
0.0147559642792  7728779
0.0155379772186  7603300
0.0159618854523  7525209
0.0162508487701  7520508
0.0172097682953  7493289
0.0179748535156  7479235
0.0189468860626  7466034
0.0191378593445  7442331
0.0195059776306  7401396
0.0201728343964  7401367
0.0203578472137  7366574
0.0206968784332  7282307
0.0208978652954  7272868
0.0210919380188  7254611
0.0212168693542  7236333
0.0221858024597  7220475
0.022255897522  7200503
0.0225038528442  7016814
0.0226299762726  6915734
0.0228748321533  6843990
0.0229389667511  6825983
0.0236067771912  6779346
0.0242757797241  6775115
0.0244607925415  6773739
0.0246458053589  6766928
0.024829864502  6729027
0.0253758430481  6722381
0.0259819030762  6721964
0.0262989997864  6696826
0.0278098583221  6687554
0.0287737846375  6678396
0.0300359725952  6587817
0.0303390026093  6547442
0.0304019451141  6512158
0.031121969223  6510332
0.0312449932098  6509943
0.0313677787781  6498929
0.0316109657288  6392106
0.0319139957428  6381560
0.0322818756104  6374800
0.0324058532715  6328940
0.0335469245911  6325401
0.0337309837341  6309963
0.0339059829712  6287936
0.034019947052  6287263
0.035787820816  6239948
0.0364048480988  6237865
0.0365908145905  6166835
0.0373167991638  6154324
0.0376799106598  6131538
0.0385849475861  6062628
0.0396089553833  6062086
0.0397329330444  6016266
0.0400359630585  5978993
0.0408787727356  5960999
0.0410628318787  5932639
0.0417850017548  5859062
0.0420899391174  5688681
0.0422739982605  5532115
0.0423967838287  5525264
0.0435979366302  5494201
0.0448567867279  5486094
0.0454118251801  5458394
0.0455420017242  5308083
0.0458469390869  5303635
0.0462698936462  5248735
0.0470538139343  5234577
0.0471777915955  5221885
0.0472409725189  5217406
0.0486829280853  5215870
0.0489869117737  5196768
0.0491099357605  5083026
0.0497999191284  4994593
0.051041841507  4991607
0.0550417900085  4963894
0.0559058189392  4944417
0.0565807819366  4887004
0.0567109584808  4879922
0.0583469867706  4873605
0.0586528778076  4873368
0.0591378211975  4814705
0.0601677894592  4814398
0.0608959197998  4813367
0.0613808631897  4785846
0.0633118152618  4780747
0.0635569095612  4776984
0.0645849704742  4766889
0.0686337947845  4656917
0.0695009231567  4554306
0.0704529285431  4521290
0.0716509819031  4510030
0.0723218917847  4509605
0.074236869812  4486114
0.0769209861755  4451795
0.0780129432678  4449825
0.0787978172302  4445653
0.0827589035034  4445368
0.085905790329  4429669
0.0899667739868  4428355
0.0906949043274  4423782
0.0912978649139  4388883
0.0926249027252  4388064
0.0929939746857  4337468
0.0939049720764  4330824
0.0945088863373  4330723
0.0950148105621  4255483
0.0970039367676  4252663
0.0994069576263  4252634
0.103472948074  4248081
0.107205867767  4245868
0.107509851456  4237637
0.108350992203  4227071
0.108660936356  4226850
0.109323978424  4085530
0.111304998398  4074741
0.118166923523  4073141
0.119787931442  4072666
0.121427774429  4067623
0.121974945068  4062965
0.125783920288  4060758
0.126329898834  4048503
0.128734827042  4033528
0.132530927658  4026584
0.133992910385  4009026
0.135463953018  4008616
0.1407289505  4008378
0.141096830368  4003634
0.141642808914  4002819
0.146399974823  4001304
0.146588802338  3994031
0.146954774857  3980850
0.149069786072  3976215
0.149635791779  3973952
0.15438079834  3972144
0.16016793251  3971025
0.160315990448  3953915
0.161619901657  3950708
0.168829917908  3945795
0.169204950333  3921813
0.177358865738  3921593
0.186949968338  3910357
0.189518928528  3903436
0.199876785278  3880727
0.20236492157  3863238
0.205453872681  3846133
0.207086801529  3845274
0.21221780777  3843737
0.216864824295  3842628
0.21923494339  3834642
0.224617958069  3833759
0.231401920319  3827346
0.232737779617  3736026
0.232922792435  3730738
0.241430997849  3728633
0.248332977295  3728133
0.248640775681  3702696
0.253638982773  3701044
0.254349946976  3695299
0.25563788414  3660975
0.25697684288  3657663
0.259037971497  3655839
0.270703792572  3655137
0.271017789841  3653669
0.271624803543  3649535
0.273548841476  3647583
0.273674964905  3645708
0.273979902267  3639820
0.274707794189  3630079
0.280824899673  3627214
0.28550195694  3593044
0.303249835968  3583960
0.309982776642  3547760
0.312996864319  3477847
0.315410852432  3473212
0.315655946732  3459562
0.321554899216  3454343
0.32368183136  3454268
0.328880786896  3452829
0.329794883728  3451124
0.33385181427  3446084
0.342472791672  3444353
0.345867872238  3412440
0.346353769302  3382668
0.347424983978  3378161
0.348281860352  3377294
0.34970498085  3368498
0.353302001953  3364194
0.362613916397  3348209
0.363582849503  3346901
0.365867853165  3327548
0.373884916306  3323433
0.374075889587  3322509
0.378779888153  3316414
0.391325950623  3315341
0.3982629776  3303528
0.399661779404  3300097
0.403993844986  3276190
0.405756950378  3273575
0.40612578392  3271857
0.407514810562  3262759
0.422066926956  3256113
0.422319889069  3250795
0.424440860748  3246328
0.433116912842  3243897
0.436412811279  3243516
0.438837766647  3241530
0.446846961975  3238516
0.448167800903  3238469
0.463740825653  3238019
0.468108892441  3235205
0.47678899765  3234877
0.490036964417  3233736
0.505960941315  3223495
0.513548851013  3217141
0.526704788208  3216333
0.541781902313  3212191
0.542277812958  3208122
0.544154882431  3205983
0.553516864777  3202003
0.55587387085  3201301
0.559485912323  3188704
0.577008962631  3180057
0.579328775406  3179905
0.57964682579  3171430
0.582561969757  3171314
0.586798906326  3168706
0.592043876648  3167485
0.595723867416  3167375
0.596030950546  3165578
0.598922967911  3163850
0.604597806931  3160629
0.611377954483  3125410
0.663797855377  3123971
0.673630952835  3109219
0.696106910706  3108329
0.697991847992  3107979
0.70402598381  3093184
0.7088367939  3090548
0.721832990646  3082376
0.728289842606  3081302
0.728355884552  3080202
0.733734846115  3080137
0.760459899902  3075644
0.763011932373  3074284
0.767621994019  3072108
0.775064945221  3070802
0.786905765533  3067399
0.789686918259  3051055
0.79591178894  3023028
0.801484823227  3019900
0.806439876556  3019844
0.809827804565  3016726
0.848084926605  3016569
0.855071783066  2953965
0.8557908535  2953358
0.862096786499  2939081
0.862709999084  2937276
0.863741874695  2935270
0.864915847778  2933868
0.880904912949  2931241
0.898900985718  2928371
0.915428876877  2925193
0.931819915771  2923386
0.948091983795  2922960
0.963073968887  2920745
1.00034689903  2916489
1.00055193901  2915315
1.02181792259  2909077
1.02522993088  2905166
1.03917193413  2899204
1.04273486137  2894206
1.05718994141  2891638
1.08925580978  2889166
1.09714889526  2888921
1.10462999344  2888130
1.12623095512  2887176
1.13580584526  2887128
1.14194583893  2886231
1.15805482864  2885734
1.16318082809  2883524
1.16713190079  2868211
1.17315983772  2805137
1.18760895729  2802049
1.21690988541  2799528
1.24018883705  2795372
1.26519680023  2793161
1.30668783188  2792713
1.30730676651  2790877
1.33011388779  2781996
1.35951280594  2781066
1.38691687584  2774258
1.38813591003  2772361
1.3924908638  2770509
1.4029238224  2770374
1.40520691872  2769764
1.44335579872  2768416
1.49390292168  2767711
1.49397587776  2766466
1.53700184822  2766212
1.57127594948  2763950
1.57646083832  2762015
1.59035491943  2757117
1.60422492027  2755355
1.60652899742  2752578
1.60719895363  2741186
1.61431598663  2740045
1.61846280098  2738988
1.62889099121  2731949
1.65759277344  2729212
1.72476696968  2724809
1.76308393478  2719770
1.77927994728  2710669
1.8102247715  2705297
1.82126688957  2698861
1.83375597  2661766
1.84643983841  2661480
1.91718387604  2661199
1.92084980011  2661026
1.92573976517  2660090
2.02567195892  2659968
2.03792977333  2659781
2.13109087944  2658780
2.14012885094  2658660
2.17331194878  2657723
2.18538188934  2656932
2.22181177139  2654571
2.25458788872  2654538
2.29362177849  2654309
2.42386984825  2654252
2.46453976631  2653542
2.51382088661  2653098
2.55715084076  2650880
2.60593485832  2650744
2.6212079525  2649779
2.68677592278  2648694
2.71280097961  2647214
2.71608686447  2647171
2.75121498108  2646492
2.80364084244  2646121
3.09826278687  2642885
3.12651777267  2641973
3.12719297409  2635151
3.81149697304  2634207
3.82323288918  2634105
3.8664188385  2633640
3.89978289604  2633288
3.92558193207  2629668
4.08187294006  2628994
4.13621997833  2627324
