0.00964903831482  9350767
0.00974106788635  9325729
0.00996613502502  9306124
0.0102500915527  9249360
0.0103931427002  9136844
0.0106761455536  9044043
0.0107491016388  9040465
0.0108230113983  8896334
0.0108871459961  8895567
0.011372089386  8874816
0.0114960670471  8870476
0.0117411613464  8869745
0.0118050575256  8834541
0.0118691921234  8825630
0.0119321346283  8618107
0.0120570659637  8581394
0.0129630565643  8534036
0.0130271911621  8518546
0.0130910873413  8431703
0.0132150650024  8195845
0.0133390426636  8195558
0.0134019851685  8074754
0.0135869979858  8055090
0.013710975647  8030964
0.0137751102448  8025358
0.0138990879059  7988056
0.0145661830902  7961842
0.0146901607513  7960999
0.0148751735687  7954754
0.0154211521149  7817376
0.0156049728394  7741428
0.0157899856567  7677591
0.0159139633179  7657270
0.0161640644073  7654443
0.0163671970367  7550943
0.016529083252  7520633
0.0166831016541  7483951
0.0172080993652  7470679
0.017804145813  7454500
0.0187451839447  7393019
0.0191011428833  7390118
0.0194590091705  7388348
0.0198180675507  7335397
0.0199420452118  7206698
0.0204911231995  7158039
0.020565032959  7012235
0.0207171440125  7003260
0.0209100246429  6963430
0.0210430622101  6900808
0.0213091373444  6839229
0.0220131874084  6809147
0.0225071907043  6787217
0.0231370925903  6720277
0.023558139801  6719127
0.0237021446228  6696166
0.0239140987396  6682554
0.0246150493622  6681883
0.0251770019531  6632121
0.0252501964569  6595669
0.0262680053711  6591584
0.0272090435028  6556414
0.027624130249  6470830
0.028135061264  6436267
0.0283920764923  6429298
0.0285201072693  6428696
0.0287671089172  6315421
0.0291290283203  6255355
0.0294041633606  6254607
0.0296730995178  6252843
0.0299410820007  6237403
0.0300099849701  6154030
0.030403137207  6141528
0.0305371284485  6095969
0.0319650173187  6088884
0.0327451229095  6075443
0.0330700874329  6072740
0.0331959724426  6067553
0.0334451198578  5953650
0.0335710048676  5953318
0.0336961746216  5901358
0.0338220596313  5886743
0.0339469909668  5876724
0.0357711315155  5876406
0.0358970165253  5828131
0.036936044693  5750994
0.0374221801758  5668728
0.0381500720978  5659960
0.0383961200714  5658149
0.0385820865631  5632446
0.0387680530548  5628134
0.0388941764832  5616781
0.0390791893005  5520720
0.0395050048828  5517883
0.0403699874878  5517827
0.0404369831085  5444213
0.0406830310822  5440195
0.0414750576019  5429733
0.0441381931305  5400483
0.0447449684143  5380830
0.0448701381683  5363684
0.0458431243896  5361156
0.0467541217804  5324605
0.0473620891571  5296079
0.0482141971588  5282793
0.0493421554565  5267539
0.0495970249176  5197418
0.0497241020203  5177493
0.0498490333557  5151453
0.0505201816559  5141769
0.0527031421661  5125361
0.0527670383453  5111407
0.0534381866455  5072938
0.053866147995  5045136
0.0542321205139  5026389
0.0550231933594  5021813
0.0562150478363  5017552
0.0568189620972  5002050
0.0594010353088  4996989
0.0622169971466  4995331
0.0634679794312  4993862
0.0636100769043  4993458
0.0645840167999  4920672
0.0664730072021  4886254
0.0686991214752  4803215
0.0691549777985  4794900
0.0698020458221  4794495
0.0706391334534  4792453
0.0707151889801  4782680
0.0707790851593  4777929
0.0748000144958  4730582
0.0752851963043  4730484
0.0792620182037  4728548
0.0802261829376  4722017
0.0855770111084  4699426
0.0857021808624  4658764
0.0865490436554  4595725
0.0874531269073  4594690
0.0883631706238  4591464
0.0886080265045  4586568
0.0890951156616  4578244
0.0892810821533  4540515
0.0905451774597  4540035
0.0910890102386  4539653
0.0939860343933  4517868
0.0940501689911  4516008
0.0942339897156  4488603
0.0968291759491  4479883
0.0974380970001  4425266
0.0985090732574  4416400
0.0994231700897  4407601
0.100032091141  4404788
0.106346130371  4402481
0.109428167343  4401796
0.110996961594  4399892
0.111303091049  4393435
0.111366987228  4382099
0.113228082657  4370517
0.113533973694  4369740
