0.0115978717804  9739990
0.0123879909515  9717576
0.0125508308411  9695259
0.0127959251404  9693350
0.0130848884583  9626194
0.0134999752045  9618428
0.0143430233002  9617782
0.0144608020782  9432952
0.0153498649597  9431590
0.0164089202881  9409777
0.0183489322662  9401650
0.018424987793  9334231
0.0186278820038  9314894
0.0189578533173  9308306
0.0190329551697  9299482
0.0191509723663  9290841
0.0192258358002  9289649
0.0196030139923  9137079
0.020103931427  9129474
0.0201790332794  9017000
0.0206809043884  8985916
0.0212659835815  8820808
0.0221519470215  8801134
0.0248959064484  8780785
0.0249907970428  8779340
0.0278940200806  8771405
0.0280559062958  8771128
0.0281739234924  8733328
0.0284209251404  8633180
0.0284960269928  8608134
0.0289959907532  8606853
0.029070854187  8588753
0.0291879177094  8440072
0.0293469429016  8417577
0.0295498371124  8404221
0.0296249389648  8338149
0.0300388336182  8335098
0.03049492836  8332358
0.0309958457947  8320532
0.0315358638763  8279488
0.0322978496552  8262612
0.0330629348755  8241895
0.0339968204498  8241462
0.0340738296509  8031900
0.0342779159546  7999211
0.0352079868317  7925165
0.0381669998169  7910582
0.038242816925  7901477
0.0482268333435  7897878
0.0484058856964  7895278
0.0490159988403  7843843
0.0492658615112  7707362
0.0500779151917  7623286
0.056224822998  7619730
0.0628309249878  7591255
0.069641828537  7583221
0.082347869873  7579946
0.0825638771057  7576962
0.0826478004456  7576858
0.0827679634094  7567357
0.0876579284668  7548272
0.0935339927673  7547720
0.0987617969513  7547324
0.128468990326  7492803
0.128748893738  7492764
0.139882802963  7490546
0.146818876266  7488112
0.153312921524  7348157
0.163438796997  7347551
0.170259952545  7304345
0.179164886475  7239476
0.184327840805  7117533
0.190142869949  7076021
0.202272891998  7075247
0.216038942337  7066492
0.228308916092  7054403
0.241778850555  7023787
0.265688896179  6887145
0.290904998779  6798200
0.312075853348  6782891
0.335562944412  6684022
0.35752081871  6658215
0.382069826126  6636181
0.405052900314  6634766
0.428716897964  6619058
0.453891992569  6607574
0.486447811127  6596929
0.508700847626  6596916
0.534457921982  6574861
0.558458805084  6524226
0.58193898201  6504339
0.603410959244  6482997
0.62752199173  6453526
0.650194883347  6338752
0.670926809311  6310834
0.694878816605  6265875
0.716835975647  6254025
0.744129896164  6246714
0.773697853088  6198047
0.799821853638  6164731
0.827936887741  6164286
0.855587005615  6163069
0.883391857147  6123703
0.909757852554  6123385
0.946346998215  6118589
0.981853961945  6014677
1.01145195961  5977101
1.03735995293  5927439
1.05072188377  5926513
1.06873703003  5926373
1.09819293022  5919720
1.10924482346  5911798
1.11916589737  5911174
1.14900183678  5822392
1.18163895607  5788458
1.22933387756  5769383
1.27208185196  5767369
1.30443692207  5743652
1.31612682343  5742726
1.33551001549  5742586
1.37000584602  5714711
1.38143181801  5706435
1.39156985283  5705811
1.42348480225  5568974
1.45996379852  5561155
1.48811388016  5553805
1.51636981964  5553572
1.5602350235  5538947
1.60283303261  5473802
1.64698290825  5466276
1.71208095551  5461357
1.76426482201  5460099
1.827947855  5283449
1.8852288723  5281071
1.97695088387  5280724
2.02907395363  5280460
2.0946059227  5276248
2.17223286629  5275363
2.2636950016  5231731
2.34090280533  5164198
2.41875696182  5163896
2.50178098679  5127047
2.58874082565  5068218
2.66996502876  5043738
2.74745202065  4981556
2.82589197159  4978279
2.90648984909  4978189
2.98538184166  4939004
3.13623690605  4896210
3.19161486626  4896055
3.26475787163  4895579
3.31607580185  4895105
3.40696001053  4882062
3.49710988998  4857734
3.57417201996  4854407
3.6605489254  4754162
3.73772883415  4741545
3.81493592262  4717101
3.90493297577  4714482
3.98372292519  4713863
4.0233039856  4712401
4.07406997681  4711482
4.14117789268  4708149
4.23115181923  4608199
4.31467485428  4562003
4.3551568985  4559810
4.3938138485  4559334
4.42974996567  4558860
4.51329684258  4554508
4.59012889862  4518842
4.6804959774  4472096
4.75088095665  4412066
4.79547691345  4411626
4.84672880173  4410735
4.90865182877  4407668
4.99542403221  4366601
5.07278680801  4366119
5.15339779854  4353892
5.19449496269  4353748
5.23474001884  4353272
5.28253793716  4352798
5.35638380051  4285081
5.43509483337  4280857
5.50915193558  4242809
5.58416295052  4213248
5.67181801796  4195728
5.77826595306  4195667
5.88514780998  4173595
5.98381900787  4099990
6.03533792496  4097878
6.10264587402  4096954
6.18841290474  4093526
6.28806781769  4089082
6.36859893799  4073344
6.44792580605  3982105
6.53448081017  3911370
6.63083100319  3888348
6.73924088478  3858362
6.80312800407  3856073
6.88644886017  3855597
6.99745988846  3855123
7.16440296173  3851144
7.45261192322  3850083
7.62034392357  3845380
7.78834486008  3837346
7.9925069809  3836178
8.2798140049  3834515
8.41849088669  3833963
8.59165596962  3815714
8.75730800629  3794943
8.93823599815  3754626
9.13356089592  3753616
9.3120508194  3747319
9.42992687225  3745967
9.54368591309  3710461
9.64906191826  3556980
9.73208594322  3554841
9.82681679726  3554575
9.93649291992  3528820
10.0173738003  3515726
10.0980508327  3511575
10.2285690308  3510407
10.3514368534  3509855
10.484746933  3474982
10.6038138866  3463716
10.731856823  3458233
10.86804986  3458128
10.9986789227  3454939
11.1157648563  3453475
11.2906799316  3416863
11.4836959839  3390239
11.5939619541  3387422
11.7139759064  3386694
11.8248198032  3381434
11.9523169994  3372741
12.0696878433  3370602
12.2093539238  3370336
12.3898079395  3366738
12.5889158249  3364745
12.7442138195  3363788
13.0584328175  3354838
13.3013498783  3352247
13.4959750175  3327240
13.6335129738  3306943
13.8518879414  3291486
14.2776038647  3271365
14.5755798817  3267549
14.890789032  3261152
15.0854120255  3259934
15.3017790318  3256387
15.4859359264  3256015
15.6612279415  3221940
15.8129968643  3221073
16.0117628574  3220560
16.1939549446  3202780
16.3444559574  3202408
16.5088498592  3134379
16.6730508804  3133422
16.8398070335  3117344
17.0250608921  3103001
17.1731569767  3101035
17.3129239082  3098328
17.4670538902  3094968
17.6295039654  3011177
17.807986021  3010039
18.0922019482  2986289
18.332326889  2982691
18.4543898106  2982680
18.5773339272  2968902
18.6915500164  2967577
18.8256978989  2926029
18.9511549473  2918448
19.0762939453  2880334
19.1962199211  2866462
19.310959816  2864496
19.4473779202  2837318
19.5783908367  2795749
19.7130169868  2795640
19.8442008495  2792286
19.9728908539  2792158
20.1044988632  2766769
20.2451968193  2765543
20.3821389675  2763572
20.5260839462  2744175
20.6714060307  2734318
20.8088829517  2734298
20.9452710152  2724500
21.1006999016  2721685
21.2306609154  2716718
21.3761060238  2689990
21.5062949657  2689852
21.6523139477  2684920
21.7831668854  2682898
21.9313960075  2677904
22.074559927  2676782
22.1992609501  2674427
22.3602428436  2671557
22.4994008541  2666286
22.6363799572  2657776
22.7757019997  2656013
22.9040358067  2638691
23.0306859016  2619000
23.1736629009  2614231
23.3234808445  2609507
23.4922778606  2599825
23.6247308254  2591555
23.7610368729  2581602
23.8931097984  2550655
24.0230178833  2534226
24.1659128666  2521119
24.301666975  2506499
24.4299249649  2502728
24.5628378391  2499030
24.6958169937  2498588
24.8226339817  2485902
24.9557960033  2449343
25.0942850113  2446982
25.2329998016  2444593
25.3648278713  2440610
25.5017440319  2423208
25.6271789074  2422907
25.7715528011  2415808
25.8980808258  2414399
26.0273518562  2409885
26.153539896  2409036
26.2858259678  2407234
26.412817955  2407148
26.5456748009  2385737
26.6744329929  2381615
26.8112208843  2367385
26.9518089294  2362418
27.0982339382  2360243
27.231730938  2357879
27.3659989834  2357390
27.5045189857  2322258
27.6235728264  2316644
27.7363548279  2314678
27.8749539852  2308426
28.016769886  2301700
28.2017929554  2300117
28.3628809452  2294575
28.5399918556  2290480
28.693199873  2286682
28.830619812  2280012
28.9674119949  2275054
29.0979259014  2271952
29.2329249382  2249713
29.3891308308  2246382
29.540199995  2218023
29.6659388542  2208499
29.8195199966  2205635
29.9452738762  2199762
30.0975530148  2197085
30.2432909012  2196925
30.4016458988  2193312
30.5528838634  2193131
30.7058069706  2179882
30.8685758114  2174842
31.0258660316  2174552
31.1819620132  2170007
31.3433508873  2167882
31.4971058369  2165926
31.6474919319  2165877
31.7987339497  2165556
31.9644618034  2163837
32.1274440289  2103357
32.2949969769  2102528
32.4551608562  2099820
32.6169178486  2059425
32.7810308933  2055285
32.9842989445  1925554
33.2026369572  1924443
33.3928468227  1908504
33.5492730141  1903384
33.7120578289  1899912
33.8654608727  1899808
34.0289998055  1899800
34.1925899982  1896541
34.3577868938  1893386
34.5397260189  1851559
34.7232580185  1851507
34.9083328247  1847708
35.0922009945  1721260
35.2699828148  1720179
35.4638118744  1719886
35.6506118774  1719660
35.8264260292  1712027
36.0184259415  1700066
36.2118258476  1699810
36.414691925  1698136
36.605260849  1693513
36.8066439629  1681932
37.0156829357  1660443
37.2263460159  1658543
37.4421758652  1657656
37.6552038193  1630521
37.8690798283  1630212
38.0962369442  1609559
38.3167989254  1577727
38.5703988075  1577484
38.801612854  1542351
39.0233068466  1531792
39.2398788929  1531650
39.4897248745  1505128
39.7211768627  1487540
39.9004428387  1481907
40.0757060051  1456689
40.3250489235  1456610
40.5585269928  1450637
40.8036589622  1430825
41.0602300167  1429678
41.3181679249  1424469
41.5739448071  1422834
41.8204088211  1420595
42.0752599239  1416801
42.3226819038  1416008
42.5820260048  1415347
42.8285679817  1411297
43.0891900063  1411283
43.3422019482  1410254
43.597589016  1408598
43.901542902  1398992
44.0890398026  1398150
44.2544679642  1398005
44.4291849136  1396988
44.5924868584  1396012
44.7540209293  1390597
44.921792984  1389635
45.1001429558  1387076
45.2724277973  1383141
45.4401199818  1381938
45.6115880013  1381108
45.7847139835  1380472
45.9611577988  1379214
46.1374189854  1378780
46.3137898445  1378411
46.4887897968  1377563
46.6758878231  1377362
46.8588628769  1375719
47.0391509533  1374052
47.2113349438  1373790
47.3801620007  1373756
47.5426537991  1373710
47.7048659325  1373656
47.874576807  1373623
48.0572669506  1373419
48.2300918102  1373334
48.4262018204  1373287
48.6322569847  1372554
48.8473229408  1372168
49.0213558674  1372131
49.1914420128  1371959
49.3651909828  1371060
49.5550498962  1369631
49.722661972  1366065
49.9096479416  1365979
50.1039438248  1365705
