0.0136630535126  9701220
0.0140368938446  9683923
0.0142118930817  9592844
0.014594078064  9587063
0.0151119232178  9573253
0.0161490440369  9572597
0.0164039134979  9571452
0.0167798995972  9369529
0.0169320106506  9365654
0.0174920558929  9358487
0.017618894577  9353399
0.0182189941406  9348016
0.0186140537262  9345559
0.0191679000854  9341323
0.020318031311  9340950
0.0206229686737  9331277
0.0217869281769  9313912
0.0247249603271  9311338
0.0274119377136  9307077
0.0275719165802  9069552
0.0291678905487  9065733
0.0295128822327  9063228
0.0296778678894  9046427
0.0297548770905  9045451
0.0299608707428  8993325
0.0303819179535  8975652
0.0304579734802  8974898
0.0318191051483  8974032
0.0318999290466  8921093
0.034432888031  8915015
0.0364439487457  8914503
0.036523103714  8912665
0.0390889644623  8912587
0.0419819355011  8905892
0.0421049594879  8893201
0.0424098968506  8892636
0.0426468849182  8886378
0.0429050922394  8885588
0.0432949066162  8841873
0.0451350212097  8839355
0.0452659130096  8701092
0.0454699993134  8698091
0.0455679893494  8639760
0.0457880496979  8637915
0.046168088913  8574508
0.0480699539185  8569481
0.0493340492249  8557090
0.049712896347  8552033
0.0500719547272  8545450
0.0501508712769  8541118
0.0512180328369  8541028
0.0532269477844  8534914
0.0563769340515  8534398
0.0565090179443  8380176
0.0569710731506  8372737
0.0571150779724  8352599
0.0576241016388  8345243
0.0584559440613  8339381
0.0585389137268  8306407
0.058746099472  8298244
0.0594749450684  8297727
0.0623419284821  8297604
0.0653080940247  8297033
0.0654399394989  8195624
0.0656909942627  8159079
0.0658218860626  8083163
0.0663359165192  8045208
0.0670969486237  8041146
0.0680260658264  8040264
0.074686050415  8037407
0.0799388885498  8037259
0.0839738845825  8034828
0.0841920375824  7909190
0.0844449996948  7889568
0.0847408771515  7858276
0.0852119922638  7854823
0.0859429836273  7854190
0.0860230922699  7823769
0.0863029956818  7763057
0.0865979194641  7742348
0.0873670578003  7741728
0.0875298976898  7740129
0.093113899231  7739661
0.0933048725128  7736134
0.0973079204559  7733698
0.102647066116  7733650
0.103746891022  7733232
0.104604959488  7709662
0.104897022247  7707863
0.113658905029  7705731
0.119245052338  7705437
0.119375944138  7514003
0.11958193779  7511548
0.120002985001  7447596
0.120122909546  7445705
0.120326042175  7445538
0.120572090149  7440765
0.121119976044  7438522
0.121275901794  7409115
0.122003078461  7403769
0.12210392952  7400585
0.123243093491  7400235
0.123883008957  7398125
0.124310016632  7396802
0.124435901642  7390812
0.124516963959  7382216
0.124777078629  7198294
0.124856948853  7194661
0.125009059906  7184796
0.125914096832  7181467
0.13681602478  7179710
0.155988931656  7170791
0.171509027481  7162337
0.189440011978  7152840
0.213140964508  7152739
0.234912872314  7152662
0.251019954681  6915499
0.268037080765  6915231
0.287519931793  6914637
0.313148021698  6914436
0.34742307663  6910759
0.396807909012  6905510
0.446320056915  6890004
0.494546890259  6768137
0.545525074005  6744432
0.545868873596  6744055
0.545945882797  6743993
0.546108007431  6743689
0.56510591507  6743009
0.567809104919  6740672
0.569396972656  6735650
0.570734024048  6699424
0.571484088898  6691772
0.572201013565  6690914
0.572283983231  6685042
0.572515964508  6410190
0.573786020279  6399170
0.575699090958  6393488
0.577085018158  6388857
0.577166080475  6382308
0.579509973526  6381991
0.579598903656  6381973
0.598803043365  6381764
0.613862037659  6374685
0.629461050034  6374537
0.640902042389  6372658
0.656308889389  6372143
0.678999900818  6371942
0.714901924133  6371535
0.781075000763  6365912
0.8158659935  6365826
0.854791879654  6365669
0.913718938828  6365276
0.95185303688  6364163
0.997325897217  6362100
1.05202388763  6356502
1.13093996048  6278248
1.16733288765  6277894
1.20249700546  6277737
1.25025105476  6277426
1.25213003159  6276444
1.2522289753  6274698
1.25430798531  6269532
1.25439596176  6264969
1.25939488411  6264677
1.26300501823  6262523
1.28459692001  6261561
1.30560898781  6148593
1.33627796173  6124700
1.36603188515  6122756
1.38600993156  6110753
1.41454005241  6107636
1.41471409798  6107543
1.4150929451  6106236
1.41529893875  6104870
1.42176103592  6102577
1.4319460392  6101709
1.43743991852  6099984
1.44764399529  6096461
1.45770692825  6095934
1.46350193024  6086462
1.47774004936  6079731
1.48809194565  6079305
1.49859309196  6078190
1.5164809227  6077370
1.5320520401  6076715
1.56059288979  6075815
1.57061505318  6073360
1.58183789253  6073232
1.59502387047  6072740
1.60499095917  6072402
1.63358998299  6067473
1.65398001671  6067053
1.7029440403  6059624
1.75509309769  6059317
1.80690097809  6056231
1.87187790871  6055044
1.94619703293  6053453
2.01729798317  6045391
2.10095596313  6039659
2.18218994141  6036832
2.28132009506  5910396
2.36258101463  5892504
2.45382094383  5867834
2.4544699192  5867558
2.45459103584  5864894
2.45479607582  5864479
2.45534801483  5863522
2.45635604858  5863418
2.49219298363  5862890
2.49741506577  5861898
2.50273990631  5857966
2.53277397156  5857761
2.62189102173  5669550
2.62253594398  5669490
2.63397789001  5666813
2.68685603142  5666747
2.74577307701  5666640
2.79916095734  5665819
2.88839006424  5644547
2.98302292824  5624347
3.04776906967  5624016
3.12971687317  5623252
3.18367409706  5623017
3.24094891548  5622810
3.33063387871  5622613
3.42185997963  5619407
3.52275204659  5616402
3.61374402046  5607855
3.72799301147  5588508
3.85667395592  5585819
3.95176696777  5421593
4.06891894341  5403852
4.1685769558  5399713
4.26611304283  5397057
4.37503409386  5340089
4.47680592537  5328550
4.58703398705  5326458
4.69539093971  5320889
4.78968095779  5318764
4.89165687561  5286141
4.98874998093  5264623
5.09281206131  5239625
5.1988298893  5153776
5.30576205254  5150507
5.41308093071  5150145
5.51970291138  5149413
5.61581587791  5145316
5.71672797203  5132148
5.83793091774  5127450
5.9335899353  5111942
6.07017493248  5111837
6.21908688545  5098513
6.62123394012  5076581
6.79035902023  5074473
6.90716505051  5072227
7.02016687393  5069852
7.15199708939  5067828
7.33719110489  5066135
7.5684928894  4886741
7.71708798409  4882201
7.81985497475  4881782
7.92012786865  4878783
8.0227959156  4877839
8.11860108376  4877091
8.22551202774  4829597
8.31959199905  4827534
8.42246294022  4781837
8.51896309853  4779971
8.63793206215  4711550
8.77046298981  4705005
8.86369609833  4702060
8.97920107841  4602040
9.10307598114  4585236
9.41967988014  4558082
9.55449795723  4555142
9.68188905716  4530130
9.84717202187  4526634
9.95507001877  4524944
10.1351189613  4524458
10.316587925  4512349
10.4361519814  4469622
10.5760629177  4465603
10.7057330608  4465156
10.8646790981  4427698
10.984762907  4319662
11.0958359241  4316380
11.2010099888  4291021
11.4138829708  4289060
11.5928609371  4201879
11.7040879726  4188600
11.8238129616  4188534
11.9247789383  4178743
12.0579209328  4165592
12.1691629887  4164163
12.3008019924  4051961
12.5673570633  3915374
12.6899280548  3906062
12.8547360897  3809409
13.0578980446  3782347
13.2682759762  3778613
13.3938379288  3759703
13.6955769062  3724084
14.1441800594  3697497
14.3257830143  3694414
14.4302530289  3694352
14.5489840508  3683982
14.6501259804  3683532
14.798101902  3682362
14.9333410263  3673924
15.1390559673  3662305
15.3392760754  3660570
15.4501109123  3658533
15.5821900368  3650554
15.7047719955  3620592
15.8542568684  3611756
16.0360660553  3584383
16.1748418808  3584253
16.3238430023  3583231
16.4662790298  3538995
16.6244060993  3527659
16.8182609081  3507758
16.9403059483  3505278
17.1238820553  3503230
17.3075149059  3485376
17.4633738995  3481223
17.599668026  3477927
17.7299859524  3414048
17.9984300137  3368498
18.1593868732  3267612
18.3598749638  3235987
18.6337070465  3232566
18.8693330288  3199597
18.9735000134  3195514
19.0914618969  3194717
19.1974508762  3176771
19.2909538746  3176103
19.4567968845  3107383
19.560295105  3096291
19.6772480011  3067401
19.8089139462  3048825
19.9393200874  3043077
20.0660009384  3039781
20.2101988792  3028268
20.3447399139  3015167
20.4725809097  3014538
20.6063530445  3012094
20.7386360168  3010928
20.9170179367  3009271
21.0889060497  2972662
21.2478079796  2912273
21.4114189148  2890305
21.5652461052  2816113
21.7057039738  2798590
21.8428869247  2795294
21.9972770214  2791788
22.1474108696  2783439
22.28083992  2769169
22.4226861  2768540
22.5959310532  2767102
22.7275209427  2765936
22.8871450424  2742784
23.0448958874  2726779
23.2049739361  2726704
23.3802108765  2662518
23.5238580704  2661039
23.6873149872  2658753
23.8608388901  2653402
24.0450930595  2644559
24.2297110558  2642133
24.4163360596  2637106
24.5982139111  2634432
24.7837440968  2609575
24.9764089584  2594615
25.1827979088  2590415
25.380081892  2561807
25.592772007  2529163
25.8344190121  2526247
26.0958828926  2516704
26.323029995  2485131
26.528138876  2468644
26.7606539726  2410486
26.9871258736  2379051
27.1991629601  2365261
27.4139940739  2357835
27.6319310665  2357298
27.8532130718  2353728
28.0580050945  2233788
28.2568120956  2221940
28.4630520344  2219849
28.6663229465  2205070
28.8745939732  2184216
29.0830249786  2174188
29.3057820797  2169338
29.5317208767  2160787
29.7629919052  2159938
29.9980909824  2121139
30.2452039719  2062471
30.4770209789  2004634
30.7293028831  2004502
30.9622080326  2001329
31.2846419811  1995451
31.547978878  1970266
31.7994570732  1951559
32.0408198833  1949205
32.2869489193  1884852
32.5289130211  1883646
32.7665429115  1872757
33.0103750229  1856349
33.2476370335  1804738
33.4910290241  1790992
33.7254910469  1780921
33.9800159931  1780655
34.2341458797  1775010
34.487762928  1771861
34.7302980423  1769496
34.8653230667  1766599
34.9993989468  1756333
35.2535998821  1751466
35.5126650333  1727255
35.7801280022  1726892
36.1304180622  1726765
36.4131860733  1717759
36.6536140442  1716832
36.9217128754  1716821
37.1878180504  1710648
37.4440839291  1707808
37.7060379982  1707177
37.9657969475  1705950
38.2183349133  1705899
38.5164809227  1697415
38.8121891022  1631836
39.1003770828  1620438
39.3898799419  1618548
39.6767480373  1616582
39.963835001  1601919
40.0959830284  1601609
40.2233889103  1598843
40.4998009205  1593479
40.8122730255  1587320
41.1986699104  1583457
41.5164809227  1551594
41.819660902  1510766
42.1080548763  1505544
42.4069499969  1484146
42.7091119289  1431967
43.0319678783  1431026
43.3493800163  1367406
43.6849489212  1366600
44.0023620129  1345805
44.3266050816  1303015
44.644712925  1268574
44.9661729336  1239798
45.2727730274  1233397
45.5875520706  1233394
45.6712141037  1232965
45.7570109367  1232744
45.861330986  1231996
45.9933180809  1229804
46.3872659206  1228774
46.7190079689  1228573
47.0473239422  1227591
