0.0113639831543  9739990
0.0122539997101  9717576
0.0124411582947  9695259
0.0127220153809  9693350
0.01305103302  9626194
0.0135281085968  9618428
0.0144951343536  9617782
0.0147471427917  9432952
0.0158660411835  9431590
0.0170111656189  9409777
0.0190761089325  9401650
0.019159078598  9334231
0.0193781852722  9314894
0.0197072029114  9308306
0.0197820663452  9299482
0.0198991298676  9290841
0.0199739933014  9289649
0.0203461647034  9137079
0.0208442211151  9129474
0.0209200382233  9017000
0.021418094635  8985916
0.0220010280609  8820808
0.0240321159363  8801134
0.0269060134888  8780785
0.0269951820374  8779340
0.0303270816803  8771405
0.0305120944977  8771128
0.0306479930878  8733328
0.0309290885925  8633180
0.0310161113739  8608134
0.0315880775452  8606853
0.0316751003265  8588753
0.0318109989166  8440072
0.032112121582  8417577
0.0323710441589  8404221
0.0324552059174  8338149
0.0330040454865  8335098
0.034056186676  8332358
0.0347471237183  8320532
0.0353469848633  8279488
0.0359899997711  8262612
0.036737203598  8241895
0.0381541252136  8241462
0.038318157196  8031900
0.0387670993805  7999211
0.0405521392822  7925165
0.0437831878662  7910582
0.0438740253448  7901477
0.0482041835785  7897878
0.0482881069183  7895278
0.0485939979553  7843843
0.048718214035  7707362
0.0491480827332  7623286
0.0552461147308  7619730
0.0607011318207  7591255
0.067104101181  7583221
0.0770161151886  7579946
0.0772302150726  7576962
0.0773060321808  7576858
0.0774240493774  7567357
0.0823450088501  7548272
0.0874772071838  7547720
0.0923821926117  7547324
0.116098165512  7492803
0.116309165955  7492764
0.125910997391  7490546
0.131491184235  7488112
0.140621185303  7348157
0.147422075272  7347551
0.152307987213  7304345
0.157460212708  7239476
0.162439107895  7117533
0.167816162109  7076021
0.179053068161  7075247
0.189671039581  7066492
0.200259208679  7054403
0.211515188217  7023787
0.232288122177  6887145
0.252994060516  6798200
0.275643110275  6782891
0.296276092529  6684022
0.316327095032  6658215
0.337874174118  6636181
0.362305164337  6634766
0.38281917572  6619058
0.413780212402  6607574
0.437920093536  6596929
0.459567070007  6596916
0.480304002762  6574861
0.502038002014  6524226
0.521772146225  6504339
0.541665077209  6482997
0.561969041824  6453526
0.581955194473  6338752
0.602897167206  6310834
0.624225139618  6265875
0.652016162872  6254025
0.676786184311  6246714
0.702122211456  6198047
0.728107213974  6164731
0.755300998688  6164286
0.780286073685  6163069
0.805186986923  6123703
0.829966068268  6123385
0.855125188828  6118589
0.88037109375  6014677
0.913690090179  5977101
0.93874502182  5927439
0.949709177017  5926513
0.96484208107  5926373
0.990868091583  5919720
1.00073003769  5911798
1.01042199135  5911174
1.03709411621  5822392
1.0624101162  5788458
1.08688902855  5769383
1.11498022079  5767369
1.1450881958  5743652
1.15844011307  5742726
1.17329406738  5742586
1.20310020447  5714711
1.21772217751  5706435
1.23103308678  5705811
1.25957608223  5568974
1.28593611717  5561155
1.31270003319  5553805
1.33896398544  5553572
1.36483716965  5538947
1.40004014969  5473802
1.43312811852  5466276
1.47747707367  5461357
1.513048172  5460099
1.55800104141  5283449
1.5923511982  5281071
1.63980698586  5280724
1.68741321564  5280460
1.73307704926  5276248
1.78469800949  5275363
1.85055613518  5231731
1.92897319794  5164198
1.99471402168  5163896
2.0595741272  5127047
2.12748503685  5068218
2.20108103752  5043738
2.27414417267  4981556
2.34775400162  4978279
2.42614603043  4978189
2.49608421326  4939004
2.56827807426  4896210
2.60235309601  4896055
2.63664221764  4895579
2.67609620094  4895105
2.74471521378  4882062
2.81402301788  4857734
2.88301920891  4854407
2.96873903275  4754162
3.07653021812  4741545
3.18316102028  4717101
3.25575304031  4714482
3.32587409019  4713863
3.36251616478  4712401
3.41565108299  4711482
3.47889614105  4708149
3.5586130619  4608199
3.63330221176  4562003
3.68270611763  4559810
3.71734309196  4559334
3.75204110146  4558860
3.81940507889  4554508
3.88562321663  4518842
3.96323609352  4472096
4.03558802605  4412066
4.0717279911  4411626
4.11502504349  4410735
4.18082499504  4407668
4.24707698822  4366601
4.31822419167  4366119
4.38962101936  4353892
4.43696808815  4353748
4.47360014915  4353272
4.50819706917  4352798
4.57349705696  4285081
4.64228105545  4280857
4.72881913185  4242809
4.79893112183  4213248
4.86776304245  4195728
4.9475710392  4195667
5.01606917381  4173595
5.13669013977  4099990
5.19109916687  4097878
5.24147200584  4096954
5.30352807045  4093526
5.37482309341  4089082
5.45678305626  4073344
5.52614808083  3982105
5.60121011734  3911370
5.68443417549  3888348
5.75633621216  3858362
5.79047107697  3856073
5.82739901543  3855597
5.86178708076  3855123
5.93721008301  3851144
6.00743603706  3850083
6.07658600807  3845380
6.15819501877  3837346
6.2226190567  3836178
6.30749416351  3834515
6.37627506256  3833963
6.46655201912  3815714
6.56485104561  3794943
6.66511011124  3754626
6.75639414787  3753616
6.85385608673  3747319
6.9514901638  3745967
7.05404520035  3710461
7.15071105957  3556980
7.2279419899  3554841
7.31373119354  3554575
7.40754318237  3528820
7.48049616814  3515726
7.55188512802  3511575
7.62269115448  3510407
7.69726705551  3509855
7.79397821426  3474982
7.88689112663  3463716
8.0057091713  3458233
8.11400103569  3458128
8.22499799728  3454939
8.32380414009  3453475
8.43440198898  3416863
8.54086709023  3390239
8.63661813736  3387422
8.74062108994  3386694
8.83498716354  3381434
8.93177318573  3372741
9.00816702843  3370602
9.09280610085  3370336
9.191655159  3366738
9.29639601707  3364745
9.39269900322  3363788
9.50787711143  3354838
9.61572599411  3352247
9.72529411316  3327240
9.82925510406  3306943
9.94808602333  3291486
10.0532441139  3271365
