0.0111801624298  9290027
0.0113310813904  9238449
0.0116860866547  9141897
0.0118131637573  9140881
0.0119841098785  9137408
0.0125150680542  9028107
0.0125911235809  8978125
0.0127511024475  8906164
0.0139281749725  8856322
0.0141320228577  8822193
0.0146100521088  8731361
0.0164849758148  8711125
0.0173699855804  8682528
0.0178351402283  8617991
0.0179209709167  8481675
0.0191791057587  8361394
0.01926612854  8358154
0.0194489955902  8267850
0.0195350646973  8251860
0.0208439826965  8241279
0.0209310054779  8219300
0.0233981609344  8209449
0.0241520404816  8194949
0.0243010520935  8194271
0.0245311260223  8190473
0.0248410701752  8069809
0.0254831314087  8033748
0.0256299972534  8032522
0.0258569717407  7984186
0.0265519618988  7891829
0.0266890525818  7878194
0.0287501811981  7866040
0.0316829681396  7855243
0.0318250656128  7821456
0.0320100784302  7722601
0.0324420928955  7681994
0.0327730178833  7558260
0.0329201221466  7474513
0.0358691215515  7471315
0.0381031036377  7439805
0.038733959198  7437438
0.0388221740723  7425339
0.0390071868896  7393173
0.0416021347046  7381014
0.0459580421448  7379589
0.0460951328278  7283263
0.0463011264801  7237090
0.0470411777496  7206071
0.0476651191711  7100835
0.0479199886322  7085674
0.048052072525  6980710
0.0482120513916  6953799
0.0483140945435  6950431
0.0487129688263  6873755
0.0488030910492  6856583
0.0489449501038  6841701
0.0493471622467  6782882
0.0503611564636  6656134
0.050439119339  6654224
0.050644159317  6536263
0.0507211685181  6531906
0.0512280464172  6476022
0.0513050556183  6462343
0.0515551567078  6323109
0.0525481700897  6249544
0.0535981655121  6146736
0.0536780357361  6133302
0.0551600456238  6089629
0.0552911758423  6086861
0.055370092392  6085324
0.0556199550629  5968168
0.0557441711426  5959893
0.0569469928741  5911286
0.0570261478424  5815634
0.0583071708679  5771189
0.058384180069  5755384
0.058629989624  5686709
0.0587999820709  5678710
0.0625870227814  5678349
0.0646910667419  5613233
0.0648231506348  5605526
0.0651650428772  5569525
0.0657560825348  5561884
0.0672521591187  5534296
0.0675821304321  5503442
0.0677421092987  5443896
0.069619178772  5443762
0.0738320350647  5381456
0.0740370750427  5276980
0.0741131305695  5245046
0.074404001236  5190044
0.0745220184326  5128320
0.0748951435089  5007629
0.0750119686127  4995884
0.0750870704651  4992320
0.0755450725555  4976178
0.075620174408  4873851
0.0762050151825  4854877
0.0762801170349  4854467
0.0763971805573  4853293
0.0813980102539  4739903
0.0911540985107  4736302
0.101469993591  4672782
0.10155415535  4672261
0.111256122589  4612340
0.11133313179  4612287
0.120996952057  4533914
0.131698131561  4468607
0.131908178329  4468423
0.146646976471  4391804
0.156491994858  4378085
0.166751146317  4227313
0.166828155518  4226399
0.176859140396  4204431
0.186702013016  4200856
0.198116064072  4200384
0.208634138107  4192012
0.208722114563  4192001
0.221034049988  4141533
0.221120119095  4140383
0.231029033661  4035770
0.245417118073  4005441
0.25926399231  4004813
0.27343416214  3991451
0.283415079117  3982778
0.293671131134  3941515
0.308254003525  3914838
0.318873167038  3901892
0.334048986435  3863477
0.348895072937  3822103
0.359131097794  3758111
0.374094963074  3743489
0.385879993439  3687703
0.401754140854  3687603
0.40184211731  3687480
0.412122011185  3612872
0.422283172607  3557672
0.422366142273  3556635
0.432640075684  3470880
0.447466135025  3452289
0.462907075882  3395775
0.478134155273  3387003
0.49297118187  3386945
0.510553121567  3386843
0.52650809288  3294217
0.543910980225  3291008
0.561131954193  3284670
0.576119184494  3254814
0.591245174408  3199542
0.610490083694  3198113
0.625319957733  3191815
0.650423049927  3175176
0.670123100281  3158345
0.686243057251  3156169
0.701282024384  3154299
0.720234155655  3143278
0.747311115265  3128112
0.776251077652  3104979
0.801298141479  3104894
0.830302000046  3095294
0.856987953186  3089633
0.882869958878  3070589
0.92063999176  3066281
0.950620174408  3060431
0.980993032455  3021796
1.01106214523  3012138
1.05815005302  3008375
1.10509514809  2990828
1.15603017807  2971654
1.18127298355  2970262
1.20931696892  2968778
1.23410105705  2964751
1.26866817474  2927665
1.3059630394  2904408
1.3584830761  2886700
1.39937996864  2864552
1.43441295624  2862185
1.47326517105  2859483
1.51032614708  2822741
1.56175112724  2746618
1.61418199539  2715300
1.67092299461  2665044
1.72021603584  2658724
1.76713609695  2651039
1.78187298775  2637663
1.79635095596  2635514
1.82975101471  2629315
1.86072206497  2614032
1.87985706329  2601877
1.9132039547  2530834
1.94372415543  2526371
1.97655701637  2520896
2.00960206985  2520382
2.04215097427  2518707
2.0764541626  2517722
2.11971902847  2517200
2.16609597206  2516830
2.20834612846  2516211
2.27667713165  2511342
2.34996294975  2496840
2.43234801292  2448780
2.50326108932  2443418
2.57431101799  2442968
2.6513261795  2437044
2.7279510498  2436235
2.80919098854  2430325
2.87912201881  2428062
2.96586894989  2375148
3.06086015701  2367837
3.19391608238  2361990
3.29200911522  2361563
3.37685012817  2331906
3.48510098457  2331605
3.56673908234  2322183
3.66303610802  2309089
3.73977804184  2308707
3.83019399643  2247770
3.90695309639  2244968
4.02439117432  2206553
4.11423897743  2202404
4.20329117775  2201821
4.28646397591  2185306
4.37758517265  2179944
4.47202110291  2179836
4.54921102524  2143724
4.65263295174  2124096
4.75609302521  2123101
4.86040115356  2114990
4.97850799561  2062646
5.05397415161  2059379
5.13016200066  2059142
5.21251010895  2058887
5.29426312447  2058491
5.43719696999  2055310
5.58325505257  2052337
5.72924613953  2048622
5.86450314522  2048442
6.01058197021  2046824
6.15058898926  2023865
6.30436897278  2018186
6.46736097336  2017110
6.61646699905  2016893
6.77171206474  2016717
6.96052098274  2008940
7.13392114639  1995628
7.32646203041  1994890
7.57528710365  1988188
7.79134202003  1987959
7.98749995232  1984654
8.15998697281  1982853
8.34875011444  1980449
8.5383579731  1978774
8.73607110977  1978264
8.92411518097  1966757
9.12819504738  1966453
9.32368516922  1956527
9.52430915833  1950629
9.72814512253  1947430
9.93607115746  1941238
10.1359121799  1940795
