0.00922989845276  9875467
0.0100858211517  9737094
0.0103619098663  9615930
0.0104928016663  9519758
0.0108678340912  9438851
0.0109539031982  9385500
0.0111379623413  9243516
0.0112400054932  9238011
0.0113098621368  9236854
0.0115778446198  9083009
0.0119118690491  8938080
0.0123398303986  8834421
0.0124139785767  8573491
0.0125408172607  8545872
0.0127878189087  8481254
0.0128519535065  8188015
0.0130968093872  8110668
0.0141279697418  8106919
0.014191865921  8031961
0.0143768787384  7944177
0.0145618915558  7941917
0.0146858692169  7887344
0.0148098468781  7875838
0.0149359703064  7870725
0.0151209831238  7741891
0.015184879303  7698985
0.0153098106384  7696129
0.0154337882996  7661506
0.0154979228973  7642596
0.015743970871  7549840
0.0158078670502  7547723
0.0159928798676  7425457
0.0160570144653  7398656
0.0161209106445  7376864
0.0170919895172  7271955
0.0177018642426  7263424
0.0180678367615  7211744
0.0181319713593  7202634
0.0182559490204  7202379
0.0183188915253  7200545
0.0185658931732  7079763
0.0189919471741  7075249
0.019054889679  7046265
0.0192399024963  7017198
0.0193638801575  7015480
0.0197308063507  7002110
0.019859790802  7001027
0.0200088024139  6884628
0.0203289985657  6756807
0.0215158462524  6752836
0.0227417945862  6710278
0.0239078998566  6643652
0.024523973465  6596448
0.0250759124756  6592375
0.0253229141235  6585796
0.0258748531342  6542228
0.0281088352203  6540980
0.0294167995453  6513843
0.0299768447876  6456811
0.0305058956146  6455107
0.030574798584  6396369
0.0307159423828  6329511
0.0316939353943  6295676
0.0320990085602  6252108
0.0334458351135  6190319
0.0337629318237  6180263
0.0353498458862  6120526
0.0356588363647  6119581
0.0357239246368  6077669
0.0358498096466  5873457
0.0363779067993  5861420
0.0369329452515  5861055
0.0371809005737  5860851
0.0374279022217  5857231
0.0377969741821  5795717
0.0382888317108  5795537
0.0399580001831  5790635
0.0415499210358  5771838
0.0418028831482  5764357
0.0428259372711  5735643
0.043447971344  5734538
0.0435237884521  5603375
0.0438418388367  5581803
0.0445749759674  5579439
0.0446469783783  5564880
0.0456349849701  5559910
0.0457038879395  5553239
0.0463759899139  5527595
0.0470268726349  5522388
0.0477528572083  5499173
0.0479447841644  5496833
0.0500059127808  5481542
0.0506157875061  5472124
0.0521500110626  5468696
0.05286693573  5461408
0.0531289577484  5460169
0.0549969673157  5454663
0.0573308467865  5401989
0.059161901474  5386114
0.0619688034058  5346652
0.0624589920044  5321718
0.0638809204102  5312607
0.064309835434  5301478
0.0645558834076  5276154
0.0664348602295  5275261
0.0670437812805  5274089
0.0671079158783  5154566
0.0674159526825  5149013
0.0686268806458  5139213
0.0686898231506  5119533
0.0693609714508  5022049
0.0699689388275  5014183
0.0703339576721  5000363
0.0710029602051  4998497
0.0710668563843  4977818
0.0715589523315  4972427
0.0719850063324  4971654
0.0730168819427  4969502
0.0751328468323  4965251
0.0754377841949  4948393
0.0755620002747  4890513
0.0767579078674  4876607
0.0773429870605  4871274
0.0778939723969  4850721
0.0788807868958  4850542
0.080855846405  4826523
0.083037853241  4801258
0.0844898223877  4767655
0.0858218669891  4750539
0.0899958610535  4733581
0.0901279449463  4679727
0.0925879478455  4671251
0.0955929756165  4659225
0.0978639125824  4650336
0.100135803223  4630531
0.102208852768  4596462
0.102655887604  4542888
0.102926015854  4542738
0.102993011475  4537811
0.103788852692  4534640
0.107481956482  4504029
0.107848882675  4503910
0.107975006104  4502214
0.108342885971  4487297
0.108405828476  4486140
0.108893871307  4477671
0.112228870392  4475086
0.112481832504  4399696
0.113029956818  4383102
0.113638877869  4381339
0.113763809204  4373314
0.114614009857  4278759
0.119501829147  4276277
0.121369838715  4274376
0.121493816376  4271920
0.122219800949  4270782
0.122283935547  4247671
0.129447937012  4247422
0.130108833313  4220161
0.130940914154  4215612
0.131915807724  4214459
0.133130788803  4184150
0.134342908859  4171182
0.134771823883  4123146
0.137555837631  4103916
0.138464927673  4103909
0.140007972717  4101050
0.140252828598  4098723
0.142130851746  4090453
0.142254829407  4088640
0.14274096489  4084235
0.143044948578  4084063
0.151856899261  4079776
0.153503894806  4075083
0.155803918839  4072220
0.15903878212  4071553
0.163008928299  4070047
0.163992881775  4068404
0.16571187973  4067096
0.167479991913  4060783
0.170516014099  3979130
0.173133850098  3966741
0.18035197258  3965981
0.182791948318  3960907
0.187619924545  3892549
0.191681861877  3890314
0.196806907654  3855352
0.19736289978  3848555
0.198035001755  3848553
0.198402881622  3848164
0.199378013611  3845390
0.200232982635  3845275
0.200601816177  3842418
0.203338861465  3839222
0.205815792084  3769233
0.208133935928  3764436
0.209174871445  3745613
