0.0105199813843  9488226
0.0108590126038  9410997
0.0109250545502  9304367
0.0110499858856  9163135
0.0111150741577  9159963
0.0111792087555  9010915
0.0112431049347  9010654
0.0113070011139  8993460
0.0113711357117  8978275
0.0116181373596  8976512
0.0116820335388  8939833
0.0117461681366  8927210
0.0118091106415  8853279
0.0119941234589  8670082
0.0120580196381  8407925
0.0123660564423  8363025
0.0124289989471  8257247
0.0126760005951  8084516
0.012983083725  7900613
0.0130469799042  7772598
0.0134751796722  7632710
0.0138421058655  7563104
0.0142710208893  7560643
0.0144560337067  7530807
0.0145812034607  7476292
0.0154941082001  7381581
0.015557050705  7327772
0.0157430171967  7289184
0.0158669948578  7255235
0.0159301757812  7090383
0.0173292160034  7079057
0.0179371833801  7076953
0.0185441970825  6869217
0.0187292098999  6832178
0.0190951824188  6810548
0.0194611549377  6809921
0.0198872089386  6800017
0.0202541351318  6799271
0.020378112793  6795036
0.020562171936  6786499
0.0226480960846  6766351
0.0232801437378  6743720
0.023411989212  6743409
0.0235991477966  6734796
0.0237860679626  6734359
0.0240931510925  6670047
0.0243401527405  6646297
0.0245261192322  6624775
0.0248022079468  6535224
0.0248861312866  6500341
0.0250780582428  6499009
0.0256900787354  6483290
0.0257551670074  6474564
0.0266070365906  6474258
0.0266721248627  6429815
0.0268571376801  6413360
0.0276520252228  6402867
0.0280771255493  6367523
0.0291121006012  6367012
0.0291759967804  6325842
0.0300300121307  6224939
0.0301551818848  6219491
0.0304610729218  6142226
0.0308589935303  6141032
0.0311570167542  6057700
0.0313460826874  6051344
0.0315930843353  6041299
0.0316569805145  5954041
0.0328722000122  5953069
0.033360004425  5951364
0.0336661338806  5919382
0.033851146698  5908516
0.0340361595154  5782243
0.0345311164856  5776426
0.035019159317  5765710
0.0358700752258  5751585
0.0361762046814  5673869
0.0368680953979  5540198
0.0374481678009  5538339
0.037905216217  5509383
0.0400362014771  5439607
0.0402910709381  5433050
0.0407800674438  5405576
0.0414710044861  5369883
0.0419352054596  5360520
0.0421991348267  5285953
0.042720079422  5271937
0.0430481433868  5265584
0.0434391498566  5252808
0.0435721874237  5234282
0.0436410903931  5202068
0.0448081493378  5107639
0.0458130836487  5102696
0.0459370613098  5070126
0.0475142002106  5069808
0.0487260818481  5046014
0.0491511821747  5012585
0.0501461029053  4996981
0.0511820316315  4986771
0.051616191864  4986593
0.052344083786  4965359
0.0530741214752  4934206
0.0534400939941  4917845
0.0535650253296  4884835
0.0542840957642  4782366
0.0551760196686  4717668
0.0557720661163  4716269
0.0575270652771  4710723
0.0582330226898  4692622
0.0586330890656  4653165
0.0600531101227  4652501
0.0604500770569  4617012
0.0619411468506  4583708
0.0634310245514  4583021
0.0650641918182  4580573
0.0653700828552  4567096
0.0654330253601  4557066
0.0672490596771  4539462
0.0684561729431  4504502
0.0713469982147  4503354
0.0749921798706  4491656
0.075245141983  4474331
0.0756402015686  4472110
0.0770611763  4438887
0.078949213028  4433507
0.0799260139465  4417765
0.0807781219482  4416312
0.081207036972  4386173
0.0815131664276  4367121
0.0818221569061  4362900
0.083398103714  4335475
0.0835831165314  4305577
0.0847311019897  4298677
0.0854001045227  4249383
0.0861279964447  4247502
0.0866150856018  4246163
0.0881471633911  4196731
0.0917541980743  4195749
0.0926129817963  4151479
0.0931630134583  4151084
0.0950441360474  4135262
0.0971021652222  4126436
0.100139141083  4102298
0.101037979126  4096101
0.103231191635  4077487
0.103537082672  4008809
0.104991197586  3986669
0.108632087708  3966426
0.109591007233  3905723
0.110939025879  3898452
0.113425016403  3888598
0.113550186157  3795523
0.115792989731  3789108
0.11821603775  3788684
0.123172998428  3784771
0.13050699234  3784743
0.134524106979  3784641
0.136286020279  3741631
0.13756608963  3736162
0.138870000839  3605090
0.142683982849  3589992
0.145817041397  3588522
0.147212028503  3588211
0.149455070496  3584139
0.149885177612  3583690
0.152283191681  3576541
0.153108119965  3574800
0.153696060181  3573190
0.162569999695  3564031
0.163372039795  3550852
0.166233062744  3550150
0.167693138123  3544371
0.168364048004  3537585
0.171149015427  3536592
0.174405097961  3527641
0.175201177597  3526989
0.178152084351  3516426
0.17888212204  3515414
0.184262037277  3504126
0.184810161591  3498684
0.188318014145  3439079
0.195696115494  3435080
0.202259063721  3417474
0.2096991539  3410274
0.212503194809  3410212
0.213186979294  3408652
0.215324163437  3391015
0.217674016953  3360276
0.218050003052  3326878
0.223383188248  3321596
0.227013111115  3292296
0.227737188339  3289905
0.232072114944  3255142
0.24242401123  3255057
0.245237112045  3254615
0.252540111542  3252676
0.253336191177  3246551
0.253643035889  3239007
0.256103038788  3228431
0.263218164444  3227568
0.268449068069  3226066
0.271309137344  3222013
0.272783041  3221680
0.27353811264  3156351
0.283836126328  3129788
0.284316062927  3129709
0.286436080933  3129594
0.290951013565  3125465
0.295058012009  3123183
0.300179004669  3109488
0.303831100464  3106352
0.308605194092  3103535
0.312825202942  3102410
0.313263177872  3102200
0.313755989075  3079553
0.316195011139  3079144
0.316260099411  3061697
0.319543123245  3061099
0.319971084595  3060247
0.328544139862  3057700
0.347560167313  3057210
0.34822511673  3056476
0.351842164993  3036416
0.353871107101  3011125
0.361087083817  3010692
0.362255096436  3010153
0.370647192001  3004703
0.373004198074  2986192
0.379549026489  2983006
0.387557029724  2943299
0.393300056458  2934188
0.39485502243  2933690
0.397308111191  2930118
0.398061990738  2925555
0.398689031601  2914514
0.403578996658  2914331
0.40642619133  2912139
0.407730102539  2911768
0.412672996521  2906754
0.417036056519  2902050
0.423658132553  2898558
0.42690205574  2897606
0.427946090698  2822229
0.42813205719  2821849
0.431544065475  2819693
0.437488079071  2798235
0.445013046265  2793995
0.456309080124  2793010
0.462063074112  2791966
0.462680101395  2784183
0.463840007782  2780765
0.468999147415  2780761
0.472734212875  2776327
0.478493213654  2771726
0.49085021019  2766574
0.503185987473  2766243
0.511220216751  2766042
0.514083147049  2762051
0.519460201263  2761990
0.540702104568  2761620
0.556883096695  2753635
0.566086053848  2751319
0.597364187241  2747756
0.609369039536  2738802
0.611526012421  2733602
0.625517129898  2733473
0.651784181595  2725472
0.665405988693  2724033
0.674690008163  2723555
0.677103042603  2723013
0.68199801445  2721663
0.684039115906  2721343
0.702370166779  2716380
0.708478212357  2713884
