0.00995802879333  9418924
0.0101029872894  9382161
0.0102670192719  9279974
0.0103430747986  9279145
0.0105891227722  9276175
0.0107500553131  9270426
0.0109961032867  9264840
0.011668920517  9115806
0.0120861530304  9090410
0.012974023819  9071510
0.0130920410156  8999306
0.0134980678558  8976754
0.013622045517  8913802
0.0137839317322  8862981
0.0138599872589  8861873
0.0148370265961  8838372
0.0165529251099  8810648
0.017676115036  8806867
0.0187520980835  8743580
0.0188400745392  8689917
0.0191700458527  8668607
0.0206861495972  8660734
0.02077293396  8626936
0.0213890075684  8614172
0.0226631164551  8598438
0.023234128952  8588528
0.0238101482391  8586305
0.0239009857178  8575972
0.0242331027985  8542519
0.0243690013885  8534282
0.0244560241699  8531599
0.0246889591217  8487441
0.0251660346985  8374622
0.0268471240997  8338663
0.0269351005554  8290943
0.0270709991455  8276286
0.0272550582886  8222181
0.0290310382843  8199557
0.0293600559235  8174799
0.0325410366058  8136078
0.0327939987183  8128371
0.0330309867859  8095258
0.0349109172821  8075291
0.0350041389465  8040350
0.0372049808502  8006722
0.0373311042786  8002006
0.0376229286194  7996861
0.0377421379089  7994079
0.0379021167755  7924587
0.0381910800934  7919242
0.0385229587555  7912707
0.0405440330505  7881394
0.0406250953674  7849141
0.0427210330963  7813097
0.0428509712219  7783421
0.0454881191254  7765312
0.0455961227417  7661513
0.0482110977173  7658303
0.0510339736938  7653120
0.0543401241302  7652864
0.0561311244965  7608154
0.0562260150909  7577385
0.0563659667969  7576755
0.0564551353455  7575412
0.0566420555115  7562096
0.0567300319672  7542515
0.0570650100708  7524219
0.0575609207153  7517006
0.0586240291595  7500676
0.0610179901123  7494484
0.0636279582977  7484617
0.0669729709625  7472033
0.067106962204  7459048
0.0672760009766  7328088
0.0675280094147  7291018
0.0680289268494  7262740
0.069314956665  7256979
0.0694351196289  7202419
0.0696799755096  7192854
0.0706090927124  7186784
0.0706851482391  7106760
0.0713560581207  7099650
0.0714731216431  7048204
0.0715489387512  7047084
0.0719630718231  6961825
0.0746901035309  6960383
0.0762159824371  6958507
0.0776700973511  6957664
0.0777461528778  6939564
0.0809190273285  6933541
0.0811150074005  6845686
0.0812449455261  6814249
0.0814919471741  6742196
0.081610918045  6721759
0.0820260047913  6674890
0.0821011066437  6674499
0.0834209918976  6646677
0.0834980010986  6564952
0.0836160182953  6557625
0.0836911201477  6542774
0.0839359760284  6461721
0.0871629714966  6431874
0.0872390270233  6417081
0.0891239643097  6411485
0.089369058609  6379614
0.0894930362701  6330951
0.0916471481323  6316484
0.0919349193573  6269462
0.0954699516296  6261139
0.0955469608307  6260146
0.09579205513  6123986
0.0959091186523  6095624
0.0996911525726  6052532
0.101213932037  6014113
0.112499952316  5992231
0.112628936768  5923693
0.112790107727  5909212
0.112864971161  5853833
0.113109111786  5852607
0.116915941238  5839741
0.116995096207  5781757
0.120561122894  5758146
0.120856046677  5738631
0.121016979218  5736166
0.121134996414  5705596
0.121464014053  5600642
0.121539115906  5598497
0.122956991196  5596896
0.123810052872  5573136
0.125523090363  5568858
0.129328966141  5554861
0.133409976959  5543760
0.133783102036  5525665
0.133899927139  5448893
0.134228944778  5442393
0.134346961975  5440511
0.134505987167  5424917
0.13458108902  5422050
0.134995937347  5401417
0.1350710392  5384433
0.13734793663  5374673
0.13759303093  5360300
0.137922048569  5357119
0.141997098923  5339493
0.146425962448  5336271
0.146503925323  5334497
0.146633148193  5268569
0.14679312706  5267837
0.149251937866  5214302
0.153607130051  5203322
0.155583143234  5198868
0.15621304512  5188300
0.157707929611  5157432
0.162107944489  5116582
0.162184000015  5079246
0.164550065994  5068635
0.169644117355  5063728
0.176700115204  5019657
0.182672977448  5018976
0.191632032394  5013157
0.198030948639  5011165
0.203052997589  5010522
0.208173036575  4989657
0.213316917419  4963991
0.219970941544  4950162
0.227313041687  4942221
0.232286930084  4901077
0.237537145615  4865056
0.243226051331  4833533
0.248816013336  4832908
0.254150152206  4831271
0.260221004486  4830907
0.265689134598  4830154
0.270807981491  4759632
0.275969982147  4744107
0.281211137772  4738107
0.289119958878  4721245
0.296165943146  4717302
0.302706003189  4717031
0.308463096619  4701720
0.313902139664  4693077
0.319225072861  4688825
0.324906110764  4668616
0.335753917694  4654777
0.344213008881  4643367
0.35945391655  4639798
0.364524126053  4629887
0.369530916214  4576565
0.377018928528  4548236
0.38681101799  4527260
0.392385959625  4521638
0.397390127182  4519346
0.402682065964  4476138
0.407961130142  4474182
0.432819128036  4456965
0.437736034393  4450940
0.457410097122  4450485
0.476547002792  4450185
0.49950003624  4445070
0.51935505867  4436239
0.543035984039  4413825
0.548057079315  4409532
0.572582006454  4405964
0.597141027451  4402095
0.631307125092  4385831
0.659244060516  4374307
0.695732116699  4373821
0.720793962479  4364401
0.726376056671  4356715
0.746230125427  4348267
0.751837968826  4347362
0.756999015808  4346196
0.767002105713  4343422
0.77797293663  4336840
0.79346203804  4333301
0.808280944824  4313315
0.823483943939  4302909
0.838252067566  4258016
0.862049102783  4244705
0.877128124237  4204587
0.892832040787  4188937
0.918812036514  4184309
0.943908929825  4126012
0.968820095062  4125262
0.99346613884  4061578
1.01785898209  4040048
1.04344391823  3996779
1.06945896149  3979553
1.09489703178  3956962
1.13699698448  3956300
1.16149902344  3935714
1.18844199181  3927670
1.2132461071  3909646
1.24012899399  3868081
1.26607704163  3831397
1.29375505447  3820108
1.32294797897  3810480
1.3670630455  3806293
1.41439795494  3805487
1.48520612717  3763103
1.54502797127  3625675
1.6211681366  3584423
1.679708004  3583959
1.73688006401  3534769
1.80054092407  3524892
1.86942911148  3478832
1.92628502846  3465028
1.98240709305  3448407
2.04423594475  3426267
2.10083198547  3426020
2.16793203354  3401223
2.22737407684  3393458
2.28743100166  3360121
2.34674096107  3359658
2.41692304611  3358629
2.47516012192  3358333
2.53391695023  3241884
2.59063100815  3239389
2.65370202065  3229028
2.7368991375  3219968
2.83069610596  3212376
2.97868204117  3211390
3.075922966  3194168
3.17180895805  3192108
3.23224902153  3178211
3.29206705093  3161199
3.35172510147  3160441
3.43757510185  3157865
3.49799108505  3136882
3.60554814339  3124202
3.72216892242  3113480
3.82876491547  3103356
3.95071792603  3086266
3.96079492569  3078006
3.96621394157  3072116
3.97441291809  3056483
3.98505997658  3035268
3.99676609039  3026735
4.00840091705  3011118
4.02066206932  3007182
4.03213906288  3005640
4.04248595238  2999726
4.05374503136  2996624
4.06484103203  2992953
4.07468914986  2990074
4.08637404442  2989998
4.09703302383  2989947
4.10760211945  2978229
4.12609314919  2960478
4.14188408852  2937199
4.15229797363  2917337
4.1645591259  2916880
4.17529892921  2896934
4.18699502945  2892147
4.19816493988  2879306
4.21006798744  2873348
4.22073698044  2865598
4.23071098328  2864022
4.24068903923  2768633
4.25170612335  2766521
4.30436491966  2748799
4.35905909538  2745765
4.42404699326  2740977
4.48202800751  2720954
4.53884792328  2719290
4.59472298622  2719285
4.66048002243  2719077
4.71510410309  2718254
4.77384901047  2716362
4.78470993042  2715602
4.79560709  2715297
4.80974197388  2712622
4.8182849884  2708296
4.87873506546  2689720
4.93397712708  2679954
4.99227905273  2646851
5.0708220005  2640199
5.1348760128  2635639
5.24003314972  2635141
5.3238401413  2627773
5.38605999947  2622406
5.44355893135  2618599
5.5161960125  2596224
5.5918469429  2545179
5.67592406273  2454557
5.75818705559  2439976
5.83854103088  2415827
5.9248380661  2405748
6.00311899185  2371620
6.07925891876  2361227
6.15993499756  2339929
6.23558592796  2264337
6.29082608223  2258590
6.34510493279  2258439
6.43090510368  2253556
6.50676298141  2252622
6.58081007004  2245492
6.66386198997  2225908
6.73110103607  2222888
6.78251314163  2214052
6.84632110596  2210187
6.92409992218  2187863
7.00251412392  2153312
7.05714797974  2148173
7.1117670536  2148022
7.20282506943  2145307
7.28358697891  2134737
7.36276698112  2133446
7.45120191574  2132723
7.52770709991  2131165
7.61130595207  2129818
7.69752597809  2129549
7.78699302673  2128409
7.88372612  2127955
7.97006797791  2127779
8.0659570694  2113738
8.15723800659  2110169
8.24636912346  2107008
8.3327960968  2105086
8.42842102051  2104940
8.51236796379  2103910
8.59605097771  2101788
8.70109605789  2100113
8.78962206841  2098822
8.89876198769  2098564
8.99667692184  2096845
9.09983801842  2096474
9.20897293091  2096095
9.3159430027  2094514
9.43896102905  2094208
9.54836201668  2093849
9.65882015228  2093205
9.76516509056  2092692
9.85486698151  2091821
9.95008111  2091573
10.0512850285  2091480
