0.00987005233765  11123387
0.0099618434906  11016021
0.0100908279419  10840052
0.0101549625397  10404504
0.0102188587189  10058178
0.01034283638  9935041
0.0104069709778  9833737
0.0104699134827  9795083
0.0107138156891  9789596
0.0108978748322  9743694
0.0110239982605  9591329
0.0111489295959  9484695
0.0113918781281  9483887
0.0114548206329  9353191
0.0116398334503  9349131
0.0117628574371  9311162
0.0118260383606  9243496
0.0122499465942  9226637
0.0123128890991  9213003
0.0124969482422  9143021
0.0125589370728  9142546
0.0129249095917  9087795
0.0135889053345  9083000
0.0136518478394  9050477
0.0137159824371  8950219
0.013778924942  8945581
0.0138418674469  8930809
0.0140249729156  8882858
0.014328956604  8836088
0.0143918991089  8744792
0.0144548416138  8742723
0.0145199298859  8501985
0.014643907547  8346287
0.0149478912354  8282926
0.0150709152222  8247708
0.0155549049377  8242266
0.0156178474426  8235294
0.0156810283661  8228947
0.0159239768982  8180143
0.0162260532379  8095902
0.0162889957428  8076924
0.016471862793  7935746
0.0165359973907  7921714
0.0167179107666  7835045
0.0167820453644  7776223
0.0171449184418  7763588
0.0172078609467  7746118
0.0173900127411  7745474
0.0178139209747  7644800
0.0181770324707  7586462
0.0183010101318  7521053
0.018364906311  7438488
0.0187268257141  7175334
0.0187900066376  7134712
0.0189130306244  7055043
0.0192158222198  6997123
0.0192790031433  6989246
0.0198218822479  6967413
0.0211298465729  6939357
0.0213868618011  6937932
0.0215740203857  6887961
0.0216379165649  6864225
0.0219459533691  6853824
0.0220730304718  6669587
0.0227408409119  6565218
0.0229868888855  6557067
0.0235359668732  6534597
0.024806022644  6525413
0.0249910354614  6516658
0.0251150131226  6488258
0.0255420207977  6484652
0.0259819030762  6469495
0.0260570049286  6447085
0.0261240005493  6435572
0.0264189243317  6342032
0.0299789905548  6334755
0.0319268703461  6321425
0.0323040485382  6298899
0.032546043396  6171675
0.0335478782654  6140269
0.0345890522003  6133615
0.0346598625183  5990476
0.036435842514  5980854
0.0365669727325  5952500
0.0373129844666  5949035
0.0373799800873  5918583
0.0376880168915  5911493
0.038115978241  5892722
0.0383629798889  5866150
0.0384268760681  5859805
0.0387330055237  5855376
0.0388579368591  5780319
0.0397078990936  5780284
0.0400338172913  5777865
0.0418310165405  5727135
0.0425200462341  5699301
0.0425889492035  5645635
0.0428359508514  5644631
0.0433878898621  5637259
0.0435128211975  5621491
0.0447800159454  5618424
0.0449650287628  5616000
0.0465378761292  5567007
0.0469110012054  5547357
0.0478839874268  5543452
0.048369884491  5421243
0.0491569042206  5415053
0.0493438243866  5376898
0.0496490001678  5338522
0.050253868103  5304233
0.0513408184052  5299656
0.0514049530029  5276341
0.0517089366913  5269410
0.0529148578644  5268345
0.0533390045166  5245846
0.053582906723  5208036
0.0547878742218  5202961
0.0551528930664  5179347
0.0555789470673  5178721
0.0566058158875  5178528
0.0573348999023  5167918
0.0575199127197  5152786
0.0586030483246  5151071
0.0590260028839  5148527
0.0592699050903  5089023
0.0595738887787  5069317
0.0606639385223  5069281
0.0636730194092  5007327
0.0656499862671  4860396
0.0663130283356  4859303
0.0681779384613  4851742
0.0688428878784  4845913
0.0694448947906  4845448
0.0697479248047  4845287
0.0704710483551  4802873
0.072685956955  4721448
0.0728688240051  4611749
0.0734729766846  4607634
0.0757529735565  4605191
0.0760569572449  4559469
0.0773818492889  4510222
0.0794188976288  4510110
0.0798418521881  4505575
0.0800268650055  4504814
0.0826878547668  4494098
0.0869338512421  4481875
0.0874218940735  4472203
0.0874860286713  4464919
0.0875499248505  4451593
0.0876288414001  4430405
0.0876958370209  4423586
0.0898659229279  4358810
0.0915558338165  4358325
0.093966960907  4357667
0.0941519737244  4357569
0.0954759120941  4355153
0.0962610244751  4342277
0.097286939621  4332525
0.0979509353638  4328726
0.0992150306702  4324637
0.100780010223  4323796
0.101805925369  4317866
0.10259103775  4307351
0.102713823318  4305933
0.103435993195  4304789
0.103713035583  4300910
0.104615926743  4296662
0.107440948486  4277090
0.108284950256  4276867
0.111706018448  4246014
0.112439870834  4232836
0.112865924835  4206244
0.112929821014  4191954
0.117099046707  4191953
0.117682933807  4165357
0.118103981018  4158893
0.118728876114  4115202
0.123589038849  4072361
0.125437021255  4042879
0.128444910049  4039709
0.128509044647  4035124
0.131494045258  4034969
0.131563901901  4028649
0.132233858109  4028022
0.132359027863  4022881
0.135071992874  4015683
0.135135889053  4001780
0.137490987778  3998552
0.138397932053  3996938
0.139423847198  3970964
0.13954782486  3966239
0.142503976822  3945540
0.148094892502  3945170
0.1481590271  3943109
0.150699853897  3941304
0.150763034821  3939641
0.152449846268  3938254
0.153537034988  3901701
0.154501914978  3901068
0.155287027359  3883589
0.157688856125  3882963
0.158953905106  3864808
0.163516044617  3845457
0.164062023163  3845296
0.165326833725  3836288
0.166656017303  3829433
0.167080879211  3823688
0.168408870697  3823507
0.16859793663  3808717
0.174340009689  3786765
0.176403999329  3751964
0.181412935257  3683895
0.182458877563  3674196
0.197464942932  3674128
0.2064640522  3673848
0.207633972168  3644446
0.212729930878  3639179
0.214088916779  3638219
0.216116905212  3632899
0.216612815857  3632457
0.218482017517  3631606
0.220948934555  3626140
0.223052978516  3614640
0.225214004517  3614388
0.23609495163  3608441
0.237768888474  3607856
0.243023872375  3607294
0.243607997894  3581431
0.244920015335  3573774
0.252706050873  3555971
0.2605509758  3546614
0.262867927551  3544112
0.264875888824  3537455
0.270114898682  3533378
0.273493051529  3531832
0.274224042892  3530545
0.279770851135  3530433
0.288950920105  3510653
0.29101896286  3503660
0.291565895081  3500056
0.307111978531  3499485
0.309900999069  3494181
0.322188854218  3492847
0.325036048889  3486186
0.325942993164  3485304
0.336833953857  3484714
0.343360900879  3484138
0.345863819122  3481582
0.346293926239  3465835
0.352916002274  3447346
0.353582859039  3445589
0.353893041611  3445023
0.354138851166  3442057
0.35444688797  3441492
0.354630947113  3438469
0.356627941132  3438237
0.362253904343  3436499
0.369386911392  3426046
0.370687007904  3383454
0.371238946915  3377686
0.377104043961  3376621
0.397881031036  3375242
0.398449897766  3370938
0.398933887482  3367524
0.403826951981  3359886
0.406556844711  3357031
0.406982898712  3356536
0.411862850189  3343437
0.41192984581  3333488
0.418395996094  3331732
0.424751996994  3330869
0.425003051758  3330626
0.427659988403  3328846
0.43877696991  3328843
0.438968896866  3312716
0.443449020386  3312062
0.4438829422  3309438
0.444433927536  3309434
0.459501028061  3303163
0.461400032043  3274085
0.461767911911  3273146
0.463099956512  3273101
0.463224887848  3270424
0.465459823608  3266585
0.470711946487  3263080
0.470837831497  3261710
0.49075293541  3250711
0.494611978531  3216841
0.508491039276  3215737
0.52530503273  3215593
0.532910823822  3212516
0.545526981354  3201314
0.549772977829  3131471
0.550143003464  3126435
0.574612855911  3126155
0.578229904175  3122123
0.586813926697  3121472
0.592972040176  3116480
0.597097873688  3111609
0.60286283493  3111582
0.603176832199  3107248
0.609347820282  3106367
0.613109827042  3105790
0.613817930222  3105091
0.614176988602  3104862
0.614393949509  3102767
0.622841835022  3097123
0.643221855164  3095985
0.643352985382  3077115
0.645310878754  3073709
0.667150974274  3057310
0.674093008041  3053360
0.679044008255  3052686
0.681634902954  3033366
0.689321041107  3029081
0.695144891739  3028812
0.726636886597  3028734
0.73436498642  3021704
0.742784976959  3011792
0.763427972794  3007312
0.763509988785  2978628
0.780169010162  2977672
0.79474902153  2976554
0.806977987289  2976108
0.807932853699  2968207
0.816761016846  2967363
0.839609861374  2960710
0.840222835541  2958411
0.847223043442  2940460
0.855746984482  2934998
0.86763381958  2930801
0.868916988373  2928589
0.869169950485  2928535
0.874040842056  2919968
0.876411914825  2919686
0.878796815872  2916197
0.887006998062  2916101
0.892496824265  2902932
0.925323963165  2900409
0.925755977631  2898601
0.92581987381  2898488
0.93240404129  2894129
0.944440841675  2893028
0.944996833801  2891875
0.951243877411  2889208
0.955072879791  2888888
0.965617895126  2871325
0.974432945251  2832583
0.985805988312  2830971
0.991024971008  2826488
1.00165104866  2821575
1.04244494438  2820740
1.04621696472  2802013
1.05811095238  2801830
1.06848788261  2783194
1.07583594322  2774318
1.07819604874  2774291
1.10964488983  2753511
1.12295198441  2689979
1.12567782402  2689818
1.1270699501  2689164
1.13696599007  2688839
1.13770294189  2683597
1.14891505241  2667230
1.17054200172  2667224
1.17212986946  2667187
1.17956590652  2589849
1.18011403084  2588999
1.20419383049  2573621
1.20794487  2573488
1.23512101173  2571585
1.24252104759  2564883
1.25042891502  2564620
1.26110696793  2564418
1.2632958889  2564191
1.28149485588  2560212
1.30457496643  2552960
1.30603504181  2550914
1.32700800896  2544900
1.33286595345  2542380
1.34027600288  2539878
1.34458804131  2538991
1.42208194733  2533350
1.4328289032  2532258
1.43812084198  2532098
1.4455268383  2531803
1.44614005089  2520467
1.45881986618  2519543
1.47237300873  2511238
1.47693800926  2508079
1.51095986366  2493593
1.51947402954  2471000
1.52009701729  2463658
1.57830405235  2463334
1.62891793251  2457496
1.671916008  2452389
1.68139982224  2452219
1.69346499443  2434190
1.69935393333  2427699
1.73670601845  2420246
1.74798488617  2419514
1.75285387039  2419499
1.78727793694  2409804
1.83204698563  2406416
1.83779001236  2405259
1.84065890312  2404026
1.84138894081  2400611
1.85157585144  2395074
1.87835097313  2394005
1.89235591888  2392922
1.90438199043  2389865
1.90857982635  2388877
1.91368699074  2388166
1.94128298759  2370406
1.94135189056  2344852
1.94455289841  2343522
1.95852899551  2343037
1.96014904976  2341738
1.97906804085  2340476
1.9794678688  2339593
2.0022790432  2339583
2.03461003304  2338379
2.04829192162  2338304
2.06879401207  2337529
2.07997703552  2337257
2.08460998535  2337084
2.10049200058  2334889
2.10507488251  2334170
2.1129989624  2334124
2.19246697426  2334115
2.22085690498  2332631
2.25056004524  2331940
2.26699995995  2329057
2.29611992836  2328793
2.30745792389  2328752
2.33712482452  2319722
2.36799383163  2319309
2.3707818985  2319073
2.38390898705  2308801
2.47540998459  2303594
2.47802901268  2303017
2.48611187935  2299125
2.54132199287  2298950
2.59881591797  2298895
2.61200284958  2298547
2.63507390022  2298208
2.7113878727  2297601
2.79601597786  2297525
2.80339598656  2297327
2.83149290085  2292983
2.83818697929  2288927
2.87635993958  2288924
2.89061903954  2288349
