0.0105187892914  9350767
0.0106289386749  9325729
0.0108458995819  9306124
0.011127948761  9249360
0.0112709999084  9136844
0.0115509033203  9044043
0.0116238594055  9040465
0.0116968154907  8896334
0.0117700099945  8895567
0.0134778022766  8874816
0.0138309001923  8870476
0.0143899917603  8869745
0.0144898891449  8834541
0.0146369934082  8825630
0.0147929191589  8618107
0.0149569511414  8581394
0.0159568786621  8534036
0.0160229206085  8518546
0.0160868167877  8431703
0.0162119865417  8195845
0.0163378715515  8195558
0.0164008140564  8074754
0.0165858268738  8055090
0.0167109966278  8030964
0.0167739391327  8025358
0.0168979167938  7988056
0.0176429748535  7961842
0.0177688598633  7960999
0.0179538726807  7954754
0.0185008049011  7817376
0.0187168121338  7741428
0.0189039707184  7677591
0.0190708637238  7657270
0.0193159580231  7654443
0.0193808078766  7550943
0.0194449424744  7520633
0.0195088386536  7483951
0.0197539329529  7470679
0.0200610160828  7454500
0.020546913147  7393019
0.0207319259644  7390118
0.021509885788  7388348
0.0219209194183  7335397
0.02205991745  7206698
0.0229330062866  7158039
0.0230598449707  7012235
0.0231659412384  7003260
0.0232939720154  6963430
0.0234298706055  6900808
0.023857831955  6839229
0.0247089862823  6809147
0.0256588459015  6787217
0.0262169837952  6720277
0.0265848636627  6719127
0.0267109870911  6696166
0.0268969535828  6682554
0.027450799942  6681883
0.0279409885406  6632121
0.0280048847198  6595669
0.0287358760834  6591584
0.0295028686523  6556414
0.0296928882599  6470830
0.0299408435822  6436267
0.0300660133362  6429298
0.0301289558411  6428696
0.0303139686584  6315421
0.0306549072266  6255355
0.0308458805084  6254607
0.0310328006744  6252843
0.0312778949738  6237403
0.031341791153  6154030
0.0317549705505  6141528
0.0318830013275  6095969
0.0332159996033  6088884
0.0339448451996  6075443
0.0342519283295  6072740
0.0343759059906  6067553
0.0346219539642  5953650
0.0347459316254  5953318
0.0348708629608  5901358
0.0349948406219  5886743
0.0351188182831  5876724
0.0369319915771  5876406
0.0370569229126  5828131
0.0380837917328  5750994
0.0385727882385  5668728
0.0399658679962  5659960
0.040219783783  5658149
0.0404069423676  5632446
0.0405929088593  5628134
0.0407168865204  5616781
0.0409028530121  5520720
0.0413298606873  5517883
0.0421237945557  5517827
0.0422568321228  5444213
0.0425717830658  5440195
0.0433650016785  5429733
0.0460247993469  5400483
0.0466330051422  5380830
0.0467579364777  5363684
0.0477278232574  5361156
0.0486378669739  5324605
0.0492467880249  5296079
0.0500938892365  5282793
0.0508799552917  5267539
0.0511248111725  5197418
0.0512487888336  5177493
0.0513718128204  5151453
0.0520379543304  5141769
0.0542249679565  5125361
0.0542888641357  5111407
0.0555789470673  5072938
0.0562448501587  5045136
0.05681681633  5026389
0.0580208301544  5021813
0.0591218471527  5017552
0.0593688488007  5002050
0.0608088970184  4996989
0.0634679794312  4995331
0.0645668506622  4993862
0.0646939277649  4993458
0.0657119750977  4920672
0.0675249099731  4886254
0.0697219371796  4803215
0.0701789855957  4794900
0.0708467960358  4794495
0.0716369152069  4792453
0.0717008113861  4782680
0.0717649459839  4777929
0.076474905014  4730582
0.0769670009613  4730484
0.0809369087219  4728548
0.0819017887115  4722017
0.0872449874878  4699426
0.0873689651489  4658764
0.0890707969666  4595725
0.0903499126434  4594690
0.0919568538666  4591464
0.0922119617462  4586568
0.0927739143372  4578244
0.0929617881775  4540515
0.0942327976227  4540035
0.094780921936  4539653
0.0976839065552  4517868
0.0977489948273  4516008
0.0979328155518  4488603
0.100528001785  4479883
0.101013898849  4425266
0.101858854294  4416400
0.102762937546  4407601
0.103366851807  4404788
0.110471010208  4402481
0.114193916321  4401796
0.116144895554  4399892
0.116458892822  4393435
0.116522789001  4382099
0.118394851685  4370517
0.118699789047  4369740
0.123704910278  4345756
0.125888824463  4338987
0.12638092041  4321092
0.127353906631  4304092
0.127659797668  4299010
0.128087997437  4290505
0.129482984543  4276611
0.130008935928  4172098
0.13053393364  4153636
0.132413864136  4150338
0.133264780045  4145854
0.138897895813  4140880
0.140082836151  4135922
0.140958786011  4132512
0.141391992569  4101012
0.145040988922  4100303
0.145348787308  4096614
0.147739887238  4092629
0.152169942856  4014069
0.152417898178  4010036
0.15375995636  3992658
0.156237840652  3985829
0.159983873367  3882268
0.162354946136  3866468
0.164295911789  3858970
0.166620016098  3858966
0.166684865952  3801905
0.167838811874  3788216
0.16826581955  3784245
0.168511867523  3772103
0.16899895668  3770689
0.172920942307  3750867
0.175732851028  3749899
0.180048942566  3738293
0.181445837021  3685316
0.192646980286  3658412
0.200224876404  3658348
0.20127081871  3653799
0.201475858688  3653716
0.207309007645  3653608
0.212929964066  3647683
0.21324300766  3642993
0.21755194664  3593572
0.218100786209  3583299
0.219477891922  3581516
0.220963954926  3575795
0.22424697876  3543288
0.226089000702  3536447
0.22700381279  3535809
0.227735996246  3531108
0.234714984894  3529354
0.240882873535  3528824
0.246497869492  3525113
0.247178792953  3521464
0.250705003738  3521253
0.250953912735  3519842
0.253213882446  3505618
0.258098840714  3503063
0.262235879898  3470831
0.265222787857  3463820
0.270516872406  3461744
0.280218839645  3453501
0.288778781891  3401780
0.289343833923  3400920
0.299135923386  3400453
0.299693822861  3398865
0.30030298233  3373881
0.301337003708  3370935
0.301460981369  3364596
0.303712844849  3364471
0.31165599823  3355207
0.326681852341  3347921
0.329860925674  3346739
0.332894802094  3341590
0.336771965027  3341575
0.338235855103  3312126
0.344545841217  3304102
0.344981908798  3304084
0.346220016479  3303444
0.349550008774  3301745
0.349674940109  3300808
0.356371879578  3299470
0.357751846313  3296611
0.368028879166  3280255
0.370324850082  3280019
0.395900011063  3278154
0.40901684761  3274982
0.410177946091  3270052
0.411638975143  3266246
0.414496898651  3266074
0.427863836288  3245235
0.443691015244  3234440
0.452656984329  3233647
0.458858013153  3195285
0.463214874268  3181595
0.468999862671  3181391
0.478965997696  3142312
0.487017869949  3100523
0.488588809967  3099225
0.510141849518  3097205
0.5111079216  3092661
0.516152858734  3092341
0.518796920776  3071198
0.522352933884  3048869
0.523183822632  3035416
0.52755188942  3034247
0.532737016678  3033700
0.537548780441  3024814
0.545047998428  3024061
0.561173915863  3017694
0.561245918274  3016912
0.561615943909  3014405
0.564145803452  3007944
0.565116882324  3007091
0.570647001266  2999867
0.579369783401  2983462
0.595486879349  2978571
0.61088180542  2976171
0.614238977432  2975855
0.615292787552  2968175
0.615505933762  2967942
0.618471860886  2967097
0.619833946228  2961525
0.620471954346  2961223
0.620837926865  2908193
0.623152971268  2907488
0.632712841034  2902574
0.642004013062  2902072
0.643406867981  2901790
0.657375812531  2900367
0.659790992737  2899595
0.661913871765  2893846
0.677008867264  2893698
0.681382894516  2886276
0.694898843765  2886054
0.698476791382  2885845
0.71879196167  2875639
0.730515956879  2874719
0.733650922775  2861411
0.735847949982  2857998
0.75444483757  2856691
0.75953578949  2853258
0.761222839355  2850914
0.818068981171  2847538
0.833451986313  2846407
0.837447881699  2843940
0.841439008713  2842387
0.847847938538  2840496
0.866652011871  2839081
0.934441804886  2828462
0.942087888718  2789775
0.95171880722  2789637
0.985530853271  2789065
1.00212788582  2788833
1.02674484253  2785751
1.05956578255  2780431
1.07451081276  2780063
1.07855200768  2776988
1.08597588539  2776143
1.1094429493  2776051
1.16667985916  2771496
1.17633199692  2761803
1.18815994263  2741385
1.19491791725  2741238
1.20107483864  2736571
1.2123568058  2733097
1.22889900208  2731481
1.28428292274  2730949
1.30628395081  2730203
1.3192589283  2729251
1.35611796379  2728896
1.35643386841  2726396
1.38146185875  2726338
1.39506101608  2725930
1.42025279999  2721914
1.45712184906  2721674
1.45929694176  2721057
1.46748185158  2721042
1.47393679619  2718806
1.47676682472  2718775
1.48704385757  2717769
1.60888195038  2717751
1.65118193626  2713239
1.71816492081  2713117
1.72408294678  2712853
1.74937200546  2709894
1.75695800781  2708489
1.77730584145  2707886
1.77822685242  2704444
1.78596186638  2669583
1.79435682297  2666319
1.80405879021  2664837
1.80856990814  2661936
1.82554197311  2661862
1.85363793373  2661323
1.88139891624  2656149
1.91125392914  2650512
1.95387291908  2649604
1.96937799454  2646854
2.0137989521  2646823
2.0600938797  2645931
2.18856096268  2645821
2.19568681717  2644594
2.41760778427  2644395
2.51061797142  2643112
2.5362508297  2642625
2.5491027832  2642128
2.55912590027  2641098
2.78540182114  2641026
2.79397392273  2640623
3.22160196304  2637060
3.49906086922  2636389
4.61513495445  2636338
