0.0090639591217  9488226
0.00939393043518  9410997
0.00945782661438  9304367
0.00958180427551  9163135
0.00964498519897  9159963
0.00970697402954  9010915
0.00976991653442  9010654
0.00983285903931  8993460
0.00989484786987  8978275
0.0101368427277  8976512
0.0101997852325  8939833
0.0102617740631  8927210
0.0103249549866  8853279
0.0105068683624  8670082
0.0107228755951  8407925
0.0110418796539  8363025
0.011106967926  8257247
0.0113508701324  8084516
0.0116539001465  7900613
0.0117177963257  7772598
0.0121419429779  7632710
0.0125048160553  7563104
0.0129268169403  7560643
0.0131108760834  7530807
0.0132348537445  7476292
0.0143887996674  7381581
0.0144588947296  7327772
0.0147528648376  7289184
0.0149009227753  7255235
0.0149729251862  7090383
0.016706943512  7079057
0.0173189640045  7076953
0.0179259777069  6869217
0.0181109905243  6832178
0.0184769630432  6810548
0.0188419818878  6809921
0.0192668437958  6800017
0.0196318626404  6799271
0.0197558403015  6795036
0.0199398994446  6786499
0.0216469764709  6766351
0.0220198631287  6743720
0.0221447944641  6743409
0.0223288536072  6734796
0.0225138664246  6734359
0.0228188037872  6670047
0.0230629444122  6646297
0.0232458114624  6624775
0.0234298706055  6535224
0.0234940052032  6500341
0.0236768722534  6499009
0.02427983284  6483290
0.0243427753448  6474564
0.0251879692078  6474258
0.0252509117126  6429815
0.0254349708557  6413360
0.0263118743896  6402867
0.0270698070526  6367523
0.0284459590912  6367012
0.0285158157349  6325842
0.0294258594513  6224939
0.0295658111572  6219491
0.0298759937286  6142226
0.0301249027252  6141032
0.0307648181915  6057700
0.0312128067017  6051344
0.0318658351898  6041299
0.0320539474487  5954041
0.0335609912872  5953069
0.0343677997589  5951364
0.034679889679  5919382
0.0348658561707  5908516
0.035050868988  5782243
0.0355358123779  5776426
0.036022901535  5765710
0.0368688106537  5751585
0.037172794342  5673869
0.0378489494324  5540198
0.038605928421  5538339
0.0389797687531  5509383
0.0401768684387  5439607
0.0406048297882  5433050
0.0411088466644  5405576
0.0420289039612  5369883
0.0424609184265  5360520
0.0427057743073  5285953
0.04319190979  5271937
0.0434968471527  5265584
0.043860912323  5252808
0.0439848899841  5234282
0.044047832489  5202068
0.0451338291168  5107639
0.046098947525  5102696
0.0462229251862  5070126
0.048327922821  5069808
0.0499629974365  5046014
0.050393819809  5012585
0.0513877868652  4996981
0.0525159835815  4986771
0.0530059337616  4986593
0.0538399219513  4965359
0.0546708106995  4934206
0.0550489425659  4917845
0.0551729202271  4884835
0.0556538105011  4782366
0.0562567710876  4717668
0.0567398071289  4716269
0.0585768222809  4710723
0.0590109825134  4692622
0.0593159198761  4653165
0.0606389045715  4652501
0.0610029697418  4617012
0.0623829364777  4583708
0.0637769699097  4583021
0.0662009716034  4580573
0.0666198730469  4567096
0.0666878223419  4557066
0.0685069561005  4539462
0.0697159767151  4504502
0.0726587772369  4503354
0.0748507976532  4491656
0.074982881546  4474331
0.0751779079437  4472110
0.0763869285583  4438887
0.0781428813934  4433507
0.0791068077087  4417765
0.0799479484558  4416312
0.0809378623962  4386173
0.0814459323883  4367121
0.0818929672241  4362900
0.0838658809662  4335475
0.0840590000153  4305577
0.0852079391479  4298677
0.0858747959137  4249383
0.0865998268127  4247502
0.0870859622955  4246163
0.0883519649506  4196731
0.0914039611816  4195749
0.0922508239746  4151479
0.0927929878235  4151084
0.0946528911591  4135262
0.0966989994049  4126436
0.100468873978  4102298
0.101269960403  4096101
0.103614807129  4077487
0.103938817978  4008809
0.105451822281  3986669
0.1082239151  3966426
0.108890771866  3905723
0.110210895538  3898452
0.112667798996  3888598
0.112790822983  3795523
0.115899801254  3789108
0.118325948715  3788684
0.122429847717  3784771
0.12970495224  3784743
0.134432792664  3784641
0.13619184494  3741631
0.13746380806  3736162
0.138547897339  3605090
0.141669988632  3589992
0.144429922104  3588522
0.145689964294  3588211
0.150546789169  3584139
0.151776790619  3583690
0.154635906219  3576541
0.155455827713  3574800
0.156050920486  3573190
0.163233995438  3564031
0.164019823074  3550852
0.16788983345  3550150
0.170609951019  3544371
0.17201089859  3537585
0.176201820374  3536592
0.178642988205  3527641
0.179375886917  3526989
0.183323860168  3516426
0.184203863144  3515414
0.189611911774  3504126
0.19015789032  3498684
0.193394899368  3439079
0.200896978378  3435080
0.207957983017  3417474
0.214978933334  3410274
0.218257904053  3410212
0.218930959702  3408652
0.221154928207  3391015
0.223255872726  3360276
0.223625898361  3326878
0.228181838989  3321596
0.231958866119  3292296
0.232709884644  3289905
0.237697839737  3255142
0.247375965118  3255057
0.250852823257  3254615
0.258983850479  3252676
0.260516881943  3246551
0.261108875275  3239007
0.263126850128  3228431
0.271926879883  3227568
0.277062892914  3226066
0.279898881912  3222013
0.281308889389  3221680
0.282243967056  3156351
0.288356781006  3129788
0.28860783577  3129709
0.290586948395  3129594
0.29439496994  3125465
0.299077987671  3123183
0.304570913315  3109488
0.313265800476  3106352
0.319744825363  3103535
0.323982954025  3102410
0.324579000473  3102200
0.325069904327  3079553
0.327493906021  3079144
0.3275578022  3061697
0.330900907516  3061099
0.331649780273  3060247
0.340063810349  3057700
0.360008001328  3057210
0.360567808151  3056476
0.363226890564  3036416
0.366128921509  3011125
0.37174487114  3010692
0.373003959656  3010153
0.382057905197  3004703
0.384147882462  2986192
0.389949798584  2983006
0.399597883224  2943299
0.405606985092  2934188
0.407134771347  2933690
0.410035848618  2930118
0.410794973373  2925555
0.411424875259  2914514
0.416349887848  2914331
0.419451951981  2912139
0.421405792236  2911768
0.42725276947  2906754
0.433468818665  2902050
0.441457986832  2898558
0.444660902023  2897606
0.44569683075  2822229
0.445990800858  2821849
0.45078587532  2819693
0.457295894623  2798235
0.464725971222  2793995
0.475646972656  2793010
0.482791900635  2791966
0.483779907227  2784183
0.48494386673  2780765
0.490292787552  2780761
0.493325948715  2776327
0.500028848648  2771726
0.508861780167  2766574
0.522664785385  2766243
0.531222820282  2766042
0.53479385376  2762051
0.540113925934  2761990
0.563367843628  2761620
0.578994989395  2753635
0.5893638134  2751319
0.621678829193  2747756
0.636300802231  2738802
0.63865685463  2733602
0.653174877167  2733473
0.682988882065  2725472
0.697358846664  2724033
0.707226991653  2723555
0.70973777771  2723013
0.714453935623  2721663
0.716501951218  2721343
0.732950925827  2716380
0.738052845001  2713884
0.765783786774  2711429
0.780805826187  2710173
0.783752918243  2710129
0.785879850388  2703743
0.789079904556  2703446
0.79656791687  2703372
0.802886962891  2691533
0.809096813202  2691289
0.82105588913  2659465
0.823344945908  2568329
0.823890924454  2525684
0.825652837753  2522665
0.826805830002  2505818
0.827529907227  2504733
0.839036941528  2503338
0.851091861725  2501207
0.893946886063  2460382
0.905851840973  2458743
0.906224966049  2453748
0.915395975113  2451962
0.922361850739  2451866
0.941293001175  2446013
0.959101915359  2445000
0.969685792923  2441438
1.00125980377  2441407
1.01502990723  2441036
1.01792287827  2440228
1.05151391029  2417803
1.0688149929  2415650
1.13637185097  2414821
1.14215493202  2414264
1.14463281631  2413904
1.17941689491  2411896
1.235216856  2408725
1.24660682678  2408272
1.25994181633  2405158
1.33515286446  2404815
1.36885786057  2404641
1.37043881416  2403863
1.39421987534  2401142
1.46111679077  2400966
1.55826497078  2400241
1.5940079689  2399889
1.61999893188  2392668
1.62472581863  2387756
1.68400287628  2379282
1.70218276978  2379005
1.70904994011  2377832
1.7790157795  2376480
1.78439092636  2373018
1.84758281708  2363901
1.85886597633  2363818
1.86676478386  2363752
1.87774777412  2356841
1.87781786919  2353592
1.89560484886  2348795
1.90548086166  2348277
1.90814399719  2347981
1.91432881355  2345936
1.95038080215  2343805
1.99858283997  2337940
2.05468797684  2331491
2.1015689373  2327841
2.10508179665  2323379
2.10948491096  2323373
2.12609887123  2322718
2.28054380417  2322164
2.35813784599  2321537
2.42761588097  2319858
2.50662994385  2319665
2.5425298214  2310862
2.55174994469  2310799
2.59843492508  2305731
2.60948181152  2303247
2.70472693443  2303243
2.81860399246  2303178
2.82071280479  2301610
2.85730791092  2298768
2.93002486229  2295197
2.94252586365  2286721
2.97813391685  2275943
2.98608183861  2275568
2.98934578896  2275526
3.00404381752  2256893
3.01424098015  2256875
3.0218129158  2256786
3.02690887451  2253996
3.0469558239  2252971
3.06151080132  2251474
3.06754899025  2250683
3.12388586998  2250579
3.1771337986  2249855
3.2565779686  2249576
3.26532077789  2249525
3.3571908474  2249154
3.38828778267  2247366
3.39745187759  2247287
3.41797780991  2247122
3.50113296509  2246998
3.53820085526  2242794
3.54403591156  2242785
3.75410890579  2236797
4.40304493904  2236549
4.55300092697  2236100
5.29195690155  2236020
