0.00934505462646  11089761
0.00949215888977  11053808
0.00957012176514  11053617
0.00973200798035  10833266
0.00980806350708  10833054
0.0100121498108  10830096
0.0100910663605  10828539
0.0102100372314  10824915
0.0104570388794  10744414
0.010575056076  10724946
0.0109059810638  10681459
0.0110251903534  10587176
0.0112271308899  10581137
0.0113451480865  10559217
0.0118980407715  10546688
0.012451171875  10508472
0.0125391483307  10407872
0.0129110813141  10291590
0.0133199691772  10267316
0.0141551494598  10233477
0.0142390727997  10226140
0.014445066452  10220051
0.014564037323  10211987
0.0151979923248  10197541
0.0154881477356  10133353
0.0157361030579  10102163
0.0163691043854  10078774
0.0170869827271  10047063
0.0171630382538  9964856
0.017923116684  9933411
0.018728017807  9902063
0.0188040733337  9668436
0.0196480751038  9661627
0.0197241306305  9649650
0.0211181640625  9615184
0.0212099552155  9600060
0.021329164505  9575981
0.0222971439362  9561165
0.0223741531372  9546360
0.0233800411224  9536907
0.0245611667633  9527055
0.0246369838715  9508029
0.0250899791718  9436636
0.0251650810242  9436590
0.0253241062164  9428852
0.0255661010742  9428247
0.0258510112762  9413531
0.0273129940033  9383068
0.0274541378021  9157725
0.0275931358337  9145990
0.0290641784668  9142194
0.0310211181641  9111226
0.0312860012054  8932570
0.0314080715179  8922276
0.0323901176453  8910475
0.0325150489807  8742279
0.0339140892029  8739463
0.035343170166  8739266
0.035539150238  8734614
0.0370571613312  8733456
0.0389771461487  8730108
0.0392880439758  8722999
0.039617061615  8657695
0.0416491031647  8648081
0.0432200431824  8644319
0.0450460910797  8628155
0.0457320213318  8509818
0.0463280677795  8493980
0.0479650497437  8476376
0.0497901439667  8445581
0.049870967865  8444245
0.0506360530853  8284658
0.0512900352478  8267667
0.0513770580292  8261843
0.0533521175385  8259675
0.0534560680389  8241914
0.0564961433411  8215083
0.0566730499268  8214048
0.0567519664764  8167775
0.0578210353851  8108334
0.0584840774536  8092483
0.0606341362  8068244
0.060711145401  7986875
0.062108039856  7981714
0.0621840953827  7931790
0.0626380443573  7880770
0.0634310245514  7876509
0.0637590885162  7876226
0.0638749599457  7806134
0.0642440319061  7786640
0.0650839805603  7786349
0.0663230419159  7772886
0.0685729980469  7766510
0.0710420608521  7755313
0.071161031723  7737153
0.0728831291199  7732825
0.0755679607391  7720832
0.0757269859314  7699911
0.0760409832001  7688144
0.0761890411377  7676044
0.0765850543976  7668122
0.0802710056305  7651987
0.0804080963135  7634987
0.0807390213013  7633592
0.0808751583099  7626496
0.0810589790344  7622468
0.0812921524048  7601477
0.0845251083374  7595087
0.0846071243286  7586297
0.0876681804657  7561681
0.087749004364  7528358
0.0907051563263  7518864
0.0936579704285  7506288
0.0937349796295  7397148
0.0978190898895  7373884
0.0979871749878  7342967
0.101129055023  7333467
0.101207017899  7204427
0.104438066483  7193791
0.104515075684  7182794
0.104634046555  7169152
0.104709148407  7168871
0.104954957962  7149199
0.105031013489  7144702
0.108705997467  7105807
0.108873128891  7046518
0.112581968307  7046062
0.113690137863  6904994
0.113936185837  6881715
0.114395141602  6880492
0.114556074142  6870437
0.1149289608  6865742
0.11509013176  6835884
0.115718126297  6821626
0.115839004517  6812123
0.116042137146  6801811
0.116759061813  6799699
0.117603063583  6795739
0.11767911911  6791931
0.118566989899  6784620
0.118643045425  6775792
0.119618177414  6760050
0.119821071625  6758579
0.119939088821  6682711
0.120869159698  6669500
0.121200084686  6666103
0.121872186661  6663610
0.121948003769  6663201
0.122109174728  6659656
0.122438192368  6659590
0.122555971146  6658874
0.122716188431  6653685
0.123003005981  6653584
0.123334169388  6651661
0.123707056046  6650168
0.12442111969  6638248
0.127422094345  6634641
0.130464076996  6634069
0.130836963654  6625821
0.131083011627  6625205
0.131286144257  6591828
0.132086992264  6508488
0.132162094116  6501964
0.134665966034  6496872
0.134783983231  6491915
0.137833118439  6485433
0.142134189606  6471146
0.147843122482  6471058
0.149760961533  6465005
0.151530981064  6449100
0.155814170837  6415268
0.161722183228  6414320
0.161867141724  6412966
0.166412115097  6411642
0.171135187149  6411533
0.171298980713  6405447
0.171503067017  6398833
0.171877145767  6393336
0.176347017288  6391822
0.180993080139  6388772
0.18111205101  6344493
0.181188106537  6340915
0.181391000748  6336437
0.186356067657  6298487
0.191456079483  6275996
0.19655418396  6240210
0.201440095901  6058737
0.208237171173  6035494
0.21315407753  6016784
0.21813416481  6015448
0.223040103912  5961490
0.228036165237  5948287
0.233337163925  5806910
0.238223075867  5802326
0.243613958359  5772010
0.248543977737  5739852
0.258332967758  5739521
0.263933181763  5739032
0.270698070526  5738961
0.278375148773  5733402
0.28408908844  5714202
0.296658039093  5712679
0.306795120239  5712627
0.311863183975  5653940
0.318855047226  5647325
0.323750972748  5608575
0.328898191452  5578136
0.334939002991  5574328
0.339905023575  5571626
0.344940185547  5561024
0.349912166595  5480869
0.355051040649  5472092
0.360310077667  5465614
0.365488052368  5462015
0.370362043381  5411134
0.375581026077  5395683
0.381142139435  5373337
0.386960983276  5306775
0.391839027405  5290415
0.39787197113  5288190
0.403953075409  5262142
0.411413192749  5238453
0.430503129959  5234321
0.454277992249  5232415
0.473813056946  5230169
0.510277986526  5090406
0.529472112656  5090111
0.548642158508  5085979
0.568238973618  5084942
0.573317050934  5083835
0.610933065414  5035230
0.616014003754  5014674
0.635185956955  5013204
0.659389019012  5010829
0.67849111557  5008583
0.711817026138  5004644
0.748483181  5003714
0.786954164505  4965047
0.820436000824  4961725
0.853464126587  4834016
0.887294054031  4799032
0.924636125565  4788119
0.961632013321  4704939
1.00144004822  4703995
1.03552007675  4624248
1.0699839592  4552514
1.08920717239  4552222
1.10865211487  4548090
1.15170502663  4539701
1.18930101395  4528499
1.21366715431  4526155
1.23368000984  4523909
1.26731300354  4497858
1.30042910576  4497506
1.33514308929  4477929
1.33544015884  4477798
1.33551716805  4468273
1.33576416969  4468086
1.37084817886  4465211
1.37460303307  4463611
1.37468099594  4434950
1.37574315071  4434788
1.37952399254  4421248
1.41268801689  4411016
1.44570302963  4410817
1.48152518272  4410435
1.51775312424  4409989
1.55470108986  4404084
1.58885502815  4396993
1.63202595711  4390242
1.67174315453  4389285
1.70948410034  4370731
1.74748015404  4369968
1.78983902931  4368303
1.83198618889  4367670
1.87520503998  4365219
1.9202940464  4364122
1.96152210236  4363667
2.00230717659  4363481
2.0431830883  4362718
2.09112906456  4362630
2.13834810257  4355857
2.18826317787  4355830
2.23590016365  4355213
2.28262209892  4350567
2.32990908623  4350529
2.3832321167  4349502
2.42985916138  4346956
2.47707796097  4346892
2.52361917496  4346243
2.5704100132  4345022
2.62130403519  4339065
2.68262195587  4338165
2.74904704094  4317036
2.82518005371  4316831
2.89773511887  4313985
2.93901515007  4313184
2.98857116699  4313066
3.02711796761  4310441
3.06500697136  4308672
3.11454296112  4308305
3.16774606705  4307682
3.21937918663  4307486
3.26996397972  4306421
3.32438707352  4306289
3.38180303574  4302973
3.43292999268  4300742
3.48408317566  4300221
3.53491902351  4300043
3.59629511833  4299822
3.64340901375  4299605
3.69002819061  4299259
3.76923203468  4298265
3.84552502632  4286747
3.92932200432  4286702
4.00860595703  4284665
4.09354805946  4256434
4.1314060688  4254582
4.2103509903  4254554
4.29413199425  4253590
4.3704559803  4252405
4.44632411003  4252250
4.49731612206  4250658
4.55077314377  4250451
4.62203598022  4250134
4.69938397408  4245696
4.77584314346  4245100
4.85205507278  4244540
4.9443089962  4244461
5.05104899406  4243963
