0.00928211212158  10329765
0.0094690322876  10322839
0.00967407226562  10273990
0.00975298881531  10122154
0.0101280212402  10103118
0.0105481147766  10097876
0.011913061142  10001191
0.0140659809113  9965982
0.0189340114594  9876892
0.0246171951294  9825348
0.030953168869  9711647
0.039213180542  9683408
0.0486521720886  9674199
0.063668012619  9663127
0.0840060710907  9619217
0.104916095734  9594446
0.127127170563  9510914
0.147971153259  9485507
0.174063205719  9437255
0.198947191238  9430134
0.221781015396  9411204
0.249118089676  9409943
0.263884067535  9409806
0.288838148117  9406555
0.301030158997  9406116
0.310645103455  9405783
0.320576190948  9394405
0.326776027679  9368039
0.335247039795  9362528
0.343895196915  9361908
0.34913611412  9258592
0.354309082031  9243450
0.359180212021  9236420
0.364367008209  9189536
0.369791030884  9125331
0.379235982895  9103603
0.388967990875  9101848
0.393999099731  9042128
0.399219036102  8797653
0.404560089111  8751321
0.409430980682  8735059
0.414757013321  8505562
0.420490026474  8503126
0.426030158997  8502228
0.431472063065  8430039
0.441021203995  8429696
0.446011066437  8416453
0.45099401474  8365403
0.456037044525  8189548
0.461207151413  8167990
0.466315984726  8131125
0.473831176758  8120919
0.483065128326  8115956
0.49272608757  8115068
0.516369104385  8113890
0.550831079483  8113854
0.586191177368  8103995
0.620609045029  7876919
0.656972169876  7848336
0.69571018219  7830955
0.730620145798  7797683
0.763488054276  7681096
0.802391052246  7665694
0.83696103096  7658461
0.870335102081  7624230
0.905414104462  7612328
0.942198991776  7576606
0.97613120079  7572953
1.01209712029  7475410
1.04885411263  7381488
1.08298420906  7379965
1.11830306053  7335807
1.15202617645  7335008
1.19145011902  7310939
1.23201298714  7125140
1.2758409977  7122983
1.31371307373  7098575
1.35160803795  7096784
1.39189910889  6943268
1.43156504631  6938878
1.47369599342  6928066
1.51478600502  6927483
1.5575940609  6848663
1.60356402397  6848657
1.645840168  6845031
1.68817019463  6766192
1.73097610474  6741353
1.77483606339  6723842
1.82031011581  6722986
1.86258602142  6717930
1.90513920784  6717557
1.94780611992  6711618
1.99355506897  6699675
2.03439116478  6695720
2.0712351799  6692502
2.10578608513  6662926
2.14357805252  6637967
2.17779397964  6602972
2.21368598938  6584522
2.25610804558  6531318
2.30415320396  6522340
2.34820199013  6499758
2.39401316643  6474854
2.43786621094  6468836
2.4807331562  6407910
2.52532219887  6398454
2.57147717476  6383271
2.61556005478  6246475
2.65837812424  6240546
2.70951700211  6221156
2.7516040802  6129609
2.79668307304  6084654
2.84056806564  6034310
2.88562607765  5890532
2.93087220192  5828987
2.9752612114  5756925
3.02185606956  5756283
3.06414914131  5709631
3.10683107376  5646915
3.14929819107  5645948
3.19290399551  5627597
3.23627710342  5561521
3.28062009811  5539184
3.32552599907  5481116
3.36740207672  5426549
3.41614198685  5374162
3.45998907089  5363322
3.5069231987  5352497
3.5586271286  5350722
3.60320401192  5343811
3.66372108459  5308608
3.71487307549  5163845
3.75072312355  5161536
3.78472900391  5138279
3.82201004028  5126528
3.86373519897  5114516
3.91780400276  5113763
3.97166109085  5106375
4.02549099922  5106229
4.0796020031  5093680
4.13305711746  5059646
4.18644809723  5034807
4.24054503441  5009138
4.29327011108  5008763
4.35314011574  4998783
4.41150617599  4997932
4.4723072052  4940890
4.52573418617  4940302
4.58140707016  4936014
4.64681100845  4934803
4.70941019058  4934139
4.78141617775  4933333
4.86413002014  4919993
4.94770312309  4894851
5.03534913063  4864864
5.12791013718  4864325
5.21227908134  4842053
5.3356730938  4836516
5.49090909958  4683481
5.58332109451  4669529
5.67051911354  4664954
5.79788613319  4642192
5.8915309906  4612521
6.00294017792  4611950
6.10070705414  4611767
6.18873119354  4611746
6.2813911438  4610043
6.37331318855  4596473
6.46196103096  4583093
6.55316019058  4507929
6.64532518387  4448253
6.74134802818  4438624
6.84963297844  4426824
6.9736161232  4406406
7.15812802315  4393923
7.27305316925  4387008
7.37123513222  4308136
7.49057912827  4255290
7.60697412491  4207975
7.71889519691  4194475
7.82307219505  4167321
7.94016098976  4122840
8.03872108459  4119911
8.13491010666  4119890
8.23083615303  4006021
8.35620713234  3993406
8.46713113785  3845583
8.56215214729  3843186
8.65627503395  3827290
8.75854301453  3821005
8.85414719582  3809504
8.95003008842  3796773
9.05884099007  3794105
9.17345309258  3790978
9.2815990448  3790537
9.37611508369  3786157
9.48412919044  3779252
9.58685517311  3774082
9.68874812126  3716524
9.79574012756  3715911
9.89022707939  3715022
9.99823307991  3686602
10.0998761654  3686292
10.194122076  3675562
10.3178670406  3645085
10.4215660095  3608261
10.5276219845  3590705
10.6202840805  3570616
10.7343461514  3569563
10.8390851021  3562279
10.9414219856  3562027
11.0422201157  3561973
11.1379780769  3520416
11.2446591854  3499238
11.3534841537  3459155
11.4650712013  3456729
11.5807070732  3444322
11.6774690151  3433105
11.7936990261  3415702
11.9149951935  3407264
12.0245711803  3405264
12.1365041733  3402581
12.2527611256  3401913
12.3688461781  3357288
12.4932181835  3327082
12.6184179783  3323661
12.7063751221  3318382
12.821983099  3303494
12.9127640724  3279257
13.0273191929  3276688
13.1197061539  3272636
13.2376170158  3270206
13.3328971863  3267486
13.4399352074  3266748
13.5695049763  3232511
13.691119194  3206439
13.8186380863  3194575
13.9328491688  3161821
14.0615360737  3157361
14.1934251785  3151179
14.3123450279  3147399
14.4380471706  3141255
14.5660459995  3139987
14.6953291893  3100643
14.8411931992  3090614
14.9972670078  3090466
15.1380941868  3079745
15.3127250671  3072567
15.5121309757  3072081
15.6483361721  3068448
15.7769420147  3068155
15.9104390144  2963625
16.0421831608  2938730
16.1781401634  2938586
16.3097062111  2905620
16.4547891617  2895201
16.5868890285  2861797
16.7204310894  2855249
16.8563361168  2854058
16.9858191013  2849469
17.1183440685  2846158
17.2573821545  2839710
17.4002552032  2834478
17.5356450081  2807359
17.669934988  2803069
17.7904231548  2796637
17.9090499878  2794315
18.036490202  2791768
18.164798975  2787242
18.2891981602  2786874
18.4100182056  2785829
18.5378110409  2778210
18.6706831455  2776287
18.8054020405  2775976
18.9312651157  2775951
19.0602760315  2775657
19.1886839867  2773878
19.3192391396  2772773
19.4462239742  2771489
19.5738949776  2770465
19.7046780586  2768000
19.8334281445  2765881
19.9605240822  2765253
20.0912129879  2758184
20.2317621708  2757998
20.3625731468  2757750
20.494959116  2757435
20.6285820007  2757399
20.7678852081  2756806
20.8993611336  2747511
21.0342011452  2742550
21.1666440964  2742469
21.2986090183  2736126
21.430036068  2735712
21.5607640743  2735497
21.6907241344  2734021
21.8229410648  2732804
21.9547250271  2732313
22.0881240368  2731477
22.2209990025  2729852
22.3574562073  2727014
22.4897761345  2726489
22.6244871616  2726277
22.762597084  2724630
22.9019219875  2724166
23.0425851345  2721563
23.190636158  2721524
23.340375185  2718421
23.4948191643  2718389
23.6525900364  2718320
23.8098211288  2718043
24.0112211704  2716820
24.1757831573  2716078
24.3312511444  2712250
24.4878201485  2712185
24.6521630287  2712107
24.8299500942  2711956
24.9952981472  2709560
25.1555349827  2708643
25.3150620461  2703641
25.4793531895  2702476
25.651777029  2701265
25.8127381802  2701167
25.9428491592  2700778
26.0945501328  2700374
26.2532711029  2696259
26.4043021202  2695853
26.5968081951  2695646
26.7527770996  2687032
26.9123721123  2684012
27.0676181316  2682397
27.2338430882  2678730
27.3849771023  2674786
27.5562150478  2674581
27.7166121006  2667945
27.8896420002  2664004
28.0908050537  2641154
28.3284389973  2616850
28.5603790283  2599183
28.777821064  2501339
29.0011620522  2485685
29.2157859802  2482549
29.4484810829  2400176
29.6646800041  2383855
29.8821690083  2352534
30.102668047  2344988
30.3216581345  2326297
30.5354061127  2169616
30.759221077  2167919
30.9267761707  2167170
31.0573790073  2166679
31.1930351257  2161251
31.3317451477  2106987
31.4662671089  2105406
31.6077730656  2088488
31.7532730103  2083187
31.9012951851  2004249
32.0448851585  1988209
32.1904711723  1986265
32.3351411819  1985122
32.4814960957  1971193
32.6247420311  1969554
32.7639260292  1964377
32.901471138  1950147
33.0436780453  1928942
33.1808071136  1920397
33.3216781616  1915301
33.4649350643  1914684
33.614328146  1906962
33.7494311333  1904104
33.8889420033  1895686
34.0491139889  1828667
34.2129671574  1817847
34.3661870956  1800356
34.5253920555  1797769
34.648827076  1786296
34.772023201  1780074
34.9144940376  1772808
35.0534501076  1770931
35.1912961006  1759799
35.32984519  1757754
35.4820680618  1754179
35.7198770046  1753207
35.8334331512  1751681
35.9355461597  1731240
36.0262989998  1729439
36.1330871582  1726553
36.2368249893  1722202
36.3545382023  1721818
36.4737131596  1672267
36.5856900215  1665527
36.7108771801  1657115
36.8420159817  1647197
36.9697151184  1635569
37.1335301399  1621941
37.2752330303  1617750
37.5311141014  1598293
37.7871551514  1588127
38.048803091  1582987
38.3075389862  1562647
38.5642671585  1512506
38.8283090591  1508530
39.0852510929  1499227
39.343870163  1488743
39.5976760387  1483647
39.8617141247  1473088
40.1294569969  1472946
40.3970661163  1470942
40.6730639935  1470800
40.9458441734  1415146
41.2122881413  1413775
41.4939789772  1404407
41.7637000084  1357722
42.0418071747  1357612
42.3073880672  1356202
42.5920140743  1346190
42.8779010773  1336812
43.1644060612  1336084
43.4416182041  1335737
43.7218670845  1335585
44.0036580563  1335316
44.2840690613  1334878
44.5556089878  1334396
44.8564040661  1334345
