0.0110039710999  10295615
0.0111749172211  10193815
0.011538028717  10188698
0.0116600990295  10163209
0.0117819309235  10077002
0.0122530460358  10052391
0.0123751163483  9990378
0.0124969482422  9918214
0.0126180648804  9846514
0.0127389431  9820781
0.0129768848419  9820188
0.0132141113281  9457477
0.0134510993958  9450646
0.0137810707092  9428622
0.0138530731201  9097156
0.0141310691833  8977804
0.0142040252686  8975972
0.0142750740051  8959927
0.014347076416  8959051
0.0144190788269  8931770
0.0144910812378  8696312
0.0145630836487  8628159
0.0146350860596  8599416
0.0147058963776  8566953
0.0149149894714  8522044
0.0151240825653  8443088
0.0153338909149  8439142
0.0154750347137  8421591
0.015683889389  8394643
0.0157558917999  8388606
0.0158960819244  8360312
0.0159680843353  8352609
0.0163810253143  8338948
0.0166609287262  8321711
0.0169389247894  8313594
0.0172169208527  8267112
0.0173580646515  8253646
0.0174291133881  8228425
0.017569065094  8179050
0.0176410675049  8163337
0.0179209709167  8135211
0.0181300640106  8054177
0.0184080600739  8023901
0.0192320346832  8012278
0.0193729400635  8010337
0.0195820331573  8004838
0.0196540355682  7925414
0.0210499763489  7905477
0.0211811065674  7901228
0.0215039253235  7815058
0.0217618942261  7813585
0.0219960212708  7809077
0.0228559970856  7805242
0.0230619907379  7769117
0.0235550403595  7766008
0.0243821144104  7663170
0.024964094162  7626355
0.0251929759979  7491894
0.0261259078979  7473540
0.0262529850006  7467491
0.026437997818  7439082
0.0265009403229  7366421
0.026624917984  7340847
0.0266880989075  7284837
0.0268120765686  7240364
0.0268750190735  7236724
0.0271201133728  7192820
0.027184009552  7186870
0.0272469520569  7170457
0.0276119709015  7064442
0.0276749134064  6965410
0.0282769203186  6894326
0.0286400318146  6893936
0.0304019451141  6871985
0.030534029007  6866434
0.030613899231  6698136
0.0311079025269  6555921
0.0313460826874  6519506
0.0332989692688  6518312
0.0333700180054  6510766
0.0335578918457  6487335
0.0336229801178  6456577
0.0339300632477  6372913
0.0340549945831  6369295
0.0358231067657  6367870
0.0359489917755  6354078
0.0367949008942  6342591
0.0381228923798  6274820
0.0382580757141  6266829
0.0388720035553  6250341
0.0395259857178  6230006
0.039932012558  6186010
0.0416560173035  6158595
0.0420269966125  6155634
0.0423970222473  6127899
0.0428860187531  6123850
0.0433719158173  6094536
0.0438449382782  6093786
0.0443379878998  6083656
0.0445830821991  6080605
0.0454869270325  6072475
0.0455501079559  6030515
0.0460360050201  5996830
0.0462200641632  5996660
0.0462830066681  5923263
0.0489358901978  5920707
0.0491809844971  5917048
0.0517010688782  5911416
0.0529088973999  5897668
0.0534529685974  5881387
0.0544819831848  5880167
0.0570669174194  5875561
0.058032989502  5871923
0.059741973877  5846307
0.0602478981018  5836742
0.0616049766541  5790981
0.0619730949402  5790796
0.0626990795135  5786280
0.0631220340729  5745304
0.0640470981598  5744136
0.0661859512329  5743383
0.067440032959  5723709
0.068146944046  5723020
0.0684070587158  5711837
0.0685379505157  5669822
0.0687329769135  5669791
0.0695040225983  5646296
0.0707828998566  5644422
0.0728709697723  5631373
0.073352098465  5621111
0.0734150409698  5581505
0.0757439136505  5561921
0.0764639377594  5554465
0.0766460895538  5550887
0.0779609680176  5549920
0.0780239105225  5524534
0.0785639286041  5522674
0.0805339813232  5522451
0.0810160636902  5490927
0.0824511051178  5486685
0.0833489894867  5408743
0.0836510658264  5273757
0.0855031013489  5264732
0.0880689620972  5256564
0.0887899398804  5253445
0.0902850627899  5210861
0.0915400981903  5191210
0.09202003479  5189412
0.0933940410614  5169963
0.0936360359192  5086765
0.094475030899  5067141
0.0948369503021  5021472
0.0949599742889  4985386
0.0959770679474  4979279
0.0966401100159  4964313
0.096941947937  4949027
0.0983150005341  4931473
0.0984380245209  4916299
0.101362943649  4897242
0.101842880249  4851277
0.102144002914  4833756
0.10862994194  4833430
0.10893201828  4827841
0.10942697525  4825877
0.109540939331  4804358
0.109775066376  4713605
0.110743999481  4705145
0.111228942871  4700292
0.111473083496  4694517
0.11195397377  4693531
0.113032102585  4588082
0.116276025772  4566786
0.121537923813  4560408
0.122443914413  4553904
0.124728918076  4553761
0.124797105789  4539085
0.126473903656  4535755
0.128494024277  4532590
0.129278898239  4526964
0.130548000336  4526850
0.133860111237  4504368
0.134043931961  4493819
0.134886980057  4448120
0.136578083038  4436513
0.138000011444  4433878
0.144824028015  4424516
0.152012109756  4424397
0.152932882309  4389763
0.154395103455  4388797
0.156335115433  4379939
0.157787084579  4377111
0.161151885986  4351466
0.161279916763  4335401
0.162431955338  4302054
0.163161039352  4295261
0.164891958237  4280900
0.16520190239  4279323
0.167361974716  4272026
0.168998003006  4269210
0.171844005585  4254258
0.172450065613  4140994
0.175642967224  4134165
0.176187992096  4117018
0.176733016968  4110723
0.183036088943  4110441
0.183399915695  4090678
0.184004068375  4088554
0.186168909073  4088404
0.186773061752  4082471
0.188034057617  3983289
0.188637971878  3960162
0.189718961716  3900239
0.189965963364  3897027
0.191227912903  3886536
0.193207979202  3880714
0.193571090698  3871836
0.197109937668  3860870
0.197892904282  3855806
0.199331998825  3854168
0.200117111206  3852081
0.202157974243  3846793
0.203541040421  3845393
0.212976932526  3833456
0.213952064514  3833096
0.214260101318  3826869
0.216439962387  3784168
0.217411994934  3771473
0.217717885971  3763549
0.218687057495  3747053
0.219352960587  3726080
0.219415903091  3721406
0.219961881638  3718136
0.223103046417  3669140
0.226056098938  3662111
0.227618932724  3635109
0.228106021881  3626797
0.228713035583  3621528
0.233375072479  3572548
0.234581947327  3571754
0.237284898758  3570695
0.238188028336  3551796
0.239263057709  3526883
0.24047088623  3526228
0.240895032883  3519307
0.241203069687  3510817
0.242108106613  3510321
0.242651939392  3500099
0.242896080017  3500056
0.244458913803  3470711
0.246323108673  3462895
0.247946023941  3462734
0.248733997345  3462491
0.251935958862  3461540
0.253623008728  3458703
0.254106998444  3437801
0.255254030228  3429369
0.25549697876  3424555
0.256520986557  3416262
0.257901906967  3405967
0.25862288475  3386324
0.266593933105  3386101
0.268116950989  3377182
0.275418043137  3376571
0.277245998383  3371326
0.278795003891  3362517
0.280200004578  3359831
0.280262947083  3356491
0.280689001083  3355822
0.28449010849  3349613
0.285466909409  3349173
0.286799907684  3346869
0.293715953827  3342543
0.295039892197  3254871
0.297373056412  3230162
0.301377058029  3229585
0.301680088043  3171408
0.303773880005  3171292
0.305207967758  3169552
0.306524038315  3163472
0.308315992355  3163110
0.311038017273  3157964
0.312185049057  3132584
0.312248945236  3131470
0.313271999359  3130478
0.314354896545  3129985
0.316338062286  3124583
0.317123889923  3122249
0.317667961121  3116213
0.318389892578  3114109
0.320492982864  3106836
0.322772979736  3100347
0.323136091232  3097360
0.324157953262  3097324
0.328110933304  3092983
0.333019971848  3081642
0.347893953323  3074047
0.355259895325  3073167
0.358262062073  3071919
0.3614590168  3070749
0.363399028778  3069779
0.36568403244  3042844
0.367197036743  3041951
0.371529102325  3041859
0.377230882645  3039536
0.383940935135  3035718
0.391438961029  3031799
0.392160892487  3029954
0.39749789238  3029451
0.39858007431  3026808
0.399899959564  3026358
0.400741100311  2998603
0.402298927307  2954827
0.412115097046  2954520
0.433022022247  2944295
0.440318107605  2943149
0.442677021027  2931051
0.449937105179  2930842
0.4518699646  2893835
0.46360206604  2892504
0.466377973557  2889641
0.468247890472  2887832
0.469579935074  2869900
0.486705064774  2865259
0.490926980972  2865082
0.494734048843  2864380
0.506819009781  2862651
0.508265018463  2848831
0.510332107544  2847044
0.523650884628  2823157
0.527862071991  2822609
0.528588056564  2821950
0.537203073502  2790205
0.547049045563  2769516
0.547240018845  2768240
0.557713031769  2765985
0.567603111267  2765522
0.590245962143  2760606
0.593393087387  2743577
0.60564994812  2743372
0.611465930939  2742848
0.634953022003  2738487
0.636292934418  2731292
0.639162063599  2705695
0.677740097046  2703589
0.688323020935  2692498
0.706476926804  2692299
0.715291976929  2690217
0.720192909241  2686247
0.721390008926  2681173
0.724503040314  2680234
0.724869012833  2680117
0.735572099686  2653450
0.737377882004  2651958
0.754869937897  2646792
0.763153076172  2646716
0.784671068192  2634557
0.826776027679  2633144
0.830173969269  2620784
0.836483001709  2620323
0.839196920395  2619055
0.846024036407  2617227
0.846276044846  2617180
0.864398002625  2583462
0.883724927902  2581916
0.893528938293  2538629
0.893718957901  2536881
0.901130914688  2533951
0.905867099762  2528399
0.908320903778  2516739
0.908584117889  2504650
0.917052984238  2503517
0.917979001999  2499133
0.918955087662  2497660
0.934292078018  2487714
0.934664011002  2487107
0.938999891281  2465416
0.940323114395  2462693
0.952395915985  2447447
0.957911968231  2447356
0.966751098633  2444981
0.98611497879  2443804
0.99667596817  2443473
1.0102660656  2443256
1.01256489754  2442504
1.01568007469  2441698
1.02084898949  2441149
1.0254149437  2431928
1.03528690338  2427161
1.05237293243  2426649
1.05411601067  2426299
1.06662297249  2425158
1.06967902184  2422844
1.07427191734  2399739
1.11851096153  2399131
1.12244105339  2398555
1.13556909561  2372955
1.19178104401  2372117
1.19805598259  2368861
1.25228095055  2368744
1.25393509865  2368704
1.29903793335  2367922
1.31483602524  2365583
1.3728659153  2359440
1.39360308647  2357173
1.40086197853  2356075
1.43550109863  2355612
1.444865942  2355002
1.47726202011  2354715
1.50039100647  2354428
1.52885198593  2354040
1.53642296791  2353883
1.53936100006  2351779
1.54368495941  2351749
1.57489204407  2348712
1.68654608727  2348329
1.75403809547  2344308
1.7626760006  2341743
1.77431297302  2341718
1.81962800026  2341482
1.95350599289  2339815
1.98377895355  2339666
2.0178360939  2338439
2.2069439888  2338198
2.26543998718  2337645
2.33534502983  2337143
2.40048098564  2336215
2.53204703331  2335932
2.56784296036  2330413
2.58024692535  2329183
2.93154907227  2327704
3.03417611122  2327600
3.05002188683  2326693
3.12777304649  2320264
3.1963160038  2317343
3.37807393074  2316478
