0.00954985618591  9105980
0.0101249217987  9096189
0.0101900100708  9035218
0.0103750228882  9029769
0.0104439258575  8732755
0.010559797287  8681585
0.0107538700104  8566331
0.0108189582825  8564335
0.0109438896179  8545231
0.0110688209534  8528927
0.0111927986145  8491081
0.0112569332123  8397653
0.0114419460297  8309301
0.0115058422089  8263020
0.0116908550262  8262101
0.0118758678436  8209582
0.0120599269867  8173842
0.0121238231659  8148521
0.0121870040894  8076472
0.0122509002686  7980299
0.0123138427734  7923162
0.0123779773712  7906135
0.012622833252  7883640
0.0133488178253  7874910
0.0134129524231  7866406
0.0134768486023  7860832
0.0139019489288  7857570
0.0142068862915  7854379
0.0144529342651  7830269
0.0145778656006  7720591
0.0147008895874  7688498
0.0152468681335  7659583
0.0153708457947  7646431
0.0156149864197  7480443
0.0157418251038  7476258
0.0160479545593  7403173
0.0161108970642  7298701
0.0162348747253  7294327
0.0169010162354  7225032
0.0173268318176  7198639
0.0173900127411  7172958
0.0176348686218  7149627
0.0179388523102  7148250
0.0191128253937  6927009
0.0210900306702  6901473
0.0226488113403  6889615
0.0227949619293  6877697
0.0230689048767  6869907
0.0247828960419  6867440
0.025074005127  6848902
0.0292699337006  6841252
0.029403924942  6823954
0.0298960208893  6804421
0.0302798748016  6726035
0.031299829483  6684620
0.0329978466034  6679493
0.0339329242706  6673636
0.0341968536377  6669622
0.0345067977905  6668806
0.0346930027008  6667722
0.0353620052338  6603446
0.0354268550873  6597550
0.0359778404236  6589896
0.0360419750214  6530723
0.0363478660583  6517941
0.0367770195007  6515231
0.0369029045105  6514473
0.03782081604  6514032
0.0382559299469  6435354
0.0388748645782  6279157
0.0395469665527  6247616
0.0399179458618  6243740
0.0405128002167  6229728
0.0408408641815  6210852
0.0413858890533  6190392
0.0419828891754  6173320
0.0428848266602  6166598
0.0435450077057  6145476
0.0438349246979  6075764
0.0442688465118  6015703
0.0446379184723  6008490
0.0453109741211  5926573
0.0461599826813  5908199
0.0472509860992  5905391
0.0475568771362  5904404
0.0484068393707  5886381
0.0488958358765  5884776
0.0490808486938  5879210
0.0498700141907  5855731
0.0499358177185  5854352
0.051335811615  5852589
0.0517029762268  5757526
0.0521948337555  5750053
0.0526828765869  5749258
0.0527458190918  5749070
0.0528099536896  5746283
0.0539588928223  5731584
0.05402302742  5714879
0.0548138618469  5709700
0.0550599098206  5658436
0.0553648471832  5598444
0.0556118488312  5588108
0.0557358264923  5582666
0.0564029216766  5571817
0.05894780159  5566808
0.0591938495636  5563811
0.0592570304871  5420970
0.0596849918365  5420878
0.0613288879395  5407834
0.0623009204865  5377740
0.0646579265594  5365772
0.0650248527527  5342217
0.0656929016113  5313441
0.0661189556122  5274773
0.0670309066772  5274453
0.0683670043945  5274131
0.0703217983246  5272584
0.0729818344116  5271455
0.0731678009033  5260851
0.0743179321289  5244525
0.0743818283081  5237967
0.0756499767303  5236915
0.0766808986664  5224501
0.0783798694611  5180322
0.07874584198  5153631
0.079715013504  5152605
0.080502986908  5137501
0.0808079242706  5130438
0.0813548564911  5055847
0.0817220211029  5048810
0.0819668769836  5024977
0.0824539661407  5015587
0.0825788974762  5007522
0.0830638408661  4955506
0.084223985672  4946808
0.0844078063965  4940872
0.0847139358521  4940536
0.0858628749847  4906930
0.0861678123474  4906478
0.0878608226776  4904679
0.0917108058929  4898844
0.091775894165  4881278
0.0949659347534  4876529
0.0957679748535  4865532
0.0998888015747  4865016
0.100335836411  4864391
0.100593805313  4862518
0.104972839355  4860950
0.105547904968  4838814
0.105994939804  4838754
0.106315851212  4825130
0.106509923935  4790103
0.107209920883  4784923
0.108099937439  4782467
0.108488798141  4773078
0.109381914139  4771646
0.111037015915  4769897
0.111294984818  4762492
0.111616849899  4697980
0.112190961838  4684016
0.117027997971  4675393
0.117396831512  4673175
0.119820833206  4669103
0.120005846024  4637171
0.120190858841  4636154
0.121466875076  4567666
0.124099969864  4556800
0.124768018723  4536897
0.125375986099  4497497
0.127740859985  4494493
0.128531932831  4475388
0.131788015366  4467509
0.132635831833  4428061
0.133483886719  4416833
0.135234832764  4415754
0.138916969299  4411774
0.1393430233  4401161
0.139405965805  4324704
0.14531993866  4322485
0.145925998688  4301488
0.147521972656  4294704
0.147756814957  4271325
0.148603916168  4264933
0.14949798584  4263408
0.150812864304  4215760
0.151031017303  4212403
0.153832912445  4190429
0.154627799988  4179002
0.155721902847  4177001
0.162015914917  4171477
0.165403842926  4170773
0.167412996292  4167570
0.168025970459  4147544
0.168211936951  4143073
0.168516874313  4129276
0.169243812561  4128717
0.170508861542  4127313
0.171353816986  4121321
0.172925949097  4121284
0.17311000824  4095852
0.176240921021  4090294
0.176834821701  4090229
0.179615974426  4089897
0.182144880295  4085694
0.182750940323  4043907
0.182813882828  4043878
0.184388875961  4034091
0.187520027161  4024973
0.188308954239  4016883
0.190743923187  4009591
0.191721916199  4006736
0.19607591629  3990708
0.197044849396  3967117
0.200011014938  3966060
0.203995943069  3965798
0.206877946854  3965084
0.207732915878  3926637
0.212558984756  3901816
0.213419914246  3884249
0.213913917542  3883999
0.21426486969  3883882
0.215580940247  3883715
0.219038009644  3881765
0.222551822662  3873814
0.233098983765  3872742
0.234794855118  3864396
0.237162828445  3824797
0.239526987076  3820710
0.240257024765  3815677
0.24219083786  3804142
0.243464946747  3803840
0.244738817215  3762399
0.245344877243  3756554
0.245468854904  3756238
0.245532989502  3747960
0.246322870255  3745075
0.247775793076  3621352
0.249825000763  3594630
0.254245996475  3590447
0.256124973297  3589912
0.257555007935  3565892
0.259790897369  3563851
0.260946989059  3543118
0.264098882675  3529793
0.267499923706  3519480
0.26956486702  3509076
0.271137952805  3508454
0.271926879883  3503146
0.272352933884  3499607
0.275552988052  3482496
0.282974004745  3473772
0.287266016006  3472168
0.289960861206  3425380
0.294883012772  3419086
0.29536986351  3413328
0.295993804932  3398999
0.298622846603  3391516
0.298695802689  3391231
0.299805879593  3372303
0.303362846375  3371255
0.304188013077  3369064
0.305032014847  3334120
0.311267852783  3328434
0.314510822296  3320263
0.315641880035  3320078
0.319089889526  3311216
0.328727006912  3285788
0.330663919449  3266303
0.33381485939  3262904
0.335147857666  3261734
0.338051795959  3251196
0.340715885162  3249603
0.346438884735  3248847
0.349933862686  3248495
0.352099895477  3245067
0.362085819244  3245029
0.370178937912  3244635
0.370307922363  3239689
0.377310991287  3238462
0.378701925278  3231679
0.378947019577  3227050
0.380819797516  3225099
0.383417844772  3225073
0.384264945984  3225044
0.386674880981  3224214
0.390780925751  3218536
0.392230987549  3217945
0.396157026291  3212661
0.402925014496  3189071
0.411118030548  3186772
0.415280818939  3177678
0.417605876923  3175720
0.429322004318  3175337
0.431320905685  3175318
0.4336810112  3174434
0.435438871384  3163924
0.437316894531  3162373
0.439071893692  3160952
0.445724010468  3148990
0.450930833817  3124752
0.478945016861  3113932
0.481820821762  3105668
0.489814996719  3101121
0.508678913116  3099336
0.512676954269  3090085
0.514313936234  3089324
0.520490884781  3088574
0.538779020309  3087355
0.545795917511  3074765
0.553891897202  3073158
0.554258823395  3070918
0.562844991684  3070175
0.565982818604  3070057
0.566227912903  3068091
0.56892490387  3068059
0.56905579567  3060043
0.574142932892  3046984
0.581091880798  3046002
0.583712816238  3045737
0.600457906723  3041663
0.613407850266  3026834
0.616496801376  3021518
0.618856906891  3009260
0.626358985901  3006839
0.62854385376  2973111
0.631567955017  2969275
0.632658958435  2955899
0.637138843536  2945937
0.644870996475  2942846
0.649767875671  2942795
0.657500982285  2934491
0.664318799973  2932760
0.67196393013  2932477
0.67236995697  2921402
0.704259872437  2920982
0.71891283989  2917071
0.722940921783  2915588
0.725180864334  2913952
0.737272024155  2913741
0.743012905121  2898943
0.750748872757  2898096
0.755156993866  2896848
0.757571935654  2896092
0.767518997192  2895443
0.775262832642  2895224
0.775787830353  2893032
0.796118974686  2881265
0.803061962128  2872718
0.806085824966  2872220
0.812853813171  2871476
0.824496984482  2871413
0.824746847153  2869934
0.828068971634  2864815
0.829526901245  2857447
0.836050987244  2857263
0.84220790863  2857109
0.843240022659  2855927
0.854174852371  2855607
0.868182897568  2854595
0.871031999588  2849155
0.879971981049  2840838
0.90035200119  2833717
0.929258823395  2826994
0.931339979172  2821869
0.939097881317  2813211
0.952027797699  2811812
0.966600894928  2810723
0.968402862549  2792269
0.995586872101  2787176
1.0112888813  2786275
1.01274394989  2781504
1.03291893005  2780012
1.06802082062  2777236
1.1202378273  2767064
1.12254285812  2764909
1.12973284721  2764828
1.14309191704  2758226
1.14576292038  2757342
1.14848184586  2757314
1.15293288231  2757117
1.16241598129  2756227
1.2108809948  2755559
1.21783900261  2740282
1.2259209156  2715834
1.23730683327  2715431
1.25043702126  2709257
1.25291895866  2706653
1.26356983185  2700250
1.27923679352  2698871
1.29500794411  2697842
1.31477093697  2694743
1.31501698494  2677229
1.31997799873  2676814
1.32281780243  2656943
1.32758998871  2655525
1.32783484459  2651671
1.35106086731  2650533
1.35892796516  2640801
1.36224985123  2639132
1.38348388672  2633296
1.38487386703  2629739
1.40599799156  2624876
1.4079349041  2624436
1.40878200531  2617793
1.42569494247  2610101
1.43503284454  2609298
1.44551992416  2589825
1.46865487099  2588903
1.46877884865  2584435
1.47555780411  2582554
1.48825287819  2581740
1.50852394104  2578507
1.51286792755  2571498
1.51878595352  2566500
1.52856683731  2563315
1.53086090088  2559172
1.53918480873  2558002
1.55304598808  2556922
1.55984282494  2547323
1.64697694778  2545420
1.6641638279  2542805
1.705286026  2542723
1.75686883926  2529932
1.76562094688  2529634
1.80220198631  2529492
1.80545496941  2529316
1.8116350174  2525276
1.8228328228  2504518
1.83440995216  2503828
1.84450101852  2483052
1.88382482529  2482028
1.92095780373  2461129
1.92826390266  2461005
1.93989682198  2444933
1.96283793449  2433874
1.96496701241  2432537
2.01207089424  2431809
2.03516483307  2429521
2.06391787529  2426889
2.07684397697  2426881
2.10932087898  2419632
2.11504483223  2419607
2.17340397835  2419531
2.2744679451  2418159
2.31824302673  2415797
2.3477408886  2415393
2.39110994339  2412839
2.42369580269  2411939
2.4595079422  2411710
2.55913496017  2408653
2.65140891075  2400031
2.66053080559  2397480
2.70954394341  2397391
2.91505599022  2389658
2.94817590714  2384164
2.97673296928  2380909
3.08619785309  2380056
3.20974683762  2379397
3.3196349144  2378904
3.35640597343  2376302
4.16454100609  2375124
