0.0113461017609  11123387
0.011440038681  11016021
0.0115699768066  10840052
0.0116350650787  10404504
0.0116999149323  10058178
0.0118250846863  9935041
0.0118889808655  9833737
0.0119531154633  9795083
0.0122001171112  9789596
0.0123860836029  9743694
0.012510061264  9591329
0.0126349925995  9484695
0.0128800868988  9483887
0.012943983078  9353191
0.0131280422211  9349131
0.0132529735565  9311162
0.0133159160614  9243496
0.0137419700623  9226637
0.01380610466  9213003
0.0139899253845  9143021
0.014053106308  9142546
0.0144190788269  9087795
0.0150849819183  9083000
0.0151491165161  9050477
0.0152130126953  8950219
0.0152759552002  8945581
0.0153391361237  8930809
0.0155229568481  8882858
0.0158281326294  8836088
0.0158910751343  8744792
0.0159549713135  8742723
0.0160179138184  8501985
0.0161409378052  8346287
0.0164470672607  8282926
0.0165710449219  8247708
0.0170550346375  8242266
0.0171179771423  8235294
0.0171821117401  8228947
0.0174260139465  8180143
0.0177309513092  8095902
0.017795085907  8076924
0.0179800987244  7935746
0.0180430412292  7921714
0.0182271003723  7835045
0.0182909965515  7776223
0.0186550617218  7763588
0.018718957901  7746118
0.0189030170441  7745474
0.0193281173706  7644800
0.0196931362152  7586462
0.0198180675507  7521053
0.0198810100555  7438488
0.0202460289001  7175334
0.020308971405  7134712
0.0204339027405  7055043
0.0207419395447  6997123
0.0208060741425  6989246
0.0213530063629  6967413
0.0223879814148  6939357
0.0230529308319  6937932
0.0234270095825  6887961
0.0235531330109  6864225
0.02414894104  6853824
0.024393081665  6669587
0.0256869792938  6565218
0.0261619091034  6557067
0.0268139839172  6534597
0.0280959606171  6525413
0.028284072876  6516658
0.0284090042114  6488258
0.028862953186  6484652
0.0293741226196  6469495
0.0294499397278  6447085
0.0295279026031  6435572
0.0300080776215  6342032
0.03160405159  6334755
0.0324690341949  6321425
0.0327930450439  6298899
0.0329411029816  6171675
0.0342409610748  6140269
0.0357160568237  6133615
0.0363380908966  5990476
0.0399749279022  5980854
0.0402319431305  5952500
0.0417370796204  5949035
0.0418801307678  5918583
0.0425491333008  5911493
0.0434949398041  5892722
0.043792963028  5866150
0.0438599586487  5859805
0.0441689491272  5855376
0.0442950725555  5780319
0.0452649593353  5780284
0.045578956604  5777865
0.0473470687866  5727135
0.0478360652924  5699301
0.0479009151459  5645635
0.0481460094452  5644631
0.0486929416656  5637259
0.0488169193268  5621491
0.0500900745392  5618424
0.0502750873566  5616000
0.0518469810486  5567007
0.0521519184113  5547357
0.0531260967255  5543452
0.0536110401154  5421243
0.054398059845  5415053
0.0545830726624  5376898
0.0548930168152  5338522
0.0554981231689  5304233
0.0565829277039  5299656
0.0566470623016  5276341
0.0569519996643  5269410
0.0581569671631  5268345
0.0585811138153  5245846
0.0588250160217  5208036
0.0600380897522  5202961
0.0604031085968  5179347
0.0608279705048  5178721
0.0618560314178  5178528
0.0625829696655  5167918
0.0627670288086  5152786
0.0638539791107  5151071
0.0642800331116  5148527
0.064523935318  5089023
0.0648319721222  5069317
0.0659189224243  5069281
0.0689311027527  5007327
0.0709249973297  4860396
0.0715899467468  4859303
0.0734579563141  4851742
0.0741200447083  4845913
0.0747249126434  4845448
0.0750329494476  4845287
0.0757570266724  4802873
0.0779829025269  4721448
0.0781669616699  4611749
0.0787720680237  4607634
0.0810539722443  4605191
0.0813579559326  4559469
0.0826869010925  4510222
0.0847270488739  4510110
0.0851540565491  4505575
0.0853400230408  4504814
0.0875720977783  4494098
0.0918610095978  4481875
0.0923631191254  4472203
0.0924279689789  4464919
0.0924921035767  4451593
0.0925559997559  4430405
0.0926189422607  4423586
0.0947940349579  4358810
0.0964820384979  4358325
0.0991749763489  4357667
0.0995419025421  4357569
0.102071046829  4355153
0.102972984314  4342277
0.104151010513  4332525
0.104918003082  4328726
0.106379032135  4324637
0.108180999756  4323796
0.109314918518  4317866
0.110153913498  4307351
0.110285997391  4305933
0.111059904099  4304789
0.111354112625  4300910
0.112322092056  4296662
0.115166902542  4277090
0.116013050079  4276867
0.11944103241  4246014
0.120165109634  4232836
0.120588064194  4206244
0.120651960373  4191954
