0.0119431018829  9705676
0.012097120285  9551724
0.0122389793396  9404583
0.0126011371613  9391036
0.0128560066223  9328732
0.0130729675293  9106472
0.0133249759674  9065815
0.0134539604187  8867808
0.0135850906372  8858749
0.0153241157532  8828893
0.0163390636444  8782847
0.0164821147919  8756732
0.016606092453  8695462
0.0171830654144  8515037
0.0182211399078  8495784
0.0196049213409  8491040
0.0200889110565  8442629
0.0214610099792  8194175
0.0218620300293  8097608
0.0224900245667  7980367
0.0227839946747  7980316
0.0232880115509  7977676
0.0238580703735  7932907
0.0245270729065  7918681
0.0248379707336  7883377
0.0255749225616  7881372
0.0264999866486  7865191
0.0286910533905  7858968
0.0289571285248  7828759
0.030935049057  7822826
0.031445980072  7793986
0.0320961475372  7717368
0.0323541164398  7680737
0.0326080322266  7657322
0.0328640937805  7621713
0.0335159301758  7555967
0.0340249538422  7529073
0.034245967865  7498483
0.0344240665436  7417921
0.0346779823303  7325813
0.0349309444427  7323673
0.0355629920959  7304816
0.0356740951538  7098468
0.0357820987701  6986761
0.0358910560608  6985616
0.0368881225586  6979566
0.0373361110687  6871716
0.0374929904938  6845693
0.0376770496368  6811447
0.0377650260925  6763869
0.0381851196289  6689044
0.0387930870056  6687475
0.0405509471893  6687260
0.0406930446625  6641034
0.0419199466705  6630426
0.0428030490875  6605744
0.0429699420929  6488154
0.0451970100403  6464125
0.0453429222107  6462110
0.0464799404144  6448413
0.0466959476471  6441333
0.0469019412994  6440648
0.0472300052643  6437997
0.0474281311035  6350932
0.0485661029816  6333193
0.050733089447  6333187
0.0545301437378  6330859
0.0549609661102  6285711
0.0551910400391  6276148
0.0552921295166  6272525
0.0559051036835  6234885
0.0563299655914  6194633
0.057058095932  6185423
0.0576901435852  5985083
0.0582110881805  5981291
0.0599870681763  5955291
0.0601069927216  5952561
0.0615179538727  5622827
0.0616829395294  5620096
0.0618970394135  5595325
0.0623071193695  5554120
0.0639610290527  5541395
0.0644690990448  5540894
0.0656809806824  5534489
0.0663220882416  5515891
0.072793006897  5513066
0.074914932251  5511526
0.0757460594177  5486264
0.0773589611053  5484291
0.0779860019684  5459909
0.0782060623169  5459769
0.0805060863495  5459471
0.0816919803619  5444659
0.082957983017  5419165
0.0853400230408  5413011
0.0854640007019  5402984
0.0864059925079  5399392
0.0868520736694  5394890
0.0890319347382  5390946
0.0896580219269  5376198
0.0898809432983  5374694
0.0929129123688  5366569
0.0942890644073  5344730
0.0975539684296  5298393
0.0989580154419  5261512
0.100737094879  5254986
0.102874040604  5252132
0.103241920471  5196058
0.104876995087  5184820
0.105633974075  5177063
0.106822013855  5096206
0.108127117157  5074656
0.108490943909  5035394
0.110271930695  5027179
0.110404968262  5024629
0.11104798317  5008707
0.112317085266  5004340
0.114171981812  4968373
0.11478304863  4961628
0.115344047546  4954656
0.116589069366  4920394
0.11710691452  4918069
0.120150089264  4912285
0.122339010239  4899133
0.124695062637  4825886
0.126377105713  4691181
0.12748503685  4680695
0.12806892395  4678330
0.131443023682  4641318
0.131881952286  4638625
0.132128953934  4606627
0.135545969009  4605347
0.137577056885  4579901
0.13921713829  4577592
0.141206026077  4576698
0.142565965652  4570747
0.150675058365  4565972
0.155606985092  4546605
0.155748128891  4537089
0.155919075012  4497318
0.157139062881  4494955
0.157589912415  4494623
0.158168077469  4483453
0.158401012421  4482793
0.160249948502  4445707
0.164890050888  4406303
0.171380996704  4402348
0.172912120819  4393719
0.173571109772  4392870
0.175982952118  4366370
0.176836013794  4338035
0.17768406868  4335959
0.178318023682  4328651
0.179155111313  4325585
0.179683923721  4318837
0.181360006332  4253376
0.188991069794  4252380
0.189341068268  4245573
0.190304994583  4209834
0.203907012939  4207847
0.204221010208  4163528
0.207055091858  4161940
0.213840961456  4161295
0.214229106903  4160084
0.214678049088  4139625
0.215280056  4099320
0.216067075729  4085569
0.217520952225  4076645
0.217697143555  4073454
0.219654083252  4037965
0.226779937744  4037838
0.228451967239  4026284
0.229239940643  3977972
0.233444929123  3969007
0.235162973404  3954560
0.243438005447  3943798
0.245996952057  3942258
0.265798091888  3942247
0.271755933762  3941257
0.27611207962  3935282
0.28043794632  3894414
0.282165050507  3892325
0.283276081085  3892004
0.295721054077  3879196
0.297936916351  3876638
0.298365116119  3869770
0.298507928848  3869315
0.301219940186  3867922
0.308747053146  3861947
0.313317060471  3857457
0.314779043198  3842826
0.31632900238  3830826
0.317959070206  3817665
0.318092107773  3809586
0.31998705864  3807376
0.323012113571  3773218
0.333091020584  3772228
0.339960098267  3758989
0.34979391098  3733336
0.354643106461  3729414
0.35730099678  3723563
0.359591960907  3723379
0.367151021957  3722713
0.371510028839  3717002
0.372363090515  3713627
0.373621940613  3705907
0.374253988266  3695477
0.382568120956  3695424
0.385229110718  3691059
0.385456085205  3690484
0.389601945877  3689511
0.393455982208  3683336
0.395915031433  3676347
0.39725112915  3663256
0.40037894249  3660700
0.412682056427  3644342
0.415647983551  3626831
0.426083087921  3623593
0.436267137527  3621687
0.446404933929  3575549
0.455311059952  3567330
0.470426082611  3566814
0.474748134613  3566745
0.475119113922  3566564
0.475213050842  3565110
0.477703094482  3564998
0.486835956573  3560522
0.489206075668  3555102
0.493698120117  3554754
0.501227140427  3551004
0.505990028381  3547631
0.5163230896  3538260
0.518296003342  3537440
0.519598960876  3537378
0.524703025818  3523389
0.531872987747  3522926
0.534227132797  3520182
0.539201021194  3490759
0.552174091339  3488219
0.589293003082  3485579
0.601894140244  3482658
0.602550983429  3474271
0.617486000061  3467513
0.622796058655  3463865
0.626718997955  3463479
0.638231992722  3451691
0.648015975952  3447039
0.690057992935  3441309
0.704658031464  3385660
0.709499120712  3382071
0.712500095367  3366792
0.71665096283  3366339
0.72411108017  3366166
0.737080097198  3364411
0.772040128708  3356158
0.773632049561  3355660
0.776691913605  3354349
0.797398090363  3354259
0.809479951859  3341753
0.814728975296  3341573
0.822719097137  3320442
0.862918138504  3319781
0.863248109818  3319131
0.884868144989  3298368
0.894381999969  3294619
0.912683963776  3294073
0.930876016617  3291316
0.933215141296  3289643
0.968105077744  3284534
0.974447011948  3277810
0.983514070511  3266188
0.987455129623  3248197
0.987993955612  3241681
0.991182088852  3241504
0.997808933258  3240547
0.999758005142  3239189
1.02857208252  3236231
1.03241801262  3197943
1.03908991814  3197558
1.92607498169  3180422
1.92861604691  3180383
1.95395112038  3179581
1.95462203026  3173847
1.95770311356  3172039
1.97342801094  3168962
1.97418498993  3163404
2.01199007034  3162865
2.03124713898  3154124
2.03871703148  3142580
2.04392409325  3141363
2.05544400215  3133639
2.05789494514  3127862
2.07154011726  3119871
2.09114408493  3118760
2.0912361145  3100158
2.10631394386  3096953
2.11818099022  3093937
2.12545609474  3085247
2.15208697319  3082083
2.16344594955  3078850
2.20608210564  3078796
2.24380707741  3071904
2.24479913712  3064893
2.24594807625  3058377
2.26496100426  3052360
2.27866601944  3049587
2.28461503983  3032161
2.2898709774  3027275
2.29305791855  3006815
2.29317212105  3006229
2.30116295815  3005800
2.32718110085  3003886
2.34087896347  3002415
2.35204696655  3001458
2.35285401344  2995285
2.35469412804  2995242
2.36295294762  2993396
2.36724901199  2992170
2.36919403076  2991900
2.38160300255  2989585
2.38308811188  2980886
2.42426800728  2978143
2.43407607079  2975255
2.43555593491  2935024
2.43931508064  2934801
2.44653010368  2927742
2.4637029171  2922705
2.46698212624  2922634
2.47114014626  2910673
2.47958612442  2901209
2.47970199585  2900460
2.48013091087  2884421
2.50611591339  2874786
2.51002407074  2872104
2.52290296555  2868985
2.53396391869  2868892
2.58701109886  2868870
3.51014399529  2862784
3.52316999435  2859057
3.52527999878  2844609
3.52551412582  2841752
3.53633713722  2827189
3.54236197472  2818466
3.54692411423  2818356
3.55400395393  2813488
3.58111405373  2811517
3.58515095711  2807581
3.59692907333  2806504
3.59744095802  2806142
3.60499310493  2783686
3.61314201355  2779776
3.62965607643  2777324
3.66314697266  2763561
3.6898920536  2761242
3.71150302887  2756527
3.71323513985  2750047
3.71357512474  2741958
3.74444508553  2739693
3.77254796028  2739029
3.82029294968  2735048
3.82140994072  2733573
3.84064507484  2727069
6.37855696678  2697569
6.38064098358  2690527
6.38273906708  2687370
6.4159860611  2686799
6.42773509026  2682553
6.4279589653  2682538
6.44573092461  2682229
6.45049095154  2674114
6.4710021019  2671925
6.47325110435  2671067
12.8812060356  2662894
12.8829369545  2662593
12.9076731205  2655748
12.9140751362  2652933
12.9227509499  2652273
12.9465069771  2651946
12.9472100735  2650165
12.9683580399  2648863
12.9700911045  2645658
12.9847259521  2644005
13.0258851051  2635727
13.0349829197  2635081
13.0507900715  2634504
13.0509300232  2629511
13.054956913  2629210
13.0716190338  2628473
13.0724229813  2625208
13.088711977  2624812
13.1087210178  2623388
13.1261351109  2621931
13.1466400623  2621489
13.1493120193  2620489
13.149420023  2604197
13.1557779312  2597829
13.1600129604  2597658
13.1662340164  2597603
13.2011780739  2597138
13.2013950348  2596569
13.2298340797  2594497
13.2429609299  2594345
13.2530949116  2594286
23.3980219364  2593498
23.4291880131  2592332
23.4769070148  2589902
23.477684021  2588313
23.4797661304  2585967
23.510365963  2580425
23.5427229404  2577743
23.5600099564  2569859
23.5604200363  2562749
23.5648131371  2562657
23.5684199333  2554630
28.2113070488  2547852
28.2147140503  2545314
28.262565136  2539950
28.2910039425  2538673
28.3052589893  2517511
28.3077471256  2492814
28.3121030331  2489861
28.3139131069  2440188
28.32939291  2439382
28.3425710201  2439065
28.3691101074  2431259
28.3699560165  2430206
28.3806171417  2429461
28.4073190689  2423606
28.4156720638  2421176
28.4210851192  2420666
28.4225139618  2420441
28.4378530979  2418073
28.4642310143  2417584
28.4810230732  2417320
28.4833710194  2416511
39.2885780334  2382163
39.3086309433  2374803
39.3130290508  2372296
39.3220579624  2370578
97.7305760384  2367678
97.736552  2367224
97.7514131069  2358718
97.7744510174  2358571
97.8214230537  2342022
97.8263850212  2341269
97.8350229263  2341260
97.8357329369  2337080
97.8977019787  2327271
97.9054019451  2325736
97.931746006  2321816
97.9420180321  2313163
97.9576749802  2302073
97.9745659828  2297394
97.9920301437  2292005
97.999861002  2291484
98.0002939701  2282482
98.0035951138  2277801
98.0628550053  2277346
98.0875170231  2276316
262.727762938  2252862
262.734560966  2250816
262.758496046  2250420
262.76175499  2246307
262.770584106  2246100
262.796037912  2243590
262.808901072  2229798
262.817246914  2226326
262.836457968  2225188
262.851185083  2216234
262.858844995  2209257
262.863119125  2201708
262.869946003  2179627
448.46805191  2160014
448.47281599  2159342
448.515905142  2159251
448.535215139  2151528
448.558558941  2094361
448.571351051  2094212
448.577970982  2092226
448.604835033  2087061
448.60582304  2086445
448.608835936  2085668
448.613353014  2082126
448.647126913  2081649
448.688657045  2080758
448.690807104  2076817
448.710258007  2076814
448.710874081  2076748
448.723031044  2071968
448.739407063  2071591
