0.00901699066162  9701220
0.009202003479  9683923
0.00927805900574  9592844
0.00948119163513  9587063
0.00972604751587  9573253
0.0102682113647  9572597
0.0103859901428  9571452
0.0106821060181  9369529
0.0107760429382  9365654
0.0110690593719  9358487
0.0111880302429  9353399
0.011390209198  9348016
0.0117189884186  9345559
0.0122780799866  9341323
0.0131211280823  9340950
0.0134081840515  9331277
0.0142471790314  9313912
0.0154299736023  9311338
0.0166590213776  9307077
0.0167350769043  9069552
0.0180079936981  9065733
0.0183382034302  9063228
0.0184981822968  9046427
0.0185730457306  9045451
0.0187749862671  8993325
0.019189119339  8975652
0.0192639827728  8974898
0.0216159820557  8974032
0.0217800140381  8921093
0.0236060619354  8915015
0.0255851745605  8914503
0.0256621837616  8912665
0.0278091430664  8912587
0.0298421382904  8905892
0.0299301147461  8893201
0.0300920009613  8892636
0.0302131175995  8886378
0.03040599823  8885588
0.0306119918823  8841873
0.0323300361633  8839355
0.0324490070343  8701092
0.0326089859009  8698091
0.0326840877533  8639760
0.0328550338745  8637915
0.0332319736481  8574508
0.0352461338043  8569481
0.0366721153259  8557090
0.0369641780853  8552033
0.0372641086578  8545450
0.0373411178589  8541118
0.0384290218353  8541028
0.0410931110382  8534914
0.0441122055054  8534398
0.044242143631  8380176
0.0446720123291  8372737
0.0447950363159  8352599
0.0452702045441  8345243
0.0459160804749  8339381
0.0459940433502  8306407
0.0462021827698  8298244
0.0468850135803  8297727
0.0496981143951  8297604
0.0523672103882  8297033
0.0524899959564  8195624
0.0527431964874  8159079
0.0528202056885  8083163
0.0532519817352  8045208
0.0539309978485  8041146
0.0546751022339  8040264
0.0581061840057  8037407
0.0609781742096  8037259
0.0646409988403  8034828
0.064845085144  7909190
0.0650901794434  7889568
0.065376996994  7858276
0.0658361911774  7854823
0.0665471553802  7854190
0.066623210907  7823769
0.0668671131134  7763057
0.0671541690826  7742348
0.0679070949554  7741728
0.0679821968079  7740129
0.0721130371094  7739661
0.0722391605377  7736134
0.0751841068268  7733698
0.0791220664978  7733650
0.0800499916077  7733232
0.0808889865875  7709662
0.0810060501099  7707863
0.0849370956421  7705731
0.0896551609039  7705437
0.0897731781006  7514003
0.0899760723114  7511548
0.0903902053833  7447596
0.0905070304871  7445705
0.0907092094421  7445538
0.0909521579742  7440765
0.0914499759674  7438522
0.0915250778198  7409115
0.0920641422272  7403769
0.092139005661  7400585
0.0928480625153  7400235
0.0933032035828  7398125
0.0937151908875  7396802
0.0938601493835  7390812
0.0939919948578  7382216
0.0945591926575  7198294
0.0947070121765  7194661
0.0949351787567  7184796
0.0963981151581  7181467
0.10858798027  7179710
0.123453140259  7170791
0.140597105026  7162337
0.155664205551  7152840
0.180508136749  7152739
0.196473121643  7152662
0.212227106094  6915499
0.230782032013  6915231
0.24689912796  6914637
0.26834321022  6914436
0.294865131378  6910759
0.33394408226  6905510
0.372773170471  6890004
0.412279129028  6768137
0.453416109085  6744432
0.45375418663  6744055
0.453830003738  6743993
0.453989028931  6743689
0.472012042999  6743009
0.47527217865  6740672
0.477720975876  6735650
0.479887008667  6699424
0.480842113495  6691772
0.481970071793  6690914
0.482115983963  6685042
0.482339143753  6410190
0.484070062637  6399170
0.486805200577  6393488
0.489564180374  6388857
0.489730119705  6382308
0.493375062943  6381991
0.493465185165  6381973
0.505729198456  6381764
0.518210172653  6374685
0.52863407135  6374537
0.538417100906  6372658
0.555904150009  6372143
0.577059030533  6371942
0.604891061783  6371535
0.651539087296  6365912
0.680598020554  6365826
0.708898067474  6365669
0.757174015045  6365276
0.785972118378  6364163
0.820819139481  6362100
0.866528987885  6356502
0.910557985306  6278248
0.94087100029  6277894
0.970266103745  6277737
1.01181602478  6277426
