0.00902986526489  9701220
0.00921392440796  9683923
0.00929093360901  9592844
0.00949597358704  9587063
0.0097439289093  9573253
0.010293006897  9572597
0.0104119777679  9571452
0.0106158256531  9369529
0.0106909275055  9365654
0.0109798908234  9358487
0.01109790802  9353399
0.0113019943237  9348016
0.0116329193115  9345559
0.012179851532  9341323
0.0130870342255  9340950
0.013377904892  9331277
0.014230966568  9313912
0.0154318809509  9311338
0.0166928768158  9307077
0.0167689323425  9069552
0.0180578231812  9065733
0.0183918476105  9063228
0.0185539722443  9046427
0.0186288356781  9045451
0.0188329219818  8993325
0.0192518234253  8975652
0.019327878952  8974898
0.0210068225861  8974032
0.0210900306702  8921093
0.0224719047546  8915015
0.024463891983  8914503
0.0245409011841  8912665
0.0267670154572  8912587
0.0295388698578  8905892
0.02965092659  8893201
0.0298390388489  8892636
0.0299758911133  8886378
0.0301918983459  8885588
0.0304348468781  8841873
0.0321669578552  8839355
0.0322878360748  8701092
0.0324499607086  8698091
0.0325260162354  8639760
0.0326879024506  8637915
0.0330638885498  8574508
0.0350258350372  8569481
0.0363190174103  8557090
0.036593914032  8552033
0.0368988513947  8545450
0.0369789600372  8541118
0.0381109714508  8541028
0.0403120517731  8534914
0.0432839393616  8534398
0.0434098243713  8380176
0.0438330173492  8372737
0.0439519882202  8352599
0.0444169044495  8345243
0.0450618267059  8339381
0.0451400279999  8306407
0.0453488826752  8298244
0.0460889339447  8297727
0.0489189624786  8297604
0.0516028404236  8297033
0.0517270565033  8195624
0.0519778728485  8159079
0.0520548820496  8083163
0.0524458885193  8045208
0.0530319213867  8041146
0.0537259578705  8040264
0.0569288730621  8037407
0.0600259304047  8037259
0.0637178421021  8034828
0.0639238357544  7909190
0.0641720294952  7889568
0.0644609928131  7858276
0.0649230480194  7854823
0.0656428337097  7854190
0.0657188892365  7823769
0.0659658908844  7763057
0.0662560462952  7742348
0.0670239925385  7741728
0.0671000480652  7740129
0.0708789825439  7739661
0.0709989070892  7736134
0.0739588737488  7733698
0.078311920166  7733650
0.0792598724365  7733232
0.0801119804382  7709662
0.0802309513092  7707863
0.084193944931  7705731
0.0889530181885  7705437
0.0890719890594  7514003
0.0892758369446  7511548
0.0896949768066  7447596
0.0898139476776  7445705
0.0900168418884  7445538
0.0902638435364  7440765
0.0907669067383  7438522
0.090842962265  7409115
0.0913898944855  7403769
0.0914659500122  7400585
0.0921850204468  7400235
0.0926449298859  7398125
0.0930638313293  7396802
0.093181848526  7390812
0.0932569503784  7382216
0.0935029983521  7198294
0.0935790538788  7194661
0.0936968326569  7184796
0.0944590568542  7181467
0.107861042023  7179710
0.122648000717  7170791
0.137447834015  7162337
0.152714014053  7152840
0.173425912857  7152739
0.189728021622  7152662
0.204316854477  6915499
0.2205119133  6915231
0.236932992935  6914637
0.257657051086  6914436
0.283404827118  6910759
0.321316003799  6905510
0.359555006027  6890004
0.397698879242  6768137
0.436275005341  6744432
0.436616897583  6744055
0.436693906784  6743993
0.436854839325  6743689
0.453029870987  6743009
0.455554962158  6740672
0.45684504509  6735650
0.457998991013  6699424
0.458502054214  6691772
0.459091901779  6690914
0.459167957306  6685042
0.459285974503  6410190
0.460134983063  6399170
0.461416959763  6393488
0.462761878967  6388857
0.462839841843  6382308
0.46469783783  6381991
0.464774847031  6381973
0.476155042648  6381764
0.487956047058  6374685
0.49951505661  6374537
0.510473012924  6372658
0.528450965881  6372143
0.547585964203  6371942
0.571437835693  6371535
0.618204832077  6365912
0.647866010666  6365826
0.676213979721  6365669
0.725054979324  6365276
0.753829956055  6364163
0.787132978439  6362100
0.829530000687  6356502
0.87162399292  6278248
0.90302491188  6277894
0.932564020157  6277737
0.97131896019  6277426
0.972873926163  6276444
0.972950935364  6274698
0.974764823914  6269532
0.974841833115  6264969
0.978960990906  6264677
0.982483863831  6262523
1.00023388863  6261561
1.01943993568  6148593
1.03964591026  6124700
1.06063485146  6122756
1.08018302917  6110753
1.10564494133  6107636
1.10583901405  6107543
1.10627889633  6106236
1.10649800301  6104870
1.11291193962  6102577
1.11797499657  6101709
1.12309384346  6099984
1.13445305824  6096461
1.14468789101  6095934
1.1496899128  6086462
1.15968799591  6079731
1.1693649292  6079305
1.17939805984  6078190
1.19382500648  6077370
1.20829987526  6076715
1.23283195496  6075815
1.24277305603  6073360
1.25284600258  6073232
1.26260495186  6072740
1.27227783203  6072402
1.29734802246  6067473
1.31899189949  6067053
1.36136293411  6059624
1.40479898453  6059317
1.447234869  6056231
1.49407100677  6055044
1.54106783867  6053453
1.59232497215  6045391
1.64798688889  6039659
1.70436382294  6036832
1.7715909481  5910396
1.84511804581  5892504
1.91905593872  5867834
1.91979598999  5867558
1.91993403435  5864894
1.92016792297  5864479
1.92079687119  5863522
1.9214758873  5863418
1.95061802864  5862890
1.95568704605  5861898
1.96079301834  5857966
1.9849178791  5857761
2.05306005478  5669550
2.05370402336  5669490
2.05911588669  5666813
2.10408091545  5666747
2.15020895004  5666640
2.19263505936  5665819
2.26627588272  5644547
2.34077692032  5624347
2.38728404045  5624016
2.44668889046  5623252
2.49055600166  5623017
2.53896594048  5622810
2.61217904091  5622613
2.68699193001  5619407
2.76150083542  5616402
2.83741998672  5607855
2.91525292397  5588508
2.99084591866  5585819
3.06825184822  5421593
3.14456701279  5403852
3.22299599648  5399713
3.30194997787  5397057
3.37718605995  5340089
3.45036387444  5328550
3.53083586693  5326458
3.60536289215  5320889
3.68489193916  5318764
3.76491689682  5286141
3.84110999107  5264623
3.92067599297  5239625
3.99718093872  5153776
4.07886385918  5150507
4.16413903236  5150145
4.24081802368  5149413
4.32242894173  5145316
4.40583896637  5132148
4.48653793335  5127450
4.57387399673  5111942
4.656072855  5111837
4.74060201645  5098513
4.82460904121  5076581
4.90997004509  5074473
4.99031090736  5072227
5.07448601723  5069852
