0.0599999427795  788978
0.0599999427795  787651
0.0599999427795  786688
0.0599999427795  786012
0.0599999427795  775435
0.0599999427795  769399
0.0599999427795  767513
0.0599999427795  763932
0.0599999427795  763321
0.0599999427795  758349
0.0599999427795  758259
0.0599999427795  752913
0.0599999427795  739783
0.0599999427795  726634
0.0599999427795  726237
0.0599999427795  717668
0.0599999427795  711103
0.0599999427795  702381
0.0599999427795  702260
0.0599999427795  699362
0.0599999427795  696019
0.0599999427795  695863
0.0599999427795  694998
0.0599999427795  694807
0.0599999427795  692998
0.0599999427795  692549
0.0599999427795  675626
0.0599999427795  675135
0.0699999332428  673101
0.0699999332428  671442
0.0699999332428  666823
0.0699999332428  662247
0.0699999332428  660416
0.0699999332428  655046
0.0699999332428  653936
0.0699999332428  653909
0.0699999332428  648483
0.0699999332428  638885
0.0699999332428  636967
0.0699999332428  635724
0.0699999332428  634722
0.0699999332428  632417
0.0699999332428  630236
0.0699999332428  626753
0.0699999332428  620404
0.0699999332428  612469
0.0699999332428  610541
0.0699999332428  605510
0.0699999332428  605353
0.0699999332428  603249
0.0699999332428  601173
0.0699999332428  600925
0.0699999332428  600490
0.0699999332428  595309
0.0699999332428  593082
0.0699999332428  592635
0.0699999332428  592285
0.0699999332428  583717
0.0699999332428  580734
0.0699999332428  576114
0.0699999332428  570855
0.0699999332428  567626
0.0699999332428  549203
0.0699999332428  544443
0.0699999332428  541534
0.0699999332428  541352
0.0699999332428  538113
0.0699999332428  537839
0.0699999332428  536571
0.0699999332428  536374
0.0699999332428  533534
0.0699999332428  526939
0.0699999332428  525382
0.0699999332428  524648
0.0699999332428  518075
0.0699999332428  501693
0.0699999332428  501503
0.0799999237061  499273
0.0799999237061  498449
0.0799999237061  495740
0.0799999237061  489056
0.0799999237061  482770
0.0799999237061  482724
0.0799999237061  481088
0.0799999237061  478955
0.0799999237061  478859
0.0799999237061  478430
0.0799999237061  477163
0.0799999237061  475050
0.0799999237061  473476
0.0799999237061  473121
0.0799999237061  471529
0.0799999237061  470911
0.0799999237061  469297
0.0799999237061  466401
0.0799999237061  463174
0.0799999237061  459875
0.0799999237061  458376
0.0799999237061  456810
0.0799999237061  453732
0.0899999141693  452587
0.0899999141693  451149
0.0899999141693  446853
0.0899999141693  446255
0.0899999141693  443622
0.0899999141693  437540
0.0899999141693  436194
0.0899999141693  434321
0.0899999141693  431509
0.0899999141693  431097
0.0899999141693  426941
0.0899999141693  425272
0.0899999141693  406010
0.0899999141693  405881
0.0899999141693  403591
0.0899999141693  402062
0.0899999141693  401324
0.0999999046326  401302
0.0999999046326  400952
0.0999999046326  399854
0.0999999046326  394921
0.0999999046326  386790
0.0999999046326  386718
0.0999999046326  385765
0.0999999046326  384799
0.0999999046326  383348
0.0999999046326  381208
0.109999895096  379902
0.109999895096  378105
0.109999895096  377190
0.109999895096  377046
0.109999895096  376622
0.109999895096  375858
0.109999895096  375272
0.109999895096  374497
0.109999895096  370536
0.109999895096  369264
0.109999895096  368115
0.109999895096  365965
0.109999895096  364161
0.109999895096  363278
0.109999895096  362581
0.119999885559  361564
0.119999885559  357506
0.119999885559  357044
0.119999885559  355978
0.119999885559  353956
0.119999885559  347320
0.119999885559  347169
0.129999876022  346090
0.129999876022  344648
0.129999876022  344339
0.129999876022  342553
0.129999876022  340864
0.129999876022  338722
0.129999876022  337159
0.129999876022  336844
0.129999876022  336612
0.129999876022  335939
0.129999876022  335092
0.129999876022  333539
0.129999876022  333499
0.129999876022  333286
0.139999866486  332033
0.139999866486  331774
0.139999866486  329727
0.139999866486  329212
0.139999866486  328920
0.139999866486  326504
0.149999856949  325223
0.149999856949  325193
0.149999856949  324426
0.149999856949  324101
0.149999856949  323237
0.149999856949  322794
0.149999856949  322571
0.149999856949  322464
0.149999856949  321962
0.159999847412  320156
0.159999847412  320142
0.159999847412  316166
0.159999847412  315550
0.159999847412  314369
0.159999847412  314301
0.159999847412  313391
0.169999837875  311013
0.169999837875  310789
0.169999837875  310417
0.169999837875  308377
0.179999828339  307852
0.179999828339  307593
0.179999828339  306258
0.19000005722  303345
0.19000005722  302744
0.19000005722  301836
0.19000005722  300955
0.200000047684  300846
0.200000047684  300008
0.200000047684  299996
0.200000047684  298634
0.200000047684  298241
0.200000047684  297681
0.210000038147  297127
0.210000038147  296981
0.210000038147  294473
0.210000038147  293156
0.210000038147  290993
0.210000038147  290961
0.22000002861  290381
0.22000002861  290128
0.22000002861  286407
0.22000002861  286394
0.22000002861  286367
0.230000019073  286265
0.230000019073  284353
0.230000019073  282507
0.230000019073  282365
0.230000019073  281793
0.240000009537  281025
0.240000009537  280916
0.240000009537  278809
0.240000009537  278509
0.240000009537  277825
0.25  273516
0.25  272857
0.259999990463  272601
0.259999990463  272486
0.259999990463  271709
0.269999980927  271703
0.269999980927  270999
0.269999980927  270714
0.27999997139  269797
0.27999997139  269371
0.27999997139  268228
0.27999997139  266492
0.289999961853  266472
0.299999952316  265838
0.299999952316  264385
0.299999952316  262482
0.299999952316  261776
0.30999994278  261195
0.30999994278  261135
0.30999994278  258566
0.319999933243  258106
0.319999933243  257904
0.329999923706  257554
0.329999923706  256036
0.329999923706  254783
0.339999914169  254760
0.339999914169  253832
0.349999904633  253398
0.349999904633  253033
0.349999904633  252110
0.349999904633  252002
0.349999904633  251712
0.349999904633  251483
0.359999895096  251020
0.359999895096  251002
0.379999876022  250707
0.389999866486  249225
0.389999866486  248913
0.399999856949  248618
0.409999847412  248590
0.419999837875  248374
0.419999837875  248344
0.419999837875  248261
0.419999837875  248124
0.419999837875  247720
0.429999828339  246776
0.450000047684  245866
0.450000047684  244856
0.450000047684  243437
0.460000038147  243211
0.460000038147  241097
0.47000002861  241042
0.490000009537  240856
0.490000009537  238616
0.519999980927  238602
0.52999997139  237474
0.55999994278  237231
0.55999994278  237222
0.569999933243  237009
0.579999923706  236899
0.589999914169  236252
0.589999914169  235644
0.609999895096  235620
0.619999885559  235491
0.619999885559  235029
0.629999876022  233960
0.649999856949  233051
0.669999837875  232916
0.679999828339  232849
0.700000047684  232702
0.700000047684  229906
0.700000047684  229865
0.710000038147  227759
0.740000009537  227684
0.75  227444
0.77999997139  227410
0.789999961853  227292
0.799999952316  227165
1.75999999046  225523
1.76999998093  225285
1.76999998093  225147
1.76999998093  225123
1.77999997139  225048
1.79999995232  224800
1.79999995232  224624
1.81999993324  224134
1.82999992371  223831
1.83999991417  223774
1.84999990463  223400
1.84999990463  221687
1.87999987602  221646
4.72000002861  221184
7.02099990845  220668
7.02099990845  220333
7.03099989891  219674
7.04099988937  219550
7.04099988937  219343
7.05099987984  219143
14.3599998951  219034
14.3699998856  217837
15.5999999046  216683
15.5999999046  216591
15.6099998951  215638
15.6199998856  215157
15.6399998665  215094
15.6499998569  214509
15.6499998569  213939
15.6599998474  213089
15.6699998379  211246
15.6699998379  209240
15.7000000477  208338
15.7400000095  208143
15.75  206662
15.7599999905  206485
15.7699999809  206052
15.7799999714  205596
15.7999999523  203863
15.7999999523  203187
40.0299999714  202689
40.0299999714  202068
40.0399999619  201946
40.0399999619  201937
40.0399999619  201664
40.0599999428  201306
40.0899999142  201256
40.1099998951  200507
40.1099998951  199664
40.1199998856  199476
40.1399998665  199082
40.1399998665  198869
40.1499998569  198678
40.1599998474  198468
40.1699998379  197771
40.2000000477  197413
40.2300000191  196837
40.25  196375
391.461999893  194753
