0.066999912262  753113
0.066999912262  752390
0.066999912262  751806
0.066999912262  743070
0.0680000782013  741189
0.0680000782013  740419
0.069000005722  737659
0.069000005722  735962
0.069000005722  733659
0.069000005722  730677
0.0699999332428  726422
0.0710000991821  725225
0.0710000991821  725182
0.0720000267029  718817
0.0720000267029  716061
0.0720000267029  714389
0.0729999542236  704798
0.0729999542236  702949
0.0729999542236  700238
0.0729999542236  698009
0.0750000476837  694285
0.0750000476837  692046
0.0759999752045  690405
0.0759999752045  687741
0.0769999027252  680324
0.0769999027252  675395
0.0780000686646  674092
0.0799999237061  669285
0.0799999237061  667750
0.0799999237061  664587
0.0810000896454  662114
0.0810000896454  661711
0.0820000171661  660700
0.0820000171661  659708
0.0820000171661  651481
0.0820000171661  646208
0.0820000171661  644125
0.0829999446869  642135
0.0829999446869  639354
0.0840001106262  634154
0.0840001106262  631309
0.0840001106262  629471
0.0840001106262  628255
0.0840001106262  621834
0.0859999656677  618983
0.0859999656677  616409
0.0880000591278  616132
0.0910000801086  612737
0.0929999351501  610607
0.0929999351501  597821
0.095999956131  597315
0.095999956131  597245
0.095999956131  597221
0.095999956131  595664
0.095999956131  592671
0.101000070572  592372
0.105000019073  584760
0.108999967575  583492
0.114000082016  578196
0.118000030518  577895
0.121999979019  577468
0.128999948502  576128
0.135999917984  574885
0.141000032425  572145
0.144999980927  571488
0.150000095367  570849
0.154000043869  570195
0.157999992371  569272
0.163000106812  567203
0.167000055313  565868
0.173000097275  564854
0.177000045776  563457
0.180999994278  563235
0.186000108719  561506
0.193000078201  560749
0.197000026703  560409
0.206000089645  560103
0.210000038147  559297
0.217000007629  558164
0.22200012207  556808
0.227999925613  554782
0.233000040054  554781
0.236999988556  553970
0.243999958038  553967
0.24799990654  552432
0.253000020981  548649
0.256999969482  547786
0.262000083923  546596
0.266999959946  546211
0.270999908447  545627
0.276000022888  527882
0.27999997139  519423
0.285000085831  518654
0.291000127792  518578
0.296999931335  517628
0.305999994278  516480
0.30999994278  515782
0.318000078201  514780
0.322000026703  507437
0.331000089645  505399
0.344000101089  504341
0.361000061035  504288
0.381999969482  503729
0.398999929428  503400
0.424000024796  503365
0.453999996185  502525
0.479000091553  502178
0.507999897003  500179
0.536000013351  499938
0.56500005722  498825
0.59299993515  498132
0.621000051498  497813
0.657999992371  497776
0.686000108719  496758
0.713999986649  496072
0.743000030518  495043
0.776000022888  494694
0.809000015259  494248
0.832999944687  493982
0.868000030518  493636
0.891999959946  493184
0.928999900818  492682
0.97200012207  486241
1.0039999485  486079
1.03999996185  486004
1.0759999752  485814
1.12199997902  485786
1.15499997139  485577
1.18000006676  485430
1.21300005913  485199
1.2460000515  484661
1.27900004387  484298
1.30399990082  484123
1.35100007057  482642
1.40000009537  474253
1.43300008774  473457
1.48000001907  471042
1.53399991989  470793
1.58899998665  470789
1.64300012589  469859
1.69799995422  466687
1.75300002098  466610
1.80900001526  466216
1.86899995804  466173
1.9240000248  463832
1.98000001907  463722
2.03600001335  454642
2.09299993515  454419
2.15100002289  454352
2.21200013161  453603
2.27300000191  452808
2.33100008965  451534
2.39400005341  451443
2.45399999619  447182
2.51200008392  446314
2.57400012016  444639
2.6400001049  444617
2.70199990273  441521
2.76200008392  440566
2.82299995422  439639
2.88400006294  439604
2.94499993324  439066
3.007999897  438666
3.07100009918  436851
3.13199996948  432278
3.1930000782  431146
3.2539999485  429151
3.31699991226  422644
3.3789999485  422183
3.44000005722  417845
3.50099992752  411794
3.5640001297  411653
3.63000011444  408678
3.69199991226  408643
3.7539999485  408557
3.81599998474  407385
3.88100004196  407182
3.94099998474  406883
3.99900007248  406749
4.06500005722  399459
4.12299990654  399380
4.19099998474  393601
4.25300002098  392679
4.32100009918  391373
4.39100003242  389834
4.46099996567  389048
4.53299999237  388850
4.60599994659  388797
4.68000006676  388132
4.75699996948  387742
4.83299994469  387269
4.91899991035  387107
4.99300003052  386974
5.06599998474  386749
5.15700006485  386425
5.24900007248  386243
5.33800005913  386111
5.42899990082  385760
5.51999998093  385603
5.61400008202  384453
5.70799994469  384450
5.80100011826  383819
5.89700007439  383466
5.99099993706  383278
6.08800005913  383187
6.18300008774  382391
6.27699995041  381525
6.37700009346  380820
6.48900008202  379704
6.58800005913  378370
6.68499994278  378298
6.78399991989  373612
6.8789999485  371418
6.97799992561  368766
7.08700013161  364321
7.19499993324  364235
7.29500007629  363848
7.39400005341  363408
7.49399995804  363324
7.59700012207  363086
7.7009999752  362954
7.80100011826  362234
7.89499998093  362041
7.9960000515  350520
8.11100006104  350417
8.21900010109  350323
8.32699990273  350024
8.43099999428  348644
8.53800010681  348063
8.63800001144  347773
8.74399995804  347711
8.84899997711  342631
8.94600009918  342158
9.0490000248  341873
9.0529999733  341699
9.0529999733  340220
9.05399990082  340046
9.05900001526  337856
9.05900001526  337849
9.05900001526  337368
9.05900001526  336908
9.05999994278  336275
9.05999994278  335536
9.06500005722  335246
9.06999993324  334874
9.07500004768  334652
9.07999992371  334516
9.08500003815  334043
9.16700005531  333478
9.25999999046  333443
9.33200001717  333247
9.33999991417  333090
9.34599995613  332746
9.35100007057  332691
9.42600011826  332309
9.51600003242  331868
9.61199998856  331799
9.71099996567  331479
9.80100011826  331377
9.91799998283  329053
10.1300001144  328358
10.2400000095  328010
10.3740000725  327665
10.496999979  327634
10.5859999657  327569
10.6789999008  327015
10.7829999924  326821
10.7910001278  326619
10.7990000248  326129
10.8120000362  325964
10.8250000477  325897
10.8380000591  325241
10.8499999046  319214
10.8629999161  317849
10.875  317415
10.8870000839  317073
10.9000000954  315391
10.9130001068  314886
10.9260001183  314334
10.9309999943  312133
10.9370000362  310753
10.9449999332  310245
11.0529999733  310199
11.1630001068  307792
11.2520000935  307630
11.3420000076  307627
11.4119999409  306994
11.4869999886  306488
11.5970001221  306411
11.7130000591  305458
11.8240001202  303065
11.9349999428  301601
12.0490000248  300978
12.1610000134  300731
12.2720000744  299914
12.3849999905  296079
12.4530000687  295814
12.5220000744  295377
12.5940001011  294698
12.6879999638  294526
12.8029999733  294303
12.9140000343  293704
13.0239999294  292155
13.1300001144  291954
13.2539999485  290407
13.3870000839  289785
13.513999939  288792
13.6380000114  288350
13.7660000324  285804
13.8940000534  285611
14.0269999504  284905
14.1600000858  283995
14.2939999104  283953
14.4240000248  283090
14.5550000668  283079
14.6849999428  281757
14.8140001297  281654
14.9400000572  281003
15.1319999695  280970
15.3250000477  280458
15.4600000381  279824
15.6059999466  279602
15.7460000515  279268
15.8919999599  279124
16.0350000858  278540
16.1789999008  278305
16.3199999332  277663
16.4630000591  276444
16.6059999466  276042
16.7520000935  274713
16.8980000019  274001
17.0729999542  273871
17.256000042  273420
17.4149999619  273354
17.5729999542  272512
17.7269999981  270252
17.878000021  269866
18.0499999523  269794
18.2669999599  268002
18.4370000362  267738
18.5989999771  267341
18.7620000839  266716
18.9300000668  266021
19.1010000706  264354
19.2769999504  261899
19.4690001011  261165
19.6380000114  256632
19.8069999218  255748
20.0  249397
20.1749999523  247094
20.4360001087  246029
20.6559998989  244596
20.8399999142  244457
21.0290000439  243080
21.2130000591  242377
21.3959999084  239621
21.5799999237  238060
21.7660000324  235855
21.9519999027  234198
22.1589999199  234110
22.3420000076  233034
22.5209999084  232850
22.7090001106  232600
22.8949999809  231831
23.0840001106  231556
23.2739999294  228256
23.4660000801  228229
23.6800000668  227788
23.8710000515  225927
24.0659999847  225147
24.2680001259  225128
24.4609999657  220979
24.6500000954  220651
24.8370001316  219384
25.0320000648  217612
25.2260000706  216705
25.4260001183  213600
25.632999897  211974
25.8380000591  209102
26.0250000954  208970
26.2139999866  208869
26.3989999294  208018
26.5920000076  207945
26.7880001068  207072
26.9900000095  207065
27.1809999943  206914
27.375  205165
27.5720000267  204476
27.7720000744  204255
27.9700000286  204152
28.1710000038  201683
28.3710000515  201393
28.5750000477  199472
28.7690000534  198658
28.9630000591  198548
29.1530001163  197183
29.3440001011  195875
29.5380001068  195362
29.736000061  195262
29.9309999943  194691
30.1300001144  193817
30.3519999981  192501
30.5599999428  191096
30.7620000839  190981
30.9590001106  190618
31.1549999714  190576
31.3489999771  189619
31.5450000763  184324
31.7430000305  184022
31.9419999123  182581
32.1370000839  178065
32.3359999657  176632
32.5320000648  175451
32.7279999256  175349
32.9219999313  174807
33.1210000515  172575
33.3169999123  171669
33.513999939  171402
33.7100000381  170894
33.9059998989  153308
34.1019999981  153082
34.3069999218  151257
34.5050001144  151166
34.7049999237  150565
34.9100000858  150326
35.117000103  146982
35.3269999027  145920
35.5369999409  144838
35.7479999065  144625
35.9560000896  142654
36.1779999733  142283
36.3940000534  142095
36.3970000744  141978
36.6010000706  141671
36.8029999733  140879
37.0  140513
37.2200000286  140291
37.4370000362  140155
59.7850000858  139004
60.0009999275  137719
60.2179999352  137635
60.4279999733  137377
155.440999985  137283
155.660000086  137266
155.877000093  136841
276.858999968  136741
277.085000038  136598
277.345999956  136224
413.088000059  136139
